103 Users
20 Files
1500 Transactions
7 Maximum Connections
1 Cycle Length per Upload-Download
750 Warm-up Transactions
0.400000 Zipf constant
3 Pre-Trusted Users
63 Well-Behaved (Good) Users
36 Purely Malicious Users
0 Feedback Skewing Users
0 Malignant Providing Users
4 Disguised Malicous Users
0 Sybil Attack Users
true Intelligent Trans. Generation
1474142815442 Trace Generation Seed

(0.000000,0.000000,1,false)
(0.000000,0.000000,1,false)
(0.000000,0.000000,1,false)
(0.000000,0.000000,1,false)
(0.000000,0.000000,1,false)
(0.000000,0.000000,1,false)
(0.000000,0.000000,1,false)
(0.000000,0.000000,1,false)
(0.000000,0.000000,1,false)
(0.000000,0.000000,1,false)
(0.000000,0.000000,1,false)
(0.000000,0.000000,1,false)
(0.000000,0.000000,1,false)
(0.000000,0.000000,1,false)
(0.000000,0.000000,1,false)
(0.000000,0.000000,1,false)
(0.000000,0.000000,1,false)
(0.000000,0.000000,1,false)
(0.000000,0.000000,1,false)
(0.000000,0.000000,1,false)
(0.000000,0.000000,1,false)
(0.000000,0.000000,1,false)
(0.000000,0.000000,1,false)
(0.000000,0.000000,1,false)
(0.000000,0.000000,1,false)
(0.000000,0.000000,1,false)
(0.000000,0.000000,1,false)
(0.000000,0.000000,1,false)
(0.000000,0.000000,1,false)
(0.000000,0.000000,1,false)
(0.000000,0.000000,1,false)
(0.000000,0.000000,1,false)
(0.000000,0.000000,1,false)
(0.000000,0.000000,1,false)
(0.000000,0.000000,1,false)
(0.000000,0.000000,1,false)
(1.000000,0.000000,4,false)
(1.000000,0.000000,4,false)
(1.000000,0.000000,4,false)
(1.000000,0.000000,4,false)
(1.000000,1.000000,0,true)
(1.000000,1.000000,0,true)
(1.000000,1.000000,0,true)
(1.000000,1.000000,0,false)
(1.000000,1.000000,0,false)
(1.000000,1.000000,0,false)
(1.000000,1.000000,0,false)
(1.000000,1.000000,0,false)
(1.000000,1.000000,0,false)
(1.000000,1.000000,0,false)
(1.000000,1.000000,0,false)
(1.000000,1.000000,0,false)
(1.000000,1.000000,0,false)
(1.000000,1.000000,0,false)
(1.000000,1.000000,0,false)
(1.000000,1.000000,0,false)
(1.000000,1.000000,0,false)
(1.000000,1.000000,0,false)
(1.000000,1.000000,0,false)
(1.000000,1.000000,0,false)
(1.000000,1.000000,0,false)
(1.000000,1.000000,0,false)
(1.000000,1.000000,0,false)
(1.000000,1.000000,0,false)
(1.000000,1.000000,0,false)
(1.000000,1.000000,0,false)
(1.000000,1.000000,0,false)
(1.000000,1.000000,0,false)
(1.000000,1.000000,0,false)
(1.000000,1.000000,0,false)
(1.000000,1.000000,0,false)
(1.000000,1.000000,0,false)
(1.000000,1.000000,0,false)
(1.000000,1.000000,0,false)
(1.000000,1.000000,0,false)
(1.000000,1.000000,0,false)
(1.000000,1.000000,0,false)
(1.000000,1.000000,0,false)
(1.000000,1.000000,0,false)
(1.000000,1.000000,0,false)
(1.000000,1.000000,0,false)
(1.000000,1.000000,0,false)
(1.000000,1.000000,0,false)
(1.000000,1.000000,0,false)
(1.000000,1.000000,0,false)
(1.000000,1.000000,0,false)
(1.000000,1.000000,0,false)
(1.000000,1.000000,0,false)
(1.000000,1.000000,0,false)
(1.000000,1.000000,0,false)
(1.000000,1.000000,0,false)
(1.000000,1.000000,0,false)
(1.000000,1.000000,0,false)
(1.000000,1.000000,0,false)
(1.000000,1.000000,0,false)
(1.000000,1.000000,0,false)
(1.000000,1.000000,0,false)
(1.000000,1.000000,0,false)
(1.000000,1.000000,0,false)
(1.000000,1.000000,0,false)
(1.000000,1.000000,0,false)
(1.000000,1.000000,0,false)
(1.000000,1.000000,0,false)

(36,0,true)
(37,0,true)
(38,0,true)
(39,0,true)
(0,0,false)
(1,0,false)
(2,0,false)
(3,0,false)
(4,0,false)
(5,0,false)
(6,0,false)
(7,0,false)
(8,0,false)
(9,0,false)
(10,0,false)
(11,0,false)
(12,0,false)
(13,0,false)
(14,0,false)
(15,0,false)
(16,0,false)
(17,0,false)
(18,0,false)
(19,0,false)
(20,0,false)
(21,0,false)
(22,0,false)
(23,0,false)
(24,0,false)
(25,0,false)
(26,0,false)
(27,0,false)
(28,0,false)
(29,0,false)
(30,0,false)
(31,0,false)
(32,0,false)
(33,0,false)
(34,0,false)
(35,0,false)
(40,0,true)
(62,0,true)
(41,0,true)
(43,0,true)
(44,0,true)
(46,0,true)
(52,0,true)
(54,0,true)
(55,0,true)
(56,0,true)
(58,0,true)
(60,0,true)
(61,0,true)
(65,0,true)
(66,0,true)
(67,0,true)
(68,0,true)
(69,0,true)
(71,0,true)
(73,0,true)
(74,0,true)
(76,0,true)
(77,0,true)
(78,0,true)
(79,0,true)
(81,0,true)
(83,0,true)
(84,0,true)
(85,0,true)
(86,0,true)
(87,0,true)
(88,0,true)
(89,0,true)
(90,0,true)
(91,0,true)
(92,0,true)
(94,0,true)
(95,0,true)
(98,0,true)
(99,0,true)
(100,0,true)
(101,0,true)
(102,0,true)
(36,1,true)
(37,1,true)
(38,1,true)
(39,1,true)
(0,1,false)
(1,1,false)
(2,1,false)
(3,1,false)
(4,1,false)
(5,1,false)
(6,1,false)
(7,1,false)
(8,1,false)
(9,1,false)
(10,1,false)
(11,1,false)
(12,1,false)
(13,1,false)
(14,1,false)
(15,1,false)
(16,1,false)
(17,1,false)
(18,1,false)
(19,1,false)
(20,1,false)
(21,1,false)
(22,1,false)
(23,1,false)
(24,1,false)
(25,1,false)
(26,1,false)
(27,1,false)
(28,1,false)
(29,1,false)
(30,1,false)
(31,1,false)
(32,1,false)
(33,1,false)
(34,1,false)
(35,1,false)
(41,1,true)
(69,1,true)
(47,1,true)
(49,1,true)
(51,1,true)
(57,1,true)
(60,1,true)
(61,1,true)
(65,1,true)
(66,1,true)
(67,1,true)
(68,1,true)
(71,1,true)
(72,1,true)
(73,1,true)
(74,1,true)
(77,1,true)
(78,1,true)
(80,1,true)
(81,1,true)
(82,1,true)
(84,1,true)
(88,1,true)
(89,1,true)
(90,1,true)
(91,1,true)
(94,1,true)
(95,1,true)
(96,1,true)
(97,1,true)
(100,1,true)
(101,1,true)
(36,2,true)
(37,2,true)
(38,2,true)
(39,2,true)
(0,2,false)
(1,2,false)
(2,2,false)
(3,2,false)
(4,2,false)
(5,2,false)
(6,2,false)
(7,2,false)
(8,2,false)
(9,2,false)
(10,2,false)
(11,2,false)
(12,2,false)
(13,2,false)
(14,2,false)
(15,2,false)
(16,2,false)
(17,2,false)
(18,2,false)
(19,2,false)
(20,2,false)
(21,2,false)
(22,2,false)
(23,2,false)
(24,2,false)
(25,2,false)
(26,2,false)
(27,2,false)
(28,2,false)
(29,2,false)
(30,2,false)
(31,2,false)
(32,2,false)
(33,2,false)
(34,2,false)
(35,2,false)
(42,2,true)
(64,2,true)
(40,2,true)
(63,2,true)
(80,2,true)
(87,2,true)
(98,2,true)
(102,2,true)
(36,3,true)
(37,3,true)
(38,3,true)
(39,3,true)
(0,3,false)
(1,3,false)
(2,3,false)
(3,3,false)
(4,3,false)
(5,3,false)
(6,3,false)
(7,3,false)
(8,3,false)
(9,3,false)
(10,3,false)
(11,3,false)
(12,3,false)
(13,3,false)
(14,3,false)
(15,3,false)
(16,3,false)
(17,3,false)
(18,3,false)
(19,3,false)
(20,3,false)
(21,3,false)
(22,3,false)
(23,3,false)
(24,3,false)
(25,3,false)
(26,3,false)
(27,3,false)
(28,3,false)
(29,3,false)
(30,3,false)
(31,3,false)
(32,3,false)
(33,3,false)
(34,3,false)
(35,3,false)
(43,3,true)
(79,3,true)
(45,3,true)
(63,3,true)
(82,3,true)
(93,3,true)
(97,3,true)
(36,4,true)
(37,4,true)
(38,4,true)
(39,4,true)
(0,4,false)
(1,4,false)
(2,4,false)
(3,4,false)
(4,4,false)
(5,4,false)
(6,4,false)
(7,4,false)
(8,4,false)
(9,4,false)
(10,4,false)
(11,4,false)
(12,4,false)
(13,4,false)
(14,4,false)
(15,4,false)
(16,4,false)
(17,4,false)
(18,4,false)
(19,4,false)
(20,4,false)
(21,4,false)
(22,4,false)
(23,4,false)
(24,4,false)
(25,4,false)
(26,4,false)
(27,4,false)
(28,4,false)
(29,4,false)
(30,4,false)
(31,4,false)
(32,4,false)
(33,4,false)
(34,4,false)
(35,4,false)
(44,4,true)
(96,4,true)
(48,4,true)
(72,4,true)
(92,4,true)
(93,4,true)
(36,5,true)
(37,5,true)
(38,5,true)
(39,5,true)
(0,5,false)
(1,5,false)
(2,5,false)
(3,5,false)
(4,5,false)
(5,5,false)
(6,5,false)
(7,5,false)
(8,5,false)
(9,5,false)
(10,5,false)
(11,5,false)
(12,5,false)
(13,5,false)
(14,5,false)
(15,5,false)
(16,5,false)
(17,5,false)
(18,5,false)
(19,5,false)
(20,5,false)
(21,5,false)
(22,5,false)
(23,5,false)
(24,5,false)
(25,5,false)
(26,5,false)
(27,5,false)
(28,5,false)
(29,5,false)
(30,5,false)
(31,5,false)
(32,5,false)
(33,5,false)
(34,5,false)
(35,5,false)
(45,5,true)
(76,5,true)
(36,6,true)
(37,6,true)
(38,6,true)
(39,6,true)
(0,6,false)
(1,6,false)
(2,6,false)
(3,6,false)
(4,6,false)
(5,6,false)
(6,6,false)
(7,6,false)
(8,6,false)
(9,6,false)
(10,6,false)
(11,6,false)
(12,6,false)
(13,6,false)
(14,6,false)
(15,6,false)
(16,6,false)
(17,6,false)
(18,6,false)
(19,6,false)
(20,6,false)
(21,6,false)
(22,6,false)
(23,6,false)
(24,6,false)
(25,6,false)
(26,6,false)
(27,6,false)
(28,6,false)
(29,6,false)
(30,6,false)
(31,6,false)
(32,6,false)
(33,6,false)
(34,6,false)
(35,6,false)
(46,6,true)
(70,6,true)
(36,7,true)
(37,7,true)
(38,7,true)
(39,7,true)
(0,7,false)
(1,7,false)
(2,7,false)
(3,7,false)
(4,7,false)
(5,7,false)
(6,7,false)
(7,7,false)
(8,7,false)
(9,7,false)
(10,7,false)
(11,7,false)
(12,7,false)
(13,7,false)
(14,7,false)
(15,7,false)
(16,7,false)
(17,7,false)
(18,7,false)
(19,7,false)
(20,7,false)
(21,7,false)
(22,7,false)
(23,7,false)
(24,7,false)
(25,7,false)
(26,7,false)
(27,7,false)
(28,7,false)
(29,7,false)
(30,7,false)
(31,7,false)
(32,7,false)
(33,7,false)
(34,7,false)
(35,7,false)
(47,7,true)
(59,7,true)
(36,8,true)
(37,8,true)
(38,8,true)
(39,8,true)
(0,8,false)
(1,8,false)
(2,8,false)
(3,8,false)
(4,8,false)
(5,8,false)
(6,8,false)
(7,8,false)
(8,8,false)
(9,8,false)
(10,8,false)
(11,8,false)
(12,8,false)
(13,8,false)
(14,8,false)
(15,8,false)
(16,8,false)
(17,8,false)
(18,8,false)
(19,8,false)
(20,8,false)
(21,8,false)
(22,8,false)
(23,8,false)
(24,8,false)
(25,8,false)
(26,8,false)
(27,8,false)
(28,8,false)
(29,8,false)
(30,8,false)
(31,8,false)
(32,8,false)
(33,8,false)
(34,8,false)
(35,8,false)
(48,8,true)
(85,8,true)
(36,9,true)
(37,9,true)
(38,9,true)
(39,9,true)
(0,9,false)
(1,9,false)
(2,9,false)
(3,9,false)
(4,9,false)
(5,9,false)
(6,9,false)
(7,9,false)
(8,9,false)
(9,9,false)
(10,9,false)
(11,9,false)
(12,9,false)
(13,9,false)
(14,9,false)
(15,9,false)
(16,9,false)
(17,9,false)
(18,9,false)
(19,9,false)
(20,9,false)
(21,9,false)
(22,9,false)
(23,9,false)
(24,9,false)
(25,9,false)
(26,9,false)
(27,9,false)
(28,9,false)
(29,9,false)
(30,9,false)
(31,9,false)
(32,9,false)
(33,9,false)
(34,9,false)
(35,9,false)
(49,9,true)
(86,9,true)
(36,10,true)
(37,10,true)
(38,10,true)
(39,10,true)
(0,10,false)
(1,10,false)
(2,10,false)
(3,10,false)
(4,10,false)
(5,10,false)
(6,10,false)
(7,10,false)
(8,10,false)
(9,10,false)
(10,10,false)
(11,10,false)
(12,10,false)
(13,10,false)
(14,10,false)
(15,10,false)
(16,10,false)
(17,10,false)
(18,10,false)
(19,10,false)
(20,10,false)
(21,10,false)
(22,10,false)
(23,10,false)
(24,10,false)
(25,10,false)
(26,10,false)
(27,10,false)
(28,10,false)
(29,10,false)
(30,10,false)
(31,10,false)
(32,10,false)
(33,10,false)
(34,10,false)
(35,10,false)
(50,10,true)
(62,10,true)
(36,11,true)
(37,11,true)
(38,11,true)
(39,11,true)
(0,11,false)
(1,11,false)
(2,11,false)
(3,11,false)
(4,11,false)
(5,11,false)
(6,11,false)
(7,11,false)
(8,11,false)
(9,11,false)
(10,11,false)
(11,11,false)
(12,11,false)
(13,11,false)
(14,11,false)
(15,11,false)
(16,11,false)
(17,11,false)
(18,11,false)
(19,11,false)
(20,11,false)
(21,11,false)
(22,11,false)
(23,11,false)
(24,11,false)
(25,11,false)
(26,11,false)
(27,11,false)
(28,11,false)
(29,11,false)
(30,11,false)
(31,11,false)
(32,11,false)
(33,11,false)
(34,11,false)
(35,11,false)
(51,11,true)
(70,11,true)
(36,12,true)
(37,12,true)
(38,12,true)
(39,12,true)
(0,12,false)
(1,12,false)
(2,12,false)
(3,12,false)
(4,12,false)
(5,12,false)
(6,12,false)
(7,12,false)
(8,12,false)
(9,12,false)
(10,12,false)
(11,12,false)
(12,12,false)
(13,12,false)
(14,12,false)
(15,12,false)
(16,12,false)
(17,12,false)
(18,12,false)
(19,12,false)
(20,12,false)
(21,12,false)
(22,12,false)
(23,12,false)
(24,12,false)
(25,12,false)
(26,12,false)
(27,12,false)
(28,12,false)
(29,12,false)
(30,12,false)
(31,12,false)
(32,12,false)
(33,12,false)
(34,12,false)
(35,12,false)
(52,12,true)
(83,12,true)
(36,13,true)
(37,13,true)
(38,13,true)
(39,13,true)
(0,13,false)
(1,13,false)
(2,13,false)
(3,13,false)
(4,13,false)
(5,13,false)
(6,13,false)
(7,13,false)
(8,13,false)
(9,13,false)
(10,13,false)
(11,13,false)
(12,13,false)
(13,13,false)
(14,13,false)
(15,13,false)
(16,13,false)
(17,13,false)
(18,13,false)
(19,13,false)
(20,13,false)
(21,13,false)
(22,13,false)
(23,13,false)
(24,13,false)
(25,13,false)
(26,13,false)
(27,13,false)
(28,13,false)
(29,13,false)
(30,13,false)
(31,13,false)
(32,13,false)
(33,13,false)
(34,13,false)
(35,13,false)
(53,13,true)
(75,13,true)
(36,14,true)
(37,14,true)
(38,14,true)
(39,14,true)
(0,14,false)
(1,14,false)
(2,14,false)
(3,14,false)
(4,14,false)
(5,14,false)
(6,14,false)
(7,14,false)
(8,14,false)
(9,14,false)
(10,14,false)
(11,14,false)
(12,14,false)
(13,14,false)
(14,14,false)
(15,14,false)
(16,14,false)
(17,14,false)
(18,14,false)
(19,14,false)
(20,14,false)
(21,14,false)
(22,14,false)
(23,14,false)
(24,14,false)
(25,14,false)
(26,14,false)
(27,14,false)
(28,14,false)
(29,14,false)
(30,14,false)
(31,14,false)
(32,14,false)
(33,14,false)
(34,14,false)
(35,14,false)
(54,14,true)
(50,14,true)
(36,15,true)
(37,15,true)
(38,15,true)
(39,15,true)
(0,15,false)
(1,15,false)
(2,15,false)
(3,15,false)
(4,15,false)
(5,15,false)
(6,15,false)
(7,15,false)
(8,15,false)
(9,15,false)
(10,15,false)
(11,15,false)
(12,15,false)
(13,15,false)
(14,15,false)
(15,15,false)
(16,15,false)
(17,15,false)
(18,15,false)
(19,15,false)
(20,15,false)
(21,15,false)
(22,15,false)
(23,15,false)
(24,15,false)
(25,15,false)
(26,15,false)
(27,15,false)
(28,15,false)
(29,15,false)
(30,15,false)
(31,15,false)
(32,15,false)
(33,15,false)
(34,15,false)
(35,15,false)
(55,15,true)
(75,15,true)
(36,16,true)
(37,16,true)
(38,16,true)
(39,16,true)
(0,16,false)
(1,16,false)
(2,16,false)
(3,16,false)
(4,16,false)
(5,16,false)
(6,16,false)
(7,16,false)
(8,16,false)
(9,16,false)
(10,16,false)
(11,16,false)
(12,16,false)
(13,16,false)
(14,16,false)
(15,16,false)
(16,16,false)
(17,16,false)
(18,16,false)
(19,16,false)
(20,16,false)
(21,16,false)
(22,16,false)
(23,16,false)
(24,16,false)
(25,16,false)
(26,16,false)
(27,16,false)
(28,16,false)
(29,16,false)
(30,16,false)
(31,16,false)
(32,16,false)
(33,16,false)
(34,16,false)
(35,16,false)
(56,16,true)
(42,16,true)
(36,17,true)
(37,17,true)
(38,17,true)
(39,17,true)
(0,17,false)
(1,17,false)
(2,17,false)
(3,17,false)
(4,17,false)
(5,17,false)
(6,17,false)
(7,17,false)
(8,17,false)
(9,17,false)
(10,17,false)
(11,17,false)
(12,17,false)
(13,17,false)
(14,17,false)
(15,17,false)
(16,17,false)
(17,17,false)
(18,17,false)
(19,17,false)
(20,17,false)
(21,17,false)
(22,17,false)
(23,17,false)
(24,17,false)
(25,17,false)
(26,17,false)
(27,17,false)
(28,17,false)
(29,17,false)
(30,17,false)
(31,17,false)
(32,17,false)
(33,17,false)
(34,17,false)
(35,17,false)
(57,17,true)
(64,17,true)
(36,18,true)
(37,18,true)
(38,18,true)
(39,18,true)
(0,18,false)
(1,18,false)
(2,18,false)
(3,18,false)
(4,18,false)
(5,18,false)
(6,18,false)
(7,18,false)
(8,18,false)
(9,18,false)
(10,18,false)
(11,18,false)
(12,18,false)
(13,18,false)
(14,18,false)
(15,18,false)
(16,18,false)
(17,18,false)
(18,18,false)
(19,18,false)
(20,18,false)
(21,18,false)
(22,18,false)
(23,18,false)
(24,18,false)
(25,18,false)
(26,18,false)
(27,18,false)
(28,18,false)
(29,18,false)
(30,18,false)
(31,18,false)
(32,18,false)
(33,18,false)
(34,18,false)
(35,18,false)
(58,18,true)
(99,18,true)
(36,19,true)
(37,19,true)
(38,19,true)
(39,19,true)
(0,19,false)
(1,19,false)
(2,19,false)
(3,19,false)
(4,19,false)
(5,19,false)
(6,19,false)
(7,19,false)
(8,19,false)
(9,19,false)
(10,19,false)
(11,19,false)
(12,19,false)
(13,19,false)
(14,19,false)
(15,19,false)
(16,19,false)
(17,19,false)
(18,19,false)
(19,19,false)
(20,19,false)
(21,19,false)
(22,19,false)
(23,19,false)
(24,19,false)
(25,19,false)
(26,19,false)
(27,19,false)
(28,19,false)
(29,19,false)
(30,19,false)
(31,19,false)
(32,19,false)
(33,19,false)
(34,19,false)
(35,19,false)
(59,19,true)
(53,19,true)

0,-1,-1,1,-1,1,-1,1,-1,-1,1,-1,-1,1,-1,-1,-1,-1,-1,-1,-1,-1,-1,-1,1,-1,-1,-1,1,-1,-1,-1,1,1,-1,-1,-1,-1,-1,-1,1,-1,-1,-1,-1,1,-1,-1,-1,-1,-1,-1,-1,-1,-1,1,-1,-1,-1,-1,-1,-1,-1,-1,-1,-1,-1,1,-1,-1,-1,-1,-1,-1,-1,-1,-1,-1,-1,-1,-1,-1,-1,1,-1,-1,-1,-1,-1,-1,1,-1,-1,-1,-1,-1,-1,-1,-1,-1,1,-1,-1,
-1,0,-1,-1,-1,1,-1,-1,1,-1,-1,1,-1,-1,-1,-1,-1,-1,1,-1,-1,1,-1,1,-1,-1,-1,-1,-1,-1,-1,-1,-1,-1,-1,-1,-1,-1,-1,-1,-1,-1,1,-1,-1,-1,-1,-1,1,-1,-1,-1,1,-1,-1,-1,-1,-1,-1,-1,-1,-1,-1,-1,-1,-1,-1,-1,-1,-1,-1,1,-1,-1,-1,-1,-1,-1,-1,-1,-1,-1,-1,-1,-1,-1,1,1,-1,-1,-1,-1,-1,-1,-1,1,-1,-1,-1,1,-1,-1,-1,
-1,-1,0,-1,-1,1,-1,-1,-1,-1,-1,-1,1,-1,1,1,-1,-1,1,-1,-1,-1,-1,1,-1,-1,-1,-1,-1,-1,-1,-1,-1,1,-1,-1,-1,1,-1,-1,-1,-1,-1,-1,-1,-1,-1,-1,-1,-1,-1,-1,-1,-1,-1,-1,-1,-1,-1,-1,-1,-1,-1,-1,-1,-1,-1,-1,-1,-1,-1,-1,-1,-1,-1,-1,-1,-1,-1,1,-1,1,-1,-1,-1,-1,-1,-1,-1,1,-1,-1,-1,-1,-1,-1,-1,-1,-1,-1,-1,-1,1,
1,-1,-1,0,-1,-1,-1,-1,-1,-1,-1,-1,1,-1,-1,-1,-1,-1,-1,-1,1,-1,-1,-1,-1,-1,1,-1,-1,-1,-1,-1,-1,1,-1,-1,-1,1,-1,-1,1,-1,-1,-1,1,-1,-1,-1,1,-1,-1,-1,-1,-1,-1,-1,1,-1,-1,-1,-1,-1,-1,-1,-1,1,-1,-1,-1,-1,-1,-1,-1,-1,-1,-1,-1,-1,-1,-1,-1,-1,-1,-1,-1,-1,-1,-1,-1,-1,-1,-1,-1,-1,-1,-1,-1,-1,1,-1,-1,-1,-1,
-1,-1,-1,-1,0,-1,-1,-1,-1,-1,-1,1,-1,-1,-1,-1,-1,-1,-1,-1,-1,-1,-1,-1,-1,-1,-1,-1,1,-1,-1,-1,-1,-1,-1,1,-1,-1,-1,-1,-1,-1,-1,-1,-1,-1,-1,-1,-1,-1,1,-1,-1,-1,-1,-1,-1,-1,-1,-1,-1,-1,1,-1,-1,-1,-1,1,1,-1,-1,-1,-1,-1,-1,-1,-1,-1,-1,-1,1,-1,1,-1,-1,-1,-1,-1,-1,1,-1,-1,-1,-1,-1,1,-1,-1,-1,1,-1,-1,-1,
1,1,1,-1,-1,0,1,-1,-1,-1,-1,-1,-1,-1,-1,-1,1,1,-1,-1,-1,-1,-1,1,-1,-1,-1,-1,-1,-1,1,-1,-1,-1,1,-1,-1,1,1,-1,-1,-1,-1,1,-1,-1,-1,-1,-1,-1,-1,-1,-1,-1,-1,-1,-1,-1,-1,-1,-1,-1,-1,-1,-1,-1,-1,-1,-1,-1,-1,-1,-1,-1,-1,-1,-1,-1,-1,-1,-1,-1,-1,-1,1,-1,-1,-1,-1,-1,-1,-1,-1,-1,-1,-1,-1,-1,-1,-1,-1,-1,-1,
-1,-1,-1,-1,-1,1,0,1,-1,-1,1,-1,1,-1,-1,-1,-1,-1,1,-1,-1,-1,-1,-1,-1,1,-1,1,-1,-1,-1,-1,1,-1,-1,-1,-1,-1,-1,1,-1,-1,-1,-1,-1,-1,-1,-1,-1,-1,-1,-1,1,-1,-1,-1,-1,-1,1,-1,-1,-1,-1,-1,-1,-1,-1,-1,-1,-1,-1,-1,-1,1,-1,-1,-1,-1,-1,1,-1,-1,-1,-1,-1,-1,-1,-1,-1,-1,-1,-1,-1,-1,-1,-1,-1,-1,-1,-1,-1,-1,-1,
1,-1,-1,-1,-1,-1,1,0,-1,-1,1,-1,1,-1,-1,1,-1,-1,-1,-1,-1,1,-1,-1,-1,-1,-1,-1,-1,-1,-1,-1,-1,-1,-1,-1,1,-1,-1,-1,-1,-1,-1,-1,-1,-1,-1,-1,-1,-1,-1,-1,-1,-1,-1,-1,-1,-1,-1,-1,-1,-1,-1,-1,1,-1,1,-1,-1,-1,-1,-1,-1,-1,-1,-1,-1,-1,-1,-1,-1,-1,-1,-1,-1,-1,-1,-1,-1,1,1,-1,-1,-1,-1,-1,-1,-1,-1,-1,-1,-1,-1,
-1,1,-1,-1,-1,-1,-1,-1,0,-1,-1,-1,-1,1,1,-1,-1,-1,-1,-1,-1,-1,-1,-1,1,-1,1,-1,-1,1,-1,1,-1,-1,1,-1,-1,-1,-1,-1,-1,-1,1,1,-1,-1,-1,-1,-1,-1,-1,-1,-1,-1,1,-1,-1,-1,-1,-1,-1,-1,1,-1,-1,-1,-1,-1,-1,-1,-1,-1,-1,-1,-1,-1,-1,-1,-1,-1,-1,-1,-1,-1,-1,-1,-1,-1,-1,-1,-1,-1,-1,-1,-1,-1,-1,-1,-1,-1,-1,1,-1,
-1,-1,-1,-1,-1,-1,-1,-1,-1,0,-1,-1,-1,-1,-1,-1,1,-1,1,-1,-1,-1,-1,-1,-1,-1,-1,-1,-1,-1,-1,-1,-1,-1,1,-1,-1,-1,-1,-1,-1,-1,-1,-1,-1,-1,-1,-1,-1,-1,-1,1,-1,-1,-1,-1,-1,-1,-1,-1,-1,-1,-1,-1,-1,-1,1,1,-1,-1,1,-1,-1,-1,-1,-1,-1,-1,-1,1,-1,-1,-1,-1,1,-1,1,-1,-1,-1,-1,-1,-1,1,-1,-1,-1,-1,-1,-1,-1,-1,-1,
1,-1,-1,-1,-1,-1,1,1,-1,-1,0,-1,-1,-1,-1,-1,-1,-1,-1,-1,-1,-1,1,-1,-1,-1,1,-1,-1,-1,-1,-1,-1,-1,-1,-1,-1,-1,1,1,-1,-1,-1,-1,-1,-1,-1,1,-1,-1,-1,-1,-1,-1,-1,-1,-1,-1,-1,-1,-1,-1,1,-1,-1,-1,-1,-1,-1,-1,-1,-1,-1,-1,-1,-1,-1,-1,-1,-1,-1,-1,-1,-1,-1,-1,-1,-1,-1,1,-1,-1,-1,-1,-1,-1,-1,-1,-1,-1,-1,-1,-1,
-1,1,-1,-1,1,-1,-1,-1,-1,-1,-1,0,1,-1,-1,-1,-1,-1,-1,-1,-1,-1,1,-1,-1,-1,1,1,1,-1,-1,-1,-1,-1,-1,-1,-1,-1,-1,1,-1,-1,-1,-1,-1,-1,-1,-1,-1,-1,-1,-1,-1,1,-1,-1,-1,-1,-1,-1,-1,-1,-1,-1,-1,-1,-1,-1,-1,-1,-1,-1,-1,-1,-1,-1,-1,-1,-1,-1,-1,1,-1,-1,-1,-1,-1,-1,-1,-1,1,-1,-1,-1,-1,-1,-1,-1,-1,-1,-1,-1,-1,
-1,-1,1,1,-1,-1,1,1,-1,-1,-1,1,0,1,-1,-1,-1,-1,-1,-1,-1,-1,-1,-1,-1,-1,-1,-1,-1,1,-1,-1,-1,-1,-1,-1,-1,-1,-1,1,-1,-1,-1,-1,-1,-1,-1,-1,-1,-1,-1,-1,-1,-1,-1,-1,-1,-1,-1,1,-1,-1,1,-1,-1,-1,-1,-1,-1,-1,-1,-1,-1,-1,-1,-1,-1,-1,-1,-1,-1,-1,-1,-1,1,-1,-1,-1,-1,-1,-1,-1,-1,-1,-1,-1,-1,-1,1,-1,-1,-1,-1,
1,-1,-1,-1,-1,-1,-1,-1,1,-1,-1,-1,1,0,-1,1,-1,1,-1,-1,-1,-1,-1,-1,-1,-1,-1,-1,-1,-1,-1,-1,-1,-1,-1,-1,-1,-1,-1,-1,-1,-1,1,-1,-1,-1,-1,-1,-1,1,-1,-1,-1,-1,-1,-1,-1,-1,-1,-1,-1,-1,-1,-1,1,-1,-1,-1,-1,-1,-1,-1,-1,-1,-1,-1,-1,1,-1,-1,-1,-1,-1,-1,-1,-1,1,-1,-1,-1,-1,1,-1,-1,-1,-1,-1,-1,-1,-1,-1,-1,-1,
-1,-1,1,-1,-1,-1,-1,-1,1,-1,-1,-1,-1,-1,0,1,-1,-1,1,-1,-1,-1,-1,-1,-1,1,-1,-1,-1,-1,1,-1,-1,-1,-1,-1,-1,-1,1,-1,-1,-1,-1,-1,-1,-1,-1,-1,-1,-1,-1,-1,-1,-1,1,-1,-1,-1,1,-1,-1,-1,-1,-1,-1,-1,-1,-1,-1,-1,-1,-1,-1,-1,1,-1,-1,-1,-1,1,-1,-1,-1,-1,-1,1,-1,-1,-1,1,-1,-1,-1,1,-1,-1,-1,-1,-1,-1,-1,-1,-1,
-1,-1,1,-1,-1,-1,-1,1,-1,-1,-1,-1,-1,1,1,0,1,-1,-1,-1,1,-1,-1,-1,-1,1,-1,1,-1,-1,-1,-1,-1,-1,1,-1,-1,1,-1,-1,-1,1,-1,-1,-1,-1,-1,-1,-1,-1,-1,-1,-1,-1,-1,-1,-1,-1,-1,-1,-1,-1,-1,-1,-1,-1,-1,-1,-1,-1,-1,1,-1,-1,-1,-1,-1,-1,-1,-1,-1,-1,-1,1,-1,-1,-1,-1,-1,-1,1,-1,-1,-1,-1,-1,-1,-1,-1,-1,-1,-1,-1,
-1,-1,-1,-1,-1,1,-1,-1,-1,1,-1,-1,-1,-1,-1,1,0,-1,-1,-1,1,-1,-1,-1,-1,-1,-1,1,-1,-1,-1,-1,-1,-1,-1,-1,-1,-1,-1,1,1,-1,-1,-1,-1,-1,-1,1,-1,-1,1,-1,-1,-1,-1,-1,-1,-1,-1,-1,-1,-1,1,-1,-1,-1,-1,-1,-1,-1,-1,-1,-1,-1,-1,-1,-1,-1,-1,-1,-1,-1,-1,-1,-1,-1,-1,-1,-1,-1,-1,-1,-1,-1,-1,-1,-1,-1,-1,-1,1,-1,1,
-1,-1,-1,-1,-1,1,-1,-1,-1,-1,-1,-1,-1,1,-1,-1,-1,0,-1,-1,-1,-1,-1,-1,-1,-1,1,-1,-1,1,-1,-1,-1,1,-1,-1,1,1,-1,-1,1,1,-1,-1,-1,-1,-1,-1,-1,-1,-1,-1,-1,-1,-1,-1,-1,-1,-1,-1,-1,-1,-1,-1,-1,1,-1,-1,-1,-1,-1,-1,-1,-1,-1,1,-1,-1,-1,-1,-1,-1,-1,-1,-1,-1,1,-1,-1,-1,-1,-1,-1,-1,-1,-1,-1,-1,-1,-1,-1,-1,-1,
-1,1,1,-1,-1,-1,1,-1,-1,1,-1,-1,-1,-1,1,-1,-1,-1,0,-1,-1,-1,-1,-1,-1,-1,-1,-1,1,-1,-1,-1,-1,-1,-1,-1,-1,-1,-1,-1,-1,-1,-1,-1,-1,-1,-1,-1,-1,1,-1,1,-1,-1,-1,-1,-1,-1,-1,-1,-1,-1,-1,-1,-1,1,-1,-1,-1,-1,-1,-1,-1,-1,-1,-1,-1,-1,-1,-1,-1,1,-1,-1,-1,-1,-1,-1,-1,-1,-1,-1,-1,-1,-1,-1,-1,-1,-1,-1,-1,-1,-1,
-1,-1,-1,-1,-1,-1,-1,-1,-1,-1,-1,-1,-1,-1,-1,-1,-1,-1,-1,0,-1,-1,1,-1,-1,-1,-1,-1,-1,-1,1,-1,-1,1,-1,-1,-1,-1,-1,-1,1,-1,-1,-1,1,-1,-1,-1,-1,-1,1,-1,-1,-1,-1,-1,-1,-1,1,-1,-1,-1,-1,-1,-1,-1,-1,-1,-1,-1,-1,-1,-1,-1,-1,-1,-1,-1,-1,-1,-1,-1,-1,-1,-1,-1,-1,1,-1,-1,-1,1,-1,-1,-1,-1,-1,-1,-1,1,-1,-1,1,
-1,-1,-1,1,-1,-1,-1,-1,-1,-1,-1,-1,-1,-1,-1,1,1,-1,-1,-1,0,-1,-1,-1,-1,-1,-1,-1,-1,1,-1,-1,-1,-1,1,1,-1,-1,-1,-1,1,-1,-1,-1,-1,-1,-1,1,-1,-1,1,-1,-1,-1,-1,-1,-1,-1,-1,1,-1,-1,-1,-1,-1,-1,-1,-1,-1,-1,-1,-1,-1,-1,-1,-1,-1,-1,-1,-1,-1,-1,-1,-1,-1,-1,1,-1,-1,-1,-1,-1,-1,-1,-1,1,-1,-1,-1,-1,-1,-1,1,
-1,1,-1,-1,-1,-1,-1,1,-1,-1,-1,-1,-1,-1,-1,-1,-1,-1,-1,-1,-1,0,-1,-1,-1,-1,-1,-1,-1,-1,-1,-1,-1,1,-1,-1,-1,1,-1,-1,-1,-1,1,-1,-1,-1,-1,-1,-1,1,-1,-1,-1,-1,-1,1,-1,-1,-1,-1,-1,-1,-1,-1,-1,-1,-1,-1,-1,-1,-1,-1,-1,-1,-1,-1,-1,-1,-1,-1,-1,1,-1,-1,-1,-1,1,-1,-1,1,-1,-1,-1,-1,-1,-1,1,-1,-1,-1,-1,-1,-1,
-1,-1,-1,-1,-1,-1,-1,-1,-1,-1,1,1,-1,-1,-1,-1,-1,-1,-1,1,-1,-1,0,-1,1,-1,-1,-1,-1,-1,-1,1,-1,-1,-1,-1,-1,-1,-1,-1,-1,-1,1,1,-1,-1,-1,-1,-1,-1,-1,-1,-1,-1,-1,-1,1,-1,-1,-1,-1,-1,-1,-1,-1,-1,-1,-1,-1,-1,-1,-1,1,-1,-1,-1,-1,1,-1,-1,-1,-1,-1,-1,-1,-1,-1,-1,-1,-1,-1,-1,1,-1,-1,-1,1,-1,-1,-1,-1,-1,-1,
-1,1,1,-1,-1,1,-1,-1,-1,-1,-1,-1,-1,-1,-1,-1,-1,-1,-1,-1,-1,-1,-1,0,-1,1,-1,-1,-1,-1,-1,-1,1,-1,-1,-1,1,-1,-1,1,-1,-1,-1,-1,-1,1,-1,-1,-1,-1,-1,1,-1,-1,-1,-1,-1,-1,-1,-1,-1,-1,-1,-1,-1,-1,-1,-1,-1,-1,1,-1,-1,-1,-1,1,-1,-1,-1,-1,-1,1,-1,-1,-1,-1,-1,-1,-1,-1,-1,-1,-1,-1,-1,-1,-1,-1,-1,-1,-1,-1,-1,
1,-1,-1,-1,-1,-1,-1,-1,1,-1,-1,-1,-1,-1,-1,-1,-1,-1,-1,-1,-1,-1,1,-1,0,-1,-1,-1,-1,-1,-1,-1,-1,-1,1,-1,-1,-1,-1,-1,-1,-1,-1,-1,-1,-1,-1,-1,-1,-1,1,-1,-1,-1,1,-1,-1,-1,-1,-1,-1,-1,-1,-1,-1,-1,-1,-1,-1,-1,-1,-1,-1,-1,-1,-1,-1,1,-1,-1,1,-1,-1,-1,-1,1,-1,-1,-1,-1,-1,-1,1,-1,-1,-1,-1,-1,-1,-1,-1,-1,-1,
-1,-1,-1,-1,-1,-1,1,-1,-1,-1,-1,-1,-1,-1,1,1,-1,-1,-1,-1,-1,-1,-1,1,-1,0,-1,-1,-1,-1,-1,-1,-1,-1,-1,-1,-1,-1,-1,-1,-1,1,1,-1,-1,-1,-1,-1,-1,-1,-1,-1,-1,-1,-1,-1,-1,-1,-1,-1,1,-1,1,-1,1,-1,-1,-1,-1,-1,-1,-1,1,-1,-1,-1,-1,-1,-1,-1,-1,-1,-1,-1,-1,-1,-1,-1,-1,-1,-1,-1,-1,-1,-1,-1,-1,-1,-1,-1,-1,-1,-1,
-1,-1,-1,1,-1,-1,-1,-1,1,-1,1,1,-1,-1,-1,-1,-1,1,-1,-1,-1,-1,-1,-1,-1,-1,0,-1,1,-1,-1,-1,1,-1,-1,-1,-1,-1,-1,-1,-1,-1,-1,1,-1,-1,-1,-1,-1,-1,-1,-1,-1,-1,-1,-1,-1,-1,-1,-1,-1,-1,-1,1,-1,-1,-1,-1,-1,-1,-1,-1,-1,-1,-1,-1,-1,-1,-1,-1,-1,-1,-1,-1,-1,-1,-1,-1,-1,-1,-1,1,-1,-1,-1,-1,-1,-1,-1,-1,-1,-1,-1,
-1,-1,-1,-1,-1,-1,1,-1,-1,-1,-1,1,-1,-1,-1,1,1,-1,-1,-1,-1,-1,-1,-1,-1,-1,-1,0,-1,-1,-1,-1,-1,-1,-1,-1,-1,-1,-1,1,1,-1,1,-1,-1,-1,-1,-1,-1,-1,1,1,-1,-1,-1,-1,-1,-1,1,-1,-1,-1,-1,-1,-1,-1,-1,-1,-1,-1,-1,-1,-1,-1,-1,-1,-1,-1,-1,-1,1,-1,-1,-1,-1,-1,-1,-1,-1,-1,-1,-1,-1,-1,-1,-1,-1,-1,-1,-1,-1,-1,-1,
1,-1,-1,-1,1,-1,-1,-1,-1,-1,-1,1,-1,-1,-1,-1,-1,-1,1,-1,-1,-1,-1,-1,-1,-1,1,-1,0,-1,-1,1,-1,1,-1,-1,-1,-1,-1,-1,-1,-1,1,-1,-1,-1,-1,-1,-1,-1,-1,-1,-1,-1,-1,-1,-1,1,-1,-1,-1,1,-1,-1,1,-1,-1,-1,-1,-1,1,-1,-1,-1,-1,-1,-1,-1,-1,-1,-1,-1,-1,-1,-1,-1,-1,-1,-1,-1,-1,-1,-1,-1,-1,-1,-1,-1,-1,-1,-1,-1,-1,
-1,-1,-1,-1,-1,-1,-1,-1,1,-1,-1,-1,1,-1,-1,-1,-1,1,-1,-1,1,-1,-1,-1,-1,-1,-1,-1,-1,0,1,-1,-1,1,-1,-1,-1,-1,-1,-1,1,-1,-1,-1,-1,-1,-1,-1,-1,-1,-1,-1,-1,-1,-1,-1,-1,-1,1,-1,1,-1,-1,-1,-1,-1,-1,-1,-1,-1,1,-1,-1,-1,-1,-1,1,-1,-1,-1,-1,-1,-1,-1,-1,-1,-1,-1,-1,-1,-1,-1,-1,-1,-1,-1,-1,-1,-1,-1,-1,-1,-1,
-1,-1,-1,-1,-1,1,-1,-1,-1,-1,-1,-1,-1,-1,1,-1,-1,-1,-1,1,-1,-1,-1,-1,-1,-1,-1,-1,-1,1,0,1,-1,-1,-1,1,-1,-1,-1,1,-1,-1,-1,1,-1,-1,-1,-1,-1,-1,-1,-1,-1,-1,-1,-1,-1,-1,-1,-1,-1,-1,-1,-1,-1,-1,1,-1,-1,-1,-1,-1,-1,-1,-1,-1,-1,-1,-1,-1,-1,-1,-1,-1,-1,-1,1,-1,-1,-1,-1,-1,1,-1,-1,1,-1,-1,-1,-1,-1,-1,-1,
-1,-1,-1,-1,-1,-1,-1,-1,1,-1,-1,-1,-1,-1,-1,-1,-1,-1,-1,-1,-1,-1,1,-1,-1,-1,-1,-1,1,-1,1,0,1,-1,-1,1,-1,-1,-1,-1,-1,-1,-1,-1,-1,-1,-1,1,-1,-1,-1,-1,-1,-1,-1,-1,-1,-1,-1,-1,-1,-1,1,-1,1,-1,-1,-1,-1,-1,-1,-1,-1,-1,-1,-1,-1,1,1,1,-1,-1,-1,-1,-1,-1,-1,-1,-1,-1,-1,-1,-1,-1,-1,-1,-1,-1,-1,-1,-1,-1,-1,
1,-1,-1,-1,-1,-1,1,-1,-1,-1,-1,-1,-1,-1,-1,-1,-1,-1,-1,-1,-1,-1,-1,1,-1,-1,1,-1,-1,-1,-1,1,0,-1,1,-1,-1,-1,-1,-1,-1,-1,-1,-1,-1,-1,-1,-1,-1,-1,-1,-1,1,-1,-1,-1,-1,-1,-1,-1,-1,-1,-1,-1,-1,-1,-1,-1,-1,-1,-1,-1,-1,-1,-1,-1,-1,1,1,-1,-1,-1,-1,-1,-1,-1,-1,-1,-1,-1,-1,-1,-1,-1,-1,-1,-1,1,-1,-1,-1,-1,-1,
1,-1,1,1,-1,-1,-1,-1,-1,-1,-1,-1,-1,-1,-1,-1,-1,1,-1,1,-1,1,-1,-1,-1,-1,-1,-1,1,1,-1,-1,-1,0,-1,-1,1,-1,1,-1,-1,1,1,-1,-1,-1,-1,-1,-1,-1,-1,-1,-1,-1,-1,-1,-1,-1,-1,-1,-1,-1,-1,-1,-1,-1,-1,-1,-1,-1,-1,-1,-1,-1,-1,-1,-1,-1,-1,-1,-1,-1,-1,-1,-1,-1,-1,-1,1,-1,-1,-1,-1,1,-1,-1,-1,-1,-1,-1,-1,-1,-1,
-1,-1,-1,-1,-1,1,-1,-1,1,1,-1,-1,-1,-1,-1,1,-1,-1,-1,-1,1,-1,-1,-1,1,-1,-1,-1,-1,-1,-1,-1,1,-1,0,-1,-1,-1,-1,-1,-1,-1,-1,-1,1,-1,-1,-1,-1,-1,-1,-1,1,-1,-1,-1,-1,-1,-1,-1,-1,-1,-1,-1,-1,-1,-1,-1,-1,-1,-1,-1,-1,-1,-1,-1,-1,-1,-1,-1,-1,-1,1,-1,-1,-1,-1,-1,-1,-1,-1,-1,-1,-1,-1,-1,-1,-1,-1,-1,-1,-1,-1,
-1,-1,-1,-1,1,-1,-1,-1,-1,-1,-1,-1,-1,-1,-1,-1,-1,-1,-1,-1,1,-1,-1,-1,-1,-1,-1,-1,-1,-1,1,1,-1,-1,-1,0,1,-1,-1,-1,-1,-1,-1,-1,-1,-1,1,-1,-1,-1,-1,-1,-1,-1,-1,-1,-1,1,-1,-1,-1,-1,1,-1,-1,-1,-1,-1,1,-1,-1,-1,-1,-1,-1,-1,1,-1,-1,-1,-1,-1,-1,-1,-1,1,-1,-1,-1,-1,-1,-1,1,-1,-1,-1,-1,-1,-1,-1,-1,-1,-1,
-1,-1,-1,-1,-1,-1,-1,1,-1,-1,-1,-1,-1,-1,-1,-1,-1,1,-1,-1,-1,-1,-1,1,-1,-1,-1,-1,-1,-1,-1,-1,-1,1,-1,1,0,1,-1,1,-1,-1,-1,-1,-1,-1,-1,-1,-1,-1,-1,-1,-1,-1,-1,-1,-1,-1,-1,-1,-1,-1,-1,-1,-1,-1,1,1,1,-1,-1,-1,-1,-1,-1,-1,-1,-1,1,-1,-1,-1,-1,-1,-1,-1,-1,-1,-1,-1,-1,-1,-1,-1,-1,-1,-1,-1,-1,-1,-1,-1,-1,
-1,-1,1,1,-1,1,-1,-1,-1,-1,-1,-1,-1,-1,-1,1,-1,1,-1,-1,-1,1,-1,-1,-1,-1,-1,-1,-1,-1,-1,-1,-1,-1,-1,-1,1,0,-1,-1,1,-1,-1,-1,-1,-1,-1,-1,-1,-1,-1,-1,-1,-1,-1,-1,-1,-1,-1,-1,-1,-1,-1,-1,-1,-1,-1,-1,-1,-1,-1,-1,-1,-1,-1,-1,-1,-1,-1,-1,-1,-1,-1,-1,-1,-1,-1,-1,-1,-1,-1,-1,-1,-1,1,-1,-1,-1,1,-1,-1,-1,-1,
-1,-1,-1,-1,-1,1,-1,-1,-1,-1,1,-1,-1,-1,1,-1,-1,-1,-1,-1,-1,-1,-1,-1,-1,-1,-1,-1,-1,-1,-1,-1,-1,1,-1,-1,-1,-1,0,-1,-1,-1,-1,-1,-1,-1,-1,-1,-1,-1,-1,-1,-1,-1,-1,-1,-1,-1,1,1,-1,-1,-1,-1,-1,-1,-1,-1,-1,-1,-1,-1,-1,-1,-1,-1,-1,-1,-1,-1,1,-1,-1,-1,-1,-1,-1,1,-1,-1,-1,-1,-1,-1,1,-1,-1,1,-1,-1,-1,-1,-1,
-1,-1,-1,-1,-1,-1,1,-1,-1,-1,1,1,1,-1,-1,-1,1,-1,-1,-1,-1,-1,-1,1,-1,-1,-1,1,-1,-1,1,-1,-1,-1,-1,-1,1,-1,-1,0,-1,-1,-1,-1,-1,-1,-1,-1,-1,-1,-1,-1,-1,-1,-1,-1,-1,-1,-1,-1,-1,-1,-1,-1,-1,-1,-1,-1,-1,-1,-1,-1,-1,-1,-1,-1,-1,-1,-1,-1,-1,-1,-1,-1,-1,-1,-1,-1,-1,-1,-1,-1,-1,-1,-1,-1,-1,-1,-1,-1,-1,1,-1,
1,-1,-1,1,-1,-1,-1,-1,-1,-1,-1,-1,-1,-1,-1,-1,1,1,-1,1,1,-1,-1,-1,-1,-1,-1,1,-1,1,-1,-1,-1,-1,-1,-1,-1,1,-1,-1,0,1,-1,-1,-1,-1,-1,-1,-1,-1,-1,-1,-1,-1,-1,-1,-1,-1,-1,-1,-1,-1,-1,-1,-1,-1,-1,-1,-1,-1,-1,-1,-1,-1,-1,-1,-1,-1,-1,-1,-1,-1,-1,-1,-1,-1,-1,-1,-1,-1,-1,-1,1,-1,-1,-1,-1,-1,-1,-1,-1,-1,-1,
-1,-1,-1,-1,-1,-1,-1,-1,-1,-1,-1,-1,-1,-1,-1,1,-1,1,-1,-1,-1,-1,-1,-1,-1,1,-1,-1,-1,-1,-1,-1,-1,1,-1,-1,-1,-1,-1,-1,1,0,-1,-1,-1,-1,-1,-1,-1,-1,-1,-1,-1,-1,-1,-1,-1,-1,-1,-1,-1,-1,-1,-1,-1,-1,1,-1,-1,-1,-1,-1,-1,-1,1,-1,-1,-1,-1,-1,-1,-1,1,-1,-1,-1,-1,-1,-1,-1,1,-1,-1,-1,1,-1,-1,-1,-1,-1,-1,-1,-1,
-1,1,-1,-1,-1,-1,-1,-1,1,-1,-1,-1,-1,1,-1,-1,-1,-1,-1,-1,-1,1,1,-1,-1,1,-1,1,1,-1,-1,-1,-1,1,-1,-1,-1,-1,-1,-1,-1,-1,0,-1,-1,-1,-1,-1,-1,-1,-1,-1,-1,-1,-1,-1,-1,-1,-1,-1,-1,-1,-1,-1,-1,-1,-1,-1,-1,-1,-1,-1,-1,-1,-1,-1,-1,-1,-1,-1,-1,-1,-1,1,-1,-1,-1,-1,-1,-1,-1,-1,-1,-1,-1,-1,-1,-1,-1,-1,-1,-1,-1,
-1,-1,-1,-1,-1,1,-1,-1,1,-1,-1,-1,-1,-1,-1,-1,-1,-1,-1,-1,-1,-1,1,-1,-1,-1,1,-1,-1,-1,1,-1,-1,-1,-1,-1,-1,-1,-1,-1,-1,-1,-1,0,-1,-1,-1,-1,-1,-1,-1,-1,-1,-1,-1,-1,-1,-1,-1,-1,-1,-1,-1,-1,-1,-1,-1,-1,-1,-1,-1,-1,-1,-1,-1,-1,-1,-1,-1,-1,-1,-1,-1,-1,-1,-1,-1,-1,-1,-1,-1,-1,-1,-1,-1,-1,-1,-1,-1,-1,-1,-1,-1,
-1,-1,-1,1,-1,-1,-1,-1,-1,-1,-1,-1,-1,-1,-1,-1,-1,-1,-1,1,-1,-1,-1,-1,-1,-1,-1,-1,-1,-1,-1,-1,-1,-1,1,-1,-1,-1,-1,-1,-1,-1,-1,-1,0,-1,-1,-1,-1,-1,-1,-1,-1,-1,-1,-1,-1,-1,-1,-1,-1,-1,-1,-1,-1,-1,-1,-1,-1,-1,-1,-1,-1,-1,-1,-1,-1,-1,-1,-1,-1,-1,-1,-1,-1,-1,-1,-1,-1,-1,-1,-1,-1,-1,-1,-1,-1,-1,-1,-1,-1,-1,-1,
1,-1,-1,-1,-1,-1,-1,-1,-1,-1,-1,-1,-1,-1,-1,-1,-1,-1,-1,-1,-1,-1,-1,1,-1,-1,-1,-1,-1,-1,-1,-1,-1,-1,-1,-1,-1,-1,-1,-1,-1,-1,-1,-1,-1,0,-1,-1,-1,-1,-1,-1,-1,-1,-1,-1,-1,-1,-1,-1,-1,-1,-1,-1,-1,-1,-1,-1,-1,-1,-1,-1,-1,-1,-1,-1,-1,-1,-1,-1,-1,-1,-1,-1,-1,-1,-1,-1,-1,-1,-1,-1,-1,-1,-1,-1,-1,-1,-1,-1,-1,-1,-1,
-1,-1,-1,-1,-1,-1,-1,-1,-1,-1,-1,-1,-1,-1,-1,-1,-1,-1,-1,-1,-1,-1,-1,-1,-1,-1,-1,-1,-1,-1,-1,-1,-1,-1,-1,1,-1,-1,-1,-1,-1,-1,-1,-1,-1,-1,0,-1,-1,-1,-1,-1,-1,1,-1,-1,-1,-1,-1,-1,-1,-1,-1,1,-1,-1,-1,-1,-1,-1,-1,-1,-1,-1,-1,-1,-1,-1,-1,-1,-1,-1,-1,-1,-1,-1,-1,-1,-1,-1,-1,-1,-1,-1,-1,-1,-1,-1,-1,-1,-1,-1,-1,
-1,-1,-1,-1,-1,-1,-1,-1,-1,-1,1,-1,-1,-1,-1,-1,1,-1,-1,-1,1,-1,-1,-1,-1,-1,-1,-1,-1,-1,-1,1,-1,-1,-1,-1,-1,-1,-1,-1,-1,-1,-1,-1,-1,-1,-1,0,-1,-1,-1,-1,-1,-1,-1,-1,-1,-1,-1,-1,-1,-1,-1,-1,-1,-1,-1,-1,-1,1,-1,-1,-1,-1,-1,-1,-1,-1,-1,-1,-1,-1,-1,-1,-1,-1,-1,-1,-1,-1,-1,-1,-1,-1,-1,-1,-1,-1,-1,-1,-1,-1,-1,
-1,1,-1,1,-1,-1,-1,-1,-1,-1,-1,-1,-1,-1,-1,-1,-1,-1,-1,-1,-1,-1,-1,-1,-1,-1,-1,-1,-1,-1,-1,-1,-1,-1,-1,-1,-1,-1,-1,-1,-1,-1,-1,-1,-1,-1,-1,-1,0,-1,-1,-1,-1,-1,-1,-1,-1,-1,-1,-1,-1,-1,-1,-1,-1,-1,-1,-1,-1,-1,-1,-1,-1,-1,-1,-1,-1,-1,-1,-1,-1,-1,-1,-1,-1,-1,-1,-1,-1,-1,-1,-1,-1,-1,-1,-1,-1,-1,-1,-1,-1,-1,-1,
-1,-1,-1,-1,-1,-1,-1,-1,-1,-1,-1,-1,-1,1,-1,-1,-1,-1,1,-1,-1,1,-1,-1,-1,-1,-1,-1,-1,-1,-1,-1,-1,-1,-1,-1,-1,-1,-1,-1,-1,-1,-1,-1,-1,-1,-1,-1,-1,0,-1,-1,-1,-1,-1,-1,-1,-1,-1,-1,-1,-1,-1,-1,-1,-1,-1,-1,-1,-1,-1,-1,-1,-1,-1,-1,-1,-1,-1,-1,-1,-1,-1,-1,-1,-1,-1,-1,-1,-1,-1,-1,-1,-1,-1,-1,-1,-1,-1,-1,-1,-1,-1,
-1,-1,-1,-1,1,-1,-1,-1,-1,-1,-1,-1,-1,-1,-1,-1,1,-1,-1,1,1,-1,-1,-1,1,-1,-1,1,-1,-1,-1,-1,-1,-1,-1,-1,-1,-1,-1,-1,-1,-1,-1,-1,-1,-1,-1,-1,-1,-1,0,-1,-1,-1,-1,-1,-1,-1,-1,-1,-1,-1,-1,-1,-1,-1,-1,-1,-1,-1,-1,-1,-1,-1,-1,-1,-1,-1,-1,-1,-1,-1,-1,-1,-1,-1,-1,-1,-1,-1,-1,-1,-1,-1,-1,-1,-1,-1,-1,-1,-1,-1,-1,
-1,-1,-1,-1,-1,-1,-1,-1,-1,1,-1,-1,-1,-1,-1,-1,-1,-1,1,-1,-1,-1,-1,1,-1,-1,-1,1,-1,-1,-1,-1,-1,-1,-1,-1,-1,-1,-1,-1,-1,-1,-1,-1,-1,-1,-1,-1,-1,-1,-1,0,-1,-1,-1,-1,-1,-1,-1,-1,-1,-1,-1,-1,-1,-1,-1,-1,-1,-1,-1,-1,-1,-1,-1,-1,-1,-1,-1,-1,-1,-1,-1,-1,-1,-1,-1,-1,-1,-1,-1,-1,-1,-1,-1,-1,-1,-1,-1,-1,-1,-1,-1,
-1,1,-1,-1,-1,-1,1,-1,-1,-1,-1,-1,-1,-1,-1,-1,-1,-1,-1,-1,-1,-1,-1,-1,-1,-1,-1,-1,-1,-1,-1,-1,1,-1,1,-1,-1,-1,-1,-1,-1,-1,-1,-1,-1,-1,-1,-1,-1,-1,-1,-1,0,-1,-1,-1,-1,-1,-1,-1,-1,-1,-1,-1,-1,-1,-1,-1,-1,-1,-1,-1,-1,-1,-1,-1,-1,-1,-1,-1,-1,-1,-1,-1,-1,-1,-1,-1,-1,-1,-1,-1,-1,-1,-1,-1,-1,-1,-1,-1,-1,-1,-1,
-1,-1,-1,-1,-1,-1,-1,-1,-1,-1,-1,1,-1,-1,-1,-1,-1,-1,-1,-1,-1,-1,-1,-1,-1,-1,-1,-1,-1,-1,-1,-1,-1,-1,-1,-1,-1,-1,-1,-1,-1,-1,-1,-1,-1,-1,1,-1,-1,-1,-1,-1,-1,0,-1,-1,-1,-1,-1,-1,-1,-1,-1,-1,-1,-1,-1,-1,-1,-1,-1,-1,-1,-1,-1,-1,-1,-1,-1,-1,-1,-1,-1,-1,-1,-1,-1,-1,-1,-1,-1,-1,-1,-1,-1,-1,-1,-1,-1,-1,-1,-1,-1,
-1,-1,-1,-1,-1,-1,-1,-1,1,-1,-1,-1,-1,-1,1,-1,-1,-1,-1,-1,-1,-1,-1,-1,1,-1,-1,-1,-1,-1,-1,-1,-1,-1,-1,-1,-1,-1,-1,-1,-1,-1,-1,-1,-1,-1,-1,-1,-1,-1,-1,-1,-1,-1,0,-1,-1,-1,-1,-1,-1,-1,-1,-1,-1,-1,-1,-1,-1,-1,-1,-1,-1,-1,-1,-1,-1,-1,-1,-1,-1,-1,-1,-1,-1,-1,-1,-1,-1,-1,-1,-1,-1,-1,-1,-1,-1,-1,-1,-1,-1,-1,-1,
1,-1,-1,-1,-1,-1,-1,-1,-1,-1,-1,-1,-1,-1,-1,-1,-1,-1,-1,-1,-1,1,-1,-1,-1,-1,-1,-1,-1,-1,-1,-1,-1,-1,-1,-1,-1,-1,-1,-1,-1,-1,-1,-1,-1,-1,-1,-1,-1,-1,-1,-1,-1,-1,-1,0,-1,-1,-1,-1,-1,-1,-1,-1,-1,-1,-1,-1,-1,-1,-1,-1,-1,-1,-1,-1,-1,-1,-1,-1,-1,-1,-1,-1,-1,-1,-1,-1,-1,-1,-1,-1,-1,-1,-1,-1,-1,-1,-1,-1,-1,-1,-1,
-1,-1,-1,1,-1,-1,-1,-1,-1,-1,-1,-1,-1,-1,-1,-1,-1,-1,-1,-1,-1,-1,1,-1,-1,-1,-1,-1,-1,-1,-1,-1,-1,-1,-1,-1,-1,-1,-1,-1,-1,-1,-1,-1,-1,-1,-1,-1,-1,-1,-1,-1,-1,-1,-1,-1,0,-1,-1,-1,-1,-1,-1,-1,-1,-1,-1,-1,-1,-1,-1,-1,-1,-1,-1,-1,-1,-1,-1,-1,-1,-1,-1,-1,-1,-1,-1,-1,-1,-1,-1,-1,-1,-1,-1,-1,-1,-1,-1,-1,-1,-1,-1,
-1,-1,-1,-1,-1,-1,-1,-1,-1,-1,-1,-1,-1,-1,-1,-1,-1,-1,-1,-1,-1,-1,-1,-1,-1,-1,-1,-1,1,-1,-1,-1,-1,-1,-1,1,-1,-1,-1,-1,-1,-1,-1,-1,-1,-1,-1,-1,-1,-1,-1,-1,-1,-1,-1,-1,-1,0,-1,-1,-1,1,-1,-1,-1,-1,-1,-1,-1,-1,-1,-1,-1,-1,-1,-1,-1,-1,-1,-1,-1,-1,-1,-1,-1,-1,-1,-1,-1,-1,-1,-1,-1,-1,-1,-1,-1,-1,-1,-1,-1,-1,-1,
-1,-1,-1,-1,-1,-1,1,-1,-1,-1,-1,-1,-1,-1,1,-1,-1,-1,-1,1,-1,-1,-1,-1,-1,-1,-1,1,-1,1,-1,-1,-1,-1,-1,-1,-1,-1,1,-1,-1,-1,-1,-1,-1,-1,-1,-1,-1,-1,-1,-1,-1,-1,-1,-1,-1,-1,0,-1,-1,-1,-1,-1,-1,-1,-1,-1,-1,-1,-1,-1,-1,-1,-1,-1,-1,-1,-1,-1,-1,-1,-1,-1,-1,-1,-1,-1,-1,-1,-1,-1,-1,-1,-1,-1,-1,-1,-1,-1,-1,-1,-1,
-1,-1,-1,-1,-1,-1,-1,-1,-1,-1,-1,-1,1,-1,-1,-1,-1,-1,-1,-1,1,-1,-1,-1,-1,-1,-1,-1,-1,-1,-1,-1,-1,-1,-1,-1,-1,-1,1,-1,-1,-1,-1,-1,-1,-1,-1,-1,-1,-1,-1,-1,-1,-1,-1,-1,-1,-1,-1,0,-1,-1,-1,-1,-1,-1,-1,-1,-1,-1,-1,-1,-1,-1,-1,-1,-1,-1,-1,-1,-1,-1,-1,-1,-1,-1,-1,-1,-1,-1,-1,-1,-1,-1,-1,-1,-1,-1,-1,-1,-1,-1,-1,
-1,-1,-1,-1,-1,-1,-1,-1,-1,-1,-1,-1,-1,-1,-1,-1,-1,-1,-1,-1,-1,-1,-1,-1,-1,1,-1,-1,-1,1,-1,-1,-1,-1,-1,-1,-1,-1,-1,-1,-1,-1,-1,-1,-1,-1,-1,-1,-1,-1,-1,-1,-1,-1,-1,-1,-1,-1,-1,-1,0,-1,-1,-1,-1,-1,-1,-1,-1,-1,-1,-1,-1,-1,-1,-1,-1,-1,-1,-1,-1,-1,-1,-1,-1,-1,-1,-1,-1,-1,-1,-1,-1,-1,-1,-1,-1,-1,-1,-1,-1,-1,-1,
-1,-1,-1,-1,-1,-1,-1,-1,-1,-1,-1,-1,-1,-1,-1,-1,-1,-1,-1,-1,-1,-1,-1,-1,-1,-1,-1,-1,1,-1,-1,-1,-1,-1,-1,-1,-1,-1,-1,-1,-1,-1,-1,-1,-1,-1,-1,-1,-1,-1,-1,-1,-1,-1,-1,-1,-1,1,-1,-1,-1,0,-1,-1,-1,-1,-1,-1,-1,-1,-1,-1,-1,-1,-1,-1,-1,-1,-1,-1,-1,-1,-1,-1,-1,-1,-1,-1,-1,-1,-1,-1,-1,-1,-1,-1,-1,-1,-1,-1,-1,-1,-1,
-1,-1,-1,-1,1,-1,-1,-1,1,-1,1,-1,1,-1,-1,-1,1,-1,-1,-1,-1,-1,-1,-1,-1,1,-1,-1,-1,-1,-1,1,-1,-1,-1,1,-1,-1,-1,-1,-1,-1,-1,-1,-1,-1,-1,-1,-1,-1,-1,-1,-1,-1,-1,-1,-1,-1,-1,-1,-1,-1,0,-1,-1,-1,-1,-1,-1,-1,-1,-1,-1,-1,-1,-1,-1,-1,-1,-1,-1,-1,-1,-1,-1,-1,-1,-1,-1,-1,-1,-1,-1,-1,-1,-1,-1,-1,-1,-1,-1,-1,-1,
-1,-1,-1,-1,-1,-1,-1,-1,-1,-1,-1,-1,-1,-1,-1,-1,-1,-1,-1,-1,-1,-1,-1,-1,-1,-1,1,-1,-1,-1,-1,-1,-1,-1,-1,-1,-1,-1,-1,-1,-1,-1,-1,-1,-1,-1,1,-1,-1,-1,-1,-1,-1,-1,-1,-1,-1,-1,-1,-1,-1,-1,-1,0,-1,-1,-1,-1,-1,-1,-1,-1,-1,-1,-1,-1,-1,-1,-1,-1,-1,-1,-1,-1,-1,-1,-1,-1,-1,-1,-1,-1,-1,-1,-1,-1,-1,-1,-1,-1,-1,-1,-1,
-1,-1,-1,-1,-1,-1,-1,1,-1,-1,-1,-1,-1,1,-1,-1,-1,-1,-1,-1,-1,-1,-1,-1,-1,1,-1,-1,1,-1,-1,1,-1,-1,-1,-1,-1,-1,-1,-1,-1,-1,-1,-1,-1,-1,-1,-1,-1,-1,-1,-1,-1,-1,-1,-1,-1,-1,-1,-1,-1,-1,-1,-1,0,-1,-1,-1,-1,-1,-1,-1,-1,-1,-1,-1,-1,-1,-1,-1,-1,-1,-1,-1,-1,-1,-1,-1,-1,-1,-1,-1,-1,-1,-1,-1,-1,-1,-1,-1,-1,-1,-1,
-1,-1,-1,1,-1,-1,-1,-1,-1,-1,-1,-1,-1,-1,-1,-1,-1,1,1,-1,-1,-1,-1,-1,-1,-1,-1,-1,-1,-1,-1,-1,-1,-1,-1,-1,-1,-1,-1,-1,-1,-1,-1,-1,-1,-1,-1,-1,-1,-1,-1,-1,-1,-1,-1,-1,-1,-1,-1,-1,-1,-1,-1,-1,-1,0,-1,-1,-1,-1,-1,-1,-1,-1,-1,-1,-1,-1,-1,-1,-1,-1,-1,-1,-1,-1,-1,-1,-1,-1,-1,-1,-1,-1,-1,-1,-1,-1,-1,-1,-1,-1,-1,
-1,-1,-1,-1,-1,-1,-1,1,-1,1,-1,-1,-1,-1,-1,-1,-1,-1,-1,-1,-1,-1,-1,-1,-1,-1,-1,-1,-1,-1,1,-1,-1,-1,-1,-1,1,-1,-1,-1,-1,1,-1,-1,-1,-1,-1,-1,-1,-1,-1,-1,-1,-1,-1,-1,-1,-1,-1,-1,-1,-1,-1,-1,-1,-1,0,-1,-1,-1,-1,-1,-1,-1,-1,-1,-1,-1,-1,-1,-1,-1,-1,-1,-1,-1,-1,-1,-1,-1,-1,-1,-1,-1,-1,-1,-1,-1,-1,-1,-1,-1,-1,
1,-1,-1,-1,1,-1,-1,-1,-1,1,-1,-1,-1,-1,-1,-1,-1,-1,-1,-1,-1,-1,-1,-1,-1,-1,-1,-1,-1,-1,-1,-1,-1,-1,-1,-1,1,-1,-1,-1,-1,-1,-1,-1,-1,-1,-1,-1,-1,-1,-1,-1,-1,-1,-1,-1,-1,-1,-1,-1,-1,-1,-1,-1,-1,-1,-1,0,-1,-1,-1,-1,-1,-1,-1,-1,-1,-1,-1,-1,-1,-1,-1,-1,-1,-1,-1,-1,-1,-1,-1,-1,-1,-1,-1,-1,-1,-1,-1,-1,-1,-1,-1,
-1,-1,-1,-1,1,-1,-1,-1,-1,-1,-1,-1,-1,-1,-1,-1,-1,-1,-1,-1,-1,-1,-1,-1,-1,-1,-1,-1,-1,-1,-1,-1,-1,-1,-1,1,1,-1,-1,-1,-1,-1,-1,-1,-1,-1,-1,-1,-1,-1,-1,-1,-1,-1,-1,-1,-1,-1,-1,-1,-1,-1,-1,-1,-1,-1,-1,-1,0,-1,-1,-1,-1,-1,-1,-1,-1,-1,-1,-1,-1,-1,-1,-1,-1,-1,-1,-1,-1,-1,-1,-1,-1,-1,-1,-1,-1,-1,-1,-1,-1,-1,-1,
-1,-1,-1,-1,-1,-1,-1,-1,-1,-1,-1,-1,-1,-1,-1,-1,-1,-1,-1,-1,-1,-1,-1,-1,-1,-1,-1,-1,-1,-1,-1,-1,-1,-1,-1,-1,-1,-1,-1,-1,-1,-1,-1,-1,-1,-1,-1,1,-1,-1,-1,-1,-1,-1,-1,-1,-1,-1,-1,-1,-1,-1,-1,-1,-1,-1,-1,-1,-1,0,-1,1,-1,-1,-1,-1,-1,-1,-1,-1,-1,-1,-1,-1,-1,-1,-1,-1,-1,-1,-1,-1,-1,-1,-1,-1,-1,-1,-1,-1,-1,-1,-1,
-1,-1,-1,-1,-1,-1,-1,-1,-1,1,-1,-1,-1,-1,-1,-1,-1,-1,-1,-1,-1,-1,-1,1,-1,-1,-1,-1,1,1,-1,-1,-1,-1,-1,-1,-1,-1,-1,-1,-1,-1,-1,-1,-1,-1,-1,-1,-1,-1,-1,-1,-1,-1,-1,-1,-1,-1,-1,-1,-1,-1,-1,-1,-1,-1,-1,-1,-1,-1,0,-1,-1,-1,-1,-1,-1,-1,-1,-1,-1,-1,-1,-1,-1,-1,-1,-1,-1,-1,-1,-1,-1,-1,-1,-1,-1,-1,-1,-1,-1,-1,-1,
-1,1,-1,-1,-1,-1,-1,-1,-1,-1,-1,-1,-1,-1,-1,1,-1,-1,-1,-1,-1,-1,-1,-1,-1,-1,-1,-1,-1,-1,-1,-1,-1,-1,-1,-1,-1,-1,-1,-1,-1,-1,-1,-1,-1,-1,-1,-1,-1,-1,-1,-1,-1,-1,-1,-1,-1,-1,-1,-1,-1,-1,-1,-1,-1,-1,-1,-1,-1,1,-1,0,-1,-1,-1,-1,-1,-1,-1,-1,-1,-1,-1,-1,-1,-1,-1,-1,-1,-1,-1,-1,-1,-1,-1,-1,-1,-1,-1,-1,-1,-1,-1,
-1,-1,-1,-1,-1,-1,-1,-1,-1,-1,-1,-1,-1,-1,-1,-1,-1,-1,-1,-1,-1,-1,1,-1,-1,1,-1,-1,-1,-1,-1,-1,-1,-1,-1,-1,-1,-1,-1,-1,-1,-1,-1,-1,-1,-1,-1,-1,-1,-1,-1,-1,-1,-1,-1,-1,-1,-1,-1,-1,-1,-1,-1,-1,-1,-1,-1,-1,-1,-1,-1,-1,0,-1,-1,-1,-1,-1,-1,-1,-1,-1,-1,-1,-1,-1,-1,-1,-1,-1,-1,-1,-1,-1,-1,-1,-1,-1,-1,-1,-1,-1,-1,
-1,-1,-1,-1,-1,-1,1,-1,-1,-1,-1,-1,-1,-1,-1,-1,-1,-1,-1,-1,-1,-1,-1,-1,-1,-1,-1,-1,-1,-1,-1,-1,-1,-1,-1,-1,-1,-1,-1,-1,-1,-1,-1,-1,-1,-1,-1,-1,-1,-1,-1,-1,-1,-1,-1,-1,-1,-1,-1,-1,-1,-1,-1,-1,-1,-1,-1,-1,-1,-1,-1,-1,-1,0,-1,-1,-1,-1,-1,-1,-1,-1,-1,-1,-1,-1,-1,-1,-1,-1,-1,-1,-1,-1,-1,-1,1,-1,-1,-1,-1,-1,-1,
-1,-1,-1,-1,-1,-1,-1,-1,-1,-1,-1,-1,-1,-1,1,-1,-1,-1,-1,-1,-1,-1,-1,-1,-1,-1,-1,-1,-1,-1,-1,-1,-1,-1,-1,-1,-1,-1,-1,-1,-1,1,-1,-1,-1,-1,-1,-1,-1,-1,-1,-1,-1,-1,-1,-1,-1,-1,-1,-1,-1,-1,-1,-1,-1,-1,-1,-1,-1,-1,-1,-1,-1,-1,0,-1,-1,-1,-1,-1,-1,-1,-1,-1,-1,-1,-1,-1,-1,-1,-1,-1,-1,-1,-1,-1,-1,-1,-1,-1,-1,-1,-1,
-1,-1,-1,-1,-1,-1,-1,-1,-1,-1,-1,-1,-1,-1,-1,-1,-1,1,-1,-1,-1,-1,-1,1,-1,-1,-1,-1,-1,-1,-1,-1,-1,-1,-1,-1,-1,-1,-1,-1,-1,-1,-1,-1,-1,-1,-1,-1,-1,-1,-1,-1,-1,-1,-1,-1,-1,-1,-1,-1,-1,-1,-1,-1,-1,-1,-1,-1,-1,-1,-1,-1,-1,-1,-1,0,-1,-1,-1,-1,-1,-1,-1,-1,-1,-1,-1,-1,-1,-1,-1,-1,-1,-1,-1,-1,-1,-1,-1,-1,-1,-1,-1,
-1,-1,-1,-1,-1,-1,-1,-1,-1,-1,-1,-1,-1,-1,-1,-1,-1,-1,-1,-1,-1,-1,-1,-1,-1,-1,-1,-1,-1,1,-1,-1,-1,-1,-1,1,-1,-1,-1,-1,-1,-1,-1,-1,-1,-1,-1,-1,-1,-1,-1,-1,-1,-1,-1,-1,-1,-1,-1,-1,-1,-1,-1,-1,-1,-1,-1,-1,-1,-1,-1,-1,-1,-1,-1,-1,0,-1,-1,-1,-1,-1,-1,-1,-1,-1,-1,-1,-1,-1,-1,-1,-1,-1,-1,-1,-1,-1,-1,-1,-1,-1,-1,
-1,-1,-1,-1,-1,-1,-1,-1,-1,-1,-1,-1,-1,1,-1,-1,-1,-1,-1,-1,-1,-1,1,-1,1,-1,-1,-1,-1,-1,-1,1,1,-1,-1,-1,-1,-1,-1,-1,-1,-1,-1,-1,-1,-1,-1,-1,-1,-1,-1,-1,-1,-1,-1,-1,-1,-1,-1,-1,-1,-1,-1,-1,-1,-1,-1,-1,-1,-1,-1,-1,-1,-1,-1,-1,-1,0,-1,-1,-1,-1,-1,-1,-1,-1,-1,-1,-1,-1,-1,-1,-1,-1,-1,-1,-1,-1,-1,-1,-1,-1,-1,
-1,-1,-1,-1,-1,-1,-1,-1,-1,-1,-1,-1,-1,-1,-1,-1,-1,-1,-1,-1,-1,-1,-1,-1,-1,-1,-1,-1,-1,-1,-1,1,1,-1,-1,-1,1,-1,-1,-1,-1,-1,-1,-1,-1,-1,-1,-1,-1,-1,-1,-1,-1,-1,-1,-1,-1,-1,-1,-1,-1,-1,-1,-1,-1,-1,-1,-1,-1,-1,-1,-1,-1,-1,-1,-1,-1,-1,0,-1,-1,-1,-1,-1,-1,-1,-1,-1,-1,-1,-1,-1,-1,-1,-1,-1,-1,-1,-1,-1,-1,-1,-1,
-1,-1,1,-1,-1,-1,1,-1,-1,1,-1,-1,-1,-1,1,-1,-1,-1,-1,-1,-1,-1,-1,-1,-1,-1,-1,-1,-1,-1,-1,1,-1,-1,-1,-1,-1,-1,-1,-1,-1,-1,-1,-1,-1,-1,-1,-1,-1,-1,-1,-1,-1,-1,-1,-1,-1,-1,-1,-1,-1,-1,-1,-1,-1,-1,-1,-1,-1,-1,-1,-1,-1,-1,-1,-1,-1,-1,-1,0,-1,-1,-1,-1,-1,-1,-1,-1,-1,-1,-1,-1,-1,-1,-1,-1,-1,-1,-1,-1,-1,-1,-1,
-1,-1,-1,-1,1,-1,-1,-1,-1,-1,-1,-1,-1,-1,-1,-1,-1,-1,-1,-1,-1,-1,-1,-1,1,-1,-1,1,-1,-1,-1,-1,-1,-1,-1,-1,-1,-1,1,-1,-1,-1,-1,-1,-1,-1,-1,-1,-1,-1,-1,-1,-1,-1,-1,-1,-1,-1,-1,-1,-1,-1,-1,-1,-1,-1,-1,-1,-1,-1,-1,-1,-1,-1,-1,-1,-1,-1,-1,-1,0,-1,-1,-1,-1,-1,-1,-1,-1,-1,-1,-1,-1,-1,-1,-1,-1,-1,-1,-1,-1,-1,-1,
-1,-1,1,-1,-1,-1,-1,-1,-1,-1,-1,1,-1,-1,-1,-1,-1,-1,1,-1,-1,1,-1,1,-1,-1,-1,-1,-1,-1,-1,-1,-1,-1,-1,-1,-1,-1,-1,-1,-1,-1,-1,-1,-1,-1,-1,-1,-1,-1,-1,-1,-1,-1,-1,-1,-1,-1,-1,-1,-1,-1,-1,-1,-1,-1,-1,-1,-1,-1,-1,-1,-1,-1,-1,-1,-1,-1,-1,-1,-1,0,-1,-1,-1,-1,-1,-1,-1,-1,-1,-1,-1,-1,-1,-1,-1,-1,-1,-1,-1,-1,-1,
-1,-1,-1,-1,1,-1,-1,-1,-1,-1,-1,-1,-1,-1,-1,-1,-1,-1,-1,-1,-1,-1,-1,-1,-1,-1,-1,-1,-1,-1,-1,-1,-1,-1,1,-1,-1,-1,-1,-1,-1,1,-1,-1,-1,-1,-1,-1,-1,-1,-1,-1,-1,-1,-1,-1,-1,-1,-1,-1,-1,-1,-1,-1,-1,-1,-1,-1,-1,-1,-1,-1,-1,-1,-1,-1,-1,-1,-1,-1,-1,-1,0,-1,-1,-1,-1,-1,-1,-1,-1,-1,-1,-1,-1,-1,-1,-1,-1,-1,-1,-1,-1,
1,-1,-1,-1,-1,-1,-1,-1,-1,-1,-1,-1,-1,-1,-1,1,-1,-1,-1,-1,-1,-1,-1,-1,-1,-1,-1,-1,-1,-1,-1,-1,-1,-1,-1,-1,-1,-1,-1,-1,-1,-1,1,-1,-1,-1,-1,-1,-1,-1,-1,-1,-1,-1,-1,-1,-1,-1,-1,-1,-1,-1,-1,-1,-1,-1,-1,-1,-1,-1,-1,-1,-1,-1,-1,-1,-1,-1,-1,-1,-1,-1,-1,0,-1,-1,-1,-1,-1,-1,-1,-1,-1,-1,-1,-1,-1,-1,-1,-1,-1,-1,-1,
-1,-1,-1,-1,-1,1,-1,-1,-1,1,-1,-1,1,-1,-1,-1,-1,-1,-1,-1,-1,-1,-1,-1,-1,-1,-1,-1,-1,-1,-1,-1,-1,-1,-1,-1,-1,-1,-1,-1,-1,-1,-1,-1,-1,-1,-1,-1,-1,-1,-1,-1,-1,-1,-1,-1,-1,-1,-1,-1,-1,-1,-1,-1,-1,-1,-1,-1,-1,-1,-1,-1,-1,-1,-1,-1,-1,-1,-1,-1,-1,-1,-1,-1,0,-1,-1,-1,-1,-1,-1,-1,-1,-1,-1,-1,-1,-1,-1,-1,-1,-1,-1,
-1,-1,-1,-1,-1,-1,-1,-1,-1,-1,-1,-1,-1,-1,1,-1,-1,-1,-1,-1,-1,-1,-1,-1,1,-1,-1,-1,-1,-1,-1,-1,-1,-1,-1,1,-1,-1,-1,-1,-1,-1,-1,-1,-1,-1,-1,-1,-1,-1,-1,-1,-1,-1,-1,-1,-1,-1,-1,-1,-1,-1,-1,-1,-1,-1,-1,-1,-1,-1,-1,-1,-1,-1,-1,-1,-1,-1,-1,-1,-1,-1,-1,-1,-1,0,-1,-1,-1,-1,-1,-1,-1,-1,-1,-1,-1,-1,-1,-1,-1,-1,-1,
-1,1,-1,-1,-1,-1,-1,-1,-1,1,-1,-1,-1,1,-1,-1,-1,1,-1,-1,1,1,-1,-1,-1,-1,-1,-1,-1,-1,1,-1,-1,-1,-1,-1,-1,-1,-1,-1,-1,-1,-1,-1,-1,-1,-1,-1,-1,-1,-1,-1,-1,-1,-1,-1,-1,-1,-1,-1,-1,-1,-1,-1,-1,-1,-1,-1,-1,-1,-1,-1,-1,-1,-1,-1,-1,-1,-1,-1,-1,-1,-1,-1,-1,-1,0,-1,-1,-1,-1,-1,-1,-1,-1,-1,-1,-1,-1,-1,-1,-1,-1,
-1,1,-1,-1,-1,-1,-1,-1,-1,-1,-1,-1,-1,-1,-1,-1,-1,-1,-1,1,-1,-1,-1,-1,-1,-1,-1,-1,-1,-1,-1,-1,-1,-1,-1,-1,-1,-1,1,-1,-1,-1,-1,-1,-1,-1,-1,-1,-1,-1,-1,-1,-1,-1,-1,-1,-1,-1,-1,-1,-1,-1,-1,-1,-1,-1,-1,-1,-1,-1,-1,-1,-1,-1,-1,-1,-1,-1,-1,-1,-1,-1,-1,-1,-1,-1,-1,0,-1,-1,-1,-1,-1,-1,-1,-1,-1,-1,-1,-1,-1,-1,-1,
-1,-1,-1,-1,-1,-1,-1,-1,-1,-1,-1,-1,-1,-1,-1,-1,-1,-1,-1,-1,-1,-1,-1,-1,-1,-1,-1,-1,-1,-1,-1,-1,-1,1,-1,-1,-1,-1,-1,-1,-1,-1,-1,-1,-1,-1,-1,-1,-1,-1,-1,-1,-1,-1,-1,-1,-1,-1,-1,-1,-1,-1,-1,-1,-1,-1,-1,-1,-1,-1,-1,-1,-1,-1,-1,-1,-1,-1,-1,-1,-1,-1,-1,-1,-1,-1,-1,-1,0,-1,-1,1,-1,-1,-1,-1,-1,-1,-1,-1,-1,-1,-1,
-1,-1,1,-1,1,-1,-1,1,-1,-1,1,-1,-1,-1,1,-1,-1,-1,-1,-1,-1,1,-1,-1,-1,-1,-1,-1,-1,-1,-1,-1,-1,-1,-1,-1,-1,-1,-1,-1,-1,-1,-1,-1,-1,-1,-1,-1,-1,-1,-1,-1,-1,-1,-1,-1,-1,-1,-1,-1,-1,-1,-1,-1,-1,-1,-1,-1,-1,-1,-1,-1,-1,-1,-1,-1,-1,-1,-1,-1,-1,-1,-1,-1,-1,-1,-1,-1,-1,0,-1,-1,-1,-1,-1,-1,-1,-1,-1,-1,-1,-1,-1,
1,-1,-1,-1,-1,-1,-1,1,-1,-1,-1,1,-1,-1,-1,1,-1,-1,-1,-1,-1,-1,-1,-1,-1,-1,-1,-1,-1,-1,-1,-1,-1,-1,-1,-1,-1,-1,-1,-1,-1,1,-1,-1,-1,-1,-1,-1,-1,-1,-1,-1,-1,-1,-1,-1,-1,-1,-1,-1,-1,-1,-1,-1,-1,-1,-1,-1,-1,-1,-1,-1,-1,-1,-1,-1,-1,-1,-1,-1,-1,-1,-1,-1,-1,-1,-1,-1,-1,-1,0,-1,-1,-1,-1,-1,-1,-1,-1,-1,-1,-1,-1,
-1,-1,-1,-1,-1,-1,-1,-1,-1,-1,-1,-1,-1,1,-1,-1,-1,-1,-1,1,-1,-1,-1,-1,-1,-1,1,-1,-1,-1,-1,-1,-1,-1,-1,-1,-1,-1,-1,-1,-1,-1,-1,-1,-1,-1,-1,-1,-1,-1,-1,-1,-1,-1,-1,-1,-1,-1,-1,-1,-1,-1,-1,-1,-1,-1,-1,-1,-1,-1,-1,-1,-1,-1,-1,-1,-1,-1,-1,-1,-1,-1,-1,-1,-1,-1,-1,-1,1,-1,-1,0,-1,-1,-1,-1,-1,-1,-1,-1,-1,-1,-1,
-1,-1,-1,-1,-1,-1,-1,-1,-1,-1,-1,-1,-1,-1,-1,-1,-1,-1,-1,-1,-1,-1,1,-1,1,-1,-1,-1,-1,-1,1,-1,-1,-1,-1,1,-1,-1,-1,-1,1,-1,-1,-1,-1,-1,-1,-1,-1,-1,-1,-1,-1,-1,-1,-1,-1,-1,-1,-1,-1,-1,-1,-1,-1,-1,-1,-1,-1,-1,-1,-1,-1,-1,-1,-1,-1,-1,-1,-1,-1,-1,-1,-1,-1,-1,-1,-1,-1,-1,-1,-1,0,-1,-1,-1,-1,-1,-1,-1,-1,-1,-1,
-1,-1,-1,-1,-1,-1,-1,-1,-1,1,-1,-1,-1,-1,1,-1,-1,-1,-1,-1,-1,-1,-1,-1,-1,-1,-1,-1,-1,-1,-1,-1,-1,1,-1,-1,-1,-1,-1,-1,-1,-1,-1,-1,-1,-1,-1,-1,-1,-1,-1,-1,-1,-1,-1,-1,-1,-1,-1,-1,-1,-1,-1,-1,-1,-1,-1,-1,-1,-1,-1,-1,-1,-1,-1,-1,-1,-1,-1,-1,-1,-1,-1,-1,-1,-1,-1,-1,-1,-1,-1,-1,-1,0,-1,-1,-1,-1,-1,-1,-1,-1,-1,
-1,-1,-1,-1,-1,-1,-1,-1,-1,-1,-1,-1,-1,-1,-1,-1,-1,-1,-1,-1,-1,-1,-1,-1,-1,-1,-1,-1,-1,-1,-1,-1,-1,-1,-1,-1,-1,1,1,-1,-1,1,-1,-1,-1,-1,-1,-1,-1,-1,-1,-1,-1,-1,-1,-1,-1,-1,-1,-1,-1,-1,-1,-1,-1,-1,-1,-1,-1,-1,-1,-1,-1,-1,-1,-1,-1,-1,-1,-1,-1,-1,-1,-1,-1,-1,-1,-1,-1,-1,-1,-1,-1,-1,0,-1,-1,-1,-1,-1,-1,-1,-1,
-1,1,-1,-1,1,-1,-1,-1,-1,-1,-1,-1,-1,-1,-1,-1,-1,-1,-1,-1,1,-1,-1,-1,-1,-1,-1,-1,-1,-1,1,-1,-1,-1,-1,-1,-1,-1,-1,-1,-1,-1,-1,-1,-1,-1,-1,-1,-1,-1,-1,-1,-1,-1,-1,-1,-1,-1,-1,-1,-1,-1,-1,-1,-1,-1,-1,-1,-1,-1,-1,-1,-1,-1,-1,-1,-1,-1,-1,-1,-1,-1,-1,-1,-1,-1,-1,-1,-1,-1,-1,-1,-1,-1,-1,0,-1,-1,-1,-1,-1,-1,-1,
-1,-1,-1,-1,-1,-1,-1,-1,-1,-1,-1,-1,-1,-1,-1,-1,-1,-1,-1,-1,-1,1,1,-1,-1,-1,-1,-1,-1,-1,-1,-1,-1,-1,-1,-1,-1,-1,-1,-1,-1,-1,-1,-1,-1,-1,-1,-1,-1,-1,-1,-1,-1,-1,-1,-1,-1,-1,-1,-1,-1,-1,-1,-1,-1,-1,-1,-1,-1,-1,-1,-1,-1,1,-1,-1,-1,-1,-1,-1,-1,-1,-1,-1,-1,-1,-1,-1,-1,-1,-1,-1,-1,-1,-1,-1,0,-1,-1,-1,-1,-1,-1,
-1,-1,-1,-1,-1,-1,-1,-1,-1,-1,-1,-1,-1,-1,-1,-1,-1,-1,-1,-1,-1,-1,-1,-1,-1,-1,-1,-1,-1,-1,-1,-1,1,-1,-1,-1,-1,-1,1,-1,-1,-1,-1,-1,-1,-1,-1,-1,-1,-1,-1,-1,-1,-1,-1,-1,-1,-1,-1,-1,-1,-1,-1,-1,-1,-1,-1,-1,-1,-1,-1,-1,-1,-1,-1,-1,-1,-1,-1,-1,-1,-1,-1,-1,-1,-1,-1,-1,-1,-1,-1,-1,-1,-1,-1,-1,-1,0,-1,-1,-1,-1,-1,
-1,-1,-1,1,-1,-1,-1,-1,-1,-1,-1,-1,1,-1,-1,-1,-1,-1,-1,-1,-1,-1,-1,-1,-1,-1,-1,-1,-1,-1,-1,-1,-1,-1,-1,-1,-1,1,-1,-1,-1,-1,-1,-1,-1,-1,-1,-1,-1,-1,-1,-1,-1,-1,-1,-1,-1,-1,-1,-1,-1,-1,-1,-1,-1,-1,-1,-1,-1,-1,-1,-1,-1,-1,-1,-1,-1,-1,-1,-1,-1,-1,-1,-1,-1,-1,-1,-1,-1,-1,-1,-1,-1,-1,-1,-1,-1,-1,0,-1,-1,-1,-1,
-1,1,-1,-1,1,-1,-1,-1,-1,-1,-1,-1,-1,-1,-1,-1,-1,-1,-1,1,-1,-1,-1,-1,-1,-1,-1,-1,-1,-1,-1,-1,-1,-1,-1,-1,-1,-1,-1,-1,-1,-1,-1,-1,-1,-1,-1,-1,-1,-1,-1,-1,-1,-1,-1,-1,-1,-1,-1,-1,-1,-1,-1,-1,-1,-1,-1,-1,-1,-1,-1,-1,-1,-1,-1,-1,-1,-1,-1,-1,-1,-1,-1,-1,-1,-1,-1,-1,-1,-1,-1,-1,-1,-1,-1,-1,-1,-1,-1,0,-1,-1,-1,
1,-1,-1,-1,-1,-1,-1,-1,-1,-1,-1,-1,-1,-1,-1,-1,1,-1,-1,-1,-1,-1,-1,-1,-1,-1,-1,-1,-1,-1,-1,-1,-1,-1,-1,-1,-1,-1,-1,-1,-1,-1,-1,-1,-1,-1,-1,-1,-1,-1,-1,-1,-1,-1,-1,-1,-1,-1,-1,-1,-1,-1,-1,-1,-1,-1,-1,-1,-1,-1,-1,-1,-1,-1,-1,-1,-1,-1,-1,-1,-1,-1,-1,-1,-1,-1,-1,-1,-1,-1,-1,-1,-1,-1,-1,-1,-1,-1,-1,-1,0,-1,-1,
-1,-1,-1,-1,-1,-1,-1,-1,1,-1,-1,-1,-1,-1,-1,-1,-1,-1,-1,-1,-1,-1,-1,-1,-1,-1,-1,-1,-1,-1,-1,-1,-1,-1,-1,-1,-1,-1,-1,1,-1,-1,-1,-1,-1,-1,-1,-1,-1,-1,-1,-1,-1,-1,-1,-1,-1,-1,-1,-1,-1,-1,-1,-1,-1,-1,-1,-1,-1,-1,-1,-1,-1,-1,-1,-1,-1,-1,-1,-1,-1,-1,-1,-1,-1,-1,-1,-1,-1,-1,-1,-1,-1,-1,-1,-1,-1,-1,-1,-1,-1,0,-1,
-1,-1,1,-1,-1,-1,-1,-1,-1,-1,-1,-1,-1,-1,-1,-1,1,-1,-1,1,1,-1,-1,-1,-1,-1,-1,-1,-1,-1,-1,-1,-1,-1,-1,-1,-1,-1,-1,-1,-1,-1,-1,-1,-1,-1,-1,-1,-1,-1,-1,-1,-1,-1,-1,-1,-1,-1,-1,-1,-1,-1,-1,-1,-1,-1,-1,-1,-1,-1,-1,-1,-1,-1,-1,-1,-1,-1,-1,-1,-1,-1,-1,-1,-1,-1,-1,-1,-1,-1,-1,-1,-1,-1,-1,-1,-1,-1,-1,-1,-1,-1,0,

(40,0)
(41,1)
(41,2)
(42,3)
(40,4)
(42,5)
(42,6)
(40,7)
(42,8)
(40,9)
(42,10)
(42,11)
(41,12)
(40,13)
(40,14)
(42,15)
(40,16)
(40,17)
(41,18)
(41,19)
(94,19)
(47,2)
(65,10)
(77,1)
(51,3)
(78,11)
(37,0)
(36,17)
(41,14)
(58,5)
(102,12)
(89,16)
(68,15)
(80,9)
(92,12)
(85,15)
(80,2)
(76,5)
(36,13)
(92,0)
(73,4)
(93,11)
(69,7)
(85,4)
(80,0)
(56,9)
(39,1)
(58,13)
(44,13)
(73,10)
(49,0)
(86,0)
(72,7)
(75,8)
(44,2)
(78,12)
(43,11)
(87,1)
(91,18)
(75,0)
(69,6)
(85,5)
(102,10)
(49,0)
(75,5)
(90,3)
(76,10)
(82,1)
(50,15)
(60,19)
(77,1)
(63,12)
(58,19)
(77,15)
(64,14)
(41,8)
(102,4)
(59,10)
(71,7)
(63,7)
(48,4)
(65,7)
(52,13)
(50,15)
(93,1)
(79,5)
(94,11)
(38,5)
(91,14)
(76,7)
(93,11)
(90,8)
(99,2)
(83,2)
(82,3)
(95,16)
(95,2)
(97,8)
(71,7)
(66,14)
(65,15)
(65,9)
(48,17)
(58,15)
(95,13)
(87,13)
(42,15)
(96,11)
(63,17)
(84,8)
(82,0)
(98,19)
(92,16)
(63,0)
(42,14)
(62,2)
(84,11)
(39,14)
(76,9)
(41,0)
(93,5)
(69,4)
(63,19)
(38,15)
(102,4)
(93,1)
(56,14)
(36,5)
(69,18)
(75,8)
(49,6)
(64,19)
(70,14)
(60,9)
(39,4)
(97,14)
(65,11)
(36,3)
(86,6)
(99,4)
(63,16)
(68,19)
(96,8)
(99,14)
(73,7)
(102,17)
(79,19)
(97,5)
(54,6)
(100,0)
(86,4)
(90,19)
(55,1)
(100,6)
(48,5)
(95,0)
(69,14)
(61,13)
(89,3)
(102,7)
(43,8)
(70,4)
(100,4)
(100,3)
(98,0)
(79,7)
(54,10)
(49,8)
(45,12)
(90,11)
(66,8)
(85,1)
(93,18)
(99,8)
(63,3)
(45,2)
(41,13)
(61,6)
(57,5)
(88,4)
(84,12)
(37,7)
(88,13)
(36,1)
(97,17)
(75,3)
(85,0)
(57,2)
(100,0)
(63,13)
(36,16)
(74,6)
(53,0)
(67,1)
(94,0)
(44,1)
(88,16)
(84,2)
(78,3)
(86,0)
(63,1)
(72,18)
(69,6)
(77,0)
(55,19)
(88,1)
(65,5)
(45,15)
(96,17)
(48,0)
(86,15)
(94,3)
(81,1)
(78,3)
(93,3)
(55,12)
(76,2)
(70,10)
(56,8)
(70,5)
(74,7)
(58,18)
(63,16)
(76,10)
(75,15)
(79,0)
(47,14)
(78,0)
(69,15)
(91,1)
(95,4)
(64,7)
(54,15)
(38,12)
(58,0)
(48,1)
(66,4)
(86,15)
(89,12)
(101,4)
(36,6)
(87,2)
(72,1)
(47,16)
(98,7)
(51,16)
(68,5)
(85,3)
(61,12)
(56,10)
(53,6)
(47,1)
(83,19)
(40,3)
(97,0)
(38,6)
(67,8)
(96,14)
(40,0)
(87,3)
(94,0)
(75,18)
(88,5)
(44,5)
(98,3)
(59,14)
(79,13)
(101,14)
(101,4)
(49,9)
(46,5)
(63,7)
(44,4)
(75,19)
(69,1)
(55,3)
(71,17)
(67,4)
(50,9)
(93,12)
(68,1)
(96,0)
(96,5)
(80,2)
(42,15)
(81,3)
(88,4)
(82,2)
(72,13)
(75,2)
(70,18)
(42,12)
(82,15)
(86,17)
(84,9)
(90,7)
(91,1)
(92,11)
(84,9)
(98,2)
(62,18)
(90,10)
(61,4)
(47,0)
(79,17)
(71,0)
(53,7)
(62,2)
(70,19)
(101,16)
(72,17)
(89,9)
(96,8)
(71,18)
(45,0)
(40,8)
(99,4)
(66,13)
(95,14)
(79,5)
(78,15)
(40,3)
(44,7)
(58,4)
(47,10)
(61,6)
(82,11)
(62,13)
(49,9)
(68,17)
(37,10)
(36,0)
(74,17)
(46,6)
(49,18)
(80,19)
(55,3)
(88,18)
(76,11)
(79,7)
(80,4)
(55,14)
(44,3)
(60,7)
(58,10)
(80,15)
(73,10)
(86,1)
(48,0)
(81,19)
(52,16)
(70,17)
(80,5)
(46,4)
(44,17)
(40,3)
(101,16)
(71,12)
(76,19)
(50,14)
(96,9)
(38,4)
(71,3)
(88,11)
(56,19)
(40,16)
(42,15)
(73,1)
(72,10)
(89,13)
(94,18)
(83,12)
(81,0)
(51,4)
(90,0)
(55,7)
(77,5)
(54,7)
(93,6)
(95,5)
(37,12)
(74,2)
(68,1)
(80,12)
(65,0)
(94,3)
(85,9)
(73,18)
(95,14)
(71,7)
(69,10)
(76,1)
(98,1)
(78,6)
(40,13)
(63,18)
(68,3)
(44,2)
(52,3)
(36,16)
(46,13)
(75,15)
(97,1)
(62,10)
(62,12)
(96,12)
(87,17)
(59,3)
(46,6)
(61,11)
(99,6)
(53,1)
(43,14)
(85,10)
(58,0)
(101,15)
(99,4)
(52,4)
(37,10)
(102,0)
(36,13)
(53,3)
(53,4)
(67,5)
(56,6)
(82,5)
(53,6)
(77,10)
(65,19)
(54,6)
(83,2)
(61,19)
(85,4)
(93,0)
(83,15)
(67,8)
(80,8)
(41,10)
(73,8)
(67,11)
(53,0)
(90,14)
(83,6)
(64,13)
(38,3)
(77,2)
(86,5)
(95,4)
(40,4)
(64,1)
(71,4)
(70,7)
(65,10)
(41,13)
(85,0)
(78,0)
(82,7)
(75,5)
(43,1)
(96,5)
(84,11)
(101,17)
(53,3)
(47,15)
(97,5)
(68,2)
(56,11)
(46,11)
(102,15)
(67,0)
(82,7)
(80,3)
(73,6)
(74,4)
(60,9)
(54,1)
(40,7)
(86,0)
(44,7)
(42,5)
(55,19)
(58,4)
(81,11)
(56,1)
(79,16)
(99,19)
(39,5)
(67,0)
(65,16)
(100,8)
(96,15)
(86,11)
(62,3)
(64,0)
(69,0)
(64,3)
(69,9)
(88,13)
(82,7)
(52,17)
(84,10)
(75,11)
(57,12)
(69,8)
(45,7)
(90,2)
(42,2)
(95,1)
(39,9)
(41,7)
(75,15)
(64,3)
(76,7)
(66,8)
(97,3)
(97,13)
(96,2)
(41,7)
(102,2)
(87,14)
(52,18)
(68,9)
(56,3)
(40,8)
(69,9)
(56,14)
(61,8)
(81,7)
(66,16)
(46,13)
(95,5)
(93,5)
(86,1)
(36,13)
(98,12)
(68,11)
(39,14)
(93,7)
(68,10)
(95,6)
(60,8)
(60,3)
(62,7)
(78,15)
(54,1)
(36,1)
(60,1)
(60,2)
(66,0)
(50,16)
(39,15)
(86,5)
(90,6)
(37,11)
(84,9)
(49,12)
(50,4)
(89,1)
(82,3)
(51,11)
(98,4)
(40,8)
(76,1)
(43,13)
(46,14)
(67,3)
(51,13)
(42,9)
(65,19)
(76,11)
(40,9)
(52,15)
(72,9)
(65,8)
(99,6)
(39,9)
(48,2)
(52,1)
(75,16)
(58,6)
(42,8)
(79,3)
(89,1)
(61,6)
(69,1)
(52,18)
(65,16)
(88,5)
(59,15)
(39,1)
(73,10)
(88,4)
(64,0)
(90,11)
(57,14)
(45,8)
(89,2)
(52,8)
(40,11)
(80,15)
(102,17)
(66,18)
(101,16)
(82,5)
(52,1)
(44,14)
(63,2)
(53,11)
(40,0)
(102,18)
(72,12)
(60,0)
(62,14)
(36,10)
(91,13)
(51,13)
(69,17)
(42,18)
(88,2)
(86,8)
(78,19)
(49,7)
(81,10)
(38,2)
(46,3)
(58,8)
(58,1)
(43,17)
(92,5)
(51,4)
(56,1)
(63,8)
(46,2)
(43,15)
(93,16)
(79,6)
(53,15)
(89,4)
(41,2)
(74,1)
(56,1)
(82,6)
(77,11)
(53,1)
(93,4)
(41,0)
(75,3)
(55,10)
(99,0)
(98,1)
(72,3)
(40,4)
(76,9)
(38,11)
(85,8)
(51,3)
(39,5)
(94,6)
(69,15)
(40,18)
(58,11)
(49,7)
(54,0)
(58,5)
(74,17)
(51,2)
(53,1)
(52,14)
(98,2)
(64,0)
(78,4)
(40,19)
(45,4)
(46,17)
(48,3)
(41,3)
(41,8)
(93,4)
(65,11)
(49,14)
(47,11)
(87,15)
(60,0)
(70,10)
(41,3)
(100,15)
(37,1)
(77,12)
(62,13)
(60,0)
(48,0)
(68,17)
(65,17)
(39,18)
(93,5)
(96,0)
(64,1)
(57,9)
(53,9)
(63,13)
(63,11)
(96,7)
(80,1)
(62,1)
(40,3)
(101,17)
(86,10)
(40,0)
(74,12)
(77,4)
(49,13)
(49,2)
(38,1)
(67,18)
(46,0)
(88,15)
(67,1)
(84,14)
(102,15)
(89,4)
(50,13)
(102,18)
(75,18)
(80,5)
(60,1)
(81,2)
(60,12)
(47,17)
(69,2)
(94,19)
(81,0)
(80,9)
(95,4)
(90,3)
(67,7)
(66,7)
(37,17)
(70,15)
(60,6)
(59,1)
(82,13)
(94,5)
(102,11)
(41,11)
(85,0)
(82,14)
(57,15)
(38,6)
(60,0)
(48,2)
(92,6)
(88,9)
(100,16)
(67,5)
(59,1)
(45,3)
(51,6)
(42,11)
(70,0)
(53,13)
(66,10)
(80,10)
(84,6)
(78,19)
(59,4)
(99,7)
(64,9)
(86,9)
(61,5)
(91,7)
(59,2)
(85,13)
(88,1)
(93,0)
(50,19)
(54,7)
(79,2)
(97,2)
(36,7)
(43,3)
(79,4)
(99,7)
(71,1)
(62,2)
(38,0)
(49,7)
(82,2)
(39,11)
(54,15)
(52,8)
(98,13)
(91,11)
(101,5)
(84,6)
(63,9)
(97,3)
(87,6)
(80,7)
(69,12)
(65,8)
(82,0)
(44,19)
(67,15)
(39,14)
(90,19)
(102,3)
(89,0)
(41,2)
(84,1)
(66,12)
(90,1)
(56,7)
(65,15)
(81,5)
(93,1)
(96,13)
(78,0)
(94,4)
(49,16)
(53,0)
(81,1)
(84,3)
(82,14)
(36,13)
(86,6)
(85,0)
(65,10)
(83,6)
(87,0)
(80,12)
(96,5)
(37,5)
(101,3)
(42,9)
(46,2)
(100,8)
(44,8)
(74,12)
(83,14)
(38,11)
(73,5)
(73,8)
(70,1)
(66,1)
(92,0)
(47,7)
(42,6)
(91,7)
(87,1)
(62,8)
(89,11)
(49,2)
(55,11)
(81,19)
(66,1)
(36,0)
(83,9)
(75,10)
(71,12)
(88,7)
(66,6)
(80,14)
(66,3)
(72,1)
(41,4)
(83,14)
(94,15)
(71,9)
(55,3)
(59,18)
(44,0)
(55,7)
(74,0)
(69,16)
(84,18)
(92,7)
(87,4)
(68,4)
(37,13)
(60,0)
(40,15)
(93,18)
(42,0)
(49,12)
(87,10)
(70,15)
(54,0)
(59,4)
(54,3)
(39,13)
(48,3)
(100,17)
(67,10)
(45,5)
(95,0)
(47,12)
(80,14)
(66,2)
(86,17)
(89,16)
(37,16)
(44,0)
(52,9)
(78,9)
(49,4)
(68,7)
(67,19)
(61,14)
(81,4)
(67,4)
(80,1)
(46,2)
(60,14)
(77,3)
(92,6)
(73,15)
(45,5)
(66,0)
(76,2)
(85,19)
(87,1)
(88,6)
(85,12)
(40,1)
(51,1)
(102,8)
(95,14)
(95,13)
(86,7)
(78,18)
(45,8)
(64,11)
(54,12)
(62,6)
(65,4)
(56,1)
(52,17)
(63,5)
(76,9)
(77,12)
(76,5)
(91,19)
(39,12)
(76,14)
(77,15)
(50,17)
(54,0)
(56,2)
(76,15)
(45,18)
(74,1)
(73,7)
(54,1)
(97,3)
(89,3)
(83,0)
(89,13)
(59,6)
(56,2)
(72,0)
(62,14)
(50,2)
(92,18)
(92,6)
(51,1)
(41,1)
(59,11)
(91,1)
(46,13)
(85,0)
(97,11)
(70,9)
(96,1)
(43,3)
(53,5)
(61,11)
(91,12)
(89,11)
(89,9)
(100,2)
(44,4)
(81,19)
(98,11)
(75,19)
(100,16)
(60,9)
(54,12)
(85,4)
(102,3)
(61,10)
(64,6)
(73,13)
(60,2)
(90,13)
(40,4)
(91,1)
(46,7)
(53,11)
(71,1)
(54,6)
(89,16)
(80,10)
(62,19)
(38,8)
(46,7)
(69,3)
(61,18)
(46,17)
(55,15)
(58,18)
(87,11)
(42,1)
(59,1)
(87,12)
(96,7)
(64,4)
(43,0)
(55,5)
(48,10)
(87,8)
(66,15)
(59,3)
(80,11)
(61,17)
(52,18)
(102,6)
(74,3)
(48,5)
(75,10)
(96,10)
(50,12)
(80,18)
(43,1)
(59,7)
(91,12)
(100,5)
(39,5)
(66,5)
(72,11)
(92,5)
(94,10)
(51,18)
(77,4)
(54,10)
(89,17)
(71,10)
(39,4)
(90,5)
(81,1)
(37,0)
(84,13)
(43,0)
(50,6)
(90,13)
(85,2)
(58,6)
(65,14)
(39,4)
(72,8)
(79,3)
(92,8)
(53,16)
(87,2)
(83,10)
(49,8)
(67,0)
(72,1)
(93,0)
(98,0)
(93,1)
(73,18)
(72,0)
(63,10)
(51,6)
(70,4)
(58,3)
(53,10)
(51,17)
(44,0)
(72,4)
(95,2)
(59,5)
(37,1)
(41,0)
(83,9)
(49,6)
(56,3)
(57,17)
(75,13)
(70,18)
(80,8)
(42,9)
(57,14)
(49,16)
(40,5)
(101,1)
(38,2)
(70,3)
(85,5)
(59,0)
(76,12)
(79,3)
(83,10)
(58,4)
(95,13)
(57,1)
(87,17)
(38,8)
(95,0)
(63,11)
(99,2)
(70,0)
(73,2)
(76,19)
(36,17)
(36,10)
(47,0)
(45,9)
(73,5)
(78,3)
(92,15)
(74,0)
(87,14)
(43,3)
(94,0)
(88,1)
(97,1)
(102,16)
(72,11)
(82,11)
(49,0)
(95,5)
(90,19)
(74,19)
(80,9)
(62,15)
(62,5)
(56,10)
(100,16)
(71,0)
(82,18)
(53,6)
(93,17)
(47,16)
(53,13)
(54,7)
(96,11)
(63,2)
(84,10)
(97,7)
(74,16)
(50,4)
(58,0)
(91,5)
(40,18)
(97,3)
(93,1)
(63,0)
(70,0)
(97,7)
(71,1)
(79,13)
(84,6)
(82,1)
(102,3)
(58,18)
(51,2)
(82,1)
(94,3)
(95,2)
(38,1)
(42,9)
(69,16)
(71,6)
(74,12)
(96,4)
(97,15)
(93,0)
(51,5)
(83,1)
(90,9)
(93,18)
(41,7)
(95,15)
(38,5)
(48,1)
(79,8)
(85,15)
(95,11)
(65,2)
(52,15)
(38,9)
(40,14)
(88,3)
(69,8)
(76,11)
(96,18)
(88,11)
(92,2)
(50,2)
(54,0)
(97,0)
(85,8)
(72,0)
(97,11)
(79,0)
(94,17)
(49,2)
(82,1)
(60,10)
(64,4)
(72,11)
(75,2)
(43,1)
(37,19)
(84,11)
(70,5)
(36,10)
(89,13)
(75,9)
(81,0)
(60,9)
(48,13)
(76,18)
(36,6)
(77,18)
(54,11)
(86,12)
(38,0)
(57,7)
(93,5)
(60,9)
(83,1)
(102,10)
(52,9)
(39,12)
(60,1)
(52,16)
(101,19)
(56,12)
(66,5)
(75,0)
(102,0)
(37,0)
(66,2)
(74,8)
(84,9)
(66,13)
(53,3)
(43,13)
(51,1)
(95,3)
(80,1)
(78,7)
(59,3)
(39,1)
(97,6)
(102,1)
(82,10)
(90,9)
(81,8)
(52,3)
(49,18)
(56,0)
(98,1)
(79,3)
(52,18)
(71,2)
(100,0)
(92,2)
(75,18)
(66,3)
(84,0)
(39,10)
(72,8)
(61,11)
(83,10)
(57,17)
(73,14)
(80,2)
(71,0)
(42,14)
(37,16)
(79,11)
(75,1)
(93,6)
(96,18)
(44,5)
(90,1)
(98,6)
(79,0)
(68,9)
(51,6)
(100,12)
(53,9)
(74,4)
(93,10)
(61,2)
(85,1)
(47,19)
(98,19)
(60,12)
(96,17)
(37,10)
(46,9)
(37,13)
(47,11)
(88,10)
(59,3)
(74,12)
(72,1)
(75,5)
(87,6)
(55,1)
(60,7)
(42,7)
(48,16)
(37,12)
(91,6)
(74,4)
(88,8)
(82,18)
(51,18)
(47,12)
(71,11)
(97,11)
(100,19)
(86,18)
(62,18)
(100,12)
(94,11)
(49,9)
(92,16)
(45,9)
(54,8)
(95,8)
(87,10)
(37,11)
(78,13)
(47,2)
(56,1)
(102,1)
(70,17)
(94,2)
(71,2)
(38,19)
(50,17)
(67,1)
(39,3)
(76,14)
(91,16)
(52,5)
(52,2)
(68,3)
(69,13)
(57,0)
(69,13)
(66,4)
(56,8)
(44,1)
(83,18)
(36,16)
(74,16)
(83,10)
(68,16)
(63,12)
(80,19)
(68,7)
(87,14)
(56,1)
(53,13)
(45,9)
(77,17)
(58,15)
(73,11)
(64,5)
(73,3)
(83,3)
(66,17)
(36,7)
(89,11)
(88,16)
(94,5)
(48,16)
(54,11)
(86,1)
(90,0)
(91,14)
(57,12)
(67,6)
(52,14)
(101,0)
(56,2)
(72,2)
(100,17)
(47,4)
(99,0)
(36,18)
(50,1)
(99,7)
(54,16)
(84,1)
(89,8)
(84,11)
(71,13)
(83,1)
(56,2)
(57,0)
(94,2)
(81,11)
(62,17)
(75,19)
(71,1)
(91,1)
(102,11)
(93,12)
(92,0)
(85,6)
(54,18)
(97,4)
(80,0)
(68,1)
(102,2)
(54,5)
(97,3)
(58,15)
(40,4)
(71,17)
(40,4)
(83,8)
(81,11)
(92,9)
(41,7)
(80,2)
(47,11)
(95,8)
(80,0)
(54,9)
(91,12)
(97,4)
(84,3)
(42,2)
(41,9)
(50,6)
(94,19)
(99,2)
(98,2)
(85,12)
(72,4)
(97,3)
(75,0)
(97,14)
(98,5)
(54,16)
(65,0)
(61,5)
(54,3)
(59,0)
(50,8)
(67,3)
(79,10)
(73,3)
(75,13)
(81,12)
(36,4)
(49,6)
(58,0)
(39,4)
(94,15)
(52,11)
(96,18)
(91,3)
(36,10)
(96,0)
(82,7)
(50,14)
(55,7)
(40,5)
(67,16)
(97,2)
(95,15)
(69,16)
(74,1)
(58,7)
(45,8)
(45,13)
(91,12)
(70,4)
(48,10)
(81,8)
(45,4)
(94,8)
(52,3)
(85,1)
(79,12)
(67,17)
(51,10)
(40,3)
(76,6)
(88,2)
(84,7)
(56,12)
(88,17)
(84,19)
(36,9)
(100,3)
(69,4)
(64,3)
(96,19)
(37,9)
(59,1)
(75,15)
(37,7)
(98,11)
(58,5)
(71,4)
(57,13)
(63,0)
(101,17)
(59,8)
(64,12)
(48,15)
(68,7)
(41,14)
(51,11)
(48,4)
(66,10)
(69,11)
(102,16)
(72,7)
(45,0)
(73,2)
(46,2)
(37,0)
(41,13)
(76,8)
(92,14)
(97,8)
(102,18)
(81,0)
(64,3)
(87,4)
(53,6)
(74,0)
(96,5)
(79,10)
(84,6)
(88,7)
(86,9)
(53,2)
(49,0)
(49,17)
(86,15)
(73,18)
(37,10)
(75,15)
(68,0)
(83,14)
(76,11)
(69,6)
(92,10)
(90,15)
(40,0)
(55,8)
(59,7)
(39,8)
(76,0)
(78,11)
(63,10)
(74,6)
(93,3)
(80,7)
(57,7)
(69,4)
(56,9)
(71,10)
(72,1)
(73,15)
(65,2)
(79,4)
(36,7)
(96,10)
(74,18)
(69,12)
(50,2)
(61,4)
(79,10)
(54,7)
(86,7)
(37,5)
(48,0)
(43,1)
(89,12)
(64,1)
(91,17)
(97,12)
(49,11)
(97,5)
(75,1)
(88,0)
(60,16)
(93,13)
(76,7)
(83,3)
(102,9)
(84,2)
(95,11)
(38,9)
(53,12)
(83,5)
(48,16)
(49,13)
(102,6)
(101,12)
(86,19)
(54,1)
(94,15)
(57,8)
(95,4)
(101,0)
(71,15)
(76,6)
(41,4)
(102,14)
(94,4)
(88,10)
(94,10)
(44,10)
(60,6)
(79,19)
(98,16)
(59,0)
(57,0)
(102,0)
(74,7)
(37,7)
(88,0)
(85,10)
(56,5)
(39,9)
(65,8)
(87,3)
(102,17)
(49,15)
(92,2)
(52,0)
(45,1)
(98,13)
(62,3)
(40,0)
(90,17)
(75,17)
(98,8)
(41,0)
(45,18)
(60,11)
(38,8)
(73,1)
(89,7)
(102,6)
(80,0)
(79,12)
(74,2)
(64,19)
(51,1)
(68,10)
(43,15)
(74,3)
(61,13)
(69,3)
(56,12)
(95,15)
(53,0)
(41,5)
(61,12)
(39,1)
(71,2)
(73,9)
(55,9)
(85,14)
(38,12)
(96,16)
(76,3)
(44,11)
(87,2)
(80,1)
(56,3)
(55,11)
(58,7)
(46,2)
(74,12)
(92,2)
(55,0)
(57,15)
(90,16)
(64,18)
(89,7)
(40,12)
(81,9)
(82,19)
(58,14)
(73,6)
(62,3)
(58,6)
(80,6)
(48,6)
(81,13)
(96,6)
(80,13)
(53,4)
(101,2)
(58,9)
(87,1)
(65,17)
(40,3)
(57,7)
(52,9)
(94,1)
(94,16)
(66,1)
(89,2)
(85,14)
(78,1)
(39,7)
(91,16)
(80,16)
(68,1)
(72,10)
(69,5)
(39,13)
(53,0)
(51,4)
(89,13)
(47,2)
(55,15)
(92,1)
(74,11)
(76,17)
(84,17)
(75,12)
(89,9)
(92,18)
(41,10)
(40,5)
(56,12)
(80,10)
(92,4)
(51,15)
(40,0)
(91,2)
(44,10)
(42,8)
(98,4)
(93,9)
(69,15)
(51,12)
(102,1)
(58,0)
(67,14)
(53,19)
(39,13)
(52,14)
(81,10)
(90,7)
(57,10)
(83,16)
(38,2)
(85,7)
(37,4)
(41,12)
(95,9)
(99,11)
(49,11)
(61,13)
(85,3)
(47,0)
(65,9)
(83,3)
(57,13)
(86,15)
(81,7)
(42,0)
(86,10)
(53,18)
(80,0)
(101,2)
(69,12)
(54,11)
(66,7)
(92,3)
(37,2)
(87,15)
(42,0)
(68,13)
(97,19)
(81,14)
(83,19)
(89,15)
(66,2)
(43,4)
(40,16)
(63,2)
(41,16)
(70,5)
(99,10)
(80,1)
(67,8)
(52,7)
(89,9)
(93,5)
(89,15)
(89,12)
(43,10)
(61,11)
(61,10)
(81,14)
(97,7)
(83,18)
(71,19)
(91,0)
(49,4)
(83,8)
(53,4)
(70,8)
(72,18)
(73,16)
(98,19)
(94,16)
(83,17)
(57,1)
(59,9)
(69,4)
(100,8)
(51,6)
(41,1)
(59,4)
(92,17)
(80,5)
(43,9)
(61,2)
(96,3)
(92,14)
(40,0)
(63,15)
(43,1)
(54,6)
(76,4)
(89,12)
(96,0)
(61,5)
(55,0)
(95,8)
(96,1)
(77,1)
(41,3)
(48,9)
(77,15)
(74,2)
(80,11)
(82,3)
(56,10)
(73,5)
(86,3)
(90,7)
(85,2)
(55,17)
(37,7)
(88,14)
(83,0)
(93,2)
(82,15)
(69,9)
(74,5)
(46,10)
(52,0)
(82,3)
(66,10)
(64,14)
(100,19)
(62,2)
(63,10)
(101,14)
(77,14)
(46,14)
(41,9)
(101,6)
(79,1)
(37,9)
(48,9)
(52,17)
(65,4)
(93,0)
(87,2)
(43,5)
(72,3)
(41,17)
(42,6)
(83,15)
(60,7)
(100,19)
(85,1)
(71,16)
(97,18)
(46,19)
(71,11)
(74,12)
(65,16)
(56,12)
(68,19)
(55,16)
(90,13)
(76,4)
(96,16)
(90,18)
(99,3)
(86,10)
(97,13)
(74,18)
(77,9)
(98,1)
(89,14)
(39,2)
(56,4)
(66,3)
(95,3)
(80,2)
(62,1)
(55,12)
(60,18)
(62,1)
(83,15)
(50,16)
(43,5)
(72,5)
(79,13)
(52,0)
(49,17)
(61,19)
(80,2)
(91,13)
(40,5)
(49,4)
(64,14)
(46,1)
(79,6)
(98,2)
(75,4)
(100,9)
(82,5)
(102,16)
(66,14)
(38,2)
(72,13)
(76,12)
(76,8)
(60,2)
(46,6)
(81,15)
(77,1)
(99,0)
(44,14)
(84,1)
(43,14)
(66,18)
(46,14)
(87,15)
(42,9)
(67,0)
(65,1)
(89,10)
(51,17)
(58,15)
(84,17)
(82,2)
(36,1)
(47,19)
(41,3)
(50,1)
(96,9)
(49,6)
(63,10)
(77,9)
(56,18)
(90,6)
(51,0)
(80,5)
(70,0)
(99,14)
(84,5)
(66,9)
(43,12)
(90,5)
(60,8)
(63,2)
(45,14)
(72,17)
(96,0)
(50,13)
(39,10)
(76,15)
(84,0)
(52,10)
(79,4)
(83,0)
(84,16)
(82,2)
(56,14)
(43,15)
(53,18)
(70,0)
(45,12)
(76,10)
(87,4)
(97,17)
(78,17)
(49,13)
(40,15)
(52,7)
(97,2)
(54,4)
(65,3)
(96,6)
(64,10)
(60,8)
(64,2)
(62,6)
(65,4)
(73,7)
(85,13)
(43,1)
(62,6)
(100,11)
(41,3)
(74,15)
(60,13)
(60,11)
(91,2)
(76,1)
(63,1)
(54,11)
(43,13)
(63,6)
(63,2)
(90,1)
(58,17)
(89,17)
(69,2)
(72,0)
(41,11)
(38,0)
(93,5)
(82,2)
(56,8)
(67,10)
(45,4)
(91,3)
(79,3)
(71,7)
(102,8)
(36,15)
(89,18)
(83,1)
(52,17)
(40,1)
(65,2)
(59,2)
(93,15)
(91,9)
(72,6)
(68,18)
(46,6)
(93,3)
(99,0)
(49,6)
(41,0)
(83,0)
(52,6)
(51,2)
(89,11)
(58,0)
(74,13)
(99,10)
(66,13)
(98,16)
(92,15)
(82,2)
(62,10)
(74,0)
(42,1)
(92,0)
(94,1)
(87,3)
(49,6)
(36,9)
(85,16)
(56,19)
(49,5)
(37,7)
(58,6)
(54,0)
(102,5)
(94,16)
(85,9)
(58,9)
(96,15)
(44,10)
(83,1)
(96,4)
(92,17)
(66,7)
(44,4)
(69,0)
(97,0)
(100,1)
(81,5)
(44,12)
(51,8)
(58,3)
(65,18)
(78,7)
(55,6)
(63,17)
(54,19)
(46,1)
(38,8)
(87,1)
(56,7)
(98,0)
(79,15)
(90,11)
(83,18)
(100,4)
(39,12)
(91,0)
(87,4)
(67,10)
(75,1)
(63,2)
(74,0)
(94,2)
(89,1)
(43,18)
(95,10)
(76,4)
(73,7)
(38,10)
(41,16)
(79,14)
(57,5)
(62,19)
(59,13)
(102,0)
(73,18)
(82,9)
(73,5)
(90,11)
(86,6)
(95,13)
(50,6)
(80,2)
(39,18)
(93,16)
(46,19)
(55,19)
(101,3)
(93,2)
(91,8)
(45,2)
(63,2)
(75,10)
(64,8)
(99,5)
(60,18)
(89,7)
(68,12)
(82,8)
(95,17)
(57,5)
(69,4)
(84,10)
(81,17)
(38,14)
(67,6)
(86,4)
(101,1)
(100,15)
(75,13)
(46,10)
(47,1)
(60,14)
(83,16)
(67,10)
(98,10)
(85,10)
(81,5)
(60,5)
(87,11)
(93,18)
(83,6)
(63,19)
(91,3)
(100,11)
(76,0)
(77,6)
(102,0)
(62,0)
(47,19)
(91,11)
(85,2)
(75,19)
(97,2)
(60,17)
(76,15)
(94,12)
(78,19)
(53,2)
(36,18)
(50,3)
(36,4)
(59,15)
(85,11)
(36,3)
(102,0)
(40,18)
(51,9)
(86,3)
(78,8)
(69,17)
(67,12)
(91,13)
(81,17)
(65,18)
(78,2)
(61,19)
(79,17)
(36,13)
(50,18)
(84,1)
(64,14)
(41,10)
(64,16)
(52,8)
(38,1)
(58,1)
(90,12)
(49,15)
(95,14)
(68,11)
(82,16)
(96,7)

(40,0)
(41,1)
(41,2)
(42,3)
(40,4)
(42,5)
(42,6)
(40,7)
(42,8)
(40,9)
(42,10)
(42,11)
(41,12)
(40,13)
(40,14)
(42,15)
(40,16)
(40,17)
(41,18)
(41,19)
(94,19)
(47,2)
(65,10)
(77,1)
(51,3)
(78,11)
(37,0)
(36,17)
(41,14)
(58,5)
(102,12)
(89,16)
(68,15)
(80,9)
(92,12)
(85,15)
(80,2)
(76,5)
(36,13)
(92,0)
(73,4)
(93,11)
(69,7)
(85,4)
(80,0)
(56,9)
(39,1)
(58,13)
(44,13)
(73,10)
(49,0)
(86,0)
(72,7)
(75,8)
(44,2)
(78,12)
(43,11)
(87,1)
(91,18)
(75,0)
(69,6)
(85,5)
(102,10)
(49,0)
(75,5)
(90,3)
(76,10)
(82,1)
(50,15)
(60,19)
(77,1)
(63,12)
(58,19)
(77,15)
(64,14)
(41,8)
(102,4)
(59,10)
(71,7)
(63,7)
(48,4)
(65,7)
(52,13)
(50,15)
(93,1)
(79,5)
(94,11)
(38,5)
(91,14)
(76,7)
(93,11)
(90,8)
(99,2)
(83,2)
(82,3)
(95,16)
(95,2)
(97,8)
(71,7)
(66,14)
(65,15)
(65,9)
(48,17)
(58,15)
(95,13)
(87,13)
(42,15)
(96,11)
(63,17)
(84,8)
(82,0)
(98,19)
(92,16)
(63,0)
(42,14)
(62,2)
(84,11)
(39,14)
(76,9)
(41,0)
(93,5)
(69,4)
(63,19)
(38,15)
(102,4)
(93,1)
(56,14)
(36,5)
(69,18)
(75,8)
(49,6)
(64,19)
(70,14)
(60,9)
(39,4)
(97,14)
(65,11)
(36,3)
(86,6)
(99,4)
(63,16)
(68,19)
(96,8)
(99,14)
(73,7)
(102,17)
(79,19)
(97,5)
(54,6)
(100,0)
(86,4)
(90,19)
(55,1)
(100,6)
(48,5)
(95,0)
(69,14)
(61,13)
(89,3)
(102,7)
(43,8)
(70,4)
(100,4)
(100,3)
(98,0)
(79,7)
(54,10)
(49,8)
(45,12)
(90,11)
(66,8)
(85,1)
(93,18)
(99,8)
(63,3)
(45,2)
(41,13)
(61,6)
(57,5)
(88,4)
(84,12)
(37,7)
(88,13)
(36,1)
(97,17)
(75,3)
(85,0)
(57,2)
(100,0)
(63,13)
(36,16)
(74,6)
(53,0)
(67,1)
(94,0)
(44,1)
(88,16)
(84,2)
(78,3)
(86,0)
(63,1)
(72,18)
(69,6)
(77,0)
(55,19)
(88,1)
(65,5)
(45,15)
(96,17)
(48,0)
(86,15)
(94,3)
(81,1)
(78,3)
(93,3)
(55,12)
(76,2)
(70,10)
(56,8)
(70,5)
(74,7)
(58,18)
(63,16)
(76,10)
(75,15)
(79,0)
(47,14)
(78,0)
(69,15)
(91,1)
(95,4)
(64,7)
(54,15)
(38,12)
(58,0)
(48,1)
(66,4)
(86,15)
(89,12)
(101,4)
(36,6)
(87,2)
(72,1)
(47,16)
(98,7)
(51,16)
(68,5)
(85,3)
(61,12)
(56,10)
(53,6)
(47,1)
(83,19)
(40,3)
(97,0)
(38,6)
(67,8)
(96,14)
(40,0)
(87,3)
(94,0)
(75,18)
(88,5)
(44,5)
(98,3)
(59,14)
(79,13)
(101,14)
(101,4)
(49,9)
(46,5)
(63,7)
(44,4)
(75,19)
(69,1)
(55,3)
(71,17)
(67,4)
(50,9)
(93,12)
(68,1)
(96,0)
(96,5)
(80,2)
(42,15)
(81,3)
(88,4)
(82,2)
(72,13)
(75,2)
(70,18)
(42,12)
(82,15)
(86,17)
(84,9)
(90,7)
(91,1)
(92,11)
(84,9)
(98,2)
(62,18)
(90,10)
(61,4)
(47,0)
(79,17)
(71,0)
(53,7)
(62,2)
(70,19)
(101,16)
(72,17)
(89,9)
(96,8)
(71,18)
(45,0)
(40,8)
(99,4)
(66,13)
(95,14)
(79,5)
(78,15)
(40,3)
(44,7)
(58,4)
(47,10)
(61,6)
(82,11)
(62,13)
(49,9)
(68,17)
(37,10)
(36,0)
(74,17)
(46,6)
(49,18)
(80,19)
(55,3)
(88,18)
(76,11)
(79,7)
(80,4)
(55,14)
(44,3)
(60,7)
(58,10)
(80,15)
(73,10)
(86,1)
(48,0)
(81,19)
(52,16)
(70,17)
(80,5)
(46,4)
(44,17)
(40,3)
(101,16)
(71,12)
(76,19)
(50,14)
(96,9)
(38,4)
(71,3)
(88,11)
(56,19)
(40,16)
(42,15)
(73,1)
(72,10)
(89,13)
(94,18)
(83,12)
(81,0)
(51,4)
(90,0)
(55,7)
(77,5)
(54,7)
(93,6)
(95,5)
(37,12)
(74,2)
(68,1)
(80,12)
(65,0)
(94,3)
(85,9)
(73,18)
(95,14)
(71,7)
(69,10)
(76,1)
(98,1)
(78,6)
(40,13)
(63,18)
(68,3)
(44,2)
(52,3)
(36,16)
(46,13)
(75,15)
(97,1)
(62,10)
(62,12)
(96,12)
(87,17)
(59,3)
(46,6)
(61,11)
(99,6)
(53,1)
(43,14)
(85,10)
(58,0)
(101,15)
(99,4)
(52,4)
(37,10)
(102,0)
(36,13)
(53,3)
(53,4)
(67,5)
(56,6)
(82,5)
(53,6)
(77,10)
(65,19)
(54,6)
(83,2)
(61,19)
(85,4)
(93,0)
(83,15)
(67,8)
(80,8)
(41,10)
(73,8)
(67,11)
(53,0)
(90,14)
(83,6)
(64,13)
(38,3)
(77,2)
(86,5)
(95,4)
(40,4)
(64,1)
(71,4)
(70,7)
(65,10)
(41,13)
(85,0)
(78,0)
(82,7)
(75,5)
(43,1)
(96,5)
(84,11)
(101,17)
(53,3)
(47,15)
(97,5)
(68,2)
(56,11)
(46,11)
(102,15)
(67,0)
(82,7)
(80,3)
(73,6)
(74,4)
(60,9)
(54,1)
(40,7)
(86,0)
(44,7)
(42,5)
(55,19)
(58,4)
(81,11)
(56,1)
(79,16)
(99,19)
(39,5)
(67,0)
(65,16)
(100,8)
(96,15)
(86,11)
(62,3)
(64,0)
(69,0)
(64,3)
(69,9)
(88,13)
(82,7)
(52,17)
(84,10)
(75,11)
(57,12)
(69,8)
(45,7)
(90,2)
(42,2)
(95,1)
(39,9)
(41,7)
(75,15)
(64,3)
(76,7)
(66,8)
(97,3)
(97,13)
(96,2)
(41,7)
(102,2)
(87,14)
(52,18)
(68,9)
(56,3)
(40,8)
(69,9)
(56,14)
(61,8)
(81,7)
(66,16)
(46,13)
(95,5)
(93,5)
(86,1)
(36,13)
(98,12)
(68,11)
(39,14)
(93,7)
(68,10)
(95,6)
(60,8)
(60,3)
(62,7)
(78,15)
(54,1)
(36,1)
(60,1)
(60,2)
(66,0)
(50,16)
(39,15)
(86,5)
(90,6)
(37,11)
(84,9)
(49,12)
(50,4)
(89,1)
(82,3)
(51,11)
(98,4)
(40,8)
(76,1)
(43,13)
(46,14)
(67,3)
(51,13)
(42,9)
(65,19)
(76,11)
(40,9)
(52,15)
(72,9)
(65,8)
(99,6)
(39,9)
(48,2)
(52,1)
(75,16)
(58,6)
(42,8)
(79,3)
(89,1)
(61,6)
(69,1)
(52,18)
(65,16)
(88,5)
(59,15)
(39,1)
(73,10)
(88,4)
(64,0)
(90,11)
(57,14)
(45,8)
(89,2)
(52,8)
(40,11)
(80,15)
(102,17)
(66,18)
(101,16)
(82,5)
(52,1)
(44,14)
(63,2)
(53,11)
(40,0)
(102,18)
(72,12)
(60,0)
(62,14)
(36,10)
(91,13)
(51,13)
(69,17)
(42,18)
(88,2)
(86,8)
(78,19)
(49,7)
(81,10)
(38,2)
(46,3)
(58,8)
(58,1)
(43,17)
(92,5)
(51,4)
(56,1)
(63,8)
(46,2)
(43,15)
(93,16)
(79,6)
(53,15)
(89,4)
(41,2)
(74,1)
(56,1)
(82,6)
(77,11)
(53,1)
(93,4)
(41,0)
(75,3)
(55,10)
(99,0)
(98,1)
(72,3)
(40,4)
(76,9)
(38,11)
(85,8)
(51,3)
(39,5)
(94,6)
(69,15)
(40,18)
(58,11)
(49,7)
(54,0)
(58,5)
(74,17)
(51,2)
(53,1)
(52,14)
(98,2)
(64,0)
(78,4)
(40,19)
(45,4)
(46,17)
(48,3)
(41,3)
(41,8)
(93,4)
(65,11)
(49,14)
(47,11)
(87,15)
(60,0)
(70,10)
(41,3)
(100,15)
(37,1)
(77,12)
(62,13)
(60,0)
(48,0)
(68,17)
(65,17)
(39,18)
(93,5)
(96,0)
(64,1)
(57,9)
(53,9)
(63,13)
(63,11)
(96,7)
(80,1)
(62,1)
(40,3)
(101,17)
(86,10)
(40,0)
(74,12)
(77,4)
(49,13)
(49,2)
(38,1)
(67,18)
(46,0)
(88,15)
(67,1)
(84,14)
(102,15)
(89,4)
(50,13)
(102,18)
(75,18)
(80,5)
(60,1)
(81,2)
(60,12)
(47,17)
(69,2)
(94,19)
(81,0)
(80,9)
(95,4)
(90,3)
(67,7)
(66,7)
(37,17)
(70,15)
(60,6)
(59,1)
(82,13)
(94,5)
(102,11)
(41,11)
(85,0)
(82,14)
(57,15)
(38,6)
(60,0)
(48,2)
(92,6)
(88,9)
(100,16)
(67,5)
(59,1)
(45,3)
(51,6)
(42,11)
(70,0)
(53,13)
(66,10)
(80,10)
(84,6)
(78,19)
(59,4)
(99,7)
(64,9)
(86,9)
(61,5)
(91,7)
(59,2)
(85,13)
(88,1)
(93,0)
(50,19)
(54,7)
(79,2)
(97,2)
(36,7)
(43,3)
(79,4)
(99,7)
(71,1)
(62,2)
(38,0)
(49,7)
(82,2)
(39,11)
(54,15)
(52,8)
(98,13)
(91,11)
(101,5)
(84,6)
(63,9)
(97,3)
(87,6)
(80,7)
(69,12)
(65,8)
(82,0)
(44,19)
(67,15)
(39,14)
(90,19)
(102,3)
(89,0)
(41,2)
(84,1)
(66,12)
(90,1)
(56,7)
(65,15)
(81,5)
(93,1)
(96,13)
(78,0)
(94,4)
(49,16)
(53,0)
(81,1)
(84,3)
(82,14)
(36,13)
(86,6)
(85,0)
(65,10)
(83,6)
(87,0)
(80,12)
(96,5)
(37,5)
(101,3)
(42,9)
(46,2)
(100,8)
(44,8)
(74,12)
(83,14)
(38,11)
(73,5)
(73,8)
(70,1)
(66,1)
(92,0)
(47,7)
(42,6)
(91,7)
(87,1)
(62,8)
(89,11)
(49,2)
(55,11)
(81,19)
(66,1)
(36,0)
(83,9)
(75,10)
(71,12)
(88,7)
(66,6)
(80,14)
(66,3)
(72,1)
(41,4)
(83,14)
(94,15)
(71,9)
(55,3)
(59,18)
(44,0)
(55,7)
(74,0)
(69,16)
(84,18)
(92,7)
(87,4)
(68,4)
(37,13)
(60,0)
(40,15)
(93,18)
(42,0)
(49,12)
(87,10)
(70,15)
(54,0)
(59,4)
(54,3)
(39,13)
(48,3)
(100,17)
(67,10)
(45,5)
(95,0)
(47,12)
(80,14)
(66,2)
(86,17)
(89,16)
(37,16)
(44,0)
(52,9)
(78,9)
(49,4)
(68,7)
(67,19)
(61,14)
(81,4)
(67,4)
(80,1)
(46,2)
(60,14)
(77,3)
(92,6)
(73,15)
(45,5)
(66,0)
(76,2)
(85,19)
(87,1)
(88,6)
(85,12)
(40,1)
(51,1)
(102,8)
(95,14)
(95,13)
(86,7)
(78,18)
(45,8)
(64,11)
(54,12)
(62,6)
(65,4)
(56,1)
(52,17)
(63,5)
(76,9)
(77,12)
(76,5)
(91,19)
(39,12)
(76,14)
(77,15)
(50,17)
(54,0)
(56,2)
(76,15)
(45,18)
(74,1)
(73,7)
(54,1)
(97,3)
(89,3)
(83,0)
(89,13)
(59,6)
(56,2)
(72,0)
(62,14)
(50,2)
(92,18)
(92,6)
(51,1)
(41,1)
(59,11)
(91,1)
(46,13)
(85,0)
(97,11)
(70,9)
(96,1)
(43,3)
(53,5)
(61,11)
(91,12)
(89,11)
(89,9)
(100,2)
(44,4)
(81,19)
(98,11)
(75,19)
(100,16)
(60,9)
(54,12)
(85,4)
(102,3)
(61,10)
(64,6)
(73,13)
(60,2)
(90,13)
(40,4)
(91,1)
(46,7)
(53,11)
(71,1)
(54,6)
(89,16)
(80,10)
(62,19)
(38,8)
(46,7)
(69,3)
(61,18)
(46,17)
(55,15)
(58,18)
(87,11)
(42,1)
(59,1)
(87,12)
(96,7)
(64,4)
(43,0)
(55,5)
(48,10)
(87,8)
(66,15)
(59,3)
(80,11)
(61,17)
(52,18)
(102,6)
(74,3)
(48,5)
(75,10)
(96,10)
(50,12)
(80,18)
(43,1)
(59,7)
(91,12)
(100,5)
(39,5)
(66,5)
(72,11)
(92,5)
(94,10)
(51,18)
(77,4)
(54,10)
(89,17)
(71,10)
(39,4)
(90,5)
(81,1)
(37,0)
(84,13)
(43,0)
(50,6)
(90,13)
(85,2)
(58,6)
(65,14)
(39,4)
(72,8)
(79,3)
(92,8)
(53,16)
(87,2)
(83,10)
(49,8)
(67,0)
(72,1)
(93,0)
(98,0)
(93,1)
(73,18)
(72,0)
(63,10)
(51,6)
(70,4)
(58,3)
(53,10)
(51,17)
(44,0)
(72,4)
(95,2)
(59,5)
(37,1)
(41,0)
(83,9)
(49,6)
(56,3)
(57,17)
(75,13)
(70,18)
(80,8)
(42,9)
(57,14)
(49,16)
(40,5)
(101,1)
(38,2)
(70,3)
(85,5)
(59,0)
(76,12)
(79,3)
(83,10)
(58,4)
(95,13)
(57,1)
(87,17)
(38,8)
(95,0)
(63,11)
(99,2)
(70,0)
(73,2)
(76,19)
(36,17)
(36,10)
(47,0)
(45,9)
(73,5)
(78,3)
(92,15)
(74,0)
(87,14)
(43,3)
(94,0)
(88,1)
(97,1)
(102,16)
(72,11)
(82,11)
(49,0)
(95,5)
(90,19)
(74,19)
(80,9)
(62,15)
(62,5)
(56,10)
(100,16)
(71,0)
(82,18)
(53,6)
(93,17)
(47,16)
(53,13)
(54,7)
(96,11)
(63,2)
(84,10)
(97,7)
(74,16)
(50,4)
(58,0)
(91,5)
(40,18)
(97,3)
(93,1)
(63,0)
(70,0)
(97,7)
(71,1)
(79,13)
(84,6)
(82,1)
(102,3)
(58,18)
(51,2)
(82,1)
(94,3)
(95,2)
(38,1)
(42,9)
(69,16)
(71,6)
(74,12)
(96,4)
(97,15)
(93,0)
(51,5)
(83,1)
(90,9)
(93,18)
(41,7)
(95,15)
(38,5)
(48,1)
(79,8)
(85,15)
(95,11)
(65,2)
(52,15)
(38,9)
(40,14)
(88,3)
(69,8)
(76,11)
(96,18)
(88,11)
(92,2)
(50,2)
(54,0)
(97,0)
(85,8)
(72,0)
(97,11)
(79,0)
(94,17)
(49,2)
(82,1)
(60,10)
(64,4)
(72,11)
(75,2)
(43,1)
(37,19)
(84,11)
(70,5)
(36,10)
(89,13)
(75,9)
(81,0)
(60,9)
(48,13)
(76,18)
(36,6)
(77,18)
(54,11)
(86,12)
(38,0)
(57,7)
(93,5)
(60,9)
(83,1)
(102,10)
(52,9)
(39,12)
(60,1)
(52,16)
(101,19)
(56,12)
(66,5)
(75,0)
(102,0)
(37,0)
(66,2)
(74,8)
(84,9)
(66,13)
(53,3)
(43,13)
(51,1)
(95,3)
(80,1)
(78,7)
(59,3)
(39,1)
(97,6)
(102,1)
(82,10)
(90,9)
(81,8)
(52,3)
(49,18)
(56,0)
(98,1)
(79,3)
(52,18)
(71,2)
(100,0)
(92,2)
(75,18)
(66,3)
(84,0)
(39,10)
(72,8)
(61,11)
(83,10)
(57,17)
(73,14)
(80,2)
(71,0)
(42,14)
(37,16)
(79,11)
(75,1)
(93,6)
(96,18)
(44,5)
(90,1)
(98,6)
(79,0)
(68,9)
(51,6)
(100,12)
(53,9)
(74,4)
(93,10)
(61,2)
(85,1)
(47,19)
(98,19)
(60,12)
(96,17)
(37,10)
(46,9)
(37,13)
(47,11)
(88,10)
(59,3)
(74,12)
(72,1)
(75,5)
(87,6)
(55,1)
(60,7)
(42,7)
(48,16)
(37,12)
(91,6)
(74,4)
(88,8)
(82,18)
(51,18)
(47,12)
(71,11)
(97,11)
(100,19)
(86,18)
(62,18)
(100,12)
(94,11)
(49,9)
(92,16)
(45,9)
(54,8)
(95,8)
(87,10)
(37,11)
(78,13)
(47,2)
(56,1)
(102,1)
(70,17)
(94,2)
(71,2)
(38,19)
(50,17)
(67,1)
(39,3)
(76,14)
(91,16)
(52,5)
(52,2)
(68,3)
(69,13)
(57,0)
(69,13)
(66,4)
(56,8)
(44,1)
(83,18)
(36,16)
(74,16)
(83,10)
(68,16)
(63,12)
(80,19)
(68,7)
(87,14)
(56,1)
(53,13)
(45,9)
(77,17)
(58,15)
(73,11)
(64,5)
(73,3)
(83,3)
(66,17)
(36,7)
(89,11)
(88,16)
(94,5)
(48,16)
(54,11)
(86,1)
(90,0)
(91,14)
(57,12)
(67,6)
(52,14)
(101,0)
(56,2)
(72,2)
(100,17)
(47,4)
(99,0)
(36,18)
(50,1)
(99,7)
(54,16)
(84,1)
(89,8)
(84,11)
(71,13)
(83,1)
(56,2)
(57,0)
(94,2)
(81,11)
(62,17)
(75,19)
(71,1)
(91,1)
(102,11)
(93,12)
(92,0)
(85,6)
(54,18)
(97,4)
(80,0)
(68,1)
(102,2)
(54,5)
(97,3)
(58,15)
(40,4)
(71,17)
(40,4)
(83,8)
(81,11)
(92,9)
(41,7)
(80,2)
(47,11)
(95,8)
(80,0)
(54,9)
(91,12)
(97,4)
(84,3)
(42,2)
(41,9)
(50,6)
(94,19)
(99,2)
(98,2)
(85,12)
(72,4)
(97,3)
(75,0)
(97,14)
(98,5)
(54,16)
(65,0)
(61,5)
(54,3)
(59,0)
(50,8)
(67,3)
(79,10)
(73,3)
(75,13)
(81,12)
(36,4)
(49,6)
(58,0)
(39,4)
(94,15)
(52,11)
(96,18)
(91,3)
(36,10)
(96,0)
(82,7)
(50,14)
(55,7)
(40,5)
(67,16)
(97,2)
(95,15)
(69,16)
(74,1)
(58,7)
(45,8)
(45,13)
(91,12)
(70,4)
(48,10)
(81,8)
(45,4)
(94,8)
(52,3)
(85,1)
(79,12)
(67,17)
(51,10)
(40,3)
(76,6)
(88,2)
(84,7)
(56,12)
(88,17)
(84,19)
(36,9)
(100,3)
(69,4)
(64,3)
(96,19)
(37,9)
(59,1)
(75,15)
(37,7)
(98,11)
(58,5)
(71,4)
(57,13)
(63,0)
(101,17)
(59,8)
(64,12)
(48,15)
(68,7)
(41,14)
(51,11)
(48,4)
(66,10)
(69,11)
(102,16)
(72,7)
(45,0)
(73,2)
(46,2)
(37,0)
(41,13)
(76,8)
(92,14)
(97,8)
(102,18)
(81,0)
(64,3)
(87,4)
(53,6)
(74,0)
(96,5)
(79,10)
(84,6)
(88,7)
(86,9)
(53,2)
(49,0)
(49,17)
(86,15)
(73,18)
(37,10)
(75,15)
(68,0)
(83,14)
(76,11)
(69,6)
(92,10)
(90,15)
(40,0)
(55,8)
(59,7)
(39,8)
(76,0)
(78,11)
(63,10)
(74,6)
(93,3)
(80,7)
(57,7)
(69,4)
(56,9)
(71,10)
(72,1)
(73,15)
(65,2)
(79,4)
(36,7)
(96,10)
(74,18)
(69,12)
(50,2)
(61,4)
(79,10)
(54,7)
(86,7)
(37,5)
(48,0)
(43,1)
(89,12)
(64,1)
(91,17)
(97,12)
(49,11)
(97,5)
(75,1)
(88,0)
(60,16)
(93,13)
(76,7)
(83,3)
(102,9)
(84,2)
(95,11)
(38,9)
(53,12)
(83,5)
(48,16)
(49,13)
(102,6)
(101,12)
(86,19)
(54,1)
(94,15)
(57,8)
(95,4)
(101,0)
(71,15)
(76,6)
(41,4)
(102,14)
(94,4)
(88,10)
(94,10)
(44,10)
(60,6)
(79,19)
(98,16)
(59,0)
(57,0)
(102,0)
(74,7)
(37,7)
(88,0)
(85,10)
(56,5)
(39,9)
(65,8)
(87,3)
(102,17)
(49,15)
(92,2)
(52,0)
(45,1)
(98,13)
(62,3)
(40,0)
(90,17)
(75,17)
(98,8)
(41,0)
(45,18)
(60,11)
(38,8)
(73,1)
(89,7)
(102,6)
(80,0)
(79,12)
(74,2)
(64,19)
(51,1)
(68,10)
(43,15)
(74,3)
(61,13)
(69,3)
(56,12)
(95,15)
(53,0)
(41,5)
(61,12)
(39,1)
(71,2)
(73,9)
(55,9)
(85,14)
(38,12)
(96,16)
(76,3)
(44,11)
(87,2)
(80,1)
(56,3)
(55,11)
(58,7)
(46,2)
(74,12)
(92,2)
(55,0)
(57,15)
(90,16)
(64,18)
(89,7)
(40,12)
(81,9)
(82,19)
(58,14)
(73,6)
(62,3)
(58,6)
(80,6)
(48,6)
(81,13)
(96,6)
(80,13)
(53,4)
(101,2)
(58,9)
(87,1)
(65,17)
(40,3)
(57,7)
(52,9)
(94,1)
(94,16)
(66,1)
(89,2)
(85,14)
(78,1)
(39,7)
(91,16)
(80,16)
(68,1)
(72,10)
(69,5)
(39,13)
(53,0)
(51,4)
(89,13)
(47,2)
(55,15)
(92,1)
(74,11)
(76,17)
(84,17)
(75,12)
(89,9)
(92,18)
(41,10)
(40,5)
(56,12)
(80,10)
(92,4)
(51,15)
(40,0)
(91,2)
(44,10)
(42,8)
(98,4)
(93,9)
(69,15)
(51,12)
(102,1)
(58,0)
(67,14)
(53,19)
(39,13)
(52,14)
(81,10)
(90,7)
(57,10)
(83,16)
(38,2)
(85,7)
(37,4)
(41,12)
(95,9)
(99,11)
(49,11)
(61,13)
(85,3)
(47,0)
(65,9)
(83,3)
(57,13)
(86,15)
(81,7)
(42,0)
(86,10)
(53,18)
(80,0)
(101,2)
(69,12)
(54,11)
(66,7)
(92,3)
(37,2)
(87,15)
(42,0)
(68,13)
(97,19)
(81,14)
(83,19)
(89,15)
(66,2)
(43,4)
(40,16)
(63,2)
(41,16)
(70,5)
(99,10)
(80,1)
(67,8)
(52,7)
(89,9)
(93,5)
(89,15)
(89,12)
(43,10)
(61,11)
(61,10)
(81,14)
(97,7)
(83,18)
(71,19)
(91,0)
(49,4)
(83,8)
(53,4)
(70,8)
(72,18)
(73,16)
(98,19)
(94,16)
(83,17)
(57,1)
(59,9)
(69,4)
(100,8)
(51,6)
(41,1)
(59,4)
(92,17)
(80,5)
(43,9)
(61,2)
(96,3)
(92,14)
(40,0)
(63,15)
(43,1)
(54,6)
(76,4)
(89,12)
(96,0)
(61,5)
(55,0)
(95,8)
(96,1)
(77,1)
(41,3)
(48,9)
(77,15)
(74,2)
(80,11)
(82,3)
(56,10)
(73,5)
(86,3)
(90,7)
(85,2)
(55,17)
(37,7)
(88,14)
(83,0)
(93,2)
(82,15)
(69,9)
(74,5)
(46,10)
(52,0)
(82,3)
(66,10)
(64,14)
(100,19)
(62,2)
(63,10)
(101,14)
(77,14)
(46,14)
(41,9)
(101,6)
(79,1)
(37,9)
(48,9)
(52,17)
(65,4)
(93,0)
(87,2)
(43,5)
(72,3)
(41,17)
(42,6)
(83,15)
(60,7)
(100,19)
(85,1)
(71,16)
(97,18)
(46,19)
(71,11)
(74,12)
(65,16)
(56,12)
(68,19)
(55,16)
(90,13)
(76,4)
(96,16)
(90,18)
(99,3)
(86,10)
(97,13)
(74,18)
(77,9)
(98,1)
(89,14)
(39,2)
(56,4)
(66,3)
(95,3)
(80,2)
(62,1)
(55,12)
(60,18)
(62,1)
(83,15)
(50,16)
(43,5)
(72,5)
(79,13)
(52,0)
(49,17)
(61,19)
(80,2)
(91,13)
(40,5)
(49,4)
(64,14)
(46,1)
(79,6)
(98,2)
(75,4)
(100,9)
(82,5)
(102,16)
(66,14)
(38,2)
(72,13)
(76,12)
(76,8)
(60,2)
(46,6)
(81,15)
(77,1)
(99,0)
(44,14)
(84,1)
(43,14)
(66,18)
(46,14)
(87,15)
(42,9)
(67,0)
(65,1)
(89,10)
(51,17)
(58,15)
(84,17)
(82,2)
(36,1)
(47,19)
(41,3)
(50,1)
(96,9)
(49,6)
(63,10)
(77,9)
(56,18)
(90,6)
(51,0)
(80,5)
(70,0)
(99,14)
(84,5)
(66,9)
(43,12)
(90,5)
(60,8)
(63,2)
(45,14)
(72,17)
(96,0)
(50,13)
(39,10)
(76,15)
(84,0)
(52,10)
(79,4)
(83,0)
(84,16)
(82,2)
(56,14)
(43,15)
(53,18)
(70,0)
(45,12)
(76,10)
(87,4)
(97,17)
(78,17)
(49,13)
(40,15)
(52,7)
(97,2)
(54,4)
(65,3)
(96,6)
(64,10)
(60,8)
(64,2)
(62,6)
(65,4)
(73,7)
(85,13)
(43,1)
(62,6)
(100,11)
(41,3)
(74,15)
(60,13)
(60,11)
(91,2)
(76,1)
(63,1)
(54,11)
(43,13)
(63,6)
(63,2)
(90,1)
(58,17)
(89,17)
(69,2)
(72,0)
(41,11)
(38,0)
(93,5)
(82,2)
(56,8)
(67,10)
(45,4)
(91,3)
(79,3)
(71,7)
(102,8)
(36,15)
(89,18)
(83,1)
(52,17)
(40,1)
(65,2)
(59,2)
(93,15)
(91,9)
(72,6)
(68,18)
(46,6)
(93,3)
(99,0)
(49,6)
(41,0)
(83,0)
(52,6)
(51,2)
(89,11)
(58,0)
(74,13)
(99,10)
(66,13)
(98,16)
(92,15)
(82,2)
(62,10)
(74,0)
(42,1)
(92,0)
(94,1)
(87,3)
(49,6)
(36,9)
(85,16)
(56,19)
(49,5)
(37,7)
(58,6)
(54,0)
(102,5)
(94,16)
(85,9)
(58,9)
(96,15)
(44,10)
(83,1)
(96,4)
(92,17)
(66,7)
(44,4)
(69,0)
(97,0)
(100,1)
(81,5)
(44,12)
(51,8)
(58,3)
(65,18)
(78,7)
(55,6)
(63,17)
(54,19)
(46,1)
(38,8)
(87,1)
(56,7)
(98,0)
(79,15)
(90,11)
(83,18)
(100,4)
(39,12)
(91,0)
(87,4)
(67,10)
(75,1)
(63,2)
(74,0)
(94,2)
(89,1)
(43,18)
(95,10)
(76,4)
(73,7)
(38,10)
(41,16)
(79,14)
(57,5)
(62,19)
(59,13)
(102,0)
(73,18)
(82,9)
(73,5)
(90,11)
(86,6)
(95,13)
(50,6)
(80,2)
(39,18)
(93,16)
(46,19)
(55,19)
(101,3)
(93,2)
(91,8)
(45,2)
(63,2)
(75,10)
(64,8)
(99,5)
(60,18)
(89,7)
(68,12)
(82,8)
(95,17)
(57,5)
(69,4)
(84,10)
(81,17)
(38,14)
(67,6)
(86,4)
(101,1)
(100,15)
(75,13)
(46,10)
(47,1)
(60,14)
(83,16)
(67,10)
(98,10)
(85,10)
(81,5)
(60,5)
(87,11)
(93,18)
(83,6)
(63,19)
(91,3)
(100,11)
(76,0)
(77,6)
(102,0)
(62,0)
(47,19)
(91,11)
(85,2)
(75,19)
(97,2)
(60,17)
(76,15)
(94,12)
(78,19)
(53,2)
(36,18)
(50,3)
(36,4)
(59,15)
(85,11)
(36,3)
(102,0)
(40,18)
(51,9)
(86,3)
(78,8)
(69,17)
(67,12)
(91,13)
(81,17)
(65,18)
(78,2)
(61,19)
(79,17)
(36,13)
(50,18)
(84,1)
(64,14)
(41,10)
(64,16)
(52,8)
(38,1)
(58,1)
(90,12)
(49,15)
(95,14)
(68,11)
(82,16)
(96,7)
0.popular= 0.088444
1.popular= 0.082667
2.popular= 0.065333
3.popular= 0.060889
4.popular= 0.055556
5.popular= 0.051111
6.popular= 0.047111
7.popular= 0.051111
8.popular= 0.041778
9.popular= 0.044000
10.popular= 0.051111
11.popular= 0.048444
12.popular= 0.041333
13.popular= 0.042222
14.popular= 0.038667
15.popular= 0.045778
16.popular= 0.035556
17.popular= 0.036889
18.popular= 0.038222
19.popular= 0.033778

peer 0 neighbors is: 28, 90, 67, 100, 40, 7, 83, 55, 3, 24, 5, 10, 13, 32, 33, 45, 
peer 1 neighbors is: 21, 52, 87, 86, 42, 71, 48, 23, 95, 99, 5, 8, 11, 18, 
peer 2 neighbors is: 14, 23, 5, 79, 81, 89, 33, 102, 37, 12, 15, 18, 
peer 3 neighbors is: 0, 56, 26, 98, 44, 40, 65, 20, 37, 48, 12, 33, 
peer 4 neighbors is: 80, 99, 35, 67, 68, 82, 62, 89, 95, 50, 11, 28, 
peer 5 neighbors is: 2, 1, 84, 34, 0, 30, 38, 37, 43, 16, 6, 17, 23, 
peer 6 neighbors is: 58, 32, 5, 10, 52, 73, 7, 12, 79, 27, 18, 25, 39, 
peer 7 neighbors is: 0, 6, 15, 64, 36, 90, 89, 66, 21, 12, 10, 
peer 8 neighbors is: 29, 42, 54, 1, 24, 101, 14, 43, 62, 13, 26, 31, 34, 
peer 9 neighbors is: 16, 79, 84, 67, 70, 34, 66, 51, 86, 93, 18, 
peer 10 neighbors is: 6, 89, 62, 26, 0, 47, 7, 22, 38, 39, 
peer 11 neighbors is: 1, 53, 28, 22, 81, 27, 4, 26, 90, 39, 12, 
peer 12 neighbors is: 2, 6, 7, 98, 62, 3, 59, 84, 39, 11, 13, 29, 
peer 13 neighbors is: 8, 91, 12, 15, 42, 64, 49, 0, 77, 86, 17, 
peer 14 neighbors is: 2, 8, 25, 79, 58, 93, 74, 54, 85, 89, 15, 18, 30, 38, 
peer 15 neighbors is: 7, 13, 71, 83, 90, 20, 2, 14, 37, 34, 16, 25, 27, 41, 
peer 16 neighbors is: 5, 9, 15, 100, 47, 40, 20, 102, 50, 62, 27, 39, 
peer 17 neighbors is: 33, 5, 41, 75, 13, 37, 40, 65, 86, 26, 29, 36, 
peer 18 neighbors is: 1, 9, 65, 6, 81, 49, 14, 28, 51, 2, 
peer 19 neighbors is: 22, 44, 102, 58, 30, 91, 40, 87, 50, 99, 33, 
peer 20 neighbors is: 3, 15, 16, 47, 34, 59, 102, 95, 50, 86, 29, 35, 40, 
peer 21 neighbors is: 1, 7, 81, 86, 42, 96, 37, 49, 89, 55, 33, 
peer 22 neighbors is: 10, 11, 19, 43, 92, 77, 72, 96, 56, 42, 24, 31, 
peer 23 neighbors is: 1, 2, 51, 36, 32, 81, 70, 5, 45, 75, 25, 39, 
peer 24 neighbors is: 0, 8, 22, 34, 50, 85, 77, 80, 92, 54, 
peer 25 neighbors is: 14, 15, 64, 41, 42, 72, 62, 60, 23, 6, 
peer 26 neighbors is: 3, 10, 11, 17, 8, 28, 63, 43, 91, 32, 
peer 27 neighbors is: 6, 11, 15, 51, 50, 39, 40, 58, 80, 16, 42, 
peer 28 neighbors is: 0, 11, 18, 26, 64, 4, 61, 57, 33, 70, 31, 42, 
peer 29 neighbors is: 8, 40, 70, 30, 76, 12, 20, 17, 60, 58, 33, 
peer 30 neighbors is: 5, 19, 29, 95, 39, 92, 43, 66, 86, 14, 31, 35, 
peer 31 neighbors is: 8, 78, 77, 62, 79, 47, 30, 64, 28, 22, 32, 35, 
peer 32 neighbors is: 6, 23, 26, 78, 0, 52, 31, 34, 97, 77, 
peer 33 neighbors is: 2, 17, 28, 21, 88, 93, 3, 19, 29, 0, 36, 38, 41, 42, 
peer 34 neighbors is: 5, 9, 15, 20, 24, 32, 8, 44, 82, 52, 
peer 35 neighbors is: 4, 62, 46, 30, 92, 68, 31, 20, 57, 85, 36, 76, 
peer 36 neighbors is: 7, 23, 68, 17, 35, 37, 33, 78, 66, 67, 39, 
peer 37 neighbors is: 2, 3, 5, 15, 17, 21, 36, 98, 40, 94, 
peer 38 neighbors is: 5, 10, 80, 58, 33, 14, 87, 59, 97, 94, 
peer 39 neighbors is: 10, 11, 12, 27, 30, 16, 101, 23, 6, 36, 
peer 40 neighbors is: 0, 3, 16, 17, 19, 27, 29, 37, 20, 92, 41, 
peer 41 neighbors is: 17, 25, 94, 90, 74, 66, 15, 40, 82, 33, 
peer 42 neighbors is: 1, 8, 13, 21, 22, 25, 33, 28, 83, 27, 
peer 43 neighbors is: 5, 8, 22, 26, 30, 
peer 44 neighbors is: 3, 19, 34, 
peer 45 neighbors is: 23, 0, 
peer 46 neighbors is: 35, 53, 63, 
peer 47 neighbors is: 10, 16, 20, 31, 69, 
peer 48 neighbors is: 1, 3, 
peer 49 neighbors is: 13, 18, 21, 
peer 50 neighbors is: 4, 16, 19, 20, 24, 27, 
peer 51 neighbors is: 9, 18, 23, 27, 
peer 52 neighbors is: 1, 6, 32, 34, 
peer 53 neighbors is: 11, 46, 
peer 54 neighbors is: 8, 14, 24, 
peer 55 neighbors is: 0, 21, 
peer 56 neighbors is: 3, 22, 
peer 57 neighbors is: 28, 35, 61, 
peer 58 neighbors is: 6, 14, 19, 27, 29, 38, 
peer 59 neighbors is: 12, 20, 38, 
peer 60 neighbors is: 25, 29, 
peer 61 neighbors is: 28, 57, 
peer 62 neighbors is: 4, 8, 10, 12, 16, 25, 31, 35, 
peer 63 neighbors is: 26, 46, 
peer 64 neighbors is: 7, 13, 25, 28, 31, 
peer 65 neighbors is: 3, 17, 18, 
peer 66 neighbors is: 7, 9, 30, 36, 41, 
peer 67 neighbors is: 0, 4, 9, 36, 
peer 68 neighbors is: 4, 35, 36, 
peer 69 neighbors is: 71, 47, 
peer 70 neighbors is: 9, 23, 28, 29, 
peer 71 neighbors is: 1, 15, 69, 
peer 72 neighbors is: 22, 25, 
peer 73 neighbors is: 6, 96, 
peer 74 neighbors is: 14, 41, 
peer 75 neighbors is: 17, 23, 
peer 76 neighbors is: 29, 35, 
peer 77 neighbors is: 13, 22, 24, 31, 32, 
peer 78 neighbors is: 31, 32, 36, 
peer 79 neighbors is: 2, 6, 9, 14, 31, 
peer 80 neighbors is: 4, 24, 27, 38, 
peer 81 neighbors is: 2, 11, 18, 21, 23, 
peer 82 neighbors is: 4, 34, 41, 
peer 83 neighbors is: 0, 15, 42, 
peer 84 neighbors is: 5, 9, 12, 
peer 85 neighbors is: 14, 24, 35, 
peer 86 neighbors is: 1, 9, 13, 17, 20, 21, 30, 
peer 87 neighbors is: 1, 19, 38, 
peer 88 neighbors is: 33, 91, 
peer 89 neighbors is: 2, 4, 7, 10, 14, 21, 
peer 90 neighbors is: 0, 7, 11, 15, 41, 
peer 91 neighbors is: 13, 19, 26, 88, 
peer 92 neighbors is: 22, 24, 30, 35, 40, 
peer 93 neighbors is: 9, 14, 33, 
peer 94 neighbors is: 37, 38, 41, 
peer 95 neighbors is: 1, 4, 20, 30, 
peer 96 neighbors is: 21, 22, 73, 
peer 97 neighbors is: 32, 38, 
peer 98 neighbors is: 3, 12, 37, 
peer 99 neighbors is: 1, 4, 19, 
peer 100 neighbors is: 0, 16, 
peer 101 neighbors is: 8, 39, 
peer 102 neighbors is: 2, 16, 19, 20, 

