73 Users
20 Files
1500 Transactions
7 Maximum Connections
1 Cycle Length per Upload-Download
750 Warm-up Transactions
0.400000 Zipf constant
3 Pre-Trusted Users
53 Well-Behaved (Good) Users
0 Purely Malicious Users
0 Feedback Skewing Users
0 Malignant Providing Users
20 Disguised Malicous Users
0 Sybil Attack Users
true Intelligent Trans. Generation
1474142735204 Trace Generation Seed
0.9 F_PERC

(1.000000,0.000000,4,false)
(1.000000,0.000000,4,false)
(1.000000,0.000000,4,false)
(1.000000,0.000000,4,false)
(1.000000,0.000000,4,false)
(1.000000,0.000000,4,false)
(1.000000,0.000000,4,false)
(1.000000,0.000000,4,false)
(1.000000,0.000000,4,false)
(1.000000,0.000000,4,false)
(1.000000,0.000000,4,false)
(1.000000,0.000000,4,false)
(1.000000,0.000000,4,false)
(1.000000,0.000000,4,false)
(1.000000,0.000000,4,false)
(1.000000,0.000000,4,false)
(1.000000,0.000000,4,false)
(1.000000,0.000000,4,false)
(1.000000,0.000000,4,false)
(1.000000,0.000000,4,false)
(1.000000,1.000000,0,true)
(1.000000,1.000000,0,true)
(1.000000,1.000000,0,true)
(1.000000,1.000000,0,false)
(1.000000,1.000000,0,false)
(1.000000,1.000000,0,false)
(1.000000,1.000000,0,false)
(1.000000,1.000000,0,false)
(1.000000,1.000000,0,false)
(1.000000,1.000000,0,false)
(1.000000,1.000000,0,false)
(1.000000,1.000000,0,false)
(1.000000,1.000000,0,false)
(1.000000,1.000000,0,false)
(1.000000,1.000000,0,false)
(1.000000,1.000000,0,false)
(1.000000,1.000000,0,false)
(1.000000,1.000000,0,false)
(1.000000,1.000000,0,false)
(1.000000,1.000000,0,false)
(1.000000,1.000000,0,false)
(1.000000,1.000000,0,false)
(1.000000,1.000000,0,false)
(1.000000,1.000000,0,false)
(1.000000,1.000000,0,false)
(1.000000,1.000000,0,false)
(1.000000,1.000000,0,false)
(1.000000,1.000000,0,false)
(1.000000,1.000000,0,false)
(1.000000,1.000000,0,false)
(1.000000,1.000000,0,false)
(1.000000,1.000000,0,false)
(1.000000,1.000000,0,false)
(1.000000,1.000000,0,false)
(1.000000,1.000000,0,false)
(1.000000,1.000000,0,false)
(1.000000,1.000000,0,false)
(1.000000,1.000000,0,false)
(1.000000,1.000000,0,false)
(1.000000,1.000000,0,false)
(1.000000,1.000000,0,false)
(1.000000,1.000000,0,false)
(1.000000,1.000000,0,false)
(1.000000,1.000000,0,false)
(1.000000,1.000000,0,false)
(1.000000,1.000000,0,false)
(1.000000,1.000000,0,false)
(1.000000,1.000000,0,false)
(1.000000,1.000000,0,false)
(1.000000,1.000000,0,false)
(1.000000,1.000000,0,false)
(1.000000,1.000000,0,false)
(1.000000,1.000000,0,false)

(0,0,true)
(1,0,true)
(2,0,true)
(3,0,true)
(4,0,true)
(5,0,true)
(6,0,true)
(7,0,true)
(8,0,true)
(9,0,true)
(10,0,true)
(11,0,true)
(12,0,true)
(13,0,true)
(14,0,true)
(15,0,true)
(16,0,true)
(17,0,true)
(18,0,true)
(19,0,true)
(20,0,true)
(67,0,true)
(23,0,true)
(24,0,true)
(25,0,true)
(26,0,true)
(28,0,true)
(31,0,true)
(32,0,true)
(33,0,true)
(34,0,true)
(35,0,true)
(36,0,true)
(39,0,true)
(43,0,true)
(44,0,true)
(45,0,true)
(46,0,true)
(47,0,true)
(48,0,true)
(49,0,true)
(50,0,true)
(51,0,true)
(55,0,true)
(56,0,true)
(57,0,true)
(58,0,true)
(59,0,true)
(60,0,true)
(61,0,true)
(62,0,true)
(63,0,true)
(64,0,true)
(69,0,true)
(71,0,true)
(72,0,true)
(0,1,true)
(1,1,true)
(2,1,true)
(3,1,true)
(4,1,true)
(5,1,true)
(6,1,true)
(7,1,true)
(8,1,true)
(9,1,true)
(10,1,true)
(11,1,true)
(12,1,true)
(13,1,true)
(14,1,true)
(15,1,true)
(16,1,true)
(17,1,true)
(18,1,true)
(19,1,true)
(21,1,true)
(68,1,true)
(20,1,true)
(38,1,true)
(42,1,true)
(43,1,true)
(46,1,true)
(47,1,true)
(52,1,true)
(53,1,true)
(55,1,true)
(57,1,true)
(59,1,true)
(60,1,true)
(63,1,true)
(65,1,true)
(66,1,true)
(67,1,true)
(70,1,true)
(71,1,true)
(0,2,true)
(1,2,true)
(2,2,true)
(3,2,true)
(4,2,true)
(5,2,true)
(6,2,true)
(7,2,true)
(8,2,true)
(9,2,true)
(10,2,true)
(11,2,true)
(12,2,true)
(13,2,true)
(14,2,true)
(15,2,true)
(16,2,true)
(17,2,true)
(18,2,true)
(19,2,true)
(22,2,true)
(54,2,true)
(29,2,true)
(40,2,true)
(41,2,true)
(42,2,true)
(44,2,true)
(49,2,true)
(52,2,true)
(64,2,true)
(65,2,true)
(66,2,true)
(0,3,true)
(1,3,true)
(2,3,true)
(3,3,true)
(4,3,true)
(5,3,true)
(6,3,true)
(7,3,true)
(8,3,true)
(9,3,true)
(10,3,true)
(11,3,true)
(12,3,true)
(13,3,true)
(14,3,true)
(15,3,true)
(16,3,true)
(17,3,true)
(18,3,true)
(19,3,true)
(23,3,true)
(62,3,true)
(40,3,true)
(48,3,true)
(50,3,true)
(53,3,true)
(61,3,true)
(0,4,true)
(1,4,true)
(2,4,true)
(3,4,true)
(4,4,true)
(5,4,true)
(6,4,true)
(7,4,true)
(8,4,true)
(9,4,true)
(10,4,true)
(11,4,true)
(12,4,true)
(13,4,true)
(14,4,true)
(15,4,true)
(16,4,true)
(17,4,true)
(18,4,true)
(19,4,true)
(24,4,true)
(68,4,true)
(41,4,true)
(0,5,true)
(1,5,true)
(2,5,true)
(3,5,true)
(4,5,true)
(5,5,true)
(6,5,true)
(7,5,true)
(8,5,true)
(9,5,true)
(10,5,true)
(11,5,true)
(12,5,true)
(13,5,true)
(14,5,true)
(15,5,true)
(16,5,true)
(17,5,true)
(18,5,true)
(19,5,true)
(25,5,true)
(30,5,true)
(0,6,true)
(1,6,true)
(2,6,true)
(3,6,true)
(4,6,true)
(5,6,true)
(6,6,true)
(7,6,true)
(8,6,true)
(9,6,true)
(10,6,true)
(11,6,true)
(12,6,true)
(13,6,true)
(14,6,true)
(15,6,true)
(16,6,true)
(17,6,true)
(18,6,true)
(19,6,true)
(26,6,true)
(70,6,true)
(0,7,true)
(1,7,true)
(2,7,true)
(3,7,true)
(4,7,true)
(5,7,true)
(6,7,true)
(7,7,true)
(8,7,true)
(9,7,true)
(10,7,true)
(11,7,true)
(12,7,true)
(13,7,true)
(14,7,true)
(15,7,true)
(16,7,true)
(17,7,true)
(18,7,true)
(19,7,true)
(27,7,true)
(72,7,true)
(0,8,true)
(1,8,true)
(2,8,true)
(3,8,true)
(4,8,true)
(5,8,true)
(6,8,true)
(7,8,true)
(8,8,true)
(9,8,true)
(10,8,true)
(11,8,true)
(12,8,true)
(13,8,true)
(14,8,true)
(15,8,true)
(16,8,true)
(17,8,true)
(18,8,true)
(19,8,true)
(28,8,true)
(68,8,true)
(0,9,true)
(1,9,true)
(2,9,true)
(3,9,true)
(4,9,true)
(5,9,true)
(6,9,true)
(7,9,true)
(8,9,true)
(9,9,true)
(10,9,true)
(11,9,true)
(12,9,true)
(13,9,true)
(14,9,true)
(15,9,true)
(16,9,true)
(17,9,true)
(18,9,true)
(19,9,true)
(29,9,true)
(51,9,true)
(0,10,true)
(1,10,true)
(2,10,true)
(3,10,true)
(4,10,true)
(5,10,true)
(6,10,true)
(7,10,true)
(8,10,true)
(9,10,true)
(10,10,true)
(11,10,true)
(12,10,true)
(13,10,true)
(14,10,true)
(15,10,true)
(16,10,true)
(17,10,true)
(18,10,true)
(19,10,true)
(30,10,true)
(54,10,true)
(31,11,true)
(58,11,true)
(32,12,true)
(22,12,true)
(33,13,true)
(45,13,true)
(34,14,true)
(37,14,true)
(35,15,true)
(69,15,true)
(36,16,true)
(27,16,true)
(37,17,true)
(21,17,true)
(38,18,true)
(27,18,true)
(39,19,true)
(56,19,true)

0,-1,-1,-1,1,-1,-1,-1,-1,-1,-1,-1,-1,-1,-1,1,-1,-1,-1,-1,-1,-1,-1,1,-1,1,-1,1,-1,-1,-1,-1,-1,-1,-1,-1,-1,-1,-1,-1,-1,-1,1,-1,-1,1,-1,1,-1,-1,-1,-1,-1,1,-1,-1,-1,-1,-1,-1,1,-1,-1,-1,-1,-1,1,-1,-1,-1,-1,-1,1,
-1,0,-1,-1,-1,1,-1,-1,-1,-1,1,-1,-1,-1,-1,-1,-1,-1,-1,-1,-1,-1,-1,-1,1,-1,-1,-1,1,-1,1,-1,-1,-1,-1,-1,1,1,-1,-1,-1,-1,-1,-1,-1,1,-1,-1,-1,-1,-1,-1,-1,-1,-1,1,-1,-1,-1,1,-1,-1,-1,-1,-1,-1,-1,-1,-1,-1,-1,1,-1,
-1,-1,0,-1,-1,1,-1,-1,-1,1,-1,1,-1,-1,-1,-1,1,-1,-1,1,-1,1,-1,-1,-1,-1,-1,-1,-1,-1,-1,-1,-1,1,-1,-1,1,-1,-1,1,-1,-1,-1,1,-1,-1,-1,-1,1,-1,-1,-1,-1,-1,-1,-1,-1,-1,1,-1,-1,-1,-1,-1,-1,-1,-1,-1,-1,-1,-1,-1,-1,
-1,-1,-1,0,-1,-1,-1,-1,-1,1,1,-1,-1,-1,-1,-1,1,-1,-1,1,-1,-1,-1,-1,-1,-1,-1,-1,-1,1,-1,-1,-1,-1,-1,-1,-1,1,-1,-1,-1,-1,1,1,-1,-1,-1,-1,1,-1,-1,-1,1,1,-1,-1,-1,-1,-1,-1,-1,1,-1,-1,-1,-1,-1,-1,-1,-1,-1,-1,-1,
1,-1,-1,-1,0,-1,-1,1,-1,-1,-1,1,1,-1,-1,-1,-1,-1,1,-1,1,1,-1,-1,-1,-1,-1,1,-1,-1,-1,-1,-1,-1,-1,-1,1,-1,-1,-1,1,-1,-1,1,-1,-1,-1,1,-1,1,-1,-1,-1,-1,-1,-1,-1,-1,-1,-1,-1,-1,-1,-1,-1,-1,-1,-1,-1,1,-1,-1,-1,
-1,1,1,-1,-1,0,-1,-1,-1,-1,-1,-1,1,-1,-1,-1,1,-1,-1,-1,-1,-1,-1,1,-1,-1,-1,-1,1,-1,1,-1,-1,-1,-1,-1,1,-1,-1,-1,-1,-1,-1,-1,-1,1,-1,-1,-1,-1,1,-1,-1,-1,-1,-1,-1,-1,-1,-1,-1,-1,-1,-1,-1,-1,1,-1,-1,-1,-1,-1,-1,
-1,-1,-1,-1,-1,-1,0,-1,-1,-1,1,-1,-1,1,-1,-1,-1,-1,-1,-1,1,-1,-1,-1,-1,-1,-1,1,1,-1,-1,-1,-1,-1,-1,-1,-1,-1,-1,1,-1,-1,-1,-1,-1,1,-1,1,-1,-1,-1,-1,-1,-1,-1,-1,-1,1,-1,-1,-1,-1,-1,-1,-1,-1,-1,-1,1,-1,-1,-1,1,
-1,-1,-1,-1,1,-1,-1,0,-1,-1,-1,-1,-1,1,-1,-1,-1,-1,1,1,1,-1,1,-1,-1,-1,-1,-1,-1,-1,-1,-1,-1,1,-1,-1,-1,-1,1,-1,-1,-1,-1,-1,-1,-1,-1,-1,-1,-1,-1,-1,-1,-1,1,-1,1,-1,-1,-1,-1,1,-1,-1,-1,-1,-1,-1,1,-1,-1,-1,-1,
-1,-1,-1,-1,-1,-1,-1,-1,0,1,-1,-1,-1,1,-1,-1,-1,-1,-1,1,-1,1,-1,-1,-1,-1,-1,1,-1,-1,-1,-1,-1,-1,-1,-1,-1,-1,-1,-1,-1,1,-1,-1,-1,-1,1,-1,-1,-1,-1,1,-1,-1,-1,-1,-1,1,-1,-1,-1,-1,-1,-1,-1,1,-1,-1,-1,-1,-1,-1,-1,
-1,-1,1,1,-1,-1,-1,-1,1,0,1,-1,-1,-1,-1,-1,-1,-1,-1,1,-1,-1,-1,-1,1,-1,-1,-1,-1,-1,-1,-1,-1,-1,-1,-1,-1,-1,-1,-1,-1,1,-1,-1,-1,1,-1,-1,-1,-1,-1,-1,-1,-1,-1,1,1,-1,1,-1,1,-1,-1,-1,-1,-1,1,-1,-1,-1,-1,-1,-1,
-1,1,-1,1,-1,-1,1,-1,-1,1,0,-1,-1,-1,-1,-1,-1,-1,-1,-1,-1,-1,-1,-1,-1,-1,-1,-1,-1,-1,-1,1,-1,1,-1,1,-1,-1,-1,-1,-1,-1,-1,-1,-1,1,-1,-1,-1,-1,-1,-1,-1,-1,-1,-1,-1,-1,-1,-1,-1,-1,-1,-1,1,1,-1,-1,-1,-1,-1,-1,-1,
-1,-1,1,-1,1,-1,-1,-1,-1,-1,-1,0,-1,-1,-1,-1,-1,1,-1,-1,-1,-1,-1,-1,-1,-1,-1,-1,-1,-1,-1,-1,-1,-1,-1,-1,-1,1,-1,1,-1,-1,-1,-1,-1,-1,-1,-1,-1,-1,-1,-1,-1,1,-1,1,-1,1,-1,-1,-1,-1,-1,1,-1,-1,-1,1,-1,-1,-1,-1,-1,
-1,-1,-1,-1,1,1,-1,-1,-1,-1,-1,-1,0,-1,-1,-1,1,-1,1,-1,-1,-1,-1,-1,-1,-1,-1,-1,-1,-1,-1,-1,1,-1,-1,-1,-1,1,-1,-1,-1,-1,-1,-1,-1,1,-1,-1,-1,-1,-1,-1,-1,-1,-1,-1,-1,1,-1,-1,-1,-1,-1,-1,-1,1,-1,-1,-1,-1,-1,1,1,
-1,-1,-1,-1,-1,-1,1,1,1,-1,-1,-1,-1,0,-1,-1,-1,-1,-1,-1,-1,-1,-1,-1,-1,-1,1,-1,-1,1,1,-1,-1,-1,-1,-1,-1,-1,-1,-1,-1,-1,-1,1,-1,1,-1,-1,-1,-1,-1,-1,1,-1,-1,-1,-1,-1,-1,-1,-1,-1,-1,-1,-1,-1,-1,-1,-1,-1,-1,-1,1,
-1,-1,-1,-1,-1,-1,-1,-1,-1,-1,-1,-1,-1,-1,0,1,-1,-1,-1,1,-1,-1,-1,-1,-1,-1,-1,1,-1,-1,-1,-1,-1,1,-1,-1,-1,-1,-1,1,-1,-1,-1,-1,-1,-1,-1,-1,-1,-1,-1,-1,1,-1,-1,-1,1,-1,-1,1,1,-1,-1,-1,1,-1,-1,-1,-1,-1,-1,-1,-1,
1,-1,-1,-1,-1,-1,-1,-1,-1,-1,-1,-1,-1,-1,1,0,-1,-1,-1,1,-1,-1,1,1,-1,-1,-1,-1,-1,-1,-1,-1,1,-1,1,-1,1,-1,-1,-1,1,-1,-1,-1,-1,-1,1,-1,-1,-1,-1,-1,-1,-1,-1,-1,-1,-1,-1,-1,-1,-1,-1,-1,-1,-1,-1,-1,-1,-1,-1,-1,-1,
-1,-1,1,1,-1,1,-1,-1,-1,-1,-1,-1,1,-1,-1,-1,0,1,-1,-1,1,-1,-1,-1,-1,-1,-1,-1,-1,-1,-1,-1,-1,-1,-1,-1,-1,-1,-1,-1,-1,-1,-1,-1,1,-1,-1,-1,-1,-1,-1,-1,-1,-1,-1,-1,-1,-1,-1,-1,1,-1,-1,-1,-1,-1,-1,-1,-1,1,-1,1,-1,
-1,-1,-1,-1,-1,-1,-1,-1,-1,-1,-1,1,-1,-1,-1,-1,1,0,-1,1,-1,-1,1,-1,-1,-1,1,1,-1,-1,-1,-1,-1,-1,-1,-1,-1,-1,-1,-1,-1,-1,-1,1,-1,-1,1,-1,-1,-1,-1,1,1,-1,-1,1,-1,-1,-1,-1,-1,-1,-1,-1,-1,-1,-1,-1,-1,-1,-1,-1,-1,
-1,-1,-1,-1,1,-1,-1,1,-1,-1,-1,-1,1,-1,-1,-1,-1,-1,0,1,-1,-1,1,-1,-1,1,-1,-1,-1,1,-1,-1,-1,-1,-1,-1,-1,-1,-1,-1,1,-1,-1,-1,-1,-1,-1,-1,-1,-1,-1,1,-1,1,-1,-1,-1,-1,-1,-1,-1,-1,-1,-1,-1,-1,-1,1,-1,-1,1,-1,-1,
-1,-1,1,1,-1,-1,-1,1,1,1,-1,-1,-1,-1,1,1,-1,1,1,0,-1,-1,1,-1,-1,-1,-1,-1,-1,-1,-1,-1,-1,-1,-1,-1,-1,-1,-1,-1,-1,-1,-1,-1,-1,-1,-1,-1,-1,-1,-1,-1,-1,-1,-1,-1,-1,-1,-1,-1,-1,-1,-1,-1,-1,1,-1,-1,-1,-1,-1,-1,-1,
-1,-1,-1,-1,1,-1,1,1,-1,-1,-1,-1,-1,-1,-1,-1,1,-1,-1,-1,0,-1,-1,-1,-1,-1,-1,-1,-1,-1,-1,-1,-1,-1,1,-1,-1,1,1,1,-1,-1,-1,-1,-1,-1,1,-1,-1,1,-1,-1,-1,-1,-1,-1,-1,-1,-1,-1,-1,-1,-1,-1,-1,-1,-1,-1,-1,-1,-1,-1,-1,
-1,-1,1,-1,1,-1,-1,-1,1,-1,-1,-1,-1,-1,-1,-1,-1,-1,-1,-1,-1,0,-1,-1,-1,-1,-1,-1,1,1,1,-1,-1,-1,-1,-1,-1,-1,-1,1,-1,-1,-1,-1,-1,-1,-1,-1,1,-1,-1,-1,-1,-1,-1,-1,-1,1,-1,-1,-1,-1,1,-1,-1,-1,-1,-1,-1,-1,-1,-1,-1,
-1,-1,-1,-1,-1,-1,-1,1,-1,-1,-1,-1,-1,-1,-1,1,-1,1,1,1,-1,-1,0,-1,-1,-1,-1,-1,-1,-1,-1,-1,-1,-1,-1,1,-1,-1,-1,-1,-1,-1,-1,-1,1,-1,-1,-1,-1,-1,1,-1,-1,-1,-1,1,-1,-1,-1,-1,-1,-1,-1,-1,-1,-1,-1,-1,1,-1,-1,-1,-1,
1,-1,-1,-1,-1,1,-1,-1,-1,-1,-1,-1,-1,-1,-1,1,-1,-1,-1,-1,-1,-1,-1,0,-1,-1,-1,-1,-1,-1,-1,-1,-1,-1,-1,-1,-1,-1,-1,-1,-1,-1,-1,-1,-1,-1,-1,-1,-1,-1,-1,-1,-1,-1,-1,-1,-1,-1,-1,-1,-1,-1,-1,-1,-1,-1,-1,-1,-1,-1,-1,-1,-1,
-1,1,-1,-1,-1,-1,-1,-1,-1,1,-1,-1,-1,-1,-1,-1,-1,-1,-1,-1,-1,-1,-1,-1,0,-1,-1,-1,-1,-1,-1,-1,-1,-1,-1,-1,-1,-1,-1,-1,-1,-1,-1,-1,-1,-1,-1,-1,-1,-1,-1,-1,-1,-1,-1,-1,-1,-1,-1,-1,-1,-1,-1,-1,-1,-1,-1,-1,-1,-1,-1,-1,-1,
1,-1,-1,-1,-1,-1,-1,-1,-1,-1,-1,-1,-1,-1,-1,-1,-1,-1,1,-1,-1,-1,-1,-1,-1,0,-1,-1,-1,-1,-1,-1,-1,-1,-1,-1,-1,-1,-1,-1,-1,-1,-1,-1,-1,-1,-1,-1,-1,-1,-1,-1,-1,-1,-1,-1,-1,-1,-1,-1,-1,-1,-1,-1,-1,-1,-1,-1,-1,-1,-1,-1,-1,
-1,-1,-1,-1,-1,-1,-1,-1,-1,-1,-1,-1,-1,1,-1,-1,-1,1,-1,-1,-1,-1,-1,-1,-1,-1,0,-1,-1,-1,-1,-1,-1,-1,-1,-1,-1,-1,-1,-1,-1,-1,-1,-1,-1,-1,-1,-1,-1,-1,-1,-1,-1,-1,-1,-1,-1,-1,-1,-1,-1,-1,-1,-1,-1,-1,-1,-1,-1,-1,-1,-1,-1,
1,-1,-1,-1,1,-1,1,-1,1,-1,-1,-1,-1,-1,1,-1,-1,1,-1,-1,-1,-1,-1,-1,-1,-1,-1,0,-1,-1,-1,-1,-1,-1,-1,-1,-1,-1,-1,-1,-1,-1,-1,-1,-1,-1,-1,-1,-1,-1,-1,-1,-1,-1,-1,-1,-1,-1,-1,-1,-1,-1,-1,-1,-1,-1,-1,-1,-1,-1,-1,-1,-1,
-1,1,-1,-1,-1,1,1,-1,-1,-1,-1,-1,-1,-1,-1,-1,-1,-1,-1,-1,-1,1,-1,-1,-1,-1,-1,-1,0,-1,-1,-1,-1,-1,-1,-1,-1,-1,-1,-1,-1,-1,-1,-1,-1,-1,-1,-1,-1,-1,-1,-1,-1,-1,-1,-1,-1,-1,-1,-1,-1,-1,-1,-1,-1,-1,-1,-1,-1,-1,-1,-1,-1,
-1,-1,-1,1,-1,-1,-1,-1,-1,-1,-1,-1,-1,1,-1,-1,-1,-1,1,-1,-1,1,-1,-1,-1,-1,-1,-1,-1,0,-1,-1,-1,-1,-1,-1,-1,-1,-1,-1,-1,-1,-1,-1,-1,-1,-1,-1,-1,-1,-1,-1,-1,-1,-1,-1,-1,-1,-1,-1,-1,-1,-1,-1,-1,-1,-1,-1,-1,-1,-1,-1,-1,
-1,1,-1,-1,-1,1,-1,-1,-1,-1,-1,-1,-1,1,-1,-1,-1,-1,-1,-1,-1,1,-1,-1,-1,-1,-1,-1,-1,-1,0,-1,-1,-1,-1,-1,-1,-1,-1,-1,-1,-1,-1,-1,-1,-1,-1,-1,-1,-1,-1,-1,-1,-1,-1,-1,-1,-1,-1,-1,-1,-1,-1,-1,-1,-1,-1,-1,-1,-1,-1,-1,-1,
-1,-1,-1,-1,-1,-1,-1,-1,-1,-1,1,-1,-1,-1,-1,-1,-1,-1,-1,-1,-1,-1,-1,-1,-1,-1,-1,-1,-1,-1,-1,0,-1,-1,-1,-1,1,-1,-1,-1,-1,-1,-1,-1,-1,-1,-1,-1,-1,-1,-1,-1,-1,-1,-1,-1,-1,-1,-1,-1,-1,-1,-1,-1,-1,-1,-1,-1,-1,-1,-1,-1,-1,
-1,-1,-1,-1,-1,-1,-1,-1,-1,-1,-1,-1,1,-1,-1,1,-1,-1,-1,-1,-1,-1,-1,-1,-1,-1,-1,-1,-1,-1,-1,-1,0,-1,-1,-1,-1,-1,-1,-1,-1,-1,-1,-1,-1,-1,-1,-1,-1,-1,-1,-1,-1,-1,-1,-1,-1,-1,-1,-1,-1,-1,-1,-1,-1,-1,-1,-1,-1,-1,-1,-1,-1,
-1,-1,1,-1,-1,-1,-1,1,-1,-1,1,-1,-1,-1,1,-1,-1,-1,-1,-1,-1,-1,-1,-1,-1,-1,-1,-1,-1,-1,-1,-1,-1,0,-1,-1,-1,-1,-1,-1,-1,-1,-1,-1,-1,-1,-1,-1,-1,-1,-1,-1,-1,-1,-1,-1,-1,-1,-1,-1,-1,-1,-1,-1,-1,-1,-1,-1,-1,-1,-1,-1,-1,
-1,-1,-1,-1,-1,-1,-1,-1,-1,-1,-1,-1,-1,-1,-1,1,-1,-1,-1,-1,1,-1,-1,-1,-1,-1,-1,-1,-1,-1,-1,-1,-1,-1,0,-1,-1,-1,-1,-1,-1,-1,-1,-1,-1,-1,-1,-1,-1,-1,-1,-1,-1,-1,-1,-1,-1,-1,-1,-1,-1,-1,-1,-1,-1,-1,-1,-1,-1,-1,-1,-1,-1,
-1,-1,-1,-1,-1,-1,-1,-1,-1,-1,1,-1,-1,-1,-1,-1,-1,-1,-1,-1,-1,-1,1,-1,-1,-1,-1,-1,-1,-1,-1,-1,-1,-1,-1,0,-1,-1,-1,-1,-1,-1,-1,-1,-1,-1,-1,-1,-1,-1,-1,-1,-1,-1,-1,-1,-1,-1,-1,-1,-1,-1,-1,-1,-1,-1,-1,-1,-1,-1,-1,-1,-1,
-1,1,1,-1,1,1,-1,-1,-1,-1,-1,-1,-1,-1,-1,1,-1,-1,-1,-1,-1,-1,-1,-1,-1,-1,-1,-1,-1,-1,-1,1,-1,-1,-1,-1,0,-1,-1,-1,-1,-1,-1,-1,-1,-1,-1,-1,-1,-1,-1,-1,-1,-1,-1,-1,-1,-1,-1,-1,-1,-1,-1,-1,-1,-1,-1,-1,-1,-1,-1,-1,-1,
-1,1,-1,1,-1,-1,-1,-1,-1,-1,-1,1,1,-1,-1,-1,-1,-1,-1,-1,1,-1,-1,-1,-1,-1,-1,-1,-1,-1,-1,-1,-1,-1,-1,-1,-1,0,-1,-1,-1,-1,-1,-1,-1,-1,-1,-1,-1,-1,-1,-1,-1,-1,-1,-1,-1,-1,-1,-1,-1,-1,-1,-1,-1,-1,-1,-1,-1,-1,-1,-1,-1,
-1,-1,-1,-1,-1,-1,-1,1,-1,-1,-1,-1,-1,-1,-1,-1,-1,-1,-1,-1,1,-1,-1,-1,-1,-1,-1,-1,-1,-1,-1,-1,-1,-1,-1,-1,-1,-1,0,-1,-1,-1,-1,-1,-1,-1,-1,-1,-1,-1,-1,-1,-1,-1,-1,-1,-1,-1,-1,-1,-1,-1,-1,-1,-1,-1,-1,-1,-1,-1,-1,-1,-1,
-1,-1,1,-1,-1,-1,1,-1,-1,-1,-1,1,-1,-1,1,-1,-1,-1,-1,-1,1,1,-1,-1,-1,-1,-1,-1,-1,-1,-1,-1,-1,-1,-1,-1,-1,-1,-1,0,-1,-1,-1,-1,-1,-1,-1,-1,-1,-1,-1,-1,-1,-1,-1,-1,-1,-1,-1,-1,-1,-1,-1,-1,-1,-1,-1,-1,-1,-1,-1,-1,-1,
-1,-1,-1,-1,1,-1,-1,-1,-1,-1,-1,-1,-1,-1,-1,1,-1,-1,1,-1,-1,-1,-1,-1,-1,-1,-1,-1,-1,-1,-1,-1,-1,-1,-1,-1,-1,-1,-1,-1,0,-1,-1,-1,-1,-1,-1,-1,-1,-1,-1,-1,-1,-1,-1,-1,-1,-1,-1,-1,-1,-1,-1,-1,-1,-1,-1,-1,-1,-1,-1,-1,-1,
-1,-1,-1,-1,-1,-1,-1,-1,1,1,-1,-1,-1,-1,-1,-1,-1,-1,-1,-1,-1,-1,-1,-1,-1,-1,-1,-1,-1,-1,-1,-1,-1,-1,-1,-1,-1,-1,-1,-1,-1,0,-1,-1,-1,-1,-1,-1,-1,-1,-1,-1,-1,-1,-1,-1,-1,-1,-1,-1,-1,-1,-1,-1,-1,-1,-1,-1,-1,-1,-1,-1,-1,
1,-1,-1,1,-1,-1,-1,-1,-1,-1,-1,-1,-1,-1,-1,-1,-1,-1,-1,-1,-1,-1,-1,-1,-1,-1,-1,-1,-1,-1,-1,-1,-1,-1,-1,-1,-1,-1,-1,-1,-1,-1,0,-1,-1,-1,-1,-1,-1,-1,-1,-1,-1,-1,-1,-1,-1,-1,-1,-1,-1,-1,-1,-1,-1,-1,-1,-1,-1,-1,-1,-1,-1,
-1,-1,1,1,1,-1,-1,-1,-1,-1,-1,-1,-1,1,-1,-1,-1,1,-1,-1,-1,-1,-1,-1,-1,-1,-1,-1,-1,-1,-1,-1,-1,-1,-1,-1,-1,-1,-1,-1,-1,-1,-1,0,-1,-1,-1,-1,-1,-1,-1,-1,-1,-1,-1,-1,-1,-1,-1,-1,-1,-1,-1,-1,-1,-1,-1,-1,-1,-1,-1,-1,-1,
-1,-1,-1,-1,-1,-1,-1,-1,-1,-1,-1,-1,-1,-1,-1,-1,1,-1,-1,-1,-1,-1,1,-1,-1,-1,-1,-1,-1,-1,-1,-1,-1,-1,-1,-1,-1,-1,-1,-1,-1,-1,-1,-1,0,-1,-1,-1,-1,-1,-1,-1,-1,-1,-1,-1,-1,-1,-1,-1,-1,-1,-1,-1,-1,-1,-1,-1,-1,-1,-1,-1,-1,
1,1,-1,-1,-1,1,1,-1,-1,1,1,-1,1,1,-1,-1,-1,-1,-1,-1,-1,-1,-1,-1,-1,-1,-1,-1,-1,-1,-1,-1,-1,-1,-1,-1,-1,-1,-1,-1,-1,-1,-1,-1,-1,0,-1,-1,-1,-1,-1,-1,-1,-1,-1,-1,-1,-1,-1,-1,-1,-1,-1,-1,-1,-1,-1,-1,-1,-1,-1,-1,-1,
-1,-1,-1,-1,-1,-1,-1,-1,1,-1,-1,-1,-1,-1,-1,1,-1,1,-1,-1,1,-1,-1,-1,-1,-1,-1,-1,-1,-1,-1,-1,-1,-1,-1,-1,-1,-1,-1,-1,-1,-1,-1,-1,-1,-1,0,-1,-1,-1,-1,-1,-1,-1,-1,-1,-1,-1,-1,-1,-1,-1,-1,-1,-1,-1,-1,-1,-1,-1,-1,-1,-1,
1,-1,-1,-1,1,-1,1,-1,-1,-1,-1,-1,-1,-1,-1,-1,-1,-1,-1,-1,-1,-1,-1,-1,-1,-1,-1,-1,-1,-1,-1,-1,-1,-1,-1,-1,-1,-1,-1,-1,-1,-1,-1,-1,-1,-1,-1,0,-1,-1,-1,-1,-1,-1,-1,-1,-1,-1,-1,-1,-1,-1,-1,1,-1,-1,-1,-1,-1,-1,-1,-1,-1,
-1,-1,1,1,-1,-1,-1,-1,-1,-1,-1,-1,-1,-1,-1,-1,-1,-1,-1,-1,-1,1,-1,-1,-1,-1,-1,-1,-1,-1,-1,-1,-1,-1,-1,-1,-1,-1,-1,-1,-1,-1,-1,-1,-1,-1,-1,-1,0,-1,-1,-1,-1,-1,-1,-1,-1,-1,-1,-1,-1,-1,-1,-1,-1,-1,-1,-1,-1,-1,-1,-1,-1,
-1,-1,-1,-1,1,-1,-1,-1,-1,-1,-1,-1,-1,-1,-1,-1,-1,-1,-1,-1,1,-1,-1,-1,-1,-1,-1,-1,-1,-1,-1,-1,-1,-1,-1,-1,-1,-1,-1,-1,-1,-1,-1,-1,-1,-1,-1,-1,-1,0,-1,-1,-1,-1,-1,-1,-1,-1,-1,-1,-1,-1,-1,-1,-1,-1,-1,-1,-1,-1,-1,-1,-1,
-1,-1,-1,-1,-1,1,-1,-1,-1,-1,-1,-1,-1,-1,-1,-1,-1,-1,-1,-1,-1,-1,1,-1,-1,-1,-1,-1,-1,-1,-1,-1,-1,-1,-1,-1,-1,-1,-1,-1,-1,-1,-1,-1,-1,-1,-1,-1,-1,-1,0,-1,-1,-1,-1,-1,-1,-1,-1,-1,-1,-1,-1,-1,-1,-1,-1,-1,-1,-1,-1,-1,-1,
-1,-1,-1,-1,-1,-1,-1,-1,1,-1,-1,-1,-1,-1,-1,-1,-1,1,1,-1,-1,-1,-1,-1,-1,-1,-1,-1,-1,-1,-1,-1,-1,-1,-1,-1,-1,-1,-1,-1,-1,-1,-1,-1,-1,-1,-1,-1,-1,-1,-1,0,-1,-1,-1,-1,-1,-1,-1,-1,-1,-1,-1,-1,-1,-1,-1,-1,-1,-1,-1,-1,-1,
-1,-1,-1,1,-1,-1,-1,-1,-1,-1,-1,-1,-1,1,1,-1,-1,1,-1,-1,-1,-1,-1,-1,-1,-1,-1,-1,-1,-1,-1,-1,-1,-1,-1,-1,-1,-1,-1,-1,-1,-1,-1,-1,-1,-1,-1,-1,-1,-1,-1,-1,0,-1,-1,-1,-1,-1,-1,-1,-1,-1,-1,-1,-1,-1,-1,-1,-1,-1,-1,-1,-1,
1,-1,-1,1,-1,-1,-1,-1,-1,-1,-1,1,-1,-1,-1,-1,-1,-1,1,-1,-1,-1,-1,-1,-1,-1,-1,-1,-1,-1,-1,-1,-1,-1,-1,-1,-1,-1,-1,-1,-1,-1,-1,-1,-1,-1,-1,-1,-1,-1,-1,-1,-1,0,-1,-1,-1,-1,-1,-1,-1,-1,-1,-1,-1,-1,-1,-1,-1,-1,-1,-1,-1,
-1,-1,-1,-1,-1,-1,-1,1,-1,-1,-1,-1,-1,-1,-1,-1,-1,-1,-1,-1,-1,-1,-1,-1,-1,-1,-1,-1,-1,-1,-1,-1,-1,-1,-1,-1,-1,-1,-1,-1,-1,-1,-1,-1,-1,-1,-1,-1,-1,-1,-1,-1,-1,-1,0,-1,-1,-1,-1,-1,-1,-1,1,-1,-1,-1,-1,-1,-1,-1,1,-1,-1,
-1,1,-1,-1,-1,-1,-1,-1,-1,1,-1,1,-1,-1,-1,-1,-1,1,-1,-1,-1,-1,1,-1,-1,-1,-1,-1,-1,-1,-1,-1,-1,-1,-1,-1,-1,-1,-1,-1,-1,-1,-1,-1,-1,-1,-1,-1,-1,-1,-1,-1,-1,-1,-1,0,-1,-1,-1,-1,-1,-1,-1,-1,-1,-1,-1,-1,-1,-1,-1,-1,-1,
-1,-1,-1,-1,-1,-1,-1,1,-1,1,-1,-1,-1,-1,1,-1,-1,-1,-1,-1,-1,-1,-1,-1,-1,-1,-1,-1,-1,-1,-1,-1,-1,-1,-1,-1,-1,-1,-1,-1,-1,-1,-1,-1,-1,-1,-1,-1,-1,-1,-1,-1,-1,-1,-1,-1,0,-1,-1,-1,-1,-1,-1,-1,-1,-1,-1,-1,-1,-1,-1,-1,-1,
-1,-1,-1,-1,-1,-1,1,-1,1,-1,-1,1,1,-1,-1,-1,-1,-1,-1,-1,-1,1,-1,-1,-1,-1,-1,-1,-1,-1,-1,-1,-1,-1,-1,-1,-1,-1,-1,-1,-1,-1,-1,-1,-1,-1,-1,-1,-1,-1,-1,-1,-1,-1,-1,-1,-1,0,-1,-1,-1,-1,-1,-1,-1,-1,-1,-1,-1,-1,-1,-1,-1,
-1,-1,1,-1,-1,-1,-1,-1,-1,1,-1,-1,-1,-1,-1,-1,-1,-1,-1,-1,-1,-1,-1,-1,-1,-1,-1,-1,-1,-1,-1,-1,-1,-1,-1,-1,-1,-1,-1,-1,-1,-1,-1,-1,-1,-1,-1,-1,-1,-1,-1,-1,-1,-1,-1,-1,-1,-1,0,-1,-1,-1,-1,-1,-1,-1,-1,-1,-1,-1,-1,-1,-1,
-1,1,-1,-1,-1,-1,-1,-1,-1,-1,-1,-1,-1,-1,1,-1,-1,-1,-1,-1,-1,-1,-1,-1,-1,-1,-1,-1,-1,-1,-1,-1,-1,-1,-1,-1,-1,-1,-1,-1,-1,-1,-1,-1,-1,-1,-1,-1,-1,-1,-1,-1,-1,-1,-1,-1,-1,-1,-1,0,-1,-1,-1,-1,-1,-1,-1,-1,-1,-1,-1,-1,-1,
1,-1,-1,-1,-1,-1,-1,-1,-1,1,-1,-1,-1,-1,1,-1,1,-1,-1,-1,-1,-1,-1,-1,-1,-1,-1,-1,-1,-1,-1,-1,-1,-1,-1,-1,-1,-1,-1,-1,-1,-1,-1,-1,-1,-1,-1,-1,-1,-1,-1,-1,-1,-1,-1,-1,-1,-1,-1,-1,0,-1,-1,-1,-1,-1,-1,-1,-1,-1,-1,-1,-1,
-1,-1,-1,1,-1,-1,-1,1,-1,-1,-1,-1,-1,-1,-1,-1,-1,-1,-1,-1,-1,-1,-1,-1,-1,-1,-1,-1,-1,-1,-1,-1,-1,-1,-1,-1,-1,-1,-1,-1,-1,-1,-1,-1,-1,-1,-1,-1,-1,-1,-1,-1,-1,-1,-1,-1,-1,-1,-1,-1,-1,0,-1,-1,-1,-1,-1,-1,-1,-1,-1,-1,-1,
-1,-1,-1,-1,-1,-1,-1,-1,-1,-1,-1,-1,-1,-1,-1,-1,-1,-1,-1,-1,-1,1,-1,-1,-1,-1,-1,-1,-1,-1,-1,-1,-1,-1,-1,-1,-1,-1,-1,-1,-1,-1,-1,-1,-1,-1,-1,-1,-1,-1,-1,-1,-1,-1,1,-1,-1,-1,-1,-1,-1,-1,0,-1,-1,-1,-1,-1,-1,-1,-1,-1,-1,
-1,-1,-1,-1,-1,-1,-1,-1,-1,-1,-1,1,-1,-1,-1,-1,-1,-1,-1,-1,-1,-1,-1,-1,-1,-1,-1,-1,-1,-1,-1,-1,-1,-1,-1,-1,-1,-1,-1,-1,-1,-1,-1,-1,-1,-1,-1,1,-1,-1,-1,-1,-1,-1,-1,-1,-1,-1,-1,-1,-1,-1,-1,0,-1,-1,-1,-1,-1,-1,-1,-1,-1,
-1,-1,-1,-1,-1,-1,-1,-1,-1,-1,1,-1,-1,-1,1,-1,-1,-1,-1,-1,-1,-1,-1,-1,-1,-1,-1,-1,-1,-1,-1,-1,-1,-1,-1,-1,-1,-1,-1,-1,-1,-1,-1,-1,-1,-1,-1,-1,-1,-1,-1,-1,-1,-1,-1,-1,-1,-1,-1,-1,-1,-1,-1,-1,0,-1,-1,-1,-1,-1,-1,-1,-1,
-1,-1,-1,-1,-1,-1,-1,-1,1,-1,1,-1,1,-1,-1,-1,-1,-1,-1,1,-1,-1,-1,-1,-1,-1,-1,-1,-1,-1,-1,-1,-1,-1,-1,-1,-1,-1,-1,-1,-1,-1,-1,-1,-1,-1,-1,-1,-1,-1,-1,-1,-1,-1,-1,-1,-1,-1,-1,-1,-1,-1,-1,-1,-1,0,-1,-1,-1,-1,-1,-1,-1,
1,-1,-1,-1,-1,1,-1,-1,-1,1,-1,-1,-1,-1,-1,-1,-1,-1,-1,-1,-1,-1,-1,-1,-1,-1,-1,-1,-1,-1,-1,-1,-1,-1,-1,-1,-1,-1,-1,-1,-1,-1,-1,-1,-1,-1,-1,-1,-1,-1,-1,-1,-1,-1,-1,-1,-1,-1,-1,-1,-1,-1,-1,-1,-1,-1,0,-1,-1,-1,-1,-1,-1,
-1,-1,-1,-1,-1,-1,-1,-1,-1,-1,-1,1,-1,-1,-1,-1,-1,-1,1,-1,-1,-1,-1,-1,-1,-1,-1,-1,-1,-1,-1,-1,-1,-1,-1,-1,-1,-1,-1,-1,-1,-1,-1,-1,-1,-1,-1,-1,-1,-1,-1,-1,-1,-1,-1,-1,-1,-1,-1,-1,-1,-1,-1,-1,-1,-1,-1,0,-1,-1,-1,-1,-1,
-1,-1,-1,-1,-1,-1,1,1,-1,-1,-1,-1,-1,-1,-1,-1,-1,-1,-1,-1,-1,-1,1,-1,-1,-1,-1,-1,-1,-1,-1,-1,-1,-1,-1,-1,-1,-1,-1,-1,-1,-1,-1,-1,-1,-1,-1,-1,-1,-1,-1,-1,-1,-1,-1,-1,-1,-1,-1,-1,-1,-1,-1,-1,-1,-1,-1,-1,0,-1,-1,-1,-1,
-1,-1,-1,-1,1,-1,-1,-1,-1,-1,-1,-1,-1,-1,-1,-1,1,-1,-1,-1,-1,-1,-1,-1,-1,-1,-1,-1,-1,-1,-1,-1,-1,-1,-1,-1,-1,-1,-1,-1,-1,-1,-1,-1,-1,-1,-1,-1,-1,-1,-1,-1,-1,-1,-1,-1,-1,-1,-1,-1,-1,-1,-1,-1,-1,-1,-1,-1,-1,0,-1,-1,-1,
-1,-1,-1,-1,-1,-1,-1,-1,-1,-1,-1,-1,-1,-1,-1,-1,-1,-1,1,-1,-1,-1,-1,-1,-1,-1,-1,-1,-1,-1,-1,-1,-1,-1,-1,-1,-1,-1,-1,-1,-1,-1,-1,-1,-1,-1,-1,-1,-1,-1,-1,-1,-1,-1,1,-1,-1,-1,-1,-1,-1,-1,-1,-1,-1,-1,-1,-1,-1,-1,0,-1,-1,
-1,1,-1,-1,-1,-1,-1,-1,-1,-1,-1,-1,1,-1,-1,-1,1,-1,-1,-1,-1,-1,-1,-1,-1,-1,-1,-1,-1,-1,-1,-1,-1,-1,-1,-1,-1,-1,-1,-1,-1,-1,-1,-1,-1,-1,-1,-1,-1,-1,-1,-1,-1,-1,-1,-1,-1,-1,-1,-1,-1,-1,-1,-1,-1,-1,-1,-1,-1,-1,-1,0,-1,
1,-1,-1,-1,-1,-1,1,-1,-1,-1,-1,-1,1,1,-1,-1,-1,-1,-1,-1,-1,-1,-1,-1,-1,-1,-1,-1,-1,-1,-1,-1,-1,-1,-1,-1,-1,-1,-1,-1,-1,-1,-1,-1,-1,-1,-1,-1,-1,-1,-1,-1,-1,-1,-1,-1,-1,-1,-1,-1,-1,-1,-1,-1,-1,-1,-1,-1,-1,-1,-1,-1,0,

(22,0)
(20,1)
(22,2)
(20,3)
(21,4)
(21,5)
(20,6)
(20,7)
(20,8)
(20,9)
(21,10)
(20,11)
(21,12)
(20,13)
(20,14)
(22,15)
(20,16)
(22,17)
(22,18)
(22,19)
(60,1)
(12,14)
(64,4)
(42,5)
(42,1)
(61,10)
(25,0)
(66,18)
(10,3)
(13,1)
(3,2)
(20,12)
(61,3)
(1,11)
(7,1)
(33,0)
(7,0)
(45,7)
(44,1)
(38,6)
(68,2)
(6,3)
(47,15)
(21,0)
(21,3)
(25,10)
(63,10)
(55,8)
(6,7)
(61,17)
(52,0)
(1,7)
(2,3)
(34,1)
(27,0)
(34,10)
(63,4)
(39,1)
(41,0)
(69,1)
(46,19)
(13,6)
(13,13)
(54,10)
(64,11)
(2,0)
(25,14)
(64,9)
(62,0)
(5,1)
(53,12)
(63,0)
(28,2)
(64,9)
(62,11)
(1,6)
(8,12)
(51,9)
(65,0)
(65,3)
(43,2)
(25,1)
(28,2)
(54,4)
(24,6)
(12,4)
(51,14)
(2,9)
(35,0)
(44,9)
(19,1)
(25,7)
(31,11)
(70,11)
(48,9)
(42,1)
(68,17)
(54,13)
(22,16)
(12,14)
(40,0)
(2,12)
(20,6)
(14,3)
(18,3)
(50,3)
(58,1)
(9,14)
(68,1)
(22,16)
(18,2)
(47,4)
(39,13)
(25,13)
(66,1)
(27,11)
(5,1)
(57,9)
(59,5)
(39,0)
(56,12)
(27,12)
(46,9)
(67,2)
(6,16)
(50,15)
(47,8)
(8,2)
(27,2)
(13,17)
(1,16)
(2,3)
(38,15)
(56,0)
(60,12)
(5,2)
(31,16)
(6,16)
(17,4)
(55,2)
(18,2)
(44,1)
(58,2)
(47,7)
(14,10)
(33,9)
(19,11)
(38,16)
(38,17)
(31,2)
(3,12)
(40,12)
(55,7)
(60,7)
(61,0)
(3,10)
(43,19)
(10,19)
(1,9)
(49,0)
(5,7)
(22,2)
(45,0)
(18,2)
(67,14)
(12,0)
(24,0)
(61,3)
(54,11)
(35,3)
(61,1)
(16,7)
(37,0)
(72,11)
(70,18)
(33,1)
(37,6)
(8,12)
(49,2)
(27,2)
(13,1)
(10,6)
(39,11)
(62,3)
(36,2)
(62,1)
(12,13)
(12,1)
(25,8)
(5,7)
(51,7)
(59,2)
(55,0)
(21,3)
(2,12)
(20,8)
(52,13)
(27,3)
(60,0)
(69,14)
(68,3)
(59,16)
(32,19)
(55,5)
(70,7)
(37,1)
(60,15)
(4,0)
(45,7)
(28,11)
(9,1)
(42,1)
(7,14)
(51,6)
(71,0)
(2,8)
(51,0)
(36,1)
(32,13)
(38,4)
(70,3)
(16,18)
(47,16)
(56,11)
(1,19)
(3,7)
(63,4)
(61,2)
(65,2)
(4,2)
(18,0)
(6,9)
(54,8)
(9,16)
(15,10)
(12,3)
(36,0)
(1,11)
(60,5)
(17,3)
(61,9)
(25,19)
(33,2)
(58,2)
(30,18)
(30,12)
(27,1)
(43,11)
(52,3)
(66,0)
(19,6)
(71,5)
(64,5)
(58,2)
(11,0)
(48,1)
(2,13)
(7,1)
(0,8)
(32,16)
(11,3)
(8,2)
(3,13)
(51,13)
(5,3)
(72,2)
(4,1)
(50,16)
(60,12)
(60,0)
(9,5)
(37,4)
(62,13)
(58,12)
(22,5)
(23,6)
(5,3)
(41,1)
(4,15)
(28,15)
(1,9)
(65,6)
(29,12)
(57,0)
(65,9)
(20,10)
(50,8)
(45,5)
(7,6)
(2,15)
(37,0)
(54,4)
(51,10)
(64,0)
(68,15)
(36,0)
(4,19)
(0,5)
(29,2)
(54,14)
(72,10)
(72,19)
(46,0)
(67,18)
(48,11)
(36,5)
(49,9)
(14,5)
(33,12)
(12,16)
(47,9)
(41,11)
(47,12)
(2,14)
(7,16)
(57,0)
(70,4)
(40,13)
(29,11)
(0,12)
(24,9)
(15,1)
(54,6)
(67,18)
(69,4)
(54,14)
(23,9)
(67,6)
(64,15)
(70,2)
(8,0)
(59,6)
(25,3)
(0,1)
(39,11)
(2,16)
(31,3)
(2,8)
(25,11)
(59,14)
(64,12)
(25,1)
(33,8)
(14,9)
(61,15)
(32,3)
(68,1)
(58,0)
(48,2)
(22,15)
(32,11)
(14,16)
(14,16)
(72,7)
(8,4)
(47,8)
(26,8)
(30,3)
(50,6)
(50,18)
(18,5)
(39,12)
(67,11)
(36,10)
(23,19)
(36,0)
(26,12)
(44,13)
(64,0)
(61,2)
(65,3)
(8,5)
(13,9)
(10,14)
(8,11)
(47,8)
(1,17)
(36,2)
(71,0)
(66,5)
(67,5)
(12,18)
(13,4)
(62,1)
(53,7)
(7,6)
(43,8)
(35,7)
(48,0)
(56,13)
(64,5)
(12,0)
(1,14)
(24,9)
(36,14)
(1,10)
(32,9)
(14,3)
(9,9)
(58,5)
(51,0)
(41,8)
(31,7)
(10,16)
(28,5)
(40,5)
(61,2)
(13,2)
(46,12)
(22,8)
(71,4)
(8,0)
(9,3)
(12,16)
(33,6)
(49,13)
(38,18)
(49,0)
(33,11)
(34,10)
(53,7)
(14,18)
(21,14)
(17,4)
(11,8)
(36,1)
(39,1)
(44,4)
(33,2)
(34,0)
(23,14)
(35,5)
(8,18)
(19,18)
(68,19)
(13,7)
(46,1)
(13,17)
(1,4)
(1,7)
(60,4)
(57,16)
(20,6)
(5,14)
(25,16)
(58,8)
(6,6)
(17,4)
(1,7)
(10,2)
(19,6)
(52,3)
(25,12)
(50,10)
(10,14)
(66,14)
(11,19)
(50,3)
(61,13)
(53,16)
(47,5)
(45,19)
(45,11)
(63,5)
(61,17)
(19,16)
(71,5)
(7,13)
(60,2)
(26,10)
(19,12)
(7,14)
(56,4)
(2,1)
(66,5)
(40,17)
(42,12)
(45,2)
(58,2)
(42,13)
(13,0)
(18,11)
(67,18)
(40,9)
(7,17)
(37,3)
(10,10)
(67,1)
(18,1)
(49,9)
(69,3)
(23,2)
(40,16)
(18,8)
(49,6)
(37,5)
(14,7)
(55,6)
(43,9)
(50,12)
(61,9)
(28,7)
(42,15)
(8,15)
(21,9)
(32,3)
(53,5)
(34,15)
(66,13)
(7,0)
(40,5)
(9,4)
(10,11)
(10,2)
(17,2)
(13,14)
(63,18)
(55,0)
(70,10)
(27,10)
(54,4)
(23,19)
(64,15)
(62,13)
(47,16)
(19,0)
(38,3)
(71,8)
(63,7)
(40,4)
(59,15)
(54,7)
(21,5)
(21,3)
(11,14)
(54,8)
(43,2)
(18,0)
(34,1)
(31,10)
(48,2)
(12,12)
(63,7)
(8,16)
(13,6)
(8,1)
(41,9)
(38,0)
(26,17)
(62,0)
(18,4)
(1,1)
(66,8)
(25,16)
(18,5)
(39,13)
(35,18)
(30,0)
(55,0)
(70,7)
(35,2)
(2,4)
(63,1)
(68,6)
(68,13)
(28,19)
(63,19)
(56,2)
(56,8)
(60,10)
(56,10)
(51,12)
(10,12)
(33,12)
(37,3)
(63,10)
(30,2)
(63,0)
(8,2)
(10,8)
(32,2)
(2,2)
(28,5)
(4,9)
(61,14)
(43,1)
(14,6)
(72,5)
(34,18)
(23,15)
(15,17)
(10,3)
(42,14)
(25,5)
(9,5)
(43,7)
(43,5)
(51,8)
(22,11)
(72,16)
(50,17)
(32,0)
(10,19)
(45,5)
(31,19)
(27,4)
(36,1)
(30,5)
(70,6)
(22,15)
(38,8)
(60,2)
(53,4)
(72,4)
(72,0)
(47,11)
(41,18)
(20,1)
(27,1)
(50,0)
(59,9)
(54,14)
(69,16)
(72,1)
(45,19)
(55,8)
(8,1)
(28,0)
(51,11)
(66,4)
(27,9)
(11,9)
(59,9)
(35,3)
(15,2)
(44,3)
(67,0)
(65,15)
(25,8)
(62,12)
(70,4)
(58,19)
(6,1)
(17,13)
(13,0)
(17,2)
(41,4)
(69,15)
(67,6)
(46,1)
(8,19)
(59,14)
(43,3)
(28,18)
(6,13)
(13,3)
(10,18)
(1,3)
(55,3)
(62,18)
(53,0)
(4,10)
(68,1)
(64,12)
(11,2)
(47,1)
(41,17)
(44,4)
(0,0)
(50,11)
(59,18)
(69,3)
(16,4)
(12,2)
(12,0)
(9,11)
(16,1)
(11,4)
(70,7)
(66,1)
(32,8)
(72,12)
(64,6)
(34,3)
(62,1)
(19,4)
(41,5)
(0,4)
(53,4)
(8,18)
(0,18)
(25,19)
(26,0)
(53,18)
(55,5)
(28,10)
(64,1)
(55,12)
(55,2)
(61,2)
(14,17)
(7,2)
(39,8)
(13,5)
(70,10)
(51,5)
(41,10)
(59,1)
(33,7)
(10,12)
(67,16)
(70,1)
(66,17)
(26,0)
(63,3)
(15,10)
(49,9)
(0,11)
(51,11)
(66,4)
(47,8)
(6,19)
(54,19)
(51,7)
(50,4)
(15,12)
(29,9)
(49,4)
(64,7)
(11,13)
(19,8)
(53,17)
(64,2)
(71,2)
(26,17)
(61,6)
(12,12)
(1,0)
(62,1)
(26,14)
(17,9)
(3,8)
(8,17)
(68,8)
(38,5)
(41,2)
(27,13)
(25,11)
(67,1)
(61,2)
(50,3)
(12,0)
(64,0)
(45,9)
(52,9)
(66,15)
(38,0)
(68,0)
(70,12)
(51,11)
(7,5)
(49,10)
(12,7)
(35,17)
(66,6)
(23,2)
(45,15)
(27,17)
(20,3)
(55,10)
(34,6)
(29,4)
(20,11)
(36,13)
(37,6)
(65,7)
(67,5)
(52,0)
(50,1)
(6,2)
(19,1)
(35,2)
(67,13)
(20,7)
(9,8)
(53,8)
(29,6)
(12,12)
(64,0)
(26,0)
(34,17)
(0,5)
(49,16)
(6,14)
(52,6)
(63,3)
(61,14)
(38,2)
(7,2)
(5,1)
(70,19)
(57,7)
(4,5)
(65,18)
(20,5)
(59,11)
(27,3)
(63,0)
(57,11)
(34,2)
(58,5)
(62,13)
(59,5)
(48,16)
(57,5)
(58,8)
(33,7)
(69,2)
(57,1)
(60,7)
(34,5)
(36,13)
(39,1)
(45,6)
(36,0)
(58,1)
(71,6)
(42,0)
(54,9)
(52,9)
(61,10)
(52,0)
(50,13)
(72,10)
(72,4)
(30,2)
(42,1)
(30,9)
(4,0)
(5,8)
(2,1)
(57,3)
(67,4)
(68,5)
(52,11)
(51,0)
(70,14)
(51,10)
(48,3)
(20,2)
(54,8)
(57,1)
(38,5)
(55,5)
(51,14)
(72,19)
(52,3)
(10,11)
(30,6)
(62,17)
(56,2)
(0,14)
(48,1)
(27,8)
(72,10)
(25,2)
(72,1)
(44,18)
(28,18)
(71,0)
(28,3)
(59,3)
(54,18)
(21,0)
(62,3)
(41,18)
(23,7)
(61,6)
(57,11)
(6,16)
(2,4)
(6,16)
(16,5)
(17,16)
(34,2)
(1,16)
(63,3)
(27,12)
(2,1)
(4,19)
(46,6)
(37,11)
(32,9)
(50,9)
(66,0)
(37,15)
(17,15)
(45,19)
(8,4)
(4,9)
(24,8)
(63,11)
(55,0)
(48,0)
(30,0)
(12,13)
(38,5)
(68,12)
(19,0)
(17,5)
(31,1)
(23,15)
(27,0)
(6,6)
(15,11)
(72,6)
(32,3)
(51,18)
(25,0)
(62,0)
(31,15)
(69,1)
(52,1)
(16,7)
(64,6)
(12,2)
(45,18)
(65,4)
(27,8)
(72,14)
(19,1)
(37,0)
(55,16)
(58,15)
(2,16)
(51,4)
(3,9)
(56,9)
(50,17)
(6,16)
(11,1)
(46,4)
(20,4)
(1,3)
(64,0)
(14,3)
(59,1)
(17,6)
(11,16)
(62,5)
(40,18)
(28,8)
(8,18)
(13,4)
(42,0)
(65,12)
(39,15)
(39,7)
(69,9)
(51,17)
(28,17)
(58,3)
(45,4)
(68,3)
(13,3)
(6,11)
(65,3)
(28,1)
(16,15)
(49,5)
(11,5)
(42,0)
(53,8)
(48,11)
(14,7)
(64,2)
(12,7)
(10,0)
(57,5)
(52,18)
(64,1)
(30,4)
(39,6)
(47,6)
(38,1)
(63,6)
(33,7)
(4,3)
(67,5)
(42,16)
(63,5)
(29,8)
(53,18)
(35,11)
(2,0)
(51,0)
(12,1)
(53,7)
(54,8)
(51,10)
(15,0)
(24,8)
(51,6)
(58,13)
(46,5)
(47,1)
(58,18)
(13,9)
(62,16)
(1,6)
(41,3)
(33,2)
(12,3)
(37,10)
(68,7)
(47,6)
(59,16)
(45,17)
(17,8)
(37,18)
(30,3)
(48,12)
(7,10)
(23,6)
(23,3)
(6,8)
(33,1)
(10,7)
(5,11)
(68,3)
(13,3)
(58,0)
(60,18)
(37,13)
(26,5)
(26,9)
(23,4)
(20,6)
(61,11)
(51,6)
(71,9)
(0,1)
(65,11)
(53,5)
(9,8)
(64,3)
(71,1)
(68,9)
(48,11)
(11,15)
(3,0)
(67,12)
(4,0)
(71,9)
(61,13)
(3,13)
(27,18)
(17,1)
(32,1)
(68,15)
(1,3)
(1,18)
(29,2)
(4,12)
(55,4)
(59,0)
(50,0)
(5,10)
(1,8)
(3,19)
(14,11)
(14,5)
(8,1)
(34,1)
(24,3)
(43,9)
(49,1)
(9,0)
(30,19)
(55,18)
(26,10)
(35,13)
(48,11)
(65,3)
(38,7)
(67,18)
(71,18)
(22,5)
(41,5)
(10,9)
(41,12)
(49,2)
(55,8)
(30,17)
(49,2)
(11,6)
(49,18)
(35,2)
(31,10)
(8,5)
(59,11)
(30,2)
(19,12)
(5,12)
(17,0)
(53,16)
(29,1)
(2,12)
(9,15)
(64,3)
(49,2)
(57,8)
(71,11)
(9,2)
(28,17)
(41,9)
(7,19)
(20,19)
(70,6)
(19,8)
(5,18)
(24,0)
(8,0)
(27,14)
(45,5)
(72,1)
(71,2)
(50,0)
(46,15)
(8,0)
(36,17)
(47,15)
(25,7)
(68,10)
(9,1)
(50,6)
(5,8)
(38,10)
(34,1)
(18,11)
(51,5)
(20,0)
(3,4)
(19,16)
(36,7)
(35,15)
(7,0)
(45,4)
(4,0)
(8,9)
(70,8)
(32,1)
(8,16)
(60,2)
(34,8)
(36,8)
(49,15)
(27,15)
(9,15)
(58,19)
(31,2)
(58,5)
(11,17)
(27,9)
(52,6)
(14,13)
(0,13)
(53,2)
(9,3)
(0,11)
(66,5)
(61,15)
(34,7)
(29,11)
(17,12)
(55,18)
(47,18)
(4,10)
(72,12)
(23,2)
(46,2)
(25,8)
(47,2)
(9,8)
(67,1)
(19,10)
(20,8)
(72,5)
(71,15)
(72,15)
(60,10)
(45,5)
(72,17)
(35,19)
(55,13)
(56,10)
(51,7)
(44,16)
(69,0)
(69,5)
(1,5)
(6,6)
(60,0)
(53,3)
(4,16)
(57,8)
(16,1)
(47,13)
(53,1)
(2,16)
(64,8)
(35,9)
(33,3)
(17,10)
(27,1)
(57,6)
(50,12)
(41,16)
(39,0)
(20,17)
(51,5)
(27,7)
(58,19)
(12,5)
(18,15)
(34,0)
(44,11)
(14,9)
(11,12)
(37,2)
(57,2)
(48,14)
(48,1)
(42,3)
(58,8)
(71,3)
(38,6)
(10,1)
(8,3)
(35,14)
(68,1)
(3,12)
(12,9)
(9,19)
(22,15)
(19,4)
(8,12)
(63,3)
(29,13)
(40,2)
(69,17)
(27,5)
(10,2)
(46,4)
(40,8)
(14,3)
(41,6)
(40,1)
(0,18)
(54,12)
(30,13)
(17,4)
(15,10)
(51,19)
(61,18)
(12,2)
(23,4)
(67,10)
(9,17)
(26,18)
(24,19)
(59,4)
(17,18)
(27,8)
(37,11)
(30,15)
(42,11)
(54,9)
(61,3)
(10,5)
(54,5)
(51,11)
(4,2)
(8,8)
(30,9)
(49,0)
(22,0)
(12,0)
(14,10)
(28,16)
(59,0)
(41,12)
(42,6)
(23,14)
(42,6)
(30,7)
(63,4)
(65,6)
(9,5)
(55,7)
(31,17)
(20,9)
(40,1)
(48,10)
(40,3)
(33,7)
(70,12)
(36,3)
(19,6)
(64,19)
(54,0)
(2,13)
(69,5)
(51,2)
(3,8)
(68,5)
(68,3)
(8,3)
(54,14)
(61,6)
(49,18)
(41,9)
(41,2)
(48,10)
(50,2)
(67,1)
(65,14)
(62,9)
(28,8)
(66,19)
(51,18)
(63,2)
(4,7)
(18,2)
(0,5)
(45,13)
(49,8)
(13,1)
(56,0)
(70,10)
(8,0)
(22,18)
(38,6)
(56,0)
(41,10)
(33,7)
(44,7)
(11,4)
(0,3)
(55,13)
(5,1)
(54,2)
(44,12)
(24,3)
(20,9)
(23,1)
(14,1)
(22,8)
(30,7)
(1,11)
(19,13)
(36,0)
(36,0)
(23,10)
(50,9)
(27,14)
(24,15)
(8,7)
(33,18)
(55,6)
(3,10)
(0,3)
(51,9)
(23,0)
(48,11)
(19,18)
(31,9)
(44,4)
(66,0)
(53,0)
(3,19)
(41,2)
(41,6)
(25,5)
(8,5)
(47,16)
(57,1)
(64,19)
(24,9)
(36,1)
(71,12)
(67,16)
(3,11)
(11,17)
(72,3)
(23,13)
(46,0)
(33,10)
(39,8)
(29,0)
(46,6)
(70,13)
(52,0)
(56,18)
(19,4)
(8,8)
(12,0)
(0,5)
(33,2)
(56,2)
(7,7)
(37,6)
(72,11)
(49,3)
(40,1)
(18,5)
(17,8)
(26,10)
(65,0)
(65,17)
(70,4)
(46,9)
(58,8)
(33,17)
(56,6)
(70,19)
(10,18)
(25,5)
(51,8)
(61,1)
(44,6)
(54,1)
(2,4)
(3,16)
(11,16)
(7,0)
(46,1)
(54,4)
(67,15)
(70,4)
(55,19)
(2,8)
(12,3)
(44,0)
(31,8)
(48,6)
(25,6)
(40,8)
(67,17)
(49,18)
(4,15)
(4,7)
(63,1)
(41,7)
(15,0)
(66,3)
(14,8)
(20,0)
(37,0)
(16,16)
(18,15)
(32,3)
(53,18)
(8,13)
(30,16)
(1,12)
(72,0)
(4,17)
(69,2)
(43,14)
(17,8)
(67,2)
(57,14)
(37,1)
(21,9)
(16,15)
(59,7)
(29,15)
(40,1)
(42,5)
(16,3)
(1,19)
(13,0)
(36,8)
(57,3)
(12,6)
(67,6)
(22,10)
(4,1)
(32,1)
(52,0)
(0,15)
(23,1)
(26,14)
(21,16)
(18,1)
(1,12)
(2,1)
(34,11)
(41,12)
(22,7)
(5,14)
(54,0)
(49,19)
(63,18)
(21,15)
(23,13)
(24,3)
(62,18)
(28,8)
(4,8)
(11,0)
(26,0)
(52,4)
(59,4)
(30,13)
(63,17)
(34,1)
(54,1)
(2,8)
(24,2)
(9,7)
(10,10)
(70,10)
(38,2)
(24,3)
(12,4)
(43,3)
(8,3)
(3,10)
(64,10)
(3,15)
(24,7)
(34,4)
(53,18)
(23,11)
(49,10)
(56,15)
(65,16)
(19,4)
(4,17)
(29,7)
(24,2)
(56,17)
(13,9)
(14,8)
(63,11)
(70,1)
(48,0)
(6,19)
(45,16)
(57,14)
(68,0)
(38,16)
(33,2)
(13,6)
(38,16)
(66,3)
(27,0)
(30,2)
(31,9)
(60,19)
(40,0)
(21,10)
(3,18)
(63,7)
(31,8)
(58,4)
(21,17)
(72,6)
(63,12)
(6,3)
(64,3)
(42,19)
(58,17)
(54,7)
(46,16)
(2,12)
(20,13)
(54,5)
(18,18)
(14,18)
(21,9)
(25,3)
(34,8)
(39,12)
(66,1)
(49,2)
(25,4)
(52,8)
(23,4)
(66,14)
(69,14)
(13,2)
(67,9)
(9,8)
(71,15)
(40,1)
(4,0)
(61,2)
(38,8)
(40,2)
(59,9)
(70,6)
(24,3)
(40,15)
(56,3)
(22,3)
(3,5)
(64,18)
(5,2)
(4,18)
(24,2)
(56,9)
(62,19)
(11,3)
(20,17)
(12,11)
(58,16)
(58,9)
(22,0)
(55,8)
(36,3)
(7,12)
(47,0)
(47,6)
(56,7)
(21,9)
(46,0)
(61,2)
(43,8)
(22,4)
(9,4)
(52,8)
(10,10)
(62,12)
(0,18)
(23,1)
(24,4)
(46,19)
(28,2)
(31,17)
(33,8)
(67,3)
(16,16)
(42,4)
(58,5)
(47,14)
(35,13)
(12,5)
(5,16)
(66,10)
(40,2)
(15,13)
(65,7)
(65,3)
(29,12)
(45,10)
(36,5)
(35,4)
(57,14)
(65,15)
(27,9)
(38,4)
(2,5)
(36,4)
(64,1)
(30,7)
(1,12)
(5,2)
(68,7)
(18,7)
(23,14)
(37,17)
(40,18)
(39,6)
(24,0)
(14,0)
(62,5)
(23,2)
(66,13)
(28,2)
(0,0)
(42,6)
(49,9)
(28,14)
(3,9)
(27,1)
(30,15)
(67,18)
(27,4)
(16,8)
(4,7)
(37,0)
(25,0)
(70,9)
(50,5)
(51,14)
(0,12)
(66,11)
(30,13)
(1,9)
(60,3)
(13,16)
(14,15)
(9,13)
(36,9)
(65,16)
(36,1)
(14,11)
(16,9)
(11,12)
(58,3)
(2,17)
(50,2)
(65,10)
(53,1)
(67,15)
(69,7)
(67,16)
(9,8)
(41,9)
(2,2)
(26,19)
(67,1)
(66,12)
(11,5)
(59,10)
(22,13)
(62,15)
(31,6)
(4,0)
(3,7)
(67,0)
(52,3)
(52,6)
(5,12)
(37,1)
(67,2)
(60,17)
(51,10)
(18,4)
(11,14)
(41,18)
(56,0)
(6,7)
(34,7)
(10,6)
(12,8)
(18,2)
(0,18)
(46,0)
(70,10)
(59,8)
(59,3)
(47,17)
(64,4)
(62,5)
(29,12)
(33,6)
(70,17)
(3,2)
(62,7)
(38,12)
(65,19)
(34,4)
(63,12)
(53,3)
(19,1)
(63,5)
(64,12)
(31,19)
(53,19)
(13,16)
(11,6)
(45,1)
(13,10)
(9,10)
(71,6)
(23,10)
(34,13)
(49,15)
(68,6)
(5,12)
(3,14)
(18,3)
(24,17)
(49,1)
(63,12)
(22,10)
(6,3)
(11,8)
(66,13)
(54,12)
(30,18)
(47,2)
(0,1)
(22,13)
(69,9)
(31,0)
(4,13)
(64,7)
(15,0)
(56,19)
(6,7)
(59,11)
(41,13)
(10,12)
(56,1)
(37,6)
(2,0)
(68,9)
(42,3)
(59,6)
(53,14)
(70,16)
(46,7)
(23,12)
(27,1)
(22,8)
(24,7)
(25,13)
(14,5)
(69,1)
(27,3)
(59,10)
(44,10)
(34,11)
(58,10)
(8,6)
(45,2)
(53,2)
(12,17)
(67,12)
(65,1)
(21,0)
(22,9)
(18,12)
(23,16)
(17,12)
(3,9)
(2,1)
(64,2)
(64,5)
(52,4)
(15,3)
(50,7)
(6,1)
(1,7)
(68,5)
(3,8)
(64,12)
(65,5)
(65,1)
(22,13)
(30,12)
(7,16)
(56,10)
(14,12)
(19,18)
(49,1)
(29,17)
(13,1)
(24,6)
(9,9)
(18,11)
(58,4)
(14,12)
(1,0)
(43,0)
(52,0)
(41,5)
(10,3)
(61,1)
(41,8)
(42,15)
(12,1)
(0,0)
(45,7)
(5,1)
(24,16)
(42,0)
(1,4)
(38,19)
(58,17)
(19,3)
(45,3)
(27,8)
(40,15)
(10,14)
(71,4)
(59,14)
(65,1)
(3,5)
(54,2)
(58,11)
(70,4)
(13,2)
(18,1)
(67,7)
(43,14)
(4,0)
(30,16)
(37,13)
(58,19)
(57,5)
(21,9)
(33,9)
(29,2)
(5,6)
(13,17)
(9,19)
(64,12)
(19,1)
(43,0)
(63,2)
(45,15)
(60,15)
(2,7)
(46,12)
(58,7)
(41,0)
(20,19)
(13,12)
(55,16)
(39,16)
(45,3)
(41,6)
(63,6)
(69,18)
(4,17)
(4,1)
(17,7)
(54,1)
(47,9)
(33,5)
(59,15)
(2,7)
(66,3)
(38,16)
(22,14)
(64,5)
(48,12)
(64,15)
(63,7)
(10,9)
(16,12)
(42,1)
(51,0)
(1,9)
(69,18)
(13,7)
(63,5)
(57,6)
(43,3)
(41,13)
(19,1)
(15,12)
(24,18)
(15,2)
(27,6)
(45,0)
(58,12)
(63,5)
(60,5)
(6,19)
(2,1)
(6,11)
(34,9)
(37,15)
(37,7)
(10,3)
(61,17)
(58,3)
(66,13)
(9,0)
(40,16)
(54,7)
(14,0)
(18,1)
(22,10)
(54,3)
(33,0)
(61,0)
(24,11)
(70,1)
(4,14)
(47,15)
(62,9)
(38,19)
(51,16)
(15,12)
(21,19)
(56,14)
(26,10)
(9,1)
(28,12)
(3,10)
(29,15)
(39,6)
(6,4)
(15,0)
(44,5)
(4,17)
(57,7)
(5,15)
(19,10)
(48,3)
(18,2)
(49,0)
(36,1)
(66,16)
(4,17)
(57,9)
(0,14)
(0,17)
(3,7)
(52,4)
(43,5)
(46,3)
(24,6)
(71,4)
(52,2)
(36,15)
(56,14)
(44,4)
(61,1)
(5,0)
(1,13)
(57,9)
(53,9)
(23,10)
(60,0)
(33,3)
(68,17)
(65,7)
(40,19)
(32,14)
(24,8)
(11,3)
(72,18)
(34,1)
(30,12)
(57,6)
(21,4)
(53,4)
(12,2)
(19,3)
(35,11)
(36,9)
(27,13)
(47,3)
(19,5)
(10,0)
(9,0)
(69,6)
(46,0)
(4,3)
(66,13)
(33,9)
(0,9)
(38,0)
(48,1)
(59,0)
(3,3)
(52,17)
(39,2)
(34,5)
(64,9)
(51,17)
(47,1)
(61,4)
(55,17)
(32,4)
(6,6)
(16,4)
(48,1)
(60,18)
(8,8)
(65,6)
(1,0)
(30,6)
(65,15)
(22,17)
(61,5)
(24,19)
(23,3)
(28,1)
(60,7)
(46,2)
(5,10)
(49,4)
(57,15)
(26,4)
(28,2)
(67,18)
(23,0)
(15,19)
(5,7)
(45,2)
(58,5)
(56,0)
(8,0)
(17,6)
(24,1)
(32,8)
(16,7)
(66,10)
(45,12)
(41,19)
(27,6)
(54,5)
(32,1)
(22,3)
(71,13)
(54,2)
(33,14)
(18,2)
(53,7)
(49,4)
(33,1)
(26,1)
(28,19)
(47,1)
(47,15)
(70,3)
(59,19)
(8,14)
(39,8)
(8,9)
(52,1)
(49,9)
(28,6)
(21,2)
(46,7)
(39,2)
(39,19)
(66,18)
(38,10)
(9,15)
(35,2)
(37,10)
(49,14)
(26,5)
(72,5)
(65,17)
(44,6)
(52,5)
(51,3)
(69,4)
(49,4)
(56,13)
(25,0)
(37,5)
(54,4)
(61,15)
(18,1)
(48,17)
(16,0)
(66,6)
(46,7)
(42,9)
(37,18)
(72,0)
(33,15)
(17,16)
(2,14)
(3,4)
(25,12)
(12,3)
(12,4)
(2,19)
(24,17)
(46,5)
(11,6)
(5,2)
(44,3)
(21,3)
(14,3)
(51,1)
(5,10)
(52,6)
(48,14)
(5,0)
(36,0)
(34,9)
(2,16)
(34,12)
(9,10)
(37,0)
(1,5)
(61,1)
(49,1)
(24,15)
(30,1)
(10,5)
(15,7)
(13,1)
(46,18)
(64,8)
(29,14)
(42,9)
(41,6)
(14,0)
(21,16)
(67,2)
(22,19)
(64,14)
(68,15)
(34,12)
(42,16)
(5,10)
(32,16)
(71,1)
(6,11)
(10,5)
(17,13)
(14,13)
(24,6)
(70,3)
(11,2)
(43,11)
(22,9)
(8,19)
(34,10)
(46,14)
(38,10)
(62,0)
(69,19)
(20,7)
(38,1)
(21,12)
(65,14)
(14,11)
(17,10)
(34,8)
(26,9)
(39,9)
(13,16)
(9,4)
(4,3)
(9,10)
(63,8)
(13,13)
(1,16)
(56,3)
(66,3)
(55,2)
(42,9)
(59,19)

(22,0)
(20,1)
(22,2)
(20,3)
(21,4)
(21,5)
(20,6)
(20,7)
(20,8)
(20,9)
(21,10)
(20,11)
(21,12)
(20,13)
(20,14)
(22,15)
(20,16)
(22,17)
(22,18)
(22,19)
(60,1)
(12,14)
(64,4)
(42,5)
(42,1)
(61,10)
(25,0)
(66,18)
(10,3)
(13,1)
(3,2)
(20,12)
(61,3)
(1,11)
(7,1)
(33,0)
(7,0)
(45,7)
(44,1)
(38,6)
(68,2)
(6,3)
(47,15)
(21,0)
(21,3)
(25,10)
(63,10)
(55,8)
(6,7)
(61,17)
(52,0)
(1,7)
(2,3)
(34,1)
(27,0)
(34,10)
(63,4)
(39,1)
(41,0)
(69,1)
(46,19)
(13,6)
(13,13)
(54,10)
(64,11)
(2,0)
(25,14)
(64,9)
(62,0)
(5,1)
(53,12)
(63,0)
(28,2)
(64,9)
(62,11)
(1,6)
(8,12)
(51,9)
(65,0)
(65,3)
(43,2)
(25,1)
(28,2)
(54,4)
(24,6)
(12,4)
(51,14)
(2,9)
(35,0)
(44,9)
(19,1)
(25,7)
(31,11)
(70,11)
(48,9)
(42,1)
(68,17)
(54,13)
(22,16)
(12,14)
(40,0)
(2,12)
(20,6)
(14,3)
(18,3)
(50,3)
(58,1)
(9,14)
(68,1)
(22,16)
(18,2)
(47,4)
(39,13)
(25,13)
(66,1)
(27,11)
(5,1)
(57,9)
(59,5)
(39,0)
(56,12)
(27,12)
(46,9)
(67,2)
(6,16)
(50,15)
(47,8)
(8,2)
(27,2)
(13,17)
(1,16)
(2,3)
(38,15)
(56,0)
(60,12)
(5,2)
(31,16)
(6,16)
(17,4)
(55,2)
(18,2)
(44,1)
(58,2)
(47,7)
(14,10)
(33,9)
(19,11)
(38,16)
(38,17)
(31,2)
(3,12)
(40,12)
(55,7)
(60,7)
(61,0)
(3,10)
(43,19)
(10,19)
(1,9)
(49,0)
(5,7)
(22,2)
(45,0)
(18,2)
(67,14)
(12,0)
(24,0)
(61,3)
(54,11)
(35,3)
(61,1)
(16,7)
(37,0)
(72,11)
(70,18)
(33,1)
(37,6)
(8,12)
(49,2)
(27,2)
(13,1)
(10,6)
(39,11)
(62,3)
(36,2)
(62,1)
(12,13)
(12,1)
(25,8)
(5,7)
(51,7)
(59,2)
(55,0)
(21,3)
(2,12)
(20,8)
(52,13)
(27,3)
(60,0)
(69,14)
(68,3)
(59,16)
(32,19)
(55,5)
(70,7)
(37,1)
(60,15)
(4,0)
(45,7)
(28,11)
(9,1)
(42,1)
(7,14)
(51,6)
(71,0)
(2,8)
(51,0)
(36,1)
(32,13)
(38,4)
(70,3)
(16,18)
(47,16)
(56,11)
(1,19)
(3,7)
(63,4)
(61,2)
(65,2)
(4,2)
(18,0)
(6,9)
(54,8)
(9,16)
(15,10)
(12,3)
(36,0)
(1,11)
(60,5)
(17,3)
(61,9)
(25,19)
(33,2)
(58,2)
(30,18)
(30,12)
(27,1)
(43,11)
(52,3)
(66,0)
(19,6)
(71,5)
(64,5)
(58,2)
(11,0)
(48,1)
(2,13)
(7,1)
(0,8)
(32,16)
(11,3)
(8,2)
(3,13)
(51,13)
(5,3)
(72,2)
(4,1)
(50,16)
(60,12)
(60,0)
(9,5)
(37,4)
(62,13)
(58,12)
(22,5)
(23,6)
(5,3)
(41,1)
(4,15)
(28,15)
(1,9)
(65,6)
(29,12)
(57,0)
(65,9)
(20,10)
(50,8)
(45,5)
(7,6)
(2,15)
(37,0)
(54,4)
(51,10)
(64,0)
(68,15)
(36,0)
(4,19)
(0,5)
(29,2)
(54,14)
(72,10)
(72,19)
(46,0)
(67,18)
(48,11)
(36,5)
(49,9)
(14,5)
(33,12)
(12,16)
(47,9)
(41,11)
(47,12)
(2,14)
(7,16)
(57,0)
(70,4)
(40,13)
(29,11)
(0,12)
(24,9)
(15,1)
(54,6)
(67,18)
(69,4)
(54,14)
(23,9)
(67,6)
(64,15)
(70,2)
(8,0)
(59,6)
(25,3)
(0,1)
(39,11)
(2,16)
(31,3)
(2,8)
(25,11)
(59,14)
(64,12)
(25,1)
(33,8)
(14,9)
(61,15)
(32,3)
(68,1)
(58,0)
(48,2)
(22,15)
(32,11)
(14,16)
(14,16)
(72,7)
(8,4)
(47,8)
(26,8)
(30,3)
(50,6)
(50,18)
(18,5)
(39,12)
(67,11)
(36,10)
(23,19)
(36,0)
(26,12)
(44,13)
(64,0)
(61,2)
(65,3)
(8,5)
(13,9)
(10,14)
(8,11)
(47,8)
(1,17)
(36,2)
(71,0)
(66,5)
(67,5)
(12,18)
(13,4)
(62,1)
(53,7)
(7,6)
(43,8)
(35,7)
(48,0)
(56,13)
(64,5)
(12,0)
(1,14)
(24,9)
(36,14)
(1,10)
(32,9)
(14,3)
(9,9)
(58,5)
(51,0)
(41,8)
(31,7)
(10,16)
(28,5)
(40,5)
(61,2)
(13,2)
(46,12)
(22,8)
(71,4)
(8,0)
(9,3)
(12,16)
(33,6)
(49,13)
(38,18)
(49,0)
(33,11)
(34,10)
(53,7)
(14,18)
(21,14)
(17,4)
(11,8)
(36,1)
(39,1)
(44,4)
(33,2)
(34,0)
(23,14)
(35,5)
(8,18)
(19,18)
(68,19)
(13,7)
(46,1)
(13,17)
(1,4)
(1,7)
(60,4)
(57,16)
(20,6)
(5,14)
(25,16)
(58,8)
(6,6)
(17,4)
(1,7)
(10,2)
(19,6)
(52,3)
(25,12)
(50,10)
(10,14)
(66,14)
(11,19)
(50,3)
(61,13)
(53,16)
(47,5)
(45,19)
(45,11)
(63,5)
(61,17)
(19,16)
(71,5)
(7,13)
(60,2)
(26,10)
(19,12)
(7,14)
(56,4)
(2,1)
(66,5)
(40,17)
(42,12)
(45,2)
(58,2)
(42,13)
(13,0)
(18,11)
(67,18)
(40,9)
(7,17)
(37,3)
(10,10)
(67,1)
(18,1)
(49,9)
(69,3)
(23,2)
(40,16)
(18,8)
(49,6)
(37,5)
(14,7)
(55,6)
(43,9)
(50,12)
(61,9)
(28,7)
(42,15)
(8,15)
(21,9)
(32,3)
(53,5)
(34,15)
(66,13)
(7,0)
(40,5)
(9,4)
(10,11)
(10,2)
(17,2)
(13,14)
(63,18)
(55,0)
(70,10)
(27,10)
(54,4)
(23,19)
(64,15)
(62,13)
(47,16)
(19,0)
(38,3)
(71,8)
(63,7)
(40,4)
(59,15)
(54,7)
(21,5)
(21,3)
(11,14)
(54,8)
(43,2)
(18,0)
(34,1)
(31,10)
(48,2)
(12,12)
(63,7)
(8,16)
(13,6)
(8,1)
(41,9)
(38,0)
(26,17)
(62,0)
(18,4)
(1,1)
(66,8)
(25,16)
(18,5)
(39,13)
(35,18)
(30,0)
(55,0)
(70,7)
(35,2)
(2,4)
(63,1)
(68,6)
(68,13)
(28,19)
(63,19)
(56,2)
(56,8)
(60,10)
(56,10)
(51,12)
(10,12)
(33,12)
(37,3)
(63,10)
(30,2)
(63,0)
(8,2)
(10,8)
(32,2)
(2,2)
(28,5)
(4,9)
(61,14)
(43,1)
(14,6)
(72,5)
(34,18)
(23,15)
(15,17)
(10,3)
(42,14)
(25,5)
(9,5)
(43,7)
(43,5)
(51,8)
(22,11)
(72,16)
(50,17)
(32,0)
(10,19)
(45,5)
(31,19)
(27,4)
(36,1)
(30,5)
(70,6)
(22,15)
(38,8)
(60,2)
(53,4)
(72,4)
(72,0)
(47,11)
(41,18)
(20,1)
(27,1)
(50,0)
(59,9)
(54,14)
(69,16)
(72,1)
(45,19)
(55,8)
(8,1)
(28,0)
(51,11)
(66,4)
(27,9)
(11,9)
(59,9)
(35,3)
(15,2)
(44,3)
(67,0)
(65,15)
(25,8)
(62,12)
(70,4)
(58,19)
(6,1)
(17,13)
(13,0)
(17,2)
(41,4)
(69,15)
(67,6)
(46,1)
(8,19)
(59,14)
(43,3)
(28,18)
(6,13)
(13,3)
(10,18)
(1,3)
(55,3)
(62,18)
(53,0)
(4,10)
(68,1)
(64,12)
(11,2)
(47,1)
(41,17)
(44,4)
(0,0)
(50,11)
(59,18)
(69,3)
(16,4)
(12,2)
(12,0)
(9,11)
(16,1)
(11,4)
(70,7)
(66,1)
(32,8)
(72,12)
(64,6)
(34,3)
(62,1)
(19,4)
(41,5)
(0,4)
(53,4)
(8,18)
(0,18)
(25,19)
(26,0)
(53,18)
(55,5)
(28,10)
(64,1)
(55,12)
(55,2)
(61,2)
(14,17)
(7,2)
(39,8)
(13,5)
(70,10)
(51,5)
(41,10)
(59,1)
(33,7)
(10,12)
(67,16)
(70,1)
(66,17)
(26,0)
(63,3)
(15,10)
(49,9)
(0,11)
(51,11)
(66,4)
(47,8)
(6,19)
(54,19)
(51,7)
(50,4)
(15,12)
(29,9)
(49,4)
(64,7)
(11,13)
(19,8)
(53,17)
(64,2)
(71,2)
(26,17)
(61,6)
(12,12)
(1,0)
(62,1)
(26,14)
(17,9)
(3,8)
(8,17)
(68,8)
(38,5)
(41,2)
(27,13)
(25,11)
(67,1)
(61,2)
(50,3)
(12,0)
(64,0)
(45,9)
(52,9)
(66,15)
(38,0)
(68,0)
(70,12)
(51,11)
(7,5)
(49,10)
(12,7)
(35,17)
(66,6)
(23,2)
(45,15)
(27,17)
(20,3)
(55,10)
(34,6)
(29,4)
(20,11)
(36,13)
(37,6)
(65,7)
(67,5)
(52,0)
(50,1)
(6,2)
(19,1)
(35,2)
(67,13)
(20,7)
(9,8)
(53,8)
(29,6)
(12,12)
(64,0)
(26,0)
(34,17)
(0,5)
(49,16)
(6,14)
(52,6)
(63,3)
(61,14)
(38,2)
(7,2)
(5,1)
(70,19)
(57,7)
(4,5)
(65,18)
(20,5)
(59,11)
(27,3)
(63,0)
(57,11)
(34,2)
(58,5)
(62,13)
(59,5)
(48,16)
(57,5)
(58,8)
(33,7)
(69,2)
(57,1)
(60,7)
(34,5)
(36,13)
(39,1)
(45,6)
(36,0)
(58,1)
(71,6)
(42,0)
(54,9)
(52,9)
(61,10)
(52,0)
(50,13)
(72,10)
(72,4)
(30,2)
(42,1)
(30,9)
(4,0)
(5,8)
(2,1)
(57,3)
(67,4)
(68,5)
(52,11)
(51,0)
(70,14)
(51,10)
(48,3)
(20,2)
(54,8)
(57,1)
(38,5)
(55,5)
(51,14)
(72,19)
(52,3)
(10,11)
(30,6)
(62,17)
(56,2)
(0,14)
(48,1)
(27,8)
(72,10)
(25,2)
(72,1)
(44,18)
(28,18)
(71,0)
(28,3)
(59,3)
(54,18)
(21,0)
(62,3)
(41,18)
(23,7)
(61,6)
(57,11)
(6,16)
(2,4)
(6,16)
(16,5)
(17,16)
(34,2)
(1,16)
(63,3)
(27,12)
(2,1)
(4,19)
(46,6)
(37,11)
(32,9)
(50,9)
(66,0)
(37,15)
(17,15)
(45,19)
(8,4)
(4,9)
(24,8)
(63,11)
(55,0)
(48,0)
(30,0)
(12,13)
(38,5)
(68,12)
(19,0)
(17,5)
(31,1)
(23,15)
(27,0)
(6,6)
(15,11)
(72,6)
(32,3)
(51,18)
(25,0)
(62,0)
(31,15)
(69,1)
(52,1)
(16,7)
(64,6)
(12,2)
(45,18)
(65,4)
(27,8)
(72,14)
(19,1)
(37,0)
(55,16)
(58,15)
(2,16)
(51,4)
(3,9)
(56,9)
(50,17)
(6,16)
(11,1)
(46,4)
(20,4)
(1,3)
(64,0)
(14,3)
(59,1)
(17,6)
(11,16)
(62,5)
(40,18)
(28,8)
(8,18)
(13,4)
(42,0)
(65,12)
(39,15)
(39,7)
(69,9)
(51,17)
(28,17)
(58,3)
(45,4)
(68,3)
(13,3)
(6,11)
(65,3)
(28,1)
(16,15)
(49,5)
(11,5)
(42,0)
(53,8)
(48,11)
(14,7)
(64,2)
(12,7)
(10,0)
(57,5)
(52,18)
(64,1)
(30,4)
(39,6)
(47,6)
(38,1)
(63,6)
(33,7)
(4,3)
(67,5)
(42,16)
(63,5)
(29,8)
(53,18)
(35,11)
(2,0)
(51,0)
(12,1)
(53,7)
(54,8)
(51,10)
(15,0)
(24,8)
(51,6)
(58,13)
(46,5)
(47,1)
(58,18)
(13,9)
(62,16)
(1,6)
(41,3)
(33,2)
(12,3)
(37,10)
(68,7)
(47,6)
(59,16)
(45,17)
(17,8)
(37,18)
(30,3)
(48,12)
(7,10)
(23,6)
(23,3)
(6,8)
(33,1)
(10,7)
(5,11)
(68,3)
(13,3)
(58,0)
(60,18)
(37,13)
(26,5)
(26,9)
(23,4)
(20,6)
(61,11)
(51,6)
(71,9)
(0,1)
(65,11)
(53,5)
(9,8)
(64,3)
(71,1)
(68,9)
(48,11)
(11,15)
(3,0)
(67,12)
(4,0)
(71,9)
(61,13)
(3,13)
(27,18)
(17,1)
(32,1)
(68,15)
(1,3)
(1,18)
(29,2)
(4,12)
(55,4)
(59,0)
(50,0)
(5,10)
(1,8)
(3,19)
(14,11)
(14,5)
(8,1)
(34,1)
(24,3)
(43,9)
(49,1)
(9,0)
(30,19)
(55,18)
(26,10)
(35,13)
(48,11)
(65,3)
(38,7)
(67,18)
(71,18)
(22,5)
(41,5)
(10,9)
(41,12)
(49,2)
(55,8)
(30,17)
(49,2)
(11,6)
(49,18)
(35,2)
(31,10)
(8,5)
(59,11)
(30,2)
(19,12)
(5,12)
(17,0)
(53,16)
(29,1)
(2,12)
(9,15)
(64,3)
(49,2)
(57,8)
(71,11)
(9,2)
(28,17)
(41,9)
(7,19)
(20,19)
(70,6)
(19,8)
(5,18)
(24,0)
(8,0)
(27,14)
(45,5)
(72,1)
(71,2)
(50,0)
(46,15)
(8,0)
(36,17)
(47,15)
(25,7)
(68,10)
(9,1)
(50,6)
(5,8)
(38,10)
(34,1)
(18,11)
(51,5)
(20,0)
(3,4)
(19,16)
(36,7)
(35,15)
(7,0)
(45,4)
(4,0)
(8,9)
(70,8)
(32,1)
(8,16)
(60,2)
(34,8)
(36,8)
(49,15)
(27,15)
(9,15)
(58,19)
(31,2)
(58,5)
(11,17)
(27,9)
(52,6)
(14,13)
(0,13)
(53,2)
(9,3)
(0,11)
(66,5)
(61,15)
(34,7)
(29,11)
(17,12)
(55,18)
(47,18)
(4,10)
(72,12)
(23,2)
(46,2)
(25,8)
(47,2)
(9,8)
(67,1)
(19,10)
(20,8)
(72,5)
(71,15)
(72,15)
(60,10)
(45,5)
(72,17)
(35,19)
(55,13)
(56,10)
(51,7)
(44,16)
(69,0)
(69,5)
(1,5)
(6,6)
(60,0)
(53,3)
(4,16)
(57,8)
(16,1)
(47,13)
(53,1)
(2,16)
(64,8)
(35,9)
(33,3)
(17,10)
(27,1)
(57,6)
(50,12)
(41,16)
(39,0)
(20,17)
(51,5)
(27,7)
(58,19)
(12,5)
(18,15)
(34,0)
(44,11)
(14,9)
(11,12)
(37,2)
(57,2)
(48,14)
(48,1)
(42,3)
(58,8)
(71,3)
(38,6)
(10,1)
(8,3)
(35,14)
(68,1)
(3,12)
(12,9)
(9,19)
(22,15)
(19,4)
(8,12)
(63,3)
(29,13)
(40,2)
(69,17)
(27,5)
(10,2)
(46,4)
(40,8)
(14,3)
(41,6)
(40,1)
(0,18)
(54,12)
(30,13)
(17,4)
(15,10)
(51,19)
(61,18)
(12,2)
(23,4)
(67,10)
(9,17)
(26,18)
(24,19)
(59,4)
(17,18)
(27,8)
(37,11)
(30,15)
(42,11)
(54,9)
(61,3)
(10,5)
(54,5)
(51,11)
(4,2)
(8,8)
(30,9)
(49,0)
(22,0)
(12,0)
(14,10)
(28,16)
(59,0)
(41,12)
(42,6)
(23,14)
(42,6)
(30,7)
(63,4)
(65,6)
(9,5)
(55,7)
(31,17)
(20,9)
(40,1)
(48,10)
(40,3)
(33,7)
(70,12)
(36,3)
(19,6)
(64,19)
(54,0)
(2,13)
(69,5)
(51,2)
(3,8)
(68,5)
(68,3)
(8,3)
(54,14)
(61,6)
(49,18)
(41,9)
(41,2)
(48,10)
(50,2)
(67,1)
(65,14)
(62,9)
(28,8)
(66,19)
(51,18)
(63,2)
(4,7)
(18,2)
(0,5)
(45,13)
(49,8)
(13,1)
(56,0)
(70,10)
(8,0)
(22,18)
(38,6)
(56,0)
(41,10)
(33,7)
(44,7)
(11,4)
(0,3)
(55,13)
(5,1)
(54,2)
(44,12)
(24,3)
(20,9)
(23,1)
(14,1)
(22,8)
(30,7)
(1,11)
(19,13)
(36,0)
(36,0)
(23,10)
(50,9)
(27,14)
(24,15)
(8,7)
(33,18)
(55,6)
(3,10)
(0,3)
(51,9)
(23,0)
(48,11)
(19,18)
(31,9)
(44,4)
(66,0)
(53,0)
(3,19)
(41,2)
(41,6)
(25,5)
(8,5)
(47,16)
(57,1)
(64,19)
(24,9)
(36,1)
(71,12)
(67,16)
(3,11)
(11,17)
(72,3)
(23,13)
(46,0)
(33,10)
(39,8)
(29,0)
(46,6)
(70,13)
(52,0)
(56,18)
(19,4)
(8,8)
(12,0)
(0,5)
(33,2)
(56,2)
(7,7)
(37,6)
(72,11)
(49,3)
(40,1)
(18,5)
(17,8)
(26,10)
(65,0)
(65,17)
(70,4)
(46,9)
(58,8)
(33,17)
(56,6)
(70,19)
(10,18)
(25,5)
(51,8)
(61,1)
(44,6)
(54,1)
(2,4)
(3,16)
(11,16)
(7,0)
(46,1)
(54,4)
(67,15)
(70,4)
(55,19)
(2,8)
(12,3)
(44,0)
(31,8)
(48,6)
(25,6)
(40,8)
(67,17)
(49,18)
(4,15)
(4,7)
(63,1)
(41,7)
(15,0)
(66,3)
(14,8)
(20,0)
(37,0)
(16,16)
(18,15)
(32,3)
(53,18)
(8,13)
(30,16)
(1,12)
(72,0)
(4,17)
(69,2)
(43,14)
(17,8)
(67,2)
(57,14)
(37,1)
(21,9)
(16,15)
(59,7)
(29,15)
(40,1)
(42,5)
(16,3)
(1,19)
(13,0)
(36,8)
(57,3)
(12,6)
(67,6)
(22,10)
(4,1)
(32,1)
(52,0)
(0,15)
(23,1)
(26,14)
(21,16)
(18,1)
(1,12)
(2,1)
(34,11)
(41,12)
(22,7)
(5,14)
(54,0)
(49,19)
(63,18)
(21,15)
(23,13)
(24,3)
(62,18)
(28,8)
(4,8)
(11,0)
(26,0)
(52,4)
(59,4)
(30,13)
(63,17)
(34,1)
(54,1)
(2,8)
(24,2)
(9,7)
(10,10)
(70,10)
(38,2)
(24,3)
(12,4)
(43,3)
(8,3)
(3,10)
(64,10)
(3,15)
(24,7)
(34,4)
(53,18)
(23,11)
(49,10)
(56,15)
(65,16)
(19,4)
(4,17)
(29,7)
(24,2)
(56,17)
(13,9)
(14,8)
(63,11)
(70,1)
(48,0)
(6,19)
(45,16)
(57,14)
(68,0)
(38,16)
(33,2)
(13,6)
(38,16)
(66,3)
(27,0)
(30,2)
(31,9)
(60,19)
(40,0)
(21,10)
(3,18)
(63,7)
(31,8)
(58,4)
(21,17)
(72,6)
(63,12)
(6,3)
(64,3)
(42,19)
(58,17)
(54,7)
(46,16)
(2,12)
(20,13)
(54,5)
(18,18)
(14,18)
(21,9)
(25,3)
(34,8)
(39,12)
(66,1)
(49,2)
(25,4)
(52,8)
(23,4)
(66,14)
(69,14)
(13,2)
(67,9)
(9,8)
(71,15)
(40,1)
(4,0)
(61,2)
(38,8)
(40,2)
(59,9)
(70,6)
(24,3)
(40,15)
(56,3)
(22,3)
(3,5)
(64,18)
(5,2)
(4,18)
(24,2)
(56,9)
(62,19)
(11,3)
(20,17)
(12,11)
(58,16)
(58,9)
(22,0)
(55,8)
(36,3)
(7,12)
(47,0)
(47,6)
(56,7)
(21,9)
(46,0)
(61,2)
(43,8)
(22,4)
(9,4)
(52,8)
(10,10)
(62,12)
(0,18)
(23,1)
(24,4)
(46,19)
(28,2)
(31,17)
(33,8)
(67,3)
(16,16)
(42,4)
(58,5)
(47,14)
(35,13)
(12,5)
(5,16)
(66,10)
(40,2)
(15,13)
(65,7)
(65,3)
(29,12)
(45,10)
(36,5)
(35,4)
(57,14)
(65,15)
(27,9)
(38,4)
(2,5)
(36,4)
(64,1)
(30,7)
(1,12)
(5,2)
(68,7)
(18,7)
(23,14)
(37,17)
(40,18)
(39,6)
(24,0)
(14,0)
(62,5)
(23,2)
(66,13)
(28,2)
(0,0)
(42,6)
(49,9)
(28,14)
(3,9)
(27,1)
(30,15)
(67,18)
(27,4)
(16,8)
(4,7)
(37,0)
(25,0)
(70,9)
(50,5)
(51,14)
(0,12)
(66,11)
(30,13)
(1,9)
(60,3)
(13,16)
(14,15)
(9,13)
(36,9)
(65,16)
(36,1)
(14,11)
(16,9)
(11,12)
(58,3)
(2,17)
(50,2)
(65,10)
(53,1)
(67,15)
(69,7)
(67,16)
(9,8)
(41,9)
(2,2)
(26,19)
(67,1)
(66,12)
(11,5)
(59,10)
(22,13)
(62,15)
(31,6)
(4,0)
(3,7)
(67,0)
(52,3)
(52,6)
(5,12)
(37,1)
(67,2)
(60,17)
(51,10)
(18,4)
(11,14)
(41,18)
(56,0)
(6,7)
(34,7)
(10,6)
(12,8)
(18,2)
(0,18)
(46,0)
(70,10)
(59,8)
(59,3)
(47,17)
(64,4)
(62,5)
(29,12)
(33,6)
(70,17)
(3,2)
(62,7)
(38,12)
(65,19)
(34,4)
(63,12)
(53,3)
(19,1)
(63,5)
(64,12)
(31,19)
(53,19)
(13,16)
(11,6)
(45,1)
(13,10)
(9,10)
(71,6)
(23,10)
(34,13)
(49,15)
(68,6)
(5,12)
(3,14)
(18,3)
(24,17)
(49,1)
(63,12)
(22,10)
(6,3)
(11,8)
(66,13)
(54,12)
(30,18)
(47,2)
(0,1)
(22,13)
(69,9)
(31,0)
(4,13)
(64,7)
(15,0)
(56,19)
(6,7)
(59,11)
(41,13)
(10,12)
(56,1)
(37,6)
(2,0)
(68,9)
(42,3)
(59,6)
(53,14)
(70,16)
(46,7)
(23,12)
(27,1)
(22,8)
(24,7)
(25,13)
(14,5)
(69,1)
(27,3)
(59,10)
(44,10)
(34,11)
(58,10)
(8,6)
(45,2)
(53,2)
(12,17)
(67,12)
(65,1)
(21,0)
(22,9)
(18,12)
(23,16)
(17,12)
(3,9)
(2,1)
(64,2)
(64,5)
(52,4)
(15,3)
(50,7)
(6,1)
(1,7)
(68,5)
(3,8)
(64,12)
(65,5)
(65,1)
(22,13)
(30,12)
(7,16)
(56,10)
(14,12)
(19,18)
(49,1)
(29,17)
(13,1)
(24,6)
(9,9)
(18,11)
(58,4)
(14,12)
(1,0)
(43,0)
(52,0)
(41,5)
(10,3)
(61,1)
(41,8)
(42,15)
(12,1)
(0,0)
(45,7)
(5,1)
(24,16)
(42,0)
(1,4)
(38,19)
(58,17)
(19,3)
(45,3)
(27,8)
(40,15)
(10,14)
(71,4)
(59,14)
(65,1)
(3,5)
(54,2)
(58,11)
(70,4)
(13,2)
(18,1)
(67,7)
(43,14)
(4,0)
(30,16)
(37,13)
(58,19)
(57,5)
(21,9)
(33,9)
(29,2)
(5,6)
(13,17)
(9,19)
(64,12)
(19,1)
(43,0)
(63,2)
(45,15)
(60,15)
(2,7)
(46,12)
(58,7)
(41,0)
(20,19)
(13,12)
(55,16)
(39,16)
(45,3)
(41,6)
(63,6)
(69,18)
(4,17)
(4,1)
(17,7)
(54,1)
(47,9)
(33,5)
(59,15)
(2,7)
(66,3)
(38,16)
(22,14)
(64,5)
(48,12)
(64,15)
(63,7)
(10,9)
(16,12)
(42,1)
(51,0)
(1,9)
(69,18)
(13,7)
(63,5)
(57,6)
(43,3)
(41,13)
(19,1)
(15,12)
(24,18)
(15,2)
(27,6)
(45,0)
(58,12)
(63,5)
(60,5)
(6,19)
(2,1)
(6,11)
(34,9)
(37,15)
(37,7)
(10,3)
(61,17)
(58,3)
(66,13)
(9,0)
(40,16)
(54,7)
(14,0)
(18,1)
(22,10)
(54,3)
(33,0)
(61,0)
(24,11)
(70,1)
(4,14)
(47,15)
(62,9)
(38,19)
(51,16)
(15,12)
(21,19)
(56,14)
(26,10)
(9,1)
(28,12)
(3,10)
(29,15)
(39,6)
(6,4)
(15,0)
(44,5)
(4,17)
(57,7)
(5,15)
(19,10)
(48,3)
(18,2)
(49,0)
(36,1)
(66,16)
(4,17)
(57,9)
(0,14)
(0,17)
(3,7)
(52,4)
(43,5)
(46,3)
(24,6)
(71,4)
(52,2)
(36,15)
(56,14)
(44,4)
(61,1)
(5,0)
(1,13)
(57,9)
(53,9)
(23,10)
(60,0)
(33,3)
(68,17)
(65,7)
(40,19)
(32,14)
(24,8)
(11,3)
(72,18)
(34,1)
(30,12)
(57,6)
(21,4)
(53,4)
(12,2)
(19,3)
(35,11)
(36,9)
(27,13)
(47,3)
(19,5)
(10,0)
(9,0)
(69,6)
(46,0)
(4,3)
(66,13)
(33,9)
(0,9)
(38,0)
(48,1)
(59,0)
(3,3)
(52,17)
(39,2)
(34,5)
(64,9)
(51,17)
(47,1)
(61,4)
(55,17)
(32,4)
(6,6)
(16,4)
(48,1)
(60,18)
(8,8)
(65,6)
(1,0)
(30,6)
(65,15)
(22,17)
(61,5)
(24,19)
(23,3)
(28,1)
(60,7)
(46,2)
(5,10)
(49,4)
(57,15)
(26,4)
(28,2)
(67,18)
(23,0)
(15,19)
(5,7)
(45,2)
(58,5)
(56,0)
(8,0)
(17,6)
(24,1)
(32,8)
(16,7)
(66,10)
(45,12)
(41,19)
(27,6)
(54,5)
(32,1)
(22,3)
(71,13)
(54,2)
(33,14)
(18,2)
(53,7)
(49,4)
(33,1)
(26,1)
(28,19)
(47,1)
(47,15)
(70,3)
(59,19)
(8,14)
(39,8)
(8,9)
(52,1)
(49,9)
(28,6)
(21,2)
(46,7)
(39,2)
(39,19)
(66,18)
(38,10)
(9,15)
(35,2)
(37,10)
(49,14)
(26,5)
(72,5)
(65,17)
(44,6)
(52,5)
(51,3)
(69,4)
(49,4)
(56,13)
(25,0)
(37,5)
(54,4)
(61,15)
(18,1)
(48,17)
(16,0)
(66,6)
(46,7)
(42,9)
(37,18)
(72,0)
(33,15)
(17,16)
(2,14)
(3,4)
(25,12)
(12,3)
(12,4)
(2,19)
(24,17)
(46,5)
(11,6)
(5,2)
(44,3)
(21,3)
(14,3)
(51,1)
(5,10)
(52,6)
(48,14)
(5,0)
(36,0)
(34,9)
(2,16)
(34,12)
(9,10)
(37,0)
(1,5)
(61,1)
(49,1)
(24,15)
(30,1)
(10,5)
(15,7)
(13,1)
(46,18)
(64,8)
(29,14)
(42,9)
(41,6)
(14,0)
(21,16)
(67,2)
(22,19)
(64,14)
(68,15)
(34,12)
(42,16)
(5,10)
(32,16)
(71,1)
(6,11)
(10,5)
(17,13)
(14,13)
(24,6)
(70,3)
(11,2)
(43,11)
(22,9)
(8,19)
(34,10)
(46,14)
(38,10)
(62,0)
(69,19)
(20,7)
(38,1)
(21,12)
(65,14)
(14,11)
(17,10)
(34,8)
(26,9)
(39,9)
(13,16)
(9,4)
(4,3)
(9,10)
(63,8)
(13,13)
(1,16)
(56,3)
(66,3)
(55,2)
(42,9)
(59,19)
0.popular= 0.091111
1.popular= 0.084000
2.popular= 0.069778
3.popular= 0.069333
4.popular= 0.050222
5.popular= 0.058667
6.popular= 0.051556
7.popular= 0.049333
8.popular= 0.049778
9.popular= 0.052444
10.popular= 0.043111
11.popular= 0.036889
12.popular= 0.047111
13.popular= 0.034667
14.popular= 0.033333
15.popular= 0.036444
16.popular= 0.039556
17.popular= 0.031556
18.popular= 0.037778
19.popular= 0.033333

peer 0 neighbors is: 53, 47, 42, 66, 45, 72, 60, 23, 25, 27, 4, 15, 
peer 1 neighbors is: 37, 36, 71, 45, 30, 24, 59, 10, 28, 55, 5, 
peer 2 neighbors is: 21, 9, 48, 43, 39, 36, 58, 33, 19, 5, 11, 16, 
peer 3 neighbors is: 61, 53, 29, 52, 48, 43, 42, 37, 10, 16, 9, 19, 
peer 4 neighbors is: 0, 69, 36, 40, 20, 43, 7, 47, 27, 49, 11, 12, 18, 21, 
peer 5 neighbors is: 2, 28, 1, 36, 45, 30, 66, 50, 23, 12, 16, 
peer 6 neighbors is: 72, 20, 13, 57, 47, 68, 45, 27, 39, 28, 10, 
peer 7 neighbors is: 4, 68, 56, 33, 18, 54, 13, 61, 38, 19, 20, 22, 
peer 8 neighbors is: 46, 21, 9, 65, 27, 51, 13, 57, 41, 19, 
peer 9 neighbors is: 2, 8, 66, 3, 60, 41, 56, 19, 55, 45, 10, 24, 58, 
peer 10 neighbors is: 1, 3, 6, 65, 9, 45, 31, 33, 35, 64, 
peer 11 neighbors is: 53, 2, 17, 55, 4, 37, 39, 63, 67, 57, 
peer 12 neighbors is: 5, 57, 16, 4, 72, 71, 37, 18, 65, 45, 32, 
peer 13 neighbors is: 6, 7, 8, 30, 72, 45, 29, 52, 43, 26, 
peer 14 neighbors is: 15, 60, 33, 27, 59, 52, 56, 39, 64, 19, 
peer 15 neighbors is: 14, 0, 40, 34, 46, 22, 19, 36, 23, 32, 
peer 16 neighbors is: 3, 12, 17, 2, 20, 44, 5, 69, 71, 60, 
peer 17 neighbors is: 11, 16, 27, 52, 55, 43, 51, 19, 26, 46, 22, 
peer 18 neighbors is: 7, 12, 29, 67, 40, 51, 53, 4, 70, 25, 19, 22, 
peer 19 neighbors is: 2, 7, 8, 9, 14, 15, 17, 65, 3, 18, 22, 
peer 20 neighbors is: 4, 6, 16, 46, 7, 34, 49, 38, 37, 39, 
peer 21 neighbors is: 2, 8, 28, 48, 39, 57, 29, 4, 30, 62, 
peer 22 neighbors is: 15, 55, 35, 19, 68, 50, 44, 18, 7, 17, 
peer 23 neighbors is: 0, 5, 15, 
peer 24 neighbors is: 1, 9, 
peer 25 neighbors is: 0, 18, 
peer 26 neighbors is: 13, 17, 
peer 27 neighbors is: 0, 4, 6, 8, 14, 17, 
peer 28 neighbors is: 1, 5, 6, 21, 
peer 29 neighbors is: 3, 13, 18, 21, 
peer 30 neighbors is: 1, 5, 13, 21, 
peer 31 neighbors is: 10, 36, 
peer 32 neighbors is: 15, 12, 
peer 33 neighbors is: 2, 7, 10, 14, 
peer 34 neighbors is: 15, 20, 
peer 35 neighbors is: 10, 22, 
peer 36 neighbors is: 1, 2, 4, 5, 15, 31, 
peer 37 neighbors is: 1, 3, 11, 12, 20, 
peer 38 neighbors is: 7, 20, 
peer 39 neighbors is: 2, 6, 11, 14, 20, 21, 
peer 40 neighbors is: 4, 15, 18, 
peer 41 neighbors is: 8, 9, 
peer 42 neighbors is: 0, 3, 
peer 43 neighbors is: 2, 3, 4, 13, 17, 
peer 44 neighbors is: 16, 22, 
peer 45 neighbors is: 0, 1, 5, 6, 9, 10, 12, 13, 
peer 46 neighbors is: 8, 15, 17, 20, 
peer 47 neighbors is: 0, 4, 6, 63, 
peer 48 neighbors is: 2, 3, 21, 
peer 49 neighbors is: 4, 20, 
peer 50 neighbors is: 5, 22, 
peer 51 neighbors is: 8, 17, 18, 
peer 52 neighbors is: 3, 13, 14, 17, 
peer 53 neighbors is: 0, 3, 11, 18, 
peer 54 neighbors is: 7, 70, 62, 
peer 55 neighbors is: 1, 9, 11, 17, 22, 
peer 56 neighbors is: 7, 9, 14, 
peer 57 neighbors is: 6, 8, 11, 12, 21, 
peer 58 neighbors is: 2, 9, 
peer 59 neighbors is: 1, 14, 
peer 60 neighbors is: 0, 9, 14, 16, 
peer 61 neighbors is: 3, 7, 
peer 62 neighbors is: 21, 54, 
peer 63 neighbors is: 11, 47, 
peer 64 neighbors is: 10, 14, 
peer 65 neighbors is: 8, 10, 12, 19, 
peer 66 neighbors is: 0, 5, 9, 
peer 67 neighbors is: 11, 18, 
peer 68 neighbors is: 6, 7, 22, 
peer 69 neighbors is: 4, 16, 
peer 70 neighbors is: 18, 54, 
peer 71 neighbors is: 1, 12, 16, 
peer 72 neighbors is: 0, 6, 12, 13, 

