103 Users
20 Files
1500 Transactions
7 Maximum Connections
1 Cycle Length per Upload-Download
750 Warm-up Transactions
0.400000 Zipf constant
3 Pre-Trusted Users
63 Well-Behaved (Good) Users
30 Purely Malicious Users
0 Feedback Skewing Users
0 Malignant Providing Users
10 Disguised Malicous Users
0 Sybil Attack Users
true Intelligent Trans. Generation
1474142833812 Trace Generation Seed

(0.000000,0.000000,1,false)
(0.000000,0.000000,1,false)
(0.000000,0.000000,1,false)
(0.000000,0.000000,1,false)
(0.000000,0.000000,1,false)
(0.000000,0.000000,1,false)
(0.000000,0.000000,1,false)
(0.000000,0.000000,1,false)
(0.000000,0.000000,1,false)
(0.000000,0.000000,1,false)
(0.000000,0.000000,1,false)
(0.000000,0.000000,1,false)
(0.000000,0.000000,1,false)
(0.000000,0.000000,1,false)
(0.000000,0.000000,1,false)
(0.000000,0.000000,1,false)
(0.000000,0.000000,1,false)
(0.000000,0.000000,1,false)
(0.000000,0.000000,1,false)
(0.000000,0.000000,1,false)
(0.000000,0.000000,1,false)
(0.000000,0.000000,1,false)
(0.000000,0.000000,1,false)
(0.000000,0.000000,1,false)
(0.000000,0.000000,1,false)
(0.000000,0.000000,1,false)
(0.000000,0.000000,1,false)
(0.000000,0.000000,1,false)
(0.000000,0.000000,1,false)
(0.000000,0.000000,1,false)
(1.000000,0.000000,4,false)
(1.000000,0.000000,4,false)
(1.000000,0.000000,4,false)
(1.000000,0.000000,4,false)
(1.000000,0.000000,4,false)
(1.000000,0.000000,4,false)
(1.000000,0.000000,4,false)
(1.000000,0.000000,4,false)
(1.000000,0.000000,4,false)
(1.000000,0.000000,4,false)
(1.000000,1.000000,0,true)
(1.000000,1.000000,0,true)
(1.000000,1.000000,0,true)
(1.000000,1.000000,0,false)
(1.000000,1.000000,0,false)
(1.000000,1.000000,0,false)
(1.000000,1.000000,0,false)
(1.000000,1.000000,0,false)
(1.000000,1.000000,0,false)
(1.000000,1.000000,0,false)
(1.000000,1.000000,0,false)
(1.000000,1.000000,0,false)
(1.000000,1.000000,0,false)
(1.000000,1.000000,0,false)
(1.000000,1.000000,0,false)
(1.000000,1.000000,0,false)
(1.000000,1.000000,0,false)
(1.000000,1.000000,0,false)
(1.000000,1.000000,0,false)
(1.000000,1.000000,0,false)
(1.000000,1.000000,0,false)
(1.000000,1.000000,0,false)
(1.000000,1.000000,0,false)
(1.000000,1.000000,0,false)
(1.000000,1.000000,0,false)
(1.000000,1.000000,0,false)
(1.000000,1.000000,0,false)
(1.000000,1.000000,0,false)
(1.000000,1.000000,0,false)
(1.000000,1.000000,0,false)
(1.000000,1.000000,0,false)
(1.000000,1.000000,0,false)
(1.000000,1.000000,0,false)
(1.000000,1.000000,0,false)
(1.000000,1.000000,0,false)
(1.000000,1.000000,0,false)
(1.000000,1.000000,0,false)
(1.000000,1.000000,0,false)
(1.000000,1.000000,0,false)
(1.000000,1.000000,0,false)
(1.000000,1.000000,0,false)
(1.000000,1.000000,0,false)
(1.000000,1.000000,0,false)
(1.000000,1.000000,0,false)
(1.000000,1.000000,0,false)
(1.000000,1.000000,0,false)
(1.000000,1.000000,0,false)
(1.000000,1.000000,0,false)
(1.000000,1.000000,0,false)
(1.000000,1.000000,0,false)
(1.000000,1.000000,0,false)
(1.000000,1.000000,0,false)
(1.000000,1.000000,0,false)
(1.000000,1.000000,0,false)
(1.000000,1.000000,0,false)
(1.000000,1.000000,0,false)
(1.000000,1.000000,0,false)
(1.000000,1.000000,0,false)
(1.000000,1.000000,0,false)
(1.000000,1.000000,0,false)
(1.000000,1.000000,0,false)
(1.000000,1.000000,0,false)
(1.000000,1.000000,0,false)

(30,0,true)
(31,0,true)
(32,0,true)
(33,0,true)
(34,0,true)
(35,0,true)
(36,0,true)
(37,0,true)
(38,0,true)
(39,0,true)
(0,0,false)
(1,0,false)
(2,0,false)
(3,0,false)
(4,0,false)
(5,0,false)
(6,0,false)
(7,0,false)
(8,0,false)
(9,0,false)
(10,0,false)
(11,0,false)
(12,0,false)
(13,0,false)
(14,0,false)
(15,0,false)
(16,0,false)
(17,0,false)
(18,0,false)
(19,0,false)
(20,0,false)
(21,0,false)
(22,0,false)
(23,0,false)
(24,0,false)
(25,0,false)
(26,0,false)
(27,0,false)
(28,0,false)
(29,0,false)
(40,0,true)
(93,0,true)
(43,0,true)
(44,0,true)
(46,0,true)
(48,0,true)
(49,0,true)
(51,0,true)
(54,0,true)
(57,0,true)
(58,0,true)
(59,0,true)
(60,0,true)
(61,0,true)
(62,0,true)
(63,0,true)
(64,0,true)
(65,0,true)
(67,0,true)
(68,0,true)
(72,0,true)
(73,0,true)
(76,0,true)
(77,0,true)
(78,0,true)
(79,0,true)
(80,0,true)
(83,0,true)
(84,0,true)
(85,0,true)
(86,0,true)
(91,0,true)
(92,0,true)
(94,0,true)
(95,0,true)
(96,0,true)
(97,0,true)
(98,0,true)
(99,0,true)
(101,0,true)
(102,0,true)
(30,1,true)
(31,1,true)
(32,1,true)
(33,1,true)
(34,1,true)
(35,1,true)
(36,1,true)
(37,1,true)
(38,1,true)
(39,1,true)
(0,1,false)
(1,1,false)
(2,1,false)
(3,1,false)
(4,1,false)
(5,1,false)
(6,1,false)
(7,1,false)
(8,1,false)
(9,1,false)
(10,1,false)
(11,1,false)
(12,1,false)
(13,1,false)
(14,1,false)
(15,1,false)
(16,1,false)
(17,1,false)
(18,1,false)
(19,1,false)
(20,1,false)
(21,1,false)
(22,1,false)
(23,1,false)
(24,1,false)
(25,1,false)
(26,1,false)
(27,1,false)
(28,1,false)
(29,1,false)
(41,1,true)
(88,1,true)
(45,1,true)
(55,1,true)
(63,1,true)
(65,1,true)
(66,1,true)
(67,1,true)
(68,1,true)
(69,1,true)
(70,1,true)
(74,1,true)
(75,1,true)
(76,1,true)
(77,1,true)
(80,1,true)
(81,1,true)
(82,1,true)
(83,1,true)
(84,1,true)
(86,1,true)
(90,1,true)
(92,1,true)
(93,1,true)
(94,1,true)
(95,1,true)
(96,1,true)
(99,1,true)
(102,1,true)
(30,2,true)
(31,2,true)
(32,2,true)
(33,2,true)
(34,2,true)
(35,2,true)
(36,2,true)
(37,2,true)
(38,2,true)
(39,2,true)
(0,2,false)
(1,2,false)
(2,2,false)
(3,2,false)
(4,2,false)
(5,2,false)
(6,2,false)
(7,2,false)
(8,2,false)
(9,2,false)
(10,2,false)
(11,2,false)
(12,2,false)
(13,2,false)
(14,2,false)
(15,2,false)
(16,2,false)
(17,2,false)
(18,2,false)
(19,2,false)
(20,2,false)
(21,2,false)
(22,2,false)
(23,2,false)
(24,2,false)
(25,2,false)
(26,2,false)
(27,2,false)
(28,2,false)
(29,2,false)
(42,2,true)
(101,2,true)
(41,2,true)
(69,2,true)
(70,2,true)
(71,2,true)
(74,2,true)
(75,2,true)
(81,2,true)
(100,2,true)
(30,3,true)
(31,3,true)
(32,3,true)
(33,3,true)
(34,3,true)
(35,3,true)
(36,3,true)
(37,3,true)
(38,3,true)
(39,3,true)
(0,3,false)
(1,3,false)
(2,3,false)
(3,3,false)
(4,3,false)
(5,3,false)
(6,3,false)
(7,3,false)
(8,3,false)
(9,3,false)
(10,3,false)
(11,3,false)
(12,3,false)
(13,3,false)
(14,3,false)
(15,3,false)
(16,3,false)
(17,3,false)
(18,3,false)
(19,3,false)
(20,3,false)
(21,3,false)
(22,3,false)
(23,3,false)
(24,3,false)
(25,3,false)
(26,3,false)
(27,3,false)
(28,3,false)
(29,3,false)
(43,3,true)
(60,3,true)
(40,3,true)
(52,3,true)
(66,3,true)
(73,3,true)
(78,3,true)
(87,3,true)
(30,4,true)
(31,4,true)
(32,4,true)
(33,4,true)
(34,4,true)
(35,4,true)
(36,4,true)
(37,4,true)
(38,4,true)
(39,4,true)
(0,4,false)
(1,4,false)
(2,4,false)
(3,4,false)
(4,4,false)
(5,4,false)
(6,4,false)
(7,4,false)
(8,4,false)
(9,4,false)
(10,4,false)
(11,4,false)
(12,4,false)
(13,4,false)
(14,4,false)
(15,4,false)
(16,4,false)
(17,4,false)
(18,4,false)
(19,4,false)
(20,4,false)
(21,4,false)
(22,4,false)
(23,4,false)
(24,4,false)
(25,4,false)
(26,4,false)
(27,4,false)
(28,4,false)
(29,4,false)
(44,4,true)
(97,4,true)
(61,4,true)
(71,4,true)
(87,4,true)
(100,4,true)
(30,5,true)
(31,5,true)
(32,5,true)
(33,5,true)
(34,5,true)
(35,5,true)
(36,5,true)
(37,5,true)
(38,5,true)
(39,5,true)
(0,5,false)
(1,5,false)
(2,5,false)
(3,5,false)
(4,5,false)
(5,5,false)
(6,5,false)
(7,5,false)
(8,5,false)
(9,5,false)
(10,5,false)
(11,5,false)
(12,5,false)
(13,5,false)
(14,5,false)
(15,5,false)
(16,5,false)
(17,5,false)
(18,5,false)
(19,5,false)
(20,5,false)
(21,5,false)
(22,5,false)
(23,5,false)
(24,5,false)
(25,5,false)
(26,5,false)
(27,5,false)
(28,5,false)
(29,5,false)
(45,5,true)
(88,5,true)
(72,5,true)
(30,6,true)
(31,6,true)
(32,6,true)
(33,6,true)
(34,6,true)
(35,6,true)
(36,6,true)
(37,6,true)
(38,6,true)
(39,6,true)
(0,6,false)
(1,6,false)
(2,6,false)
(3,6,false)
(4,6,false)
(5,6,false)
(6,6,false)
(7,6,false)
(8,6,false)
(9,6,false)
(10,6,false)
(11,6,false)
(12,6,false)
(13,6,false)
(14,6,false)
(15,6,false)
(16,6,false)
(17,6,false)
(18,6,false)
(19,6,false)
(20,6,false)
(21,6,false)
(22,6,false)
(23,6,false)
(24,6,false)
(25,6,false)
(26,6,false)
(27,6,false)
(28,6,false)
(29,6,false)
(46,6,true)
(62,6,true)
(30,7,true)
(31,7,true)
(32,7,true)
(33,7,true)
(34,7,true)
(35,7,true)
(36,7,true)
(37,7,true)
(38,7,true)
(39,7,true)
(0,7,false)
(1,7,false)
(2,7,false)
(3,7,false)
(4,7,false)
(5,7,false)
(6,7,false)
(7,7,false)
(8,7,false)
(9,7,false)
(10,7,false)
(11,7,false)
(12,7,false)
(13,7,false)
(14,7,false)
(15,7,false)
(16,7,false)
(17,7,false)
(18,7,false)
(19,7,false)
(20,7,false)
(21,7,false)
(22,7,false)
(23,7,false)
(24,7,false)
(25,7,false)
(26,7,false)
(27,7,false)
(28,7,false)
(29,7,false)
(47,7,true)
(50,7,true)
(30,8,true)
(31,8,true)
(32,8,true)
(33,8,true)
(34,8,true)
(35,8,true)
(36,8,true)
(37,8,true)
(38,8,true)
(39,8,true)
(0,8,false)
(1,8,false)
(2,8,false)
(3,8,false)
(4,8,false)
(5,8,false)
(6,8,false)
(7,8,false)
(8,8,false)
(9,8,false)
(10,8,false)
(11,8,false)
(12,8,false)
(13,8,false)
(14,8,false)
(15,8,false)
(16,8,false)
(17,8,false)
(18,8,false)
(19,8,false)
(20,8,false)
(21,8,false)
(22,8,false)
(23,8,false)
(24,8,false)
(25,8,false)
(26,8,false)
(27,8,false)
(28,8,false)
(29,8,false)
(48,8,true)
(47,8,true)
(82,8,true)
(30,9,true)
(31,9,true)
(32,9,true)
(33,9,true)
(34,9,true)
(35,9,true)
(36,9,true)
(37,9,true)
(38,9,true)
(39,9,true)
(0,9,false)
(1,9,false)
(2,9,false)
(3,9,false)
(4,9,false)
(5,9,false)
(6,9,false)
(7,9,false)
(8,9,false)
(9,9,false)
(10,9,false)
(11,9,false)
(12,9,false)
(13,9,false)
(14,9,false)
(15,9,false)
(16,9,false)
(17,9,false)
(18,9,false)
(19,9,false)
(20,9,false)
(21,9,false)
(22,9,false)
(23,9,false)
(24,9,false)
(25,9,false)
(26,9,false)
(27,9,false)
(28,9,false)
(29,9,false)
(49,9,true)
(56,9,true)
(30,10,true)
(31,10,true)
(32,10,true)
(33,10,true)
(34,10,true)
(35,10,true)
(36,10,true)
(37,10,true)
(38,10,true)
(39,10,true)
(0,10,false)
(1,10,false)
(2,10,false)
(3,10,false)
(4,10,false)
(5,10,false)
(6,10,false)
(7,10,false)
(8,10,false)
(9,10,false)
(10,10,false)
(11,10,false)
(12,10,false)
(13,10,false)
(14,10,false)
(15,10,false)
(16,10,false)
(17,10,false)
(18,10,false)
(19,10,false)
(20,10,false)
(21,10,false)
(22,10,false)
(23,10,false)
(24,10,false)
(25,10,false)
(26,10,false)
(27,10,false)
(28,10,false)
(29,10,false)
(50,10,true)
(98,10,true)
(30,11,true)
(31,11,true)
(32,11,true)
(33,11,true)
(34,11,true)
(35,11,true)
(36,11,true)
(37,11,true)
(38,11,true)
(39,11,true)
(0,11,false)
(1,11,false)
(2,11,false)
(3,11,false)
(4,11,false)
(5,11,false)
(6,11,false)
(7,11,false)
(8,11,false)
(9,11,false)
(10,11,false)
(11,11,false)
(12,11,false)
(13,11,false)
(14,11,false)
(15,11,false)
(16,11,false)
(17,11,false)
(18,11,false)
(19,11,false)
(20,11,false)
(21,11,false)
(22,11,false)
(23,11,false)
(24,11,false)
(25,11,false)
(26,11,false)
(27,11,false)
(28,11,false)
(29,11,false)
(51,11,true)
(42,11,true)
(30,12,true)
(31,12,true)
(32,12,true)
(33,12,true)
(34,12,true)
(35,12,true)
(36,12,true)
(37,12,true)
(38,12,true)
(39,12,true)
(0,12,false)
(1,12,false)
(2,12,false)
(3,12,false)
(4,12,false)
(5,12,false)
(6,12,false)
(7,12,false)
(8,12,false)
(9,12,false)
(10,12,false)
(11,12,false)
(12,12,false)
(13,12,false)
(14,12,false)
(15,12,false)
(16,12,false)
(17,12,false)
(18,12,false)
(19,12,false)
(20,12,false)
(21,12,false)
(22,12,false)
(23,12,false)
(24,12,false)
(25,12,false)
(26,12,false)
(27,12,false)
(28,12,false)
(29,12,false)
(52,12,true)
(64,12,true)
(30,13,true)
(31,13,true)
(32,13,true)
(33,13,true)
(34,13,true)
(35,13,true)
(36,13,true)
(37,13,true)
(38,13,true)
(39,13,true)
(0,13,false)
(1,13,false)
(2,13,false)
(3,13,false)
(4,13,false)
(5,13,false)
(6,13,false)
(7,13,false)
(8,13,false)
(9,13,false)
(10,13,false)
(11,13,false)
(12,13,false)
(13,13,false)
(14,13,false)
(15,13,false)
(16,13,false)
(17,13,false)
(18,13,false)
(19,13,false)
(20,13,false)
(21,13,false)
(22,13,false)
(23,13,false)
(24,13,false)
(25,13,false)
(26,13,false)
(27,13,false)
(28,13,false)
(29,13,false)
(53,13,true)
(85,13,true)
(30,14,true)
(31,14,true)
(32,14,true)
(33,14,true)
(34,14,true)
(35,14,true)
(36,14,true)
(37,14,true)
(38,14,true)
(39,14,true)
(0,14,false)
(1,14,false)
(2,14,false)
(3,14,false)
(4,14,false)
(5,14,false)
(6,14,false)
(7,14,false)
(8,14,false)
(9,14,false)
(10,14,false)
(11,14,false)
(12,14,false)
(13,14,false)
(14,14,false)
(15,14,false)
(16,14,false)
(17,14,false)
(18,14,false)
(19,14,false)
(20,14,false)
(21,14,false)
(22,14,false)
(23,14,false)
(24,14,false)
(25,14,false)
(26,14,false)
(27,14,false)
(28,14,false)
(29,14,false)
(54,14,true)
(53,14,true)
(30,15,true)
(31,15,true)
(32,15,true)
(33,15,true)
(34,15,true)
(35,15,true)
(36,15,true)
(37,15,true)
(38,15,true)
(39,15,true)
(0,15,false)
(1,15,false)
(2,15,false)
(3,15,false)
(4,15,false)
(5,15,false)
(6,15,false)
(7,15,false)
(8,15,false)
(9,15,false)
(10,15,false)
(11,15,false)
(12,15,false)
(13,15,false)
(14,15,false)
(15,15,false)
(16,15,false)
(17,15,false)
(18,15,false)
(19,15,false)
(20,15,false)
(21,15,false)
(22,15,false)
(23,15,false)
(24,15,false)
(25,15,false)
(26,15,false)
(27,15,false)
(28,15,false)
(29,15,false)
(55,15,true)
(79,15,true)
(30,16,true)
(31,16,true)
(32,16,true)
(33,16,true)
(34,16,true)
(35,16,true)
(36,16,true)
(37,16,true)
(38,16,true)
(39,16,true)
(0,16,false)
(1,16,false)
(2,16,false)
(3,16,false)
(4,16,false)
(5,16,false)
(6,16,false)
(7,16,false)
(8,16,false)
(9,16,false)
(10,16,false)
(11,16,false)
(12,16,false)
(13,16,false)
(14,16,false)
(15,16,false)
(16,16,false)
(17,16,false)
(18,16,false)
(19,16,false)
(20,16,false)
(21,16,false)
(22,16,false)
(23,16,false)
(24,16,false)
(25,16,false)
(26,16,false)
(27,16,false)
(28,16,false)
(29,16,false)
(56,16,true)
(90,16,true)
(30,17,true)
(31,17,true)
(32,17,true)
(33,17,true)
(34,17,true)
(35,17,true)
(36,17,true)
(37,17,true)
(38,17,true)
(39,17,true)
(0,17,false)
(1,17,false)
(2,17,false)
(3,17,false)
(4,17,false)
(5,17,false)
(6,17,false)
(7,17,false)
(8,17,false)
(9,17,false)
(10,17,false)
(11,17,false)
(12,17,false)
(13,17,false)
(14,17,false)
(15,17,false)
(16,17,false)
(17,17,false)
(18,17,false)
(19,17,false)
(20,17,false)
(21,17,false)
(22,17,false)
(23,17,false)
(24,17,false)
(25,17,false)
(26,17,false)
(27,17,false)
(28,17,false)
(29,17,false)
(57,17,true)
(89,17,true)
(30,18,true)
(31,18,true)
(32,18,true)
(33,18,true)
(34,18,true)
(35,18,true)
(36,18,true)
(37,18,true)
(38,18,true)
(39,18,true)
(0,18,false)
(1,18,false)
(2,18,false)
(3,18,false)
(4,18,false)
(5,18,false)
(6,18,false)
(7,18,false)
(8,18,false)
(9,18,false)
(10,18,false)
(11,18,false)
(12,18,false)
(13,18,false)
(14,18,false)
(15,18,false)
(16,18,false)
(17,18,false)
(18,18,false)
(19,18,false)
(20,18,false)
(21,18,false)
(22,18,false)
(23,18,false)
(24,18,false)
(25,18,false)
(26,18,false)
(27,18,false)
(28,18,false)
(29,18,false)
(58,18,true)
(89,18,true)
(30,19,true)
(31,19,true)
(32,19,true)
(33,19,true)
(34,19,true)
(35,19,true)
(36,19,true)
(37,19,true)
(38,19,true)
(39,19,true)
(0,19,false)
(1,19,false)
(2,19,false)
(3,19,false)
(4,19,false)
(5,19,false)
(6,19,false)
(7,19,false)
(8,19,false)
(9,19,false)
(10,19,false)
(11,19,false)
(12,19,false)
(13,19,false)
(14,19,false)
(15,19,false)
(16,19,false)
(17,19,false)
(18,19,false)
(19,19,false)
(20,19,false)
(21,19,false)
(22,19,false)
(23,19,false)
(24,19,false)
(25,19,false)
(26,19,false)
(27,19,false)
(28,19,false)
(29,19,false)
(59,19,true)
(91,19,true)

0,-1,-1,1,-1,-1,-1,1,-1,-1,1,1,-1,-1,-1,-1,1,-1,-1,-1,1,-1,-1,-1,1,1,-1,-1,-1,-1,-1,-1,-1,-1,-1,-1,-1,1,-1,1,-1,-1,-1,-1,1,-1,-1,-1,-1,1,-1,-1,-1,-1,-1,-1,-1,-1,-1,-1,-1,-1,-1,-1,-1,-1,-1,-1,1,-1,-1,-1,-1,-1,-1,-1,-1,-1,-1,-1,-1,-1,-1,-1,-1,-1,-1,-1,-1,-1,-1,1,-1,-1,-1,-1,-1,-1,-1,-1,-1,-1,-1,
-1,0,-1,-1,-1,-1,-1,1,1,-1,-1,-1,1,-1,-1,-1,-1,-1,-1,-1,1,-1,1,-1,-1,1,-1,-1,1,1,-1,1,-1,-1,-1,1,-1,-1,-1,-1,-1,-1,-1,-1,-1,-1,-1,-1,-1,-1,-1,-1,-1,-1,-1,1,-1,-1,-1,-1,-1,-1,-1,-1,-1,-1,-1,-1,-1,-1,-1,-1,-1,-1,-1,-1,-1,-1,-1,-1,-1,-1,-1,-1,-1,-1,-1,-1,-1,-1,-1,1,-1,-1,-1,1,-1,-1,-1,-1,-1,-1,-1,
-1,-1,0,-1,-1,1,-1,-1,-1,-1,1,-1,-1,-1,1,-1,-1,-1,1,-1,-1,1,-1,1,-1,-1,1,-1,-1,-1,-1,1,1,-1,-1,-1,-1,1,1,-1,-1,-1,-1,1,-1,-1,-1,-1,-1,-1,-1,-1,-1,-1,-1,-1,-1,-1,-1,-1,-1,-1,-1,-1,-1,-1,-1,1,-1,-1,-1,1,-1,-1,-1,-1,-1,-1,-1,-1,-1,-1,-1,-1,1,-1,-1,-1,-1,-1,1,-1,-1,-1,-1,-1,-1,-1,1,-1,-1,-1,-1,
1,-1,-1,0,-1,-1,-1,-1,-1,-1,1,-1,-1,-1,-1,-1,1,-1,-1,1,-1,-1,1,-1,-1,-1,-1,-1,1,-1,-1,-1,-1,-1,-1,1,-1,-1,-1,-1,-1,-1,-1,-1,-1,-1,-1,-1,-1,1,-1,-1,1,-1,-1,-1,-1,-1,-1,-1,-1,-1,-1,-1,-1,-1,-1,-1,-1,-1,-1,-1,-1,-1,-1,-1,-1,-1,-1,-1,-1,1,-1,-1,-1,-1,-1,1,-1,-1,-1,-1,-1,-1,-1,1,-1,-1,-1,-1,-1,-1,-1,
-1,-1,-1,-1,0,-1,-1,-1,1,-1,-1,-1,-1,-1,1,-1,1,-1,-1,-1,-1,-1,1,-1,-1,-1,-1,-1,-1,-1,-1,-1,-1,-1,-1,1,-1,-1,-1,1,-1,-1,-1,-1,-1,-1,1,-1,-1,-1,-1,-1,-1,-1,-1,-1,-1,-1,-1,-1,-1,1,-1,-1,-1,-1,-1,-1,-1,-1,-1,-1,-1,-1,1,-1,-1,-1,-1,-1,-1,1,-1,-1,1,-1,-1,-1,-1,-1,1,-1,-1,-1,-1,-1,-1,-1,-1,-1,-1,-1,-1,
-1,-1,1,-1,-1,0,-1,-1,-1,-1,-1,-1,-1,-1,-1,-1,-1,1,-1,-1,1,-1,-1,-1,-1,-1,-1,1,-1,-1,1,-1,-1,-1,-1,1,-1,-1,-1,-1,1,-1,-1,-1,-1,-1,-1,-1,-1,-1,-1,-1,-1,1,-1,-1,-1,-1,-1,-1,-1,-1,-1,-1,-1,-1,1,-1,-1,-1,-1,-1,-1,-1,-1,-1,-1,-1,-1,-1,-1,-1,-1,-1,-1,-1,-1,-1,-1,-1,-1,-1,-1,-1,1,-1,-1,-1,1,1,-1,-1,1,
-1,-1,-1,-1,-1,-1,0,1,-1,-1,-1,-1,1,-1,1,-1,-1,-1,-1,-1,-1,-1,-1,-1,-1,-1,-1,-1,-1,1,-1,-1,-1,-1,1,-1,-1,-1,-1,-1,-1,1,-1,-1,-1,-1,-1,-1,-1,-1,-1,-1,-1,-1,-1,-1,-1,-1,-1,1,-1,-1,-1,1,1,-1,-1,-1,-1,-1,-1,-1,-1,-1,-1,1,-1,-1,-1,-1,-1,-1,-1,-1,-1,1,-1,-1,-1,-1,1,-1,-1,-1,-1,-1,-1,-1,-1,-1,-1,-1,-1,
1,1,-1,-1,-1,-1,1,0,-1,-1,-1,-1,-1,-1,-1,-1,-1,-1,1,-1,-1,-1,-1,-1,-1,-1,-1,-1,1,-1,-1,-1,-1,-1,-1,-1,-1,-1,-1,-1,-1,-1,-1,-1,-1,-1,-1,-1,-1,-1,-1,-1,-1,-1,-1,-1,-1,-1,-1,-1,-1,-1,-1,-1,-1,-1,-1,1,-1,-1,1,-1,-1,-1,-1,-1,-1,1,-1,-1,-1,-1,-1,-1,-1,-1,-1,-1,-1,-1,-1,-1,-1,1,1,-1,-1,-1,-1,-1,1,-1,-1,
-1,1,-1,-1,1,-1,-1,-1,0,1,-1,-1,-1,-1,-1,-1,-1,-1,-1,1,-1,-1,1,-1,-1,-1,1,-1,-1,-1,-1,-1,-1,-1,-1,-1,-1,-1,-1,-1,-1,-1,-1,1,1,-1,-1,-1,-1,1,-1,-1,-1,-1,-1,-1,-1,-1,-1,-1,-1,-1,-1,-1,-1,-1,-1,-1,-1,-1,1,-1,-1,-1,-1,-1,-1,-1,-1,-1,-1,-1,-1,-1,-1,-1,-1,-1,-1,-1,-1,-1,1,-1,-1,-1,-1,-1,-1,-1,-1,-1,-1,
-1,-1,-1,-1,-1,-1,-1,-1,1,0,1,1,-1,1,-1,-1,-1,-1,-1,-1,-1,-1,-1,-1,1,1,-1,-1,-1,1,-1,-1,-1,-1,-1,1,-1,-1,1,-1,-1,-1,-1,1,-1,-1,-1,-1,-1,-1,1,-1,-1,1,-1,-1,-1,1,-1,-1,-1,-1,-1,-1,-1,-1,-1,-1,-1,-1,-1,-1,-1,-1,-1,-1,-1,-1,-1,-1,-1,-1,-1,-1,1,-1,-1,-1,-1,-1,-1,1,-1,1,-1,-1,-1,-1,-1,-1,-1,1,-1,
1,-1,1,1,-1,-1,-1,-1,-1,1,0,-1,-1,1,-1,-1,-1,-1,-1,-1,-1,-1,-1,-1,1,-1,-1,-1,-1,-1,-1,-1,-1,-1,1,-1,-1,-1,-1,-1,-1,-1,-1,-1,-1,1,-1,-1,-1,-1,-1,-1,-1,-1,-1,-1,-1,-1,-1,-1,-1,-1,-1,-1,-1,1,-1,-1,1,-1,-1,-1,-1,-1,-1,-1,-1,-1,-1,-1,-1,1,-1,-1,-1,-1,-1,-1,-1,-1,-1,-1,-1,-1,-1,-1,-1,-1,1,-1,-1,-1,-1,
1,-1,-1,-1,-1,-1,-1,-1,-1,1,-1,0,-1,-1,-1,-1,-1,1,1,-1,-1,-1,-1,-1,-1,-1,-1,-1,-1,-1,-1,-1,-1,1,-1,-1,-1,-1,1,-1,-1,-1,-1,-1,-1,1,-1,-1,-1,-1,-1,-1,-1,1,-1,-1,-1,-1,1,1,-1,-1,-1,-1,-1,-1,1,-1,-1,1,-1,-1,-1,-1,-1,-1,-1,1,-1,-1,-1,-1,-1,-1,-1,-1,-1,-1,-1,-1,-1,-1,-1,-1,-1,-1,-1,-1,-1,-1,-1,-1,-1,
-1,1,-1,-1,-1,-1,1,-1,-1,-1,-1,-1,0,-1,-1,-1,-1,1,-1,-1,-1,-1,-1,1,1,-1,1,-1,-1,1,-1,-1,-1,1,-1,-1,-1,-1,-1,-1,-1,-1,-1,-1,-1,-1,-1,-1,-1,-1,-1,-1,-1,1,-1,-1,-1,-1,-1,-1,-1,-1,-1,-1,-1,-1,-1,-1,-1,-1,-1,-1,-1,-1,-1,-1,-1,-1,-1,-1,1,-1,-1,-1,-1,-1,-1,-1,-1,-1,-1,-1,-1,-1,1,-1,-1,-1,-1,-1,1,-1,-1,
-1,-1,-1,-1,-1,-1,-1,-1,-1,1,1,-1,-1,0,-1,-1,-1,-1,-1,-1,1,1,-1,1,-1,-1,-1,-1,-1,-1,-1,-1,-1,-1,1,-1,-1,-1,-1,-1,-1,-1,-1,-1,-1,-1,-1,-1,-1,-1,-1,-1,-1,-1,-1,-1,-1,-1,-1,1,-1,1,1,-1,-1,-1,-1,-1,1,-1,-1,-1,-1,-1,-1,-1,-1,-1,-1,-1,-1,-1,-1,-1,-1,-1,-1,-1,-1,-1,-1,-1,-1,-1,-1,-1,-1,-1,-1,1,-1,-1,-1,
-1,-1,1,-1,1,-1,1,-1,-1,-1,-1,-1,-1,-1,0,-1,-1,-1,-1,-1,-1,-1,1,-1,-1,-1,-1,-1,-1,-1,-1,-1,-1,-1,1,-1,-1,-1,-1,-1,-1,-1,-1,-1,-1,-1,-1,-1,-1,-1,-1,-1,-1,1,1,-1,1,-1,-1,-1,-1,1,-1,-1,-1,-1,-1,1,-1,-1,-1,-1,-1,-1,-1,-1,1,-1,-1,-1,-1,-1,-1,-1,-1,-1,-1,-1,-1,-1,-1,-1,-1,-1,-1,-1,-1,-1,-1,-1,-1,-1,-1,
-1,-1,-1,-1,-1,-1,-1,-1,-1,-1,-1,-1,-1,-1,-1,0,1,-1,-1,-1,-1,1,1,-1,-1,1,-1,1,-1,-1,-1,-1,-1,-1,-1,1,-1,-1,-1,-1,-1,-1,1,-1,-1,1,-1,1,-1,-1,-1,-1,-1,-1,-1,-1,-1,1,-1,-1,-1,-1,-1,-1,-1,-1,-1,-1,-1,-1,-1,-1,-1,-1,-1,1,-1,-1,-1,-1,-1,-1,-1,-1,-1,1,-1,-1,-1,-1,-1,-1,-1,1,-1,-1,-1,-1,-1,-1,-1,-1,-1,
1,-1,-1,1,1,-1,-1,-1,-1,-1,-1,-1,-1,-1,-1,1,0,-1,-1,1,-1,-1,-1,-1,1,-1,1,-1,-1,-1,-1,-1,-1,-1,1,-1,-1,-1,-1,-1,-1,1,-1,-1,-1,-1,-1,-1,-1,-1,-1,-1,-1,-1,1,-1,-1,-1,-1,-1,1,-1,-1,-1,-1,-1,-1,-1,-1,-1,-1,-1,-1,-1,-1,-1,-1,-1,-1,-1,-1,-1,-1,-1,-1,-1,-1,1,-1,-1,-1,-1,-1,-1,1,-1,-1,-1,-1,-1,-1,-1,-1,
-1,-1,-1,-1,-1,1,-1,-1,-1,-1,-1,1,1,-1,-1,-1,-1,0,-1,-1,-1,-1,-1,-1,-1,1,1,-1,1,-1,-1,-1,-1,-1,-1,-1,-1,-1,-1,-1,-1,1,-1,-1,-1,-1,-1,-1,-1,-1,-1,-1,-1,-1,-1,-1,-1,-1,1,-1,-1,-1,-1,-1,-1,-1,-1,-1,-1,-1,-1,-1,-1,1,-1,-1,1,-1,-1,-1,-1,-1,1,-1,-1,-1,-1,-1,-1,-1,-1,-1,-1,-1,-1,-1,-1,1,1,-1,-1,-1,-1,
-1,-1,1,-1,-1,-1,-1,1,-1,-1,-1,1,-1,-1,-1,-1,-1,-1,0,-1,1,-1,-1,-1,-1,-1,-1,1,-1,-1,-1,-1,-1,1,-1,-1,-1,-1,-1,-1,-1,-1,-1,-1,-1,1,1,1,-1,-1,-1,-1,-1,-1,-1,-1,-1,-1,-1,-1,-1,-1,-1,-1,-1,-1,-1,-1,1,-1,-1,-1,-1,-1,-1,-1,-1,-1,-1,-1,1,-1,-1,-1,-1,-1,-1,-1,-1,1,-1,-1,-1,-1,-1,-1,-1,-1,1,-1,-1,-1,-1,
-1,-1,-1,1,-1,-1,-1,-1,1,-1,-1,-1,-1,-1,-1,-1,1,-1,-1,0,-1,-1,-1,1,-1,1,-1,-1,1,-1,-1,1,1,-1,-1,-1,1,-1,-1,-1,-1,-1,-1,-1,-1,-1,-1,-1,-1,1,-1,-1,-1,-1,-1,-1,-1,-1,-1,-1,-1,-1,-1,1,-1,-1,-1,-1,-1,-1,-1,-1,-1,-1,-1,-1,-1,-1,-1,-1,-1,-1,-1,-1,-1,-1,-1,-1,-1,-1,-1,-1,-1,-1,-1,-1,-1,-1,1,-1,-1,-1,-1,
1,1,-1,-1,-1,1,-1,-1,-1,-1,-1,-1,-1,1,-1,-1,-1,-1,1,-1,0,1,-1,-1,-1,-1,-1,-1,-1,-1,-1,-1,-1,-1,-1,-1,-1,-1,-1,-1,-1,1,1,-1,-1,-1,-1,-1,-1,1,-1,-1,-1,-1,-1,-1,-1,-1,-1,-1,-1,-1,-1,-1,-1,-1,-1,-1,-1,-1,1,-1,-1,-1,-1,-1,-1,-1,-1,-1,-1,-1,-1,-1,-1,-1,-1,-1,-1,-1,1,-1,-1,-1,-1,-1,-1,-1,-1,-1,-1,-1,1,
-1,-1,1,-1,-1,-1,-1,-1,-1,-1,-1,-1,-1,1,-1,1,-1,-1,-1,-1,1,0,-1,-1,-1,-1,-1,-1,-1,-1,-1,-1,-1,-1,1,-1,-1,-1,-1,-1,1,-1,1,-1,-1,-1,-1,-1,-1,-1,-1,-1,-1,-1,-1,1,-1,-1,-1,-1,-1,-1,1,-1,-1,1,-1,-1,-1,-1,-1,-1,-1,-1,-1,-1,-1,-1,-1,-1,-1,-1,-1,-1,-1,-1,-1,-1,-1,-1,-1,-1,-1,-1,-1,1,-1,-1,-1,-1,-1,-1,1,
-1,1,-1,1,1,-1,-1,-1,1,-1,-1,-1,-1,-1,1,1,-1,-1,-1,-1,-1,-1,0,-1,-1,-1,-1,-1,-1,-1,-1,1,1,-1,-1,-1,-1,-1,-1,-1,-1,-1,-1,-1,-1,-1,-1,-1,-1,-1,-1,-1,-1,-1,-1,-1,1,-1,-1,-1,-1,-1,-1,-1,-1,1,-1,-1,-1,-1,-1,-1,-1,-1,-1,-1,-1,-1,-1,-1,-1,-1,-1,-1,-1,-1,-1,-1,-1,-1,-1,1,-1,-1,-1,-1,-1,-1,-1,-1,-1,-1,-1,
-1,-1,1,-1,-1,-1,-1,-1,-1,-1,-1,-1,1,1,-1,-1,-1,-1,-1,1,-1,-1,-1,0,-1,-1,1,1,-1,-1,-1,-1,-1,-1,-1,-1,-1,-1,1,-1,-1,1,-1,-1,-1,-1,1,-1,-1,-1,1,-1,-1,-1,-1,-1,-1,-1,-1,-1,-1,-1,-1,-1,-1,-1,-1,-1,-1,-1,-1,-1,-1,-1,1,-1,-1,-1,-1,-1,-1,-1,-1,-1,-1,-1,-1,-1,-1,-1,-1,-1,-1,-1,-1,-1,-1,-1,-1,-1,1,-1,-1,
1,-1,-1,-1,-1,-1,-1,-1,-1,1,1,-1,1,-1,-1,-1,1,-1,-1,-1,-1,-1,-1,-1,0,-1,-1,1,-1,-1,-1,-1,-1,-1,-1,-1,-1,-1,-1,-1,-1,-1,-1,-1,-1,-1,-1,-1,-1,-1,-1,-1,-1,-1,-1,-1,-1,-1,1,1,-1,-1,-1,-1,-1,-1,-1,-1,-1,-1,-1,-1,-1,-1,-1,1,-1,-1,-1,-1,-1,-1,-1,-1,-1,-1,-1,-1,-1,-1,-1,1,-1,-1,-1,-1,-1,-1,-1,1,-1,-1,-1,
1,1,-1,-1,-1,-1,-1,-1,-1,1,-1,-1,-1,-1,-1,1,-1,1,-1,1,-1,-1,-1,-1,-1,0,-1,-1,-1,-1,-1,-1,-1,-1,-1,-1,-1,1,-1,-1,-1,-1,-1,-1,-1,-1,-1,-1,-1,-1,-1,-1,-1,-1,-1,-1,-1,-1,-1,-1,-1,-1,-1,-1,-1,-1,-1,-1,-1,-1,-1,-1,-1,1,-1,-1,-1,-1,-1,-1,1,-1,-1,-1,-1,1,-1,-1,-1,-1,1,-1,-1,-1,-1,-1,-1,-1,-1,-1,-1,-1,-1,
-1,-1,1,-1,-1,-1,-1,-1,1,-1,-1,-1,1,-1,-1,-1,1,1,-1,-1,-1,-1,-1,1,-1,-1,0,-1,1,-1,1,-1,-1,1,-1,-1,-1,-1,-1,-1,-1,-1,-1,-1,-1,-1,-1,-1,-1,-1,-1,-1,-1,-1,-1,-1,-1,-1,-1,-1,-1,-1,-1,-1,-1,-1,-1,-1,-1,-1,-1,-1,-1,-1,-1,1,-1,-1,1,1,1,-1,-1,-1,-1,-1,-1,-1,-1,-1,-1,-1,-1,-1,-1,-1,-1,-1,-1,-1,-1,-1,-1,
-1,-1,-1,-1,-1,1,-1,-1,-1,-1,-1,-1,-1,-1,-1,1,-1,-1,1,-1,-1,-1,-1,1,1,-1,-1,0,-1,1,-1,-1,-1,-1,-1,-1,-1,-1,-1,-1,-1,-1,-1,-1,-1,-1,-1,-1,-1,-1,-1,-1,-1,-1,-1,-1,-1,-1,-1,-1,1,-1,-1,-1,-1,-1,1,-1,1,-1,-1,-1,-1,-1,-1,-1,-1,-1,-1,-1,-1,-1,-1,-1,-1,-1,-1,1,1,-1,-1,1,-1,-1,-1,-1,-1,-1,-1,-1,-1,-1,-1,
-1,1,-1,1,-1,-1,-1,1,-1,-1,-1,-1,-1,-1,-1,-1,-1,1,-1,1,-1,-1,-1,-1,-1,-1,1,-1,0,-1,-1,1,-1,-1,-1,-1,1,-1,1,-1,-1,-1,-1,-1,1,-1,-1,-1,-1,-1,-1,-1,-1,-1,-1,-1,-1,-1,-1,-1,-1,-1,-1,-1,-1,-1,-1,-1,-1,-1,-1,-1,-1,-1,-1,-1,-1,-1,-1,-1,-1,-1,1,-1,-1,-1,-1,-1,-1,-1,-1,-1,-1,-1,-1,-1,-1,-1,-1,-1,-1,-1,-1,
-1,1,-1,-1,-1,-1,1,-1,-1,1,-1,-1,1,-1,-1,-1,-1,-1,-1,-1,-1,-1,-1,-1,-1,-1,-1,1,-1,0,-1,-1,-1,-1,-1,-1,1,-1,1,1,-1,-1,-1,-1,-1,1,1,-1,-1,-1,-1,-1,-1,-1,-1,-1,-1,-1,-1,-1,-1,-1,-1,-1,-1,-1,-1,-1,-1,-1,-1,-1,-1,-1,-1,1,-1,-1,-1,-1,-1,-1,-1,-1,-1,-1,-1,-1,-1,-1,-1,-1,-1,-1,-1,-1,-1,1,-1,-1,1,-1,-1,
-1,-1,-1,-1,-1,1,-1,-1,-1,-1,-1,-1,-1,-1,-1,-1,-1,-1,-1,-1,-1,-1,-1,-1,-1,-1,1,-1,-1,-1,0,-1,-1,-1,1,-1,1,-1,-1,-1,-1,-1,-1,-1,-1,-1,-1,-1,-1,-1,-1,-1,-1,-1,-1,-1,-1,-1,-1,-1,-1,1,-1,-1,-1,-1,-1,-1,-1,-1,-1,-1,1,-1,-1,-1,1,-1,1,-1,-1,1,-1,-1,-1,-1,-1,-1,-1,-1,-1,-1,-1,-1,-1,-1,-1,-1,-1,1,-1,-1,-1,
-1,1,1,-1,-1,-1,-1,-1,-1,-1,-1,-1,-1,-1,-1,-1,-1,-1,-1,1,-1,-1,1,-1,-1,-1,-1,-1,1,-1,-1,0,-1,-1,-1,-1,-1,-1,-1,-1,-1,-1,-1,-1,-1,-1,-1,-1,-1,-1,-1,-1,1,-1,-1,-1,-1,-1,-1,-1,-1,-1,-1,-1,-1,-1,-1,-1,-1,-1,-1,-1,-1,-1,-1,-1,-1,1,1,-1,-1,-1,1,-1,-1,-1,-1,-1,-1,-1,-1,1,-1,-1,-1,-1,-1,-1,-1,-1,-1,-1,-1,
-1,-1,1,-1,-1,-1,-1,-1,-1,-1,-1,-1,-1,-1,-1,-1,-1,-1,-1,1,-1,-1,1,-1,-1,-1,-1,-1,-1,-1,-1,-1,0,-1,-1,-1,-1,-1,-1,1,1,-1,1,-1,-1,-1,-1,-1,-1,-1,1,-1,-1,-1,-1,-1,-1,-1,-1,-1,1,-1,-1,-1,-1,-1,-1,-1,-1,-1,-1,-1,-1,-1,-1,-1,-1,-1,-1,-1,-1,-1,-1,-1,-1,-1,-1,-1,-1,-1,-1,-1,-1,-1,-1,-1,-1,-1,-1,1,-1,-1,1,
-1,-1,-1,-1,-1,-1,-1,-1,-1,-1,-1,1,1,-1,-1,-1,-1,-1,1,-1,-1,-1,-1,-1,-1,-1,1,-1,-1,-1,-1,-1,-1,0,-1,-1,-1,-1,-1,-1,-1,-1,-1,-1,-1,-1,-1,-1,-1,-1,-1,-1,-1,-1,-1,-1,-1,-1,-1,-1,-1,-1,-1,1,1,1,-1,-1,-1,-1,-1,1,-1,-1,-1,-1,-1,1,-1,-1,-1,-1,-1,-1,-1,-1,-1,-1,-1,-1,-1,-1,-1,-1,-1,-1,-1,1,-1,-1,-1,-1,-1,
-1,-1,-1,-1,-1,-1,1,-1,-1,-1,1,-1,-1,1,1,-1,1,-1,-1,-1,-1,1,-1,-1,-1,-1,-1,-1,-1,-1,1,-1,-1,-1,0,-1,-1,-1,-1,1,1,-1,-1,-1,-1,-1,-1,-1,-1,-1,-1,-1,-1,-1,-1,-1,-1,1,-1,-1,-1,-1,-1,-1,-1,-1,-1,-1,-1,-1,-1,-1,-1,-1,-1,-1,-1,-1,-1,-1,-1,-1,-1,-1,-1,-1,-1,-1,-1,-1,-1,1,-1,-1,-1,-1,-1,-1,-1,-1,-1,-1,-1,
-1,1,-1,1,1,1,-1,-1,-1,1,-1,-1,-1,-1,-1,1,-1,-1,-1,-1,-1,-1,-1,-1,-1,-1,-1,-1,-1,-1,-1,-1,-1,-1,-1,0,1,-1,-1,-1,-1,-1,1,-1,-1,-1,-1,-1,1,-1,-1,-1,-1,-1,-1,-1,-1,-1,-1,-1,-1,-1,-1,-1,-1,-1,-1,-1,-1,-1,-1,-1,-1,-1,-1,-1,-1,-1,-1,-1,-1,-1,-1,-1,-1,-1,-1,-1,-1,-1,-1,-1,-1,1,-1,1,-1,-1,-1,-1,-1,1,-1,
-1,-1,-1,-1,-1,-1,-1,-1,-1,-1,-1,-1,-1,-1,-1,-1,-1,-1,-1,1,-1,-1,-1,-1,-1,-1,-1,-1,1,1,1,-1,-1,-1,-1,1,0,1,-1,-1,-1,1,1,-1,1,-1,-1,-1,-1,-1,1,-1,-1,-1,1,-1,-1,-1,-1,-1,-1,-1,-1,-1,-1,-1,-1,-1,-1,-1,-1,-1,-1,-1,-1,-1,-1,-1,-1,-1,-1,-1,-1,-1,-1,-1,1,-1,-1,-1,-1,-1,-1,-1,-1,-1,-1,-1,-1,-1,-1,-1,-1,
1,-1,1,-1,-1,-1,-1,-1,-1,-1,-1,-1,-1,-1,-1,-1,-1,-1,-1,-1,-1,-1,-1,-1,-1,1,-1,-1,-1,-1,-1,-1,-1,-1,-1,-1,1,0,-1,1,-1,-1,-1,-1,-1,-1,-1,-1,-1,-1,-1,-1,-1,-1,-1,-1,-1,-1,-1,-1,-1,-1,-1,1,-1,-1,-1,1,1,-1,1,-1,-1,-1,-1,-1,-1,1,-1,-1,-1,-1,-1,-1,-1,-1,-1,1,-1,-1,-1,-1,-1,-1,-1,-1,-1,-1,-1,-1,-1,-1,-1,
-1,-1,1,-1,-1,-1,-1,-1,-1,1,-1,1,-1,-1,-1,-1,-1,-1,-1,-1,-1,-1,-1,1,-1,-1,-1,-1,1,1,-1,-1,-1,-1,-1,-1,-1,-1,0,-1,-1,-1,-1,-1,-1,-1,-1,-1,-1,-1,1,-1,-1,-1,-1,-1,-1,-1,-1,-1,-1,-1,-1,-1,-1,-1,-1,-1,-1,-1,-1,1,-1,-1,-1,-1,-1,-1,-1,-1,-1,1,-1,-1,-1,-1,-1,-1,-1,-1,-1,-1,-1,-1,-1,-1,-1,-1,-1,-1,-1,-1,1,
1,-1,-1,-1,1,-1,-1,-1,-1,-1,-1,-1,-1,-1,-1,-1,-1,-1,-1,-1,-1,-1,-1,-1,-1,-1,-1,-1,-1,1,-1,-1,1,-1,1,-1,-1,1,-1,0,-1,-1,-1,-1,-1,1,-1,-1,-1,-1,-1,-1,-1,-1,-1,-1,-1,-1,-1,-1,-1,-1,-1,-1,-1,-1,-1,-1,-1,-1,-1,-1,-1,-1,1,-1,-1,-1,-1,1,-1,-1,-1,-1,-1,-1,-1,-1,-1,-1,-1,-1,-1,-1,-1,-1,-1,-1,-1,1,-1,-1,-1,
-1,-1,-1,-1,-1,1,-1,-1,-1,-1,-1,-1,-1,-1,-1,-1,-1,-1,-1,-1,-1,1,-1,-1,-1,-1,-1,-1,-1,-1,-1,-1,1,-1,1,-1,-1,-1,-1,-1,0,-1,-1,-1,-1,-1,-1,-1,-1,-1,-1,-1,-1,-1,1,-1,-1,-1,-1,-1,-1,-1,-1,-1,-1,-1,-1,-1,1,-1,-1,-1,-1,-1,-1,1,-1,-1,-1,-1,-1,-1,-1,1,-1,1,-1,-1,-1,-1,-1,1,-1,-1,-1,-1,-1,-1,-1,-1,1,-1,-1,
-1,-1,-1,-1,-1,-1,1,-1,-1,-1,-1,-1,-1,-1,-1,-1,1,1,-1,-1,1,-1,-1,1,-1,-1,-1,-1,-1,-1,-1,-1,-1,-1,-1,-1,1,-1,-1,-1,-1,0,-1,-1,-1,-1,-1,-1,-1,-1,-1,-1,-1,-1,-1,-1,-1,-1,-1,-1,1,-1,-1,-1,-1,-1,-1,-1,-1,-1,-1,-1,-1,-1,-1,1,-1,-1,-1,1,-1,1,-1,-1,-1,-1,-1,-1,-1,-1,-1,-1,-1,-1,-1,-1,-1,-1,-1,-1,-1,-1,-1,
-1,-1,-1,-1,-1,-1,-1,-1,-1,-1,-1,-1,-1,-1,-1,1,-1,-1,-1,-1,1,1,-1,-1,-1,-1,-1,-1,-1,-1,-1,-1,1,-1,-1,1,1,-1,-1,-1,-1,-1,0,-1,-1,-1,-1,-1,-1,-1,-1,-1,-1,-1,-1,-1,-1,-1,-1,-1,-1,-1,-1,1,-1,-1,-1,-1,-1,-1,1,-1,1,-1,-1,-1,-1,-1,-1,-1,-1,-1,-1,-1,-1,-1,-1,-1,-1,-1,-1,-1,-1,-1,-1,-1,1,-1,-1,-1,-1,-1,-1,
-1,-1,1,-1,-1,-1,-1,-1,1,1,-1,-1,-1,-1,-1,-1,-1,-1,-1,-1,-1,-1,-1,-1,-1,-1,-1,-1,-1,-1,-1,-1,-1,-1,-1,-1,-1,-1,-1,-1,-1,-1,-1,0,-1,-1,-1,-1,-1,-1,-1,-1,-1,-1,-1,-1,-1,-1,-1,-1,-1,-1,-1,-1,-1,-1,-1,-1,-1,-1,-1,-1,-1,-1,-1,-1,-1,-1,-1,-1,-1,-1,-1,-1,-1,-1,-1,-1,-1,-1,-1,-1,-1,-1,-1,-1,-1,-1,-1,-1,-1,-1,-1,
1,-1,-1,-1,-1,-1,-1,-1,1,-1,-1,-1,-1,-1,-1,-1,-1,-1,-1,-1,-1,-1,-1,-1,-1,-1,-1,-1,1,-1,-1,-1,-1,-1,-1,-1,1,-1,-1,-1,-1,-1,-1,-1,0,-1,-1,-1,-1,-1,-1,-1,-1,-1,-1,-1,-1,-1,-1,-1,-1,-1,-1,-1,-1,-1,-1,-1,-1,-1,-1,-1,-1,-1,-1,-1,-1,-1,-1,-1,-1,-1,-1,-1,-1,-1,-1,-1,-1,-1,-1,-1,-1,-1,-1,-1,-1,-1,-1,-1,-1,-1,-1,
-1,-1,-1,-1,-1,-1,-1,-1,-1,-1,1,1,-1,-1,-1,1,-1,-1,1,-1,-1,-1,-1,-1,-1,-1,-1,-1,-1,1,-1,-1,-1,-1,-1,-1,-1,-1,-1,1,-1,-1,-1,-1,-1,0,-1,-1,-1,-1,-1,-1,-1,-1,-1,-1,-1,-1,-1,-1,-1,-1,-1,-1,-1,-1,-1,-1,-1,-1,-1,-1,-1,-1,-1,-1,-1,-1,-1,-1,-1,-1,-1,-1,-1,-1,-1,-1,-1,-1,-1,-1,-1,-1,-1,-1,-1,-1,-1,-1,-1,-1,-1,
-1,-1,-1,-1,1,-1,-1,-1,-1,-1,-1,-1,-1,-1,-1,-1,-1,-1,1,-1,-1,-1,-1,1,-1,-1,-1,-1,-1,1,-1,-1,-1,-1,-1,-1,-1,-1,-1,-1,-1,-1,-1,-1,-1,-1,0,-1,-1,-1,-1,-1,-1,-1,-1,-1,-1,-1,-1,-1,-1,-1,-1,-1,-1,-1,-1,-1,-1,-1,-1,-1,-1,-1,-1,-1,-1,-1,-1,-1,-1,-1,-1,-1,-1,-1,-1,-1,-1,-1,-1,-1,-1,-1,-1,-1,-1,-1,-1,-1,-1,-1,-1,
-1,-1,-1,-1,-1,-1,-1,-1,-1,-1,-1,-1,-1,-1,-1,1,-1,-1,1,-1,-1,-1,-1,-1,-1,-1,-1,-1,-1,-1,-1,-1,-1,-1,-1,-1,-1,-1,-1,-1,-1,-1,-1,-1,-1,-1,-1,0,-1,-1,-1,-1,-1,-1,-1,-1,-1,-1,-1,-1,-1,-1,-1,-1,-1,-1,-1,-1,-1,-1,-1,-1,-1,-1,-1,-1,-1,-1,-1,-1,-1,-1,-1,-1,-1,-1,-1,-1,-1,-1,-1,-1,-1,-1,-1,-1,-1,-1,-1,-1,-1,-1,-1,
-1,-1,-1,-1,-1,-1,-1,-1,-1,-1,-1,-1,-1,-1,-1,-1,-1,-1,-1,-1,-1,-1,-1,-1,-1,-1,-1,-1,-1,-1,-1,-1,-1,-1,-1,1,-1,-1,-1,-1,-1,-1,-1,-1,-1,-1,-1,-1,0,-1,-1,-1,-1,-1,-1,-1,-1,-1,-1,-1,-1,-1,-1,-1,-1,-1,-1,-1,-1,-1,-1,-1,-1,-1,-1,-1,-1,-1,-1,-1,-1,-1,-1,-1,-1,-1,-1,-1,-1,-1,-1,-1,-1,-1,-1,-1,-1,-1,1,-1,-1,-1,-1,
1,-1,-1,1,-1,-1,-1,-1,1,-1,-1,-1,-1,-1,-1,-1,-1,-1,-1,1,1,-1,-1,-1,-1,-1,-1,-1,-1,-1,-1,-1,-1,-1,-1,-1,-1,-1,-1,-1,-1,-1,-1,-1,-1,-1,-1,-1,-1,0,-1,-1,-1,-1,-1,-1,-1,-1,-1,-1,-1,-1,-1,-1,-1,-1,-1,-1,-1,-1,-1,-1,-1,-1,-1,-1,-1,-1,-1,-1,-1,-1,-1,-1,-1,-1,-1,-1,-1,-1,-1,-1,-1,-1,-1,-1,-1,-1,-1,-1,-1,-1,-1,
-1,-1,-1,-1,-1,-1,-1,-1,-1,1,-1,-1,-1,-1,-1,-1,-1,-1,-1,-1,-1,-1,-1,1,-1,-1,-1,-1,-1,-1,-1,-1,1,-1,-1,-1,1,-1,1,-1,-1,-1,-1,-1,-1,-1,-1,-1,-1,-1,0,-1,-1,-1,-1,-1,-1,-1,-1,-1,-1,-1,-1,-1,-1,-1,-1,-1,-1,-1,-1,-1,-1,-1,-1,-1,-1,-1,-1,-1,-1,-1,-1,-1,-1,-1,-1,-1,-1,-1,-1,-1,-1,-1,-1,-1,-1,-1,-1,-1,-1,-1,-1,
-1,-1,-1,-1,-1,-1,-1,-1,-1,-1,-1,-1,-1,-1,-1,-1,-1,-1,-1,-1,-1,-1,-1,-1,-1,-1,-1,-1,-1,-1,-1,-1,-1,-1,-1,-1,-1,-1,-1,-1,-1,-1,-1,-1,-1,-1,-1,-1,-1,-1,-1,0,-1,-1,-1,-1,-1,-1,-1,-1,-1,-1,-1,-1,-1,-1,-1,-1,-1,-1,-1,-1,-1,-1,-1,-1,-1,1,-1,-1,-1,-1,-1,-1,-1,-1,-1,-1,-1,-1,-1,-1,1,-1,-1,-1,-1,-1,-1,-1,-1,-1,-1,
-1,-1,-1,1,-1,-1,-1,-1,-1,-1,-1,-1,-1,-1,-1,-1,-1,-1,-1,-1,-1,-1,-1,-1,-1,-1,-1,-1,-1,-1,-1,1,-1,-1,-1,-1,-1,-1,-1,-1,-1,-1,-1,-1,-1,-1,-1,-1,-1,-1,-1,-1,0,-1,-1,-1,-1,-1,-1,-1,-1,-1,-1,-1,-1,-1,-1,-1,-1,-1,-1,-1,-1,-1,-1,-1,-1,-1,-1,-1,-1,-1,-1,-1,-1,-1,-1,-1,-1,-1,-1,-1,-1,-1,-1,-1,-1,-1,-1,-1,-1,-1,-1,
-1,-1,-1,-1,-1,1,-1,-1,-1,1,-1,1,1,-1,1,-1,-1,-1,-1,-1,-1,-1,-1,-1,-1,-1,-1,-1,-1,-1,-1,-1,-1,-1,-1,-1,-1,-1,-1,-1,-1,-1,-1,-1,-1,-1,-1,-1,-1,-1,-1,-1,-1,0,-1,-1,-1,-1,-1,-1,-1,-1,-1,-1,-1,-1,-1,-1,-1,-1,-1,-1,-1,-1,-1,-1,-1,-1,-1,-1,-1,-1,-1,-1,-1,-1,-1,-1,-1,-1,-1,-1,-1,-1,-1,-1,-1,-1,-1,-1,-1,-1,-1,
-1,-1,-1,-1,-1,-1,-1,-1,-1,-1,-1,-1,-1,-1,1,-1,1,-1,-1,-1,-1,-1,-1,-1,-1,-1,-1,-1,-1,-1,-1,-1,-1,-1,-1,-1,1,-1,-1,-1,1,-1,-1,-1,-1,-1,-1,-1,-1,-1,-1,-1,-1,-1,0,-1,-1,-1,-1,-1,-1,-1,-1,-1,-1,-1,-1,-1,-1,-1,-1,-1,-1,-1,-1,-1,-1,-1,-1,-1,-1,-1,-1,-1,-1,-1,-1,-1,-1,-1,-1,-1,-1,-1,-1,-1,-1,-1,-1,-1,-1,-1,-1,
-1,1,-1,-1,-1,-1,-1,-1,-1,-1,-1,-1,-1,-1,-1,-1,-1,-1,-1,-1,-1,1,-1,-1,-1,-1,-1,-1,-1,-1,-1,-1,-1,-1,-1,-1,-1,-1,-1,-1,-1,-1,-1,-1,-1,-1,-1,-1,-1,-1,-1,-1,-1,-1,-1,0,-1,-1,-1,-1,-1,-1,-1,-1,-1,-1,-1,-1,-1,-1,-1,-1,-1,-1,-1,-1,-1,-1,-1,-1,-1,-1,-1,-1,-1,-1,-1,-1,-1,-1,-1,-1,-1,-1,-1,-1,-1,-1,-1,-1,-1,-1,-1,
-1,-1,-1,-1,-1,-1,-1,-1,-1,-1,-1,-1,-1,-1,1,-1,-1,-1,-1,-1,-1,-1,1,-1,-1,-1,-1,-1,-1,-1,-1,-1,-1,-1,-1,-1,-1,-1,-1,-1,-1,-1,-1,-1,-1,-1,-1,-1,-1,-1,-1,-1,-1,-1,-1,-1,0,-1,-1,-1,-1,-1,-1,-1,-1,-1,-1,-1,-1,-1,-1,-1,-1,-1,-1,-1,-1,-1,-1,-1,-1,-1,-1,-1,-1,-1,-1,-1,-1,-1,-1,-1,-1,-1,-1,-1,-1,-1,-1,-1,-1,-1,-1,
-1,-1,-1,-1,-1,-1,-1,-1,-1,1,-1,-1,-1,-1,-1,1,-1,-1,-1,-1,-1,-1,-1,-1,-1,-1,-1,-1,-1,-1,-1,-1,-1,-1,1,-1,-1,-1,-1,-1,-1,-1,-1,-1,-1,-1,-1,-1,-1,-1,-1,-1,-1,-1,-1,-1,-1,0,-1,-1,-1,-1,-1,-1,-1,-1,-1,-1,-1,-1,-1,-1,-1,-1,-1,-1,-1,-1,-1,-1,-1,-1,-1,-1,-1,-1,-1,-1,-1,-1,-1,-1,-1,-1,-1,-1,1,-1,-1,-1,-1,-1,-1,
-1,-1,-1,-1,-1,-1,-1,-1,-1,-1,-1,1,-1,-1,-1,-1,-1,1,-1,-1,-1,-1,-1,-1,1,-1,-1,-1,-1,-1,-1,-1,-1,-1,-1,-1,-1,-1,-1,-1,-1,-1,-1,-1,-1,-1,-1,-1,-1,-1,-1,-1,-1,-1,-1,-1,-1,-1,0,-1,-1,-1,-1,-1,-1,-1,-1,-1,-1,-1,-1,-1,-1,-1,-1,-1,-1,-1,-1,-1,-1,-1,-1,-1,-1,-1,-1,-1,-1,-1,-1,-1,-1,-1,-1,-1,-1,-1,-1,-1,-1,-1,-1,
-1,-1,-1,-1,-1,-1,1,-1,-1,-1,-1,1,-1,1,-1,-1,-1,-1,-1,-1,-1,-1,-1,-1,1,-1,-1,-1,-1,-1,-1,-1,-1,-1,-1,-1,-1,-1,-1,-1,-1,-1,-1,-1,-1,-1,-1,-1,-1,-1,-1,-1,-1,-1,-1,-1,-1,-1,-1,0,-1,-1,-1,-1,-1,-1,-1,-1,-1,-1,-1,-1,-1,-1,-1,-1,-1,-1,-1,-1,-1,-1,-1,-1,-1,-1,-1,-1,-1,-1,-1,-1,-1,-1,-1,-1,-1,-1,-1,-1,-1,-1,-1,
-1,-1,-1,-1,-1,-1,-1,-1,-1,-1,-1,-1,-1,-1,-1,-1,1,-1,-1,-1,-1,-1,-1,-1,-1,-1,-1,1,-1,-1,-1,-1,1,-1,-1,-1,-1,-1,-1,-1,-1,1,-1,-1,-1,-1,-1,-1,-1,-1,-1,-1,-1,-1,-1,-1,-1,-1,-1,-1,0,-1,-1,-1,-1,-1,-1,-1,-1,-1,-1,-1,-1,-1,-1,-1,-1,-1,-1,-1,-1,-1,-1,-1,-1,-1,-1,-1,-1,-1,-1,-1,-1,-1,-1,-1,-1,-1,-1,-1,-1,-1,-1,
-1,-1,-1,-1,1,-1,-1,-1,-1,-1,-1,-1,-1,1,1,-1,-1,-1,-1,-1,-1,-1,-1,-1,-1,-1,-1,-1,-1,-1,1,-1,-1,-1,-1,-1,-1,-1,-1,-1,-1,-1,-1,-1,-1,-1,-1,-1,-1,-1,-1,-1,-1,-1,-1,-1,-1,-1,-1,-1,-1,0,-1,-1,-1,-1,-1,-1,-1,-1,-1,-1,-1,-1,-1,-1,-1,-1,-1,-1,-1,-1,-1,-1,-1,-1,-1,-1,-1,-1,-1,-1,-1,-1,-1,-1,-1,-1,-1,-1,-1,-1,-1,
-1,-1,-1,-1,-1,-1,-1,-1,-1,-1,-1,-1,-1,1,-1,-1,-1,-1,-1,-1,-1,1,-1,-1,-1,-1,-1,-1,-1,-1,-1,-1,-1,-1,-1,-1,-1,-1,-1,-1,-1,-1,-1,-1,-1,-1,-1,-1,-1,-1,-1,-1,-1,-1,-1,-1,-1,-1,-1,-1,-1,-1,0,-1,-1,-1,-1,-1,-1,-1,-1,-1,-1,-1,-1,-1,-1,-1,-1,-1,-1,-1,-1,-1,-1,-1,-1,-1,-1,-1,-1,-1,-1,-1,-1,-1,-1,-1,-1,-1,-1,-1,-1,
-1,-1,-1,-1,-1,-1,1,-1,-1,-1,-1,-1,-1,-1,-1,-1,-1,-1,-1,1,-1,-1,-1,-1,-1,-1,-1,-1,-1,-1,-1,-1,-1,1,-1,-1,-1,1,-1,-1,-1,-1,1,-1,-1,-1,-1,-1,-1,-1,-1,-1,-1,-1,-1,-1,-1,-1,-1,-1,-1,-1,-1,0,-1,-1,-1,-1,-1,-1,-1,-1,-1,-1,-1,-1,-1,-1,-1,-1,-1,-1,-1,-1,-1,-1,-1,-1,-1,-1,-1,-1,-1,-1,-1,-1,-1,-1,-1,-1,-1,-1,-1,
-1,-1,-1,-1,-1,-1,1,-1,-1,-1,-1,-1,-1,-1,-1,-1,-1,-1,-1,-1,-1,-1,-1,-1,-1,-1,-1,-1,-1,-1,-1,-1,-1,1,-1,-1,-1,-1,-1,-1,-1,-1,-1,-1,-1,-1,-1,-1,-1,-1,-1,-1,-1,-1,-1,-1,-1,-1,-1,-1,-1,-1,-1,-1,0,-1,-1,-1,-1,-1,-1,-1,-1,-1,-1,-1,-1,-1,-1,-1,-1,-1,-1,-1,-1,-1,-1,-1,-1,-1,-1,-1,-1,-1,-1,-1,-1,-1,-1,-1,-1,-1,-1,
-1,-1,-1,-1,-1,-1,-1,-1,-1,-1,1,-1,-1,-1,-1,-1,-1,-1,-1,-1,-1,1,1,-1,-1,-1,-1,-1,-1,-1,-1,-1,-1,1,-1,-1,-1,-1,-1,-1,-1,-1,-1,-1,-1,-1,-1,-1,-1,-1,-1,-1,-1,-1,-1,-1,-1,-1,-1,-1,-1,-1,-1,-1,-1,0,-1,-1,-1,-1,-1,-1,-1,-1,-1,-1,-1,-1,-1,-1,-1,-1,-1,-1,-1,-1,-1,-1,-1,-1,-1,-1,-1,-1,-1,-1,-1,-1,-1,-1,-1,-1,-1,
-1,-1,-1,-1,-1,1,-1,-1,-1,-1,-1,1,-1,-1,-1,-1,-1,-1,-1,-1,-1,-1,-1,-1,-1,-1,-1,1,-1,-1,-1,-1,-1,-1,-1,-1,-1,-1,-1,-1,-1,-1,-1,-1,-1,-1,-1,-1,-1,-1,-1,-1,-1,-1,-1,-1,-1,-1,-1,-1,-1,-1,-1,-1,-1,-1,0,-1,-1,-1,-1,-1,-1,-1,-1,-1,-1,-1,-1,-1,-1,-1,-1,1,-1,-1,-1,-1,-1,-1,-1,-1,-1,-1,-1,-1,-1,-1,-1,-1,-1,-1,-1,
-1,-1,1,-1,-1,-1,-1,1,-1,-1,-1,-1,-1,-1,1,-1,-1,-1,-1,-1,-1,-1,-1,-1,-1,-1,-1,-1,-1,-1,-1,-1,-1,-1,-1,-1,-1,1,-1,-1,-1,-1,-1,-1,-1,-1,-1,-1,-1,-1,-1,-1,-1,-1,-1,-1,-1,-1,-1,-1,-1,-1,-1,-1,-1,-1,-1,0,-1,-1,-1,-1,-1,-1,-1,-1,-1,-1,-1,-1,-1,-1,-1,-1,-1,-1,-1,-1,-1,-1,-1,-1,-1,-1,-1,-1,-1,-1,-1,-1,-1,-1,-1,
1,-1,-1,-1,-1,-1,-1,-1,-1,-1,1,-1,-1,1,-1,-1,-1,-1,1,-1,-1,-1,-1,-1,-1,-1,-1,1,-1,-1,-1,-1,-1,-1,-1,-1,-1,1,-1,-1,1,-1,-1,-1,-1,-1,-1,-1,-1,-1,-1,-1,-1,-1,-1,-1,-1,-1,-1,-1,-1,-1,-1,-1,-1,-1,-1,-1,0,-1,-1,-1,-1,-1,-1,-1,-1,-1,-1,-1,-1,-1,-1,-1,-1,-1,-1,-1,-1,-1,-1,-1,-1,-1,-1,-1,-1,-1,-1,-1,-1,-1,-1,
-1,-1,-1,-1,-1,-1,-1,-1,-1,-1,-1,1,-1,-1,-1,-1,-1,-1,-1,-1,-1,-1,-1,-1,-1,-1,-1,-1,-1,-1,-1,-1,-1,-1,-1,-1,-1,-1,-1,-1,-1,-1,-1,-1,-1,-1,-1,-1,-1,-1,-1,-1,-1,-1,-1,-1,-1,-1,-1,-1,-1,-1,-1,-1,-1,-1,-1,-1,-1,0,-1,-1,-1,-1,-1,-1,-1,-1,-1,-1,-1,-1,-1,-1,-1,-1,1,-1,-1,-1,-1,-1,-1,-1,-1,-1,-1,-1,-1,-1,-1,-1,-1,
-1,-1,-1,-1,-1,-1,-1,1,1,-1,-1,-1,-1,-1,-1,-1,-1,-1,-1,-1,1,-1,-1,-1,-1,-1,-1,-1,-1,-1,-1,-1,-1,-1,-1,-1,-1,1,-1,-1,-1,-1,1,-1,-1,-1,-1,-1,-1,-1,-1,-1,-1,-1,-1,-1,-1,-1,-1,-1,-1,-1,-1,-1,-1,-1,-1,-1,-1,-1,0,-1,-1,-1,-1,-1,-1,-1,-1,-1,-1,-1,-1,-1,-1,-1,-1,-1,-1,-1,-1,-1,-1,-1,-1,-1,-1,-1,-1,-1,-1,-1,-1,
-1,-1,1,-1,-1,-1,-1,-1,-1,-1,-1,-1,-1,-1,-1,-1,-1,-1,-1,-1,-1,-1,-1,-1,-1,-1,-1,-1,-1,-1,-1,-1,-1,1,-1,-1,-1,-1,1,-1,-1,-1,-1,-1,-1,-1,-1,-1,-1,-1,-1,-1,-1,-1,-1,-1,-1,-1,-1,-1,-1,-1,-1,-1,-1,-1,-1,-1,-1,-1,-1,0,-1,-1,-1,-1,-1,-1,-1,-1,-1,-1,-1,-1,-1,-1,-1,-1,-1,-1,-1,-1,-1,-1,-1,-1,-1,-1,-1,-1,-1,-1,-1,
-1,-1,-1,-1,-1,-1,-1,-1,-1,-1,-1,-1,-1,-1,-1,-1,-1,-1,-1,-1,-1,-1,-1,-1,-1,-1,-1,-1,-1,-1,1,-1,-1,-1,-1,-1,-1,-1,-1,-1,-1,-1,1,-1,-1,-1,-1,-1,-1,-1,-1,-1,-1,-1,-1,-1,-1,-1,-1,-1,-1,-1,-1,-1,-1,-1,-1,-1,-1,-1,-1,-1,0,-1,-1,-1,-1,-1,-1,-1,-1,-1,-1,-1,-1,-1,-1,-1,-1,-1,-1,-1,-1,-1,-1,-1,-1,-1,-1,-1,-1,-1,-1,
-1,-1,-1,-1,-1,-1,-1,-1,-1,-1,-1,-1,-1,-1,-1,-1,-1,1,-1,-1,-1,-1,-1,-1,-1,1,-1,-1,-1,-1,-1,-1,-1,-1,-1,-1,-1,-1,-1,-1,-1,-1,-1,-1,-1,-1,-1,-1,-1,-1,-1,-1,-1,-1,-1,-1,-1,-1,-1,-1,-1,-1,-1,-1,-1,-1,-1,-1,-1,-1,-1,-1,-1,0,-1,-1,-1,-1,-1,-1,-1,-1,-1,-1,-1,-1,-1,-1,-1,-1,-1,-1,-1,-1,-1,-1,-1,-1,-1,-1,-1,-1,-1,
-1,-1,-1,-1,1,-1,-1,-1,-1,-1,-1,-1,-1,-1,-1,-1,-1,-1,-1,-1,-1,-1,-1,1,-1,-1,-1,-1,-1,-1,-1,-1,-1,-1,-1,-1,-1,-1,-1,1,-1,-1,-1,-1,-1,-1,-1,-1,-1,-1,-1,-1,-1,-1,-1,-1,-1,-1,-1,-1,-1,-1,-1,-1,-1,-1,-1,-1,-1,-1,-1,-1,-1,-1,0,-1,-1,-1,-1,-1,-1,-1,-1,-1,-1,-1,-1,-1,-1,-1,-1,-1,-1,-1,-1,-1,-1,-1,-1,-1,-1,-1,-1,
-1,-1,-1,-1,-1,-1,1,-1,-1,-1,-1,-1,-1,-1,-1,1,-1,-1,-1,-1,-1,-1,-1,-1,1,-1,1,-1,-1,1,-1,-1,-1,-1,-1,-1,-1,-1,-1,-1,1,1,-1,-1,-1,-1,-1,-1,-1,-1,-1,-1,-1,-1,-1,-1,-1,-1,-1,-1,-1,-1,-1,-1,-1,-1,-1,-1,-1,-1,-1,-1,-1,-1,-1,0,-1,-1,-1,-1,-1,-1,-1,-1,-1,-1,-1,-1,-1,-1,-1,-1,-1,-1,-1,-1,-1,-1,-1,-1,-1,-1,-1,
-1,-1,-1,-1,-1,-1,-1,-1,-1,-1,-1,-1,-1,-1,1,-1,-1,1,-1,-1,-1,-1,-1,-1,-1,-1,-1,-1,-1,-1,1,-1,-1,-1,-1,-1,-1,-1,-1,-1,-1,-1,-1,-1,-1,-1,-1,-1,-1,-1,-1,-1,-1,-1,-1,-1,-1,-1,-1,-1,-1,-1,-1,-1,-1,-1,-1,-1,-1,-1,-1,-1,-1,-1,-1,-1,0,-1,-1,-1,-1,-1,-1,-1,-1,-1,-1,-1,-1,-1,-1,-1,-1,-1,-1,-1,-1,-1,-1,-1,-1,-1,-1,
-1,-1,-1,-1,-1,-1,-1,1,-1,-1,-1,1,-1,-1,-1,-1,-1,-1,-1,-1,-1,-1,-1,-1,-1,-1,-1,-1,-1,-1,-1,1,-1,1,-1,-1,-1,1,-1,-1,-1,-1,-1,-1,-1,-1,-1,-1,-1,-1,-1,1,-1,-1,-1,-1,-1,-1,-1,-1,-1,-1,-1,-1,-1,-1,-1,-1,-1,-1,-1,-1,-1,-1,-1,-1,-1,0,-1,-1,-1,-1,-1,-1,-1,-1,-1,-1,-1,-1,-1,-1,-1,-1,-1,-1,-1,-1,-1,-1,-1,-1,-1,
-1,-1,-1,-1,-1,-1,-1,-1,-1,-1,-1,-1,-1,-1,-1,-1,-1,-1,-1,-1,-1,-1,-1,-1,-1,-1,1,-1,-1,-1,1,1,-1,-1,-1,-1,-1,-1,-1,-1,-1,-1,-1,-1,-1,-1,-1,-1,-1,-1,-1,-1,-1,-1,-1,-1,-1,-1,-1,-1,-1,-1,-1,-1,-1,-1,-1,-1,-1,-1,-1,-1,-1,-1,-1,-1,-1,-1,0,-1,-1,-1,-1,-1,-1,-1,-1,-1,-1,-1,-1,-1,-1,-1,-1,-1,-1,-1,-1,-1,-1,-1,-1,
-1,-1,-1,-1,-1,-1,-1,-1,-1,-1,-1,-1,-1,-1,-1,-1,-1,-1,-1,-1,-1,-1,-1,-1,-1,-1,1,-1,-1,-1,-1,-1,-1,-1,-1,-1,-1,-1,-1,1,-1,1,-1,-1,-1,-1,-1,-1,-1,-1,-1,-1,-1,-1,-1,-1,-1,-1,-1,-1,-1,-1,-1,-1,-1,-1,-1,-1,-1,-1,-1,-1,-1,-1,-1,-1,-1,-1,-1,0,-1,-1,-1,-1,-1,-1,-1,-1,-1,-1,-1,-1,-1,-1,-1,-1,-1,-1,-1,-1,-1,-1,-1,
-1,-1,-1,-1,-1,-1,-1,-1,-1,-1,-1,-1,1,-1,-1,-1,-1,-1,1,-1,-1,-1,-1,-1,-1,1,1,-1,-1,-1,-1,-1,-1,-1,-1,-1,-1,-1,-1,-1,-1,-1,-1,-1,-1,-1,-1,-1,-1,-1,-1,-1,-1,-1,-1,-1,-1,-1,-1,-1,-1,-1,-1,-1,-1,-1,-1,-1,-1,-1,-1,-1,-1,-1,-1,-1,-1,-1,-1,-1,0,-1,-1,-1,-1,-1,-1,-1,-1,-1,-1,-1,-1,-1,-1,-1,-1,-1,-1,-1,-1,-1,-1,
-1,-1,-1,1,1,-1,-1,-1,-1,-1,1,-1,-1,-1,-1,-1,-1,-1,-1,-1,-1,-1,-1,-1,-1,-1,-1,-1,-1,-1,1,-1,-1,-1,-1,-1,-1,-1,1,-1,-1,1,-1,-1,-1,-1,-1,-1,-1,-1,-1,-1,-1,-1,-1,-1,-1,-1,-1,-1,-1,-1,-1,-1,-1,-1,-1,-1,-1,-1,-1,-1,-1,-1,-1,-1,-1,-1,-1,-1,-1,0,-1,-1,-1,-1,-1,-1,-1,-1,-1,-1,-1,-1,-1,-1,-1,-1,-1,-1,-1,-1,-1,
-1,-1,-1,-1,-1,-1,-1,-1,-1,-1,-1,-1,-1,-1,-1,-1,-1,1,-1,-1,-1,-1,-1,-1,-1,-1,-1,-1,1,-1,-1,1,-1,-1,-1,-1,-1,-1,-1,-1,-1,-1,-1,-1,-1,-1,-1,-1,-1,-1,-1,-1,-1,-1,-1,-1,-1,-1,-1,-1,-1,-1,-1,-1,-1,-1,-1,-1,-1,-1,-1,-1,-1,-1,-1,-1,-1,-1,-1,-1,-1,-1,0,-1,-1,-1,-1,-1,-1,-1,-1,-1,-1,-1,-1,-1,-1,-1,-1,-1,-1,-1,-1,
-1,-1,-1,-1,-1,-1,-1,-1,-1,-1,-1,-1,-1,-1,-1,-1,-1,-1,-1,-1,-1,-1,-1,-1,-1,-1,-1,-1,-1,-1,-1,-1,-1,-1,-1,-1,-1,-1,-1,-1,1,-1,-1,-1,-1,-1,-1,-1,-1,-1,-1,-1,-1,-1,-1,-1,-1,-1,-1,-1,-1,-1,-1,-1,-1,-1,1,-1,-1,-1,-1,-1,-1,-1,-1,-1,-1,-1,-1,-1,-1,-1,-1,0,-1,-1,-1,-1,-1,-1,-1,-1,-1,-1,-1,-1,-1,-1,-1,-1,-1,-1,-1,
-1,-1,1,-1,1,-1,-1,-1,-1,1,-1,-1,-1,-1,-1,-1,-1,-1,-1,-1,-1,-1,-1,-1,-1,-1,-1,-1,-1,-1,-1,-1,-1,-1,-1,-1,-1,-1,-1,-1,-1,-1,-1,-1,-1,-1,-1,-1,-1,-1,-1,-1,-1,-1,-1,-1,-1,-1,-1,-1,-1,-1,-1,-1,-1,-1,-1,-1,-1,-1,-1,-1,-1,-1,-1,-1,-1,-1,-1,-1,-1,-1,-1,-1,0,-1,-1,-1,-1,-1,-1,-1,-1,-1,-1,-1,-1,-1,-1,-1,-1,-1,-1,
-1,-1,-1,-1,-1,-1,1,-1,-1,-1,-1,-1,-1,-1,-1,1,-1,-1,-1,-1,-1,-1,-1,-1,-1,1,-1,-1,-1,-1,-1,-1,-1,-1,-1,-1,-1,-1,-1,-1,1,-1,-1,-1,-1,-1,-1,-1,-1,-1,-1,-1,-1,-1,-1,-1,-1,-1,-1,-1,-1,-1,-1,-1,-1,-1,-1,-1,-1,-1,-1,-1,-1,-1,-1,-1,-1,-1,-1,-1,-1,-1,-1,-1,-1,0,-1,-1,-1,-1,-1,-1,-1,-1,-1,-1,-1,-1,-1,-1,-1,-1,-1,
-1,-1,-1,-1,-1,-1,-1,-1,-1,-1,-1,-1,-1,-1,-1,-1,-1,-1,-1,-1,-1,-1,-1,-1,-1,-1,-1,-1,-1,-1,-1,-1,-1,-1,-1,-1,1,-1,-1,-1,-1,-1,-1,-1,-1,-1,-1,-1,-1,-1,-1,-1,-1,-1,-1,-1,-1,-1,-1,-1,-1,-1,-1,-1,-1,-1,-1,-1,-1,1,-1,-1,-1,-1,-1,-1,-1,-1,-1,-1,-1,-1,-1,-1,-1,-1,0,-1,1,-1,-1,-1,-1,-1,-1,-1,-1,-1,-1,-1,-1,-1,-1,
-1,-1,-1,1,-1,-1,-1,-1,-1,-1,-1,-1,-1,-1,-1,-1,1,-1,-1,-1,-1,-1,-1,-1,-1,-1,-1,1,-1,-1,-1,-1,-1,-1,-1,-1,-1,1,-1,-1,-1,-1,-1,-1,-1,-1,-1,-1,-1,-1,-1,-1,-1,-1,-1,-1,-1,-1,-1,-1,-1,-1,-1,-1,-1,-1,-1,-1,-1,-1,-1,-1,-1,-1,-1,-1,-1,-1,-1,-1,-1,-1,-1,-1,-1,-1,-1,0,-1,-1,-1,-1,-1,-1,-1,-1,-1,-1,-1,-1,-1,-1,-1,
-1,-1,-1,-1,-1,-1,-1,-1,-1,-1,-1,-1,-1,-1,-1,-1,-1,-1,-1,-1,-1,-1,-1,-1,-1,-1,-1,1,-1,-1,-1,-1,-1,-1,-1,-1,-1,-1,-1,-1,-1,-1,-1,-1,-1,-1,-1,-1,-1,-1,-1,-1,-1,-1,-1,-1,-1,-1,-1,-1,-1,-1,-1,-1,-1,-1,-1,-1,-1,-1,-1,-1,-1,-1,-1,-1,-1,-1,-1,-1,-1,-1,-1,-1,-1,-1,1,-1,0,-1,-1,-1,-1,-1,-1,-1,-1,-1,-1,-1,-1,-1,-1,
-1,-1,-1,-1,-1,-1,-1,-1,-1,-1,-1,-1,-1,-1,-1,-1,-1,-1,1,-1,-1,-1,-1,-1,-1,-1,-1,-1,-1,-1,-1,-1,-1,-1,-1,-1,-1,-1,-1,-1,-1,-1,-1,-1,-1,-1,-1,-1,-1,-1,-1,-1,-1,-1,-1,-1,-1,-1,-1,-1,-1,-1,-1,-1,-1,-1,-1,-1,-1,-1,-1,-1,-1,-1,-1,-1,-1,-1,-1,-1,-1,-1,-1,-1,-1,-1,-1,-1,-1,0,-1,-1,-1,-1,-1,-1,-1,1,-1,-1,-1,-1,-1,
-1,-1,1,-1,1,-1,1,-1,-1,-1,-1,-1,-1,-1,-1,-1,-1,-1,-1,-1,1,-1,-1,-1,-1,1,-1,-1,-1,-1,-1,-1,-1,-1,-1,-1,-1,-1,-1,-1,-1,-1,-1,-1,-1,-1,-1,-1,-1,-1,-1,-1,-1,-1,-1,-1,-1,-1,-1,-1,-1,-1,-1,-1,-1,-1,-1,-1,-1,-1,-1,-1,-1,-1,-1,-1,-1,-1,-1,-1,-1,-1,-1,-1,-1,-1,-1,-1,-1,-1,0,-1,-1,-1,-1,-1,-1,-1,-1,-1,-1,-1,-1,
1,1,-1,-1,-1,-1,-1,-1,-1,1,-1,-1,-1,-1,-1,-1,-1,-1,-1,-1,-1,-1,1,-1,1,-1,-1,1,-1,-1,-1,1,-1,-1,1,-1,-1,-1,-1,-1,1,-1,-1,-1,-1,-1,-1,-1,-1,-1,-1,-1,-1,-1,-1,-1,-1,-1,-1,-1,-1,-1,-1,-1,-1,-1,-1,-1,-1,-1,-1,-1,-1,-1,-1,-1,-1,-1,-1,-1,-1,-1,-1,-1,-1,-1,-1,-1,-1,-1,-1,0,-1,-1,-1,-1,-1,-1,-1,-1,-1,-1,-1,
-1,-1,-1,-1,-1,-1,-1,-1,1,-1,-1,-1,-1,-1,-1,-1,-1,-1,-1,-1,-1,-1,-1,-1,-1,-1,-1,-1,-1,-1,-1,-1,-1,-1,-1,-1,-1,-1,-1,-1,-1,-1,-1,-1,-1,-1,-1,-1,-1,-1,-1,1,-1,-1,-1,-1,-1,-1,-1,-1,-1,-1,-1,-1,-1,-1,-1,-1,-1,-1,-1,-1,-1,-1,-1,-1,-1,-1,-1,-1,-1,-1,-1,-1,-1,-1,-1,-1,-1,-1,-1,-1,0,-1,-1,-1,-1,-1,-1,-1,-1,-1,-1,
-1,-1,-1,-1,-1,-1,-1,1,-1,1,-1,-1,-1,-1,-1,1,-1,-1,-1,-1,-1,-1,-1,-1,-1,-1,-1,-1,-1,-1,-1,-1,-1,-1,-1,1,-1,-1,-1,-1,-1,-1,-1,-1,-1,-1,-1,-1,-1,-1,-1,-1,-1,-1,-1,-1,-1,-1,-1,-1,-1,-1,-1,-1,-1,-1,-1,-1,-1,-1,-1,-1,-1,-1,-1,-1,-1,-1,-1,-1,-1,-1,-1,-1,-1,-1,-1,-1,-1,-1,-1,-1,-1,0,-1,-1,-1,-1,-1,-1,-1,-1,-1,
-1,-1,-1,-1,-1,1,-1,1,-1,-1,-1,-1,1,-1,-1,-1,1,-1,-1,-1,-1,-1,-1,-1,-1,-1,-1,-1,-1,-1,-1,-1,-1,-1,-1,-1,-1,-1,-1,-1,-1,-1,-1,-1,-1,-1,-1,-1,-1,-1,-1,-1,-1,-1,-1,-1,-1,-1,-1,-1,-1,-1,-1,-1,-1,-1,-1,-1,-1,-1,-1,-1,-1,-1,-1,-1,-1,-1,-1,-1,-1,-1,-1,-1,-1,-1,-1,-1,-1,-1,-1,-1,-1,-1,0,-1,-1,-1,-1,-1,-1,-1,-1,
-1,1,-1,1,-1,-1,-1,-1,-1,-1,-1,-1,-1,-1,-1,-1,-1,-1,-1,-1,-1,1,-1,-1,-1,-1,-1,-1,-1,-1,-1,-1,-1,-1,-1,1,-1,-1,-1,-1,-1,-1,-1,-1,-1,-1,-1,-1,-1,-1,-1,-1,-1,-1,-1,-1,-1,-1,-1,-1,-1,-1,-1,-1,-1,-1,-1,-1,-1,-1,-1,-1,-1,-1,-1,-1,-1,-1,-1,-1,-1,-1,-1,-1,-1,-1,-1,-1,-1,-1,-1,-1,-1,-1,-1,0,-1,-1,-1,-1,-1,-1,-1,
-1,-1,-1,-1,-1,-1,-1,-1,-1,-1,-1,-1,-1,-1,-1,-1,-1,-1,-1,-1,-1,-1,-1,-1,-1,-1,-1,-1,-1,-1,-1,-1,-1,-1,-1,-1,-1,-1,-1,-1,-1,-1,1,-1,-1,-1,-1,-1,-1,-1,-1,-1,-1,-1,-1,-1,-1,1,-1,-1,-1,-1,-1,-1,-1,-1,-1,-1,-1,-1,-1,-1,-1,-1,-1,-1,-1,-1,-1,-1,-1,-1,-1,-1,-1,-1,-1,-1,-1,-1,-1,-1,-1,-1,-1,-1,0,-1,-1,-1,-1,-1,-1,
-1,-1,-1,-1,-1,-1,-1,-1,-1,-1,-1,-1,-1,-1,-1,-1,-1,1,-1,-1,-1,-1,-1,-1,-1,-1,-1,-1,-1,1,-1,-1,-1,1,-1,-1,-1,-1,-1,-1,-1,-1,-1,-1,-1,-1,-1,-1,-1,-1,-1,-1,-1,-1,-1,-1,-1,-1,-1,-1,-1,-1,-1,-1,-1,-1,-1,-1,-1,-1,-1,-1,-1,-1,-1,-1,-1,-1,-1,-1,-1,-1,-1,-1,-1,-1,-1,-1,-1,1,-1,-1,-1,-1,-1,-1,-1,0,-1,-1,-1,-1,-1,
-1,-1,1,-1,-1,1,-1,-1,-1,-1,1,-1,-1,-1,-1,-1,-1,1,1,1,-1,-1,-1,-1,-1,-1,-1,-1,-1,-1,-1,-1,-1,-1,-1,-1,-1,-1,-1,-1,-1,-1,-1,-1,-1,-1,-1,-1,1,-1,-1,-1,-1,-1,-1,-1,-1,-1,-1,-1,-1,-1,-1,-1,-1,-1,-1,-1,-1,-1,-1,-1,-1,-1,-1,-1,-1,-1,-1,-1,-1,-1,-1,-1,-1,-1,-1,-1,-1,-1,-1,-1,-1,-1,-1,-1,-1,-1,0,-1,-1,-1,-1,
-1,-1,-1,-1,-1,1,-1,-1,-1,-1,-1,-1,-1,1,-1,-1,-1,-1,-1,-1,-1,-1,-1,-1,1,-1,-1,-1,-1,-1,1,-1,1,-1,-1,-1,-1,-1,-1,1,-1,-1,-1,-1,-1,-1,-1,-1,-1,-1,-1,-1,-1,-1,-1,-1,-1,-1,-1,-1,-1,-1,-1,-1,-1,-1,-1,-1,-1,-1,-1,-1,-1,-1,-1,-1,-1,-1,-1,-1,-1,-1,-1,-1,-1,-1,-1,-1,-1,-1,-1,-1,-1,-1,-1,-1,-1,-1,-1,0,-1,-1,-1,
-1,-1,-1,-1,-1,-1,-1,1,-1,-1,-1,-1,1,-1,-1,-1,-1,-1,-1,-1,-1,-1,-1,1,-1,-1,-1,-1,-1,1,-1,-1,-1,-1,-1,-1,-1,-1,-1,-1,1,-1,-1,-1,-1,-1,-1,-1,-1,-1,-1,-1,-1,-1,-1,-1,-1,-1,-1,-1,-1,-1,-1,-1,-1,-1,-1,-1,-1,-1,-1,-1,-1,-1,-1,-1,-1,-1,-1,-1,-1,-1,-1,-1,-1,-1,-1,-1,-1,-1,-1,-1,-1,-1,-1,-1,-1,-1,-1,-1,0,-1,-1,
-1,-1,-1,-1,-1,-1,-1,-1,-1,1,-1,-1,-1,-1,-1,-1,-1,-1,-1,-1,-1,-1,-1,-1,-1,-1,-1,-1,-1,-1,-1,-1,-1,-1,-1,1,-1,-1,-1,-1,-1,-1,-1,-1,-1,-1,-1,-1,-1,-1,-1,-1,-1,-1,-1,-1,-1,-1,-1,-1,-1,-1,-1,-1,-1,-1,-1,-1,-1,-1,-1,-1,-1,-1,-1,-1,-1,-1,-1,-1,-1,-1,-1,-1,-1,-1,-1,-1,-1,-1,-1,-1,-1,-1,-1,-1,-1,-1,-1,-1,-1,0,-1,
-1,-1,-1,-1,-1,1,-1,-1,-1,-1,-1,-1,-1,-1,-1,-1,-1,-1,-1,-1,1,1,-1,-1,-1,-1,-1,-1,-1,-1,-1,-1,1,-1,-1,-1,-1,-1,1,-1,-1,-1,-1,-1,-1,-1,-1,-1,-1,-1,-1,-1,-1,-1,-1,-1,-1,-1,-1,-1,-1,-1,-1,-1,-1,-1,-1,-1,-1,-1,-1,-1,-1,-1,-1,-1,-1,-1,-1,-1,-1,-1,-1,-1,-1,-1,-1,-1,-1,-1,-1,-1,-1,-1,-1,-1,-1,-1,-1,-1,-1,-1,0,

(41,0)
(42,1)
(40,2)
(42,3)
(40,4)
(40,5)
(40,6)
(40,7)
(41,8)
(40,9)
(40,10)
(42,11)
(40,12)
(41,13)
(40,14)
(42,15)
(42,16)
(41,17)
(42,18)
(40,19)
(89,2)
(73,5)
(57,1)
(65,13)
(46,19)
(31,11)
(32,18)
(82,5)
(78,0)
(94,5)
(37,19)
(72,11)
(81,15)
(89,0)
(82,7)
(36,4)
(32,16)
(64,1)
(40,17)
(67,6)
(49,14)
(50,9)
(83,0)
(64,5)
(86,14)
(46,0)
(66,11)
(62,4)
(67,11)
(75,19)
(98,11)
(84,19)
(70,17)
(64,15)
(36,10)
(52,16)
(99,5)
(54,0)
(58,5)
(96,5)
(81,15)
(74,6)
(67,9)
(31,12)
(45,14)
(66,9)
(57,3)
(47,4)
(60,12)
(59,8)
(59,19)
(45,4)
(61,14)
(77,19)
(82,1)
(41,2)
(67,12)
(30,13)
(78,16)
(88,19)
(82,9)
(54,15)
(43,1)
(100,5)
(60,2)
(102,3)
(93,5)
(102,18)
(39,11)
(92,1)
(102,5)
(80,18)
(49,5)
(53,0)
(37,2)
(57,10)
(32,8)
(50,1)
(78,4)
(77,7)
(69,1)
(47,2)
(49,9)
(63,8)
(95,1)
(46,18)
(83,18)
(71,1)
(91,12)
(35,0)
(33,18)
(89,10)
(45,7)
(83,3)
(79,16)
(69,14)
(98,16)
(76,15)
(74,4)
(75,15)
(74,0)
(84,18)
(45,15)
(70,19)
(53,3)
(93,3)
(50,3)
(44,12)
(78,5)
(43,7)
(81,11)
(65,0)
(35,2)
(54,19)
(70,16)
(101,6)
(73,7)
(78,8)
(82,11)
(86,16)
(89,11)
(97,18)
(102,5)
(81,5)
(76,5)
(76,8)
(69,17)
(91,6)
(45,0)
(86,16)
(40,5)
(62,7)
(65,14)
(98,9)
(54,3)
(50,9)
(89,0)
(93,2)
(43,4)
(96,0)
(30,4)
(82,18)
(45,8)
(39,8)
(59,6)
(52,19)
(49,11)
(91,19)
(40,4)
(102,10)
(56,12)
(83,2)
(100,8)
(70,5)
(42,0)
(39,2)
(47,1)
(62,2)
(56,8)
(93,0)
(70,3)
(61,13)
(86,13)
(97,17)
(49,6)
(54,9)
(61,2)
(76,3)
(73,17)
(67,14)
(97,1)
(78,0)
(63,5)
(39,6)
(63,1)
(50,2)
(50,3)
(41,8)
(66,10)
(56,16)
(30,13)
(57,0)
(61,5)
(92,9)
(38,15)
(80,2)
(92,17)
(32,8)
(35,12)
(76,1)
(101,2)
(79,3)
(81,4)
(100,10)
(42,3)
(36,5)
(94,6)
(31,10)
(86,19)
(39,12)
(44,4)
(86,0)
(49,13)
(81,10)
(87,4)
(30,9)
(58,14)
(61,4)
(33,0)
(100,18)
(45,2)
(88,3)
(54,9)
(77,3)
(63,0)
(77,0)
(57,13)
(41,18)
(76,1)
(102,1)
(41,0)
(78,3)
(99,14)
(99,2)
(72,2)
(80,8)
(37,2)
(48,10)
(56,15)
(56,1)
(67,17)
(59,13)
(92,19)
(30,2)
(82,0)
(50,14)
(45,4)
(43,15)
(61,3)
(93,13)
(87,19)
(101,2)
(71,3)
(52,4)
(80,5)
(75,10)
(81,0)
(67,12)
(47,0)
(39,0)
(45,0)
(54,10)
(99,12)
(96,6)
(100,19)
(49,2)
(38,11)
(80,4)
(37,6)
(61,7)
(98,2)
(33,9)
(43,0)
(69,0)
(51,8)
(64,15)
(47,1)
(48,13)
(34,12)
(62,8)
(33,2)
(79,18)
(101,7)
(57,0)
(72,0)
(68,5)
(88,1)
(100,7)
(93,7)
(49,12)
(60,7)
(71,19)
(64,4)
(60,6)
(73,4)
(67,17)
(101,15)
(57,14)
(74,14)
(70,15)
(82,15)
(79,3)
(63,11)
(89,7)
(51,7)
(79,10)
(89,0)
(57,10)
(73,0)
(47,4)
(76,3)
(94,4)
(91,5)
(47,4)
(45,9)
(66,8)
(90,8)
(86,18)
(69,13)
(95,3)
(33,7)
(62,7)
(71,11)
(87,4)
(94,6)
(80,11)
(37,4)
(87,14)
(90,6)
(69,4)
(60,13)
(98,10)
(41,15)
(59,9)
(41,19)
(95,6)
(101,4)
(65,6)
(45,15)
(56,1)
(55,16)
(42,2)
(56,8)
(76,1)
(78,8)
(46,5)
(102,8)
(94,6)
(34,0)
(71,0)
(32,1)
(42,8)
(62,10)
(98,7)
(67,12)
(79,4)
(78,17)
(81,15)
(95,19)
(72,6)
(38,17)
(63,18)
(66,6)
(70,6)
(83,18)
(30,1)
(71,17)
(40,0)
(91,18)
(88,9)
(41,11)
(35,3)
(73,4)
(92,5)
(67,1)
(47,3)
(88,9)
(78,5)
(43,3)
(34,11)
(76,18)
(45,18)
(78,0)
(36,18)
(97,12)
(34,4)
(36,4)
(92,2)
(72,18)
(98,14)
(66,19)
(60,0)
(52,8)
(71,7)
(42,10)
(31,7)
(102,1)
(44,3)
(78,8)
(71,4)
(73,0)
(68,6)
(65,6)
(62,12)
(102,16)
(30,7)
(75,15)
(36,3)
(97,9)
(84,14)
(62,0)
(65,19)
(33,3)
(39,18)
(96,1)
(99,0)
(66,6)
(71,18)
(37,1)
(83,15)
(80,10)
(80,14)
(100,15)
(65,5)
(100,1)
(63,4)
(61,17)
(59,19)
(102,4)
(63,12)
(96,5)
(102,10)
(57,16)
(78,0)
(79,4)
(48,2)
(71,6)
(45,7)
(90,8)
(85,2)
(88,1)
(49,7)
(87,17)
(53,2)
(96,12)
(100,10)
(72,5)
(99,6)
(64,2)
(62,0)
(64,18)
(74,16)
(45,12)
(56,1)
(86,10)
(36,13)
(51,13)
(33,0)
(38,13)
(93,0)
(32,5)
(58,4)
(102,7)
(82,5)
(42,19)
(54,12)
(89,9)
(96,3)
(49,16)
(36,11)
(44,9)
(36,7)
(75,17)
(63,8)
(59,0)
(53,0)
(89,1)
(59,5)
(34,19)
(57,16)
(95,8)
(50,19)
(50,17)
(62,1)
(46,4)
(45,0)
(48,8)
(53,1)
(92,13)
(38,6)
(54,17)
(34,13)
(43,17)
(76,19)
(87,0)
(94,5)
(35,1)
(51,17)
(36,0)
(80,14)
(62,5)
(78,2)
(85,1)
(96,13)
(62,3)
(78,14)
(77,17)
(64,19)
(75,2)
(81,5)
(88,8)
(47,0)
(55,12)
(97,11)
(90,18)
(81,8)
(44,4)
(96,10)
(69,19)
(100,3)
(52,9)
(66,8)
(48,7)
(51,1)
(30,1)
(49,12)
(79,7)
(43,10)
(38,8)
(90,0)
(37,8)
(35,0)
(97,0)
(69,11)
(74,8)
(46,4)
(57,0)
(84,2)
(54,5)
(54,4)
(46,10)
(59,8)
(35,16)
(65,3)
(96,9)
(47,7)
(57,0)
(93,12)
(31,16)
(52,10)
(52,15)
(49,12)
(54,8)
(53,7)
(84,9)
(91,15)
(101,4)
(34,13)
(32,0)
(100,10)
(42,14)
(90,3)
(82,0)
(40,1)
(44,1)
(46,13)
(66,1)
(60,5)
(91,3)
(71,1)
(44,8)
(76,12)
(35,11)
(76,19)
(87,9)
(82,7)
(67,4)
(33,1)
(75,2)
(36,16)
(50,11)
(35,16)
(101,4)
(47,8)
(57,14)
(38,9)
(70,2)
(61,9)
(44,7)
(34,8)
(43,9)
(36,10)
(90,6)
(86,8)
(97,1)
(55,1)
(102,17)
(66,14)
(87,8)
(101,1)
(40,0)
(40,11)
(78,0)
(47,2)
(97,0)
(34,1)
(33,8)
(70,4)
(94,16)
(32,7)
(41,17)
(76,15)
(69,7)
(84,9)
(76,4)
(49,0)
(93,14)
(82,6)
(50,13)
(86,10)
(76,14)
(81,7)
(44,2)
(101,12)
(47,7)
(60,1)
(75,11)
(72,16)
(81,1)
(95,0)
(83,2)
(43,1)
(62,4)
(62,1)
(65,15)
(61,12)
(85,13)
(41,1)
(71,10)
(44,0)
(37,2)
(52,1)
(96,7)
(48,18)
(47,2)
(96,6)
(43,4)
(36,8)
(48,6)
(35,6)
(83,14)
(79,16)
(83,9)
(74,11)
(42,15)
(75,14)
(87,19)
(58,11)
(80,15)
(101,1)
(51,8)
(98,2)
(31,4)
(90,7)
(84,9)
(67,14)
(94,17)
(62,18)
(101,11)
(78,13)
(96,11)
(75,2)
(33,4)
(86,17)
(92,17)
(45,1)
(93,2)
(83,16)
(52,3)
(81,6)
(72,7)
(80,15)
(87,0)
(62,0)
(102,17)
(35,9)
(88,3)
(96,4)
(55,15)
(33,7)
(58,0)
(61,2)
(70,15)
(61,13)
(61,0)
(33,15)
(43,7)
(93,15)
(55,6)
(49,13)
(37,0)
(35,4)
(50,1)
(88,8)
(83,3)
(68,2)
(52,12)
(97,3)
(96,3)
(55,17)
(35,8)
(49,2)
(76,6)
(73,9)
(63,13)
(84,3)
(48,7)
(77,11)
(50,2)
(79,9)
(32,16)
(68,3)
(92,17)
(47,13)
(47,11)
(93,0)
(94,6)
(65,8)
(61,0)
(49,18)
(65,8)
(91,12)
(70,0)
(52,4)
(79,5)
(67,14)
(86,16)
(35,6)
(59,4)
(94,1)
(44,7)
(69,16)
(87,14)
(54,3)
(43,1)
(94,10)
(69,1)
(90,3)
(67,10)
(94,14)
(33,18)
(96,15)
(101,5)
(32,19)
(62,18)
(102,1)
(53,3)
(75,0)
(65,8)
(59,17)
(43,7)
(32,3)
(51,16)
(96,4)
(58,0)
(57,18)
(47,3)
(89,10)
(78,5)
(64,4)
(49,15)
(36,6)
(43,4)
(96,3)
(77,14)
(56,19)
(92,0)
(96,18)
(66,14)
(77,5)
(65,0)
(53,11)
(77,1)
(72,0)
(49,12)
(66,14)
(72,5)
(72,9)
(44,17)
(74,9)
(102,7)
(79,4)
(83,4)
(89,1)
(102,13)
(58,16)
(39,3)
(56,2)
(36,17)
(65,0)
(42,4)
(45,1)
(65,19)
(39,15)
(81,15)
(98,19)
(47,14)
(60,10)
(52,19)
(73,5)
(65,9)
(49,13)
(97,0)
(72,5)
(47,18)
(94,18)
(52,8)
(91,8)
(101,3)
(93,6)
(89,13)
(44,1)
(97,13)
(75,11)
(51,0)
(45,0)
(100,12)
(35,0)
(41,1)
(90,0)
(95,17)
(97,9)
(48,5)
(102,10)
(72,7)
(76,1)
(53,6)
(68,7)
(91,0)
(45,12)
(73,12)
(82,5)
(71,6)
(36,2)
(81,4)
(51,0)
(78,1)
(38,6)
(35,1)
(36,3)
(69,9)
(41,4)
(73,8)
(51,13)
(71,11)
(66,4)
(48,17)
(53,0)
(91,12)
(94,6)
(33,13)
(38,10)
(47,2)
(45,0)
(60,19)
(30,16)
(95,5)
(53,10)
(53,4)
(70,2)
(40,4)
(72,7)
(53,12)
(58,10)
(40,6)
(102,6)
(98,8)
(53,19)
(94,0)
(33,11)
(34,15)
(77,12)
(85,9)
(51,4)
(33,9)
(37,12)
(77,3)
(101,3)
(73,10)
(35,12)
(78,0)
(75,11)
(63,16)
(49,1)
(59,1)
(76,13)
(35,19)
(44,3)
(54,4)
(36,12)
(92,0)
(87,18)
(93,0)
(33,17)
(94,6)
(85,18)
(54,13)
(47,2)
(96,0)
(96,5)
(67,13)
(60,18)
(53,11)
(54,0)
(60,1)
(89,3)
(91,2)
(70,14)
(54,11)
(38,16)
(62,9)
(55,2)
(46,0)
(77,16)
(60,6)
(65,10)
(99,6)
(99,8)
(38,6)
(40,15)
(39,7)
(92,19)
(45,8)
(79,2)
(77,1)
(76,5)
(73,13)
(64,6)
(102,17)
(99,0)
(96,3)
(88,8)
(45,18)
(70,5)
(48,15)
(56,9)
(33,16)
(76,5)
(76,0)
(41,19)
(85,14)
(62,6)
(35,9)
(87,0)
(97,19)
(51,2)
(50,14)
(98,1)
(45,4)
(63,12)
(94,0)
(68,5)
(40,14)
(38,19)
(43,4)
(37,1)
(56,4)
(52,3)
(87,1)
(46,5)
(87,9)
(53,3)
(56,3)
(77,5)
(93,7)
(99,13)
(47,7)
(51,17)
(40,5)
(52,3)
(57,15)
(31,18)
(93,10)
(86,0)
(101,6)
(41,1)
(43,2)
(31,3)
(96,18)
(91,0)
(98,12)
(59,3)
(68,9)
(74,0)
(63,15)
(68,1)
(78,2)
(40,9)
(39,14)
(62,4)
(74,17)
(70,2)
(97,12)
(90,16)
(32,7)
(31,11)
(87,1)
(100,9)
(44,14)
(94,11)
(77,11)
(35,14)
(91,7)
(50,4)
(47,2)
(75,0)
(92,9)
(68,6)
(46,7)
(87,14)
(50,6)
(69,3)
(78,19)
(76,1)
(55,7)
(34,0)
(64,0)
(45,12)
(97,1)
(61,1)
(89,3)
(45,0)
(78,10)
(33,7)
(73,10)
(96,0)
(87,13)
(93,3)
(38,3)
(95,4)
(98,2)
(84,18)
(41,1)
(90,12)
(101,0)
(78,0)
(72,15)
(42,5)
(52,5)
(74,6)
(56,4)
(69,3)
(32,19)
(46,19)
(75,18)
(100,2)
(80,0)
(39,4)
(86,7)
(68,0)
(99,9)
(39,6)
(57,5)
(98,9)
(70,1)
(33,9)
(67,16)
(97,16)
(53,5)
(89,15)
(93,3)
(91,0)
(75,1)
(65,10)
(39,1)
(48,3)
(59,5)
(90,7)
(30,6)
(54,15)
(50,12)
(42,0)
(80,4)
(93,6)
(54,12)
(91,10)
(96,17)
(80,2)
(97,18)
(86,18)
(102,12)
(93,1)
(39,9)
(33,15)
(74,12)
(91,1)
(75,2)
(79,19)
(74,9)
(39,1)
(87,7)
(41,6)
(48,0)
(49,3)
(51,7)
(57,6)
(70,4)
(85,2)
(31,15)
(88,3)
(44,11)
(57,7)
(90,1)
(60,12)
(51,9)
(62,14)
(56,15)
(36,2)
(75,6)
(97,5)
(86,6)
(40,10)
(48,5)
(55,19)
(43,10)
(59,2)
(32,12)
(68,9)
(73,1)
(71,13)
(59,9)
(95,0)
(99,0)
(39,4)
(33,1)
(78,7)
(67,7)
(100,11)
(73,5)
(83,3)
(67,2)
(87,0)
(64,19)
(52,1)
(52,1)
(60,18)
(67,18)
(30,8)
(54,7)
(31,3)
(50,12)
(50,8)
(42,1)
(102,6)
(71,10)
(49,9)
(87,4)
(32,4)
(99,19)
(43,0)
(43,0)
(43,1)
(59,19)
(71,0)
(72,4)
(61,15)
(32,16)
(39,18)
(50,12)
(62,8)
(90,0)
(102,0)
(43,1)
(91,1)
(60,1)
(95,9)
(72,18)
(72,6)
(53,8)
(85,0)
(49,0)
(86,15)
(100,8)
(36,19)
(38,2)
(65,14)
(50,1)
(71,10)
(63,6)
(58,3)
(58,4)
(50,4)
(40,17)
(58,19)
(62,3)
(70,13)
(66,8)
(33,16)
(72,6)
(99,7)
(38,9)
(93,3)
(40,0)
(71,7)
(92,10)
(53,8)
(67,3)
(99,8)
(34,14)
(72,6)
(61,8)
(57,2)
(59,4)
(88,1)
(38,4)
(72,8)
(47,1)
(45,15)
(101,2)
(78,12)
(37,13)
(81,10)
(81,8)
(34,1)
(96,7)
(67,0)
(66,0)
(94,9)
(90,9)
(86,15)
(48,19)
(39,11)
(72,18)
(94,17)
(49,18)
(38,18)
(44,1)
(53,11)
(60,14)
(74,4)
(73,18)
(95,5)
(78,0)
(66,9)
(37,7)
(36,0)
(87,5)
(89,3)
(97,17)
(89,6)
(32,18)
(69,16)
(90,10)
(44,13)
(81,6)
(56,1)
(60,4)
(56,7)
(52,18)
(51,1)
(95,10)
(88,11)
(66,2)
(57,18)
(66,4)
(92,18)
(40,16)
(53,2)
(76,0)
(49,11)
(48,6)
(54,15)
(39,14)
(84,1)
(92,1)
(67,19)
(98,7)
(52,8)
(96,17)
(58,8)
(40,3)
(101,6)
(50,0)
(87,11)
(81,1)
(40,6)
(69,0)
(36,15)
(60,9)
(38,15)
(101,14)
(74,17)
(96,4)
(30,14)
(41,3)
(56,17)
(86,8)
(55,14)
(56,4)
(34,4)
(47,14)
(59,4)
(71,7)
(88,10)
(62,2)
(82,2)
(38,2)
(98,16)
(92,6)
(89,14)
(36,3)
(50,13)
(49,0)
(72,10)
(54,2)
(99,11)
(40,19)
(56,1)
(96,5)
(50,6)
(62,7)
(74,3)
(98,3)
(36,9)
(35,0)
(83,1)
(90,8)
(92,9)
(77,6)
(101,8)
(88,6)
(57,3)
(85,10)
(73,6)
(46,4)
(91,2)
(87,2)
(45,8)
(96,10)
(37,13)
(31,0)
(50,0)
(101,6)
(88,10)
(72,7)
(51,0)
(94,8)
(85,11)
(53,15)
(58,18)
(38,3)
(85,19)
(58,11)
(53,9)
(94,6)
(57,4)
(84,17)
(100,13)
(83,11)
(89,5)
(52,9)
(74,2)
(80,2)
(54,17)
(68,7)
(65,6)
(31,12)
(81,1)
(47,4)
(30,2)
(84,5)
(69,11)
(30,14)
(35,17)
(62,5)
(66,3)
(85,2)
(51,9)
(66,2)
(84,14)
(42,11)
(56,3)
(67,2)
(99,18)
(64,12)
(102,1)
(33,4)
(50,17)
(45,2)
(48,19)
(97,4)
(36,2)
(58,5)
(91,14)
(51,17)
(57,1)
(69,7)
(94,8)
(72,12)
(82,8)
(86,16)
(81,0)
(69,4)
(40,13)
(83,7)
(63,0)
(39,15)
(73,2)
(78,14)
(58,10)
(82,4)
(91,10)
(76,5)
(43,3)
(93,0)
(77,12)
(55,19)
(43,19)
(84,16)
(68,0)
(80,17)
(36,11)
(94,13)
(100,4)
(66,16)
(37,9)
(43,4)
(63,12)
(51,12)
(83,4)
(65,4)
(80,5)
(40,6)
(88,1)
(90,12)
(92,9)
(92,1)
(86,9)
(31,19)
(63,5)
(50,1)
(59,4)
(91,5)
(82,6)
(85,4)
(50,19)
(55,17)
(55,2)
(98,11)
(57,17)
(61,5)
(81,8)
(81,12)
(50,15)
(34,3)
(81,0)
(52,15)
(84,5)
(48,13)
(58,2)
(99,19)
(47,3)
(96,11)
(63,3)
(67,18)
(86,18)
(99,1)
(101,3)
(84,5)
(71,18)
(88,19)
(31,18)
(98,6)
(47,8)
(41,9)
(46,14)
(65,16)
(36,13)
(44,12)
(41,16)
(97,19)
(89,6)
(81,0)
(93,3)
(94,14)
(38,4)
(82,0)
(52,12)
(52,7)
(69,0)
(73,10)
(95,1)
(43,13)
(64,10)
(99,3)
(47,19)
(94,13)
(31,10)
(95,3)
(94,4)
(101,7)
(61,19)
(43,18)
(68,4)
(82,10)
(34,19)
(88,15)
(71,17)
(55,13)
(59,7)
(85,7)
(39,17)
(99,1)
(44,6)
(81,11)
(82,19)
(33,8)
(45,1)
(51,1)
(40,12)
(89,2)
(47,15)
(96,6)
(94,15)
(41,17)
(87,15)
(41,17)
(60,3)
(82,17)
(59,17)
(102,12)
(41,10)
(100,1)
(93,8)
(32,2)
(61,16)
(63,6)
(61,1)
(83,10)
(76,0)
(77,1)
(91,6)
(54,3)
(95,5)
(64,0)
(50,2)
(84,0)
(41,7)
(98,2)
(66,11)
(56,9)
(75,9)
(101,8)
(37,0)
(73,1)
(84,16)
(97,16)
(64,2)
(68,0)
(65,8)
(65,5)
(34,16)
(81,6)
(47,5)
(94,6)
(61,5)
(97,14)
(61,13)
(98,1)
(52,8)
(85,5)
(51,12)
(35,6)
(71,0)
(41,15)
(35,0)
(97,9)
(55,4)
(99,2)
(33,10)
(57,15)
(42,2)
(30,13)
(37,8)
(68,4)
(77,0)
(79,19)
(49,1)
(67,7)
(41,2)
(52,15)
(68,3)
(83,5)
(34,1)
(64,15)
(95,9)
(39,2)
(88,13)
(36,19)
(80,0)
(43,18)
(83,14)
(80,12)
(101,8)
(94,0)
(57,9)
(47,17)
(52,5)
(77,16)
(43,8)
(85,8)
(81,5)
(77,4)
(51,14)
(47,6)
(47,2)
(47,14)
(75,3)
(88,2)
(43,11)
(78,16)
(54,5)
(83,18)
(42,6)
(35,18)
(61,18)
(85,11)
(67,0)
(79,13)
(54,19)
(58,4)
(60,0)
(73,2)
(33,2)
(88,0)
(83,2)
(59,8)
(38,18)
(47,1)
(73,8)
(55,14)
(36,3)
(97,2)
(84,13)
(101,13)
(95,2)
(55,19)
(97,9)
(73,2)
(83,13)
(78,1)
(69,1)
(66,3)
(69,15)
(83,16)
(69,10)
(81,15)
(97,4)
(34,1)
(101,2)
(96,5)
(76,3)
(33,4)
(47,19)
(70,14)
(79,16)
(63,13)
(76,0)
(94,7)
(30,10)
(45,14)
(54,5)
(54,9)
(33,4)
(51,10)
(72,0)
(80,17)
(80,1)
(49,9)
(53,8)
(78,18)
(69,8)
(31,0)
(64,14)
(77,5)
(44,0)
(70,18)
(76,1)
(63,0)
(49,14)
(63,5)
(92,6)
(61,15)
(79,12)
(102,11)
(83,13)
(46,18)
(42,1)
(31,3)
(84,6)
(78,5)
(64,11)
(96,4)
(32,9)
(85,17)
(86,17)
(69,0)
(92,16)
(101,4)
(96,14)
(97,1)
(52,10)
(96,1)
(68,3)
(51,1)
(59,8)
(62,14)
(90,0)
(56,16)
(92,3)
(99,17)
(57,17)
(79,4)
(55,16)
(89,12)
(91,13)
(101,19)
(71,6)
(77,17)
(88,8)
(73,8)
(75,9)
(70,5)
(71,2)
(75,1)
(98,2)
(39,12)
(56,0)
(68,19)
(80,1)
(36,3)
(39,4)
(83,3)
(59,10)
(88,12)
(31,3)
(102,15)
(78,13)
(32,0)
(65,5)
(73,9)
(82,8)
(90,14)
(30,11)
(89,13)
(91,4)
(54,3)
(91,2)
(64,4)
(80,0)
(84,14)
(46,0)
(75,16)
(78,0)
(47,4)
(81,7)
(68,11)
(91,10)
(76,3)
(61,3)
(49,1)
(62,12)
(39,1)
(40,1)
(30,2)
(55,0)
(55,15)
(57,12)
(61,4)
(100,0)
(94,2)
(62,0)
(70,1)
(42,10)
(85,4)
(48,1)
(70,4)
(64,1)
(92,1)
(96,0)
(47,7)
(81,0)
(60,14)
(58,1)
(69,4)
(90,15)
(84,11)
(81,13)
(57,12)
(91,10)
(31,19)
(67,3)
(70,1)
(69,15)
(46,3)
(89,2)
(51,11)
(77,8)
(67,4)
(52,7)
(85,16)
(84,7)
(48,4)
(94,16)
(36,15)
(38,10)
(74,13)
(38,13)
(74,10)
(48,2)
(63,0)
(70,7)
(58,0)
(32,12)
(34,13)
(49,0)
(43,0)
(63,11)
(67,13)
(83,16)
(82,10)
(66,5)
(62,2)
(85,4)
(49,7)
(69,0)
(99,1)
(88,8)
(44,4)
(32,2)
(70,3)
(30,0)
(92,7)
(97,1)
(91,11)
(61,5)
(92,13)
(41,1)
(94,15)
(91,14)
(79,6)
(57,10)
(88,13)
(92,12)
(36,11)
(67,16)
(74,1)
(43,8)
(46,4)
(40,8)
(83,18)
(53,2)
(32,2)
(97,7)
(99,6)
(59,2)
(89,8)
(89,13)
(36,9)
(66,5)
(85,10)
(56,3)
(69,1)
(90,1)
(36,8)
(51,0)
(88,4)
(80,1)
(64,10)
(79,6)
(56,1)
(45,2)
(47,7)
(53,6)
(58,7)
(74,17)
(58,12)
(70,18)
(48,8)
(52,19)
(85,2)
(90,14)
(81,2)
(96,2)
(71,3)
(60,8)
(77,19)
(45,18)
(67,19)
(48,15)
(62,8)
(68,3)
(51,7)
(39,14)
(67,0)
(82,0)
(50,10)
(46,9)
(58,4)
(95,18)
(43,9)
(57,9)
(95,3)
(82,4)
(64,15)
(92,1)
(32,15)
(100,16)
(66,2)
(91,4)
(38,1)
(72,19)
(42,8)
(88,11)
(46,6)
(33,0)
(96,3)
(65,6)
(49,0)
(81,12)
(31,0)
(57,2)
(59,0)
(88,12)
(56,0)
(70,17)
(66,17)
(63,3)
(68,0)
(44,5)
(62,1)
(86,10)
(37,1)
(53,10)
(35,12)
(61,7)
(42,11)
(99,11)
(44,5)
(88,7)
(55,1)
(41,1)
(85,16)
(63,1)
(92,4)
(30,5)
(33,2)
(72,11)
(102,2)
(80,1)
(54,16)
(60,0)
(89,2)
(87,18)
(30,4)
(72,11)
(100,1)
(99,3)
(36,1)
(52,13)
(93,3)
(61,12)
(58,6)
(73,16)
(69,0)
(61,3)
(97,11)
(102,7)
(71,1)
(62,8)
(83,16)
(87,1)
(93,9)
(48,4)
(38,13)
(69,17)
(53,5)
(45,1)
(66,8)
(92,6)
(80,0)
(101,17)
(62,12)
(77,2)
(44,6)
(63,3)
(41,0)
(88,13)
(92,4)
(70,19)
(67,16)
(100,18)
(78,1)
(54,7)
(59,9)
(42,2)
(90,14)
(39,18)
(40,19)
(39,6)
(72,19)
(86,19)
(94,3)
(45,5)
(36,5)
(58,7)
(74,1)
(88,1)
(59,1)
(70,7)
(64,16)
(59,0)
(32,6)
(76,4)
(78,14)
(42,10)
(72,6)
(58,13)
(95,1)
(75,4)
(42,16)
(37,19)
(30,10)
(61,8)
(55,10)
(33,16)
(83,7)
(81,8)
(96,10)
(97,15)
(101,3)
(44,13)
(73,19)
(100,12)
(101,2)
(33,15)
(87,0)
(47,8)
(45,12)
(39,0)
(75,12)
(62,8)
(67,10)
(80,17)
(45,13)
(47,4)
(74,11)
(87,5)
(99,12)
(92,0)
(36,1)
(75,17)
(89,11)
(39,5)
(43,11)
(45,4)
(100,9)
(40,19)
(45,10)
(53,9)
(60,17)
(91,3)
(66,13)
(93,19)
(64,18)
(91,6)
(71,4)
(74,14)
(40,0)
(49,5)
(87,4)
(34,9)
(84,6)
(79,0)
(101,16)
(43,7)
(72,18)
(64,3)
(89,3)
(38,2)
(84,18)
(67,4)
(85,17)
(40,13)
(82,16)
(43,12)
(94,4)
(97,4)
(54,9)
(95,16)
(82,9)
(92,9)
(41,5)
(70,16)
(37,0)
(71,0)
(80,3)
(77,11)
(60,0)
(86,17)
(97,12)
(89,3)
(57,3)
(32,2)
(66,13)
(40,8)
(40,6)
(30,5)
(70,15)
(64,7)
(47,3)
(42,6)
(49,19)
(30,5)
(99,4)
(51,1)
(71,3)
(74,1)
(32,5)
(30,15)
(86,11)
(44,17)
(66,8)
(92,16)
(82,15)
(32,18)
(34,8)
(68,6)
(31,6)
(61,10)
(81,6)
(57,13)
(54,13)
(38,12)
(63,4)
(62,3)
(57,0)
(33,13)
(42,8)
(63,4)
(85,1)
(41,17)
(59,8)
(44,0)
(75,7)
(32,14)
(97,15)
(94,5)
(59,2)
(55,11)
(54,10)
(78,8)
(71,0)
(53,1)
(66,3)
(82,11)
(90,18)
(84,6)
(48,5)
(46,5)
(30,13)
(63,11)
(56,7)
(98,8)
(30,8)
(81,11)
(98,16)
(39,9)
(85,11)
(66,0)
(51,9)
(56,0)
(87,10)
(30,0)
(50,7)
(35,3)
(73,19)
(79,1)
(59,4)
(30,3)
(100,0)
(62,1)
(55,4)
(89,4)
(89,2)
(73,18)
(52,0)
(61,7)
(68,3)
(34,18)
(40,2)
(78,18)
(41,10)
(71,15)
(34,1)
(90,19)
(69,12)
(36,15)
(82,16)
(60,11)
(67,6)
(35,15)
(79,9)
(88,6)
(99,11)
(95,5)
(34,17)
(40,10)
(100,6)
(49,1)
(82,15)
(96,14)
(62,11)
(90,8)
(89,6)
(50,7)
(43,2)
(73,8)
(31,16)
(39,2)
(52,0)
(71,1)
(80,2)
(78,11)
(34,4)
(74,5)
(88,15)
(42,16)
(40,6)
(101,11)

(41,0)
(42,1)
(40,2)
(42,3)
(40,4)
(40,5)
(40,6)
(40,7)
(41,8)
(40,9)
(40,10)
(42,11)
(40,12)
(41,13)
(40,14)
(42,15)
(42,16)
(41,17)
(42,18)
(40,19)
(89,2)
(73,5)
(57,1)
(65,13)
(46,19)
(31,11)
(32,18)
(82,5)
(78,0)
(94,5)
(37,19)
(72,11)
(81,15)
(89,0)
(82,7)
(36,4)
(32,16)
(64,1)
(40,17)
(67,6)
(49,14)
(50,9)
(83,0)
(64,5)
(86,14)
(46,0)
(66,11)
(62,4)
(67,11)
(75,19)
(98,11)
(84,19)
(70,17)
(64,15)
(36,10)
(52,16)
(99,5)
(54,0)
(58,5)
(96,5)
(81,15)
(74,6)
(67,9)
(31,12)
(45,14)
(66,9)
(57,3)
(47,4)
(60,12)
(59,8)
(59,19)
(45,4)
(61,14)
(77,19)
(82,1)
(41,2)
(67,12)
(30,13)
(78,16)
(88,19)
(82,9)
(54,15)
(43,1)
(100,5)
(60,2)
(102,3)
(93,5)
(102,18)
(39,11)
(92,1)
(102,5)
(80,18)
(49,5)
(53,0)
(37,2)
(57,10)
(32,8)
(50,1)
(78,4)
(77,7)
(69,1)
(47,2)
(49,9)
(63,8)
(95,1)
(46,18)
(83,18)
(71,1)
(91,12)
(35,0)
(33,18)
(89,10)
(45,7)
(83,3)
(79,16)
(69,14)
(98,16)
(76,15)
(74,4)
(75,15)
(74,0)
(84,18)
(45,15)
(70,19)
(53,3)
(93,3)
(50,3)
(44,12)
(78,5)
(43,7)
(81,11)
(65,0)
(35,2)
(54,19)
(70,16)
(101,6)
(73,7)
(78,8)
(82,11)
(86,16)
(89,11)
(97,18)
(102,5)
(81,5)
(76,5)
(76,8)
(69,17)
(91,6)
(45,0)
(86,16)
(40,5)
(62,7)
(65,14)
(98,9)
(54,3)
(50,9)
(89,0)
(93,2)
(43,4)
(96,0)
(30,4)
(82,18)
(45,8)
(39,8)
(59,6)
(52,19)
(49,11)
(91,19)
(40,4)
(102,10)
(56,12)
(83,2)
(100,8)
(70,5)
(42,0)
(39,2)
(47,1)
(62,2)
(56,8)
(93,0)
(70,3)
(61,13)
(86,13)
(97,17)
(49,6)
(54,9)
(61,2)
(76,3)
(73,17)
(67,14)
(97,1)
(78,0)
(63,5)
(39,6)
(63,1)
(50,2)
(50,3)
(41,8)
(66,10)
(56,16)
(30,13)
(57,0)
(61,5)
(92,9)
(38,15)
(80,2)
(92,17)
(32,8)
(35,12)
(76,1)
(101,2)
(79,3)
(81,4)
(100,10)
(42,3)
(36,5)
(94,6)
(31,10)
(86,19)
(39,12)
(44,4)
(86,0)
(49,13)
(81,10)
(87,4)
(30,9)
(58,14)
(61,4)
(33,0)
(100,18)
(45,2)
(88,3)
(54,9)
(77,3)
(63,0)
(77,0)
(57,13)
(41,18)
(76,1)
(102,1)
(41,0)
(78,3)
(99,14)
(99,2)
(72,2)
(80,8)
(37,2)
(48,10)
(56,15)
(56,1)
(67,17)
(59,13)
(92,19)
(30,2)
(82,0)
(50,14)
(45,4)
(43,15)
(61,3)
(93,13)
(87,19)
(101,2)
(71,3)
(52,4)
(80,5)
(75,10)
(81,0)
(67,12)
(47,0)
(39,0)
(45,0)
(54,10)
(99,12)
(96,6)
(100,19)
(49,2)
(38,11)
(80,4)
(37,6)
(61,7)
(98,2)
(33,9)
(43,0)
(69,0)
(51,8)
(64,15)
(47,1)
(48,13)
(34,12)
(62,8)
(33,2)
(79,18)
(101,7)
(57,0)
(72,0)
(68,5)
(88,1)
(100,7)
(93,7)
(49,12)
(60,7)
(71,19)
(64,4)
(60,6)
(73,4)
(67,17)
(101,15)
(57,14)
(74,14)
(70,15)
(82,15)
(79,3)
(63,11)
(89,7)
(51,7)
(79,10)
(89,0)
(57,10)
(73,0)
(47,4)
(76,3)
(94,4)
(91,5)
(47,4)
(45,9)
(66,8)
(90,8)
(86,18)
(69,13)
(95,3)
(33,7)
(62,7)
(71,11)
(87,4)
(94,6)
(80,11)
(37,4)
(87,14)
(90,6)
(69,4)
(60,13)
(98,10)
(41,15)
(59,9)
(41,19)
(95,6)
(101,4)
(65,6)
(45,15)
(56,1)
(55,16)
(42,2)
(56,8)
(76,1)
(78,8)
(46,5)
(102,8)
(94,6)
(34,0)
(71,0)
(32,1)
(42,8)
(62,10)
(98,7)
(67,12)
(79,4)
(78,17)
(81,15)
(95,19)
(72,6)
(38,17)
(63,18)
(66,6)
(70,6)
(83,18)
(30,1)
(71,17)
(40,0)
(91,18)
(88,9)
(41,11)
(35,3)
(73,4)
(92,5)
(67,1)
(47,3)
(88,9)
(78,5)
(43,3)
(34,11)
(76,18)
(45,18)
(78,0)
(36,18)
(97,12)
(34,4)
(36,4)
(92,2)
(72,18)
(98,14)
(66,19)
(60,0)
(52,8)
(71,7)
(42,10)
(31,7)
(102,1)
(44,3)
(78,8)
(71,4)
(73,0)
(68,6)
(65,6)
(62,12)
(102,16)
(30,7)
(75,15)
(36,3)
(97,9)
(84,14)
(62,0)
(65,19)
(33,3)
(39,18)
(96,1)
(99,0)
(66,6)
(71,18)
(37,1)
(83,15)
(80,10)
(80,14)
(100,15)
(65,5)
(100,1)
(63,4)
(61,17)
(59,19)
(102,4)
(63,12)
(96,5)
(102,10)
(57,16)
(78,0)
(79,4)
(48,2)
(71,6)
(45,7)
(90,8)
(85,2)
(88,1)
(49,7)
(87,17)
(53,2)
(96,12)
(100,10)
(72,5)
(99,6)
(64,2)
(62,0)
(64,18)
(74,16)
(45,12)
(56,1)
(86,10)
(36,13)
(51,13)
(33,0)
(38,13)
(93,0)
(32,5)
(58,4)
(102,7)
(82,5)
(42,19)
(54,12)
(89,9)
(96,3)
(49,16)
(36,11)
(44,9)
(36,7)
(75,17)
(63,8)
(59,0)
(53,0)
(89,1)
(59,5)
(34,19)
(57,16)
(95,8)
(50,19)
(50,17)
(62,1)
(46,4)
(45,0)
(48,8)
(53,1)
(92,13)
(38,6)
(54,17)
(34,13)
(43,17)
(76,19)
(87,0)
(94,5)
(35,1)
(51,17)
(36,0)
(80,14)
(62,5)
(78,2)
(85,1)
(96,13)
(62,3)
(78,14)
(77,17)
(64,19)
(75,2)
(81,5)
(88,8)
(47,0)
(55,12)
(97,11)
(90,18)
(81,8)
(44,4)
(96,10)
(69,19)
(100,3)
(52,9)
(66,8)
(48,7)
(51,1)
(30,1)
(49,12)
(79,7)
(43,10)
(38,8)
(90,0)
(37,8)
(35,0)
(97,0)
(69,11)
(74,8)
(46,4)
(57,0)
(84,2)
(54,5)
(54,4)
(46,10)
(59,8)
(35,16)
(65,3)
(96,9)
(47,7)
(57,0)
(93,12)
(31,16)
(52,10)
(52,15)
(49,12)
(54,8)
(53,7)
(84,9)
(91,15)
(101,4)
(34,13)
(32,0)
(100,10)
(42,14)
(90,3)
(82,0)
(40,1)
(44,1)
(46,13)
(66,1)
(60,5)
(91,3)
(71,1)
(44,8)
(76,12)
(35,11)
(76,19)
(87,9)
(82,7)
(67,4)
(33,1)
(75,2)
(36,16)
(50,11)
(35,16)
(101,4)
(47,8)
(57,14)
(38,9)
(70,2)
(61,9)
(44,7)
(34,8)
(43,9)
(36,10)
(90,6)
(86,8)
(97,1)
(55,1)
(102,17)
(66,14)
(87,8)
(101,1)
(40,0)
(40,11)
(78,0)
(47,2)
(97,0)
(34,1)
(33,8)
(70,4)
(94,16)
(32,7)
(41,17)
(76,15)
(69,7)
(84,9)
(76,4)
(49,0)
(93,14)
(82,6)
(50,13)
(86,10)
(76,14)
(81,7)
(44,2)
(101,12)
(47,7)
(60,1)
(75,11)
(72,16)
(81,1)
(95,0)
(83,2)
(43,1)
(62,4)
(62,1)
(65,15)
(61,12)
(85,13)
(41,1)
(71,10)
(44,0)
(37,2)
(52,1)
(96,7)
(48,18)
(47,2)
(96,6)
(43,4)
(36,8)
(48,6)
(35,6)
(83,14)
(79,16)
(83,9)
(74,11)
(42,15)
(75,14)
(87,19)
(58,11)
(80,15)
(101,1)
(51,8)
(98,2)
(31,4)
(90,7)
(84,9)
(67,14)
(94,17)
(62,18)
(101,11)
(78,13)
(96,11)
(75,2)
(33,4)
(86,17)
(92,17)
(45,1)
(93,2)
(83,16)
(52,3)
(81,6)
(72,7)
(80,15)
(87,0)
(62,0)
(102,17)
(35,9)
(88,3)
(96,4)
(55,15)
(33,7)
(58,0)
(61,2)
(70,15)
(61,13)
(61,0)
(33,15)
(43,7)
(93,15)
(55,6)
(49,13)
(37,0)
(35,4)
(50,1)
(88,8)
(83,3)
(68,2)
(52,12)
(97,3)
(96,3)
(55,17)
(35,8)
(49,2)
(76,6)
(73,9)
(63,13)
(84,3)
(48,7)
(77,11)
(50,2)
(79,9)
(32,16)
(68,3)
(92,17)
(47,13)
(47,11)
(93,0)
(94,6)
(65,8)
(61,0)
(49,18)
(65,8)
(91,12)
(70,0)
(52,4)
(79,5)
(67,14)
(86,16)
(35,6)
(59,4)
(94,1)
(44,7)
(69,16)
(87,14)
(54,3)
(43,1)
(94,10)
(69,1)
(90,3)
(67,10)
(94,14)
(33,18)
(96,15)
(101,5)
(32,19)
(62,18)
(102,1)
(53,3)
(75,0)
(65,8)
(59,17)
(43,7)
(32,3)
(51,16)
(96,4)
(58,0)
(57,18)
(47,3)
(89,10)
(78,5)
(64,4)
(49,15)
(36,6)
(43,4)
(96,3)
(77,14)
(56,19)
(92,0)
(96,18)
(66,14)
(77,5)
(65,0)
(53,11)
(77,1)
(72,0)
(49,12)
(66,14)
(72,5)
(72,9)
(44,17)
(74,9)
(102,7)
(79,4)
(83,4)
(89,1)
(102,13)
(58,16)
(39,3)
(56,2)
(36,17)
(65,0)
(42,4)
(45,1)
(65,19)
(39,15)
(81,15)
(98,19)
(47,14)
(60,10)
(52,19)
(73,5)
(65,9)
(49,13)
(97,0)
(72,5)
(47,18)
(94,18)
(52,8)
(91,8)
(101,3)
(93,6)
(89,13)
(44,1)
(97,13)
(75,11)
(51,0)
(45,0)
(100,12)
(35,0)
(41,1)
(90,0)
(95,17)
(97,9)
(48,5)
(102,10)
(72,7)
(76,1)
(53,6)
(68,7)
(91,0)
(45,12)
(73,12)
(82,5)
(71,6)
(36,2)
(81,4)
(51,0)
(78,1)
(38,6)
(35,1)
(36,3)
(69,9)
(41,4)
(73,8)
(51,13)
(71,11)
(66,4)
(48,17)
(53,0)
(91,12)
(94,6)
(33,13)
(38,10)
(47,2)
(45,0)
(60,19)
(30,16)
(95,5)
(53,10)
(53,4)
(70,2)
(40,4)
(72,7)
(53,12)
(58,10)
(40,6)
(102,6)
(98,8)
(53,19)
(94,0)
(33,11)
(34,15)
(77,12)
(85,9)
(51,4)
(33,9)
(37,12)
(77,3)
(101,3)
(73,10)
(35,12)
(78,0)
(75,11)
(63,16)
(49,1)
(59,1)
(76,13)
(35,19)
(44,3)
(54,4)
(36,12)
(92,0)
(87,18)
(93,0)
(33,17)
(94,6)
(85,18)
(54,13)
(47,2)
(96,0)
(96,5)
(67,13)
(60,18)
(53,11)
(54,0)
(60,1)
(89,3)
(91,2)
(70,14)
(54,11)
(38,16)
(62,9)
(55,2)
(46,0)
(77,16)
(60,6)
(65,10)
(99,6)
(99,8)
(38,6)
(40,15)
(39,7)
(92,19)
(45,8)
(79,2)
(77,1)
(76,5)
(73,13)
(64,6)
(102,17)
(99,0)
(96,3)
(88,8)
(45,18)
(70,5)
(48,15)
(56,9)
(33,16)
(76,5)
(76,0)
(41,19)
(85,14)
(62,6)
(35,9)
(87,0)
(97,19)
(51,2)
(50,14)
(98,1)
(45,4)
(63,12)
(94,0)
(68,5)
(40,14)
(38,19)
(43,4)
(37,1)
(56,4)
(52,3)
(87,1)
(46,5)
(87,9)
(53,3)
(56,3)
(77,5)
(93,7)
(99,13)
(47,7)
(51,17)
(40,5)
(52,3)
(57,15)
(31,18)
(93,10)
(86,0)
(101,6)
(41,1)
(43,2)
(31,3)
(96,18)
(91,0)
(98,12)
(59,3)
(68,9)
(74,0)
(63,15)
(68,1)
(78,2)
(40,9)
(39,14)
(62,4)
(74,17)
(70,2)
(97,12)
(90,16)
(32,7)
(31,11)
(87,1)
(100,9)
(44,14)
(94,11)
(77,11)
(35,14)
(91,7)
(50,4)
(47,2)
(75,0)
(92,9)
(68,6)
(46,7)
(87,14)
(50,6)
(69,3)
(78,19)
(76,1)
(55,7)
(34,0)
(64,0)
(45,12)
(97,1)
(61,1)
(89,3)
(45,0)
(78,10)
(33,7)
(73,10)
(96,0)
(87,13)
(93,3)
(38,3)
(95,4)
(98,2)
(84,18)
(41,1)
(90,12)
(101,0)
(78,0)
(72,15)
(42,5)
(52,5)
(74,6)
(56,4)
(69,3)
(32,19)
(46,19)
(75,18)
(100,2)
(80,0)
(39,4)
(86,7)
(68,0)
(99,9)
(39,6)
(57,5)
(98,9)
(70,1)
(33,9)
(67,16)
(97,16)
(53,5)
(89,15)
(93,3)
(91,0)
(75,1)
(65,10)
(39,1)
(48,3)
(59,5)
(90,7)
(30,6)
(54,15)
(50,12)
(42,0)
(80,4)
(93,6)
(54,12)
(91,10)
(96,17)
(80,2)
(97,18)
(86,18)
(102,12)
(93,1)
(39,9)
(33,15)
(74,12)
(91,1)
(75,2)
(79,19)
(74,9)
(39,1)
(87,7)
(41,6)
(48,0)
(49,3)
(51,7)
(57,6)
(70,4)
(85,2)
(31,15)
(88,3)
(44,11)
(57,7)
(90,1)
(60,12)
(51,9)
(62,14)
(56,15)
(36,2)
(75,6)
(97,5)
(86,6)
(40,10)
(48,5)
(55,19)
(43,10)
(59,2)
(32,12)
(68,9)
(73,1)
(71,13)
(59,9)
(95,0)
(99,0)
(39,4)
(33,1)
(78,7)
(67,7)
(100,11)
(73,5)
(83,3)
(67,2)
(87,0)
(64,19)
(52,1)
(52,1)
(60,18)
(67,18)
(30,8)
(54,7)
(31,3)
(50,12)
(50,8)
(42,1)
(102,6)
(71,10)
(49,9)
(87,4)
(32,4)
(99,19)
(43,0)
(43,0)
(43,1)
(59,19)
(71,0)
(72,4)
(61,15)
(32,16)
(39,18)
(50,12)
(62,8)
(90,0)
(102,0)
(43,1)
(91,1)
(60,1)
(95,9)
(72,18)
(72,6)
(53,8)
(85,0)
(49,0)
(86,15)
(100,8)
(36,19)
(38,2)
(65,14)
(50,1)
(71,10)
(63,6)
(58,3)
(58,4)
(50,4)
(40,17)
(58,19)
(62,3)
(70,13)
(66,8)
(33,16)
(72,6)
(99,7)
(38,9)
(93,3)
(40,0)
(71,7)
(92,10)
(53,8)
(67,3)
(99,8)
(34,14)
(72,6)
(61,8)
(57,2)
(59,4)
(88,1)
(38,4)
(72,8)
(47,1)
(45,15)
(101,2)
(78,12)
(37,13)
(81,10)
(81,8)
(34,1)
(96,7)
(67,0)
(66,0)
(94,9)
(90,9)
(86,15)
(48,19)
(39,11)
(72,18)
(94,17)
(49,18)
(38,18)
(44,1)
(53,11)
(60,14)
(74,4)
(73,18)
(95,5)
(78,0)
(66,9)
(37,7)
(36,0)
(87,5)
(89,3)
(97,17)
(89,6)
(32,18)
(69,16)
(90,10)
(44,13)
(81,6)
(56,1)
(60,4)
(56,7)
(52,18)
(51,1)
(95,10)
(88,11)
(66,2)
(57,18)
(66,4)
(92,18)
(40,16)
(53,2)
(76,0)
(49,11)
(48,6)
(54,15)
(39,14)
(84,1)
(92,1)
(67,19)
(98,7)
(52,8)
(96,17)
(58,8)
(40,3)
(101,6)
(50,0)
(87,11)
(81,1)
(40,6)
(69,0)
(36,15)
(60,9)
(38,15)
(101,14)
(74,17)
(96,4)
(30,14)
(41,3)
(56,17)
(86,8)
(55,14)
(56,4)
(34,4)
(47,14)
(59,4)
(71,7)
(88,10)
(62,2)
(82,2)
(38,2)
(98,16)
(92,6)
(89,14)
(36,3)
(50,13)
(49,0)
(72,10)
(54,2)
(99,11)
(40,19)
(56,1)
(96,5)
(50,6)
(62,7)
(74,3)
(98,3)
(36,9)
(35,0)
(83,1)
(90,8)
(92,9)
(77,6)
(101,8)
(88,6)
(57,3)
(85,10)
(73,6)
(46,4)
(91,2)
(87,2)
(45,8)
(96,10)
(37,13)
(31,0)
(50,0)
(101,6)
(88,10)
(72,7)
(51,0)
(94,8)
(85,11)
(53,15)
(58,18)
(38,3)
(85,19)
(58,11)
(53,9)
(94,6)
(57,4)
(84,17)
(100,13)
(83,11)
(89,5)
(52,9)
(74,2)
(80,2)
(54,17)
(68,7)
(65,6)
(31,12)
(81,1)
(47,4)
(30,2)
(84,5)
(69,11)
(30,14)
(35,17)
(62,5)
(66,3)
(85,2)
(51,9)
(66,2)
(84,14)
(42,11)
(56,3)
(67,2)
(99,18)
(64,12)
(102,1)
(33,4)
(50,17)
(45,2)
(48,19)
(97,4)
(36,2)
(58,5)
(91,14)
(51,17)
(57,1)
(69,7)
(94,8)
(72,12)
(82,8)
(86,16)
(81,0)
(69,4)
(40,13)
(83,7)
(63,0)
(39,15)
(73,2)
(78,14)
(58,10)
(82,4)
(91,10)
(76,5)
(43,3)
(93,0)
(77,12)
(55,19)
(43,19)
(84,16)
(68,0)
(80,17)
(36,11)
(94,13)
(100,4)
(66,16)
(37,9)
(43,4)
(63,12)
(51,12)
(83,4)
(65,4)
(80,5)
(40,6)
(88,1)
(90,12)
(92,9)
(92,1)
(86,9)
(31,19)
(63,5)
(50,1)
(59,4)
(91,5)
(82,6)
(85,4)
(50,19)
(55,17)
(55,2)
(98,11)
(57,17)
(61,5)
(81,8)
(81,12)
(50,15)
(34,3)
(81,0)
(52,15)
(84,5)
(48,13)
(58,2)
(99,19)
(47,3)
(96,11)
(63,3)
(67,18)
(86,18)
(99,1)
(101,3)
(84,5)
(71,18)
(88,19)
(31,18)
(98,6)
(47,8)
(41,9)
(46,14)
(65,16)
(36,13)
(44,12)
(41,16)
(97,19)
(89,6)
(81,0)
(93,3)
(94,14)
(38,4)
(82,0)
(52,12)
(52,7)
(69,0)
(73,10)
(95,1)
(43,13)
(64,10)
(99,3)
(47,19)
(94,13)
(31,10)
(95,3)
(94,4)
(101,7)
(61,19)
(43,18)
(68,4)
(82,10)
(34,19)
(88,15)
(71,17)
(55,13)
(59,7)
(85,7)
(39,17)
(99,1)
(44,6)
(81,11)
(82,19)
(33,8)
(45,1)
(51,1)
(40,12)
(89,2)
(47,15)
(96,6)
(94,15)
(41,17)
(87,15)
(41,17)
(60,3)
(82,17)
(59,17)
(102,12)
(41,10)
(100,1)
(93,8)
(32,2)
(61,16)
(63,6)
(61,1)
(83,10)
(76,0)
(77,1)
(91,6)
(54,3)
(95,5)
(64,0)
(50,2)
(84,0)
(41,7)
(98,2)
(66,11)
(56,9)
(75,9)
(101,8)
(37,0)
(73,1)
(84,16)
(97,16)
(64,2)
(68,0)
(65,8)
(65,5)
(34,16)
(81,6)
(47,5)
(94,6)
(61,5)
(97,14)
(61,13)
(98,1)
(52,8)
(85,5)
(51,12)
(35,6)
(71,0)
(41,15)
(35,0)
(97,9)
(55,4)
(99,2)
(33,10)
(57,15)
(42,2)
(30,13)
(37,8)
(68,4)
(77,0)
(79,19)
(49,1)
(67,7)
(41,2)
(52,15)
(68,3)
(83,5)
(34,1)
(64,15)
(95,9)
(39,2)
(88,13)
(36,19)
(80,0)
(43,18)
(83,14)
(80,12)
(101,8)
(94,0)
(57,9)
(47,17)
(52,5)
(77,16)
(43,8)
(85,8)
(81,5)
(77,4)
(51,14)
(47,6)
(47,2)
(47,14)
(75,3)
(88,2)
(43,11)
(78,16)
(54,5)
(83,18)
(42,6)
(35,18)
(61,18)
(85,11)
(67,0)
(79,13)
(54,19)
(58,4)
(60,0)
(73,2)
(33,2)
(88,0)
(83,2)
(59,8)
(38,18)
(47,1)
(73,8)
(55,14)
(36,3)
(97,2)
(84,13)
(101,13)
(95,2)
(55,19)
(97,9)
(73,2)
(83,13)
(78,1)
(69,1)
(66,3)
(69,15)
(83,16)
(69,10)
(81,15)
(97,4)
(34,1)
(101,2)
(96,5)
(76,3)
(33,4)
(47,19)
(70,14)
(79,16)
(63,13)
(76,0)
(94,7)
(30,10)
(45,14)
(54,5)
(54,9)
(33,4)
(51,10)
(72,0)
(80,17)
(80,1)
(49,9)
(53,8)
(78,18)
(69,8)
(31,0)
(64,14)
(77,5)
(44,0)
(70,18)
(76,1)
(63,0)
(49,14)
(63,5)
(92,6)
(61,15)
(79,12)
(102,11)
(83,13)
(46,18)
(42,1)
(31,3)
(84,6)
(78,5)
(64,11)
(96,4)
(32,9)
(85,17)
(86,17)
(69,0)
(92,16)
(101,4)
(96,14)
(97,1)
(52,10)
(96,1)
(68,3)
(51,1)
(59,8)
(62,14)
(90,0)
(56,16)
(92,3)
(99,17)
(57,17)
(79,4)
(55,16)
(89,12)
(91,13)
(101,19)
(71,6)
(77,17)
(88,8)
(73,8)
(75,9)
(70,5)
(71,2)
(75,1)
(98,2)
(39,12)
(56,0)
(68,19)
(80,1)
(36,3)
(39,4)
(83,3)
(59,10)
(88,12)
(31,3)
(102,15)
(78,13)
(32,0)
(65,5)
(73,9)
(82,8)
(90,14)
(30,11)
(89,13)
(91,4)
(54,3)
(91,2)
(64,4)
(80,0)
(84,14)
(46,0)
(75,16)
(78,0)
(47,4)
(81,7)
(68,11)
(91,10)
(76,3)
(61,3)
(49,1)
(62,12)
(39,1)
(40,1)
(30,2)
(55,0)
(55,15)
(57,12)
(61,4)
(100,0)
(94,2)
(62,0)
(70,1)
(42,10)
(85,4)
(48,1)
(70,4)
(64,1)
(92,1)
(96,0)
(47,7)
(81,0)
(60,14)
(58,1)
(69,4)
(90,15)
(84,11)
(81,13)
(57,12)
(91,10)
(31,19)
(67,3)
(70,1)
(69,15)
(46,3)
(89,2)
(51,11)
(77,8)
(67,4)
(52,7)
(85,16)
(84,7)
(48,4)
(94,16)
(36,15)
(38,10)
(74,13)
(38,13)
(74,10)
(48,2)
(63,0)
(70,7)
(58,0)
(32,12)
(34,13)
(49,0)
(43,0)
(63,11)
(67,13)
(83,16)
(82,10)
(66,5)
(62,2)
(85,4)
(49,7)
(69,0)
(99,1)
(88,8)
(44,4)
(32,2)
(70,3)
(30,0)
(92,7)
(97,1)
(91,11)
(61,5)
(92,13)
(41,1)
(94,15)
(91,14)
(79,6)
(57,10)
(88,13)
(92,12)
(36,11)
(67,16)
(74,1)
(43,8)
(46,4)
(40,8)
(83,18)
(53,2)
(32,2)
(97,7)
(99,6)
(59,2)
(89,8)
(89,13)
(36,9)
(66,5)
(85,10)
(56,3)
(69,1)
(90,1)
(36,8)
(51,0)
(88,4)
(80,1)
(64,10)
(79,6)
(56,1)
(45,2)
(47,7)
(53,6)
(58,7)
(74,17)
(58,12)
(70,18)
(48,8)
(52,19)
(85,2)
(90,14)
(81,2)
(96,2)
(71,3)
(60,8)
(77,19)
(45,18)
(67,19)
(48,15)
(62,8)
(68,3)
(51,7)
(39,14)
(67,0)
(82,0)
(50,10)
(46,9)
(58,4)
(95,18)
(43,9)
(57,9)
(95,3)
(82,4)
(64,15)
(92,1)
(32,15)
(100,16)
(66,2)
(91,4)
(38,1)
(72,19)
(42,8)
(88,11)
(46,6)
(33,0)
(96,3)
(65,6)
(49,0)
(81,12)
(31,0)
(57,2)
(59,0)
(88,12)
(56,0)
(70,17)
(66,17)
(63,3)
(68,0)
(44,5)
(62,1)
(86,10)
(37,1)
(53,10)
(35,12)
(61,7)
(42,11)
(99,11)
(44,5)
(88,7)
(55,1)
(41,1)
(85,16)
(63,1)
(92,4)
(30,5)
(33,2)
(72,11)
(102,2)
(80,1)
(54,16)
(60,0)
(89,2)
(87,18)
(30,4)
(72,11)
(100,1)
(99,3)
(36,1)
(52,13)
(93,3)
(61,12)
(58,6)
(73,16)
(69,0)
(61,3)
(97,11)
(102,7)
(71,1)
(62,8)
(83,16)
(87,1)
(93,9)
(48,4)
(38,13)
(69,17)
(53,5)
(45,1)
(66,8)
(92,6)
(80,0)
(101,17)
(62,12)
(77,2)
(44,6)
(63,3)
(41,0)
(88,13)
(92,4)
(70,19)
(67,16)
(100,18)
(78,1)
(54,7)
(59,9)
(42,2)
(90,14)
(39,18)
(40,19)
(39,6)
(72,19)
(86,19)
(94,3)
(45,5)
(36,5)
(58,7)
(74,1)
(88,1)
(59,1)
(70,7)
(64,16)
(59,0)
(32,6)
(76,4)
(78,14)
(42,10)
(72,6)
(58,13)
(95,1)
(75,4)
(42,16)
(37,19)
(30,10)
(61,8)
(55,10)
(33,16)
(83,7)
(81,8)
(96,10)
(97,15)
(101,3)
(44,13)
(73,19)
(100,12)
(101,2)
(33,15)
(87,0)
(47,8)
(45,12)
(39,0)
(75,12)
(62,8)
(67,10)
(80,17)
(45,13)
(47,4)
(74,11)
(87,5)
(99,12)
(92,0)
(36,1)
(75,17)
(89,11)
(39,5)
(43,11)
(45,4)
(100,9)
(40,19)
(45,10)
(53,9)
(60,17)
(91,3)
(66,13)
(93,19)
(64,18)
(91,6)
(71,4)
(74,14)
(40,0)
(49,5)
(87,4)
(34,9)
(84,6)
(79,0)
(101,16)
(43,7)
(72,18)
(64,3)
(89,3)
(38,2)
(84,18)
(67,4)
(85,17)
(40,13)
(82,16)
(43,12)
(94,4)
(97,4)
(54,9)
(95,16)
(82,9)
(92,9)
(41,5)
(70,16)
(37,0)
(71,0)
(80,3)
(77,11)
(60,0)
(86,17)
(97,12)
(89,3)
(57,3)
(32,2)
(66,13)
(40,8)
(40,6)
(30,5)
(70,15)
(64,7)
(47,3)
(42,6)
(49,19)
(30,5)
(99,4)
(51,1)
(71,3)
(74,1)
(32,5)
(30,15)
(86,11)
(44,17)
(66,8)
(92,16)
(82,15)
(32,18)
(34,8)
(68,6)
(31,6)
(61,10)
(81,6)
(57,13)
(54,13)
(38,12)
(63,4)
(62,3)
(57,0)
(33,13)
(42,8)
(63,4)
(85,1)
(41,17)
(59,8)
(44,0)
(75,7)
(32,14)
(97,15)
(94,5)
(59,2)
(55,11)
(54,10)
(78,8)
(71,0)
(53,1)
(66,3)
(82,11)
(90,18)
(84,6)
(48,5)
(46,5)
(30,13)
(63,11)
(56,7)
(98,8)
(30,8)
(81,11)
(98,16)
(39,9)
(85,11)
(66,0)
(51,9)
(56,0)
(87,10)
(30,0)
(50,7)
(35,3)
(73,19)
(79,1)
(59,4)
(30,3)
(100,0)
(62,1)
(55,4)
(89,4)
(89,2)
(73,18)
(52,0)
(61,7)
(68,3)
(34,18)
(40,2)
(78,18)
(41,10)
(71,15)
(34,1)
(90,19)
(69,12)
(36,15)
(82,16)
(60,11)
(67,6)
(35,15)
(79,9)
(88,6)
(99,11)
(95,5)
(34,17)
(40,10)
(100,6)
(49,1)
(82,15)
(96,14)
(62,11)
(90,8)
(89,6)
(50,7)
(43,2)
(73,8)
(31,16)
(39,2)
(52,0)
(71,1)
(80,2)
(78,11)
(34,4)
(74,5)
(88,15)
(42,16)
(40,6)
(101,11)
0.popular= 0.093778
1.popular= 0.081778
2.popular= 0.062222
3.popular= 0.060889
4.popular= 0.068000
5.popular= 0.051111
6.popular= 0.053333
7.popular= 0.047111
8.popular= 0.053333
9.popular= 0.043556
10.popular= 0.041778
11.popular= 0.040000
12.popular= 0.040000
13.popular= 0.038667
14.popular= 0.035556
15.popular= 0.039556
16.popular= 0.036000
17.popular= 0.034667
18.popular= 0.038222
19.popular= 0.040444

peer 0 neighbors is: 3, 68, 44, 24, 25, 10, 49, 16, 91, 11, 7, 20, 37, 39, 
peer 1 neighbors is: 20, 8, 28, 7, 55, 31, 95, 22, 91, 35, 12, 25, 29, 
peer 2 neighbors is: 67, 84, 18, 23, 90, 43, 71, 98, 37, 31, 5, 10, 14, 21, 26, 32, 38, 
peer 3 neighbors is: 0, 52, 49, 22, 19, 95, 87, 81, 28, 16, 10, 35, 
peer 4 neighbors is: 35, 74, 84, 90, 8, 22, 39, 46, 81, 61, 14, 16, 
peer 5 neighbors is: 102, 35, 53, 20, 17, 66, 99, 98, 94, 2, 27, 30, 40, 
peer 6 neighbors is: 63, 59, 64, 12, 85, 7, 90, 29, 75, 34, 14, 41, 
peer 7 neighbors is: 1, 6, 67, 94, 100, 0, 77, 28, 70, 93, 18, 
peer 8 neighbors is: 1, 4, 70, 49, 22, 19, 92, 26, 43, 44, 9, 
peer 9 neighbors is: 43, 57, 8, 84, 93, 50, 11, 91, 101, 53, 10, 13, 24, 25, 29, 35, 38, 
peer 10 neighbors is: 0, 3, 45, 2, 81, 34, 98, 65, 9, 68, 13, 24, 
peer 11 neighbors is: 0, 9, 77, 58, 59, 45, 66, 53, 33, 69, 17, 18, 38, 
peer 12 neighbors is: 6, 80, 33, 24, 29, 100, 53, 1, 94, 26, 17, 23, 
peer 13 neighbors is: 62, 34, 23, 99, 10, 20, 68, 59, 9, 61, 21, 
peer 14 neighbors is: 34, 4, 6, 76, 56, 61, 54, 67, 53, 2, 22, 
peer 15 neighbors is: 93, 45, 85, 57, 22, 35, 75, 25, 16, 47, 21, 27, 42, 
peer 16 neighbors is: 0, 3, 15, 87, 60, 34, 94, 54, 4, 19, 24, 26, 41, 
peer 17 neighbors is: 5, 73, 97, 11, 82, 12, 58, 98, 41, 76, 25, 26, 28, 
peer 18 neighbors is: 2, 89, 45, 46, 68, 98, 11, 80, 47, 7, 20, 27, 33, 
peer 19 neighbors is: 3, 8, 16, 28, 36, 63, 98, 31, 23, 49, 25, 32, 
peer 20 neighbors is: 1, 5, 13, 41, 90, 18, 0, 49, 70, 102, 21, 42, 
peer 21 neighbors is: 62, 55, 102, 95, 13, 42, 65, 15, 20, 2, 34, 40, 
peer 22 neighbors is: 1, 3, 4, 8, 15, 14, 65, 56, 32, 91, 31, 
peer 23 neighbors is: 2, 13, 19, 12, 38, 74, 46, 50, 100, 27, 26, 41, 
peer 24 neighbors is: 0, 12, 9, 91, 59, 99, 10, 75, 16, 58, 27, 
peer 25 neighbors is: 0, 15, 9, 19, 85, 37, 1, 90, 80, 17, 73, 
peer 26 neighbors is: 8, 12, 75, 79, 17, 80, 2, 78, 16, 23, 28, 30, 33, 
peer 27 neighbors is: 23, 68, 5, 91, 24, 15, 66, 60, 87, 18, 29, 88, 
peer 28 neighbors is: 1, 3, 7, 19, 44, 31, 17, 26, 82, 36, 38, 
peer 29 neighbors is: 6, 12, 45, 46, 100, 27, 1, 75, 9, 97, 36, 38, 39, 
peer 30 neighbors is: 76, 99, 36, 26, 61, 72, 5, 81, 78, 34, 
peer 31 neighbors is: 1, 2, 19, 28, 82, 22, 77, 78, 52, 91, 
peer 32 neighbors is: 22, 19, 102, 99, 40, 60, 42, 39, 50, 2, 
peer 33 neighbors is: 11, 12, 71, 77, 26, 65, 64, 63, 18, 97, 
peer 34 neighbors is: 6, 10, 13, 14, 16, 30, 21, 91, 57, 40, 39, 
peer 35 neighbors is: 1, 4, 5, 15, 3, 95, 93, 48, 101, 9, 36, 42, 
peer 36 neighbors is: 19, 28, 30, 41, 86, 44, 50, 54, 35, 29, 37, 42, 
peer 37 neighbors is: 2, 25, 70, 68, 0, 36, 77, 67, 63, 87, 39, 
peer 38 neighbors is: 23, 2, 9, 29, 11, 102, 81, 71, 28, 50, 
peer 39 neighbors is: 4, 32, 29, 79, 34, 0, 74, 45, 99, 37, 
peer 40 neighbors is: 32, 34, 54, 100, 75, 91, 68, 85, 5, 21, 83, 
peer 41 neighbors is: 17, 20, 36, 81, 23, 6, 79, 75, 60, 16, 
peer 42 neighbors is: 21, 32, 96, 63, 36, 15, 72, 35, 20, 70, 
peer 43 neighbors is: 2, 8, 9, 
peer 44 neighbors is: 0, 8, 28, 36, 
peer 45 neighbors is: 10, 11, 15, 18, 29, 39, 
peer 46 neighbors is: 4, 18, 23, 29, 
peer 47 neighbors is: 15, 18, 
peer 48 neighbors is: 35, 98, 
peer 49 neighbors is: 0, 3, 8, 19, 20, 
peer 50 neighbors is: 9, 23, 32, 36, 38, 
peer 51 neighbors is: 77, 92, 
peer 52 neighbors is: 3, 31, 
peer 53 neighbors is: 5, 9, 11, 12, 14, 
peer 54 neighbors is: 14, 16, 36, 40, 
peer 55 neighbors is: 1, 21, 
peer 56 neighbors is: 14, 22, 
peer 57 neighbors is: 9, 15, 34, 96, 
peer 58 neighbors is: 11, 17, 24, 
peer 59 neighbors is: 6, 11, 13, 24, 
peer 60 neighbors is: 16, 27, 32, 41, 
peer 61 neighbors is: 4, 13, 14, 30, 
peer 62 neighbors is: 13, 21, 
peer 63 neighbors is: 6, 19, 33, 37, 42, 
peer 64 neighbors is: 6, 33, 
peer 65 neighbors is: 10, 21, 22, 33, 
peer 66 neighbors is: 5, 11, 27, 83, 
peer 67 neighbors is: 2, 7, 14, 37, 
peer 68 neighbors is: 0, 10, 13, 18, 27, 37, 40, 
peer 69 neighbors is: 11, 86, 
peer 70 neighbors is: 7, 8, 20, 37, 42, 
peer 71 neighbors is: 2, 33, 38, 
peer 72 neighbors is: 30, 42, 
peer 73 neighbors is: 17, 25, 
peer 74 neighbors is: 4, 23, 39, 
peer 75 neighbors is: 6, 15, 24, 26, 29, 40, 41, 
peer 76 neighbors is: 14, 17, 30, 
peer 77 neighbors is: 7, 11, 31, 33, 37, 51, 
peer 78 neighbors is: 26, 30, 31, 
peer 79 neighbors is: 26, 39, 41, 
peer 80 neighbors is: 12, 18, 25, 26, 
peer 81 neighbors is: 3, 4, 10, 30, 38, 41, 
peer 82 neighbors is: 17, 28, 31, 
peer 83 neighbors is: 66, 40, 
peer 84 neighbors is: 2, 4, 9, 
peer 85 neighbors is: 6, 15, 25, 40, 
peer 86 neighbors is: 36, 69, 88, 
peer 87 neighbors is: 3, 16, 27, 37, 
peer 88 neighbors is: 27, 86, 
peer 89 neighbors is: 18, 97, 
peer 90 neighbors is: 2, 4, 6, 20, 25, 
peer 91 neighbors is: 0, 1, 9, 22, 24, 27, 31, 34, 40, 
peer 92 neighbors is: 8, 51, 
peer 93 neighbors is: 7, 9, 15, 35, 
peer 94 neighbors is: 5, 7, 12, 16, 
peer 95 neighbors is: 1, 3, 21, 35, 
peer 96 neighbors is: 42, 57, 
peer 97 neighbors is: 17, 29, 33, 89, 
peer 98 neighbors is: 2, 5, 10, 17, 18, 19, 48, 
peer 99 neighbors is: 5, 13, 24, 30, 32, 39, 
peer 100 neighbors is: 7, 12, 23, 29, 40, 
peer 101 neighbors is: 9, 35, 
peer 102 neighbors is: 5, 20, 21, 32, 38, 

