67 Users
20 Files
1500 Transactions
7 Maximum Connections
1 Cycle Length per Upload-Download
750 Warm-up Transactions
0.400000 Zipf constant
3 Pre-Trusted Users
60 Well-Behaved (Good) Users
7 Purely Malicious Users
0 Feedback Skewing Users
0 Malignant Providing Users
0 Disguised Malicous Users
0 Sybil Attack Users
true Intelligent Trans. Generation
1474142468809 Trace Generation Seed

(0.000000,0.000000,1,false)
(0.000000,0.000000,1,false)
(0.000000,0.000000,1,false)
(0.000000,0.000000,1,false)
(0.000000,0.000000,1,false)
(0.000000,0.000000,1,false)
(0.000000,0.000000,1,false)
(1.000000,1.000000,0,true)
(1.000000,1.000000,0,true)
(1.000000,1.000000,0,true)
(1.000000,1.000000,0,false)
(1.000000,1.000000,0,false)
(1.000000,1.000000,0,false)
(1.000000,1.000000,0,false)
(1.000000,1.000000,0,false)
(1.000000,1.000000,0,false)
(1.000000,1.000000,0,false)
(1.000000,1.000000,0,false)
(1.000000,1.000000,0,false)
(1.000000,1.000000,0,false)
(1.000000,1.000000,0,false)
(1.000000,1.000000,0,false)
(1.000000,1.000000,0,false)
(1.000000,1.000000,0,false)
(1.000000,1.000000,0,false)
(1.000000,1.000000,0,false)
(1.000000,1.000000,0,false)
(1.000000,1.000000,0,false)
(1.000000,1.000000,0,false)
(1.000000,1.000000,0,false)
(1.000000,1.000000,0,false)
(1.000000,1.000000,0,false)
(1.000000,1.000000,0,false)
(1.000000,1.000000,0,false)
(1.000000,1.000000,0,false)
(1.000000,1.000000,0,false)
(1.000000,1.000000,0,false)
(1.000000,1.000000,0,false)
(1.000000,1.000000,0,false)
(1.000000,1.000000,0,false)
(1.000000,1.000000,0,false)
(1.000000,1.000000,0,false)
(1.000000,1.000000,0,false)
(1.000000,1.000000,0,false)
(1.000000,1.000000,0,false)
(1.000000,1.000000,0,false)
(1.000000,1.000000,0,false)
(1.000000,1.000000,0,false)
(1.000000,1.000000,0,false)
(1.000000,1.000000,0,false)
(1.000000,1.000000,0,false)
(1.000000,1.000000,0,false)
(1.000000,1.000000,0,false)
(1.000000,1.000000,0,false)
(1.000000,1.000000,0,false)
(1.000000,1.000000,0,false)
(1.000000,1.000000,0,false)
(1.000000,1.000000,0,false)
(1.000000,1.000000,0,false)
(1.000000,1.000000,0,false)
(1.000000,1.000000,0,false)
(1.000000,1.000000,0,false)
(1.000000,1.000000,0,false)
(1.000000,1.000000,0,false)
(1.000000,1.000000,0,false)
(1.000000,1.000000,0,false)
(1.000000,1.000000,0,false)

(0,0,false)
(1,0,false)
(2,0,false)
(3,0,false)
(4,0,false)
(5,0,false)
(6,0,false)
(7,0,true)
(29,0,true)
(9,0,true)
(10,0,true)
(11,0,true)
(12,0,true)
(13,0,true)
(17,0,true)
(18,0,true)
(21,0,true)
(22,0,true)
(23,0,true)
(24,0,true)
(26,0,true)
(27,0,true)
(28,0,true)
(31,0,true)
(32,0,true)
(35,0,true)
(37,0,true)
(38,0,true)
(39,0,true)
(40,0,true)
(42,0,true)
(44,0,true)
(45,0,true)
(49,0,true)
(50,0,true)
(51,0,true)
(53,0,true)
(56,0,true)
(57,0,true)
(58,0,true)
(59,0,true)
(60,0,true)
(62,0,true)
(66,0,true)
(0,1,false)
(1,1,false)
(2,1,false)
(3,1,false)
(4,1,false)
(5,1,false)
(6,1,false)
(8,1,true)
(41,1,true)
(7,1,true)
(16,1,true)
(19,1,true)
(20,1,true)
(27,1,true)
(30,1,true)
(32,1,true)
(33,1,true)
(34,1,true)
(36,1,true)
(37,1,true)
(38,1,true)
(40,1,true)
(43,1,true)
(44,1,true)
(48,1,true)
(50,1,true)
(52,1,true)
(54,1,true)
(55,1,true)
(58,1,true)
(59,1,true)
(63,1,true)
(65,1,true)
(0,2,false)
(1,2,false)
(2,2,false)
(3,2,false)
(4,2,false)
(5,2,false)
(6,2,false)
(9,2,true)
(64,2,true)
(8,2,true)
(15,2,true)
(30,2,true)
(31,2,true)
(36,2,true)
(42,2,true)
(43,2,true)
(46,2,true)
(53,2,true)
(60,2,true)
(62,2,true)
(0,3,false)
(1,3,false)
(2,3,false)
(3,3,false)
(4,3,false)
(5,3,false)
(6,3,false)
(10,3,true)
(14,3,true)
(33,3,true)
(39,3,true)
(52,3,true)
(0,4,false)
(1,4,false)
(2,4,false)
(3,4,false)
(4,4,false)
(5,4,false)
(6,4,false)
(11,4,true)
(56,4,true)
(28,4,true)
(41,4,true)
(61,4,true)
(0,5,false)
(1,5,false)
(2,5,false)
(3,5,false)
(4,5,false)
(5,5,false)
(6,5,false)
(12,5,true)
(51,5,true)
(48,5,true)
(61,5,true)
(65,5,true)
(66,5,true)
(0,6,false)
(1,6,false)
(2,6,false)
(3,6,false)
(4,6,false)
(5,6,false)
(6,6,false)
(13,6,true)
(57,6,true)
(63,6,true)
(0,7,false)
(1,7,false)
(2,7,false)
(3,7,false)
(4,7,false)
(5,7,false)
(6,7,false)
(14,7,true)
(54,7,true)
(0,8,false)
(1,8,false)
(2,8,false)
(3,8,false)
(4,8,false)
(5,8,false)
(6,8,false)
(15,8,true)
(34,8,true)
(0,9,false)
(1,9,false)
(2,9,false)
(3,9,false)
(4,9,false)
(5,9,false)
(6,9,false)
(16,9,true)
(64,9,true)
(0,10,false)
(1,10,false)
(2,10,false)
(3,10,false)
(4,10,false)
(5,10,false)
(6,10,false)
(17,10,true)
(25,10,true)
(47,10,true)
(0,11,false)
(1,11,false)
(2,11,false)
(3,11,false)
(4,11,false)
(5,11,false)
(6,11,false)
(18,11,true)
(49,11,true)
(0,12,false)
(1,12,false)
(2,12,false)
(3,12,false)
(4,12,false)
(5,12,false)
(6,12,false)
(19,12,true)
(64,12,true)
(0,13,false)
(1,13,false)
(2,13,false)
(3,13,false)
(4,13,false)
(5,13,false)
(6,13,false)
(20,13,true)
(35,13,true)
(0,14,false)
(1,14,false)
(2,14,false)
(3,14,false)
(4,14,false)
(5,14,false)
(6,14,false)
(21,14,true)
(14,14,true)
(47,14,true)
(0,15,false)
(1,15,false)
(2,15,false)
(3,15,false)
(4,15,false)
(5,15,false)
(6,15,false)
(22,15,true)
(45,15,true)
(0,16,false)
(1,16,false)
(2,16,false)
(3,16,false)
(4,16,false)
(5,16,false)
(6,16,false)
(23,16,true)
(55,16,true)
(0,17,false)
(1,17,false)
(2,17,false)
(3,17,false)
(4,17,false)
(5,17,false)
(6,17,false)
(24,17,true)
(25,17,true)
(0,18,false)
(1,18,false)
(2,18,false)
(3,18,false)
(4,18,false)
(5,18,false)
(6,18,false)
(25,18,true)
(46,18,true)
(0,19,false)
(1,19,false)
(2,19,false)
(3,19,false)
(4,19,false)
(5,19,false)
(6,19,false)
(26,19,true)
(29,19,true)

0,-1,-1,-1,-1,-1,-1,-1,-1,-1,-1,1,-1,1,-1,-1,-1,-1,-1,-1,-1,-1,-1,-1,-1,-1,-1,-1,-1,-1,-1,-1,-1,-1,-1,-1,-1,-1,-1,-1,1,1,-1,-1,-1,-1,-1,-1,-1,1,-1,-1,-1,-1,1,-1,1,1,-1,1,-1,1,1,-1,-1,-1,-1,
-1,0,-1,-1,-1,-1,-1,1,-1,-1,-1,-1,-1,-1,-1,1,1,-1,-1,-1,-1,-1,-1,1,-1,-1,-1,-1,1,-1,-1,-1,-1,-1,-1,-1,1,-1,-1,-1,1,1,-1,-1,-1,-1,1,-1,-1,-1,1,-1,-1,-1,-1,-1,-1,-1,-1,-1,-1,-1,-1,1,-1,-1,-1,
-1,-1,0,-1,1,-1,1,1,1,-1,-1,1,-1,-1,1,-1,-1,-1,-1,-1,-1,-1,-1,-1,-1,-1,-1,-1,-1,-1,-1,-1,-1,-1,-1,-1,-1,1,-1,-1,1,-1,-1,-1,-1,-1,-1,-1,1,-1,-1,-1,-1,-1,-1,-1,-1,-1,-1,-1,1,-1,-1,1,-1,1,-1,
-1,-1,-1,0,-1,-1,1,1,-1,-1,-1,-1,-1,-1,-1,1,-1,-1,-1,1,-1,-1,-1,-1,-1,-1,1,-1,1,-1,-1,-1,-1,-1,1,-1,-1,1,-1,-1,-1,-1,-1,1,-1,-1,-1,-1,1,-1,-1,-1,-1,-1,-1,1,-1,-1,1,-1,-1,-1,-1,-1,-1,-1,-1,
-1,-1,1,-1,0,1,-1,-1,1,-1,-1,-1,-1,-1,-1,-1,1,-1,-1,-1,1,-1,-1,-1,-1,-1,-1,-1,-1,-1,-1,-1,-1,-1,-1,1,-1,1,1,-1,-1,-1,-1,-1,1,-1,-1,-1,1,1,-1,-1,-1,-1,-1,-1,1,-1,-1,-1,-1,-1,-1,-1,-1,-1,-1,
-1,-1,-1,-1,1,0,-1,-1,-1,1,1,-1,-1,1,-1,-1,1,-1,-1,1,-1,-1,-1,-1,-1,-1,-1,-1,-1,-1,-1,-1,-1,1,-1,-1,-1,-1,-1,-1,-1,-1,-1,-1,-1,1,1,-1,-1,-1,-1,-1,-1,1,-1,-1,-1,-1,-1,-1,1,-1,1,-1,1,-1,-1,
-1,-1,1,1,-1,-1,0,-1,-1,-1,-1,-1,1,-1,-1,-1,-1,-1,-1,-1,1,-1,-1,1,-1,-1,-1,-1,-1,-1,1,-1,-1,1,-1,1,-1,-1,-1,-1,-1,-1,-1,-1,-1,-1,-1,-1,-1,1,-1,-1,-1,-1,-1,-1,-1,-1,-1,-1,-1,-1,-1,1,-1,-1,-1,
-1,1,1,1,-1,-1,-1,0,-1,-1,-1,-1,-1,-1,-1,-1,-1,-1,-1,-1,-1,-1,-1,-1,1,-1,-1,-1,-1,-1,-1,1,-1,-1,1,-1,-1,-1,-1,-1,-1,-1,-1,-1,-1,1,-1,-1,1,-1,-1,-1,-1,-1,-1,-1,-1,1,1,-1,1,-1,-1,-1,-1,-1,-1,
-1,-1,1,-1,1,-1,-1,-1,0,-1,-1,-1,1,-1,-1,-1,-1,-1,1,-1,-1,-1,-1,-1,-1,-1,-1,-1,1,-1,-1,-1,-1,-1,-1,-1,-1,-1,-1,-1,1,1,-1,-1,-1,-1,-1,-1,-1,-1,1,-1,-1,-1,-1,-1,-1,-1,-1,-1,-1,1,-1,-1,-1,-1,1,
-1,-1,-1,-1,-1,1,-1,-1,-1,0,-1,-1,1,-1,-1,-1,-1,1,-1,-1,-1,-1,-1,-1,-1,1,-1,-1,1,-1,-1,-1,1,-1,-1,-1,-1,-1,-1,-1,-1,1,-1,-1,1,-1,-1,-1,-1,-1,-1,-1,-1,-1,-1,-1,1,-1,-1,-1,-1,1,-1,-1,-1,-1,-1,
-1,-1,-1,-1,-1,1,-1,-1,-1,-1,0,-1,-1,-1,-1,-1,-1,-1,-1,-1,-1,-1,-1,-1,-1,-1,-1,-1,-1,-1,-1,-1,-1,-1,-1,-1,-1,-1,-1,-1,-1,-1,-1,-1,-1,-1,-1,-1,-1,-1,-1,-1,1,-1,-1,-1,-1,-1,-1,-1,-1,-1,-1,-1,-1,-1,-1,
1,-1,1,-1,-1,-1,-1,-1,-1,-1,-1,0,-1,-1,1,-1,-1,-1,-1,-1,-1,-1,-1,-1,-1,-1,-1,-1,-1,-1,-1,-1,-1,-1,-1,-1,-1,-1,-1,-1,-1,-1,-1,-1,-1,-1,-1,-1,-1,-1,-1,-1,-1,-1,-1,-1,-1,-1,-1,-1,-1,-1,-1,-1,-1,-1,-1,
-1,-1,-1,-1,-1,-1,1,-1,1,1,-1,-1,0,-1,-1,-1,-1,-1,-1,-1,-1,-1,-1,-1,-1,-1,-1,-1,-1,-1,-1,-1,-1,-1,-1,-1,-1,-1,-1,-1,-1,-1,-1,-1,-1,-1,-1,-1,-1,-1,-1,-1,-1,-1,-1,-1,-1,-1,-1,-1,-1,-1,-1,-1,-1,-1,-1,
1,-1,-1,-1,-1,1,-1,-1,-1,-1,-1,-1,-1,0,-1,-1,-1,-1,-1,-1,-1,-1,-1,-1,-1,-1,-1,-1,-1,-1,-1,-1,-1,-1,-1,-1,-1,-1,-1,-1,-1,-1,-1,-1,-1,-1,-1,-1,-1,-1,-1,-1,-1,-1,-1,-1,-1,-1,-1,-1,-1,-1,-1,-1,-1,-1,-1,
-1,-1,1,-1,-1,-1,-1,-1,-1,-1,-1,1,-1,-1,0,-1,-1,-1,-1,-1,-1,-1,-1,-1,-1,-1,-1,-1,-1,-1,-1,-1,-1,-1,-1,-1,-1,-1,-1,1,-1,-1,-1,-1,-1,-1,-1,-1,-1,-1,-1,-1,-1,-1,-1,-1,-1,-1,-1,-1,-1,-1,-1,-1,-1,-1,-1,
-1,1,-1,1,-1,-1,-1,-1,-1,-1,-1,-1,-1,-1,-1,0,-1,-1,-1,-1,-1,-1,-1,-1,-1,-1,-1,-1,-1,-1,-1,-1,-1,-1,-1,-1,-1,-1,-1,-1,-1,-1,-1,-1,-1,-1,-1,-1,-1,-1,-1,-1,-1,-1,-1,-1,-1,-1,-1,-1,-1,-1,-1,-1,-1,-1,-1,
-1,1,-1,-1,1,1,-1,-1,-1,-1,-1,-1,-1,-1,-1,-1,0,-1,-1,-1,-1,-1,-1,-1,-1,-1,-1,-1,-1,-1,-1,-1,-1,-1,-1,-1,-1,-1,-1,-1,-1,-1,-1,-1,-1,-1,-1,-1,-1,-1,-1,-1,-1,-1,-1,-1,-1,-1,-1,-1,-1,-1,-1,-1,-1,-1,-1,
-1,-1,-1,-1,-1,-1,-1,-1,-1,1,-1,-1,-1,-1,-1,-1,-1,0,-1,-1,-1,-1,-1,-1,-1,-1,-1,-1,-1,-1,-1,-1,-1,-1,-1,-1,-1,-1,-1,-1,-1,-1,-1,-1,-1,1,-1,-1,-1,-1,-1,-1,-1,-1,-1,-1,-1,-1,-1,-1,-1,-1,-1,-1,-1,-1,-1,
-1,-1,-1,-1,-1,-1,-1,-1,1,-1,-1,-1,-1,-1,-1,-1,-1,-1,0,-1,-1,-1,-1,-1,-1,-1,-1,-1,-1,-1,-1,-1,-1,-1,-1,-1,-1,-1,-1,-1,-1,-1,-1,-1,-1,-1,-1,-1,-1,-1,-1,-1,-1,-1,-1,-1,-1,-1,-1,1,-1,-1,-1,-1,-1,-1,-1,
-1,-1,-1,1,-1,1,-1,-1,-1,-1,-1,-1,-1,-1,-1,-1,-1,-1,-1,0,-1,-1,-1,-1,1,-1,-1,-1,-1,-1,-1,-1,-1,-1,-1,-1,-1,-1,-1,-1,-1,-1,-1,-1,-1,-1,-1,-1,-1,-1,-1,-1,-1,-1,-1,-1,-1,-1,-1,-1,-1,-1,-1,-1,-1,-1,-1,
-1,-1,-1,-1,1,-1,1,-1,-1,-1,-1,-1,-1,-1,-1,-1,-1,-1,-1,-1,0,-1,-1,-1,-1,-1,-1,-1,-1,1,-1,-1,-1,-1,-1,-1,-1,-1,-1,-1,-1,-1,-1,-1,-1,-1,-1,-1,-1,-1,-1,-1,-1,-1,-1,-1,-1,-1,-1,-1,-1,-1,-1,-1,-1,-1,-1,
-1,-1,-1,-1,-1,-1,-1,-1,-1,-1,-1,-1,-1,-1,-1,-1,-1,-1,-1,-1,-1,0,-1,-1,-1,-1,-1,-1,-1,-1,-1,-1,-1,-1,-1,-1,-1,-1,-1,-1,-1,1,-1,-1,-1,-1,-1,-1,-1,-1,-1,-1,-1,1,-1,-1,-1,-1,-1,-1,-1,-1,-1,-1,-1,-1,-1,
-1,-1,-1,-1,-1,-1,-1,-1,-1,-1,-1,-1,-1,-1,-1,-1,-1,-1,-1,-1,-1,-1,0,-1,-1,-1,-1,-1,-1,-1,-1,-1,-1,-1,-1,-1,-1,-1,-1,-1,-1,-1,-1,-1,-1,-1,-1,-1,-1,-1,-1,-1,-1,-1,-1,-1,-1,-1,-1,-1,-1,-1,-1,1,1,-1,-1,
-1,1,-1,-1,-1,-1,1,-1,-1,-1,-1,-1,-1,-1,-1,-1,-1,-1,-1,-1,-1,-1,-1,0,-1,-1,-1,-1,-1,-1,-1,-1,-1,-1,-1,-1,-1,-1,-1,-1,-1,-1,-1,-1,-1,-1,-1,-1,-1,-1,-1,-1,-1,-1,-1,-1,-1,-1,-1,-1,-1,-1,-1,-1,-1,1,-1,
-1,-1,-1,-1,-1,-1,-1,1,-1,-1,-1,-1,-1,-1,-1,-1,-1,-1,-1,1,-1,-1,-1,-1,0,-1,-1,-1,-1,-1,-1,-1,-1,-1,-1,-1,-1,-1,-1,-1,-1,-1,-1,-1,-1,-1,-1,-1,-1,-1,-1,-1,-1,-1,1,-1,-1,-1,-1,-1,-1,-1,-1,-1,-1,-1,-1,
-1,-1,-1,-1,-1,-1,-1,-1,-1,1,-1,-1,-1,-1,-1,-1,-1,-1,-1,-1,-1,-1,-1,-1,-1,0,-1,-1,-1,-1,-1,-1,-1,-1,-1,-1,-1,-1,-1,-1,-1,-1,1,-1,-1,-1,-1,-1,-1,-1,-1,-1,-1,-1,-1,-1,-1,-1,-1,-1,-1,-1,-1,-1,-1,-1,-1,
-1,-1,-1,1,-1,-1,-1,-1,-1,-1,-1,-1,-1,-1,-1,-1,-1,-1,-1,-1,-1,-1,-1,-1,-1,-1,0,-1,-1,-1,-1,-1,-1,-1,-1,-1,-1,-1,-1,-1,1,-1,-1,-1,-1,-1,-1,-1,-1,-1,-1,-1,-1,-1,-1,-1,-1,-1,-1,-1,-1,-1,-1,-1,-1,-1,-1,
-1,-1,-1,-1,-1,-1,-1,-1,-1,-1,-1,-1,-1,-1,-1,-1,-1,-1,-1,-1,-1,-1,-1,-1,-1,-1,-1,0,-1,-1,-1,-1,-1,-1,-1,-1,-1,-1,-1,-1,-1,1,-1,-1,-1,-1,-1,-1,-1,-1,-1,-1,-1,-1,-1,-1,-1,-1,-1,-1,1,-1,-1,-1,-1,-1,-1,
-1,1,-1,1,-1,-1,-1,-1,1,1,-1,-1,-1,-1,-1,-1,-1,-1,-1,-1,-1,-1,-1,-1,-1,-1,-1,-1,0,-1,-1,-1,1,-1,-1,-1,-1,-1,-1,-1,-1,-1,-1,-1,-1,-1,-1,-1,-1,-1,-1,-1,-1,-1,-1,-1,-1,-1,-1,-1,-1,-1,-1,-1,-1,-1,-1,
-1,-1,-1,-1,-1,-1,-1,-1,-1,-1,-1,-1,-1,-1,-1,-1,-1,-1,-1,-1,1,-1,-1,-1,-1,-1,-1,-1,-1,0,-1,-1,-1,-1,-1,-1,-1,-1,-1,-1,-1,-1,-1,-1,-1,-1,-1,-1,-1,-1,-1,1,-1,-1,-1,-1,-1,-1,-1,-1,-1,-1,-1,-1,-1,-1,-1,
-1,-1,-1,-1,-1,-1,1,-1,-1,-1,-1,-1,-1,-1,-1,-1,-1,-1,-1,-1,-1,-1,-1,-1,-1,-1,-1,-1,-1,-1,0,-1,-1,-1,-1,-1,1,-1,-1,-1,-1,-1,-1,-1,-1,-1,-1,-1,-1,-1,-1,-1,-1,-1,-1,-1,-1,-1,-1,-1,-1,-1,-1,-1,-1,-1,-1,
-1,-1,-1,-1,-1,-1,-1,1,-1,-1,-1,-1,-1,-1,-1,-1,-1,-1,-1,-1,-1,-1,-1,-1,-1,-1,-1,-1,-1,-1,-1,0,-1,-1,-1,-1,-1,-1,-1,-1,-1,-1,1,-1,-1,-1,-1,-1,-1,-1,-1,-1,-1,-1,-1,-1,-1,-1,-1,-1,-1,-1,-1,-1,-1,-1,-1,
-1,-1,-1,-1,-1,-1,-1,-1,-1,1,-1,-1,-1,-1,-1,-1,-1,-1,-1,-1,-1,-1,-1,-1,-1,-1,-1,-1,1,-1,-1,-1,0,-1,-1,-1,-1,-1,-1,-1,-1,-1,-1,-1,-1,-1,-1,-1,-1,-1,-1,-1,-1,-1,-1,-1,-1,-1,-1,-1,-1,-1,-1,-1,-1,-1,-1,
-1,-1,-1,-1,-1,1,1,-1,-1,-1,-1,-1,-1,-1,-1,-1,-1,-1,-1,-1,-1,-1,-1,-1,-1,-1,-1,-1,-1,-1,-1,-1,-1,0,-1,-1,-1,-1,-1,-1,-1,-1,-1,-1,-1,-1,-1,-1,-1,-1,-1,-1,-1,-1,-1,-1,-1,-1,-1,-1,-1,-1,-1,-1,-1,-1,-1,
-1,-1,-1,1,-1,-1,-1,1,-1,-1,-1,-1,-1,-1,-1,-1,-1,-1,-1,-1,-1,-1,-1,-1,-1,-1,-1,-1,-1,-1,-1,-1,-1,-1,0,-1,-1,-1,-1,-1,-1,-1,-1,-1,-1,-1,-1,-1,-1,-1,-1,-1,-1,-1,-1,-1,-1,-1,-1,-1,-1,-1,-1,-1,-1,-1,-1,
-1,-1,-1,-1,1,-1,1,-1,-1,-1,-1,-1,-1,-1,-1,-1,-1,-1,-1,-1,-1,-1,-1,-1,-1,-1,-1,-1,-1,-1,-1,-1,-1,-1,-1,0,-1,-1,-1,-1,-1,-1,-1,-1,-1,-1,-1,-1,-1,-1,-1,-1,-1,-1,-1,-1,-1,-1,-1,-1,-1,-1,-1,-1,-1,-1,-1,
-1,1,-1,-1,-1,-1,-1,-1,-1,-1,-1,-1,-1,-1,-1,-1,-1,-1,-1,-1,-1,-1,-1,-1,-1,-1,-1,-1,-1,-1,1,-1,-1,-1,-1,-1,0,-1,-1,-1,-1,-1,-1,-1,-1,-1,-1,-1,-1,-1,-1,-1,-1,-1,-1,-1,-1,-1,-1,-1,-1,-1,-1,-1,-1,-1,-1,
-1,-1,1,1,1,-1,-1,-1,-1,-1,-1,-1,-1,-1,-1,-1,-1,-1,-1,-1,-1,-1,-1,-1,-1,-1,-1,-1,-1,-1,-1,-1,-1,-1,-1,-1,-1,0,-1,-1,-1,-1,-1,-1,-1,-1,-1,-1,-1,-1,-1,-1,-1,-1,-1,-1,-1,-1,-1,-1,-1,-1,-1,-1,-1,-1,-1,
-1,-1,-1,-1,1,-1,-1,-1,-1,-1,-1,-1,-1,-1,-1,-1,-1,-1,-1,-1,-1,-1,-1,-1,-1,-1,-1,-1,-1,-1,-1,-1,-1,-1,-1,-1,-1,-1,0,-1,-1,-1,-1,-1,-1,-1,-1,-1,-1,-1,-1,-1,-1,-1,-1,1,-1,-1,-1,-1,-1,-1,-1,-1,-1,-1,-1,
-1,-1,-1,-1,-1,-1,-1,-1,-1,-1,-1,-1,-1,-1,1,-1,-1,-1,-1,-1,-1,-1,-1,-1,-1,-1,-1,-1,-1,-1,-1,-1,-1,-1,-1,-1,-1,-1,-1,0,-1,-1,-1,-1,-1,-1,-1,-1,-1,-1,-1,-1,-1,-1,-1,1,-1,-1,-1,-1,-1,-1,-1,-1,-1,-1,-1,
1,1,1,-1,-1,-1,-1,-1,1,-1,-1,-1,-1,-1,-1,-1,-1,-1,-1,-1,-1,-1,-1,-1,-1,-1,1,-1,-1,-1,-1,-1,-1,-1,-1,-1,-1,-1,-1,-1,0,-1,-1,-1,-1,-1,-1,-1,-1,-1,-1,-1,-1,-1,-1,-1,-1,-1,-1,-1,-1,-1,-1,-1,-1,-1,-1,
1,1,-1,-1,-1,-1,-1,-1,1,1,-1,-1,-1,-1,-1,-1,-1,-1,-1,-1,-1,1,-1,-1,-1,-1,-1,1,-1,-1,-1,-1,-1,-1,-1,-1,-1,-1,-1,-1,-1,0,-1,-1,-1,-1,-1,-1,-1,-1,-1,-1,-1,-1,-1,-1,-1,-1,-1,-1,-1,-1,-1,-1,-1,-1,-1,
-1,-1,-1,-1,-1,-1,-1,-1,-1,-1,-1,-1,-1,-1,-1,-1,-1,-1,-1,-1,-1,-1,-1,-1,-1,1,-1,-1,-1,-1,-1,1,-1,-1,-1,-1,-1,-1,-1,-1,-1,-1,0,-1,-1,-1,-1,-1,-1,-1,-1,-1,-1,-1,-1,-1,-1,-1,-1,-1,-1,-1,-1,-1,-1,-1,-1,
-1,-1,-1,1,-1,-1,-1,-1,-1,-1,-1,-1,-1,-1,-1,-1,-1,-1,-1,-1,-1,-1,-1,-1,-1,-1,-1,-1,-1,-1,-1,-1,-1,-1,-1,-1,-1,-1,-1,-1,-1,-1,-1,0,-1,-1,-1,-1,-1,-1,-1,-1,-1,-1,-1,-1,-1,-1,-1,-1,-1,-1,1,-1,-1,-1,-1,
-1,-1,-1,-1,1,-1,-1,-1,-1,1,-1,-1,-1,-1,-1,-1,-1,-1,-1,-1,-1,-1,-1,-1,-1,-1,-1,-1,-1,-1,-1,-1,-1,-1,-1,-1,-1,-1,-1,-1,-1,-1,-1,-1,0,-1,-1,-1,-1,-1,-1,-1,-1,-1,-1,-1,-1,-1,-1,-1,-1,-1,-1,-1,-1,-1,-1,
-1,-1,-1,-1,-1,1,-1,1,-1,-1,-1,-1,-1,-1,-1,-1,-1,1,-1,-1,-1,-1,-1,-1,-1,-1,-1,-1,-1,-1,-1,-1,-1,-1,-1,-1,-1,-1,-1,-1,-1,-1,-1,-1,-1,0,-1,-1,-1,-1,-1,-1,-1,-1,-1,-1,-1,-1,-1,-1,-1,-1,-1,-1,-1,-1,-1,
-1,1,-1,-1,-1,1,-1,-1,-1,-1,-1,-1,-1,-1,-1,-1,-1,-1,-1,-1,-1,-1,-1,-1,-1,-1,-1,-1,-1,-1,-1,-1,-1,-1,-1,-1,-1,-1,-1,-1,-1,-1,-1,-1,-1,-1,0,-1,-1,-1,-1,-1,-1,-1,-1,-1,-1,-1,-1,-1,-1,-1,-1,-1,-1,-1,-1,
-1,-1,-1,-1,-1,-1,-1,-1,-1,-1,-1,-1,-1,-1,-1,-1,-1,-1,-1,-1,-1,-1,-1,-1,-1,-1,-1,-1,-1,-1,-1,-1,-1,-1,-1,-1,-1,-1,-1,-1,-1,-1,-1,-1,-1,-1,-1,0,-1,-1,-1,-1,-1,-1,-1,-1,-1,-1,-1,-1,-1,1,-1,-1,-1,-1,1,
-1,-1,1,1,1,-1,-1,1,-1,-1,-1,-1,-1,-1,-1,-1,-1,-1,-1,-1,-1,-1,-1,-1,-1,-1,-1,-1,-1,-1,-1,-1,-1,-1,-1,-1,-1,-1,-1,-1,-1,-1,-1,-1,-1,-1,-1,-1,0,-1,-1,1,-1,-1,-1,-1,-1,-1,-1,-1,-1,-1,-1,-1,-1,-1,-1,
1,-1,-1,-1,1,-1,1,-1,-1,-1,-1,-1,-1,-1,-1,-1,-1,-1,-1,-1,-1,-1,-1,-1,-1,-1,-1,-1,-1,-1,-1,-1,-1,-1,-1,-1,-1,-1,-1,-1,-1,-1,-1,-1,-1,-1,-1,-1,-1,0,-1,-1,-1,-1,-1,-1,-1,-1,-1,-1,-1,-1,-1,-1,-1,-1,-1,
-1,1,-1,-1,-1,-1,-1,-1,1,-1,-1,-1,-1,-1,-1,-1,-1,-1,-1,-1,-1,-1,-1,-1,-1,-1,-1,-1,-1,-1,-1,-1,-1,-1,-1,-1,-1,-1,-1,-1,-1,-1,-1,-1,-1,-1,-1,-1,-1,-1,0,-1,-1,-1,-1,-1,-1,-1,-1,-1,-1,-1,-1,-1,-1,-1,-1,
-1,-1,-1,-1,-1,-1,-1,-1,-1,-1,-1,-1,-1,-1,-1,-1,-1,-1,-1,-1,-1,-1,-1,-1,-1,-1,-1,-1,-1,1,-1,-1,-1,-1,-1,-1,-1,-1,-1,-1,-1,-1,-1,-1,-1,-1,-1,-1,1,-1,-1,0,-1,-1,-1,-1,-1,-1,-1,-1,-1,-1,-1,-1,-1,-1,-1,
-1,-1,-1,-1,-1,-1,-1,-1,-1,-1,1,-1,-1,-1,-1,-1,-1,-1,-1,-1,-1,-1,-1,-1,-1,-1,-1,-1,-1,-1,-1,-1,-1,-1,-1,-1,-1,-1,-1,-1,-1,-1,-1,-1,-1,-1,-1,-1,-1,-1,-1,-1,0,-1,-1,-1,-1,-1,-1,-1,-1,-1,1,-1,-1,-1,-1,
-1,-1,-1,-1,-1,1,-1,-1,-1,-1,-1,-1,-1,-1,-1,-1,-1,-1,-1,-1,-1,1,-1,-1,-1,-1,-1,-1,-1,-1,-1,-1,-1,-1,-1,-1,-1,-1,-1,-1,-1,-1,-1,-1,-1,-1,-1,-1,-1,-1,-1,-1,-1,0,-1,-1,-1,-1,-1,-1,-1,-1,-1,-1,-1,-1,-1,
1,-1,-1,-1,-1,-1,-1,-1,-1,-1,-1,-1,-1,-1,-1,-1,-1,-1,-1,-1,-1,-1,-1,-1,1,-1,-1,-1,-1,-1,-1,-1,-1,-1,-1,-1,-1,-1,-1,-1,-1,-1,-1,-1,-1,-1,-1,-1,-1,-1,-1,-1,-1,-1,0,-1,-1,-1,-1,-1,-1,-1,-1,-1,-1,-1,-1,
-1,-1,-1,1,-1,-1,-1,-1,-1,-1,-1,-1,-1,-1,-1,-1,-1,-1,-1,-1,-1,-1,-1,-1,-1,-1,-1,-1,-1,-1,-1,-1,-1,-1,-1,-1,-1,-1,1,1,-1,-1,-1,-1,-1,-1,-1,-1,-1,-1,-1,-1,-1,-1,-1,0,-1,-1,-1,-1,-1,-1,-1,-1,-1,-1,-1,
1,-1,-1,-1,1,-1,-1,-1,-1,1,-1,-1,-1,-1,-1,-1,-1,-1,-1,-1,-1,-1,-1,-1,-1,-1,-1,-1,-1,-1,-1,-1,-1,-1,-1,-1,-1,-1,-1,-1,-1,-1,-1,-1,-1,-1,-1,-1,-1,-1,-1,-1,-1,-1,-1,-1,0,-1,-1,-1,-1,-1,-1,-1,-1,-1,-1,
1,-1,-1,-1,-1,-1,-1,1,-1,-1,-1,-1,-1,-1,-1,-1,-1,-1,-1,-1,-1,-1,-1,-1,-1,-1,-1,-1,-1,-1,-1,-1,-1,-1,-1,-1,-1,-1,-1,-1,-1,-1,-1,-1,-1,-1,-1,-1,-1,-1,-1,-1,-1,-1,-1,-1,-1,0,-1,-1,-1,-1,-1,-1,-1,-1,-1,
-1,-1,-1,1,-1,-1,-1,1,-1,-1,-1,-1,-1,-1,-1,-1,-1,-1,-1,-1,-1,-1,-1,-1,-1,-1,-1,-1,-1,-1,-1,-1,-1,-1,-1,-1,-1,-1,-1,-1,-1,-1,-1,-1,-1,-1,-1,-1,-1,-1,-1,-1,-1,-1,-1,-1,-1,-1,0,-1,-1,-1,-1,-1,-1,-1,-1,
1,-1,-1,-1,-1,-1,-1,-1,-1,-1,-1,-1,-1,-1,-1,-1,-1,-1,1,-1,-1,-1,-1,-1,-1,-1,-1,-1,-1,-1,-1,-1,-1,-1,-1,-1,-1,-1,-1,-1,-1,-1,-1,-1,-1,-1,-1,-1,-1,-1,-1,-1,-1,-1,-1,-1,-1,-1,-1,0,-1,-1,-1,-1,-1,-1,-1,
-1,-1,1,-1,-1,1,-1,1,-1,-1,-1,-1,-1,-1,-1,-1,-1,-1,-1,-1,-1,-1,-1,-1,-1,-1,-1,1,-1,-1,-1,-1,-1,-1,-1,-1,-1,-1,-1,-1,-1,-1,-1,-1,-1,-1,-1,-1,-1,-1,-1,-1,-1,-1,-1,-1,-1,-1,-1,-1,0,-1,-1,-1,-1,-1,-1,
1,-1,-1,-1,-1,-1,-1,-1,1,1,-1,-1,-1,-1,-1,-1,-1,-1,-1,-1,-1,-1,-1,-1,-1,-1,-1,-1,-1,-1,-1,-1,-1,-1,-1,-1,-1,-1,-1,-1,-1,-1,-1,-1,-1,-1,-1,1,-1,-1,-1,-1,-1,-1,-1,-1,-1,-1,-1,-1,-1,0,-1,-1,-1,-1,-1,
1,-1,-1,-1,-1,1,-1,-1,-1,-1,-1,-1,-1,-1,-1,-1,-1,-1,-1,-1,-1,-1,-1,-1,-1,-1,-1,-1,-1,-1,-1,-1,-1,-1,-1,-1,-1,-1,-1,-1,-1,-1,-1,1,-1,-1,-1,-1,-1,-1,-1,-1,1,-1,-1,-1,-1,-1,-1,-1,-1,-1,0,-1,-1,-1,-1,
-1,1,1,-1,-1,-1,1,-1,-1,-1,-1,-1,-1,-1,-1,-1,-1,-1,-1,-1,-1,-1,1,-1,-1,-1,-1,-1,-1,-1,-1,-1,-1,-1,-1,-1,-1,-1,-1,-1,-1,-1,-1,-1,-1,-1,-1,-1,-1,-1,-1,-1,-1,-1,-1,-1,-1,-1,-1,-1,-1,-1,-1,0,-1,-1,-1,
-1,-1,-1,-1,-1,1,-1,-1,-1,-1,-1,-1,-1,-1,-1,-1,-1,-1,-1,-1,-1,-1,1,-1,-1,-1,-1,-1,-1,-1,-1,-1,-1,-1,-1,-1,-1,-1,-1,-1,-1,-1,-1,-1,-1,-1,-1,-1,-1,-1,-1,-1,-1,-1,-1,-1,-1,-1,-1,-1,-1,-1,-1,-1,0,-1,-1,
-1,-1,1,-1,-1,-1,-1,-1,-1,-1,-1,-1,-1,-1,-1,-1,-1,-1,-1,-1,-1,-1,-1,1,-1,-1,-1,-1,-1,-1,-1,-1,-1,-1,-1,-1,-1,-1,-1,-1,-1,-1,-1,-1,-1,-1,-1,-1,-1,-1,-1,-1,-1,-1,-1,-1,-1,-1,-1,-1,-1,-1,-1,-1,-1,0,-1,
-1,-1,-1,-1,-1,-1,-1,-1,1,-1,-1,-1,-1,-1,-1,-1,-1,-1,-1,-1,-1,-1,-1,-1,-1,-1,-1,-1,-1,-1,-1,-1,-1,-1,-1,-1,-1,-1,-1,-1,-1,-1,-1,-1,-1,-1,-1,1,-1,-1,-1,-1,-1,-1,-1,-1,-1,-1,-1,-1,-1,-1,-1,-1,-1,-1,0,

(7,0)
(7,1)
(7,2)
(7,3)
(9,4)
(9,5)
(7,6)
(7,7)
(8,8)
(9,9)
(9,10)
(8,11)
(8,12)
(7,13)
(7,14)
(8,15)
(7,16)
(7,17)
(9,18)
(9,19)
(36,7)
(46,3)
(59,13)
(43,6)
(23,0)
(33,0)
(25,2)
(35,0)
(42,0)
(46,17)
(38,16)
(59,16)
(24,0)
(55,4)
(19,19)
(26,1)
(52,5)
(49,16)
(23,3)
(32,5)
(57,18)
(29,1)
(53,1)
(16,13)
(31,15)
(47,11)
(41,12)
(19,6)
(37,12)
(21,11)
(54,14)
(38,1)
(22,12)
(50,18)
(36,7)
(24,9)
(16,0)
(36,17)
(54,1)
(47,18)
(58,1)
(12,17)
(20,2)
(28,15)
(34,3)
(44,14)
(7,7)
(41,0)
(40,0)
(49,1)
(26,15)
(15,17)
(9,6)
(52,13)
(30,1)
(29,17)
(57,4)
(24,1)
(12,3)
(46,3)
(42,8)
(20,1)
(22,11)
(22,5)
(22,19)
(17,9)
(28,1)
(13,1)
(46,9)
(57,3)
(43,2)
(50,16)
(37,19)
(51,12)
(52,12)
(52,8)
(66,13)
(53,17)
(17,2)
(50,8)
(15,2)
(11,12)
(48,2)
(40,0)
(37,19)
(33,5)
(16,6)
(9,13)
(61,2)
(12,10)
(60,9)
(24,9)
(15,17)
(59,18)
(20,5)
(58,9)
(23,10)
(58,0)
(55,4)
(57,16)
(23,4)
(38,5)
(49,7)
(30,9)
(62,7)
(57,0)
(49,19)
(50,1)
(36,2)
(11,7)
(64,7)
(23,0)
(40,6)
(8,17)
(45,11)
(56,4)
(40,5)
(25,14)
(28,8)
(38,18)
(19,19)
(7,6)
(13,1)
(31,19)
(43,1)
(38,14)
(10,10)
(16,6)
(7,0)
(19,16)
(53,6)
(40,14)
(39,6)
(14,9)
(7,3)
(62,16)
(53,4)
(22,7)
(51,14)
(41,3)
(49,12)
(17,16)
(30,9)
(8,2)
(36,12)
(34,17)
(20,15)
(8,13)
(16,17)
(40,2)
(10,9)
(55,0)
(58,14)
(52,7)
(48,2)
(52,1)
(27,3)
(28,8)
(50,1)
(28,11)
(54,9)
(62,17)
(53,9)
(19,14)
(49,4)
(63,14)
(37,7)
(10,2)
(40,7)
(36,9)
(26,18)
(19,3)
(23,0)
(39,19)
(46,2)
(45,16)
(44,4)
(20,8)
(25,0)
(53,4)
(62,8)
(28,0)
(23,6)
(21,2)
(59,19)
(55,10)
(50,2)
(26,0)
(19,15)
(55,7)
(21,12)
(26,1)
(13,13)
(41,12)
(29,9)
(19,9)
(11,1)
(59,1)
(63,10)
(33,15)
(44,12)
(11,0)
(12,1)
(60,2)
(61,15)
(51,1)
(44,15)
(63,14)
(64,15)
(34,2)
(22,9)
(33,12)
(7,4)
(60,0)
(43,1)
(66,14)
(40,18)
(62,2)
(62,5)
(34,2)
(47,5)
(55,13)
(41,1)
(60,11)
(49,12)
(31,10)
(24,7)
(8,14)
(16,5)
(27,8)
(59,10)
(51,1)
(16,5)
(53,5)
(14,8)
(45,8)
(53,5)
(24,15)
(59,6)
(38,18)
(14,4)
(7,0)
(16,9)
(57,0)
(29,4)
(65,0)
(51,17)
(44,1)
(66,17)
(49,10)
(51,12)
(7,7)
(22,1)
(14,0)
(23,10)
(45,15)
(40,4)
(11,4)
(21,2)
(8,18)
(46,2)
(57,6)
(17,15)
(29,6)
(37,18)
(47,15)
(17,13)
(53,0)
(39,13)
(63,1)
(16,12)
(62,8)
(28,5)
(57,12)
(29,5)
(55,12)
(26,9)
(19,2)
(40,5)
(7,8)
(47,0)
(56,9)
(62,0)
(45,19)
(63,14)
(28,19)
(35,8)
(56,0)
(13,11)
(65,1)
(27,12)
(28,10)
(34,13)
(66,14)
(38,2)
(52,19)
(50,1)
(45,3)
(46,2)
(63,17)
(29,9)
(9,1)
(8,10)
(38,1)
(52,6)
(63,9)
(15,0)
(18,7)
(15,15)
(31,1)
(7,0)
(37,14)
(14,13)
(56,0)
(11,6)
(48,2)
(51,3)
(40,8)
(42,17)
(57,0)
(51,0)
(39,3)
(41,6)
(40,5)
(22,13)
(11,2)
(66,19)
(19,0)
(23,0)
(21,2)
(22,1)
(31,5)
(26,4)
(62,1)
(46,0)
(12,6)
(44,2)
(24,13)
(48,15)
(36,11)
(12,4)
(31,17)
(11,1)
(20,13)
(30,0)
(61,9)
(16,11)
(65,6)
(49,10)
(19,3)
(42,9)
(44,12)
(36,7)
(58,14)
(47,2)
(16,18)
(19,11)
(56,3)
(26,10)
(47,9)
(44,15)
(21,2)
(25,6)
(25,0)
(29,8)
(52,0)
(32,6)
(56,5)
(9,0)
(41,3)
(35,8)
(27,14)
(42,1)
(54,16)
(53,3)
(10,13)
(57,11)
(52,3)
(9,4)
(28,13)
(17,6)
(13,1)
(63,2)
(9,10)
(34,2)
(10,18)
(46,15)
(29,1)
(60,19)
(11,14)
(52,3)
(59,19)
(26,5)
(34,18)
(39,0)
(53,15)
(66,0)
(36,10)
(9,3)
(34,16)
(23,0)
(15,11)
(31,7)
(19,8)
(56,1)
(42,6)
(62,0)
(22,17)
(7,0)
(26,11)
(53,8)
(30,10)
(47,8)
(60,4)
(29,8)
(25,1)
(16,4)
(14,11)
(13,5)
(61,4)
(31,3)
(57,6)
(34,4)
(33,19)
(55,8)
(25,4)
(12,15)
(47,7)
(12,8)
(25,11)
(53,18)
(9,9)
(57,11)
(21,4)
(60,11)
(18,4)
(53,3)
(40,16)
(33,6)
(29,1)
(45,14)
(64,5)
(35,5)
(35,4)
(53,17)
(65,1)
(17,10)
(55,18)
(54,2)
(57,4)
(43,13)
(42,0)
(16,7)
(7,3)
(16,11)
(39,0)
(63,15)
(63,0)
(38,2)
(38,4)
(9,6)
(40,1)
(59,0)
(46,17)
(12,14)
(66,15)
(44,18)
(54,15)
(46,15)
(37,1)
(23,15)
(35,4)
(42,19)
(37,11)
(11,10)
(64,0)
(64,6)
(48,13)
(44,11)
(27,19)
(22,16)
(60,8)
(19,10)
(46,0)
(55,10)
(35,9)
(25,13)
(14,19)
(28,16)
(40,15)
(13,2)
(16,12)
(62,5)
(63,7)
(57,19)
(55,11)
(21,6)
(14,11)
(38,15)
(9,11)
(23,4)
(65,2)
(64,17)
(26,0)
(33,2)
(65,16)
(23,6)
(29,11)
(8,17)
(44,11)
(21,3)
(55,10)
(62,19)
(64,6)
(43,2)
(15,15)
(60,3)
(52,19)
(40,15)
(22,6)
(28,14)
(10,2)
(33,11)
(35,5)
(14,16)
(41,1)
(64,7)
(26,9)
(25,0)
(61,7)
(21,16)
(13,9)
(28,0)
(40,8)
(9,4)
(63,12)
(22,4)
(28,1)
(28,1)
(62,13)
(66,9)
(52,7)
(12,2)
(36,16)
(33,2)
(25,2)
(45,6)
(32,8)
(63,11)
(49,2)
(56,10)
(63,16)
(22,13)
(51,19)
(23,15)
(36,19)
(31,15)
(48,2)
(38,6)
(30,10)
(61,15)
(35,16)
(63,10)
(31,18)
(50,0)
(64,0)
(10,4)
(49,9)
(8,17)
(45,10)
(41,10)
(18,6)
(50,1)
(9,7)
(9,18)
(40,19)
(43,18)
(14,1)
(12,13)
(48,5)
(38,19)
(39,14)
(33,12)
(32,3)
(60,2)
(50,0)
(61,11)
(27,14)
(52,0)
(52,3)
(60,12)
(59,5)
(55,10)
(23,2)
(7,2)
(25,8)
(7,13)
(39,18)
(52,8)
(45,13)
(24,15)
(46,5)
(16,3)
(56,19)
(47,14)
(45,12)
(13,15)
(26,3)
(37,18)
(37,14)
(63,10)
(61,13)
(60,13)
(46,0)
(27,10)
(44,8)
(13,0)
(64,9)
(10,15)
(14,16)
(60,11)
(54,16)
(13,7)
(12,12)
(12,19)
(45,18)
(13,8)
(23,0)
(16,1)
(18,12)
(12,17)
(62,12)
(39,1)
(37,12)
(53,14)
(44,17)
(32,8)
(32,12)
(14,14)
(58,4)
(14,19)
(25,7)
(54,8)
(54,17)
(14,17)
(52,7)
(38,3)
(29,2)
(53,9)
(60,3)
(25,8)
(38,0)
(28,13)
(21,4)
(55,19)
(11,12)
(29,3)
(50,15)
(51,8)
(45,7)
(15,3)
(21,15)
(29,3)
(44,13)
(38,18)
(45,0)
(51,1)
(41,0)
(14,0)
(44,9)
(60,0)
(12,1)
(50,12)
(49,14)
(32,7)
(63,16)
(42,15)
(37,13)
(43,16)
(46,3)
(44,8)
(23,11)
(46,16)
(20,0)
(41,4)
(46,5)
(34,1)
(50,4)
(40,18)
(19,0)
(30,0)
(40,2)
(36,13)
(63,5)
(30,6)
(31,3)
(54,0)
(56,2)
(46,18)
(46,12)
(45,17)
(33,3)
(23,1)
(24,0)
(35,15)
(27,6)
(19,9)
(26,0)
(62,18)
(58,6)
(34,16)
(57,1)
(43,2)
(40,14)
(48,2)
(34,6)
(49,11)
(27,5)
(21,7)
(21,3)
(33,12)
(62,16)
(61,8)
(16,14)
(46,19)
(32,17)
(18,1)
(28,8)
(16,12)
(34,2)
(21,18)
(44,10)
(57,15)
(27,16)
(14,3)
(56,0)
(27,19)
(57,7)
(11,2)
(26,12)
(57,5)
(20,6)
(39,14)
(33,9)
(12,15)
(37,8)
(44,18)
(20,8)
(33,8)
(64,19)
(23,19)
(41,14)
(52,16)
(12,13)
(39,18)
(27,5)
(59,5)
(66,4)
(47,17)
(58,12)
(10,1)
(39,0)
(65,13)
(15,6)
(55,14)
(43,9)
(30,7)
(23,15)
(58,9)
(10,17)
(11,4)
(11,6)
(57,4)
(34,3)
(55,5)
(10,3)
(17,0)
(42,13)
(30,10)
(57,1)
(29,16)
(54,19)
(20,4)
(16,10)
(29,16)
(47,11)
(53,6)
(18,8)
(44,1)
(37,4)
(54,8)
(29,2)
(57,9)
(59,18)
(25,1)
(51,16)
(42,0)
(33,6)
(46,5)
(18,12)
(60,7)
(21,3)
(11,4)
(15,16)
(31,14)
(30,1)
(55,0)
(24,9)
(50,8)
(17,18)
(44,1)
(32,14)
(9,8)
(23,18)
(12,7)
(54,17)
(33,4)
(52,12)
(35,18)
(14,2)
(36,2)
(16,7)
(18,7)
(22,5)
(53,12)
(17,7)
(15,2)
(21,1)
(11,8)
(24,7)
(43,12)
(15,6)
(42,1)
(15,11)
(14,11)
(24,7)
(41,10)
(44,5)
(45,6)
(46,14)
(37,11)
(48,0)
(54,13)
(63,10)
(26,6)
(63,5)
(18,18)
(28,14)
(65,17)
(14,6)
(25,14)
(54,3)
(48,7)
(20,1)
(28,2)
(8,16)
(30,13)
(33,1)
(49,3)
(44,7)
(42,7)
(9,6)
(58,2)
(44,7)
(35,18)
(49,5)
(50,7)
(37,13)
(19,0)
(46,19)
(11,11)
(42,9)
(16,4)
(20,1)
(48,3)
(44,5)
(54,16)
(16,2)
(41,11)
(60,3)
(13,3)
(8,17)
(47,4)
(36,14)
(59,2)
(62,4)
(49,3)
(57,4)
(11,3)
(10,1)
(26,4)
(23,5)
(33,1)
(66,5)
(62,15)
(29,7)
(37,13)
(7,12)
(41,5)
(43,2)
(12,1)
(19,12)
(14,18)
(16,2)
(28,3)
(12,3)
(17,4)
(61,1)
(50,10)
(28,6)
(45,8)
(25,10)
(56,13)
(29,7)
(36,3)
(15,1)
(22,12)
(22,14)
(35,4)
(37,11)
(12,13)
(9,17)
(7,6)
(54,12)
(52,0)
(64,16)
(17,7)
(45,9)
(14,15)
(35,1)
(59,10)
(61,9)
(57,18)
(14,8)
(37,15)
(46,3)
(59,16)
(53,6)
(59,3)
(46,6)
(7,6)
(65,10)
(65,3)
(46,7)
(23,9)
(24,0)
(64,5)
(61,0)
(48,16)
(39,5)
(24,3)
(37,3)
(10,4)
(59,5)
(64,14)
(18,10)
(27,7)
(45,5)
(41,7)
(45,3)
(15,1)
(43,15)
(59,1)
(65,1)
(51,5)
(19,15)
(21,11)
(27,2)
(39,1)
(13,1)
(18,15)
(51,15)
(11,15)
(30,5)
(38,2)
(27,6)
(55,0)
(36,19)
(55,6)
(7,3)
(23,18)
(49,15)
(33,0)
(28,1)
(14,16)
(53,1)
(36,16)
(15,0)
(63,6)
(45,2)
(24,3)
(54,5)
(16,4)
(9,8)
(9,13)
(30,4)
(22,18)
(26,9)
(52,1)
(54,7)
(54,16)
(8,17)
(24,1)
(45,9)
(40,15)
(58,3)
(44,9)
(63,3)
(34,5)
(48,17)
(16,3)
(32,1)
(53,1)
(27,3)
(35,7)
(44,5)
(61,9)
(27,2)
(50,7)
(29,1)
(15,0)
(12,13)
(17,0)
(62,1)
(21,15)
(23,4)
(12,2)
(58,9)
(22,9)
(44,5)
(9,13)
(62,0)
(48,7)
(48,7)
(44,6)
(63,1)
(57,12)
(59,0)
(49,4)
(30,5)
(13,3)
(36,14)
(49,14)
(15,10)
(55,0)
(35,11)
(65,6)
(45,15)
(66,2)
(16,5)
(58,1)
(30,7)
(21,3)
(52,11)
(33,1)
(53,15)
(31,1)
(31,7)
(61,15)
(20,0)
(7,9)
(8,10)
(47,2)
(22,2)
(7,11)
(38,12)
(19,7)
(53,14)
(57,7)
(46,8)
(53,10)
(18,17)
(33,12)
(57,19)
(59,18)
(44,1)
(21,4)
(10,0)
(30,5)
(58,4)
(53,16)
(55,1)
(13,12)
(40,2)
(18,6)
(27,4)
(56,18)
(32,1)
(64,2)
(13,11)
(22,10)
(29,17)
(51,0)
(34,0)
(21,13)
(23,10)
(58,15)
(26,9)
(61,6)
(56,17)
(9,9)
(43,14)
(64,11)
(58,0)
(62,4)
(22,5)
(53,11)
(63,0)
(18,2)
(23,10)
(66,12)
(59,1)
(65,5)
(17,13)
(50,16)
(15,15)
(51,10)
(17,7)
(58,2)
(34,14)
(7,13)
(17,0)
(38,13)
(45,14)
(62,12)
(17,11)
(65,13)
(55,11)
(32,11)
(50,0)
(49,14)
(66,4)
(57,0)
(64,1)
(33,5)
(17,10)
(17,9)
(53,18)
(39,0)
(62,6)
(8,0)
(22,6)
(38,15)
(14,0)
(50,15)
(42,14)
(35,2)
(20,18)
(61,8)
(59,16)
(65,15)
(37,1)
(48,11)
(27,18)
(54,12)
(18,11)
(65,10)
(12,6)
(8,11)
(23,13)
(27,3)
(58,0)
(29,12)
(61,1)
(51,12)
(28,11)
(29,5)
(64,15)
(35,10)
(52,13)
(9,6)
(43,15)
(27,15)
(55,15)
(47,12)
(18,15)
(32,12)
(64,2)
(30,19)
(48,5)
(35,1)
(58,2)
(41,14)
(32,3)
(61,3)
(56,6)
(41,2)
(42,0)
(20,19)
(62,2)
(21,1)
(52,3)
(63,2)
(48,0)
(39,10)
(12,11)
(45,0)
(46,4)
(14,6)
(32,8)
(60,9)
(25,15)
(9,2)
(47,19)
(53,16)
(45,13)
(44,10)
(53,15)
(46,6)
(62,16)
(22,8)
(7,3)
(27,0)
(57,6)
(39,14)
(56,5)
(44,3)
(41,4)
(59,2)
(17,3)
(29,6)
(58,12)
(63,5)
(63,19)
(41,15)
(30,15)
(32,15)
(40,14)
(16,8)
(25,15)
(51,3)
(64,0)
(33,2)
(55,6)
(54,6)
(53,7)
(48,16)
(51,7)
(34,0)
(49,11)
(57,7)
(26,13)
(53,11)
(40,2)
(36,12)
(16,18)
(49,1)
(52,6)
(33,13)
(49,13)
(64,19)
(62,17)
(18,14)
(12,3)
(64,8)
(63,5)
(10,6)
(25,0)
(44,0)
(15,2)
(45,12)
(46,2)
(12,18)
(65,5)
(62,16)
(8,19)
(39,14)
(14,1)
(35,17)
(8,3)
(62,5)
(14,15)
(58,0)
(16,2)
(60,6)
(65,6)
(55,7)
(15,6)
(17,14)
(15,0)
(14,10)
(65,11)
(16,4)
(17,4)
(45,5)
(39,6)
(14,8)
(52,0)
(49,17)
(8,12)
(13,16)
(55,13)
(21,2)
(66,19)
(56,14)
(28,0)
(15,19)
(20,7)
(65,10)
(25,2)
(32,4)
(25,4)
(8,6)
(26,16)
(61,3)
(12,17)
(57,11)
(49,10)
(62,2)
(34,10)
(43,13)
(20,10)
(31,9)
(20,4)
(56,14)
(19,12)
(55,19)
(49,11)
(55,1)
(34,9)
(42,3)
(36,16)
(44,9)
(45,0)
(17,12)
(37,19)
(40,18)
(44,17)
(65,6)
(45,12)
(65,4)
(56,11)
(19,2)
(62,0)
(51,6)
(63,9)
(53,12)
(21,1)
(33,6)
(32,2)
(9,16)
(54,13)
(46,0)
(47,4)
(48,6)
(45,11)
(33,18)
(57,8)
(31,14)
(15,14)
(32,15)
(25,2)
(29,14)
(22,13)
(11,3)
(8,19)
(51,4)
(50,2)
(32,7)
(34,11)
(12,15)
(46,7)
(48,5)
(22,12)
(19,8)
(30,15)
(55,0)
(22,2)
(13,3)
(60,8)
(56,5)
(29,2)
(57,17)
(60,17)
(50,1)
(57,16)
(14,4)
(31,12)
(33,1)
(43,5)
(59,9)
(42,16)
(21,8)
(49,2)
(63,9)
(10,9)
(53,18)
(53,11)
(43,10)
(48,1)
(58,15)
(39,14)
(31,18)
(37,7)
(44,2)
(41,5)
(22,18)
(66,6)
(25,0)
(17,2)
(33,5)
(40,6)
(23,13)
(35,6)
(47,16)
(44,11)
(10,0)
(41,6)
(46,3)
(53,17)
(59,6)
(10,18)
(27,6)
(21,19)
(25,8)
(23,8)
(44,2)
(52,15)
(17,11)
(25,14)
(54,18)
(47,2)
(49,5)
(31,1)
(45,2)
(13,6)
(11,0)
(37,5)
(12,1)
(40,19)
(40,16)
(14,1)
(49,2)
(34,2)
(35,3)
(40,12)
(30,16)
(49,0)
(29,1)
(33,3)
(11,13)
(31,9)
(64,5)
(44,7)
(9,3)
(33,16)
(14,2)
(24,11)
(27,8)
(14,15)
(19,1)
(22,0)
(64,2)
(11,1)
(17,4)
(42,19)
(10,4)
(60,11)
(15,8)
(54,13)
(48,3)
(32,6)
(19,0)
(51,3)
(60,8)
(55,8)
(51,10)
(18,5)
(29,5)
(27,4)
(65,17)
(37,18)
(19,4)
(15,9)
(31,0)
(23,18)
(41,13)
(28,12)
(34,16)
(64,3)
(53,16)
(18,0)
(51,1)
(39,2)
(24,3)
(22,12)
(16,13)
(26,5)
(11,0)
(21,10)
(64,3)
(19,1)
(46,14)
(21,0)
(35,8)
(44,18)
(42,5)
(54,2)
(42,0)
(66,19)
(42,7)
(49,6)
(61,4)
(7,7)
(25,6)
(40,1)
(14,14)
(58,12)
(8,18)
(57,14)
(63,7)
(36,8)
(19,11)
(10,10)
(65,9)
(66,2)
(56,17)
(7,1)
(40,13)
(65,19)
(61,16)
(16,7)
(8,3)
(37,7)
(24,1)
(17,1)
(58,4)
(53,15)
(58,11)
(35,6)
(45,2)
(53,12)
(52,0)
(55,2)
(17,5)
(42,8)
(28,2)
(32,6)
(38,4)
(65,13)
(19,5)
(7,5)
(10,0)
(34,19)
(26,1)
(33,10)
(54,8)
(48,13)
(53,4)
(53,3)
(10,1)
(52,2)
(41,17)
(43,10)
(8,0)
(62,3)
(60,19)
(11,3)
(19,13)
(24,1)
(35,4)
(21,4)
(9,6)
(35,17)
(49,3)
(57,10)
(40,10)
(61,13)
(24,12)
(49,4)
(23,3)
(22,2)
(37,2)
(16,16)
(29,19)
(14,2)
(24,2)
(24,13)
(56,0)
(24,3)
(34,9)
(28,8)
(36,0)
(34,8)
(19,13)
(36,6)
(43,9)
(45,19)
(46,1)
(65,0)
(11,2)
(41,6)
(53,3)
(39,9)
(60,0)
(41,5)
(26,11)
(49,13)
(24,0)
(36,0)
(32,1)
(35,5)
(8,10)
(23,6)
(29,5)
(35,9)
(59,17)
(46,0)
(8,14)
(19,10)
(29,11)
(51,2)
(40,6)
(65,19)
(66,15)
(62,6)
(26,9)
(28,5)
(61,2)
(15,17)
(35,1)
(35,16)
(28,19)
(38,7)
(15,1)
(30,19)
(32,6)
(45,4)
(30,9)
(44,1)
(53,0)
(20,4)
(26,18)
(46,15)
(23,7)
(25,0)
(62,16)
(58,7)
(28,2)
(22,7)
(44,14)
(62,17)
(39,0)
(37,16)
(23,4)
(22,15)
(63,2)
(65,15)
(24,17)
(31,2)
(8,4)
(60,18)
(46,16)
(11,6)
(49,4)
(16,4)
(66,7)
(65,2)
(41,11)
(23,11)
(50,16)
(60,17)
(39,14)
(7,14)
(27,3)
(7,19)
(55,6)
(49,10)
(24,14)
(26,17)
(62,6)
(46,6)
(59,2)
(61,3)
(66,12)
(36,4)
(28,5)
(36,4)
(40,1)
(32,17)
(50,9)
(19,15)
(28,2)
(42,16)
(10,2)
(46,16)
(38,11)
(48,1)
(53,11)
(50,3)
(15,1)
(12,19)
(52,15)
(23,2)
(14,0)
(55,4)
(17,5)
(26,4)
(65,6)
(18,6)
(27,0)
(65,4)
(41,11)
(54,8)
(66,2)
(65,7)
(28,3)
(32,1)
(65,13)
(38,1)
(16,14)
(7,9)
(27,3)
(56,1)
(21,16)
(58,14)
(47,6)
(41,6)
(36,17)
(8,16)
(49,6)
(11,1)
(17,15)
(39,17)
(28,13)
(17,7)
(56,4)
(12,7)
(54,0)
(12,7)
(30,0)
(53,2)
(56,14)
(12,5)
(62,18)
(18,1)
(36,3)
(30,0)
(20,9)
(48,14)
(36,12)
(22,0)
(7,0)
(16,18)
(54,14)
(63,5)
(22,12)
(19,17)
(25,1)
(57,0)
(20,5)
(18,8)
(26,9)
(52,8)
(63,7)
(55,16)
(65,6)
(40,0)
(31,0)
(45,13)
(26,15)
(41,10)
(64,17)
(36,17)
(36,10)
(19,16)
(22,13)
(52,16)
(65,7)
(65,1)
(39,12)
(64,8)
(35,10)
(25,10)
(35,2)
(55,18)
(31,13)
(44,2)
(31,3)
(8,12)
(8,5)
(34,17)
(34,6)
(27,19)
(63,14)
(40,19)
(9,6)
(48,4)
(59,0)
(17,9)
(12,15)
(12,10)
(46,0)
(12,6)
(8,7)
(19,4)
(39,12)
(15,8)
(24,16)
(53,5)
(25,3)
(55,15)
(23,13)
(7,18)
(55,6)
(60,7)
(58,19)
(45,5)
(21,3)
(49,14)
(53,14)
(34,19)
(38,6)
(19,9)
(23,0)
(62,6)
(57,10)
(29,18)
(43,6)
(30,5)
(61,9)
(65,18)
(49,5)
(62,0)
(44,3)
(38,3)
(66,2)
(50,2)
(30,1)
(60,17)
(35,14)
(18,18)
(9,14)
(57,6)
(11,15)
(25,19)
(25,8)
(50,0)
(39,11)
(21,16)
(18,9)
(60,18)
(56,17)
(57,16)
(25,14)
(40,4)
(8,3)
(23,0)
(14,12)
(65,10)
(57,8)
(16,2)
(59,6)
(21,18)
(26,15)
(35,14)
(12,14)
(53,2)
(19,5)
(59,4)
(21,6)
(36,2)
(52,6)
(47,16)
(13,13)
(28,2)
(36,12)
(9,1)
(58,5)
(65,5)
(46,1)
(34,6)
(25,12)
(22,7)
(52,0)
(44,3)
(61,3)
(66,5)
(19,0)
(49,6)
(8,1)
(44,1)
(31,1)
(41,17)
(42,17)
(26,2)
(37,17)
(15,3)
(39,1)
(43,10)
(60,4)
(15,2)
(29,2)
(34,7)
(51,15)
(46,14)
(32,8)
(40,13)
(39,4)
(61,0)
(13,0)
(31,2)
(59,0)
(19,8)
(23,8)
(60,18)
(49,5)
(43,6)
(54,2)
(27,4)
(18,6)
(37,1)
(56,8)
(51,3)
(17,2)
(13,13)
(23,19)
(43,3)
(39,8)
(9,17)
(60,1)
(47,5)
(38,2)
(53,2)
(14,15)
(49,10)
(43,0)
(21,16)
(60,13)
(37,0)
(9,15)
(15,11)
(33,5)
(15,1)
(12,2)
(47,3)
(17,18)
(37,12)
(64,17)
(27,18)
(34,17)
(26,10)
(12,15)
(46,19)
(63,17)
(50,16)
(64,10)
(28,17)
(8,0)
(24,0)
(63,19)
(41,7)
(11,6)
(7,3)
(53,7)
(60,1)
(27,16)
(66,19)
(58,6)
(66,0)
(41,9)
(43,5)
(13,4)
(46,19)
(37,16)
(13,14)
(59,13)
(17,13)
(50,12)
(11,2)
(53,0)
(59,2)
(30,12)
(66,4)
(60,13)
(23,11)
(7,6)
(27,12)
(33,0)
(15,3)
(57,0)
(54,18)
(30,0)
(62,5)
(56,1)
(64,18)
(8,17)
(31,0)
(19,3)
(22,2)
(14,0)
(27,2)
(8,7)
(31,14)
(39,11)
(19,7)
(47,17)
(27,7)
(22,15)
(57,14)
(12,11)
(45,17)
(35,4)
(13,19)
(36,4)
(60,2)
(41,8)
(61,8)
(14,4)
(32,14)
(55,0)
(63,2)
(22,5)
(43,8)
(48,17)
(54,5)
(53,3)
(42,14)
(52,6)
(31,8)
(8,6)
(64,16)
(16,10)
(66,13)
(39,16)
(35,12)
(66,14)
(12,3)
(37,10)
(58,1)
(32,17)
(7,10)
(10,9)
(22,2)
(27,6)
(19,2)
(26,6)
(21,10)
(56,13)
(38,8)
(23,14)
(16,10)
(17,2)
(40,6)
(20,10)
(17,7)
(32,16)
(59,10)
(30,3)
(9,5)
(24,1)
(23,18)
(28,0)
(59,0)
(58,8)
(44,0)
(7,11)
(24,12)
(33,0)
(17,5)
(59,5)
(60,12)
(38,9)
(61,3)
(15,16)
(37,15)
(22,7)
(9,0)
(46,5)
(15,7)
(64,3)
(20,10)
(52,16)
(16,7)
(38,10)
(8,0)
(43,13)
(36,8)
(30,13)
(13,1)
(61,4)
(7,8)
(9,6)
(15,2)
(60,6)
(25,4)
(43,19)
(15,4)
(23,6)
(47,11)
(46,0)
(60,6)
(35,4)
(14,0)
(30,3)
(56,4)
(26,14)
(20,10)
(30,0)
(25,2)
(57,8)
(26,8)
(39,12)
(43,17)
(19,0)
(60,17)
(41,8)
(46,3)
(56,5)
(57,5)
(64,16)
(17,5)
(65,1)
(15,4)
(39,18)
(25,4)
(13,4)
(60,4)
(30,8)
(7,18)
(54,17)
(17,17)
(61,13)
(43,16)
(47,5)
(19,15)
(41,1)
(39,18)
(47,5)
(60,0)
(16,9)
(45,14)
(21,1)
(33,16)
(58,3)
(20,0)
(61,0)
(10,3)
(16,0)
(40,6)
(31,13)
(16,7)
(57,18)
(54,9)
(37,8)
(51,13)
(25,0)
(57,18)
(52,17)
(32,13)
(40,14)
(27,1)
(7,0)
(13,12)
(23,14)
(65,4)
(44,3)
(39,1)
(20,3)
(26,11)
(65,1)
(29,4)
(44,8)
(50,10)
(24,1)
(57,0)
(34,7)
(34,8)
(58,4)
(39,0)
(33,1)
(60,17)
(62,1)
(57,17)
(26,1)
(38,10)
(58,19)
(30,17)
(22,7)
(31,2)
(13,6)
(53,17)
(21,0)
(45,10)
(60,0)
(37,8)
(59,17)
(33,13)
(44,15)
(30,14)
(18,4)
(39,13)
(10,1)
(43,18)
(49,15)
(14,19)
(41,0)
(21,2)
(46,10)
(29,4)
(60,1)
(13,10)
(23,9)
(49,17)
(42,8)
(21,15)
(27,0)
(29,15)
(65,4)
(8,10)
(65,6)
(55,13)
(24,7)
(62,12)
(62,2)
(39,0)
(51,8)
(10,4)
(51,0)
(51,17)
(48,19)
(35,1)
(65,4)
(55,1)
(23,12)
(7,11)
(50,4)
(60,4)
(47,3)
(30,14)

(7,0)
(7,1)
(7,2)
(7,3)
(9,4)
(9,5)
(7,6)
(7,7)
(8,8)
(9,9)
(9,10)
(8,11)
(8,12)
(7,13)
(7,14)
(8,15)
(7,16)
(7,17)
(9,18)
(9,19)
(36,7)
(46,3)
(59,13)
(43,6)
(23,0)
(33,0)
(25,2)
(35,0)
(42,0)
(46,17)
(38,16)
(59,16)
(24,0)
(55,4)
(19,19)
(26,1)
(52,5)
(49,16)
(23,3)
(32,5)
(57,18)
(29,1)
(53,1)
(16,13)
(31,15)
(47,11)
(41,12)
(19,6)
(37,12)
(21,11)
(54,14)
(38,1)
(22,12)
(50,18)
(36,7)
(24,9)
(16,0)
(36,17)
(54,1)
(47,18)
(58,1)
(12,17)
(20,2)
(28,15)
(34,3)
(44,14)
(7,7)
(41,0)
(40,0)
(49,1)
(26,15)
(15,17)
(9,6)
(52,13)
(30,1)
(29,17)
(57,4)
(24,1)
(12,3)
(46,3)
(42,8)
(20,1)
(22,11)
(22,5)
(22,19)
(17,9)
(28,1)
(13,1)
(46,9)
(57,3)
(43,2)
(50,16)
(37,19)
(51,12)
(52,12)
(52,8)
(66,13)
(53,17)
(17,2)
(50,8)
(15,2)
(11,12)
(48,2)
(40,0)
(37,19)
(33,5)
(16,6)
(9,13)
(61,2)
(12,10)
(60,9)
(24,9)
(15,17)
(59,18)
(20,5)
(58,9)
(23,10)
(58,0)
(55,4)
(57,16)
(23,4)
(38,5)
(49,7)
(30,9)
(62,7)
(57,0)
(49,19)
(50,1)
(36,2)
(11,7)
(64,7)
(23,0)
(40,6)
(8,17)
(45,11)
(56,4)
(40,5)
(25,14)
(28,8)
(38,18)
(19,19)
(7,6)
(13,1)
(31,19)
(43,1)
(38,14)
(10,10)
(16,6)
(7,0)
(19,16)
(53,6)
(40,14)
(39,6)
(14,9)
(7,3)
(62,16)
(53,4)
(22,7)
(51,14)
(41,3)
(49,12)
(17,16)
(30,9)
(8,2)
(36,12)
(34,17)
(20,15)
(8,13)
(16,17)
(40,2)
(10,9)
(55,0)
(58,14)
(52,7)
(48,2)
(52,1)
(27,3)
(28,8)
(50,1)
(28,11)
(54,9)
(62,17)
(53,9)
(19,14)
(49,4)
(63,14)
(37,7)
(10,2)
(40,7)
(36,9)
(26,18)
(19,3)
(23,0)
(39,19)
(46,2)
(45,16)
(44,4)
(20,8)
(25,0)
(53,4)
(62,8)
(28,0)
(23,6)
(21,2)
(59,19)
(55,10)
(50,2)
(26,0)
(19,15)
(55,7)
(21,12)
(26,1)
(13,13)
(41,12)
(29,9)
(19,9)
(11,1)
(59,1)
(63,10)
(33,15)
(44,12)
(11,0)
(12,1)
(60,2)
(61,15)
(51,1)
(44,15)
(63,14)
(64,15)
(34,2)
(22,9)
(33,12)
(7,4)
(60,0)
(43,1)
(66,14)
(40,18)
(62,2)
(62,5)
(34,2)
(47,5)
(55,13)
(41,1)
(60,11)
(49,12)
(31,10)
(24,7)
(8,14)
(16,5)
(27,8)
(59,10)
(51,1)
(16,5)
(53,5)
(14,8)
(45,8)
(53,5)
(24,15)
(59,6)
(38,18)
(14,4)
(7,0)
(16,9)
(57,0)
(29,4)
(65,0)
(51,17)
(44,1)
(66,17)
(49,10)
(51,12)
(7,7)
(22,1)
(14,0)
(23,10)
(45,15)
(40,4)
(11,4)
(21,2)
(8,18)
(46,2)
(57,6)
(17,15)
(29,6)
(37,18)
(47,15)
(17,13)
(53,0)
(39,13)
(63,1)
(16,12)
(62,8)
(28,5)
(57,12)
(29,5)
(55,12)
(26,9)
(19,2)
(40,5)
(7,8)
(47,0)
(56,9)
(62,0)
(45,19)
(63,14)
(28,19)
(35,8)
(56,0)
(13,11)
(65,1)
(27,12)
(28,10)
(34,13)
(66,14)
(38,2)
(52,19)
(50,1)
(45,3)
(46,2)
(63,17)
(29,9)
(9,1)
(8,10)
(38,1)
(52,6)
(63,9)
(15,0)
(18,7)
(15,15)
(31,1)
(7,0)
(37,14)
(14,13)
(56,0)
(11,6)
(48,2)
(51,3)
(40,8)
(42,17)
(57,0)
(51,0)
(39,3)
(41,6)
(40,5)
(22,13)
(11,2)
(66,19)
(19,0)
(23,0)
(21,2)
(22,1)
(31,5)
(26,4)
(62,1)
(46,0)
(12,6)
(44,2)
(24,13)
(48,15)
(36,11)
(12,4)
(31,17)
(11,1)
(20,13)
(30,0)
(61,9)
(16,11)
(65,6)
(49,10)
(19,3)
(42,9)
(44,12)
(36,7)
(58,14)
(47,2)
(16,18)
(19,11)
(56,3)
(26,10)
(47,9)
(44,15)
(21,2)
(25,6)
(25,0)
(29,8)
(52,0)
(32,6)
(56,5)
(9,0)
(41,3)
(35,8)
(27,14)
(42,1)
(54,16)
(53,3)
(10,13)
(57,11)
(52,3)
(9,4)
(28,13)
(17,6)
(13,1)
(63,2)
(9,10)
(34,2)
(10,18)
(46,15)
(29,1)
(60,19)
(11,14)
(52,3)
(59,19)
(26,5)
(34,18)
(39,0)
(53,15)
(66,0)
(36,10)
(9,3)
(34,16)
(23,0)
(15,11)
(31,7)
(19,8)
(56,1)
(42,6)
(62,0)
(22,17)
(7,0)
(26,11)
(53,8)
(30,10)
(47,8)
(60,4)
(29,8)
(25,1)
(16,4)
(14,11)
(13,5)
(61,4)
(31,3)
(57,6)
(34,4)
(33,19)
(55,8)
(25,4)
(12,15)
(47,7)
(12,8)
(25,11)
(53,18)
(9,9)
(57,11)
(21,4)
(60,11)
(18,4)
(53,3)
(40,16)
(33,6)
(29,1)
(45,14)
(64,5)
(35,5)
(35,4)
(53,17)
(65,1)
(17,10)
(55,18)
(54,2)
(57,4)
(43,13)
(42,0)
(16,7)
(7,3)
(16,11)
(39,0)
(63,15)
(63,0)
(38,2)
(38,4)
(9,6)
(40,1)
(59,0)
(46,17)
(12,14)
(66,15)
(44,18)
(54,15)
(46,15)
(37,1)
(23,15)
(35,4)
(42,19)
(37,11)
(11,10)
(64,0)
(64,6)
(48,13)
(44,11)
(27,19)
(22,16)
(60,8)
(19,10)
(46,0)
(55,10)
(35,9)
(25,13)
(14,19)
(28,16)
(40,15)
(13,2)
(16,12)
(62,5)
(63,7)
(57,19)
(55,11)
(21,6)
(14,11)
(38,15)
(9,11)
(23,4)
(65,2)
(64,17)
(26,0)
(33,2)
(65,16)
(23,6)
(29,11)
(8,17)
(44,11)
(21,3)
(55,10)
(62,19)
(64,6)
(43,2)
(15,15)
(60,3)
(52,19)
(40,15)
(22,6)
(28,14)
(10,2)
(33,11)
(35,5)
(14,16)
(41,1)
(64,7)
(26,9)
(25,0)
(61,7)
(21,16)
(13,9)
(28,0)
(40,8)
(9,4)
(63,12)
(22,4)
(28,1)
(28,1)
(62,13)
(66,9)
(52,7)
(12,2)
(36,16)
(33,2)
(25,2)
(45,6)
(32,8)
(63,11)
(49,2)
(56,10)
(63,16)
(22,13)
(51,19)
(23,15)
(36,19)
(31,15)
(48,2)
(38,6)
(30,10)
(61,15)
(35,16)
(63,10)
(31,18)
(50,0)
(64,0)
(10,4)
(49,9)
(8,17)
(45,10)
(41,10)
(18,6)
(50,1)
(9,7)
(9,18)
(40,19)
(43,18)
(14,1)
(12,13)
(48,5)
(38,19)
(39,14)
(33,12)
(32,3)
(60,2)
(50,0)
(61,11)
(27,14)
(52,0)
(52,3)
(60,12)
(59,5)
(55,10)
(23,2)
(7,2)
(25,8)
(7,13)
(39,18)
(52,8)
(45,13)
(24,15)
(46,5)
(16,3)
(56,19)
(47,14)
(45,12)
(13,15)
(26,3)
(37,18)
(37,14)
(63,10)
(61,13)
(60,13)
(46,0)
(27,10)
(44,8)
(13,0)
(64,9)
(10,15)
(14,16)
(60,11)
(54,16)
(13,7)
(12,12)
(12,19)
(45,18)
(13,8)
(23,0)
(16,1)
(18,12)
(12,17)
(62,12)
(39,1)
(37,12)
(53,14)
(44,17)
(32,8)
(32,12)
(14,14)
(58,4)
(14,19)
(25,7)
(54,8)
(54,17)
(14,17)
(52,7)
(38,3)
(29,2)
(53,9)
(60,3)
(25,8)
(38,0)
(28,13)
(21,4)
(55,19)
(11,12)
(29,3)
(50,15)
(51,8)
(45,7)
(15,3)
(21,15)
(29,3)
(44,13)
(38,18)
(45,0)
(51,1)
(41,0)
(14,0)
(44,9)
(60,0)
(12,1)
(50,12)
(49,14)
(32,7)
(63,16)
(42,15)
(37,13)
(43,16)
(46,3)
(44,8)
(23,11)
(46,16)
(20,0)
(41,4)
(46,5)
(34,1)
(50,4)
(40,18)
(19,0)
(30,0)
(40,2)
(36,13)
(63,5)
(30,6)
(31,3)
(54,0)
(56,2)
(46,18)
(46,12)
(45,17)
(33,3)
(23,1)
(24,0)
(35,15)
(27,6)
(19,9)
(26,0)
(62,18)
(58,6)
(34,16)
(57,1)
(43,2)
(40,14)
(48,2)
(34,6)
(49,11)
(27,5)
(21,7)
(21,3)
(33,12)
(62,16)
(61,8)
(16,14)
(46,19)
(32,17)
(18,1)
(28,8)
(16,12)
(34,2)
(21,18)
(44,10)
(57,15)
(27,16)
(14,3)
(56,0)
(27,19)
(57,7)
(11,2)
(26,12)
(57,5)
(20,6)
(39,14)
(33,9)
(12,15)
(37,8)
(44,18)
(20,8)
(33,8)
(64,19)
(23,19)
(41,14)
(52,16)
(12,13)
(39,18)
(27,5)
(59,5)
(66,4)
(47,17)
(58,12)
(10,1)
(39,0)
(65,13)
(15,6)
(55,14)
(43,9)
(30,7)
(23,15)
(58,9)
(10,17)
(11,4)
(11,6)
(57,4)
(34,3)
(55,5)
(10,3)
(17,0)
(42,13)
(30,10)
(57,1)
(29,16)
(54,19)
(20,4)
(16,10)
(29,16)
(47,11)
(53,6)
(18,8)
(44,1)
(37,4)
(54,8)
(29,2)
(57,9)
(59,18)
(25,1)
(51,16)
(42,0)
(33,6)
(46,5)
(18,12)
(60,7)
(21,3)
(11,4)
(15,16)
(31,14)
(30,1)
(55,0)
(24,9)
(50,8)
(17,18)
(44,1)
(32,14)
(9,8)
(23,18)
(12,7)
(54,17)
(33,4)
(52,12)
(35,18)
(14,2)
(36,2)
(16,7)
(18,7)
(22,5)
(53,12)
(17,7)
(15,2)
(21,1)
(11,8)
(24,7)
(43,12)
(15,6)
(42,1)
(15,11)
(14,11)
(24,7)
(41,10)
(44,5)
(45,6)
(46,14)
(37,11)
(48,0)
(54,13)
(63,10)
(26,6)
(63,5)
(18,18)
(28,14)
(65,17)
(14,6)
(25,14)
(54,3)
(48,7)
(20,1)
(28,2)
(8,16)
(30,13)
(33,1)
(49,3)
(44,7)
(42,7)
(9,6)
(58,2)
(44,7)
(35,18)
(49,5)
(50,7)
(37,13)
(19,0)
(46,19)
(11,11)
(42,9)
(16,4)
(20,1)
(48,3)
(44,5)
(54,16)
(16,2)
(41,11)
(60,3)
(13,3)
(8,17)
(47,4)
(36,14)
(59,2)
(62,4)
(49,3)
(57,4)
(11,3)
(10,1)
(26,4)
(23,5)
(33,1)
(66,5)
(62,15)
(29,7)
(37,13)
(7,12)
(41,5)
(43,2)
(12,1)
(19,12)
(14,18)
(16,2)
(28,3)
(12,3)
(17,4)
(61,1)
(50,10)
(28,6)
(45,8)
(25,10)
(56,13)
(29,7)
(36,3)
(15,1)
(22,12)
(22,14)
(35,4)
(37,11)
(12,13)
(9,17)
(7,6)
(54,12)
(52,0)
(64,16)
(17,7)
(45,9)
(14,15)
(35,1)
(59,10)
(61,9)
(57,18)
(14,8)
(37,15)
(46,3)
(59,16)
(53,6)
(59,3)
(46,6)
(7,6)
(65,10)
(65,3)
(46,7)
(23,9)
(24,0)
(64,5)
(61,0)
(48,16)
(39,5)
(24,3)
(37,3)
(10,4)
(59,5)
(64,14)
(18,10)
(27,7)
(45,5)
(41,7)
(45,3)
(15,1)
(43,15)
(59,1)
(65,1)
(51,5)
(19,15)
(21,11)
(27,2)
(39,1)
(13,1)
(18,15)
(51,15)
(11,15)
(30,5)
(38,2)
(27,6)
(55,0)
(36,19)
(55,6)
(7,3)
(23,18)
(49,15)
(33,0)
(28,1)
(14,16)
(53,1)
(36,16)
(15,0)
(63,6)
(45,2)
(24,3)
(54,5)
(16,4)
(9,8)
(9,13)
(30,4)
(22,18)
(26,9)
(52,1)
(54,7)
(54,16)
(8,17)
(24,1)
(45,9)
(40,15)
(58,3)
(44,9)
(63,3)
(34,5)
(48,17)
(16,3)
(32,1)
(53,1)
(27,3)
(35,7)
(44,5)
(61,9)
(27,2)
(50,7)
(29,1)
(15,0)
(12,13)
(17,0)
(62,1)
(21,15)
(23,4)
(12,2)
(58,9)
(22,9)
(44,5)
(9,13)
(62,0)
(48,7)
(48,7)
(44,6)
(63,1)
(57,12)
(59,0)
(49,4)
(30,5)
(13,3)
(36,14)
(49,14)
(15,10)
(55,0)
(35,11)
(65,6)
(45,15)
(66,2)
(16,5)
(58,1)
(30,7)
(21,3)
(52,11)
(33,1)
(53,15)
(31,1)
(31,7)
(61,15)
(20,0)
(7,9)
(8,10)
(47,2)
(22,2)
(7,11)
(38,12)
(19,7)
(53,14)
(57,7)
(46,8)
(53,10)
(18,17)
(33,12)
(57,19)
(59,18)
(44,1)
(21,4)
(10,0)
(30,5)
(58,4)
(53,16)
(55,1)
(13,12)
(40,2)
(18,6)
(27,4)
(56,18)
(32,1)
(64,2)
(13,11)
(22,10)
(29,17)
(51,0)
(34,0)
(21,13)
(23,10)
(58,15)
(26,9)
(61,6)
(56,17)
(9,9)
(43,14)
(64,11)
(58,0)
(62,4)
(22,5)
(53,11)
(63,0)
(18,2)
(23,10)
(66,12)
(59,1)
(65,5)
(17,13)
(50,16)
(15,15)
(51,10)
(17,7)
(58,2)
(34,14)
(7,13)
(17,0)
(38,13)
(45,14)
(62,12)
(17,11)
(65,13)
(55,11)
(32,11)
(50,0)
(49,14)
(66,4)
(57,0)
(64,1)
(33,5)
(17,10)
(17,9)
(53,18)
(39,0)
(62,6)
(8,0)
(22,6)
(38,15)
(14,0)
(50,15)
(42,14)
(35,2)
(20,18)
(61,8)
(59,16)
(65,15)
(37,1)
(48,11)
(27,18)
(54,12)
(18,11)
(65,10)
(12,6)
(8,11)
(23,13)
(27,3)
(58,0)
(29,12)
(61,1)
(51,12)
(28,11)
(29,5)
(64,15)
(35,10)
(52,13)
(9,6)
(43,15)
(27,15)
(55,15)
(47,12)
(18,15)
(32,12)
(64,2)
(30,19)
(48,5)
(35,1)
(58,2)
(41,14)
(32,3)
(61,3)
(56,6)
(41,2)
(42,0)
(20,19)
(62,2)
(21,1)
(52,3)
(63,2)
(48,0)
(39,10)
(12,11)
(45,0)
(46,4)
(14,6)
(32,8)
(60,9)
(25,15)
(9,2)
(47,19)
(53,16)
(45,13)
(44,10)
(53,15)
(46,6)
(62,16)
(22,8)
(7,3)
(27,0)
(57,6)
(39,14)
(56,5)
(44,3)
(41,4)
(59,2)
(17,3)
(29,6)
(58,12)
(63,5)
(63,19)
(41,15)
(30,15)
(32,15)
(40,14)
(16,8)
(25,15)
(51,3)
(64,0)
(33,2)
(55,6)
(54,6)
(53,7)
(48,16)
(51,7)
(34,0)
(49,11)
(57,7)
(26,13)
(53,11)
(40,2)
(36,12)
(16,18)
(49,1)
(52,6)
(33,13)
(49,13)
(64,19)
(62,17)
(18,14)
(12,3)
(64,8)
(63,5)
(10,6)
(25,0)
(44,0)
(15,2)
(45,12)
(46,2)
(12,18)
(65,5)
(62,16)
(8,19)
(39,14)
(14,1)
(35,17)
(8,3)
(62,5)
(14,15)
(58,0)
(16,2)
(60,6)
(65,6)
(55,7)
(15,6)
(17,14)
(15,0)
(14,10)
(65,11)
(16,4)
(17,4)
(45,5)
(39,6)
(14,8)
(52,0)
(49,17)
(8,12)
(13,16)
(55,13)
(21,2)
(66,19)
(56,14)
(28,0)
(15,19)
(20,7)
(65,10)
(25,2)
(32,4)
(25,4)
(8,6)
(26,16)
(61,3)
(12,17)
(57,11)
(49,10)
(62,2)
(34,10)
(43,13)
(20,10)
(31,9)
(20,4)
(56,14)
(19,12)
(55,19)
(49,11)
(55,1)
(34,9)
(42,3)
(36,16)
(44,9)
(45,0)
(17,12)
(37,19)
(40,18)
(44,17)
(65,6)
(45,12)
(65,4)
(56,11)
(19,2)
(62,0)
(51,6)
(63,9)
(53,12)
(21,1)
(33,6)
(32,2)
(9,16)
(54,13)
(46,0)
(47,4)
(48,6)
(45,11)
(33,18)
(57,8)
(31,14)
(15,14)
(32,15)
(25,2)
(29,14)
(22,13)
(11,3)
(8,19)
(51,4)
(50,2)
(32,7)
(34,11)
(12,15)
(46,7)
(48,5)
(22,12)
(19,8)
(30,15)
(55,0)
(22,2)
(13,3)
(60,8)
(56,5)
(29,2)
(57,17)
(60,17)
(50,1)
(57,16)
(14,4)
(31,12)
(33,1)
(43,5)
(59,9)
(42,16)
(21,8)
(49,2)
(63,9)
(10,9)
(53,18)
(53,11)
(43,10)
(48,1)
(58,15)
(39,14)
(31,18)
(37,7)
(44,2)
(41,5)
(22,18)
(66,6)
(25,0)
(17,2)
(33,5)
(40,6)
(23,13)
(35,6)
(47,16)
(44,11)
(10,0)
(41,6)
(46,3)
(53,17)
(59,6)
(10,18)
(27,6)
(21,19)
(25,8)
(23,8)
(44,2)
(52,15)
(17,11)
(25,14)
(54,18)
(47,2)
(49,5)
(31,1)
(45,2)
(13,6)
(11,0)
(37,5)
(12,1)
(40,19)
(40,16)
(14,1)
(49,2)
(34,2)
(35,3)
(40,12)
(30,16)
(49,0)
(29,1)
(33,3)
(11,13)
(31,9)
(64,5)
(44,7)
(9,3)
(33,16)
(14,2)
(24,11)
(27,8)
(14,15)
(19,1)
(22,0)
(64,2)
(11,1)
(17,4)
(42,19)
(10,4)
(60,11)
(15,8)
(54,13)
(48,3)
(32,6)
(19,0)
(51,3)
(60,8)
(55,8)
(51,10)
(18,5)
(29,5)
(27,4)
(65,17)
(37,18)
(19,4)
(15,9)
(31,0)
(23,18)
(41,13)
(28,12)
(34,16)
(64,3)
(53,16)
(18,0)
(51,1)
(39,2)
(24,3)
(22,12)
(16,13)
(26,5)
(11,0)
(21,10)
(64,3)
(19,1)
(46,14)
(21,0)
(35,8)
(44,18)
(42,5)
(54,2)
(42,0)
(66,19)
(42,7)
(49,6)
(61,4)
(7,7)
(25,6)
(40,1)
(14,14)
(58,12)
(8,18)
(57,14)
(63,7)
(36,8)
(19,11)
(10,10)
(65,9)
(66,2)
(56,17)
(7,1)
(40,13)
(65,19)
(61,16)
(16,7)
(8,3)
(37,7)
(24,1)
(17,1)
(58,4)
(53,15)
(58,11)
(35,6)
(45,2)
(53,12)
(52,0)
(55,2)
(17,5)
(42,8)
(28,2)
(32,6)
(38,4)
(65,13)
(19,5)
(7,5)
(10,0)
(34,19)
(26,1)
(33,10)
(54,8)
(48,13)
(53,4)
(53,3)
(10,1)
(52,2)
(41,17)
(43,10)
(8,0)
(62,3)
(60,19)
(11,3)
(19,13)
(24,1)
(35,4)
(21,4)
(9,6)
(35,17)
(49,3)
(57,10)
(40,10)
(61,13)
(24,12)
(49,4)
(23,3)
(22,2)
(37,2)
(16,16)
(29,19)
(14,2)
(24,2)
(24,13)
(56,0)
(24,3)
(34,9)
(28,8)
(36,0)
(34,8)
(19,13)
(36,6)
(43,9)
(45,19)
(46,1)
(65,0)
(11,2)
(41,6)
(53,3)
(39,9)
(60,0)
(41,5)
(26,11)
(49,13)
(24,0)
(36,0)
(32,1)
(35,5)
(8,10)
(23,6)
(29,5)
(35,9)
(59,17)
(46,0)
(8,14)
(19,10)
(29,11)
(51,2)
(40,6)
(65,19)
(66,15)
(62,6)
(26,9)
(28,5)
(61,2)
(15,17)
(35,1)
(35,16)
(28,19)
(38,7)
(15,1)
(30,19)
(32,6)
(45,4)
(30,9)
(44,1)
(53,0)
(20,4)
(26,18)
(46,15)
(23,7)
(25,0)
(62,16)
(58,7)
(28,2)
(22,7)
(44,14)
(62,17)
(39,0)
(37,16)
(23,4)
(22,15)
(63,2)
(65,15)
(24,17)
(31,2)
(8,4)
(60,18)
(46,16)
(11,6)
(49,4)
(16,4)
(66,7)
(65,2)
(41,11)
(23,11)
(50,16)
(60,17)
(39,14)
(7,14)
(27,3)
(7,19)
(55,6)
(49,10)
(24,14)
(26,17)
(62,6)
(46,6)
(59,2)
(61,3)
(66,12)
(36,4)
(28,5)
(36,4)
(40,1)
(32,17)
(50,9)
(19,15)
(28,2)
(42,16)
(10,2)
(46,16)
(38,11)
(48,1)
(53,11)
(50,3)
(15,1)
(12,19)
(52,15)
(23,2)
(14,0)
(55,4)
(17,5)
(26,4)
(65,6)
(18,6)
(27,0)
(65,4)
(41,11)
(54,8)
(66,2)
(65,7)
(28,3)
(32,1)
(65,13)
(38,1)
(16,14)
(7,9)
(27,3)
(56,1)
(21,16)
(58,14)
(47,6)
(41,6)
(36,17)
(8,16)
(49,6)
(11,1)
(17,15)
(39,17)
(28,13)
(17,7)
(56,4)
(12,7)
(54,0)
(12,7)
(30,0)
(53,2)
(56,14)
(12,5)
(62,18)
(18,1)
(36,3)
(30,0)
(20,9)
(48,14)
(36,12)
(22,0)
(7,0)
(16,18)
(54,14)
(63,5)
(22,12)
(19,17)
(25,1)
(57,0)
(20,5)
(18,8)
(26,9)
(52,8)
(63,7)
(55,16)
(65,6)
(40,0)
(31,0)
(45,13)
(26,15)
(41,10)
(64,17)
(36,17)
(36,10)
(19,16)
(22,13)
(52,16)
(65,7)
(65,1)
(39,12)
(64,8)
(35,10)
(25,10)
(35,2)
(55,18)
(31,13)
(44,2)
(31,3)
(8,12)
(8,5)
(34,17)
(34,6)
(27,19)
(63,14)
(40,19)
(9,6)
(48,4)
(59,0)
(17,9)
(12,15)
(12,10)
(46,0)
(12,6)
(8,7)
(19,4)
(39,12)
(15,8)
(24,16)
(53,5)
(25,3)
(55,15)
(23,13)
(7,18)
(55,6)
(60,7)
(58,19)
(45,5)
(21,3)
(49,14)
(53,14)
(34,19)
(38,6)
(19,9)
(23,0)
(62,6)
(57,10)
(29,18)
(43,6)
(30,5)
(61,9)
(65,18)
(49,5)
(62,0)
(44,3)
(38,3)
(66,2)
(50,2)
(30,1)
(60,17)
(35,14)
(18,18)
(9,14)
(57,6)
(11,15)
(25,19)
(25,8)
(50,0)
(39,11)
(21,16)
(18,9)
(60,18)
(56,17)
(57,16)
(25,14)
(40,4)
(8,3)
(23,0)
(14,12)
(65,10)
(57,8)
(16,2)
(59,6)
(21,18)
(26,15)
(35,14)
(12,14)
(53,2)
(19,5)
(59,4)
(21,6)
(36,2)
(52,6)
(47,16)
(13,13)
(28,2)
(36,12)
(9,1)
(58,5)
(65,5)
(46,1)
(34,6)
(25,12)
(22,7)
(52,0)
(44,3)
(61,3)
(66,5)
(19,0)
(49,6)
(8,1)
(44,1)
(31,1)
(41,17)
(42,17)
(26,2)
(37,17)
(15,3)
(39,1)
(43,10)
(60,4)
(15,2)
(29,2)
(34,7)
(51,15)
(46,14)
(32,8)
(40,13)
(39,4)
(61,0)
(13,0)
(31,2)
(59,0)
(19,8)
(23,8)
(60,18)
(49,5)
(43,6)
(54,2)
(27,4)
(18,6)
(37,1)
(56,8)
(51,3)
(17,2)
(13,13)
(23,19)
(43,3)
(39,8)
(9,17)
(60,1)
(47,5)
(38,2)
(53,2)
(14,15)
(49,10)
(43,0)
(21,16)
(60,13)
(37,0)
(9,15)
(15,11)
(33,5)
(15,1)
(12,2)
(47,3)
(17,18)
(37,12)
(64,17)
(27,18)
(34,17)
(26,10)
(12,15)
(46,19)
(63,17)
(50,16)
(64,10)
(28,17)
(8,0)
(24,0)
(63,19)
(41,7)
(11,6)
(7,3)
(53,7)
(60,1)
(27,16)
(66,19)
(58,6)
(66,0)
(41,9)
(43,5)
(13,4)
(46,19)
(37,16)
(13,14)
(59,13)
(17,13)
(50,12)
(11,2)
(53,0)
(59,2)
(30,12)
(66,4)
(60,13)
(23,11)
(7,6)
(27,12)
(33,0)
(15,3)
(57,0)
(54,18)
(30,0)
(62,5)
(56,1)
(64,18)
(8,17)
(31,0)
(19,3)
(22,2)
(14,0)
(27,2)
(8,7)
(31,14)
(39,11)
(19,7)
(47,17)
(27,7)
(22,15)
(57,14)
(12,11)
(45,17)
(35,4)
(13,19)
(36,4)
(60,2)
(41,8)
(61,8)
(14,4)
(32,14)
(55,0)
(63,2)
(22,5)
(43,8)
(48,17)
(54,5)
(53,3)
(42,14)
(52,6)
(31,8)
(8,6)
(64,16)
(16,10)
(66,13)
(39,16)
(35,12)
(66,14)
(12,3)
(37,10)
(58,1)
(32,17)
(7,10)
(10,9)
(22,2)
(27,6)
(19,2)
(26,6)
(21,10)
(56,13)
(38,8)
(23,14)
(16,10)
(17,2)
(40,6)
(20,10)
(17,7)
(32,16)
(59,10)
(30,3)
(9,5)
(24,1)
(23,18)
(28,0)
(59,0)
(58,8)
(44,0)
(7,11)
(24,12)
(33,0)
(17,5)
(59,5)
(60,12)
(38,9)
(61,3)
(15,16)
(37,15)
(22,7)
(9,0)
(46,5)
(15,7)
(64,3)
(20,10)
(52,16)
(16,7)
(38,10)
(8,0)
(43,13)
(36,8)
(30,13)
(13,1)
(61,4)
(7,8)
(9,6)
(15,2)
(60,6)
(25,4)
(43,19)
(15,4)
(23,6)
(47,11)
(46,0)
(60,6)
(35,4)
(14,0)
(30,3)
(56,4)
(26,14)
(20,10)
(30,0)
(25,2)
(57,8)
(26,8)
(39,12)
(43,17)
(19,0)
(60,17)
(41,8)
(46,3)
(56,5)
(57,5)
(64,16)
(17,5)
(65,1)
(15,4)
(39,18)
(25,4)
(13,4)
(60,4)
(30,8)
(7,18)
(54,17)
(17,17)
(61,13)
(43,16)
(47,5)
(19,15)
(41,1)
(39,18)
(47,5)
(60,0)
(16,9)
(45,14)
(21,1)
(33,16)
(58,3)
(20,0)
(61,0)
(10,3)
(16,0)
(40,6)
(31,13)
(16,7)
(57,18)
(54,9)
(37,8)
(51,13)
(25,0)
(57,18)
(52,17)
(32,13)
(40,14)
(27,1)
(7,0)
(13,12)
(23,14)
(65,4)
(44,3)
(39,1)
(20,3)
(26,11)
(65,1)
(29,4)
(44,8)
(50,10)
(24,1)
(57,0)
(34,7)
(34,8)
(58,4)
(39,0)
(33,1)
(60,17)
(62,1)
(57,17)
(26,1)
(38,10)
(58,19)
(30,17)
(22,7)
(31,2)
(13,6)
(53,17)
(21,0)
(45,10)
(60,0)
(37,8)
(59,17)
(33,13)
(44,15)
(30,14)
(18,4)
(39,13)
(10,1)
(43,18)
(49,15)
(14,19)
(41,0)
(21,2)
(46,10)
(29,4)
(60,1)
(13,10)
(23,9)
(49,17)
(42,8)
(21,15)
(27,0)
(29,15)
(65,4)
(8,10)
(65,6)
(55,13)
(24,7)
(62,12)
(62,2)
(39,0)
(51,8)
(10,4)
(51,0)
(51,17)
(48,19)
(35,1)
(65,4)
(55,1)
(23,12)
(7,11)
(50,4)
(60,4)
(47,3)
(30,14)
0.popular= 0.089333
1.popular= 0.074667
2.popular= 0.072889
3.popular= 0.058222
4.popular= 0.056000
5.popular= 0.052444
6.popular= 0.062667
7.popular= 0.045778
8.popular= 0.044889
9.popular= 0.037778
10.popular= 0.042222
11.popular= 0.037778
12.popular= 0.040889
13.popular= 0.042667
14.popular= 0.043556
15.popular= 0.045778
16.popular= 0.040444
17.popular= 0.040889
18.popular= 0.036000
19.popular= 0.035111

peer 0 neighbors is: 62, 59, 49, 41, 13, 11, 56, 61, 40, 54, 57, 
peer 1 neighbors is: 36, 28, 41, 50, 40, 23, 46, 63, 15, 16, 7, 
peer 2 neighbors is: 8, 40, 4, 60, 48, 11, 6, 37, 63, 14, 7, 65, 
peer 3 neighbors is: 34, 48, 28, 19, 37, 6, 55, 58, 15, 43, 7, 26, 
peer 4 neighbors is: 2, 37, 16, 20, 48, 44, 56, 49, 38, 35, 5, 8, 
peer 5 neighbors is: 45, 64, 4, 46, 62, 60, 9, 16, 33, 13, 10, 19, 53, 
peer 6 neighbors is: 2, 3, 35, 30, 12, 23, 49, 33, 20, 63, 
peer 7 neighbors is: 45, 1, 57, 24, 31, 3, 48, 34, 2, 60, 58, 
peer 8 neighbors is: 2, 40, 4, 12, 50, 18, 61, 41, 28, 66, 
peer 9 neighbors is: 5, 25, 12, 61, 28, 41, 17, 56, 44, 32, 
peer 10 neighbors is: 5, 52, 
peer 11 neighbors is: 0, 2, 14, 
peer 12 neighbors is: 6, 8, 9, 
peer 13 neighbors is: 0, 5, 
peer 14 neighbors is: 2, 11, 39, 
peer 15 neighbors is: 1, 3, 
peer 16 neighbors is: 1, 4, 5, 
peer 17 neighbors is: 9, 45, 
peer 18 neighbors is: 8, 59, 
peer 19 neighbors is: 3, 5, 24, 
peer 20 neighbors is: 4, 6, 29, 
peer 21 neighbors is: 41, 53, 
peer 22 neighbors is: 64, 63, 
peer 23 neighbors is: 1, 6, 65, 
peer 24 neighbors is: 7, 19, 54, 
peer 25 neighbors is: 9, 42, 
peer 26 neighbors is: 3, 40, 
peer 27 neighbors is: 41, 60, 
peer 28 neighbors is: 1, 3, 8, 9, 32, 
peer 29 neighbors is: 51, 20, 
peer 30 neighbors is: 6, 36, 
peer 31 neighbors is: 7, 42, 
peer 32 neighbors is: 9, 28, 
peer 33 neighbors is: 5, 6, 
peer 34 neighbors is: 3, 7, 
peer 35 neighbors is: 4, 6, 
peer 36 neighbors is: 1, 30, 
peer 37 neighbors is: 2, 3, 4, 
peer 38 neighbors is: 4, 55, 
peer 39 neighbors is: 55, 14, 
peer 40 neighbors is: 0, 1, 2, 8, 26, 
peer 41 neighbors is: 0, 1, 8, 9, 21, 27, 
peer 42 neighbors is: 25, 31, 
peer 43 neighbors is: 3, 62, 
peer 44 neighbors is: 4, 9, 
peer 45 neighbors is: 5, 7, 17, 
peer 46 neighbors is: 1, 5, 
peer 47 neighbors is: 61, 66, 
peer 48 neighbors is: 2, 3, 4, 7, 51, 
peer 49 neighbors is: 0, 4, 6, 
peer 50 neighbors is: 1, 8, 
peer 51 neighbors is: 29, 48, 
peer 52 neighbors is: 10, 62, 
peer 53 neighbors is: 21, 5, 
peer 54 neighbors is: 0, 24, 
peer 55 neighbors is: 3, 38, 39, 
peer 56 neighbors is: 0, 4, 9, 
peer 57 neighbors is: 7, 0, 
peer 58 neighbors is: 3, 7, 
peer 59 neighbors is: 0, 18, 
peer 60 neighbors is: 2, 5, 7, 27, 
peer 61 neighbors is: 0, 8, 9, 47, 
peer 62 neighbors is: 0, 5, 43, 52, 
peer 63 neighbors is: 1, 2, 6, 22, 
peer 64 neighbors is: 5, 22, 
peer 65 neighbors is: 2, 23, 
peer 66 neighbors is: 8, 47, 

