103 Users
20 Files
1500 Transactions
7 Maximum Connections
1 Cycle Length per Upload-Download
750 Warm-up Transactions
0.400000 Zipf constant
3 Pre-Trusted Users
63 Well-Behaved (Good) Users
15 Purely Malicious Users
0 Feedback Skewing Users
0 Malignant Providing Users
25 Disguised Malicous Users
0 Sybil Attack Users
true Intelligent Trans. Generation
1474142864951 Trace Generation Seed

(0.000000,0.000000,1,false)
(0.000000,0.000000,1,false)
(0.000000,0.000000,1,false)
(0.000000,0.000000,1,false)
(0.000000,0.000000,1,false)
(0.000000,0.000000,1,false)
(0.000000,0.000000,1,false)
(0.000000,0.000000,1,false)
(0.000000,0.000000,1,false)
(0.000000,0.000000,1,false)
(0.000000,0.000000,1,false)
(0.000000,0.000000,1,false)
(0.000000,0.000000,1,false)
(0.000000,0.000000,1,false)
(0.000000,0.000000,1,false)
(1.000000,0.000000,4,false)
(1.000000,0.000000,4,false)
(1.000000,0.000000,4,false)
(1.000000,0.000000,4,false)
(1.000000,0.000000,4,false)
(1.000000,0.000000,4,false)
(1.000000,0.000000,4,false)
(1.000000,0.000000,4,false)
(1.000000,0.000000,4,false)
(1.000000,0.000000,4,false)
(1.000000,0.000000,4,false)
(1.000000,0.000000,4,false)
(1.000000,0.000000,4,false)
(1.000000,0.000000,4,false)
(1.000000,0.000000,4,false)
(1.000000,0.000000,4,false)
(1.000000,0.000000,4,false)
(1.000000,0.000000,4,false)
(1.000000,0.000000,4,false)
(1.000000,0.000000,4,false)
(1.000000,0.000000,4,false)
(1.000000,0.000000,4,false)
(1.000000,0.000000,4,false)
(1.000000,0.000000,4,false)
(1.000000,0.000000,4,false)
(1.000000,1.000000,0,true)
(1.000000,1.000000,0,true)
(1.000000,1.000000,0,true)
(1.000000,1.000000,0,false)
(1.000000,1.000000,0,false)
(1.000000,1.000000,0,false)
(1.000000,1.000000,0,false)
(1.000000,1.000000,0,false)
(1.000000,1.000000,0,false)
(1.000000,1.000000,0,false)
(1.000000,1.000000,0,false)
(1.000000,1.000000,0,false)
(1.000000,1.000000,0,false)
(1.000000,1.000000,0,false)
(1.000000,1.000000,0,false)
(1.000000,1.000000,0,false)
(1.000000,1.000000,0,false)
(1.000000,1.000000,0,false)
(1.000000,1.000000,0,false)
(1.000000,1.000000,0,false)
(1.000000,1.000000,0,false)
(1.000000,1.000000,0,false)
(1.000000,1.000000,0,false)
(1.000000,1.000000,0,false)
(1.000000,1.000000,0,false)
(1.000000,1.000000,0,false)
(1.000000,1.000000,0,false)
(1.000000,1.000000,0,false)
(1.000000,1.000000,0,false)
(1.000000,1.000000,0,false)
(1.000000,1.000000,0,false)
(1.000000,1.000000,0,false)
(1.000000,1.000000,0,false)
(1.000000,1.000000,0,false)
(1.000000,1.000000,0,false)
(1.000000,1.000000,0,false)
(1.000000,1.000000,0,false)
(1.000000,1.000000,0,false)
(1.000000,1.000000,0,false)
(1.000000,1.000000,0,false)
(1.000000,1.000000,0,false)
(1.000000,1.000000,0,false)
(1.000000,1.000000,0,false)
(1.000000,1.000000,0,false)
(1.000000,1.000000,0,false)
(1.000000,1.000000,0,false)
(1.000000,1.000000,0,false)
(1.000000,1.000000,0,false)
(1.000000,1.000000,0,false)
(1.000000,1.000000,0,false)
(1.000000,1.000000,0,false)
(1.000000,1.000000,0,false)
(1.000000,1.000000,0,false)
(1.000000,1.000000,0,false)
(1.000000,1.000000,0,false)
(1.000000,1.000000,0,false)
(1.000000,1.000000,0,false)
(1.000000,1.000000,0,false)
(1.000000,1.000000,0,false)
(1.000000,1.000000,0,false)
(1.000000,1.000000,0,false)
(1.000000,1.000000,0,false)
(1.000000,1.000000,0,false)

(15,0,true)
(16,0,true)
(17,0,true)
(18,0,true)
(19,0,true)
(20,0,true)
(21,0,true)
(22,0,true)
(23,0,true)
(24,0,true)
(25,0,true)
(26,0,true)
(27,0,true)
(28,0,true)
(29,0,true)
(30,0,true)
(31,0,true)
(32,0,true)
(33,0,true)
(34,0,true)
(35,0,true)
(36,0,true)
(37,0,true)
(38,0,true)
(39,0,true)
(0,0,false)
(1,0,false)
(2,0,false)
(3,0,false)
(4,0,false)
(5,0,false)
(6,0,false)
(7,0,false)
(8,0,false)
(9,0,false)
(10,0,false)
(11,0,false)
(12,0,false)
(13,0,false)
(14,0,false)
(40,0,true)
(71,0,true)
(41,0,true)
(42,0,true)
(44,0,true)
(45,0,true)
(46,0,true)
(47,0,true)
(48,0,true)
(49,0,true)
(52,0,true)
(53,0,true)
(54,0,true)
(55,0,true)
(56,0,true)
(57,0,true)
(58,0,true)
(59,0,true)
(60,0,true)
(63,0,true)
(65,0,true)
(66,0,true)
(68,0,true)
(69,0,true)
(74,0,true)
(75,0,true)
(76,0,true)
(77,0,true)
(78,0,true)
(79,0,true)
(81,0,true)
(82,0,true)
(84,0,true)
(87,0,true)
(88,0,true)
(89,0,true)
(90,0,true)
(93,0,true)
(95,0,true)
(99,0,true)
(102,0,true)
(15,1,true)
(16,1,true)
(17,1,true)
(18,1,true)
(19,1,true)
(20,1,true)
(21,1,true)
(22,1,true)
(23,1,true)
(24,1,true)
(25,1,true)
(26,1,true)
(27,1,true)
(28,1,true)
(29,1,true)
(30,1,true)
(31,1,true)
(32,1,true)
(33,1,true)
(34,1,true)
(35,1,true)
(36,1,true)
(37,1,true)
(38,1,true)
(39,1,true)
(0,1,false)
(1,1,false)
(2,1,false)
(3,1,false)
(4,1,false)
(5,1,false)
(6,1,false)
(7,1,false)
(8,1,false)
(9,1,false)
(10,1,false)
(11,1,false)
(12,1,false)
(13,1,false)
(14,1,false)
(41,1,true)
(85,1,true)
(40,1,true)
(50,1,true)
(60,1,true)
(63,1,true)
(66,1,true)
(67,1,true)
(69,1,true)
(70,1,true)
(72,1,true)
(73,1,true)
(74,1,true)
(75,1,true)
(77,1,true)
(78,1,true)
(81,1,true)
(83,1,true)
(87,1,true)
(88,1,true)
(89,1,true)
(90,1,true)
(96,1,true)
(99,1,true)
(15,2,true)
(16,2,true)
(17,2,true)
(18,2,true)
(19,2,true)
(20,2,true)
(21,2,true)
(22,2,true)
(23,2,true)
(24,2,true)
(25,2,true)
(26,2,true)
(27,2,true)
(28,2,true)
(29,2,true)
(30,2,true)
(31,2,true)
(32,2,true)
(33,2,true)
(34,2,true)
(35,2,true)
(36,2,true)
(37,2,true)
(38,2,true)
(39,2,true)
(0,2,false)
(1,2,false)
(2,2,false)
(3,2,false)
(4,2,false)
(5,2,false)
(6,2,false)
(7,2,false)
(8,2,false)
(9,2,false)
(10,2,false)
(11,2,false)
(12,2,false)
(13,2,false)
(14,2,false)
(42,2,true)
(94,2,true)
(62,2,true)
(65,2,true)
(67,2,true)
(68,2,true)
(71,2,true)
(72,2,true)
(73,2,true)
(91,2,true)
(92,2,true)
(96,2,true)
(101,2,true)
(15,3,true)
(16,3,true)
(17,3,true)
(18,3,true)
(19,3,true)
(20,3,true)
(21,3,true)
(22,3,true)
(23,3,true)
(24,3,true)
(25,3,true)
(26,3,true)
(27,3,true)
(28,3,true)
(29,3,true)
(30,3,true)
(31,3,true)
(32,3,true)
(33,3,true)
(34,3,true)
(35,3,true)
(36,3,true)
(37,3,true)
(38,3,true)
(39,3,true)
(0,3,false)
(1,3,false)
(2,3,false)
(3,3,false)
(4,3,false)
(5,3,false)
(6,3,false)
(7,3,false)
(8,3,false)
(9,3,false)
(10,3,false)
(11,3,false)
(12,3,false)
(13,3,false)
(14,3,false)
(43,3,true)
(93,3,true)
(61,3,true)
(70,3,true)
(82,3,true)
(83,3,true)
(92,3,true)
(95,3,true)
(101,3,true)
(15,4,true)
(16,4,true)
(17,4,true)
(18,4,true)
(19,4,true)
(20,4,true)
(21,4,true)
(22,4,true)
(23,4,true)
(24,4,true)
(25,4,true)
(26,4,true)
(27,4,true)
(28,4,true)
(29,4,true)
(30,4,true)
(31,4,true)
(32,4,true)
(33,4,true)
(34,4,true)
(35,4,true)
(36,4,true)
(37,4,true)
(38,4,true)
(39,4,true)
(0,4,false)
(1,4,false)
(2,4,false)
(3,4,false)
(4,4,false)
(5,4,false)
(6,4,false)
(7,4,false)
(8,4,false)
(9,4,false)
(10,4,false)
(11,4,false)
(12,4,false)
(13,4,false)
(14,4,false)
(44,4,true)
(85,4,true)
(61,4,true)
(91,4,true)
(15,5,true)
(16,5,true)
(17,5,true)
(18,5,true)
(19,5,true)
(20,5,true)
(21,5,true)
(22,5,true)
(23,5,true)
(24,5,true)
(25,5,true)
(26,5,true)
(27,5,true)
(28,5,true)
(29,5,true)
(30,5,true)
(31,5,true)
(32,5,true)
(33,5,true)
(34,5,true)
(35,5,true)
(36,5,true)
(37,5,true)
(38,5,true)
(39,5,true)
(0,5,false)
(1,5,false)
(2,5,false)
(3,5,false)
(4,5,false)
(5,5,false)
(6,5,false)
(7,5,false)
(8,5,false)
(9,5,false)
(10,5,false)
(11,5,false)
(12,5,false)
(13,5,false)
(14,5,false)
(45,5,true)
(43,5,true)
(79,5,true)
(100,5,true)
(15,6,true)
(16,6,true)
(17,6,true)
(18,6,true)
(19,6,true)
(20,6,true)
(21,6,true)
(22,6,true)
(23,6,true)
(24,6,true)
(25,6,true)
(26,6,true)
(27,6,true)
(28,6,true)
(29,6,true)
(30,6,true)
(31,6,true)
(32,6,true)
(33,6,true)
(34,6,true)
(35,6,true)
(36,6,true)
(37,6,true)
(38,6,true)
(39,6,true)
(0,6,false)
(1,6,false)
(2,6,false)
(3,6,false)
(4,6,false)
(5,6,false)
(6,6,false)
(7,6,false)
(8,6,false)
(9,6,false)
(10,6,false)
(11,6,false)
(12,6,false)
(13,6,false)
(14,6,false)
(46,6,true)
(84,6,true)
(62,6,true)
(97,6,true)
(15,7,true)
(16,7,true)
(17,7,true)
(18,7,true)
(19,7,true)
(20,7,true)
(21,7,true)
(22,7,true)
(23,7,true)
(24,7,true)
(25,7,true)
(26,7,true)
(27,7,true)
(28,7,true)
(29,7,true)
(30,7,true)
(31,7,true)
(32,7,true)
(33,7,true)
(34,7,true)
(35,7,true)
(36,7,true)
(37,7,true)
(38,7,true)
(39,7,true)
(0,7,false)
(1,7,false)
(2,7,false)
(3,7,false)
(4,7,false)
(5,7,false)
(6,7,false)
(7,7,false)
(8,7,false)
(9,7,false)
(10,7,false)
(11,7,false)
(12,7,false)
(13,7,false)
(14,7,false)
(47,7,true)
(94,7,true)
(97,7,true)
(15,8,true)
(16,8,true)
(17,8,true)
(18,8,true)
(19,8,true)
(20,8,true)
(21,8,true)
(22,8,true)
(23,8,true)
(24,8,true)
(25,8,true)
(26,8,true)
(27,8,true)
(28,8,true)
(29,8,true)
(30,8,true)
(31,8,true)
(32,8,true)
(33,8,true)
(34,8,true)
(35,8,true)
(36,8,true)
(37,8,true)
(38,8,true)
(39,8,true)
(0,8,false)
(1,8,false)
(2,8,false)
(3,8,false)
(4,8,false)
(5,8,false)
(6,8,false)
(7,8,false)
(8,8,false)
(9,8,false)
(10,8,false)
(11,8,false)
(12,8,false)
(13,8,false)
(14,8,false)
(48,8,true)
(98,8,true)
(15,9,true)
(16,9,true)
(17,9,true)
(18,9,true)
(19,9,true)
(20,9,true)
(21,9,true)
(22,9,true)
(23,9,true)
(24,9,true)
(25,9,true)
(26,9,true)
(27,9,true)
(28,9,true)
(29,9,true)
(30,9,true)
(31,9,true)
(32,9,true)
(33,9,true)
(34,9,true)
(35,9,true)
(36,9,true)
(37,9,true)
(38,9,true)
(39,9,true)
(0,9,false)
(1,9,false)
(2,9,false)
(3,9,false)
(4,9,false)
(5,9,false)
(6,9,false)
(7,9,false)
(8,9,false)
(9,9,false)
(10,9,false)
(11,9,false)
(12,9,false)
(13,9,false)
(14,9,false)
(49,9,true)
(86,9,true)
(80,9,true)
(15,10,true)
(16,10,true)
(17,10,true)
(18,10,true)
(19,10,true)
(20,10,true)
(21,10,true)
(22,10,true)
(23,10,true)
(24,10,true)
(25,10,true)
(26,10,true)
(27,10,true)
(28,10,true)
(29,10,true)
(30,10,true)
(31,10,true)
(32,10,true)
(33,10,true)
(34,10,true)
(35,10,true)
(36,10,true)
(37,10,true)
(38,10,true)
(39,10,true)
(0,10,false)
(1,10,false)
(2,10,false)
(3,10,false)
(4,10,false)
(5,10,false)
(6,10,false)
(7,10,false)
(8,10,false)
(9,10,false)
(10,10,false)
(11,10,false)
(12,10,false)
(13,10,false)
(14,10,false)
(50,10,true)
(64,10,true)
(15,11,true)
(16,11,true)
(17,11,true)
(18,11,true)
(19,11,true)
(20,11,true)
(21,11,true)
(22,11,true)
(23,11,true)
(24,11,true)
(25,11,true)
(26,11,true)
(27,11,true)
(28,11,true)
(29,11,true)
(30,11,true)
(31,11,true)
(32,11,true)
(33,11,true)
(34,11,true)
(35,11,true)
(36,11,true)
(37,11,true)
(38,11,true)
(39,11,true)
(0,11,false)
(1,11,false)
(2,11,false)
(3,11,false)
(4,11,false)
(5,11,false)
(6,11,false)
(7,11,false)
(8,11,false)
(9,11,false)
(10,11,false)
(11,11,false)
(12,11,false)
(13,11,false)
(14,11,false)
(51,11,true)
(86,11,true)
(80,11,true)
(15,12,true)
(16,12,true)
(17,12,true)
(18,12,true)
(19,12,true)
(20,12,true)
(21,12,true)
(22,12,true)
(23,12,true)
(24,12,true)
(25,12,true)
(26,12,true)
(27,12,true)
(28,12,true)
(29,12,true)
(30,12,true)
(31,12,true)
(32,12,true)
(33,12,true)
(34,12,true)
(35,12,true)
(36,12,true)
(37,12,true)
(38,12,true)
(39,12,true)
(0,12,false)
(1,12,false)
(2,12,false)
(3,12,false)
(4,12,false)
(5,12,false)
(6,12,false)
(7,12,false)
(8,12,false)
(9,12,false)
(10,12,false)
(11,12,false)
(12,12,false)
(13,12,false)
(14,12,false)
(52,12,true)
(86,12,true)
(15,13,true)
(16,13,true)
(17,13,true)
(18,13,true)
(19,13,true)
(20,13,true)
(21,13,true)
(22,13,true)
(23,13,true)
(24,13,true)
(25,13,true)
(26,13,true)
(27,13,true)
(28,13,true)
(29,13,true)
(30,13,true)
(31,13,true)
(32,13,true)
(33,13,true)
(34,13,true)
(35,13,true)
(36,13,true)
(37,13,true)
(38,13,true)
(39,13,true)
(0,13,false)
(1,13,false)
(2,13,false)
(3,13,false)
(4,13,false)
(5,13,false)
(6,13,false)
(7,13,false)
(8,13,false)
(9,13,false)
(10,13,false)
(11,13,false)
(12,13,false)
(13,13,false)
(14,13,false)
(53,13,true)
(64,13,true)
(15,14,true)
(16,14,true)
(17,14,true)
(18,14,true)
(19,14,true)
(20,14,true)
(21,14,true)
(22,14,true)
(23,14,true)
(24,14,true)
(25,14,true)
(26,14,true)
(27,14,true)
(28,14,true)
(29,14,true)
(30,14,true)
(31,14,true)
(32,14,true)
(33,14,true)
(34,14,true)
(35,14,true)
(36,14,true)
(37,14,true)
(38,14,true)
(39,14,true)
(0,14,false)
(1,14,false)
(2,14,false)
(3,14,false)
(4,14,false)
(5,14,false)
(6,14,false)
(7,14,false)
(8,14,false)
(9,14,false)
(10,14,false)
(11,14,false)
(12,14,false)
(13,14,false)
(14,14,false)
(54,14,true)
(51,14,true)
(15,15,true)
(16,15,true)
(17,15,true)
(18,15,true)
(19,15,true)
(20,15,true)
(21,15,true)
(22,15,true)
(23,15,true)
(24,15,true)
(25,15,true)
(26,15,true)
(27,15,true)
(28,15,true)
(29,15,true)
(30,15,true)
(31,15,true)
(32,15,true)
(33,15,true)
(34,15,true)
(35,15,true)
(36,15,true)
(37,15,true)
(38,15,true)
(39,15,true)
(0,15,false)
(1,15,false)
(2,15,false)
(3,15,false)
(4,15,false)
(5,15,false)
(6,15,false)
(7,15,false)
(8,15,false)
(9,15,false)
(10,15,false)
(11,15,false)
(12,15,false)
(13,15,false)
(14,15,false)
(55,15,true)
(102,15,true)
(15,16,true)
(16,16,true)
(17,16,true)
(18,16,true)
(19,16,true)
(20,16,true)
(21,16,true)
(22,16,true)
(23,16,true)
(24,16,true)
(25,16,true)
(26,16,true)
(27,16,true)
(28,16,true)
(29,16,true)
(30,16,true)
(31,16,true)
(32,16,true)
(33,16,true)
(34,16,true)
(35,16,true)
(36,16,true)
(37,16,true)
(38,16,true)
(39,16,true)
(0,16,false)
(1,16,false)
(2,16,false)
(3,16,false)
(4,16,false)
(5,16,false)
(6,16,false)
(7,16,false)
(8,16,false)
(9,16,false)
(10,16,false)
(11,16,false)
(12,16,false)
(13,16,false)
(14,16,false)
(56,16,true)
(100,16,true)
(15,17,true)
(16,17,true)
(17,17,true)
(18,17,true)
(19,17,true)
(20,17,true)
(21,17,true)
(22,17,true)
(23,17,true)
(24,17,true)
(25,17,true)
(26,17,true)
(27,17,true)
(28,17,true)
(29,17,true)
(30,17,true)
(31,17,true)
(32,17,true)
(33,17,true)
(34,17,true)
(35,17,true)
(36,17,true)
(37,17,true)
(38,17,true)
(39,17,true)
(0,17,false)
(1,17,false)
(2,17,false)
(3,17,false)
(4,17,false)
(5,17,false)
(6,17,false)
(7,17,false)
(8,17,false)
(9,17,false)
(10,17,false)
(11,17,false)
(12,17,false)
(13,17,false)
(14,17,false)
(57,17,true)
(98,17,true)
(15,18,true)
(16,18,true)
(17,18,true)
(18,18,true)
(19,18,true)
(20,18,true)
(21,18,true)
(22,18,true)
(23,18,true)
(24,18,true)
(25,18,true)
(26,18,true)
(27,18,true)
(28,18,true)
(29,18,true)
(30,18,true)
(31,18,true)
(32,18,true)
(33,18,true)
(34,18,true)
(35,18,true)
(36,18,true)
(37,18,true)
(38,18,true)
(39,18,true)
(0,18,false)
(1,18,false)
(2,18,false)
(3,18,false)
(4,18,false)
(5,18,false)
(6,18,false)
(7,18,false)
(8,18,false)
(9,18,false)
(10,18,false)
(11,18,false)
(12,18,false)
(13,18,false)
(14,18,false)
(58,18,true)
(76,18,true)
(15,19,true)
(16,19,true)
(17,19,true)
(18,19,true)
(19,19,true)
(20,19,true)
(21,19,true)
(22,19,true)
(23,19,true)
(24,19,true)
(25,19,true)
(26,19,true)
(27,19,true)
(28,19,true)
(29,19,true)
(30,19,true)
(31,19,true)
(32,19,true)
(33,19,true)
(34,19,true)
(35,19,true)
(36,19,true)
(37,19,true)
(38,19,true)
(39,19,true)
(0,19,false)
(1,19,false)
(2,19,false)
(3,19,false)
(4,19,false)
(5,19,false)
(6,19,false)
(7,19,false)
(8,19,false)
(9,19,false)
(10,19,false)
(11,19,false)
(12,19,false)
(13,19,false)
(14,19,false)
(59,19,true)
(64,19,true)

0,-1,-1,-1,-1,1,-1,-1,1,-1,-1,-1,-1,-1,-1,-1,-1,-1,1,-1,1,1,-1,-1,-1,1,-1,-1,-1,-1,-1,-1,-1,1,-1,1,-1,-1,-1,-1,-1,-1,-1,-1,-1,-1,-1,1,-1,-1,-1,-1,-1,-1,-1,-1,-1,-1,1,-1,-1,-1,-1,-1,-1,-1,-1,-1,-1,-1,-1,-1,-1,-1,-1,-1,-1,-1,-1,-1,1,-1,-1,-1,-1,-1,-1,-1,-1,-1,-1,-1,-1,-1,-1,-1,-1,-1,-1,-1,1,-1,-1,
-1,0,1,-1,-1,-1,-1,-1,-1,-1,-1,-1,-1,-1,-1,-1,-1,1,-1,-1,1,-1,-1,1,-1,-1,-1,1,-1,-1,-1,-1,1,-1,-1,-1,-1,-1,-1,-1,-1,-1,-1,-1,-1,-1,-1,-1,-1,-1,1,-1,-1,-1,-1,-1,-1,-1,-1,-1,-1,-1,-1,-1,1,-1,-1,-1,-1,-1,-1,-1,-1,-1,-1,-1,-1,-1,-1,-1,1,-1,-1,-1,-1,-1,-1,-1,-1,-1,-1,1,-1,1,1,-1,-1,-1,1,-1,-1,-1,-1,
-1,1,0,-1,-1,-1,-1,-1,1,-1,-1,-1,-1,-1,1,-1,-1,-1,-1,-1,-1,-1,1,-1,-1,1,-1,-1,-1,-1,-1,1,-1,-1,1,1,-1,-1,-1,-1,-1,-1,-1,-1,-1,-1,-1,-1,-1,-1,-1,-1,-1,-1,-1,-1,1,-1,-1,-1,-1,-1,-1,-1,-1,-1,1,-1,-1,-1,-1,-1,-1,-1,-1,-1,1,-1,-1,-1,-1,-1,-1,1,-1,-1,-1,-1,-1,-1,1,-1,-1,-1,-1,-1,1,-1,-1,-1,-1,-1,-1,
-1,-1,-1,0,-1,-1,1,-1,1,-1,-1,-1,1,1,-1,1,-1,-1,-1,-1,-1,-1,-1,-1,-1,-1,-1,-1,-1,-1,1,-1,-1,-1,-1,-1,-1,-1,-1,-1,-1,-1,-1,-1,-1,-1,-1,-1,-1,-1,-1,-1,-1,-1,-1,-1,-1,1,-1,-1,-1,-1,-1,-1,-1,-1,1,-1,1,-1,-1,-1,-1,-1,-1,-1,1,-1,-1,-1,-1,-1,-1,-1,-1,1,-1,1,-1,-1,-1,-1,-1,-1,-1,1,-1,-1,-1,-1,-1,-1,-1,
-1,-1,-1,-1,0,-1,-1,-1,-1,-1,-1,1,-1,1,-1,-1,-1,-1,-1,-1,-1,1,-1,-1,-1,-1,-1,-1,-1,1,-1,-1,-1,-1,-1,-1,-1,-1,-1,-1,-1,-1,-1,-1,-1,-1,-1,-1,-1,-1,-1,1,-1,-1,-1,-1,-1,-1,-1,1,-1,-1,-1,-1,-1,-1,-1,-1,-1,-1,-1,-1,-1,-1,-1,-1,-1,-1,-1,-1,-1,-1,-1,-1,1,-1,-1,-1,-1,1,-1,-1,-1,-1,-1,-1,-1,-1,1,-1,-1,1,-1,
1,-1,-1,-1,-1,0,-1,-1,1,-1,-1,-1,-1,1,-1,-1,-1,-1,-1,-1,1,-1,-1,1,-1,1,-1,-1,-1,-1,-1,-1,-1,-1,-1,-1,1,-1,-1,-1,-1,-1,-1,-1,-1,-1,-1,-1,1,1,-1,-1,-1,-1,-1,1,-1,-1,-1,-1,-1,-1,-1,-1,-1,-1,-1,-1,-1,-1,-1,-1,-1,-1,-1,-1,-1,-1,-1,-1,-1,-1,-1,-1,-1,-1,-1,-1,-1,-1,-1,-1,-1,-1,-1,-1,1,-1,-1,-1,-1,-1,1,
-1,-1,-1,1,-1,-1,0,-1,-1,-1,1,-1,-1,1,-1,-1,-1,-1,-1,-1,1,-1,-1,-1,-1,-1,-1,-1,1,-1,1,1,1,1,-1,1,-1,-1,-1,-1,-1,-1,-1,-1,-1,-1,-1,-1,-1,-1,-1,-1,-1,1,-1,-1,-1,-1,-1,1,-1,-1,1,-1,-1,-1,-1,-1,-1,-1,-1,-1,-1,-1,-1,-1,-1,-1,-1,-1,-1,-1,-1,1,-1,1,-1,-1,-1,-1,-1,-1,-1,-1,-1,-1,-1,-1,-1,-1,1,-1,1,
-1,-1,-1,-1,-1,-1,-1,0,-1,-1,-1,-1,1,-1,-1,-1,1,-1,-1,-1,-1,-1,-1,-1,-1,-1,-1,-1,-1,-1,-1,1,-1,-1,-1,-1,-1,-1,-1,-1,-1,-1,-1,-1,-1,-1,-1,-1,-1,-1,-1,-1,-1,-1,-1,-1,1,-1,-1,-1,-1,-1,-1,1,-1,-1,-1,-1,-1,-1,-1,-1,1,-1,-1,1,-1,-1,-1,-1,1,-1,1,-1,-1,-1,-1,-1,-1,-1,-1,-1,-1,-1,1,1,-1,-1,-1,-1,-1,-1,-1,
1,-1,1,1,-1,1,-1,-1,0,-1,-1,1,-1,-1,1,-1,-1,-1,-1,-1,-1,-1,-1,-1,-1,-1,-1,-1,-1,-1,-1,-1,-1,-1,1,1,-1,-1,-1,-1,-1,-1,-1,-1,-1,-1,-1,-1,-1,-1,-1,-1,-1,-1,-1,-1,1,1,-1,1,-1,-1,-1,-1,-1,-1,-1,-1,-1,-1,1,-1,-1,-1,-1,-1,-1,-1,-1,-1,-1,-1,-1,-1,-1,-1,-1,-1,-1,-1,-1,-1,-1,-1,-1,-1,-1,-1,-1,1,-1,-1,-1,
-1,-1,-1,-1,-1,-1,-1,-1,-1,0,1,1,-1,-1,-1,-1,-1,-1,1,-1,-1,1,-1,-1,-1,-1,-1,-1,1,1,-1,-1,-1,-1,-1,-1,-1,-1,-1,-1,-1,-1,-1,-1,-1,-1,-1,-1,-1,1,-1,-1,1,-1,-1,-1,-1,-1,-1,-1,1,-1,-1,-1,-1,1,-1,1,-1,-1,1,1,-1,-1,-1,-1,-1,1,-1,-1,-1,-1,-1,-1,-1,-1,-1,-1,-1,-1,-1,-1,-1,-1,-1,-1,-1,-1,-1,-1,-1,-1,-1,
-1,-1,-1,-1,-1,-1,1,-1,-1,1,0,-1,-1,1,-1,-1,1,-1,-1,1,-1,-1,-1,-1,1,-1,-1,-1,1,-1,-1,1,-1,-1,-1,-1,1,1,-1,-1,-1,-1,-1,-1,-1,-1,-1,-1,1,-1,-1,-1,-1,-1,-1,-1,-1,-1,-1,1,-1,-1,-1,-1,-1,-1,-1,-1,-1,-1,-1,-1,-1,-1,-1,-1,-1,-1,-1,-1,-1,-1,-1,1,-1,-1,1,-1,-1,-1,-1,-1,-1,-1,-1,-1,-1,-1,-1,-1,-1,-1,-1,
-1,-1,-1,-1,1,-1,-1,-1,1,1,-1,0,-1,-1,-1,-1,-1,-1,-1,-1,-1,-1,-1,-1,-1,-1,-1,-1,-1,-1,-1,-1,-1,-1,-1,-1,-1,-1,-1,-1,1,-1,-1,-1,-1,-1,-1,-1,1,-1,-1,-1,-1,-1,-1,-1,-1,-1,1,-1,-1,-1,-1,-1,-1,-1,-1,-1,-1,-1,-1,-1,-1,-1,1,-1,-1,-1,1,-1,-1,-1,-1,-1,-1,1,-1,-1,-1,-1,-1,-1,1,-1,-1,-1,-1,-1,-1,-1,-1,-1,1,
-1,-1,-1,1,-1,-1,-1,1,-1,-1,-1,-1,0,-1,-1,-1,-1,-1,-1,-1,-1,-1,-1,-1,-1,-1,1,-1,1,1,-1,-1,-1,-1,-1,-1,-1,-1,-1,-1,-1,-1,-1,-1,-1,-1,-1,-1,-1,-1,-1,-1,-1,1,-1,-1,-1,-1,-1,-1,-1,-1,-1,-1,-1,-1,-1,1,-1,-1,-1,-1,-1,-1,1,-1,-1,1,1,-1,1,-1,-1,-1,-1,-1,-1,-1,-1,-1,-1,-1,-1,-1,-1,-1,-1,-1,-1,-1,-1,-1,-1,
-1,-1,-1,1,1,1,1,-1,-1,-1,1,-1,-1,0,1,-1,-1,-1,-1,-1,-1,-1,-1,-1,-1,-1,-1,-1,-1,-1,-1,-1,-1,-1,-1,-1,-1,1,-1,-1,-1,-1,-1,-1,-1,-1,-1,-1,-1,-1,-1,-1,-1,-1,-1,-1,-1,-1,-1,-1,-1,-1,-1,-1,-1,-1,-1,-1,1,-1,-1,-1,-1,-1,-1,-1,-1,-1,-1,-1,-1,-1,-1,-1,-1,-1,-1,-1,-1,-1,-1,-1,-1,-1,-1,-1,-1,1,-1,1,-1,-1,-1,
-1,-1,1,-1,-1,-1,-1,-1,1,-1,-1,-1,-1,1,0,-1,-1,-1,1,-1,-1,1,-1,-1,-1,-1,1,-1,-1,-1,-1,-1,-1,-1,-1,1,-1,-1,-1,-1,-1,-1,-1,-1,-1,-1,-1,-1,-1,-1,-1,-1,1,-1,-1,-1,-1,-1,-1,-1,1,-1,-1,-1,-1,-1,-1,1,-1,-1,-1,-1,-1,1,-1,-1,-1,-1,-1,-1,-1,-1,-1,-1,-1,-1,-1,1,-1,-1,-1,-1,-1,-1,1,-1,-1,-1,-1,-1,-1,-1,-1,
-1,-1,-1,1,-1,-1,-1,-1,-1,-1,-1,-1,-1,-1,-1,0,-1,-1,-1,-1,-1,-1,-1,1,-1,-1,-1,1,-1,-1,-1,-1,-1,-1,-1,-1,-1,-1,1,1,-1,-1,-1,-1,-1,-1,1,-1,-1,-1,-1,-1,-1,-1,-1,-1,-1,-1,-1,-1,-1,-1,-1,-1,-1,-1,-1,-1,-1,1,-1,-1,1,-1,-1,-1,-1,-1,-1,-1,-1,-1,-1,-1,-1,-1,-1,-1,-1,1,-1,-1,-1,-1,-1,-1,-1,-1,-1,1,-1,-1,-1,
-1,-1,-1,-1,-1,-1,-1,1,-1,-1,1,-1,-1,-1,-1,-1,0,-1,-1,-1,-1,-1,-1,-1,-1,-1,-1,-1,-1,1,-1,-1,1,-1,-1,-1,-1,-1,-1,1,-1,-1,-1,-1,-1,1,-1,-1,-1,-1,-1,-1,-1,-1,-1,-1,-1,-1,-1,-1,-1,-1,-1,-1,-1,1,-1,1,-1,-1,-1,-1,-1,-1,-1,-1,-1,-1,1,-1,-1,-1,-1,-1,-1,-1,-1,1,-1,-1,-1,-1,1,-1,-1,-1,-1,-1,-1,-1,-1,-1,-1,
-1,1,-1,-1,-1,-1,-1,-1,-1,-1,-1,-1,-1,-1,-1,-1,-1,0,-1,1,-1,1,-1,-1,-1,-1,1,-1,-1,-1,-1,-1,-1,-1,-1,-1,-1,-1,-1,-1,-1,-1,-1,-1,-1,-1,1,-1,-1,-1,1,-1,-1,-1,-1,-1,-1,-1,-1,-1,-1,1,-1,-1,-1,-1,-1,-1,-1,-1,-1,-1,1,-1,-1,-1,-1,-1,1,-1,-1,-1,-1,-1,-1,-1,-1,-1,-1,-1,-1,-1,1,-1,-1,-1,-1,-1,-1,-1,-1,-1,-1,
1,-1,-1,-1,-1,-1,-1,-1,-1,1,-1,-1,-1,-1,1,-1,-1,-1,0,-1,-1,1,1,1,1,-1,-1,-1,-1,-1,-1,-1,-1,-1,1,-1,1,-1,-1,1,-1,-1,-1,-1,-1,-1,-1,-1,-1,-1,-1,-1,-1,-1,-1,-1,-1,-1,-1,-1,-1,-1,-1,-1,-1,1,-1,-1,-1,-1,1,-1,-1,-1,-1,-1,-1,-1,-1,-1,-1,-1,1,-1,-1,-1,-1,-1,-1,-1,1,-1,-1,-1,-1,-1,-1,-1,-1,-1,-1,-1,-1,
-1,-1,-1,-1,-1,-1,-1,-1,-1,-1,1,-1,-1,-1,-1,-1,-1,1,-1,0,-1,1,-1,-1,-1,-1,-1,-1,-1,-1,-1,-1,-1,-1,-1,-1,-1,-1,-1,1,-1,1,-1,-1,-1,-1,1,-1,-1,-1,-1,-1,-1,-1,-1,-1,-1,-1,-1,-1,-1,-1,-1,-1,-1,-1,-1,1,-1,-1,-1,-1,-1,-1,-1,-1,1,-1,-1,-1,-1,-1,1,1,-1,-1,-1,-1,-1,-1,-1,-1,-1,-1,-1,-1,-1,-1,-1,-1,1,-1,-1,
1,1,-1,-1,-1,1,1,-1,-1,-1,-1,-1,-1,-1,-1,-1,-1,-1,-1,-1,0,-1,1,1,-1,1,-1,-1,-1,-1,-1,-1,-1,-1,-1,-1,-1,-1,-1,-1,1,-1,-1,1,-1,-1,-1,-1,-1,-1,1,-1,-1,-1,-1,-1,1,-1,-1,-1,-1,-1,-1,-1,-1,-1,-1,-1,-1,-1,-1,-1,-1,-1,-1,-1,-1,-1,-1,-1,-1,-1,-1,-1,-1,-1,-1,-1,-1,-1,-1,1,-1,-1,-1,-1,-1,-1,-1,-1,-1,-1,-1,
1,-1,-1,-1,1,-1,-1,-1,-1,1,-1,-1,-1,-1,1,-1,-1,1,1,1,-1,0,-1,-1,-1,-1,-1,-1,-1,1,-1,1,-1,-1,-1,-1,-1,-1,1,-1,-1,-1,1,-1,-1,-1,-1,-1,-1,-1,-1,-1,-1,-1,-1,1,1,-1,-1,-1,-1,-1,-1,-1,-1,-1,-1,-1,-1,-1,-1,-1,-1,-1,-1,-1,-1,-1,-1,-1,-1,-1,-1,-1,-1,-1,1,-1,-1,-1,-1,-1,-1,-1,-1,-1,-1,-1,-1,-1,-1,-1,-1,
-1,-1,1,-1,-1,-1,-1,-1,-1,-1,-1,-1,-1,-1,-1,-1,-1,-1,1,-1,1,-1,0,-1,1,-1,-1,1,1,-1,-1,1,-1,-1,-1,-1,-1,-1,-1,-1,-1,-1,1,-1,-1,-1,-1,1,1,-1,-1,-1,-1,-1,-1,-1,-1,-1,-1,-1,-1,-1,-1,-1,-1,-1,-1,-1,1,-1,-1,-1,-1,1,-1,-1,-1,-1,-1,-1,-1,-1,-1,-1,-1,-1,-1,-1,-1,-1,-1,-1,-1,-1,-1,-1,-1,1,-1,-1,-1,-1,-1,
-1,1,-1,-1,-1,1,-1,-1,-1,-1,-1,-1,-1,-1,-1,1,-1,-1,1,-1,1,-1,-1,0,1,-1,-1,-1,-1,-1,-1,-1,-1,-1,-1,-1,-1,-1,-1,-1,-1,-1,-1,-1,-1,-1,-1,-1,-1,-1,-1,1,-1,-1,-1,-1,-1,-1,-1,-1,-1,1,-1,-1,-1,-1,-1,-1,-1,-1,1,-1,-1,-1,-1,-1,-1,-1,-1,-1,-1,-1,-1,-1,-1,-1,-1,-1,-1,-1,-1,-1,-1,-1,-1,1,-1,-1,-1,1,-1,-1,-1,
-1,-1,-1,-1,-1,-1,-1,-1,-1,-1,1,-1,-1,-1,-1,-1,-1,-1,1,-1,-1,-1,1,1,0,-1,1,-1,-1,-1,-1,-1,-1,1,-1,-1,-1,-1,-1,-1,-1,-1,-1,-1,-1,-1,-1,-1,-1,-1,-1,1,-1,-1,-1,-1,-1,-1,-1,-1,-1,-1,-1,-1,-1,-1,-1,1,-1,-1,1,1,-1,-1,1,-1,-1,-1,-1,-1,-1,-1,-1,-1,-1,-1,-1,-1,-1,-1,-1,-1,-1,-1,-1,-1,-1,-1,-1,-1,-1,-1,-1,
1,-1,1,-1,-1,1,-1,-1,-1,-1,-1,-1,-1,-1,-1,-1,-1,-1,-1,-1,1,-1,-1,-1,-1,0,-1,-1,-1,-1,-1,-1,-1,-1,-1,-1,-1,1,-1,-1,-1,-1,1,-1,-1,-1,-1,-1,-1,-1,-1,-1,-1,-1,-1,-1,-1,-1,-1,-1,-1,-1,1,-1,-1,-1,-1,-1,-1,1,-1,-1,-1,-1,-1,-1,-1,-1,-1,-1,-1,-1,-1,-1,-1,-1,-1,-1,1,-1,-1,1,-1,-1,-1,-1,-1,-1,-1,-1,-1,-1,-1,
-1,-1,-1,-1,-1,-1,-1,-1,-1,-1,-1,-1,1,-1,1,-1,-1,1,-1,-1,-1,-1,-1,-1,1,-1,0,-1,-1,-1,-1,-1,-1,1,-1,-1,1,-1,-1,-1,-1,1,-1,-1,-1,-1,-1,-1,-1,-1,-1,-1,-1,1,-1,-1,-1,-1,-1,-1,-1,-1,-1,1,-1,-1,-1,-1,-1,-1,-1,-1,-1,1,-1,-1,-1,-1,-1,-1,-1,-1,-1,-1,-1,1,-1,-1,-1,-1,-1,-1,-1,1,-1,-1,-1,-1,1,-1,-1,-1,-1,
-1,1,-1,-1,-1,-1,-1,-1,-1,-1,-1,-1,-1,-1,-1,1,-1,-1,-1,-1,-1,-1,1,-1,-1,-1,-1,0,-1,-1,-1,1,-1,-1,-1,-1,-1,-1,-1,1,-1,-1,-1,-1,-1,-1,-1,-1,1,-1,-1,-1,-1,1,-1,-1,-1,-1,-1,-1,-1,1,-1,-1,-1,-1,-1,-1,-1,-1,1,-1,1,-1,-1,-1,-1,-1,-1,-1,-1,-1,-1,-1,-1,-1,-1,-1,-1,-1,-1,-1,-1,-1,-1,-1,1,-1,1,-1,-1,-1,-1,
-1,-1,-1,-1,-1,-1,1,-1,-1,1,1,-1,1,-1,-1,-1,-1,-1,-1,-1,-1,-1,1,-1,-1,-1,-1,-1,0,-1,-1,-1,-1,-1,-1,-1,-1,-1,-1,-1,-1,-1,-1,-1,-1,-1,-1,-1,-1,-1,-1,-1,-1,1,-1,-1,-1,-1,-1,1,-1,-1,-1,-1,-1,-1,-1,-1,-1,-1,-1,1,-1,-1,-1,1,-1,-1,-1,-1,-1,-1,-1,-1,-1,-1,-1,-1,-1,-1,-1,-1,-1,-1,-1,1,-1,-1,-1,-1,-1,-1,-1,
-1,-1,-1,-1,1,-1,-1,-1,-1,1,-1,-1,1,-1,-1,-1,1,-1,-1,-1,-1,1,-1,-1,-1,-1,-1,-1,-1,0,-1,-1,-1,-1,1,-1,-1,-1,-1,-1,-1,-1,1,-1,-1,1,-1,-1,-1,-1,-1,-1,-1,-1,-1,-1,-1,-1,-1,-1,-1,-1,-1,-1,-1,-1,-1,-1,1,-1,-1,-1,-1,-1,-1,-1,-1,-1,1,-1,-1,-1,-1,-1,-1,-1,-1,-1,-1,-1,-1,-1,-1,-1,-1,-1,-1,-1,-1,-1,-1,-1,-1,
-1,-1,-1,1,-1,-1,1,-1,-1,-1,-1,-1,-1,-1,-1,-1,-1,-1,-1,-1,-1,-1,-1,-1,-1,-1,-1,-1,-1,-1,0,1,-1,-1,1,1,-1,1,-1,-1,-1,-1,-1,-1,-1,-1,-1,-1,1,-1,-1,1,-1,-1,-1,-1,-1,-1,-1,-1,-1,-1,-1,-1,-1,-1,-1,-1,-1,-1,-1,-1,-1,-1,-1,-1,-1,-1,-1,-1,-1,1,-1,-1,1,-1,-1,-1,-1,-1,-1,-1,-1,1,-1,-1,-1,-1,-1,-1,-1,-1,-1,
-1,-1,1,-1,-1,-1,1,1,-1,-1,1,-1,-1,-1,-1,-1,-1,-1,-1,-1,-1,1,1,-1,-1,-1,-1,1,-1,-1,1,0,-1,-1,-1,-1,-1,1,-1,-1,-1,-1,-1,-1,-1,-1,-1,-1,-1,-1,-1,-1,-1,-1,-1,-1,-1,-1,-1,-1,-1,-1,-1,-1,-1,-1,-1,-1,-1,-1,-1,-1,-1,-1,-1,-1,-1,-1,-1,-1,-1,-1,-1,-1,-1,-1,-1,-1,-1,-1,-1,-1,-1,-1,-1,-1,-1,-1,1,-1,-1,-1,-1,
-1,1,-1,-1,-1,-1,1,-1,-1,-1,-1,-1,-1,-1,-1,-1,1,-1,-1,-1,-1,-1,-1,-1,-1,-1,-1,-1,-1,-1,-1,-1,0,-1,1,-1,-1,-1,-1,-1,-1,-1,-1,-1,-1,-1,-1,-1,1,1,-1,-1,-1,-1,-1,-1,-1,-1,-1,1,-1,-1,-1,-1,1,-1,1,-1,-1,-1,-1,-1,-1,-1,-1,-1,-1,-1,-1,1,-1,-1,-1,-1,-1,-1,-1,-1,-1,-1,-1,-1,-1,-1,-1,-1,-1,-1,-1,-1,-1,-1,-1,
1,-1,-1,-1,-1,-1,1,-1,-1,-1,-1,-1,-1,-1,-1,-1,-1,-1,-1,-1,-1,-1,-1,-1,1,-1,1,-1,-1,-1,-1,-1,-1,0,-1,-1,1,-1,-1,-1,-1,-1,-1,-1,-1,-1,1,-1,-1,-1,-1,-1,-1,-1,-1,-1,-1,-1,-1,-1,-1,-1,-1,1,-1,1,-1,-1,1,-1,-1,-1,-1,-1,1,-1,-1,-1,-1,-1,-1,-1,-1,-1,-1,-1,-1,-1,-1,-1,-1,-1,-1,-1,-1,-1,-1,-1,-1,-1,-1,1,-1,
-1,-1,1,-1,-1,-1,-1,-1,1,-1,-1,-1,-1,-1,-1,-1,-1,-1,1,-1,-1,-1,-1,-1,-1,-1,-1,-1,-1,1,1,-1,1,-1,0,-1,-1,-1,-1,-1,-1,-1,-1,-1,-1,-1,-1,-1,-1,-1,-1,-1,-1,-1,-1,1,-1,-1,-1,-1,-1,-1,1,-1,-1,-1,1,-1,-1,-1,-1,-1,-1,-1,-1,-1,-1,-1,-1,-1,-1,-1,-1,-1,-1,-1,-1,-1,-1,-1,-1,-1,-1,-1,-1,-1,1,-1,-1,-1,-1,-1,-1,
1,-1,1,-1,-1,-1,1,-1,1,-1,-1,-1,-1,-1,1,-1,-1,-1,-1,-1,-1,-1,-1,-1,-1,-1,-1,-1,-1,-1,1,-1,-1,-1,-1,0,-1,-1,-1,-1,-1,1,-1,-1,-1,-1,-1,-1,-1,-1,-1,-1,-1,-1,-1,-1,-1,-1,-1,-1,-1,-1,-1,-1,-1,-1,-1,-1,-1,-1,-1,-1,-1,-1,-1,-1,-1,-1,-1,-1,-1,-1,1,-1,1,-1,-1,1,-1,-1,-1,-1,-1,-1,-1,-1,-1,-1,-1,-1,-1,-1,-1,
-1,-1,-1,-1,-1,1,-1,-1,-1,-1,1,-1,-1,-1,-1,-1,-1,-1,1,-1,-1,-1,-1,-1,-1,-1,1,-1,-1,-1,-1,-1,-1,1,-1,-1,0,-1,1,-1,-1,-1,-1,-1,-1,-1,-1,-1,-1,-1,-1,-1,-1,-1,-1,-1,-1,-1,-1,-1,-1,-1,-1,-1,-1,-1,-1,-1,-1,-1,1,1,-1,-1,1,-1,-1,-1,-1,-1,-1,-1,-1,-1,-1,-1,-1,-1,1,-1,-1,-1,-1,-1,-1,-1,-1,-1,1,-1,-1,-1,-1,
-1,-1,-1,-1,-1,-1,-1,-1,-1,-1,1,-1,-1,1,-1,-1,-1,-1,-1,-1,-1,-1,-1,-1,-1,1,-1,-1,-1,-1,1,1,-1,-1,-1,-1,-1,0,-1,-1,-1,-1,-1,-1,-1,-1,-1,-1,-1,-1,-1,-1,-1,-1,-1,1,-1,-1,-1,-1,-1,-1,-1,-1,-1,-1,-1,-1,-1,-1,-1,-1,-1,-1,-1,1,-1,-1,-1,-1,-1,1,1,-1,-1,-1,-1,-1,-1,-1,-1,-1,-1,1,-1,-1,-1,-1,-1,-1,-1,-1,-1,
-1,-1,-1,-1,-1,-1,-1,-1,-1,-1,-1,-1,-1,-1,-1,1,-1,-1,-1,-1,-1,1,-1,-1,-1,-1,-1,-1,-1,-1,-1,-1,-1,-1,-1,-1,1,-1,0,-1,1,1,-1,-1,1,1,-1,-1,-1,-1,-1,-1,-1,-1,-1,-1,-1,-1,-1,-1,1,-1,-1,-1,-1,-1,-1,-1,1,-1,-1,-1,-1,-1,-1,-1,1,-1,-1,-1,-1,-1,-1,-1,-1,-1,-1,-1,-1,-1,-1,-1,-1,-1,-1,-1,-1,-1,-1,-1,-1,-1,-1,
-1,-1,-1,-1,-1,-1,-1,-1,-1,-1,-1,-1,-1,-1,-1,1,1,-1,1,1,-1,-1,-1,-1,-1,-1,-1,1,-1,-1,-1,-1,-1,-1,-1,-1,-1,-1,-1,0,-1,-1,-1,-1,-1,-1,-1,-1,-1,-1,-1,-1,-1,-1,-1,-1,-1,-1,-1,-1,-1,-1,-1,1,-1,-1,-1,-1,-1,-1,-1,-1,-1,-1,1,-1,-1,-1,-1,1,-1,-1,-1,-1,-1,-1,-1,-1,-1,-1,-1,-1,1,-1,-1,-1,-1,-1,-1,-1,1,-1,-1,
-1,-1,-1,-1,-1,-1,-1,-1,-1,-1,-1,1,-1,-1,-1,-1,-1,-1,-1,-1,1,-1,-1,-1,-1,-1,-1,-1,-1,-1,-1,-1,-1,-1,-1,-1,-1,-1,1,-1,0,-1,1,-1,1,-1,-1,-1,-1,-1,-1,-1,-1,-1,1,-1,1,-1,-1,-1,-1,-1,-1,-1,-1,-1,-1,1,-1,-1,-1,-1,-1,-1,-1,-1,-1,-1,-1,-1,-1,-1,-1,-1,-1,-1,-1,-1,-1,-1,1,-1,-1,1,-1,1,-1,-1,-1,-1,-1,-1,-1,
-1,-1,-1,-1,-1,-1,-1,-1,-1,-1,-1,-1,-1,-1,-1,-1,-1,-1,-1,1,-1,-1,-1,-1,-1,-1,1,-1,-1,-1,-1,-1,-1,-1,-1,1,-1,-1,1,-1,-1,0,1,-1,-1,-1,-1,-1,-1,-1,-1,-1,-1,-1,-1,-1,-1,-1,-1,-1,-1,-1,-1,-1,-1,-1,-1,-1,-1,-1,-1,-1,-1,-1,1,-1,-1,-1,-1,-1,-1,-1,-1,-1,-1,-1,1,-1,-1,1,-1,-1,-1,-1,-1,-1,-1,-1,-1,-1,1,1,-1,
-1,-1,-1,-1,-1,-1,-1,-1,-1,-1,-1,-1,-1,-1,-1,-1,-1,-1,-1,-1,-1,1,1,-1,-1,1,-1,-1,-1,1,-1,-1,-1,-1,-1,-1,-1,-1,-1,-1,1,1,0,-1,-1,-1,-1,-1,-1,-1,-1,-1,1,-1,-1,-1,-1,-1,1,-1,-1,-1,-1,-1,1,-1,-1,-1,-1,-1,-1,-1,-1,-1,-1,-1,-1,-1,-1,-1,-1,-1,-1,-1,-1,-1,-1,-1,-1,-1,-1,-1,-1,-1,-1,-1,-1,-1,-1,-1,-1,1,-1,
-1,-1,-1,-1,-1,-1,-1,-1,-1,-1,-1,-1,-1,-1,-1,-1,-1,-1,-1,-1,1,-1,-1,-1,-1,-1,-1,-1,-1,-1,-1,-1,-1,-1,-1,-1,-1,-1,-1,-1,-1,-1,-1,0,-1,-1,-1,-1,-1,-1,-1,-1,-1,-1,1,-1,-1,-1,-1,-1,-1,-1,-1,-1,-1,-1,-1,-1,-1,-1,-1,-1,-1,-1,-1,-1,-1,-1,-1,-1,-1,-1,-1,-1,-1,-1,-1,-1,-1,-1,-1,1,-1,-1,-1,-1,-1,-1,-1,-1,-1,-1,-1,
-1,-1,-1,-1,-1,-1,-1,-1,-1,-1,-1,-1,-1,-1,-1,-1,-1,-1,-1,-1,-1,-1,-1,-1,-1,-1,-1,-1,-1,-1,-1,-1,-1,-1,-1,-1,-1,-1,1,-1,1,-1,-1,-1,0,-1,-1,-1,-1,-1,-1,-1,-1,-1,-1,-1,-1,-1,-1,-1,-1,-1,-1,-1,-1,-1,-1,-1,-1,-1,-1,-1,-1,-1,-1,-1,-1,-1,-1,-1,-1,-1,-1,-1,-1,-1,-1,-1,-1,-1,-1,-1,-1,-1,-1,-1,-1,-1,-1,-1,-1,-1,-1,
-1,-1,-1,-1,-1,-1,-1,-1,-1,-1,-1,-1,-1,-1,-1,-1,1,-1,-1,-1,-1,-1,-1,-1,-1,-1,-1,-1,-1,1,-1,-1,-1,-1,-1,-1,-1,-1,1,-1,-1,-1,-1,-1,-1,0,-1,-1,-1,-1,-1,-1,-1,-1,-1,-1,-1,-1,-1,-1,-1,-1,-1,-1,-1,-1,-1,-1,-1,-1,-1,-1,-1,-1,-1,-1,-1,-1,-1,-1,-1,-1,-1,-1,-1,-1,-1,-1,-1,-1,-1,-1,-1,-1,-1,-1,-1,-1,-1,-1,-1,-1,-1,
-1,-1,-1,-1,-1,-1,-1,-1,-1,-1,-1,-1,-1,-1,-1,1,-1,1,-1,1,-1,-1,-1,-1,-1,-1,-1,-1,-1,-1,-1,-1,-1,1,-1,-1,-1,-1,-1,-1,-1,-1,-1,-1,-1,-1,0,-1,-1,-1,-1,-1,-1,-1,-1,-1,-1,-1,-1,-1,-1,-1,-1,-1,-1,-1,-1,-1,-1,-1,-1,-1,-1,-1,-1,-1,-1,-1,-1,-1,-1,-1,-1,-1,-1,-1,-1,-1,-1,-1,-1,-1,-1,-1,-1,-1,-1,-1,-1,-1,-1,-1,-1,
1,-1,-1,-1,-1,-1,-1,-1,-1,-1,-1,-1,-1,-1,-1,-1,-1,-1,-1,-1,-1,-1,1,-1,-1,-1,-1,-1,-1,-1,-1,-1,-1,-1,-1,-1,-1,-1,-1,-1,-1,-1,-1,-1,-1,-1,-1,0,-1,-1,-1,-1,-1,-1,-1,-1,-1,-1,-1,-1,-1,-1,-1,-1,-1,-1,-1,-1,-1,-1,-1,-1,-1,-1,-1,-1,-1,-1,-1,-1,-1,-1,-1,-1,-1,-1,-1,-1,-1,-1,-1,-1,-1,-1,-1,-1,-1,-1,-1,-1,-1,-1,-1,
-1,-1,-1,-1,-1,1,-1,-1,-1,-1,1,1,-1,-1,-1,-1,-1,-1,-1,-1,-1,-1,1,-1,-1,-1,-1,1,-1,-1,1,-1,1,-1,-1,-1,-1,-1,-1,-1,-1,-1,-1,-1,-1,-1,-1,-1,0,-1,-1,-1,-1,-1,-1,-1,-1,-1,-1,-1,-1,-1,-1,-1,-1,-1,-1,-1,-1,-1,-1,-1,-1,-1,-1,-1,-1,-1,-1,-1,-1,-1,-1,-1,-1,-1,-1,-1,-1,-1,-1,-1,-1,-1,-1,-1,-1,-1,-1,-1,-1,-1,-1,
-1,-1,-1,-1,-1,1,-1,-1,-1,1,-1,-1,-1,-1,-1,-1,-1,-1,-1,-1,-1,-1,-1,-1,-1,-1,-1,-1,-1,-1,-1,-1,1,-1,-1,-1,-1,-1,-1,-1,-1,-1,-1,-1,-1,-1,-1,-1,-1,0,-1,-1,-1,-1,-1,-1,-1,-1,-1,-1,-1,-1,-1,-1,-1,-1,-1,-1,-1,-1,-1,-1,-1,-1,-1,-1,-1,-1,-1,-1,-1,-1,-1,-1,-1,-1,-1,-1,-1,-1,-1,-1,-1,-1,-1,-1,-1,-1,-1,-1,-1,-1,-1,
-1,1,-1,-1,-1,-1,-1,-1,-1,-1,-1,-1,-1,-1,-1,-1,-1,1,-1,-1,1,-1,-1,-1,-1,-1,-1,-1,-1,-1,-1,-1,-1,-1,-1,-1,-1,-1,-1,-1,-1,-1,-1,-1,-1,-1,-1,-1,-1,-1,0,-1,-1,-1,-1,-1,-1,-1,-1,-1,-1,-1,-1,-1,-1,-1,-1,-1,-1,-1,-1,-1,-1,-1,-1,-1,-1,-1,-1,-1,-1,-1,-1,-1,-1,-1,-1,-1,-1,-1,-1,-1,-1,-1,-1,-1,-1,-1,-1,-1,-1,-1,-1,
-1,-1,-1,-1,1,-1,-1,-1,-1,-1,-1,-1,-1,-1,-1,-1,-1,-1,-1,-1,-1,-1,-1,1,1,-1,-1,-1,-1,-1,1,-1,-1,-1,-1,-1,-1,-1,-1,-1,-1,-1,-1,-1,-1,-1,-1,-1,-1,-1,-1,0,-1,-1,-1,-1,-1,-1,-1,-1,-1,-1,-1,-1,-1,-1,-1,-1,-1,-1,-1,-1,-1,-1,-1,-1,-1,-1,-1,-1,-1,-1,-1,-1,-1,-1,-1,-1,-1,-1,-1,-1,-1,-1,-1,-1,-1,-1,-1,-1,-1,-1,-1,
-1,-1,-1,-1,-1,-1,-1,-1,-1,1,-1,-1,-1,-1,1,-1,-1,-1,-1,-1,-1,-1,-1,-1,-1,-1,-1,-1,-1,-1,-1,-1,-1,-1,-1,-1,-1,-1,-1,-1,-1,-1,1,-1,-1,-1,-1,-1,-1,-1,-1,-1,0,-1,-1,-1,-1,-1,-1,-1,-1,-1,-1,-1,-1,-1,-1,-1,-1,-1,-1,-1,-1,-1,-1,-1,-1,-1,-1,-1,-1,-1,-1,-1,-1,-1,-1,-1,-1,-1,-1,-1,-1,-1,-1,-1,-1,-1,-1,-1,-1,-1,-1,
-1,-1,-1,-1,-1,-1,1,-1,-1,-1,-1,-1,1,-1,-1,-1,-1,-1,-1,-1,-1,-1,-1,-1,-1,-1,1,1,1,-1,-1,-1,-1,-1,-1,-1,-1,-1,-1,-1,-1,-1,-1,-1,-1,-1,-1,-1,-1,-1,-1,-1,-1,0,-1,-1,-1,-1,-1,-1,-1,-1,-1,-1,-1,-1,-1,-1,-1,-1,-1,-1,-1,-1,-1,-1,-1,-1,-1,-1,-1,-1,-1,-1,-1,-1,-1,-1,-1,-1,-1,-1,-1,-1,-1,-1,-1,-1,-1,-1,-1,-1,-1,
-1,-1,-1,-1,-1,-1,-1,-1,-1,-1,-1,-1,-1,-1,-1,-1,-1,-1,-1,-1,-1,-1,-1,-1,-1,-1,-1,-1,-1,-1,-1,-1,-1,-1,-1,-1,-1,-1,-1,-1,1,-1,-1,1,-1,-1,-1,-1,-1,-1,-1,-1,-1,-1,0,-1,-1,-1,-1,-1,-1,-1,-1,-1,-1,-1,-1,-1,-1,-1,-1,-1,-1,-1,-1,-1,-1,-1,-1,-1,-1,-1,-1,-1,-1,-1,-1,-1,-1,-1,-1,-1,-1,-1,-1,-1,-1,-1,-1,-1,-1,-1,-1,
-1,-1,-1,-1,-1,1,-1,-1,-1,-1,-1,-1,-1,-1,-1,-1,-1,-1,-1,-1,-1,1,-1,-1,-1,-1,-1,-1,-1,-1,-1,-1,-1,-1,1,-1,-1,1,-1,-1,-1,-1,-1,-1,-1,-1,-1,-1,-1,-1,-1,-1,-1,-1,-1,0,-1,-1,-1,-1,-1,-1,-1,-1,-1,-1,-1,-1,-1,-1,-1,-1,-1,-1,-1,-1,-1,-1,-1,-1,-1,-1,-1,-1,-1,-1,-1,-1,-1,-1,-1,-1,-1,-1,-1,-1,-1,-1,-1,-1,-1,-1,-1,
-1,-1,1,-1,-1,-1,-1,1,1,-1,-1,-1,-1,-1,-1,-1,-1,-1,-1,-1,1,1,-1,-1,-1,-1,-1,-1,-1,-1,-1,-1,-1,-1,-1,-1,-1,-1,-1,-1,1,-1,-1,-1,-1,-1,-1,-1,-1,-1,-1,-1,-1,-1,-1,-1,0,-1,-1,-1,-1,-1,-1,-1,-1,-1,-1,-1,-1,-1,-1,-1,-1,-1,-1,-1,-1,-1,-1,-1,-1,-1,-1,-1,-1,-1,-1,-1,-1,-1,-1,-1,-1,-1,-1,-1,-1,-1,-1,-1,-1,-1,-1,
-1,-1,-1,1,-1,-1,-1,-1,1,-1,-1,-1,-1,-1,-1,-1,-1,-1,-1,-1,-1,-1,-1,-1,-1,-1,-1,-1,-1,-1,-1,-1,-1,-1,-1,-1,-1,-1,-1,-1,-1,-1,-1,-1,-1,-1,-1,-1,-1,-1,-1,-1,-1,-1,-1,-1,-1,0,-1,-1,-1,-1,-1,-1,-1,-1,-1,-1,-1,-1,-1,-1,-1,-1,-1,-1,-1,-1,-1,-1,-1,-1,-1,-1,-1,-1,-1,-1,-1,-1,-1,-1,-1,-1,-1,-1,-1,-1,-1,-1,-1,-1,-1,
1,-1,-1,-1,-1,-1,-1,-1,-1,-1,-1,1,-1,-1,-1,-1,-1,-1,-1,-1,-1,-1,-1,-1,-1,-1,-1,-1,-1,-1,-1,-1,-1,-1,-1,-1,-1,-1,-1,-1,-1,-1,1,-1,-1,-1,-1,-1,-1,-1,-1,-1,-1,-1,-1,-1,-1,-1,0,-1,-1,-1,-1,-1,-1,-1,-1,-1,-1,-1,-1,-1,-1,-1,-1,-1,-1,-1,-1,-1,-1,-1,-1,-1,-1,-1,-1,-1,-1,-1,-1,-1,-1,-1,-1,-1,-1,-1,-1,-1,-1,-1,-1,
-1,-1,-1,-1,1,-1,1,-1,1,-1,1,-1,-1,-1,-1,-1,-1,-1,-1,-1,-1,-1,-1,-1,-1,-1,-1,-1,1,-1,-1,-1,1,-1,-1,-1,-1,-1,-1,-1,-1,-1,-1,-1,-1,-1,-1,-1,-1,-1,-1,-1,-1,-1,-1,-1,-1,-1,-1,0,-1,-1,-1,-1,-1,-1,-1,-1,-1,-1,-1,-1,-1,-1,-1,-1,-1,-1,-1,-1,-1,-1,-1,-1,-1,-1,-1,-1,-1,-1,-1,-1,-1,-1,-1,-1,-1,-1,-1,-1,-1,-1,-1,
-1,-1,-1,-1,-1,-1,-1,-1,-1,1,-1,-1,-1,-1,1,-1,-1,-1,-1,-1,-1,-1,-1,-1,-1,-1,-1,-1,-1,-1,-1,-1,-1,-1,-1,-1,-1,-1,1,-1,-1,-1,-1,-1,-1,-1,-1,-1,-1,-1,-1,-1,-1,-1,-1,-1,-1,-1,-1,-1,0,-1,-1,-1,-1,-1,-1,-1,-1,-1,-1,-1,-1,-1,-1,-1,-1,-1,-1,-1,-1,-1,-1,-1,-1,-1,-1,-1,-1,-1,-1,-1,-1,-1,-1,-1,-1,-1,-1,-1,-1,-1,-1,
-1,-1,-1,-1,-1,-1,-1,-1,-1,-1,-1,-1,-1,-1,-1,-1,-1,1,-1,-1,-1,-1,-1,1,-1,-1,-1,1,-1,-1,-1,-1,-1,-1,-1,-1,-1,-1,-1,-1,-1,-1,-1,-1,-1,-1,-1,-1,-1,-1,-1,-1,-1,-1,-1,-1,-1,-1,-1,-1,-1,0,-1,-1,-1,-1,-1,-1,-1,-1,-1,-1,-1,-1,-1,-1,-1,-1,-1,-1,-1,-1,-1,-1,-1,-1,-1,-1,-1,-1,-1,-1,-1,-1,-1,-1,-1,-1,-1,-1,-1,-1,-1,
-1,-1,-1,-1,-1,-1,1,-1,-1,-1,-1,-1,-1,-1,-1,-1,-1,-1,-1,-1,-1,-1,-1,-1,-1,1,-1,-1,-1,-1,-1,-1,-1,-1,1,-1,-1,-1,-1,-1,-1,-1,-1,-1,-1,-1,-1,-1,-1,-1,-1,-1,-1,-1,-1,-1,-1,-1,-1,-1,-1,-1,0,-1,-1,-1,-1,-1,-1,-1,-1,-1,-1,-1,-1,-1,-1,-1,-1,-1,-1,-1,-1,-1,-1,-1,-1,-1,-1,-1,-1,-1,-1,-1,-1,-1,-1,-1,-1,-1,-1,-1,-1,
-1,-1,-1,-1,-1,-1,-1,1,-1,-1,-1,-1,-1,-1,-1,-1,-1,-1,-1,-1,-1,-1,-1,-1,-1,-1,1,-1,-1,-1,-1,-1,-1,1,-1,-1,-1,-1,-1,1,-1,-1,-1,-1,-1,-1,-1,-1,-1,-1,-1,-1,-1,-1,-1,-1,-1,-1,-1,-1,-1,-1,-1,0,-1,-1,-1,-1,-1,-1,-1,-1,-1,-1,-1,-1,-1,-1,-1,-1,-1,-1,-1,-1,-1,-1,-1,-1,-1,-1,-1,-1,-1,-1,-1,-1,-1,-1,-1,-1,-1,-1,-1,
-1,1,-1,-1,-1,-1,-1,-1,-1,-1,-1,-1,-1,-1,-1,-1,-1,-1,-1,-1,-1,-1,-1,-1,-1,-1,-1,-1,-1,-1,-1,-1,1,-1,-1,-1,-1,-1,-1,-1,-1,-1,1,-1,-1,-1,-1,-1,-1,-1,-1,-1,-1,-1,-1,-1,-1,-1,-1,-1,-1,-1,-1,-1,0,-1,-1,-1,-1,-1,-1,-1,-1,-1,-1,-1,-1,-1,-1,-1,-1,-1,-1,-1,-1,-1,-1,-1,-1,-1,-1,-1,-1,-1,-1,-1,-1,-1,-1,-1,-1,-1,-1,
-1,-1,-1,-1,-1,-1,-1,-1,-1,1,-1,-1,-1,-1,-1,-1,1,-1,1,-1,-1,-1,-1,-1,-1,-1,-1,-1,-1,-1,-1,-1,-1,1,-1,-1,-1,-1,-1,-1,-1,-1,-1,-1,-1,-1,-1,-1,-1,-1,-1,-1,-1,-1,-1,-1,-1,-1,-1,-1,-1,-1,-1,-1,-1,0,-1,-1,-1,-1,-1,-1,-1,-1,-1,-1,-1,-1,-1,-1,-1,-1,-1,-1,-1,-1,-1,-1,-1,-1,-1,-1,-1,-1,-1,-1,-1,-1,-1,-1,-1,-1,-1,
-1,-1,1,1,-1,-1,-1,-1,-1,-1,-1,-1,-1,-1,-1,-1,-1,-1,-1,-1,-1,-1,-1,-1,-1,-1,-1,-1,-1,-1,-1,-1,1,-1,1,-1,-1,-1,-1,-1,-1,-1,-1,-1,-1,-1,-1,-1,-1,-1,-1,-1,-1,-1,-1,-1,-1,-1,-1,-1,-1,-1,-1,-1,-1,-1,0,-1,-1,-1,-1,-1,-1,-1,-1,-1,-1,-1,-1,-1,-1,-1,-1,-1,-1,-1,-1,-1,-1,-1,-1,-1,-1,-1,-1,-1,-1,-1,-1,-1,-1,-1,-1,
-1,-1,-1,-1,-1,-1,-1,-1,-1,1,-1,-1,1,-1,1,-1,1,-1,-1,1,-1,-1,-1,-1,1,-1,-1,-1,-1,-1,-1,-1,-1,-1,-1,-1,-1,-1,-1,-1,1,-1,-1,-1,-1,-1,-1,-1,-1,-1,-1,-1,-1,-1,-1,-1,-1,-1,-1,-1,-1,-1,-1,-1,-1,-1,-1,0,-1,-1,-1,-1,-1,-1,-1,-1,-1,-1,-1,-1,-1,-1,-1,-1,-1,-1,-1,-1,-1,-1,-1,-1,-1,-1,-1,-1,-1,-1,-1,-1,-1,-1,-1,
-1,-1,-1,1,-1,-1,-1,-1,-1,-1,-1,-1,-1,1,-1,-1,-1,-1,-1,-1,-1,-1,1,-1,-1,-1,-1,-1,-1,1,-1,-1,-1,1,-1,-1,-1,-1,1,-1,-1,-1,-1,-1,-1,-1,-1,-1,-1,-1,-1,-1,-1,-1,-1,-1,-1,-1,-1,-1,-1,-1,-1,-1,-1,-1,-1,-1,0,-1,-1,-1,-1,-1,-1,-1,-1,-1,-1,-1,-1,-1,-1,-1,-1,-1,-1,-1,-1,-1,-1,-1,-1,-1,-1,-1,-1,-1,-1,-1,-1,-1,-1,
-1,-1,-1,-1,-1,-1,-1,-1,-1,-1,-1,-1,-1,-1,-1,1,-1,-1,-1,-1,-1,-1,-1,-1,-1,1,-1,-1,-1,-1,-1,-1,-1,-1,-1,-1,-1,-1,-1,-1,-1,-1,-1,-1,-1,-1,-1,-1,-1,-1,-1,-1,-1,-1,-1,-1,-1,-1,-1,-1,-1,-1,-1,-1,-1,-1,-1,-1,-1,0,-1,-1,-1,-1,-1,-1,-1,-1,-1,-1,-1,-1,-1,-1,-1,-1,-1,-1,-1,-1,-1,-1,-1,-1,-1,-1,-1,-1,-1,-1,-1,-1,-1,
-1,-1,-1,-1,-1,-1,-1,-1,1,1,-1,-1,-1,-1,-1,-1,-1,-1,1,-1,-1,-1,-1,1,1,-1,-1,1,-1,-1,-1,-1,-1,-1,-1,-1,1,-1,-1,-1,-1,-1,-1,-1,-1,-1,-1,-1,-1,-1,-1,-1,-1,-1,-1,-1,-1,-1,-1,-1,-1,-1,-1,-1,-1,-1,-1,-1,-1,-1,0,-1,-1,-1,-1,-1,-1,-1,-1,-1,-1,-1,-1,-1,-1,-1,-1,-1,-1,-1,-1,-1,-1,-1,-1,-1,-1,-1,-1,-1,-1,-1,-1,
-1,-1,-1,-1,-1,-1,-1,-1,-1,1,-1,-1,-1,-1,-1,-1,-1,-1,-1,-1,-1,-1,-1,-1,1,-1,-1,-1,1,-1,-1,-1,-1,-1,-1,-1,1,-1,-1,-1,-1,-1,-1,-1,-1,-1,-1,-1,-1,-1,-1,-1,-1,-1,-1,-1,-1,-1,-1,-1,-1,-1,-1,-1,-1,-1,-1,-1,-1,-1,-1,0,-1,-1,-1,-1,-1,-1,-1,-1,-1,-1,-1,-1,-1,-1,-1,-1,-1,-1,-1,-1,-1,-1,-1,-1,-1,-1,-1,-1,-1,-1,-1,
-1,-1,-1,-1,-1,-1,-1,1,-1,-1,-1,-1,-1,-1,-1,1,-1,1,-1,-1,-1,-1,-1,-1,-1,-1,-1,1,-1,-1,-1,-1,-1,-1,-1,-1,-1,-1,-1,-1,-1,-1,-1,-1,-1,-1,-1,-1,-1,-1,-1,-1,-1,-1,-1,-1,-1,-1,-1,-1,-1,-1,-1,-1,-1,-1,-1,-1,-1,-1,-1,-1,0,-1,-1,-1,-1,-1,-1,-1,-1,-1,-1,-1,-1,-1,-1,-1,-1,-1,-1,-1,-1,-1,-1,-1,-1,-1,-1,-1,-1,-1,-1,
-1,-1,-1,-1,-1,-1,-1,-1,-1,-1,-1,-1,-1,-1,1,-1,-1,-1,-1,-1,-1,-1,1,-1,-1,-1,1,-1,-1,-1,-1,-1,-1,-1,-1,-1,-1,-1,-1,-1,-1,-1,-1,-1,-1,-1,-1,-1,-1,-1,-1,-1,-1,-1,-1,-1,-1,-1,-1,-1,-1,-1,-1,-1,-1,-1,-1,-1,-1,-1,-1,-1,-1,0,-1,-1,-1,-1,-1,-1,-1,-1,-1,-1,-1,-1,-1,-1,-1,-1,-1,-1,-1,-1,-1,-1,-1,-1,-1,-1,-1,-1,-1,
-1,-1,-1,-1,-1,-1,-1,-1,-1,-1,-1,1,1,-1,-1,-1,-1,-1,-1,-1,-1,-1,-1,-1,1,-1,-1,-1,-1,-1,-1,-1,-1,1,-1,-1,1,-1,-1,1,-1,1,-1,-1,-1,-1,-1,-1,-1,-1,-1,-1,-1,-1,-1,-1,-1,-1,-1,-1,-1,-1,-1,-1,-1,-1,-1,-1,-1,-1,-1,-1,-1,-1,0,-1,-1,-1,-1,-1,-1,-1,-1,-1,-1,-1,-1,-1,-1,-1,-1,-1,-1,-1,-1,-1,-1,-1,-1,-1,-1,-1,-1,
-1,-1,-1,-1,-1,-1,-1,1,-1,-1,-1,-1,-1,-1,-1,-1,-1,-1,-1,-1,-1,-1,-1,-1,-1,-1,-1,-1,1,-1,-1,-1,-1,-1,-1,-1,-1,1,-1,-1,-1,-1,-1,-1,-1,-1,-1,-1,-1,-1,-1,-1,-1,-1,-1,-1,-1,-1,-1,-1,-1,-1,-1,-1,-1,-1,-1,-1,-1,-1,-1,-1,-1,-1,-1,0,-1,-1,-1,-1,-1,-1,-1,-1,-1,-1,-1,-1,-1,-1,-1,-1,-1,-1,-1,-1,-1,-1,-1,-1,-1,-1,-1,
-1,-1,1,1,-1,-1,-1,-1,-1,-1,-1,-1,-1,-1,-1,-1,-1,-1,-1,1,-1,-1,-1,-1,-1,-1,-1,-1,-1,-1,-1,-1,-1,-1,-1,-1,-1,-1,1,-1,-1,-1,-1,-1,-1,-1,-1,-1,-1,-1,-1,-1,-1,-1,-1,-1,-1,-1,-1,-1,-1,-1,-1,-1,-1,-1,-1,-1,-1,-1,-1,-1,-1,-1,-1,-1,0,-1,-1,-1,-1,-1,-1,-1,-1,-1,-1,-1,-1,-1,-1,-1,-1,-1,-1,-1,-1,-1,-1,-1,-1,-1,-1,
-1,-1,-1,-1,-1,-1,-1,-1,-1,1,-1,-1,1,-1,-1,-1,-1,-1,-1,-1,-1,-1,-1,-1,-1,-1,-1,-1,-1,-1,-1,-1,-1,-1,-1,-1,-1,-1,-1,-1,-1,-1,-1,-1,-1,-1,-1,-1,-1,-1,-1,-1,-1,-1,-1,-1,-1,-1,-1,-1,-1,-1,-1,-1,-1,-1,-1,-1,-1,-1,-1,-1,-1,-1,-1,-1,-1,0,-1,-1,-1,-1,-1,-1,-1,-1,-1,-1,-1,-1,-1,-1,-1,-1,-1,-1,-1,-1,-1,-1,-1,-1,-1,
-1,-1,-1,-1,-1,-1,-1,-1,-1,-1,-1,1,1,-1,-1,-1,1,1,-1,-1,-1,-1,-1,-1,-1,-1,-1,-1,-1,1,-1,-1,-1,-1,-1,-1,-1,-1,-1,-1,-1,-1,-1,-1,-1,-1,-1,-1,-1,-1,-1,-1,-1,-1,-1,-1,-1,-1,-1,-1,-1,-1,-1,-1,-1,-1,-1,-1,-1,-1,-1,-1,-1,-1,-1,-1,-1,-1,0,-1,-1,-1,-1,-1,-1,-1,-1,-1,-1,-1,-1,-1,-1,-1,-1,-1,-1,-1,-1,-1,-1,-1,-1,
-1,-1,-1,-1,-1,-1,-1,-1,-1,-1,-1,-1,-1,-1,-1,-1,-1,-1,-1,-1,-1,-1,-1,-1,-1,-1,-1,-1,-1,-1,-1,-1,1,-1,-1,-1,-1,-1,-1,1,-1,-1,-1,-1,-1,-1,-1,-1,-1,-1,-1,-1,-1,-1,-1,-1,-1,-1,-1,-1,-1,-1,-1,-1,-1,-1,-1,-1,-1,-1,-1,-1,-1,-1,-1,-1,-1,-1,-1,0,-1,-1,-1,-1,-1,-1,-1,-1,-1,-1,-1,-1,-1,-1,-1,-1,-1,-1,-1,-1,-1,-1,-1,
1,1,-1,-1,-1,-1,-1,1,-1,-1,-1,-1,1,-1,-1,-1,-1,-1,-1,-1,-1,-1,-1,-1,-1,-1,-1,-1,-1,-1,-1,-1,-1,-1,-1,-1,-1,-1,-1,-1,-1,-1,-1,-1,-1,-1,-1,-1,-1,-1,-1,-1,-1,-1,-1,-1,-1,-1,-1,-1,-1,-1,-1,-1,-1,-1,-1,-1,-1,-1,-1,-1,-1,-1,-1,-1,-1,-1,-1,-1,0,-1,-1,-1,-1,-1,-1,-1,-1,-1,-1,-1,-1,-1,-1,-1,-1,-1,-1,-1,-1,-1,-1,
-1,-1,-1,-1,-1,-1,-1,-1,-1,-1,-1,-1,-1,-1,-1,-1,-1,-1,-1,-1,-1,-1,-1,-1,-1,-1,-1,-1,-1,-1,1,-1,-1,-1,-1,-1,-1,1,-1,-1,-1,-1,-1,-1,-1,-1,-1,-1,-1,-1,-1,-1,-1,-1,-1,-1,-1,-1,-1,-1,-1,-1,-1,-1,-1,-1,-1,-1,-1,-1,-1,-1,-1,-1,-1,-1,-1,-1,-1,-1,-1,0,-1,-1,-1,-1,-1,-1,-1,-1,-1,-1,-1,-1,-1,-1,-1,-1,-1,-1,-1,-1,-1,
-1,-1,-1,-1,-1,-1,-1,1,-1,-1,-1,-1,-1,-1,-1,-1,-1,-1,1,1,-1,-1,-1,-1,-1,-1,-1,-1,-1,-1,-1,-1,-1,-1,-1,1,-1,1,-1,-1,-1,-1,-1,-1,-1,-1,-1,-1,-1,-1,-1,-1,-1,-1,-1,-1,-1,-1,-1,-1,-1,-1,-1,-1,-1,-1,-1,-1,-1,-1,-1,-1,-1,-1,-1,-1,-1,-1,-1,-1,-1,-1,0,-1,-1,-1,-1,-1,-1,-1,-1,-1,-1,-1,-1,-1,-1,-1,-1,-1,-1,-1,-1,
-1,-1,1,-1,-1,-1,1,-1,-1,-1,1,-1,-1,-1,-1,-1,-1,-1,-1,1,-1,-1,-1,-1,-1,-1,-1,-1,-1,-1,-1,-1,-1,-1,-1,-1,-1,-1,-1,-1,-1,-1,-1,-1,-1,-1,-1,-1,-1,-1,-1,-1,-1,-1,-1,-1,-1,-1,-1,-1,-1,-1,-1,-1,-1,-1,-1,-1,-1,-1,-1,-1,-1,-1,-1,-1,-1,-1,-1,-1,-1,-1,-1,0,-1,-1,-1,-1,-1,-1,-1,-1,-1,-1,-1,-1,-1,-1,-1,-1,-1,-1,-1,
-1,-1,-1,-1,1,-1,-1,-1,-1,-1,-1,-1,-1,-1,-1,-1,-1,-1,-1,-1,-1,-1,-1,-1,-1,-1,-1,-1,-1,-1,1,-1,-1,-1,-1,1,-1,-1,-1,-1,-1,-1,-1,-1,-1,-1,-1,-1,-1,-1,-1,-1,-1,-1,-1,-1,-1,-1,-1,-1,-1,-1,-1,-1,-1,-1,-1,-1,-1,-1,-1,-1,-1,-1,-1,-1,-1,-1,-1,-1,-1,-1,-1,-1,0,-1,-1,-1,-1,-1,-1,-1,-1,-1,-1,-1,-1,-1,-1,-1,-1,-1,-1,
-1,-1,-1,1,-1,-1,1,-1,-1,-1,-1,1,-1,-1,-1,-1,-1,-1,-1,-1,-1,-1,-1,-1,-1,-1,1,-1,-1,-1,-1,-1,-1,-1,-1,-1,-1,-1,-1,-1,-1,-1,-1,-1,-1,-1,-1,-1,-1,-1,-1,-1,-1,-1,-1,-1,-1,-1,-1,-1,-1,-1,-1,-1,-1,-1,-1,-1,-1,-1,-1,-1,-1,-1,-1,-1,-1,-1,-1,-1,-1,-1,-1,-1,-1,0,-1,-1,-1,-1,-1,-1,-1,-1,-1,-1,-1,-1,-1,-1,-1,-1,-1,
-1,-1,-1,-1,-1,-1,-1,-1,-1,-1,1,-1,-1,-1,-1,-1,-1,-1,-1,-1,-1,1,-1,-1,-1,-1,-1,-1,-1,-1,-1,-1,-1,-1,-1,-1,-1,-1,-1,-1,-1,1,-1,-1,-1,-1,-1,-1,-1,-1,-1,-1,-1,-1,-1,-1,-1,-1,-1,-1,-1,-1,-1,-1,-1,-1,-1,-1,-1,-1,-1,-1,-1,-1,-1,-1,-1,-1,-1,-1,-1,-1,-1,-1,-1,-1,0,-1,-1,-1,-1,-1,-1,-1,-1,-1,-1,-1,-1,-1,-1,-1,-1,
-1,-1,-1,1,-1,-1,-1,-1,-1,-1,-1,-1,-1,-1,1,-1,1,-1,-1,-1,-1,-1,-1,-1,-1,-1,-1,-1,-1,-1,-1,-1,-1,-1,-1,1,-1,-1,-1,-1,-1,-1,-1,-1,-1,-1,-1,-1,-1,-1,-1,-1,-1,-1,-1,-1,-1,-1,-1,-1,-1,-1,-1,-1,-1,-1,-1,-1,-1,-1,-1,-1,-1,-1,-1,-1,-1,-1,-1,-1,-1,-1,-1,-1,-1,-1,-1,0,-1,-1,-1,-1,-1,-1,-1,-1,-1,-1,-1,-1,-1,-1,-1,
-1,-1,-1,-1,-1,-1,-1,-1,-1,-1,-1,-1,-1,-1,-1,-1,-1,-1,-1,-1,-1,-1,-1,-1,-1,1,-1,-1,-1,-1,-1,-1,-1,-1,-1,-1,1,-1,-1,-1,-1,-1,-1,-1,-1,-1,-1,-1,-1,-1,-1,-1,-1,-1,-1,-1,-1,-1,-1,-1,-1,-1,-1,-1,-1,-1,-1,-1,-1,-1,-1,-1,-1,-1,-1,-1,-1,-1,-1,-1,-1,-1,-1,-1,-1,-1,-1,-1,0,-1,-1,-1,-1,-1,-1,-1,-1,-1,-1,-1,-1,-1,-1,
-1,-1,-1,-1,1,-1,-1,-1,-1,-1,-1,-1,-1,-1,-1,1,-1,-1,-1,-1,-1,-1,-1,-1,-1,-1,-1,-1,-1,-1,-1,-1,-1,-1,-1,-1,-1,-1,-1,-1,-1,1,-1,-1,-1,-1,-1,-1,-1,-1,-1,-1,-1,-1,-1,-1,-1,-1,-1,-1,-1,-1,-1,-1,-1,-1,-1,-1,-1,-1,-1,-1,-1,-1,-1,-1,-1,-1,-1,-1,-1,-1,-1,-1,-1,-1,-1,-1,-1,0,-1,-1,-1,-1,-1,-1,-1,-1,-1,-1,-1,-1,-1,
-1,-1,1,-1,-1,-1,-1,-1,-1,-1,-1,-1,-1,-1,-1,-1,-1,-1,1,-1,-1,-1,-1,-1,-1,-1,-1,-1,-1,-1,-1,-1,-1,-1,-1,-1,-1,-1,-1,-1,1,-1,-1,-1,-1,-1,-1,-1,-1,-1,-1,-1,-1,-1,-1,-1,-1,-1,-1,-1,-1,-1,-1,-1,-1,-1,-1,-1,-1,-1,-1,-1,-1,-1,-1,-1,-1,-1,-1,-1,-1,-1,-1,-1,-1,-1,-1,-1,-1,-1,0,-1,-1,-1,-1,-1,-1,-1,-1,-1,-1,-1,-1,
-1,1,-1,-1,-1,-1,-1,-1,-1,-1,-1,-1,-1,-1,-1,-1,-1,-1,-1,-1,1,-1,-1,-1,-1,1,-1,-1,-1,-1,-1,-1,-1,-1,-1,-1,-1,-1,-1,-1,-1,-1,-1,1,-1,-1,-1,-1,-1,-1,-1,-1,-1,-1,-1,-1,-1,-1,-1,-1,-1,-1,-1,-1,-1,-1,-1,-1,-1,-1,-1,-1,-1,-1,-1,-1,-1,-1,-1,-1,-1,-1,-1,-1,-1,-1,-1,-1,-1,-1,-1,0,-1,-1,-1,-1,-1,-1,-1,-1,-1,-1,-1,
-1,-1,-1,-1,-1,-1,-1,-1,-1,-1,-1,1,-1,-1,-1,-1,1,1,-1,-1,-1,-1,-1,-1,-1,-1,-1,-1,-1,-1,-1,-1,-1,-1,-1,-1,-1,-1,-1,1,-1,-1,-1,-1,-1,-1,-1,-1,-1,-1,-1,-1,-1,-1,-1,-1,-1,-1,-1,-1,-1,-1,-1,-1,-1,-1,-1,-1,-1,-1,-1,-1,-1,-1,-1,-1,-1,-1,-1,-1,-1,-1,-1,-1,-1,-1,-1,-1,-1,-1,-1,-1,0,-1,-1,-1,-1,-1,-1,-1,-1,-1,-1,
-1,1,-1,-1,-1,-1,-1,-1,-1,-1,-1,-1,-1,-1,-1,-1,-1,-1,-1,-1,-1,-1,-1,-1,-1,-1,1,-1,-1,-1,1,-1,-1,-1,-1,-1,-1,1,-1,-1,1,-1,-1,-1,-1,-1,-1,-1,-1,-1,-1,-1,-1,-1,-1,-1,-1,-1,-1,-1,-1,-1,-1,-1,-1,-1,-1,-1,-1,-1,-1,-1,-1,-1,-1,-1,-1,-1,-1,-1,-1,-1,-1,-1,-1,-1,-1,-1,-1,-1,-1,-1,-1,0,-1,-1,-1,-1,-1,-1,-1,-1,-1,
-1,1,-1,-1,-1,-1,-1,1,-1,-1,-1,-1,-1,-1,1,-1,-1,-1,-1,-1,-1,-1,-1,-1,-1,-1,-1,-1,-1,-1,-1,-1,-1,-1,-1,-1,-1,-1,-1,-1,-1,-1,-1,-1,-1,-1,-1,-1,-1,-1,-1,-1,-1,-1,-1,-1,-1,-1,-1,-1,-1,-1,-1,-1,-1,-1,-1,-1,-1,-1,-1,-1,-1,-1,-1,-1,-1,-1,-1,-1,-1,-1,-1,-1,-1,-1,-1,-1,-1,-1,-1,-1,-1,-1,0,-1,-1,-1,-1,-1,-1,-1,-1,
-1,-1,-1,1,-1,-1,-1,1,-1,-1,-1,-1,-1,-1,-1,-1,-1,-1,-1,-1,-1,-1,-1,1,-1,-1,-1,-1,1,-1,-1,-1,-1,-1,-1,-1,-1,-1,-1,-1,1,-1,-1,-1,-1,-1,-1,-1,-1,-1,-1,-1,-1,-1,-1,-1,-1,-1,-1,-1,-1,-1,-1,-1,-1,-1,-1,-1,-1,-1,-1,-1,-1,-1,-1,-1,-1,-1,-1,-1,-1,-1,-1,-1,-1,-1,-1,-1,-1,-1,-1,-1,-1,-1,-1,0,-1,-1,-1,-1,-1,-1,-1,
-1,-1,1,-1,-1,1,-1,-1,-1,-1,-1,-1,-1,-1,-1,-1,-1,-1,-1,-1,-1,-1,-1,-1,-1,-1,-1,1,-1,-1,-1,-1,-1,-1,1,-1,-1,-1,-1,-1,-1,-1,-1,-1,-1,-1,-1,-1,-1,-1,-1,-1,-1,-1,-1,-1,-1,-1,-1,-1,-1,-1,-1,-1,-1,-1,-1,-1,-1,-1,-1,-1,-1,-1,-1,-1,-1,-1,-1,-1,-1,-1,-1,-1,-1,-1,-1,-1,-1,-1,-1,-1,-1,-1,-1,-1,0,-1,-1,-1,-1,-1,-1,
-1,-1,-1,-1,-1,-1,-1,-1,-1,-1,-1,-1,-1,1,-1,-1,-1,-1,-1,-1,-1,-1,1,-1,-1,-1,-1,-1,-1,-1,-1,-1,-1,-1,-1,-1,-1,-1,-1,-1,-1,-1,-1,-1,-1,-1,-1,-1,-1,-1,-1,-1,-1,-1,-1,-1,-1,-1,-1,-1,-1,-1,-1,-1,-1,-1,-1,-1,-1,-1,-1,-1,-1,-1,-1,-1,-1,-1,-1,-1,-1,-1,-1,-1,-1,-1,-1,-1,-1,-1,-1,-1,-1,-1,-1,-1,-1,0,-1,-1,-1,-1,-1,
-1,1,-1,-1,1,-1,-1,-1,-1,-1,-1,-1,-1,-1,-1,-1,-1,-1,-1,-1,-1,-1,-1,-1,-1,-1,1,1,-1,-1,-1,1,-1,-1,-1,-1,1,-1,-1,-1,-1,-1,-1,-1,-1,-1,-1,-1,-1,-1,-1,-1,-1,-1,-1,-1,-1,-1,-1,-1,-1,-1,-1,-1,-1,-1,-1,-1,-1,-1,-1,-1,-1,-1,-1,-1,-1,-1,-1,-1,-1,-1,-1,-1,-1,-1,-1,-1,-1,-1,-1,-1,-1,-1,-1,-1,-1,-1,0,-1,-1,-1,-1,
-1,-1,-1,-1,-1,-1,-1,-1,1,-1,-1,-1,-1,1,-1,1,-1,-1,-1,-1,-1,-1,-1,1,-1,-1,-1,-1,-1,-1,-1,-1,-1,-1,-1,-1,-1,-1,-1,-1,-1,-1,-1,-1,-1,-1,-1,-1,-1,-1,-1,-1,-1,-1,-1,-1,-1,-1,-1,-1,-1,-1,-1,-1,-1,-1,-1,-1,-1,-1,-1,-1,-1,-1,-1,-1,-1,-1,-1,-1,-1,-1,-1,-1,-1,-1,-1,-1,-1,-1,-1,-1,-1,-1,-1,-1,-1,-1,-1,0,-1,-1,-1,
1,-1,-1,-1,-1,-1,1,-1,-1,-1,-1,-1,-1,-1,-1,-1,-1,-1,-1,1,-1,-1,-1,-1,-1,-1,-1,-1,-1,-1,-1,-1,-1,-1,-1,-1,-1,-1,-1,1,-1,1,-1,-1,-1,-1,-1,-1,-1,-1,-1,-1,-1,-1,-1,-1,-1,-1,-1,-1,-1,-1,-1,-1,-1,-1,-1,-1,-1,-1,-1,-1,-1,-1,-1,-1,-1,-1,-1,-1,-1,-1,-1,-1,-1,-1,-1,-1,-1,-1,-1,-1,-1,-1,-1,-1,-1,-1,-1,-1,0,-1,-1,
-1,-1,-1,-1,1,-1,-1,-1,-1,-1,-1,-1,-1,-1,-1,-1,-1,-1,-1,-1,-1,-1,-1,-1,-1,-1,-1,-1,-1,-1,-1,-1,-1,1,-1,-1,-1,-1,-1,-1,-1,1,1,-1,-1,-1,-1,-1,-1,-1,-1,-1,-1,-1,-1,-1,-1,-1,-1,-1,-1,-1,-1,-1,-1,-1,-1,-1,-1,-1,-1,-1,-1,-1,-1,-1,-1,-1,-1,-1,-1,-1,-1,-1,-1,-1,-1,-1,-1,-1,-1,-1,-1,-1,-1,-1,-1,-1,-1,-1,-1,0,-1,
-1,-1,-1,-1,-1,1,1,-1,-1,-1,-1,1,-1,-1,-1,-1,-1,-1,-1,-1,-1,-1,-1,-1,-1,-1,-1,-1,-1,-1,-1,-1,-1,-1,-1,-1,-1,-1,-1,-1,-1,-1,-1,-1,-1,-1,-1,-1,-1,-1,-1,-1,-1,-1,-1,-1,-1,-1,-1,-1,-1,-1,-1,-1,-1,-1,-1,-1,-1,-1,-1,-1,-1,-1,-1,-1,-1,-1,-1,-1,-1,-1,-1,-1,-1,-1,-1,-1,-1,-1,-1,-1,-1,-1,-1,-1,-1,-1,-1,-1,-1,-1,0,

(42,0)
(41,1)
(40,2)
(40,3)
(40,4)
(40,5)
(41,6)
(40,7)
(40,8)
(41,9)
(42,10)
(40,11)
(42,12)
(42,13)
(42,14)
(40,15)
(42,16)
(41,17)
(42,18)
(40,19)
(54,3)
(69,7)
(61,5)
(20,11)
(20,19)
(45,2)
(79,18)
(90,10)
(41,16)
(48,19)
(76,11)
(40,16)
(94,0)
(78,12)
(102,11)
(55,12)
(61,7)
(17,6)
(87,0)
(102,10)
(75,6)
(30,0)
(66,1)
(25,0)
(90,11)
(61,0)
(20,9)
(53,10)
(23,18)
(82,19)
(80,4)
(45,15)
(62,16)
(45,7)
(90,14)
(42,7)
(74,3)
(60,7)
(46,7)
(18,4)
(22,7)
(21,13)
(43,11)
(60,18)
(78,19)
(31,2)
(61,1)
(42,2)
(98,1)
(16,1)
(100,11)
(79,18)
(20,11)
(92,18)
(79,0)
(90,0)
(20,2)
(55,6)
(75,7)
(29,6)
(36,6)
(29,15)
(55,11)
(64,2)
(100,17)
(57,12)
(88,10)
(78,13)
(23,3)
(42,5)
(40,5)
(36,15)
(78,5)
(77,9)
(39,13)
(89,2)
(30,1)
(79,2)
(64,15)
(93,13)
(21,13)
(77,0)
(99,17)
(83,14)
(62,4)
(47,4)
(95,4)
(97,12)
(92,0)
(84,0)
(25,11)
(83,3)
(65,13)
(20,6)
(56,12)
(77,1)
(31,13)
(88,8)
(99,11)
(36,14)
(18,4)
(86,4)
(67,9)
(95,0)
(84,7)
(65,16)
(101,15)
(87,12)
(45,17)
(35,8)
(80,6)
(28,10)
(73,7)
(58,1)
(50,1)
(44,19)
(28,8)
(53,15)
(27,11)
(54,1)
(26,18)
(44,13)
(42,5)
(18,12)
(92,15)
(65,10)
(41,9)
(72,13)
(61,19)
(26,8)
(22,14)
(84,13)
(70,9)
(91,6)
(78,8)
(97,9)
(47,4)
(84,1)
(34,1)
(33,2)
(69,3)
(31,8)
(93,15)
(79,10)
(19,0)
(83,2)
(47,11)
(83,3)
(38,0)
(76,11)
(47,9)
(100,13)
(72,0)
(55,14)
(102,1)
(84,1)
(74,0)
(16,10)
(54,7)
(75,7)
(31,14)
(64,2)
(89,13)
(100,17)
(90,8)
(39,18)
(16,19)
(48,3)
(67,3)
(57,12)
(32,1)
(44,5)
(29,5)
(26,16)
(84,3)
(64,18)
(64,4)
(68,7)
(88,10)
(26,4)
(51,16)
(43,1)
(29,0)
(37,3)
(38,1)
(23,5)
(36,0)
(102,1)
(81,1)
(89,19)
(67,3)
(37,5)
(22,4)
(56,17)
(41,12)
(31,10)
(88,2)
(32,8)
(18,13)
(95,2)
(40,15)
(61,19)
(57,7)
(28,16)
(38,2)
(30,4)
(35,18)
(81,3)
(16,11)
(99,2)
(70,8)
(35,6)
(98,15)
(26,6)
(20,18)
(58,8)
(41,1)
(76,2)
(40,10)
(88,0)
(39,19)
(80,15)
(64,0)
(36,14)
(15,4)
(59,9)
(15,4)
(55,15)
(76,15)
(27,18)
(91,15)
(90,2)
(54,6)
(91,13)
(74,11)
(35,14)
(83,12)
(16,9)
(15,10)
(88,7)
(58,13)
(69,6)
(44,1)
(71,2)
(68,2)
(44,17)
(80,8)
(41,13)
(49,13)
(51,0)
(53,17)
(53,2)
(27,18)
(51,8)
(72,7)
(20,3)
(66,14)
(39,0)
(101,10)
(89,3)
(46,7)
(70,5)
(44,12)
(42,0)
(21,3)
(50,4)
(19,8)
(74,5)
(39,14)
(17,4)
(27,15)
(44,2)
(31,6)
(77,14)
(40,10)
(43,10)
(67,8)
(99,6)
(83,16)
(15,18)
(33,3)
(28,18)
(69,17)
(75,2)
(62,19)
(55,19)
(52,11)
(72,12)
(94,12)
(53,7)
(41,9)
(47,6)
(22,0)
(40,6)
(36,10)
(30,1)
(86,4)
(51,12)
(30,0)
(96,13)
(74,3)
(86,1)
(48,14)
(87,2)
(52,15)
(41,1)
(60,10)
(31,7)
(36,10)
(85,9)
(82,19)
(93,9)
(99,3)
(86,2)
(98,2)
(49,0)
(98,12)
(43,18)
(17,17)
(18,0)
(18,4)
(41,10)
(30,18)
(80,0)
(22,0)
(33,3)
(81,15)
(51,19)
(78,16)
(58,9)
(40,1)
(43,4)
(28,5)
(77,11)
(85,1)
(89,13)
(38,11)
(67,5)
(31,1)
(67,12)
(94,13)
(77,2)
(98,5)
(74,2)
(66,0)
(26,12)
(20,16)
(60,17)
(35,16)
(60,10)
(92,13)
(77,1)
(37,13)
(26,16)
(48,10)
(62,17)
(60,0)
(18,11)
(80,10)
(43,5)
(66,16)
(26,3)
(82,14)
(98,17)
(43,6)
(89,5)
(28,10)
(54,3)
(38,1)
(55,3)
(52,15)
(17,14)
(65,3)
(34,5)
(58,19)
(40,11)
(89,19)
(98,11)
(59,1)
(41,8)
(21,18)
(60,10)
(63,7)
(49,19)
(65,6)
(98,13)
(80,1)
(44,8)
(99,3)
(87,0)
(94,10)
(23,18)
(85,4)
(23,14)
(23,2)
(35,9)
(21,2)
(67,19)
(75,1)
(89,8)
(95,18)
(76,3)
(27,0)
(82,6)
(97,4)
(70,13)
(93,9)
(18,0)
(69,5)
(60,16)
(32,7)
(35,3)
(79,1)
(60,10)
(30,1)
(25,13)
(100,17)
(41,0)
(32,1)
(47,0)
(18,13)
(40,1)
(22,2)
(64,12)
(89,0)
(41,2)
(42,7)
(17,12)
(43,7)
(65,5)
(33,18)
(62,15)
(40,11)
(99,15)
(71,3)
(50,6)
(18,0)
(32,9)
(61,7)
(94,1)
(90,12)
(64,9)
(42,6)
(87,1)
(100,1)
(90,0)
(76,17)
(60,14)
(69,5)
(42,4)
(90,15)
(85,18)
(97,19)
(97,8)
(101,6)
(17,10)
(75,4)
(47,0)
(15,6)
(20,8)
(29,11)
(84,1)
(99,1)
(78,5)
(19,9)
(29,17)
(100,18)
(43,3)
(89,9)
(17,13)
(101,5)
(75,0)
(73,17)
(27,14)
(87,1)
(28,11)
(84,13)
(55,8)
(31,7)
(99,15)
(84,2)
(53,5)
(41,18)
(37,19)
(56,3)
(91,7)
(40,0)
(31,13)
(98,2)
(76,3)
(19,9)
(32,2)
(68,2)
(91,13)
(39,13)
(43,11)
(37,12)
(68,19)
(24,1)
(33,4)
(38,8)
(41,7)
(84,1)
(28,14)
(34,12)
(15,9)
(15,3)
(18,4)
(22,4)
(79,0)
(45,5)
(99,12)
(18,2)
(46,6)
(65,15)
(81,16)
(74,14)
(49,9)
(54,5)
(61,6)
(63,16)
(32,3)
(75,4)
(78,13)
(74,18)
(68,2)
(88,5)
(79,7)
(53,17)
(59,0)
(16,4)
(19,7)
(67,10)
(23,0)
(57,12)
(69,4)
(98,5)
(20,1)
(23,4)
(80,11)
(53,1)
(56,0)
(97,13)
(81,3)
(94,2)
(49,3)
(31,9)
(65,8)
(23,18)
(65,9)
(55,10)
(29,5)
(75,4)
(26,10)
(88,0)
(89,17)
(98,8)
(37,5)
(22,14)
(51,4)
(24,4)
(56,11)
(36,11)
(50,15)
(17,6)
(28,2)
(20,17)
(23,10)
(35,1)
(37,7)
(82,4)
(53,8)
(25,18)
(83,0)
(32,0)
(18,0)
(45,16)
(86,12)
(56,6)
(17,6)
(63,8)
(15,9)
(28,10)
(101,15)
(102,17)
(15,1)
(86,3)
(91,3)
(78,2)
(77,0)
(63,16)
(21,8)
(87,1)
(61,17)
(71,9)
(26,11)
(75,14)
(63,7)
(43,0)
(64,16)
(33,1)
(78,1)
(102,8)
(36,5)
(27,5)
(97,3)
(38,1)
(40,19)
(65,15)
(46,2)
(23,19)
(85,13)
(99,4)
(19,8)
(50,2)
(70,13)
(64,7)
(60,13)
(77,0)
(69,2)
(30,17)
(93,15)
(81,0)
(33,2)
(71,12)
(65,0)
(61,19)
(77,17)
(52,7)
(75,9)
(50,9)
(47,2)
(81,17)
(93,10)
(19,13)
(95,1)
(65,3)
(34,5)
(77,5)
(42,4)
(43,13)
(42,14)
(68,8)
(91,2)
(36,2)
(78,2)
(67,15)
(15,14)
(69,16)
(44,13)
(52,15)
(33,14)
(100,7)
(70,8)
(63,4)
(55,10)
(60,2)
(35,17)
(67,7)
(44,7)
(22,2)
(43,9)
(60,14)
(87,7)
(101,6)
(78,19)
(27,11)
(74,10)
(47,15)
(67,18)
(75,5)
(77,3)
(15,8)
(89,9)
(53,7)
(30,4)
(59,10)
(102,0)
(86,18)
(22,19)
(84,18)
(25,8)
(19,17)
(75,0)
(32,15)
(19,19)
(22,1)
(76,9)
(43,12)
(75,7)
(23,0)
(41,13)
(90,15)
(101,3)
(58,4)
(83,11)
(17,10)
(41,4)
(59,9)
(96,8)
(56,1)
(25,6)
(60,1)
(49,0)
(87,7)
(70,8)
(74,15)
(90,3)
(31,3)
(17,1)
(40,3)
(33,18)
(59,13)
(95,9)
(41,19)
(29,18)
(80,4)
(83,0)
(59,3)
(42,12)
(70,16)
(44,17)
(83,15)
(36,1)
(72,2)
(59,6)
(36,15)
(42,5)
(19,16)
(24,1)
(54,9)
(92,19)
(77,4)
(30,0)
(76,2)
(93,5)
(72,9)
(98,7)
(100,4)
(52,15)
(79,8)
(52,9)
(51,4)
(63,5)
(93,14)
(28,2)
(58,11)
(91,12)
(48,3)
(91,9)
(90,4)
(50,3)
(60,11)
(74,1)
(18,1)
(39,15)
(70,7)
(18,1)
(27,8)
(69,0)
(53,10)
(36,6)
(30,17)
(95,2)
(78,9)
(37,12)
(57,4)
(29,2)
(59,6)
(95,8)
(93,13)
(101,17)
(61,13)
(61,13)
(39,9)
(39,13)
(81,7)
(84,12)
(95,3)
(23,16)
(37,1)
(61,9)
(73,2)
(66,2)
(73,11)
(99,5)
(17,5)
(20,0)
(83,5)
(21,1)
(26,15)
(36,11)
(41,8)
(79,1)
(40,5)
(82,2)
(100,11)
(26,0)
(95,7)
(76,14)
(74,7)
(57,1)
(40,7)
(51,0)
(59,2)
(43,11)
(94,17)
(65,0)
(60,2)
(20,2)
(74,19)
(74,13)
(64,13)
(62,7)
(87,7)
(58,8)
(39,13)
(101,12)
(21,4)
(18,15)
(57,2)
(101,16)
(60,18)
(63,18)
(83,2)
(19,5)
(73,5)
(25,16)
(19,15)
(15,10)
(43,0)
(17,15)
(35,0)
(59,13)
(63,12)
(85,14)
(34,16)
(26,8)
(25,13)
(18,7)
(85,10)
(95,19)
(51,0)
(78,19)
(39,0)
(88,19)
(63,16)
(93,2)
(61,1)
(15,1)
(65,9)
(77,0)
(68,6)
(49,0)
(19,16)
(94,8)
(97,18)
(84,9)
(16,1)
(102,3)
(62,6)
(93,15)
(100,15)
(75,0)
(90,3)
(55,12)
(83,18)
(56,5)
(43,14)
(71,18)
(66,15)
(47,16)
(18,3)
(53,3)
(56,7)
(75,9)
(20,5)
(95,9)
(25,12)
(43,7)
(100,4)
(99,2)
(17,9)
(47,11)
(91,1)
(53,3)
(68,15)
(95,2)
(81,2)
(71,17)
(73,11)
(15,18)
(63,6)
(53,10)
(35,15)
(99,11)
(22,8)
(60,2)
(66,14)
(70,8)
(53,14)
(50,1)
(22,18)
(57,10)
(64,10)
(86,6)
(86,6)
(99,1)
(48,2)
(62,9)
(81,15)
(31,7)
(41,9)
(24,12)
(49,15)
(46,3)
(85,6)
(42,9)
(53,15)
(66,18)
(22,14)
(90,11)
(52,12)
(19,8)
(43,14)
(86,5)
(59,0)
(102,15)
(49,12)
(54,16)
(28,4)
(84,1)
(18,17)
(18,5)
(89,8)
(102,7)
(30,11)
(34,1)
(71,18)
(48,12)
(46,7)
(81,11)
(92,18)
(64,2)
(99,0)
(92,6)
(59,17)
(89,8)
(38,0)
(56,7)
(96,4)
(63,15)
(82,14)
(65,8)
(81,0)
(82,9)
(91,9)
(65,16)
(22,16)
(28,11)
(77,14)
(79,1)
(38,18)
(46,17)
(26,14)
(29,0)
(76,17)
(43,6)
(98,14)
(51,19)
(62,7)
(90,4)
(51,19)
(47,7)
(86,14)
(28,15)
(84,11)
(32,14)
(55,8)
(90,8)
(76,12)
(54,4)
(63,8)
(57,3)
(19,15)
(36,10)
(41,5)
(98,7)
(46,6)
(15,7)
(17,6)
(48,18)
(85,12)
(15,10)
(92,1)
(88,7)
(99,14)
(46,3)
(20,7)
(48,19)
(65,17)
(16,2)
(19,8)
(70,2)
(81,8)
(70,17)
(57,8)
(56,7)
(18,5)
(38,18)
(100,9)
(60,5)
(100,14)
(49,13)
(69,0)
(76,1)
(62,5)
(31,17)
(85,19)
(21,0)
(80,1)
(42,1)
(58,6)
(30,1)
(96,11)
(56,0)
(71,0)
(23,7)
(73,5)
(92,7)
(77,14)
(58,17)
(62,4)
(93,19)
(62,17)
(65,6)
(57,18)
(78,3)
(76,7)
(58,0)
(93,7)
(59,2)
(74,5)
(98,0)
(78,12)
(72,15)
(44,6)
(41,19)
(70,18)
(90,14)
(56,0)
(76,0)
(29,15)
(93,1)
(57,11)
(88,15)
(34,19)
(26,9)
(35,8)
(29,11)
(57,16)
(30,1)
(47,4)
(89,4)
(70,3)
(86,13)
(28,7)
(28,1)
(46,3)
(49,15)
(83,0)
(101,17)
(23,6)
(63,17)
(53,2)
(62,3)
(84,0)
(97,15)
(69,11)
(17,9)
(53,7)
(65,17)
(16,12)
(15,9)
(38,3)
(72,17)
(79,12)
(65,10)
(15,6)
(20,6)
(60,12)
(21,0)
(96,8)
(90,10)
(63,10)
(86,4)
(69,0)
(27,3)
(44,10)
(50,0)
(32,0)
(82,6)
(101,8)
(28,5)
(22,13)
(22,6)
(30,10)
(17,0)
(35,10)
(88,1)
(70,9)
(44,14)
(76,3)
(31,8)
(25,19)
(50,8)
(45,11)
(43,13)
(68,3)
(34,10)
(89,7)
(24,4)
(100,17)
(93,14)
(24,16)
(76,5)
(82,17)
(77,0)
(75,9)
(70,6)
(39,17)
(65,8)
(15,11)
(79,1)
(50,0)
(59,5)
(59,8)
(86,7)
(72,5)
(26,4)
(67,16)
(47,6)
(89,0)
(33,15)
(49,1)
(56,1)
(62,4)
(23,0)
(33,1)
(55,0)
(100,12)
(99,2)
(17,7)
(27,13)
(21,6)
(25,12)
(67,15)
(27,17)
(65,7)
(78,15)
(78,13)
(29,17)
(31,16)
(42,7)
(59,12)
(67,8)
(84,19)
(50,0)
(90,0)
(60,0)
(78,3)
(99,4)
(90,8)
(48,17)
(85,11)
(44,2)
(41,4)
(78,14)
(63,8)
(18,7)
(35,15)
(45,7)
(70,3)
(93,7)
(38,5)
(83,12)
(22,16)
(87,4)
(16,14)
(35,18)
(39,4)
(44,3)
(67,0)
(101,12)
(52,9)
(24,0)
(34,3)
(73,8)
(43,7)
(30,0)
(47,18)
(51,4)
(100,2)
(74,3)
(84,16)
(93,18)
(84,8)
(71,18)
(27,0)
(20,5)
(32,16)
(83,8)
(72,3)
(86,19)
(65,14)
(73,5)
(87,14)
(33,10)
(79,1)
(59,10)
(50,6)
(53,16)
(66,3)
(55,6)
(57,7)
(24,4)
(48,14)
(43,0)
(55,12)
(51,1)
(45,2)
(54,11)
(90,5)
(24,11)
(39,10)
(92,11)
(91,5)
(40,3)
(54,8)
(79,2)
(94,7)
(69,4)
(44,6)
(42,16)
(53,0)
(60,6)
(22,16)
(21,10)
(94,13)
(66,19)
(24,13)
(17,2)
(95,5)
(44,15)
(65,3)
(61,11)
(58,3)
(58,17)
(51,14)
(85,5)
(35,8)
(37,1)
(67,6)
(61,1)
(46,6)
(28,15)
(95,0)
(77,8)
(45,15)
(58,2)
(15,18)
(33,6)
(82,9)
(15,17)
(102,13)
(46,17)
(38,3)
(45,3)
(34,12)
(51,4)
(20,8)
(29,0)
(90,15)
(75,6)
(97,13)
(18,3)
(82,3)
(39,6)
(81,4)
(80,14)
(48,4)
(102,2)
(19,9)
(67,11)
(39,0)
(94,3)
(85,10)
(47,9)
(55,1)
(21,7)
(72,1)
(85,16)
(40,4)
(93,11)
(78,6)
(31,6)
(56,0)
(50,8)
(83,9)
(83,10)
(47,16)
(47,8)
(53,7)
(37,9)
(29,8)
(29,10)
(46,9)
(21,18)
(22,9)
(93,3)
(98,0)
(32,0)
(47,9)
(41,10)
(23,6)
(23,5)
(70,7)
(45,4)
(102,0)
(99,0)
(46,2)
(90,0)
(15,3)
(50,0)
(57,15)
(69,8)
(65,17)
(89,3)
(87,11)
(82,5)
(72,5)
(88,6)
(57,17)
(28,15)
(102,15)
(41,9)
(36,13)
(15,0)
(57,11)
(56,16)
(37,13)
(21,19)
(32,2)
(56,19)
(89,17)
(51,12)
(50,5)
(81,6)
(74,9)
(30,0)
(41,5)
(21,6)
(57,3)
(30,3)
(64,13)
(48,13)
(78,8)
(78,9)
(64,19)
(63,15)
(31,2)
(17,3)
(69,8)
(33,2)
(37,19)
(44,12)
(64,16)
(35,2)
(79,3)
(96,18)
(28,17)
(51,7)
(29,2)
(33,17)
(74,17)
(89,12)
(30,1)
(57,0)
(95,18)
(60,17)
(61,0)
(84,12)
(18,6)
(57,13)
(88,0)
(72,17)
(78,7)
(28,4)
(50,1)
(18,3)
(56,19)
(33,9)
(100,13)
(43,8)
(23,0)
(49,12)
(66,14)
(44,3)
(68,17)
(30,0)
(18,9)
(51,6)
(69,19)
(80,3)
(72,6)
(72,3)
(42,9)
(53,8)
(58,0)
(24,3)
(58,6)
(101,5)
(102,13)
(80,15)
(16,6)
(80,18)
(58,9)
(42,16)
(69,2)
(18,18)
(30,8)
(23,15)
(98,6)
(63,14)
(84,10)
(73,6)
(26,1)
(37,19)
(28,1)
(58,11)
(41,6)
(41,1)
(37,3)
(67,1)
(74,16)
(44,18)
(72,14)
(51,1)
(26,4)
(87,2)
(17,6)
(79,0)
(92,13)
(52,12)
(93,1)
(29,6)
(60,19)
(31,7)
(46,0)
(68,13)
(91,4)
(84,15)
(26,0)
(16,0)
(69,0)
(17,10)
(43,13)
(60,14)
(23,15)
(74,18)
(35,1)
(41,1)
(39,2)
(32,6)
(53,16)
(51,8)
(35,7)
(77,0)
(40,8)
(48,9)
(69,11)
(22,17)
(60,14)
(94,3)
(68,16)
(64,0)
(43,3)
(69,5)
(79,6)
(95,9)
(82,4)
(59,2)
(72,3)
(69,19)
(65,13)
(94,17)
(62,1)
(93,4)
(21,13)
(63,10)
(19,19)
(80,5)
(18,7)
(96,0)
(97,4)
(28,0)
(96,1)
(49,2)
(76,3)
(36,16)
(82,2)
(90,3)
(64,2)
(38,7)
(72,3)
(56,8)
(68,10)
(73,13)
(35,11)
(69,1)
(76,5)
(42,1)
(48,1)
(89,17)
(27,18)
(94,0)
(56,5)
(38,18)
(40,12)
(80,5)
(80,3)
(95,17)
(76,0)
(59,13)
(49,6)
(101,3)
(76,1)
(71,7)
(89,14)
(63,17)
(85,5)
(83,5)
(15,2)
(45,8)
(38,17)
(68,1)
(41,7)
(52,16)
(34,11)
(89,4)
(51,12)
(31,11)
(48,10)
(60,6)
(24,0)
(84,18)
(74,8)
(84,7)
(68,15)
(51,15)
(64,0)
(39,2)
(46,18)
(47,2)
(97,2)
(76,10)
(81,12)
(49,12)
(28,0)
(95,12)
(39,8)
(93,13)
(72,10)
(69,8)
(94,1)
(75,0)
(52,17)
(64,11)
(64,5)
(55,5)
(50,5)
(40,7)
(20,7)
(97,5)
(89,19)
(55,10)
(82,3)
(85,2)
(97,0)
(27,9)
(101,0)
(26,1)
(87,3)
(28,8)
(61,11)
(52,7)
(60,1)
(57,8)
(43,5)
(23,5)
(74,4)
(82,4)
(23,11)
(15,2)
(91,9)
(29,3)
(68,8)
(59,12)
(49,15)
(99,4)
(69,0)
(28,10)
(79,4)
(66,4)
(55,10)
(45,16)
(101,3)
(45,6)
(61,2)
(38,18)
(53,2)
(88,5)
(98,0)
(53,1)
(61,5)
(99,14)
(86,6)
(76,5)
(57,6)
(81,16)
(100,19)
(86,1)
(22,7)
(62,17)
(34,10)
(76,0)
(29,19)
(92,3)
(41,19)
(100,4)
(26,18)
(66,15)
(56,9)
(79,1)
(90,1)
(101,18)
(41,9)
(95,9)
(44,5)
(41,1)
(33,0)
(60,15)
(100,5)
(32,14)
(20,4)
(27,8)
(22,19)
(37,0)
(74,12)
(69,9)
(98,13)
(84,8)
(29,6)
(87,12)
(88,2)
(92,6)
(72,13)
(37,17)
(45,6)
(92,1)
(65,6)
(83,9)
(77,10)
(60,0)
(21,14)
(36,10)
(94,4)
(25,9)
(61,9)
(46,0)
(40,6)
(86,15)
(30,1)
(53,14)
(79,0)
(84,4)
(24,15)
(93,11)
(31,1)
(58,2)
(82,5)
(67,6)
(59,4)
(66,4)
(15,7)
(92,13)
(50,15)
(35,13)
(24,8)
(86,19)
(79,12)
(43,3)
(72,2)
(65,14)
(34,3)
(98,4)
(41,15)
(86,2)
(42,3)
(95,4)
(44,12)
(74,6)
(54,9)
(66,16)
(64,4)
(35,5)
(75,9)
(17,10)
(78,4)
(34,11)
(65,6)
(45,1)
(51,3)
(33,3)
(44,11)
(90,2)
(32,7)
(41,12)
(102,5)
(81,2)
(50,15)
(27,9)
(59,7)
(19,10)
(77,9)
(47,12)
(54,0)
(43,5)
(73,6)
(44,10)
(28,8)
(92,0)
(88,11)
(52,11)
(24,14)
(25,0)
(53,4)
(20,5)
(28,17)
(23,4)
(82,19)
(90,12)
(45,5)
(63,2)
(79,9)
(43,0)
(33,8)
(80,3)
(88,4)
(63,2)
(78,8)
(19,10)
(68,12)
(85,5)
(68,11)
(82,13)
(58,5)
(66,1)
(96,0)
(26,0)
(82,11)
(75,18)
(66,1)
(96,0)
(74,7)
(53,10)
(41,4)
(85,13)
(43,14)
(80,2)
(19,1)
(86,0)
(52,13)
(73,8)
(22,6)
(82,1)
(80,2)
(90,2)
(82,2)
(21,14)
(61,10)
(92,6)
(18,1)
(64,18)
(77,17)
(86,15)
(73,14)
(28,11)
(59,13)
(30,14)
(94,3)
(22,1)
(47,9)
(99,14)
(73,6)
(64,19)
(60,1)
(61,19)
(18,9)
(33,15)
(51,14)
(101,0)
(54,12)
(99,5)
(40,5)
(52,3)
(78,8)
(26,4)
(45,5)
(65,12)
(22,18)
(66,17)
(24,5)
(98,3)
(73,3)
(17,15)
(87,19)
(16,13)
(47,10)
(64,3)
(58,14)
(72,5)
(33,5)
(98,13)
(99,12)
(19,0)
(59,2)
(100,1)
(95,11)
(54,2)
(43,13)
(38,4)
(20,0)
(29,3)
(31,5)
(61,1)
(94,10)
(100,11)
(99,17)
(101,1)
(75,8)
(43,2)
(34,7)
(33,1)
(48,13)
(47,17)
(67,17)
(70,8)
(54,17)
(31,17)
(68,15)
(97,2)
(92,4)
(66,6)
(47,5)
(74,1)
(50,13)
(42,17)
(90,3)
(37,0)
(45,4)
(85,18)
(71,0)
(45,2)
(87,3)
(89,3)
(102,9)
(34,5)
(29,15)
(93,7)
(102,14)
(74,0)
(100,19)
(72,7)
(64,1)
(76,1)
(59,10)
(80,11)
(36,2)
(102,8)
(101,14)
(68,3)
(87,5)
(90,7)
(20,11)
(74,12)
(41,8)
(94,2)
(83,11)
(79,19)
(28,17)
(23,3)
(71,3)
(15,16)
(67,0)
(69,9)
(27,0)
(78,11)
(82,10)
(53,0)
(95,4)
(44,0)
(50,7)
(66,14)
(31,0)
(69,11)
(83,16)
(86,0)
(85,4)
(92,0)
(39,4)
(50,6)
(76,1)
(74,11)
(15,3)
(56,14)
(41,2)
(97,9)
(16,0)
(42,13)
(20,0)
(87,8)
(21,7)
(23,10)
(61,12)
(50,13)
(74,2)
(96,11)
(84,14)
(61,13)
(76,3)
(71,10)
(24,16)
(51,2)
(43,15)
(19,12)
(31,0)
(31,7)
(68,1)
(20,13)
(39,14)
(67,15)
(73,2)
(98,17)
(23,5)
(20,17)
(57,18)
(43,1)
(97,0)
(74,0)
(62,3)
(96,19)
(84,7)
(35,15)
(50,16)
(80,2)
(49,7)
(88,2)
(97,10)
(99,5)
(97,1)
(78,1)
(55,19)
(57,5)
(47,1)
(54,5)
(90,16)
(56,8)
(59,19)
(78,2)
(25,12)
(70,9)
(74,2)
(60,2)
(70,8)
(99,7)
(77,6)
(91,8)
(47,12)
(62,8)
(20,16)
(33,1)
(83,12)
(69,11)
(22,15)
(40,8)
(60,6)
(63,19)
(82,4)
(25,16)
(31,5)
(71,1)
(89,6)
(40,3)
(45,6)
(62,14)
(53,0)
(19,5)
(77,3)
(82,11)
(93,17)
(92,18)
(23,17)
(76,8)
(81,10)
(63,9)
(86,0)
(94,5)
(92,11)
(53,5)
(79,10)
(95,5)
(61,2)
(86,3)
(70,9)
(36,18)
(15,14)
(24,7)
(28,0)
(80,4)
(22,0)
(81,13)
(32,9)
(76,14)
(20,11)
(40,4)
(92,1)
(30,15)
(76,16)
(82,7)
(43,14)
(95,2)
(30,10)
(17,3)
(31,0)
(97,13)
(44,10)
(100,5)
(25,1)
(53,8)
(21,4)
(81,10)
(20,6)
(80,2)
(20,17)
(88,7)
(86,19)
(88,6)
(32,11)
(26,0)
(100,8)
(46,4)
(35,14)
(28,1)
(81,6)
(26,4)
(65,15)
(54,12)
(81,6)
(96,19)
(21,16)
(47,9)
(97,4)
(96,2)
(16,9)
(59,1)
(34,10)
(47,5)
(44,1)
(15,6)
(22,14)
(67,0)
(40,5)
(100,6)
(78,10)
(63,2)
(77,10)
(66,6)
(64,1)
(92,7)
(32,19)
(25,2)
(59,18)
(63,3)
(51,10)
(40,1)
(89,5)
(74,8)
(52,13)
(31,6)
(90,10)
(96,16)
(71,16)
(25,13)
(28,17)
(75,6)
(65,1)
(67,19)
(22,12)
(19,1)
(92,16)
(101,6)
(70,8)
(55,8)
(31,4)
(20,16)
(82,9)
(83,16)
(36,6)
(54,5)
(40,11)
(96,11)
(58,13)
(29,9)
(51,5)
(98,7)
(44,3)
(35,5)
(101,14)
(51,0)
(66,5)
(87,11)
(86,0)
(42,19)
(59,18)
(50,15)
(51,18)
(42,15)
(45,10)
(65,11)
(94,11)
(85,0)
(65,1)
(55,6)
(43,10)
(24,7)
(62,4)
(89,4)
(53,1)
(100,5)
(16,0)
(42,14)
(93,8)
(46,9)
(72,6)
(101,10)
(38,5)
(31,1)
(89,14)
(43,18)
(26,16)
(66,7)
(70,12)
(80,6)
(98,17)
(73,10)
(89,7)
(98,6)
(84,0)
(77,10)
(26,15)
(60,12)
(97,11)
(19,10)
(20,19)
(69,9)
(33,10)
(22,8)
(76,11)
(88,16)
(46,6)
(63,15)
(98,5)
(49,2)
(82,12)
(67,14)
(83,8)
(24,18)
(36,0)
(54,4)
(99,4)
(95,12)
(30,14)
(98,13)
(52,9)
(64,1)
(37,13)
(36,18)
(71,6)
(101,11)
(70,13)
(81,5)
(26,6)
(35,8)
(20,9)
(42,11)
(95,12)
(93,2)
(69,12)
(100,16)
(29,9)
(48,3)
(76,1)
(70,12)
(21,1)
(27,2)
(36,17)
(38,17)
(100,14)
(100,8)
(23,0)
(80,5)
(39,11)
(71,1)
(54,8)
(53,0)
(65,11)
(44,4)
(48,2)
(36,16)

(42,0)
(41,1)
(40,2)
(40,3)
(40,4)
(40,5)
(41,6)
(40,7)
(40,8)
(41,9)
(42,10)
(40,11)
(42,12)
(42,13)
(42,14)
(40,15)
(42,16)
(41,17)
(42,18)
(40,19)
(54,3)
(69,7)
(61,5)
(20,11)
(20,19)
(45,2)
(79,18)
(90,10)
(41,16)
(48,19)
(76,11)
(40,16)
(94,0)
(78,12)
(102,11)
(55,12)
(61,7)
(17,6)
(87,0)
(102,10)
(75,6)
(30,0)
(66,1)
(25,0)
(90,11)
(61,0)
(20,9)
(53,10)
(23,18)
(82,19)
(80,4)
(45,15)
(62,16)
(45,7)
(90,14)
(42,7)
(74,3)
(60,7)
(46,7)
(18,4)
(22,7)
(21,13)
(43,11)
(60,18)
(78,19)
(31,2)
(61,1)
(42,2)
(98,1)
(16,1)
(100,11)
(79,18)
(20,11)
(92,18)
(79,0)
(90,0)
(20,2)
(55,6)
(75,7)
(29,6)
(36,6)
(29,15)
(55,11)
(64,2)
(100,17)
(57,12)
(88,10)
(78,13)
(23,3)
(42,5)
(40,5)
(36,15)
(78,5)
(77,9)
(39,13)
(89,2)
(30,1)
(79,2)
(64,15)
(93,13)
(21,13)
(77,0)
(99,17)
(83,14)
(62,4)
(47,4)
(95,4)
(97,12)
(92,0)
(84,0)
(25,11)
(83,3)
(65,13)
(20,6)
(56,12)
(77,1)
(31,13)
(88,8)
(99,11)
(36,14)
(18,4)
(86,4)
(67,9)
(95,0)
(84,7)
(65,16)
(101,15)
(87,12)
(45,17)
(35,8)
(80,6)
(28,10)
(73,7)
(58,1)
(50,1)
(44,19)
(28,8)
(53,15)
(27,11)
(54,1)
(26,18)
(44,13)
(42,5)
(18,12)
(92,15)
(65,10)
(41,9)
(72,13)
(61,19)
(26,8)
(22,14)
(84,13)
(70,9)
(91,6)
(78,8)
(97,9)
(47,4)
(84,1)
(34,1)
(33,2)
(69,3)
(31,8)
(93,15)
(79,10)
(19,0)
(83,2)
(47,11)
(83,3)
(38,0)
(76,11)
(47,9)
(100,13)
(72,0)
(55,14)
(102,1)
(84,1)
(74,0)
(16,10)
(54,7)
(75,7)
(31,14)
(64,2)
(89,13)
(100,17)
(90,8)
(39,18)
(16,19)
(48,3)
(67,3)
(57,12)
(32,1)
(44,5)
(29,5)
(26,16)
(84,3)
(64,18)
(64,4)
(68,7)
(88,10)
(26,4)
(51,16)
(43,1)
(29,0)
(37,3)
(38,1)
(23,5)
(36,0)
(102,1)
(81,1)
(89,19)
(67,3)
(37,5)
(22,4)
(56,17)
(41,12)
(31,10)
(88,2)
(32,8)
(18,13)
(95,2)
(40,15)
(61,19)
(57,7)
(28,16)
(38,2)
(30,4)
(35,18)
(81,3)
(16,11)
(99,2)
(70,8)
(35,6)
(98,15)
(26,6)
(20,18)
(58,8)
(41,1)
(76,2)
(40,10)
(88,0)
(39,19)
(80,15)
(64,0)
(36,14)
(15,4)
(59,9)
(15,4)
(55,15)
(76,15)
(27,18)
(91,15)
(90,2)
(54,6)
(91,13)
(74,11)
(35,14)
(83,12)
(16,9)
(15,10)
(88,7)
(58,13)
(69,6)
(44,1)
(71,2)
(68,2)
(44,17)
(80,8)
(41,13)
(49,13)
(51,0)
(53,17)
(53,2)
(27,18)
(51,8)
(72,7)
(20,3)
(66,14)
(39,0)
(101,10)
(89,3)
(46,7)
(70,5)
(44,12)
(42,0)
(21,3)
(50,4)
(19,8)
(74,5)
(39,14)
(17,4)
(27,15)
(44,2)
(31,6)
(77,14)
(40,10)
(43,10)
(67,8)
(99,6)
(83,16)
(15,18)
(33,3)
(28,18)
(69,17)
(75,2)
(62,19)
(55,19)
(52,11)
(72,12)
(94,12)
(53,7)
(41,9)
(47,6)
(22,0)
(40,6)
(36,10)
(30,1)
(86,4)
(51,12)
(30,0)
(96,13)
(74,3)
(86,1)
(48,14)
(87,2)
(52,15)
(41,1)
(60,10)
(31,7)
(36,10)
(85,9)
(82,19)
(93,9)
(99,3)
(86,2)
(98,2)
(49,0)
(98,12)
(43,18)
(17,17)
(18,0)
(18,4)
(41,10)
(30,18)
(80,0)
(22,0)
(33,3)
(81,15)
(51,19)
(78,16)
(58,9)
(40,1)
(43,4)
(28,5)
(77,11)
(85,1)
(89,13)
(38,11)
(67,5)
(31,1)
(67,12)
(94,13)
(77,2)
(98,5)
(74,2)
(66,0)
(26,12)
(20,16)
(60,17)
(35,16)
(60,10)
(92,13)
(77,1)
(37,13)
(26,16)
(48,10)
(62,17)
(60,0)
(18,11)
(80,10)
(43,5)
(66,16)
(26,3)
(82,14)
(98,17)
(43,6)
(89,5)
(28,10)
(54,3)
(38,1)
(55,3)
(52,15)
(17,14)
(65,3)
(34,5)
(58,19)
(40,11)
(89,19)
(98,11)
(59,1)
(41,8)
(21,18)
(60,10)
(63,7)
(49,19)
(65,6)
(98,13)
(80,1)
(44,8)
(99,3)
(87,0)
(94,10)
(23,18)
(85,4)
(23,14)
(23,2)
(35,9)
(21,2)
(67,19)
(75,1)
(89,8)
(95,18)
(76,3)
(27,0)
(82,6)
(97,4)
(70,13)
(93,9)
(18,0)
(69,5)
(60,16)
(32,7)
(35,3)
(79,1)
(60,10)
(30,1)
(25,13)
(100,17)
(41,0)
(32,1)
(47,0)
(18,13)
(40,1)
(22,2)
(64,12)
(89,0)
(41,2)
(42,7)
(17,12)
(43,7)
(65,5)
(33,18)
(62,15)
(40,11)
(99,15)
(71,3)
(50,6)
(18,0)
(32,9)
(61,7)
(94,1)
(90,12)
(64,9)
(42,6)
(87,1)
(100,1)
(90,0)
(76,17)
(60,14)
(69,5)
(42,4)
(90,15)
(85,18)
(97,19)
(97,8)
(101,6)
(17,10)
(75,4)
(47,0)
(15,6)
(20,8)
(29,11)
(84,1)
(99,1)
(78,5)
(19,9)
(29,17)
(100,18)
(43,3)
(89,9)
(17,13)
(101,5)
(75,0)
(73,17)
(27,14)
(87,1)
(28,11)
(84,13)
(55,8)
(31,7)
(99,15)
(84,2)
(53,5)
(41,18)
(37,19)
(56,3)
(91,7)
(40,0)
(31,13)
(98,2)
(76,3)
(19,9)
(32,2)
(68,2)
(91,13)
(39,13)
(43,11)
(37,12)
(68,19)
(24,1)
(33,4)
(38,8)
(41,7)
(84,1)
(28,14)
(34,12)
(15,9)
(15,3)
(18,4)
(22,4)
(79,0)
(45,5)
(99,12)
(18,2)
(46,6)
(65,15)
(81,16)
(74,14)
(49,9)
(54,5)
(61,6)
(63,16)
(32,3)
(75,4)
(78,13)
(74,18)
(68,2)
(88,5)
(79,7)
(53,17)
(59,0)
(16,4)
(19,7)
(67,10)
(23,0)
(57,12)
(69,4)
(98,5)
(20,1)
(23,4)
(80,11)
(53,1)
(56,0)
(97,13)
(81,3)
(94,2)
(49,3)
(31,9)
(65,8)
(23,18)
(65,9)
(55,10)
(29,5)
(75,4)
(26,10)
(88,0)
(89,17)
(98,8)
(37,5)
(22,14)
(51,4)
(24,4)
(56,11)
(36,11)
(50,15)
(17,6)
(28,2)
(20,17)
(23,10)
(35,1)
(37,7)
(82,4)
(53,8)
(25,18)
(83,0)
(32,0)
(18,0)
(45,16)
(86,12)
(56,6)
(17,6)
(63,8)
(15,9)
(28,10)
(101,15)
(102,17)
(15,1)
(86,3)
(91,3)
(78,2)
(77,0)
(63,16)
(21,8)
(87,1)
(61,17)
(71,9)
(26,11)
(75,14)
(63,7)
(43,0)
(64,16)
(33,1)
(78,1)
(102,8)
(36,5)
(27,5)
(97,3)
(38,1)
(40,19)
(65,15)
(46,2)
(23,19)
(85,13)
(99,4)
(19,8)
(50,2)
(70,13)
(64,7)
(60,13)
(77,0)
(69,2)
(30,17)
(93,15)
(81,0)
(33,2)
(71,12)
(65,0)
(61,19)
(77,17)
(52,7)
(75,9)
(50,9)
(47,2)
(81,17)
(93,10)
(19,13)
(95,1)
(65,3)
(34,5)
(77,5)
(42,4)
(43,13)
(42,14)
(68,8)
(91,2)
(36,2)
(78,2)
(67,15)
(15,14)
(69,16)
(44,13)
(52,15)
(33,14)
(100,7)
(70,8)
(63,4)
(55,10)
(60,2)
(35,17)
(67,7)
(44,7)
(22,2)
(43,9)
(60,14)
(87,7)
(101,6)
(78,19)
(27,11)
(74,10)
(47,15)
(67,18)
(75,5)
(77,3)
(15,8)
(89,9)
(53,7)
(30,4)
(59,10)
(102,0)
(86,18)
(22,19)
(84,18)
(25,8)
(19,17)
(75,0)
(32,15)
(19,19)
(22,1)
(76,9)
(43,12)
(75,7)
(23,0)
(41,13)
(90,15)
(101,3)
(58,4)
(83,11)
(17,10)
(41,4)
(59,9)
(96,8)
(56,1)
(25,6)
(60,1)
(49,0)
(87,7)
(70,8)
(74,15)
(90,3)
(31,3)
(17,1)
(40,3)
(33,18)
(59,13)
(95,9)
(41,19)
(29,18)
(80,4)
(83,0)
(59,3)
(42,12)
(70,16)
(44,17)
(83,15)
(36,1)
(72,2)
(59,6)
(36,15)
(42,5)
(19,16)
(24,1)
(54,9)
(92,19)
(77,4)
(30,0)
(76,2)
(93,5)
(72,9)
(98,7)
(100,4)
(52,15)
(79,8)
(52,9)
(51,4)
(63,5)
(93,14)
(28,2)
(58,11)
(91,12)
(48,3)
(91,9)
(90,4)
(50,3)
(60,11)
(74,1)
(18,1)
(39,15)
(70,7)
(18,1)
(27,8)
(69,0)
(53,10)
(36,6)
(30,17)
(95,2)
(78,9)
(37,12)
(57,4)
(29,2)
(59,6)
(95,8)
(93,13)
(101,17)
(61,13)
(61,13)
(39,9)
(39,13)
(81,7)
(84,12)
(95,3)
(23,16)
(37,1)
(61,9)
(73,2)
(66,2)
(73,11)
(99,5)
(17,5)
(20,0)
(83,5)
(21,1)
(26,15)
(36,11)
(41,8)
(79,1)
(40,5)
(82,2)
(100,11)
(26,0)
(95,7)
(76,14)
(74,7)
(57,1)
(40,7)
(51,0)
(59,2)
(43,11)
(94,17)
(65,0)
(60,2)
(20,2)
(74,19)
(74,13)
(64,13)
(62,7)
(87,7)
(58,8)
(39,13)
(101,12)
(21,4)
(18,15)
(57,2)
(101,16)
(60,18)
(63,18)
(83,2)
(19,5)
(73,5)
(25,16)
(19,15)
(15,10)
(43,0)
(17,15)
(35,0)
(59,13)
(63,12)
(85,14)
(34,16)
(26,8)
(25,13)
(18,7)
(85,10)
(95,19)
(51,0)
(78,19)
(39,0)
(88,19)
(63,16)
(93,2)
(61,1)
(15,1)
(65,9)
(77,0)
(68,6)
(49,0)
(19,16)
(94,8)
(97,18)
(84,9)
(16,1)
(102,3)
(62,6)
(93,15)
(100,15)
(75,0)
(90,3)
(55,12)
(83,18)
(56,5)
(43,14)
(71,18)
(66,15)
(47,16)
(18,3)
(53,3)
(56,7)
(75,9)
(20,5)
(95,9)
(25,12)
(43,7)
(100,4)
(99,2)
(17,9)
(47,11)
(91,1)
(53,3)
(68,15)
(95,2)
(81,2)
(71,17)
(73,11)
(15,18)
(63,6)
(53,10)
(35,15)
(99,11)
(22,8)
(60,2)
(66,14)
(70,8)
(53,14)
(50,1)
(22,18)
(57,10)
(64,10)
(86,6)
(86,6)
(99,1)
(48,2)
(62,9)
(81,15)
(31,7)
(41,9)
(24,12)
(49,15)
(46,3)
(85,6)
(42,9)
(53,15)
(66,18)
(22,14)
(90,11)
(52,12)
(19,8)
(43,14)
(86,5)
(59,0)
(102,15)
(49,12)
(54,16)
(28,4)
(84,1)
(18,17)
(18,5)
(89,8)
(102,7)
(30,11)
(34,1)
(71,18)
(48,12)
(46,7)
(81,11)
(92,18)
(64,2)
(99,0)
(92,6)
(59,17)
(89,8)
(38,0)
(56,7)
(96,4)
(63,15)
(82,14)
(65,8)
(81,0)
(82,9)
(91,9)
(65,16)
(22,16)
(28,11)
(77,14)
(79,1)
(38,18)
(46,17)
(26,14)
(29,0)
(76,17)
(43,6)
(98,14)
(51,19)
(62,7)
(90,4)
(51,19)
(47,7)
(86,14)
(28,15)
(84,11)
(32,14)
(55,8)
(90,8)
(76,12)
(54,4)
(63,8)
(57,3)
(19,15)
(36,10)
(41,5)
(98,7)
(46,6)
(15,7)
(17,6)
(48,18)
(85,12)
(15,10)
(92,1)
(88,7)
(99,14)
(46,3)
(20,7)
(48,19)
(65,17)
(16,2)
(19,8)
(70,2)
(81,8)
(70,17)
(57,8)
(56,7)
(18,5)
(38,18)
(100,9)
(60,5)
(100,14)
(49,13)
(69,0)
(76,1)
(62,5)
(31,17)
(85,19)
(21,0)
(80,1)
(42,1)
(58,6)
(30,1)
(96,11)
(56,0)
(71,0)
(23,7)
(73,5)
(92,7)
(77,14)
(58,17)
(62,4)
(93,19)
(62,17)
(65,6)
(57,18)
(78,3)
(76,7)
(58,0)
(93,7)
(59,2)
(74,5)
(98,0)
(78,12)
(72,15)
(44,6)
(41,19)
(70,18)
(90,14)
(56,0)
(76,0)
(29,15)
(93,1)
(57,11)
(88,15)
(34,19)
(26,9)
(35,8)
(29,11)
(57,16)
(30,1)
(47,4)
(89,4)
(70,3)
(86,13)
(28,7)
(28,1)
(46,3)
(49,15)
(83,0)
(101,17)
(23,6)
(63,17)
(53,2)
(62,3)
(84,0)
(97,15)
(69,11)
(17,9)
(53,7)
(65,17)
(16,12)
(15,9)
(38,3)
(72,17)
(79,12)
(65,10)
(15,6)
(20,6)
(60,12)
(21,0)
(96,8)
(90,10)
(63,10)
(86,4)
(69,0)
(27,3)
(44,10)
(50,0)
(32,0)
(82,6)
(101,8)
(28,5)
(22,13)
(22,6)
(30,10)
(17,0)
(35,10)
(88,1)
(70,9)
(44,14)
(76,3)
(31,8)
(25,19)
(50,8)
(45,11)
(43,13)
(68,3)
(34,10)
(89,7)
(24,4)
(100,17)
(93,14)
(24,16)
(76,5)
(82,17)
(77,0)
(75,9)
(70,6)
(39,17)
(65,8)
(15,11)
(79,1)
(50,0)
(59,5)
(59,8)
(86,7)
(72,5)
(26,4)
(67,16)
(47,6)
(89,0)
(33,15)
(49,1)
(56,1)
(62,4)
(23,0)
(33,1)
(55,0)
(100,12)
(99,2)
(17,7)
(27,13)
(21,6)
(25,12)
(67,15)
(27,17)
(65,7)
(78,15)
(78,13)
(29,17)
(31,16)
(42,7)
(59,12)
(67,8)
(84,19)
(50,0)
(90,0)
(60,0)
(78,3)
(99,4)
(90,8)
(48,17)
(85,11)
(44,2)
(41,4)
(78,14)
(63,8)
(18,7)
(35,15)
(45,7)
(70,3)
(93,7)
(38,5)
(83,12)
(22,16)
(87,4)
(16,14)
(35,18)
(39,4)
(44,3)
(67,0)
(101,12)
(52,9)
(24,0)
(34,3)
(73,8)
(43,7)
(30,0)
(47,18)
(51,4)
(100,2)
(74,3)
(84,16)
(93,18)
(84,8)
(71,18)
(27,0)
(20,5)
(32,16)
(83,8)
(72,3)
(86,19)
(65,14)
(73,5)
(87,14)
(33,10)
(79,1)
(59,10)
(50,6)
(53,16)
(66,3)
(55,6)
(57,7)
(24,4)
(48,14)
(43,0)
(55,12)
(51,1)
(45,2)
(54,11)
(90,5)
(24,11)
(39,10)
(92,11)
(91,5)
(40,3)
(54,8)
(79,2)
(94,7)
(69,4)
(44,6)
(42,16)
(53,0)
(60,6)
(22,16)
(21,10)
(94,13)
(66,19)
(24,13)
(17,2)
(95,5)
(44,15)
(65,3)
(61,11)
(58,3)
(58,17)
(51,14)
(85,5)
(35,8)
(37,1)
(67,6)
(61,1)
(46,6)
(28,15)
(95,0)
(77,8)
(45,15)
(58,2)
(15,18)
(33,6)
(82,9)
(15,17)
(102,13)
(46,17)
(38,3)
(45,3)
(34,12)
(51,4)
(20,8)
(29,0)
(90,15)
(75,6)
(97,13)
(18,3)
(82,3)
(39,6)
(81,4)
(80,14)
(48,4)
(102,2)
(19,9)
(67,11)
(39,0)
(94,3)
(85,10)
(47,9)
(55,1)
(21,7)
(72,1)
(85,16)
(40,4)
(93,11)
(78,6)
(31,6)
(56,0)
(50,8)
(83,9)
(83,10)
(47,16)
(47,8)
(53,7)
(37,9)
(29,8)
(29,10)
(46,9)
(21,18)
(22,9)
(93,3)
(98,0)
(32,0)
(47,9)
(41,10)
(23,6)
(23,5)
(70,7)
(45,4)
(102,0)
(99,0)
(46,2)
(90,0)
(15,3)
(50,0)
(57,15)
(69,8)
(65,17)
(89,3)
(87,11)
(82,5)
(72,5)
(88,6)
(57,17)
(28,15)
(102,15)
(41,9)
(36,13)
(15,0)
(57,11)
(56,16)
(37,13)
(21,19)
(32,2)
(56,19)
(89,17)
(51,12)
(50,5)
(81,6)
(74,9)
(30,0)
(41,5)
(21,6)
(57,3)
(30,3)
(64,13)
(48,13)
(78,8)
(78,9)
(64,19)
(63,15)
(31,2)
(17,3)
(69,8)
(33,2)
(37,19)
(44,12)
(64,16)
(35,2)
(79,3)
(96,18)
(28,17)
(51,7)
(29,2)
(33,17)
(74,17)
(89,12)
(30,1)
(57,0)
(95,18)
(60,17)
(61,0)
(84,12)
(18,6)
(57,13)
(88,0)
(72,17)
(78,7)
(28,4)
(50,1)
(18,3)
(56,19)
(33,9)
(100,13)
(43,8)
(23,0)
(49,12)
(66,14)
(44,3)
(68,17)
(30,0)
(18,9)
(51,6)
(69,19)
(80,3)
(72,6)
(72,3)
(42,9)
(53,8)
(58,0)
(24,3)
(58,6)
(101,5)
(102,13)
(80,15)
(16,6)
(80,18)
(58,9)
(42,16)
(69,2)
(18,18)
(30,8)
(23,15)
(98,6)
(63,14)
(84,10)
(73,6)
(26,1)
(37,19)
(28,1)
(58,11)
(41,6)
(41,1)
(37,3)
(67,1)
(74,16)
(44,18)
(72,14)
(51,1)
(26,4)
(87,2)
(17,6)
(79,0)
(92,13)
(52,12)
(93,1)
(29,6)
(60,19)
(31,7)
(46,0)
(68,13)
(91,4)
(84,15)
(26,0)
(16,0)
(69,0)
(17,10)
(43,13)
(60,14)
(23,15)
(74,18)
(35,1)
(41,1)
(39,2)
(32,6)
(53,16)
(51,8)
(35,7)
(77,0)
(40,8)
(48,9)
(69,11)
(22,17)
(60,14)
(94,3)
(68,16)
(64,0)
(43,3)
(69,5)
(79,6)
(95,9)
(82,4)
(59,2)
(72,3)
(69,19)
(65,13)
(94,17)
(62,1)
(93,4)
(21,13)
(63,10)
(19,19)
(80,5)
(18,7)
(96,0)
(97,4)
(28,0)
(96,1)
(49,2)
(76,3)
(36,16)
(82,2)
(90,3)
(64,2)
(38,7)
(72,3)
(56,8)
(68,10)
(73,13)
(35,11)
(69,1)
(76,5)
(42,1)
(48,1)
(89,17)
(27,18)
(94,0)
(56,5)
(38,18)
(40,12)
(80,5)
(80,3)
(95,17)
(76,0)
(59,13)
(49,6)
(101,3)
(76,1)
(71,7)
(89,14)
(63,17)
(85,5)
(83,5)
(15,2)
(45,8)
(38,17)
(68,1)
(41,7)
(52,16)
(34,11)
(89,4)
(51,12)
(31,11)
(48,10)
(60,6)
(24,0)
(84,18)
(74,8)
(84,7)
(68,15)
(51,15)
(64,0)
(39,2)
(46,18)
(47,2)
(97,2)
(76,10)
(81,12)
(49,12)
(28,0)
(95,12)
(39,8)
(93,13)
(72,10)
(69,8)
(94,1)
(75,0)
(52,17)
(64,11)
(64,5)
(55,5)
(50,5)
(40,7)
(20,7)
(97,5)
(89,19)
(55,10)
(82,3)
(85,2)
(97,0)
(27,9)
(101,0)
(26,1)
(87,3)
(28,8)
(61,11)
(52,7)
(60,1)
(57,8)
(43,5)
(23,5)
(74,4)
(82,4)
(23,11)
(15,2)
(91,9)
(29,3)
(68,8)
(59,12)
(49,15)
(99,4)
(69,0)
(28,10)
(79,4)
(66,4)
(55,10)
(45,16)
(101,3)
(45,6)
(61,2)
(38,18)
(53,2)
(88,5)
(98,0)
(53,1)
(61,5)
(99,14)
(86,6)
(76,5)
(57,6)
(81,16)
(100,19)
(86,1)
(22,7)
(62,17)
(34,10)
(76,0)
(29,19)
(92,3)
(41,19)
(100,4)
(26,18)
(66,15)
(56,9)
(79,1)
(90,1)
(101,18)
(41,9)
(95,9)
(44,5)
(41,1)
(33,0)
(60,15)
(100,5)
(32,14)
(20,4)
(27,8)
(22,19)
(37,0)
(74,12)
(69,9)
(98,13)
(84,8)
(29,6)
(87,12)
(88,2)
(92,6)
(72,13)
(37,17)
(45,6)
(92,1)
(65,6)
(83,9)
(77,10)
(60,0)
(21,14)
(36,10)
(94,4)
(25,9)
(61,9)
(46,0)
(40,6)
(86,15)
(30,1)
(53,14)
(79,0)
(84,4)
(24,15)
(93,11)
(31,1)
(58,2)
(82,5)
(67,6)
(59,4)
(66,4)
(15,7)
(92,13)
(50,15)
(35,13)
(24,8)
(86,19)
(79,12)
(43,3)
(72,2)
(65,14)
(34,3)
(98,4)
(41,15)
(86,2)
(42,3)
(95,4)
(44,12)
(74,6)
(54,9)
(66,16)
(64,4)
(35,5)
(75,9)
(17,10)
(78,4)
(34,11)
(65,6)
(45,1)
(51,3)
(33,3)
(44,11)
(90,2)
(32,7)
(41,12)
(102,5)
(81,2)
(50,15)
(27,9)
(59,7)
(19,10)
(77,9)
(47,12)
(54,0)
(43,5)
(73,6)
(44,10)
(28,8)
(92,0)
(88,11)
(52,11)
(24,14)
(25,0)
(53,4)
(20,5)
(28,17)
(23,4)
(82,19)
(90,12)
(45,5)
(63,2)
(79,9)
(43,0)
(33,8)
(80,3)
(88,4)
(63,2)
(78,8)
(19,10)
(68,12)
(85,5)
(68,11)
(82,13)
(58,5)
(66,1)
(96,0)
(26,0)
(82,11)
(75,18)
(66,1)
(96,0)
(74,7)
(53,10)
(41,4)
(85,13)
(43,14)
(80,2)
(19,1)
(86,0)
(52,13)
(73,8)
(22,6)
(82,1)
(80,2)
(90,2)
(82,2)
(21,14)
(61,10)
(92,6)
(18,1)
(64,18)
(77,17)
(86,15)
(73,14)
(28,11)
(59,13)
(30,14)
(94,3)
(22,1)
(47,9)
(99,14)
(73,6)
(64,19)
(60,1)
(61,19)
(18,9)
(33,15)
(51,14)
(101,0)
(54,12)
(99,5)
(40,5)
(52,3)
(78,8)
(26,4)
(45,5)
(65,12)
(22,18)
(66,17)
(24,5)
(98,3)
(73,3)
(17,15)
(87,19)
(16,13)
(47,10)
(64,3)
(58,14)
(72,5)
(33,5)
(98,13)
(99,12)
(19,0)
(59,2)
(100,1)
(95,11)
(54,2)
(43,13)
(38,4)
(20,0)
(29,3)
(31,5)
(61,1)
(94,10)
(100,11)
(99,17)
(101,1)
(75,8)
(43,2)
(34,7)
(33,1)
(48,13)
(47,17)
(67,17)
(70,8)
(54,17)
(31,17)
(68,15)
(97,2)
(92,4)
(66,6)
(47,5)
(74,1)
(50,13)
(42,17)
(90,3)
(37,0)
(45,4)
(85,18)
(71,0)
(45,2)
(87,3)
(89,3)
(102,9)
(34,5)
(29,15)
(93,7)
(102,14)
(74,0)
(100,19)
(72,7)
(64,1)
(76,1)
(59,10)
(80,11)
(36,2)
(102,8)
(101,14)
(68,3)
(87,5)
(90,7)
(20,11)
(74,12)
(41,8)
(94,2)
(83,11)
(79,19)
(28,17)
(23,3)
(71,3)
(15,16)
(67,0)
(69,9)
(27,0)
(78,11)
(82,10)
(53,0)
(95,4)
(44,0)
(50,7)
(66,14)
(31,0)
(69,11)
(83,16)
(86,0)
(85,4)
(92,0)
(39,4)
(50,6)
(76,1)
(74,11)
(15,3)
(56,14)
(41,2)
(97,9)
(16,0)
(42,13)
(20,0)
(87,8)
(21,7)
(23,10)
(61,12)
(50,13)
(74,2)
(96,11)
(84,14)
(61,13)
(76,3)
(71,10)
(24,16)
(51,2)
(43,15)
(19,12)
(31,0)
(31,7)
(68,1)
(20,13)
(39,14)
(67,15)
(73,2)
(98,17)
(23,5)
(20,17)
(57,18)
(43,1)
(97,0)
(74,0)
(62,3)
(96,19)
(84,7)
(35,15)
(50,16)
(80,2)
(49,7)
(88,2)
(97,10)
(99,5)
(97,1)
(78,1)
(55,19)
(57,5)
(47,1)
(54,5)
(90,16)
(56,8)
(59,19)
(78,2)
(25,12)
(70,9)
(74,2)
(60,2)
(70,8)
(99,7)
(77,6)
(91,8)
(47,12)
(62,8)
(20,16)
(33,1)
(83,12)
(69,11)
(22,15)
(40,8)
(60,6)
(63,19)
(82,4)
(25,16)
(31,5)
(71,1)
(89,6)
(40,3)
(45,6)
(62,14)
(53,0)
(19,5)
(77,3)
(82,11)
(93,17)
(92,18)
(23,17)
(76,8)
(81,10)
(63,9)
(86,0)
(94,5)
(92,11)
(53,5)
(79,10)
(95,5)
(61,2)
(86,3)
(70,9)
(36,18)
(15,14)
(24,7)
(28,0)
(80,4)
(22,0)
(81,13)
(32,9)
(76,14)
(20,11)
(40,4)
(92,1)
(30,15)
(76,16)
(82,7)
(43,14)
(95,2)
(30,10)
(17,3)
(31,0)
(97,13)
(44,10)
(100,5)
(25,1)
(53,8)
(21,4)
(81,10)
(20,6)
(80,2)
(20,17)
(88,7)
(86,19)
(88,6)
(32,11)
(26,0)
(100,8)
(46,4)
(35,14)
(28,1)
(81,6)
(26,4)
(65,15)
(54,12)
(81,6)
(96,19)
(21,16)
(47,9)
(97,4)
(96,2)
(16,9)
(59,1)
(34,10)
(47,5)
(44,1)
(15,6)
(22,14)
(67,0)
(40,5)
(100,6)
(78,10)
(63,2)
(77,10)
(66,6)
(64,1)
(92,7)
(32,19)
(25,2)
(59,18)
(63,3)
(51,10)
(40,1)
(89,5)
(74,8)
(52,13)
(31,6)
(90,10)
(96,16)
(71,16)
(25,13)
(28,17)
(75,6)
(65,1)
(67,19)
(22,12)
(19,1)
(92,16)
(101,6)
(70,8)
(55,8)
(31,4)
(20,16)
(82,9)
(83,16)
(36,6)
(54,5)
(40,11)
(96,11)
(58,13)
(29,9)
(51,5)
(98,7)
(44,3)
(35,5)
(101,14)
(51,0)
(66,5)
(87,11)
(86,0)
(42,19)
(59,18)
(50,15)
(51,18)
(42,15)
(45,10)
(65,11)
(94,11)
(85,0)
(65,1)
(55,6)
(43,10)
(24,7)
(62,4)
(89,4)
(53,1)
(100,5)
(16,0)
(42,14)
(93,8)
(46,9)
(72,6)
(101,10)
(38,5)
(31,1)
(89,14)
(43,18)
(26,16)
(66,7)
(70,12)
(80,6)
(98,17)
(73,10)
(89,7)
(98,6)
(84,0)
(77,10)
(26,15)
(60,12)
(97,11)
(19,10)
(20,19)
(69,9)
(33,10)
(22,8)
(76,11)
(88,16)
(46,6)
(63,15)
(98,5)
(49,2)
(82,12)
(67,14)
(83,8)
(24,18)
(36,0)
(54,4)
(99,4)
(95,12)
(30,14)
(98,13)
(52,9)
(64,1)
(37,13)
(36,18)
(71,6)
(101,11)
(70,13)
(81,5)
(26,6)
(35,8)
(20,9)
(42,11)
(95,12)
(93,2)
(69,12)
(100,16)
(29,9)
(48,3)
(76,1)
(70,12)
(21,1)
(27,2)
(36,17)
(38,17)
(100,14)
(100,8)
(23,0)
(80,5)
(39,11)
(71,1)
(54,8)
(53,0)
(65,11)
(44,4)
(48,2)
(36,16)
0.popular= 0.084889
1.popular= 0.071556
2.popular= 0.062667
3.popular= 0.059111
4.popular= 0.052444
5.popular= 0.057333
6.popular= 0.054667
7.popular= 0.052444
8.popular= 0.053333
9.popular= 0.047556
10.popular= 0.046222
11.popular= 0.045333
12.popular= 0.040444
13.popular= 0.044889
14.popular= 0.040000
15.popular= 0.044444
16.popular= 0.032889
17.popular= 0.040444
18.popular= 0.035111
19.popular= 0.034222

peer 0 neighbors is: 33, 58, 20, 5, 35, 21, 25, 47, 80, 100, 8, 18, 
peer 1 neighbors is: 80, 98, 23, 32, 93, 91, 50, 94, 64, 20, 2, 17, 27, 
peer 2 neighbors is: 96, 1, 22, 25, 66, 90, 76, 56, 35, 83, 8, 14, 31, 34, 
peer 3 neighbors is: 85, 30, 87, 95, 12, 13, 68, 76, 57, 66, 6, 8, 15, 
peer 4 neighbors is: 21, 59, 101, 13, 89, 98, 11, 29, 84, 51, 
peer 5 neighbors is: 0, 48, 49, 20, 102, 55, 25, 23, 96, 8, 13, 36, 
peer 6 neighbors is: 31, 62, 3, 100, 33, 59, 83, 102, 85, 53, 10, 13, 20, 28, 30, 32, 35, 
peer 7 neighbors is: 16, 82, 72, 80, 63, 94, 56, 12, 95, 75, 31, 
peer 8 neighbors is: 5, 59, 2, 14, 56, 57, 70, 0, 99, 3, 11, 34, 35, 
peer 9 neighbors is: 52, 29, 71, 21, 67, 60, 49, 65, 77, 70, 10, 11, 18, 28, 
peer 10 neighbors is: 59, 48, 9, 28, 31, 24, 86, 37, 6, 83, 13, 16, 19, 36, 
peer 11 neighbors is: 4, 48, 58, 85, 9, 74, 78, 8, 102, 92, 40, 
peer 12 neighbors is: 3, 7, 78, 67, 53, 74, 77, 29, 26, 80, 28, 
peer 13 neighbors is: 3, 4, 5, 14, 37, 99, 97, 6, 10, 68, 
peer 14 neighbors is: 8, 13, 87, 60, 2, 21, 67, 73, 52, 94, 18, 26, 35, 
peer 15 neighbors is: 23, 27, 3, 99, 38, 72, 46, 39, 89, 69, 
peer 16 neighbors is: 7, 10, 45, 65, 39, 67, 32, 92, 78, 87, 29, 
peer 17 neighbors is: 92, 61, 19, 1, 21, 26, 50, 46, 78, 72, 
peer 18 neighbors is: 34, 14, 82, 70, 0, 22, 65, 24, 90, 9, 21, 23, 36, 39, 
peer 19 neighbors is: 17, 76, 46, 67, 41, 10, 82, 21, 100, 83, 39, 
peer 20 neighbors is: 0, 1, 5, 6, 50, 91, 56, 43, 40, 25, 22, 23, 
peer 21 neighbors is: 0, 4, 9, 14, 17, 19, 86, 55, 56, 18, 29, 31, 38, 42, 
peer 22 neighbors is: 2, 18, 47, 42, 68, 97, 73, 20, 28, 48, 24, 27, 31, 
peer 23 neighbors is: 1, 5, 15, 20, 61, 70, 51, 99, 95, 18, 24, 
peer 24 neighbors is: 10, 18, 74, 22, 71, 67, 23, 26, 51, 70, 33, 
peer 25 neighbors is: 0, 2, 5, 20, 42, 91, 37, 69, 62, 88, 
peer 26 neighbors is: 12, 17, 24, 14, 93, 98, 73, 63, 85, 53, 33, 36, 41, 
peer 27 neighbors is: 15, 22, 72, 1, 70, 96, 53, 98, 48, 61, 31, 39, 
peer 28 neighbors is: 10, 22, 95, 71, 9, 6, 12, 75, 53, 59, 
peer 29 neighbors is: 4, 9, 12, 68, 21, 78, 34, 45, 42, 16, 
peer 30 neighbors is: 3, 6, 51, 35, 48, 81, 93, 31, 84, 37, 34, 
peer 31 neighbors is: 6, 10, 30, 27, 7, 2, 22, 98, 21, 37, 
peer 32 neighbors is: 1, 16, 59, 34, 6, 49, 79, 64, 66, 48, 
peer 33 neighbors is: 0, 6, 63, 74, 101, 65, 46, 68, 24, 26, 36, 
peer 34 neighbors is: 18, 29, 32, 96, 62, 66, 2, 8, 30, 55, 
peer 35 neighbors is: 0, 2, 30, 14, 6, 8, 82, 84, 87, 41, 
peer 36 neighbors is: 18, 26, 5, 70, 98, 74, 71, 88, 33, 10, 38, 
peer 37 neighbors is: 10, 13, 25, 30, 31, 82, 75, 93, 55, 81, 
peer 38 neighbors is: 15, 40, 44, 60, 45, 68, 36, 21, 76, 41, 
peer 39 neighbors is: 15, 16, 100, 79, 27, 74, 18, 92, 19, 63, 
peer 40 neighbors is: 20, 38, 67, 90, 54, 95, 56, 93, 44, 11, 42, 
peer 41 neighbors is: 19, 35, 38, 100, 42, 74, 101, 86, 89, 26, 
peer 42 neighbors is: 22, 25, 29, 41, 21, 52, 58, 101, 40, 64, 
peer 43 neighbors is: 20, 91, 54, 
peer 44 neighbors is: 38, 40, 
peer 45 neighbors is: 16, 29, 38, 
peer 46 neighbors is: 15, 17, 19, 33, 
peer 47 neighbors is: 0, 22, 
peer 48 neighbors is: 5, 10, 11, 22, 27, 30, 32, 
peer 49 neighbors is: 5, 9, 32, 
peer 50 neighbors is: 1, 17, 20, 
peer 51 neighbors is: 4, 23, 24, 30, 
peer 52 neighbors is: 9, 14, 42, 
peer 53 neighbors is: 6, 12, 26, 27, 28, 
peer 54 neighbors is: 40, 43, 
peer 55 neighbors is: 5, 21, 34, 37, 
peer 56 neighbors is: 2, 7, 8, 20, 21, 40, 
peer 57 neighbors is: 3, 8, 
peer 58 neighbors is: 0, 11, 42, 
peer 59 neighbors is: 4, 6, 8, 10, 28, 32, 
peer 60 neighbors is: 9, 14, 38, 
peer 61 neighbors is: 17, 23, 27, 
peer 62 neighbors is: 6, 25, 34, 
peer 63 neighbors is: 7, 26, 33, 39, 
peer 64 neighbors is: 1, 32, 42, 
peer 65 neighbors is: 9, 16, 18, 33, 
peer 66 neighbors is: 2, 3, 32, 34, 
peer 67 neighbors is: 9, 12, 14, 16, 19, 24, 40, 
peer 68 neighbors is: 3, 13, 22, 29, 33, 38, 
peer 69 neighbors is: 15, 25, 
peer 70 neighbors is: 8, 9, 18, 23, 24, 27, 36, 
peer 71 neighbors is: 9, 24, 28, 36, 
peer 72 neighbors is: 7, 15, 17, 27, 
peer 73 neighbors is: 14, 22, 26, 
peer 74 neighbors is: 11, 12, 24, 33, 36, 39, 41, 
peer 75 neighbors is: 7, 28, 37, 
peer 76 neighbors is: 2, 3, 19, 38, 
peer 77 neighbors is: 9, 12, 
peer 78 neighbors is: 11, 12, 16, 17, 29, 
peer 79 neighbors is: 32, 39, 
peer 80 neighbors is: 0, 1, 7, 12, 
peer 81 neighbors is: 30, 37, 
peer 82 neighbors is: 7, 18, 19, 35, 37, 
peer 83 neighbors is: 2, 6, 10, 19, 
peer 84 neighbors is: 4, 30, 35, 
peer 85 neighbors is: 3, 6, 11, 26, 
peer 86 neighbors is: 10, 21, 41, 
peer 87 neighbors is: 3, 14, 16, 35, 
peer 88 neighbors is: 25, 36, 
peer 89 neighbors is: 4, 15, 41, 
peer 90 neighbors is: 2, 18, 40, 
peer 91 neighbors is: 1, 20, 25, 43, 
peer 92 neighbors is: 11, 16, 17, 39, 
peer 93 neighbors is: 1, 26, 30, 37, 40, 
peer 94 neighbors is: 1, 7, 14, 
peer 95 neighbors is: 3, 7, 23, 28, 40, 
peer 96 neighbors is: 2, 5, 27, 34, 
peer 97 neighbors is: 13, 22, 
peer 98 neighbors is: 1, 4, 26, 27, 31, 36, 
peer 99 neighbors is: 8, 13, 15, 23, 
peer 100 neighbors is: 0, 6, 19, 39, 41, 
peer 101 neighbors is: 4, 33, 41, 42, 
peer 102 neighbors is: 5, 6, 11, 

