100 Users
20 Files
1500 Transactions
7 Maximum Connections
1 Cycle Length per Upload-Download
750 Warm-up Transactions
0.400000 Zipf constant
3 Pre-Trusted Users
60 Well-Behaved (Good) Users
40 Purely Malicious Users
0 Feedback Skewing Users
0 Malignant Providing Users
0 Disguised Malicous Users
0 Sybil Attack Users
true Intelligent Trans. Generation
1474142571000 Trace Generation Seed

(0.000000,0.000000,1,false)
(0.000000,0.000000,1,false)
(0.000000,0.000000,1,false)
(0.000000,0.000000,1,false)
(0.000000,0.000000,1,false)
(0.000000,0.000000,1,false)
(0.000000,0.000000,1,false)
(0.000000,0.000000,1,false)
(0.000000,0.000000,1,false)
(0.000000,0.000000,1,false)
(0.000000,0.000000,1,false)
(0.000000,0.000000,1,false)
(0.000000,0.000000,1,false)
(0.000000,0.000000,1,false)
(0.000000,0.000000,1,false)
(0.000000,0.000000,1,false)
(0.000000,0.000000,1,false)
(0.000000,0.000000,1,false)
(0.000000,0.000000,1,false)
(0.000000,0.000000,1,false)
(0.000000,0.000000,1,false)
(0.000000,0.000000,1,false)
(0.000000,0.000000,1,false)
(0.000000,0.000000,1,false)
(0.000000,0.000000,1,false)
(0.000000,0.000000,1,false)
(0.000000,0.000000,1,false)
(0.000000,0.000000,1,false)
(0.000000,0.000000,1,false)
(0.000000,0.000000,1,false)
(0.000000,0.000000,1,false)
(0.000000,0.000000,1,false)
(0.000000,0.000000,1,false)
(0.000000,0.000000,1,false)
(0.000000,0.000000,1,false)
(0.000000,0.000000,1,false)
(0.000000,0.000000,1,false)
(0.000000,0.000000,1,false)
(0.000000,0.000000,1,false)
(0.000000,0.000000,1,false)
(1.000000,1.000000,0,true)
(1.000000,1.000000,0,true)
(1.000000,1.000000,0,true)
(1.000000,1.000000,0,false)
(1.000000,1.000000,0,false)
(1.000000,1.000000,0,false)
(1.000000,1.000000,0,false)
(1.000000,1.000000,0,false)
(1.000000,1.000000,0,false)
(1.000000,1.000000,0,false)
(1.000000,1.000000,0,false)
(1.000000,1.000000,0,false)
(1.000000,1.000000,0,false)
(1.000000,1.000000,0,false)
(1.000000,1.000000,0,false)
(1.000000,1.000000,0,false)
(1.000000,1.000000,0,false)
(1.000000,1.000000,0,false)
(1.000000,1.000000,0,false)
(1.000000,1.000000,0,false)
(1.000000,1.000000,0,false)
(1.000000,1.000000,0,false)
(1.000000,1.000000,0,false)
(1.000000,1.000000,0,false)
(1.000000,1.000000,0,false)
(1.000000,1.000000,0,false)
(1.000000,1.000000,0,false)
(1.000000,1.000000,0,false)
(1.000000,1.000000,0,false)
(1.000000,1.000000,0,false)
(1.000000,1.000000,0,false)
(1.000000,1.000000,0,false)
(1.000000,1.000000,0,false)
(1.000000,1.000000,0,false)
(1.000000,1.000000,0,false)
(1.000000,1.000000,0,false)
(1.000000,1.000000,0,false)
(1.000000,1.000000,0,false)
(1.000000,1.000000,0,false)
(1.000000,1.000000,0,false)
(1.000000,1.000000,0,false)
(1.000000,1.000000,0,false)
(1.000000,1.000000,0,false)
(1.000000,1.000000,0,false)
(1.000000,1.000000,0,false)
(1.000000,1.000000,0,false)
(1.000000,1.000000,0,false)
(1.000000,1.000000,0,false)
(1.000000,1.000000,0,false)
(1.000000,1.000000,0,false)
(1.000000,1.000000,0,false)
(1.000000,1.000000,0,false)
(1.000000,1.000000,0,false)
(1.000000,1.000000,0,false)
(1.000000,1.000000,0,false)
(1.000000,1.000000,0,false)
(1.000000,1.000000,0,false)
(1.000000,1.000000,0,false)
(1.000000,1.000000,0,false)
(1.000000,1.000000,0,false)

(0,0,false)
(1,0,false)
(2,0,false)
(3,0,false)
(4,0,false)
(5,0,false)
(6,0,false)
(7,0,false)
(8,0,false)
(9,0,false)
(10,0,false)
(11,0,false)
(12,0,false)
(13,0,false)
(14,0,false)
(15,0,false)
(16,0,false)
(17,0,false)
(18,0,false)
(19,0,false)
(20,0,false)
(21,0,false)
(22,0,false)
(23,0,false)
(24,0,false)
(25,0,false)
(26,0,false)
(27,0,false)
(28,0,false)
(29,0,false)
(30,0,false)
(31,0,false)
(32,0,false)
(33,0,false)
(34,0,false)
(35,0,false)
(36,0,false)
(37,0,false)
(38,0,false)
(39,0,false)
(40,0,true)
(89,0,true)
(42,0,true)
(45,0,true)
(47,0,true)
(48,0,true)
(50,0,true)
(51,0,true)
(52,0,true)
(55,0,true)
(57,0,true)
(60,0,true)
(61,0,true)
(63,0,true)
(64,0,true)
(66,0,true)
(67,0,true)
(68,0,true)
(71,0,true)
(73,0,true)
(75,0,true)
(76,0,true)
(78,0,true)
(79,0,true)
(84,0,true)
(85,0,true)
(86,0,true)
(88,0,true)
(90,0,true)
(91,0,true)
(92,0,true)
(94,0,true)
(95,0,true)
(96,0,true)
(97,0,true)
(98,0,true)
(99,0,true)
(0,1,false)
(1,1,false)
(2,1,false)
(3,1,false)
(4,1,false)
(5,1,false)
(6,1,false)
(7,1,false)
(8,1,false)
(9,1,false)
(10,1,false)
(11,1,false)
(12,1,false)
(13,1,false)
(14,1,false)
(15,1,false)
(16,1,false)
(17,1,false)
(18,1,false)
(19,1,false)
(20,1,false)
(21,1,false)
(22,1,false)
(23,1,false)
(24,1,false)
(25,1,false)
(26,1,false)
(27,1,false)
(28,1,false)
(29,1,false)
(30,1,false)
(31,1,false)
(32,1,false)
(33,1,false)
(34,1,false)
(35,1,false)
(36,1,false)
(37,1,false)
(38,1,false)
(39,1,false)
(41,1,true)
(83,1,true)
(44,1,true)
(46,1,true)
(60,1,true)
(62,1,true)
(68,1,true)
(71,1,true)
(72,1,true)
(77,1,true)
(78,1,true)
(79,1,true)
(80,1,true)
(81,1,true)
(82,1,true)
(84,1,true)
(85,1,true)
(89,1,true)
(90,1,true)
(91,1,true)
(94,1,true)
(95,1,true)
(96,1,true)
(0,2,false)
(1,2,false)
(2,2,false)
(3,2,false)
(4,2,false)
(5,2,false)
(6,2,false)
(7,2,false)
(8,2,false)
(9,2,false)
(10,2,false)
(11,2,false)
(12,2,false)
(13,2,false)
(14,2,false)
(15,2,false)
(16,2,false)
(17,2,false)
(18,2,false)
(19,2,false)
(20,2,false)
(21,2,false)
(22,2,false)
(23,2,false)
(24,2,false)
(25,2,false)
(26,2,false)
(27,2,false)
(28,2,false)
(29,2,false)
(30,2,false)
(31,2,false)
(32,2,false)
(33,2,false)
(34,2,false)
(35,2,false)
(36,2,false)
(37,2,false)
(38,2,false)
(39,2,false)
(42,2,true)
(76,2,true)
(56,2,true)
(58,2,true)
(64,2,true)
(66,2,true)
(67,2,true)
(69,2,true)
(70,2,true)
(72,2,true)
(77,2,true)
(81,2,true)
(83,2,true)
(87,2,true)
(92,2,true)
(0,3,false)
(1,3,false)
(2,3,false)
(3,3,false)
(4,3,false)
(5,3,false)
(6,3,false)
(7,3,false)
(8,3,false)
(9,3,false)
(10,3,false)
(11,3,false)
(12,3,false)
(13,3,false)
(14,3,false)
(15,3,false)
(16,3,false)
(17,3,false)
(18,3,false)
(19,3,false)
(20,3,false)
(21,3,false)
(22,3,false)
(23,3,false)
(24,3,false)
(25,3,false)
(26,3,false)
(27,3,false)
(28,3,false)
(29,3,false)
(30,3,false)
(31,3,false)
(32,3,false)
(33,3,false)
(34,3,false)
(35,3,false)
(36,3,false)
(37,3,false)
(38,3,false)
(39,3,false)
(43,3,true)
(61,3,true)
(69,3,true)
(74,3,true)
(80,3,true)
(86,3,true)
(88,3,true)
(0,4,false)
(1,4,false)
(2,4,false)
(3,4,false)
(4,4,false)
(5,4,false)
(6,4,false)
(7,4,false)
(8,4,false)
(9,4,false)
(10,4,false)
(11,4,false)
(12,4,false)
(13,4,false)
(14,4,false)
(15,4,false)
(16,4,false)
(17,4,false)
(18,4,false)
(19,4,false)
(20,4,false)
(21,4,false)
(22,4,false)
(23,4,false)
(24,4,false)
(25,4,false)
(26,4,false)
(27,4,false)
(28,4,false)
(29,4,false)
(30,4,false)
(31,4,false)
(32,4,false)
(33,4,false)
(34,4,false)
(35,4,false)
(36,4,false)
(37,4,false)
(38,4,false)
(39,4,false)
(44,4,true)
(75,4,true)
(40,4,true)
(74,4,true)
(87,4,true)
(0,5,false)
(1,5,false)
(2,5,false)
(3,5,false)
(4,5,false)
(5,5,false)
(6,5,false)
(7,5,false)
(8,5,false)
(9,5,false)
(10,5,false)
(11,5,false)
(12,5,false)
(13,5,false)
(14,5,false)
(15,5,false)
(16,5,false)
(17,5,false)
(18,5,false)
(19,5,false)
(20,5,false)
(21,5,false)
(22,5,false)
(23,5,false)
(24,5,false)
(25,5,false)
(26,5,false)
(27,5,false)
(28,5,false)
(29,5,false)
(30,5,false)
(31,5,false)
(32,5,false)
(33,5,false)
(34,5,false)
(35,5,false)
(36,5,false)
(37,5,false)
(38,5,false)
(39,5,false)
(45,5,true)
(59,5,true)
(49,5,true)
(93,5,true)
(0,6,false)
(1,6,false)
(2,6,false)
(3,6,false)
(4,6,false)
(5,6,false)
(6,6,false)
(7,6,false)
(8,6,false)
(9,6,false)
(10,6,false)
(11,6,false)
(12,6,false)
(13,6,false)
(14,6,false)
(15,6,false)
(16,6,false)
(17,6,false)
(18,6,false)
(19,6,false)
(20,6,false)
(21,6,false)
(22,6,false)
(23,6,false)
(24,6,false)
(25,6,false)
(26,6,false)
(27,6,false)
(28,6,false)
(29,6,false)
(30,6,false)
(31,6,false)
(32,6,false)
(33,6,false)
(34,6,false)
(35,6,false)
(36,6,false)
(37,6,false)
(38,6,false)
(39,6,false)
(46,6,true)
(99,6,true)
(0,7,false)
(1,7,false)
(2,7,false)
(3,7,false)
(4,7,false)
(5,7,false)
(6,7,false)
(7,7,false)
(8,7,false)
(9,7,false)
(10,7,false)
(11,7,false)
(12,7,false)
(13,7,false)
(14,7,false)
(15,7,false)
(16,7,false)
(17,7,false)
(18,7,false)
(19,7,false)
(20,7,false)
(21,7,false)
(22,7,false)
(23,7,false)
(24,7,false)
(25,7,false)
(26,7,false)
(27,7,false)
(28,7,false)
(29,7,false)
(30,7,false)
(31,7,false)
(32,7,false)
(33,7,false)
(34,7,false)
(35,7,false)
(36,7,false)
(37,7,false)
(38,7,false)
(39,7,false)
(47,7,true)
(43,7,true)
(0,8,false)
(1,8,false)
(2,8,false)
(3,8,false)
(4,8,false)
(5,8,false)
(6,8,false)
(7,8,false)
(8,8,false)
(9,8,false)
(10,8,false)
(11,8,false)
(12,8,false)
(13,8,false)
(14,8,false)
(15,8,false)
(16,8,false)
(17,8,false)
(18,8,false)
(19,8,false)
(20,8,false)
(21,8,false)
(22,8,false)
(23,8,false)
(24,8,false)
(25,8,false)
(26,8,false)
(27,8,false)
(28,8,false)
(29,8,false)
(30,8,false)
(31,8,false)
(32,8,false)
(33,8,false)
(34,8,false)
(35,8,false)
(36,8,false)
(37,8,false)
(38,8,false)
(39,8,false)
(48,8,true)
(62,8,true)
(93,8,true)
(0,9,false)
(1,9,false)
(2,9,false)
(3,9,false)
(4,9,false)
(5,9,false)
(6,9,false)
(7,9,false)
(8,9,false)
(9,9,false)
(10,9,false)
(11,9,false)
(12,9,false)
(13,9,false)
(14,9,false)
(15,9,false)
(16,9,false)
(17,9,false)
(18,9,false)
(19,9,false)
(20,9,false)
(21,9,false)
(22,9,false)
(23,9,false)
(24,9,false)
(25,9,false)
(26,9,false)
(27,9,false)
(28,9,false)
(29,9,false)
(30,9,false)
(31,9,false)
(32,9,false)
(33,9,false)
(34,9,false)
(35,9,false)
(36,9,false)
(37,9,false)
(38,9,false)
(39,9,false)
(49,9,true)
(54,9,true)
(0,10,false)
(1,10,false)
(2,10,false)
(3,10,false)
(4,10,false)
(5,10,false)
(6,10,false)
(7,10,false)
(8,10,false)
(9,10,false)
(10,10,false)
(11,10,false)
(12,10,false)
(13,10,false)
(14,10,false)
(15,10,false)
(16,10,false)
(17,10,false)
(18,10,false)
(19,10,false)
(20,10,false)
(21,10,false)
(22,10,false)
(23,10,false)
(24,10,false)
(25,10,false)
(26,10,false)
(27,10,false)
(28,10,false)
(29,10,false)
(30,10,false)
(31,10,false)
(32,10,false)
(33,10,false)
(34,10,false)
(35,10,false)
(36,10,false)
(37,10,false)
(38,10,false)
(39,10,false)
(50,10,true)
(97,10,true)
(70,10,true)
(0,11,false)
(1,11,false)
(2,11,false)
(3,11,false)
(4,11,false)
(5,11,false)
(6,11,false)
(7,11,false)
(8,11,false)
(9,11,false)
(10,11,false)
(11,11,false)
(12,11,false)
(13,11,false)
(14,11,false)
(15,11,false)
(16,11,false)
(17,11,false)
(18,11,false)
(19,11,false)
(20,11,false)
(21,11,false)
(22,11,false)
(23,11,false)
(24,11,false)
(25,11,false)
(26,11,false)
(27,11,false)
(28,11,false)
(29,11,false)
(30,11,false)
(31,11,false)
(32,11,false)
(33,11,false)
(34,11,false)
(35,11,false)
(36,11,false)
(37,11,false)
(38,11,false)
(39,11,false)
(51,11,true)
(53,11,true)
(0,12,false)
(1,12,false)
(2,12,false)
(3,12,false)
(4,12,false)
(5,12,false)
(6,12,false)
(7,12,false)
(8,12,false)
(9,12,false)
(10,12,false)
(11,12,false)
(12,12,false)
(13,12,false)
(14,12,false)
(15,12,false)
(16,12,false)
(17,12,false)
(18,12,false)
(19,12,false)
(20,12,false)
(21,12,false)
(22,12,false)
(23,12,false)
(24,12,false)
(25,12,false)
(26,12,false)
(27,12,false)
(28,12,false)
(29,12,false)
(30,12,false)
(31,12,false)
(32,12,false)
(33,12,false)
(34,12,false)
(35,12,false)
(36,12,false)
(37,12,false)
(38,12,false)
(39,12,false)
(52,12,true)
(65,12,true)
(0,13,false)
(1,13,false)
(2,13,false)
(3,13,false)
(4,13,false)
(5,13,false)
(6,13,false)
(7,13,false)
(8,13,false)
(9,13,false)
(10,13,false)
(11,13,false)
(12,13,false)
(13,13,false)
(14,13,false)
(15,13,false)
(16,13,false)
(17,13,false)
(18,13,false)
(19,13,false)
(20,13,false)
(21,13,false)
(22,13,false)
(23,13,false)
(24,13,false)
(25,13,false)
(26,13,false)
(27,13,false)
(28,13,false)
(29,13,false)
(30,13,false)
(31,13,false)
(32,13,false)
(33,13,false)
(34,13,false)
(35,13,false)
(36,13,false)
(37,13,false)
(38,13,false)
(39,13,false)
(53,13,true)
(82,13,true)
(0,14,false)
(1,14,false)
(2,14,false)
(3,14,false)
(4,14,false)
(5,14,false)
(6,14,false)
(7,14,false)
(8,14,false)
(9,14,false)
(10,14,false)
(11,14,false)
(12,14,false)
(13,14,false)
(14,14,false)
(15,14,false)
(16,14,false)
(17,14,false)
(18,14,false)
(19,14,false)
(20,14,false)
(21,14,false)
(22,14,false)
(23,14,false)
(24,14,false)
(25,14,false)
(26,14,false)
(27,14,false)
(28,14,false)
(29,14,false)
(30,14,false)
(31,14,false)
(32,14,false)
(33,14,false)
(34,14,false)
(35,14,false)
(36,14,false)
(37,14,false)
(38,14,false)
(39,14,false)
(54,14,true)
(98,14,true)
(0,15,false)
(1,15,false)
(2,15,false)
(3,15,false)
(4,15,false)
(5,15,false)
(6,15,false)
(7,15,false)
(8,15,false)
(9,15,false)
(10,15,false)
(11,15,false)
(12,15,false)
(13,15,false)
(14,15,false)
(15,15,false)
(16,15,false)
(17,15,false)
(18,15,false)
(19,15,false)
(20,15,false)
(21,15,false)
(22,15,false)
(23,15,false)
(24,15,false)
(25,15,false)
(26,15,false)
(27,15,false)
(28,15,false)
(29,15,false)
(30,15,false)
(31,15,false)
(32,15,false)
(33,15,false)
(34,15,false)
(35,15,false)
(36,15,false)
(37,15,false)
(38,15,false)
(39,15,false)
(55,15,true)
(63,15,true)
(0,16,false)
(1,16,false)
(2,16,false)
(3,16,false)
(4,16,false)
(5,16,false)
(6,16,false)
(7,16,false)
(8,16,false)
(9,16,false)
(10,16,false)
(11,16,false)
(12,16,false)
(13,16,false)
(14,16,false)
(15,16,false)
(16,16,false)
(17,16,false)
(18,16,false)
(19,16,false)
(20,16,false)
(21,16,false)
(22,16,false)
(23,16,false)
(24,16,false)
(25,16,false)
(26,16,false)
(27,16,false)
(28,16,false)
(29,16,false)
(30,16,false)
(31,16,false)
(32,16,false)
(33,16,false)
(34,16,false)
(35,16,false)
(36,16,false)
(37,16,false)
(38,16,false)
(39,16,false)
(56,16,true)
(65,16,true)
(0,17,false)
(1,17,false)
(2,17,false)
(3,17,false)
(4,17,false)
(5,17,false)
(6,17,false)
(7,17,false)
(8,17,false)
(9,17,false)
(10,17,false)
(11,17,false)
(12,17,false)
(13,17,false)
(14,17,false)
(15,17,false)
(16,17,false)
(17,17,false)
(18,17,false)
(19,17,false)
(20,17,false)
(21,17,false)
(22,17,false)
(23,17,false)
(24,17,false)
(25,17,false)
(26,17,false)
(27,17,false)
(28,17,false)
(29,17,false)
(30,17,false)
(31,17,false)
(32,17,false)
(33,17,false)
(34,17,false)
(35,17,false)
(36,17,false)
(37,17,false)
(38,17,false)
(39,17,false)
(57,17,true)
(73,17,true)
(0,18,false)
(1,18,false)
(2,18,false)
(3,18,false)
(4,18,false)
(5,18,false)
(6,18,false)
(7,18,false)
(8,18,false)
(9,18,false)
(10,18,false)
(11,18,false)
(12,18,false)
(13,18,false)
(14,18,false)
(15,18,false)
(16,18,false)
(17,18,false)
(18,18,false)
(19,18,false)
(20,18,false)
(21,18,false)
(22,18,false)
(23,18,false)
(24,18,false)
(25,18,false)
(26,18,false)
(27,18,false)
(28,18,false)
(29,18,false)
(30,18,false)
(31,18,false)
(32,18,false)
(33,18,false)
(34,18,false)
(35,18,false)
(36,18,false)
(37,18,false)
(38,18,false)
(39,18,false)
(58,18,true)
(54,18,true)
(0,19,false)
(1,19,false)
(2,19,false)
(3,19,false)
(4,19,false)
(5,19,false)
(6,19,false)
(7,19,false)
(8,19,false)
(9,19,false)
(10,19,false)
(11,19,false)
(12,19,false)
(13,19,false)
(14,19,false)
(15,19,false)
(16,19,false)
(17,19,false)
(18,19,false)
(19,19,false)
(20,19,false)
(21,19,false)
(22,19,false)
(23,19,false)
(24,19,false)
(25,19,false)
(26,19,false)
(27,19,false)
(28,19,false)
(29,19,false)
(30,19,false)
(31,19,false)
(32,19,false)
(33,19,false)
(34,19,false)
(35,19,false)
(36,19,false)
(37,19,false)
(38,19,false)
(39,19,false)
(59,19,true)
(41,19,true)

0,-1,-1,-1,-1,-1,-1,1,-1,-1,-1,1,-1,-1,-1,-1,-1,1,1,-1,-1,-1,-1,-1,-1,-1,-1,-1,-1,-1,-1,-1,1,-1,-1,-1,-1,-1,-1,-1,-1,-1,-1,-1,-1,-1,-1,-1,1,1,-1,-1,-1,-1,-1,1,-1,-1,-1,-1,-1,-1,-1,-1,-1,-1,-1,-1,-1,-1,-1,-1,-1,-1,-1,-1,-1,1,-1,-1,-1,-1,-1,-1,-1,1,1,-1,-1,-1,1,-1,-1,-1,-1,-1,-1,-1,-1,1,
-1,0,1,-1,-1,-1,1,-1,1,-1,-1,-1,-1,-1,-1,-1,-1,-1,1,-1,-1,-1,-1,-1,1,-1,-1,1,-1,-1,-1,1,-1,-1,-1,-1,-1,-1,-1,-1,-1,-1,-1,1,-1,-1,-1,-1,-1,-1,1,-1,-1,-1,-1,1,-1,-1,-1,-1,-1,-1,-1,-1,-1,-1,-1,-1,-1,-1,-1,-1,-1,-1,-1,-1,-1,-1,-1,-1,-1,-1,-1,1,-1,-1,1,-1,1,-1,-1,-1,-1,-1,-1,-1,-1,-1,-1,-1,
-1,1,0,-1,-1,1,-1,-1,-1,-1,-1,-1,-1,-1,-1,-1,-1,-1,1,-1,-1,-1,-1,1,-1,-1,-1,-1,1,1,-1,-1,1,-1,-1,-1,-1,1,-1,1,-1,-1,-1,-1,-1,-1,-1,-1,-1,-1,-1,1,1,-1,-1,1,-1,-1,-1,-1,-1,-1,-1,1,-1,-1,-1,-1,-1,-1,-1,-1,-1,-1,-1,1,-1,-1,-1,-1,-1,-1,-1,-1,-1,-1,-1,-1,1,-1,-1,-1,-1,-1,-1,-1,-1,-1,-1,-1,
-1,-1,-1,0,-1,1,1,1,-1,-1,-1,-1,-1,-1,-1,-1,-1,-1,-1,-1,-1,-1,-1,-1,-1,-1,1,-1,-1,-1,-1,1,-1,-1,-1,-1,1,-1,-1,-1,-1,1,1,-1,-1,-1,-1,-1,-1,-1,-1,-1,-1,-1,-1,-1,-1,-1,-1,-1,-1,-1,-1,-1,-1,1,1,-1,-1,-1,-1,-1,-1,-1,-1,-1,-1,-1,-1,-1,1,-1,1,-1,-1,1,-1,-1,-1,-1,-1,-1,-1,-1,-1,-1,-1,-1,-1,1,
-1,-1,-1,-1,0,-1,-1,-1,-1,-1,-1,1,-1,-1,-1,-1,1,-1,-1,1,-1,-1,-1,-1,-1,1,-1,-1,-1,-1,-1,-1,-1,1,-1,1,-1,-1,-1,1,-1,-1,-1,-1,-1,1,-1,-1,1,-1,1,-1,-1,-1,-1,-1,-1,-1,-1,-1,-1,-1,-1,-1,-1,1,-1,-1,-1,1,-1,-1,-1,-1,-1,-1,1,-1,1,-1,-1,-1,-1,-1,-1,1,-1,-1,1,-1,-1,1,-1,-1,-1,-1,-1,-1,-1,-1,
-1,-1,1,1,-1,0,-1,-1,1,1,-1,-1,-1,-1,-1,1,-1,-1,-1,1,-1,-1,-1,-1,-1,-1,-1,1,-1,-1,1,-1,-1,-1,-1,-1,-1,-1,-1,-1,-1,-1,1,-1,-1,-1,-1,-1,-1,-1,1,-1,-1,-1,-1,-1,-1,-1,1,-1,-1,1,1,-1,-1,-1,-1,-1,-1,-1,-1,-1,-1,-1,-1,-1,-1,-1,-1,-1,-1,-1,-1,-1,-1,-1,-1,-1,-1,-1,-1,-1,-1,-1,-1,-1,-1,-1,-1,-1,
-1,1,-1,1,-1,-1,0,-1,-1,-1,1,-1,-1,-1,-1,1,-1,-1,-1,-1,-1,-1,-1,-1,-1,-1,-1,-1,-1,-1,1,-1,-1,1,1,-1,-1,1,-1,-1,-1,-1,-1,-1,-1,1,-1,-1,-1,-1,-1,-1,-1,-1,1,-1,-1,-1,-1,-1,-1,-1,-1,-1,1,-1,-1,-1,-1,-1,-1,-1,-1,-1,-1,-1,-1,-1,-1,-1,1,-1,-1,-1,1,-1,-1,-1,-1,-1,-1,-1,-1,-1,-1,-1,-1,-1,-1,-1,
1,-1,-1,1,-1,-1,-1,0,-1,1,-1,-1,-1,-1,1,-1,-1,-1,-1,-1,1,-1,-1,-1,-1,1,-1,1,-1,-1,1,-1,-1,-1,-1,-1,1,-1,-1,-1,-1,-1,-1,-1,-1,-1,-1,-1,-1,-1,-1,-1,-1,-1,-1,-1,-1,-1,-1,-1,-1,-1,-1,-1,1,1,-1,-1,-1,-1,1,-1,-1,-1,-1,-1,-1,-1,-1,-1,-1,-1,-1,-1,-1,-1,-1,-1,-1,-1,-1,-1,-1,-1,-1,-1,-1,-1,-1,-1,
-1,1,-1,-1,-1,1,-1,-1,0,1,-1,1,-1,-1,-1,-1,-1,-1,-1,-1,-1,1,-1,-1,-1,-1,-1,1,1,-1,-1,-1,-1,-1,-1,-1,1,-1,-1,-1,-1,-1,-1,-1,-1,-1,-1,-1,1,-1,-1,-1,-1,-1,-1,-1,-1,1,-1,-1,-1,-1,-1,-1,-1,-1,-1,-1,-1,-1,-1,-1,-1,-1,-1,1,-1,-1,-1,-1,-1,-1,1,-1,-1,-1,-1,-1,-1,1,-1,-1,-1,-1,-1,-1,-1,1,-1,-1,
-1,-1,-1,-1,-1,1,-1,1,1,0,-1,-1,1,-1,-1,-1,-1,-1,-1,-1,-1,-1,-1,1,-1,-1,-1,-1,1,1,1,1,-1,-1,1,-1,1,-1,-1,-1,1,-1,-1,-1,-1,-1,-1,-1,-1,-1,-1,-1,-1,-1,-1,-1,-1,-1,-1,-1,-1,1,-1,-1,-1,-1,-1,-1,-1,-1,-1,-1,-1,-1,-1,-1,-1,1,-1,-1,-1,-1,-1,-1,-1,-1,-1,-1,-1,-1,-1,-1,-1,-1,-1,-1,1,-1,-1,-1,
-1,-1,-1,-1,-1,-1,1,-1,-1,-1,0,1,-1,-1,-1,-1,-1,-1,1,-1,-1,-1,-1,-1,-1,-1,-1,1,1,1,1,-1,-1,-1,-1,-1,-1,-1,-1,-1,1,-1,-1,-1,1,-1,-1,-1,-1,-1,-1,-1,-1,-1,-1,1,-1,-1,1,-1,-1,-1,-1,-1,-1,-1,-1,-1,-1,1,1,-1,-1,-1,1,-1,-1,-1,-1,-1,-1,-1,-1,-1,-1,-1,-1,-1,-1,-1,-1,-1,-1,1,-1,-1,-1,-1,-1,-1,
1,-1,-1,-1,1,-1,-1,-1,1,-1,1,0,-1,-1,-1,-1,-1,-1,-1,-1,-1,-1,-1,-1,-1,-1,-1,-1,-1,-1,-1,-1,1,-1,-1,-1,-1,-1,1,-1,-1,-1,-1,-1,-1,-1,-1,-1,-1,-1,-1,-1,1,-1,-1,-1,-1,-1,-1,-1,-1,-1,-1,1,-1,-1,-1,-1,-1,-1,-1,-1,-1,-1,-1,-1,-1,-1,-1,-1,-1,-1,-1,-1,-1,-1,-1,-1,-1,-1,1,-1,-1,-1,-1,-1,-1,1,-1,-1,
-1,-1,-1,-1,-1,-1,-1,-1,-1,1,-1,-1,0,-1,-1,-1,-1,-1,-1,-1,1,-1,-1,-1,-1,-1,-1,-1,-1,1,-1,-1,-1,1,-1,-1,-1,-1,-1,-1,-1,-1,-1,-1,1,-1,1,-1,-1,1,-1,-1,-1,-1,-1,-1,-1,-1,-1,1,-1,-1,-1,-1,-1,-1,-1,-1,-1,-1,-1,-1,-1,-1,1,-1,-1,-1,-1,-1,-1,-1,-1,-1,-1,-1,-1,-1,-1,-1,-1,-1,-1,-1,-1,-1,-1,-1,1,1,
-1,-1,-1,-1,-1,-1,-1,-1,-1,-1,-1,-1,-1,0,-1,-1,1,1,-1,-1,-1,-1,-1,-1,-1,-1,-1,-1,-1,-1,-1,-1,-1,1,1,-1,-1,-1,1,-1,1,-1,1,-1,-1,-1,-1,-1,-1,-1,-1,-1,-1,-1,-1,-1,-1,-1,-1,-1,-1,-1,-1,-1,-1,1,-1,-1,-1,-1,-1,-1,-1,1,-1,-1,-1,-1,-1,1,-1,-1,-1,-1,-1,-1,1,-1,-1,-1,-1,-1,-1,-1,-1,-1,-1,-1,-1,-1,
-1,-1,-1,-1,-1,-1,-1,1,-1,-1,-1,-1,-1,-1,0,-1,-1,-1,-1,-1,-1,-1,-1,1,-1,-1,1,-1,1,-1,-1,-1,-1,-1,-1,-1,-1,-1,-1,-1,-1,-1,-1,-1,-1,-1,-1,-1,-1,-1,1,-1,-1,-1,1,-1,-1,-1,-1,-1,-1,-1,-1,-1,-1,-1,-1,-1,-1,1,-1,-1,1,-1,-1,1,-1,-1,-1,-1,-1,-1,-1,1,1,-1,-1,-1,-1,-1,-1,-1,-1,-1,-1,1,-1,-1,-1,-1,
-1,-1,-1,-1,-1,1,1,-1,-1,-1,-1,-1,-1,-1,-1,0,-1,1,-1,1,-1,-1,-1,-1,-1,-1,-1,-1,-1,-1,-1,-1,-1,-1,-1,-1,-1,1,-1,-1,-1,-1,-1,-1,-1,-1,-1,1,-1,-1,-1,-1,-1,1,-1,-1,-1,-1,-1,-1,-1,-1,-1,-1,-1,-1,-1,-1,-1,1,-1,-1,1,-1,-1,-1,-1,-1,-1,-1,-1,-1,-1,1,-1,-1,-1,1,-1,-1,-1,-1,-1,-1,-1,-1,1,-1,-1,-1,
-1,-1,-1,-1,1,-1,-1,-1,-1,-1,-1,-1,-1,1,-1,-1,0,-1,-1,-1,-1,1,-1,-1,-1,-1,1,-1,-1,-1,-1,-1,-1,-1,1,-1,-1,1,-1,-1,-1,-1,-1,-1,-1,1,-1,-1,1,-1,-1,-1,-1,-1,-1,-1,-1,-1,-1,-1,-1,-1,-1,-1,-1,-1,-1,-1,-1,-1,-1,-1,-1,-1,-1,-1,-1,-1,-1,1,-1,-1,-1,1,-1,-1,-1,-1,1,-1,-1,-1,-1,-1,-1,-1,-1,-1,-1,-1,
1,-1,-1,-1,-1,-1,-1,-1,-1,-1,-1,-1,-1,1,-1,1,-1,0,-1,-1,-1,-1,-1,-1,-1,-1,-1,-1,-1,-1,-1,-1,-1,-1,-1,-1,-1,-1,-1,-1,-1,1,1,-1,-1,-1,-1,-1,-1,1,1,-1,-1,-1,-1,-1,-1,-1,-1,-1,-1,-1,-1,-1,-1,-1,-1,1,-1,-1,-1,1,-1,-1,-1,-1,-1,1,-1,-1,-1,-1,-1,-1,1,-1,-1,-1,-1,-1,-1,-1,-1,-1,-1,-1,-1,-1,-1,-1,
1,1,1,-1,-1,-1,-1,-1,-1,-1,1,-1,-1,-1,-1,-1,-1,-1,0,-1,-1,-1,-1,-1,1,-1,-1,-1,-1,-1,-1,-1,-1,-1,-1,-1,-1,-1,-1,-1,-1,-1,-1,-1,-1,-1,-1,-1,-1,-1,-1,1,-1,-1,-1,-1,-1,-1,-1,-1,-1,-1,-1,-1,-1,-1,-1,-1,-1,-1,1,-1,-1,1,-1,-1,-1,-1,-1,-1,-1,-1,-1,-1,-1,-1,-1,-1,-1,-1,1,-1,-1,-1,-1,1,-1,-1,-1,-1,
-1,-1,-1,-1,1,1,-1,-1,-1,-1,-1,-1,-1,-1,-1,1,-1,-1,-1,0,-1,-1,-1,-1,-1,-1,-1,-1,-1,1,-1,-1,-1,-1,-1,-1,-1,1,-1,-1,-1,-1,-1,-1,-1,-1,-1,-1,1,-1,-1,-1,-1,-1,-1,-1,1,-1,-1,-1,-1,-1,-1,-1,-1,-1,-1,-1,-1,-1,-1,1,-1,-1,-1,-1,-1,-1,1,-1,-1,-1,-1,-1,-1,-1,-1,-1,-1,-1,-1,-1,-1,-1,-1,-1,-1,1,-1,-1,
-1,-1,-1,-1,-1,-1,-1,1,-1,-1,-1,-1,1,-1,-1,-1,-1,-1,-1,-1,0,-1,1,-1,-1,-1,-1,-1,1,-1,-1,-1,1,-1,-1,-1,-1,-1,-1,1,1,-1,-1,-1,-1,-1,1,-1,-1,-1,-1,-1,-1,-1,-1,-1,-1,-1,1,1,-1,-1,-1,-1,-1,-1,-1,-1,-1,-1,-1,-1,-1,-1,-1,1,-1,-1,-1,-1,-1,-1,-1,-1,-1,-1,-1,-1,-1,-1,-1,-1,1,-1,-1,-1,-1,-1,-1,-1,
-1,-1,-1,-1,-1,-1,-1,-1,1,-1,-1,-1,-1,-1,-1,-1,1,-1,-1,-1,-1,0,-1,-1,1,-1,-1,-1,-1,-1,1,-1,-1,-1,-1,-1,-1,-1,1,-1,-1,1,-1,-1,-1,-1,-1,1,-1,-1,-1,-1,-1,-1,-1,-1,-1,-1,-1,1,-1,-1,-1,-1,1,-1,-1,-1,-1,-1,-1,-1,-1,-1,1,-1,-1,1,-1,-1,-1,-1,-1,-1,-1,-1,-1,-1,-1,-1,-1,-1,-1,-1,-1,-1,-1,-1,-1,-1,
-1,-1,-1,-1,-1,-1,-1,-1,-1,-1,-1,-1,-1,-1,-1,-1,-1,-1,-1,-1,1,-1,0,-1,-1,-1,-1,-1,-1,1,-1,1,-1,-1,-1,1,-1,-1,-1,-1,-1,-1,-1,-1,1,-1,-1,-1,-1,-1,-1,1,-1,-1,1,-1,1,-1,-1,-1,-1,-1,-1,-1,-1,-1,1,-1,-1,1,-1,-1,-1,-1,-1,-1,-1,-1,-1,-1,-1,-1,-1,-1,-1,-1,1,-1,-1,-1,-1,-1,-1,-1,-1,-1,-1,-1,-1,-1,
-1,-1,1,-1,-1,-1,-1,-1,-1,1,-1,-1,-1,-1,1,-1,-1,-1,-1,-1,-1,-1,-1,0,-1,-1,-1,1,-1,-1,-1,-1,1,-1,1,-1,-1,-1,-1,1,-1,-1,1,-1,-1,-1,-1,-1,-1,-1,-1,-1,-1,-1,-1,1,-1,-1,-1,-1,-1,-1,-1,-1,-1,-1,-1,-1,-1,-1,-1,-1,-1,-1,-1,-1,-1,-1,-1,-1,-1,1,-1,-1,-1,-1,-1,-1,-1,-1,-1,-1,-1,-1,-1,-1,1,1,-1,-1,
-1,1,-1,-1,-1,-1,-1,-1,-1,-1,-1,-1,-1,-1,-1,-1,-1,-1,1,-1,-1,1,-1,-1,0,-1,-1,-1,-1,-1,1,-1,-1,-1,-1,-1,-1,-1,-1,1,-1,-1,-1,-1,-1,-1,-1,-1,-1,-1,-1,-1,-1,-1,1,1,-1,-1,-1,1,-1,-1,-1,-1,-1,-1,-1,-1,-1,-1,-1,-1,-1,-1,-1,1,-1,-1,-1,-1,-1,-1,-1,-1,-1,-1,1,-1,-1,-1,-1,-1,-1,-1,-1,-1,-1,-1,-1,-1,
-1,-1,-1,-1,1,-1,-1,1,-1,-1,-1,-1,-1,-1,-1,-1,-1,-1,-1,-1,-1,-1,-1,-1,-1,0,-1,-1,-1,1,-1,-1,-1,1,-1,-1,-1,-1,-1,-1,-1,-1,-1,-1,-1,-1,-1,-1,-1,1,-1,-1,-1,-1,1,-1,-1,-1,-1,-1,-1,-1,-1,-1,-1,-1,-1,-1,-1,1,-1,-1,-1,-1,-1,-1,-1,-1,-1,-1,-1,-1,1,-1,-1,-1,-1,-1,-1,-1,-1,-1,1,-1,-1,-1,-1,-1,-1,1,
-1,-1,-1,1,-1,-1,-1,-1,-1,-1,-1,-1,-1,-1,1,-1,1,-1,-1,-1,-1,-1,-1,-1,-1,-1,0,-1,-1,1,-1,-1,-1,-1,-1,-1,-1,-1,1,1,-1,-1,-1,-1,-1,-1,-1,-1,-1,-1,-1,-1,-1,-1,-1,-1,-1,-1,-1,-1,1,-1,1,-1,-1,-1,-1,1,-1,-1,-1,-1,-1,-1,-1,1,-1,-1,-1,-1,-1,-1,-1,-1,-1,-1,-1,-1,-1,-1,-1,-1,-1,-1,-1,-1,-1,-1,-1,-1,
-1,1,-1,-1,-1,1,-1,1,1,-1,1,-1,-1,-1,-1,-1,-1,-1,-1,-1,-1,-1,-1,1,-1,-1,-1,0,-1,-1,1,-1,-1,-1,-1,-1,-1,-1,-1,1,-1,-1,-1,-1,-1,-1,1,-1,-1,-1,-1,-1,-1,-1,-1,-1,-1,-1,-1,-1,-1,-1,1,-1,-1,-1,-1,-1,-1,-1,-1,-1,-1,-1,-1,-1,-1,-1,-1,-1,-1,-1,-1,-1,-1,-1,-1,1,-1,-1,-1,-1,-1,-1,-1,-1,-1,-1,-1,-1,
-1,-1,1,-1,-1,-1,-1,-1,1,1,1,-1,-1,-1,1,-1,-1,-1,-1,-1,1,-1,-1,-1,-1,-1,-1,-1,0,-1,-1,-1,-1,-1,-1,-1,-1,-1,1,1,-1,-1,-1,-1,-1,-1,-1,-1,-1,-1,-1,-1,-1,-1,-1,-1,-1,-1,-1,-1,-1,-1,-1,1,-1,-1,-1,-1,-1,-1,-1,-1,-1,-1,-1,-1,-1,-1,1,-1,-1,-1,-1,-1,-1,-1,-1,-1,-1,-1,-1,-1,-1,-1,-1,-1,-1,-1,-1,-1,
-1,-1,1,-1,-1,-1,-1,-1,-1,1,1,-1,1,-1,-1,-1,-1,-1,-1,1,-1,-1,1,-1,-1,1,1,-1,-1,0,-1,-1,-1,-1,-1,1,-1,-1,-1,-1,-1,-1,-1,-1,-1,-1,-1,-1,-1,-1,-1,-1,1,-1,-1,-1,-1,-1,-1,-1,-1,-1,-1,-1,-1,-1,-1,-1,-1,-1,-1,-1,-1,-1,-1,-1,-1,-1,-1,1,-1,-1,-1,-1,-1,-1,-1,-1,-1,-1,-1,-1,-1,-1,-1,-1,-1,-1,-1,-1,
-1,-1,-1,-1,-1,1,1,1,-1,1,1,-1,-1,-1,-1,-1,-1,-1,-1,-1,-1,1,-1,-1,1,-1,-1,1,-1,-1,0,-1,-1,-1,-1,-1,-1,-1,-1,-1,-1,-1,-1,-1,-1,-1,-1,-1,-1,-1,-1,-1,-1,-1,-1,-1,-1,-1,-1,-1,-1,-1,-1,-1,-1,1,-1,-1,-1,-1,-1,-1,-1,-1,-1,-1,-1,-1,-1,-1,-1,-1,-1,-1,-1,-1,-1,-1,-1,-1,-1,-1,-1,-1,-1,-1,-1,1,-1,-1,
-1,1,-1,1,-1,-1,-1,-1,-1,1,-1,-1,-1,-1,-1,-1,-1,-1,-1,-1,-1,-1,1,-1,-1,-1,-1,-1,-1,-1,-1,0,-1,-1,-1,1,1,-1,-1,-1,-1,-1,-1,-1,-1,-1,1,1,-1,-1,-1,1,-1,-1,-1,-1,-1,-1,-1,-1,-1,-1,-1,-1,-1,-1,-1,-1,-1,-1,-1,-1,-1,-1,-1,-1,-1,-1,-1,-1,-1,-1,-1,-1,-1,-1,-1,-1,-1,-1,-1,-1,1,-1,-1,-1,-1,-1,-1,-1,
1,-1,1,-1,-1,-1,-1,-1,-1,-1,-1,1,-1,-1,-1,-1,-1,-1,-1,-1,1,-1,-1,1,-1,-1,-1,-1,-1,-1,-1,-1,0,-1,-1,-1,-1,-1,-1,-1,-1,-1,-1,-1,-1,-1,-1,-1,-1,-1,-1,-1,-1,-1,-1,-1,-1,-1,-1,-1,-1,-1,-1,-1,-1,-1,1,-1,-1,-1,-1,-1,-1,1,-1,-1,1,-1,-1,-1,-1,-1,-1,-1,1,-1,-1,-1,-1,-1,1,-1,-1,-1,-1,-1,-1,-1,-1,-1,
-1,-1,-1,-1,1,-1,1,-1,-1,-1,-1,-1,1,1,-1,-1,-1,-1,-1,-1,-1,-1,-1,-1,-1,1,-1,-1,-1,-1,-1,-1,-1,0,1,-1,-1,-1,-1,-1,-1,1,-1,-1,-1,-1,-1,-1,-1,-1,-1,-1,-1,-1,-1,-1,-1,-1,-1,-1,-1,-1,-1,-1,1,-1,-1,-1,-1,-1,-1,-1,-1,-1,1,-1,-1,-1,-1,-1,-1,-1,-1,-1,-1,-1,-1,1,-1,-1,-1,-1,-1,-1,-1,-1,-1,-1,-1,-1,
-1,-1,-1,-1,-1,-1,1,-1,-1,1,-1,-1,-1,1,-1,-1,1,-1,-1,-1,-1,-1,-1,1,-1,-1,-1,-1,-1,-1,-1,-1,-1,1,0,-1,-1,1,-1,-1,-1,-1,-1,-1,-1,-1,-1,-1,-1,-1,-1,-1,-1,-1,-1,1,-1,-1,-1,-1,-1,-1,-1,-1,-1,-1,1,-1,-1,-1,-1,-1,-1,-1,-1,-1,-1,-1,-1,-1,-1,-1,-1,-1,-1,-1,-1,1,-1,-1,-1,-1,-1,-1,-1,-1,-1,-1,-1,-1,
-1,-1,-1,-1,1,-1,-1,-1,-1,-1,-1,-1,-1,-1,-1,-1,-1,-1,-1,-1,-1,-1,1,-1,-1,-1,-1,-1,-1,1,-1,1,-1,-1,-1,0,-1,-1,-1,1,-1,-1,-1,-1,-1,-1,-1,-1,-1,-1,-1,-1,-1,-1,-1,-1,-1,-1,-1,-1,-1,-1,-1,-1,-1,1,-1,1,-1,-1,-1,-1,-1,-1,-1,-1,-1,-1,-1,-1,-1,-1,-1,-1,1,-1,-1,-1,-1,-1,-1,-1,-1,-1,1,1,-1,-1,-1,-1,
-1,-1,-1,1,-1,-1,-1,1,1,1,-1,-1,-1,-1,-1,-1,-1,-1,-1,-1,-1,-1,-1,-1,-1,-1,-1,-1,-1,-1,-1,1,-1,-1,-1,-1,0,-1,1,-1,-1,-1,-1,-1,-1,-1,-1,-1,-1,-1,-1,-1,-1,-1,-1,-1,-1,-1,-1,-1,-1,-1,-1,-1,-1,-1,1,1,-1,-1,-1,-1,-1,-1,-1,-1,-1,-1,-1,-1,-1,1,-1,-1,-1,-1,-1,-1,-1,-1,-1,-1,-1,-1,-1,-1,-1,-1,1,-1,
-1,-1,1,-1,-1,-1,1,-1,-1,-1,-1,-1,-1,-1,-1,1,1,-1,-1,1,-1,-1,-1,-1,-1,-1,-1,-1,-1,-1,-1,-1,-1,-1,1,-1,-1,0,1,-1,-1,-1,-1,-1,-1,-1,-1,-1,-1,1,-1,-1,-1,-1,-1,-1,-1,-1,1,-1,-1,-1,-1,-1,-1,-1,-1,-1,-1,-1,-1,-1,-1,-1,-1,-1,-1,-1,-1,-1,-1,-1,-1,-1,-1,-1,-1,-1,-1,-1,-1,-1,-1,-1,-1,-1,1,-1,-1,-1,
-1,-1,-1,-1,-1,-1,-1,-1,-1,-1,-1,1,-1,1,-1,-1,-1,-1,-1,-1,-1,1,-1,-1,-1,-1,1,-1,1,-1,-1,-1,-1,-1,-1,-1,1,1,0,-1,-1,-1,-1,-1,-1,-1,-1,-1,-1,-1,-1,1,-1,-1,1,-1,-1,-1,-1,-1,-1,-1,-1,-1,-1,-1,-1,-1,-1,1,-1,-1,-1,-1,-1,-1,-1,-1,-1,-1,-1,-1,-1,-1,-1,-1,-1,-1,-1,-1,-1,-1,-1,-1,-1,-1,-1,-1,-1,-1,
-1,-1,1,-1,1,-1,-1,-1,-1,-1,-1,-1,-1,-1,-1,-1,-1,-1,-1,-1,1,-1,-1,1,1,-1,1,1,1,-1,-1,-1,-1,-1,-1,1,-1,-1,-1,0,-1,-1,1,-1,-1,-1,-1,-1,-1,-1,-1,-1,-1,-1,-1,-1,-1,-1,-1,-1,-1,-1,-1,-1,-1,-1,-1,-1,-1,-1,-1,-1,-1,-1,-1,-1,-1,-1,-1,-1,-1,-1,-1,-1,-1,-1,-1,-1,-1,-1,-1,-1,-1,-1,-1,-1,-1,-1,-1,-1,
-1,-1,-1,-1,-1,-1,-1,-1,-1,1,1,-1,-1,1,-1,-1,-1,-1,-1,-1,1,-1,-1,-1,-1,-1,-1,-1,-1,-1,-1,-1,-1,-1,-1,-1,-1,-1,-1,-1,0,-1,-1,-1,-1,-1,-1,-1,-1,-1,-1,-1,-1,-1,-1,-1,-1,-1,-1,-1,-1,-1,-1,-1,-1,-1,-1,-1,-1,-1,-1,1,-1,1,-1,-1,-1,-1,-1,-1,-1,-1,-1,-1,1,1,-1,-1,-1,-1,-1,1,-1,-1,1,-1,-1,-1,-1,-1,
-1,-1,-1,1,-1,-1,-1,-1,-1,-1,-1,-1,-1,-1,-1,-1,-1,1,-1,-1,-1,1,-1,-1,-1,-1,-1,-1,-1,-1,-1,-1,-1,1,-1,-1,-1,-1,-1,-1,-1,0,-1,-1,-1,-1,-1,-1,-1,-1,-1,-1,-1,-1,-1,-1,-1,1,-1,-1,1,-1,-1,-1,-1,-1,1,-1,-1,-1,1,-1,-1,-1,-1,-1,-1,-1,-1,1,-1,-1,-1,-1,-1,-1,-1,-1,-1,-1,-1,-1,-1,-1,-1,-1,-1,1,-1,-1,
-1,-1,-1,1,-1,1,-1,-1,-1,-1,-1,-1,-1,1,-1,-1,-1,1,-1,-1,-1,-1,-1,1,-1,-1,-1,-1,-1,-1,-1,-1,-1,-1,-1,-1,-1,-1,-1,1,-1,-1,0,-1,-1,1,-1,-1,-1,-1,-1,-1,-1,-1,-1,-1,-1,-1,-1,-1,-1,-1,-1,-1,-1,-1,-1,-1,-1,-1,-1,-1,-1,-1,-1,1,-1,-1,-1,-1,-1,-1,-1,-1,-1,1,-1,-1,-1,-1,-1,-1,-1,-1,1,-1,-1,-1,-1,-1,
-1,1,-1,-1,-1,-1,-1,-1,-1,-1,-1,-1,-1,-1,-1,-1,-1,-1,-1,-1,-1,-1,-1,-1,-1,-1,-1,-1,-1,-1,-1,-1,-1,-1,-1,-1,-1,-1,-1,-1,-1,-1,-1,0,-1,-1,-1,-1,-1,-1,-1,-1,-1,-1,-1,-1,-1,-1,-1,-1,-1,-1,-1,-1,-1,-1,-1,-1,-1,1,-1,-1,-1,-1,-1,-1,-1,-1,-1,-1,-1,-1,-1,-1,-1,-1,-1,-1,-1,-1,-1,-1,-1,-1,-1,-1,-1,-1,-1,-1,
-1,-1,-1,-1,-1,-1,-1,-1,-1,-1,1,-1,1,-1,-1,-1,-1,-1,-1,-1,-1,-1,1,-1,-1,-1,-1,-1,-1,-1,-1,-1,-1,-1,-1,-1,-1,-1,-1,-1,-1,-1,-1,-1,0,-1,-1,-1,-1,-1,-1,-1,-1,-1,-1,-1,-1,-1,-1,-1,-1,-1,-1,-1,-1,-1,-1,-1,-1,-1,-1,-1,-1,-1,-1,-1,-1,-1,-1,-1,-1,-1,-1,-1,-1,-1,-1,-1,-1,-1,-1,-1,-1,-1,-1,-1,-1,-1,-1,-1,
-1,-1,-1,-1,1,-1,1,-1,-1,-1,-1,-1,-1,-1,-1,-1,1,-1,-1,-1,-1,-1,-1,-1,-1,-1,-1,-1,-1,-1,-1,-1,-1,-1,-1,-1,-1,-1,-1,-1,-1,-1,1,-1,-1,0,-1,-1,-1,-1,-1,-1,-1,-1,-1,-1,-1,-1,-1,-1,-1,-1,-1,-1,-1,-1,-1,-1,-1,-1,-1,-1,-1,-1,-1,-1,-1,-1,-1,-1,-1,-1,-1,-1,-1,-1,-1,-1,-1,-1,-1,-1,-1,-1,-1,-1,-1,-1,-1,-1,
-1,-1,-1,-1,-1,-1,-1,-1,-1,-1,-1,-1,1,-1,-1,-1,-1,-1,-1,-1,1,-1,-1,-1,-1,-1,-1,1,-1,-1,-1,1,-1,-1,-1,-1,-1,-1,-1,-1,-1,-1,-1,-1,-1,-1,0,-1,-1,-1,-1,-1,-1,-1,-1,-1,-1,-1,-1,-1,-1,-1,-1,-1,-1,-1,-1,-1,-1,-1,-1,-1,-1,-1,-1,-1,-1,-1,-1,-1,-1,-1,-1,-1,-1,-1,-1,-1,-1,-1,-1,-1,-1,-1,-1,-1,-1,-1,-1,-1,
-1,-1,-1,-1,-1,-1,-1,-1,-1,-1,-1,-1,-1,-1,-1,1,-1,-1,-1,-1,-1,1,-1,-1,-1,-1,-1,-1,-1,-1,-1,1,-1,-1,-1,-1,-1,-1,-1,-1,-1,-1,-1,-1,-1,-1,-1,0,-1,-1,-1,-1,-1,-1,-1,-1,-1,-1,-1,-1,-1,-1,-1,-1,-1,-1,-1,-1,-1,-1,-1,-1,-1,-1,-1,-1,-1,-1,-1,-1,-1,-1,-1,-1,-1,-1,-1,-1,-1,-1,-1,-1,-1,-1,-1,-1,-1,-1,-1,-1,
1,-1,-1,-1,1,-1,-1,-1,1,-1,-1,-1,-1,-1,-1,-1,1,-1,-1,1,-1,-1,-1,-1,-1,-1,-1,-1,-1,-1,-1,-1,-1,-1,-1,-1,-1,-1,-1,-1,-1,-1,-1,-1,-1,-1,-1,-1,0,-1,-1,-1,-1,-1,-1,-1,-1,-1,-1,-1,-1,-1,-1,-1,-1,-1,-1,-1,-1,-1,-1,-1,-1,-1,-1,-1,-1,-1,-1,-1,-1,-1,-1,-1,-1,-1,-1,-1,-1,-1,-1,-1,-1,-1,-1,-1,-1,-1,-1,-1,
1,-1,-1,-1,-1,-1,-1,-1,-1,-1,-1,-1,1,-1,-1,-1,-1,1,-1,-1,-1,-1,-1,-1,-1,1,-1,-1,-1,-1,-1,-1,-1,-1,-1,-1,-1,1,-1,-1,-1,-1,-1,-1,-1,-1,-1,-1,-1,0,-1,-1,-1,-1,-1,-1,-1,-1,-1,-1,-1,-1,-1,-1,-1,-1,-1,-1,-1,-1,-1,-1,-1,-1,-1,-1,-1,-1,-1,-1,-1,-1,-1,-1,-1,-1,-1,-1,-1,-1,-1,-1,-1,-1,-1,-1,-1,-1,-1,-1,
-1,1,-1,-1,1,1,-1,-1,-1,-1,-1,-1,-1,-1,1,-1,-1,1,-1,-1,-1,-1,-1,-1,-1,-1,-1,-1,-1,-1,-1,-1,-1,-1,-1,-1,-1,-1,-1,-1,-1,-1,-1,-1,-1,-1,-1,-1,-1,-1,0,-1,-1,1,-1,-1,-1,-1,-1,-1,-1,-1,-1,-1,-1,-1,-1,-1,1,-1,-1,-1,-1,-1,-1,-1,-1,-1,-1,-1,-1,-1,-1,-1,-1,-1,-1,-1,-1,-1,-1,-1,-1,-1,-1,-1,-1,-1,-1,-1,
-1,-1,1,-1,-1,-1,-1,-1,-1,-1,-1,-1,-1,-1,-1,-1,-1,-1,1,-1,-1,-1,1,-1,-1,-1,-1,-1,-1,-1,-1,1,-1,-1,-1,-1,-1,-1,1,-1,-1,-1,-1,-1,-1,-1,-1,-1,-1,-1,-1,0,-1,-1,-1,-1,-1,-1,-1,-1,-1,-1,-1,-1,-1,-1,-1,-1,1,-1,-1,-1,-1,-1,-1,-1,-1,-1,-1,-1,-1,-1,-1,-1,-1,-1,-1,-1,-1,-1,-1,-1,-1,-1,-1,-1,-1,-1,-1,-1,
-1,-1,1,-1,-1,-1,-1,-1,-1,-1,-1,1,-1,-1,-1,-1,-1,-1,-1,-1,-1,-1,-1,-1,-1,-1,-1,-1,-1,1,-1,-1,-1,-1,-1,-1,-1,-1,-1,-1,-1,-1,-1,-1,-1,-1,-1,-1,-1,-1,-1,-1,0,-1,-1,-1,-1,-1,-1,-1,-1,-1,-1,-1,-1,-1,-1,-1,-1,-1,-1,-1,-1,-1,-1,-1,-1,-1,-1,-1,-1,-1,-1,-1,-1,-1,-1,-1,-1,-1,-1,-1,-1,-1,-1,-1,-1,-1,-1,-1,
-1,-1,-1,-1,-1,-1,-1,-1,-1,-1,-1,-1,-1,-1,-1,1,-1,-1,-1,-1,-1,-1,-1,-1,-1,-1,-1,-1,-1,-1,-1,-1,-1,-1,-1,-1,-1,-1,-1,-1,-1,-1,-1,-1,-1,-1,-1,-1,-1,-1,1,-1,-1,0,-1,-1,-1,-1,-1,-1,-1,-1,-1,-1,-1,-1,-1,-1,-1,-1,-1,-1,-1,-1,-1,-1,-1,-1,-1,-1,-1,-1,-1,-1,-1,-1,-1,-1,-1,-1,-1,-1,-1,-1,-1,-1,-1,-1,-1,-1,
-1,-1,-1,-1,-1,-1,1,-1,-1,-1,-1,-1,-1,-1,1,-1,-1,-1,-1,-1,-1,-1,1,-1,1,1,-1,-1,-1,-1,-1,-1,-1,-1,-1,-1,-1,-1,1,-1,-1,-1,-1,-1,-1,-1,-1,-1,-1,-1,-1,-1,-1,-1,0,-1,-1,-1,-1,-1,-1,-1,-1,-1,-1,-1,-1,-1,-1,-1,-1,-1,-1,-1,-1,-1,-1,-1,-1,-1,-1,-1,-1,-1,-1,-1,-1,-1,-1,-1,-1,-1,-1,-1,-1,-1,-1,-1,-1,-1,
1,1,1,-1,-1,-1,-1,-1,-1,-1,1,-1,-1,-1,-1,-1,-1,-1,-1,-1,-1,-1,-1,1,1,-1,-1,-1,-1,-1,-1,-1,-1,-1,1,-1,-1,-1,-1,-1,-1,-1,-1,-1,-1,-1,-1,-1,-1,-1,-1,-1,-1,-1,-1,0,-1,-1,-1,-1,-1,-1,-1,-1,-1,-1,-1,-1,-1,-1,-1,-1,-1,-1,-1,-1,-1,-1,-1,-1,-1,-1,-1,-1,-1,-1,-1,-1,-1,-1,-1,-1,-1,-1,-1,-1,-1,-1,-1,-1,
-1,-1,-1,-1,-1,-1,-1,-1,-1,-1,-1,-1,-1,-1,-1,-1,-1,-1,-1,1,-1,-1,1,-1,-1,-1,-1,-1,-1,-1,-1,-1,-1,-1,-1,-1,-1,-1,-1,-1,-1,-1,-1,-1,-1,-1,-1,-1,-1,-1,-1,-1,-1,-1,-1,-1,0,-1,-1,-1,-1,-1,-1,-1,-1,-1,-1,-1,-1,-1,-1,-1,-1,-1,-1,-1,-1,-1,-1,-1,-1,-1,-1,-1,-1,-1,-1,-1,-1,-1,-1,-1,-1,-1,-1,-1,-1,-1,-1,-1,
-1,-1,-1,-1,-1,-1,-1,-1,1,-1,-1,-1,-1,-1,-1,-1,-1,-1,-1,-1,-1,-1,-1,-1,-1,-1,-1,-1,-1,-1,-1,-1,-1,-1,-1,-1,-1,-1,-1,-1,-1,1,-1,-1,-1,-1,-1,-1,-1,-1,-1,-1,-1,-1,-1,-1,-1,0,-1,-1,-1,-1,-1,-1,-1,-1,-1,-1,-1,-1,-1,-1,-1,-1,-1,-1,-1,-1,-1,-1,-1,-1,-1,-1,-1,-1,-1,-1,-1,-1,-1,-1,-1,-1,-1,-1,-1,-1,-1,-1,
-1,-1,-1,-1,-1,1,-1,-1,-1,-1,1,-1,-1,-1,-1,-1,-1,-1,-1,-1,1,-1,-1,-1,-1,-1,-1,-1,-1,-1,-1,-1,-1,-1,-1,-1,-1,1,-1,-1,-1,-1,-1,-1,-1,-1,-1,-1,-1,-1,-1,-1,-1,-1,-1,-1,-1,-1,0,-1,-1,-1,-1,-1,-1,-1,-1,-1,-1,-1,-1,-1,-1,-1,-1,-1,-1,-1,-1,-1,-1,-1,-1,-1,-1,-1,-1,-1,-1,-1,-1,-1,-1,-1,-1,-1,-1,-1,-1,-1,
-1,-1,-1,-1,-1,-1,-1,-1,-1,-1,-1,-1,1,-1,-1,-1,-1,-1,-1,-1,1,1,-1,-1,1,-1,-1,-1,-1,-1,-1,-1,-1,-1,-1,-1,-1,-1,-1,-1,-1,-1,-1,-1,-1,-1,-1,-1,-1,-1,-1,-1,-1,-1,-1,-1,-1,-1,-1,0,-1,-1,-1,-1,-1,-1,-1,-1,-1,-1,-1,-1,-1,-1,-1,-1,-1,-1,-1,-1,-1,-1,-1,-1,-1,-1,-1,-1,-1,-1,-1,-1,-1,-1,-1,-1,-1,-1,-1,-1,
-1,-1,-1,-1,-1,-1,-1,-1,-1,-1,-1,-1,-1,-1,-1,-1,-1,-1,-1,-1,-1,-1,-1,-1,-1,-1,1,-1,-1,-1,-1,-1,-1,-1,-1,-1,-1,-1,-1,-1,-1,1,-1,-1,-1,-1,-1,-1,-1,-1,-1,-1,-1,-1,-1,-1,-1,-1,-1,-1,0,-1,-1,-1,-1,-1,-1,-1,-1,-1,-1,-1,-1,-1,-1,-1,-1,-1,-1,-1,-1,-1,-1,-1,-1,-1,-1,-1,-1,-1,-1,-1,-1,-1,-1,-1,-1,-1,-1,-1,
-1,-1,-1,-1,-1,1,-1,-1,-1,1,-1,-1,-1,-1,-1,-1,-1,-1,-1,-1,-1,-1,-1,-1,-1,-1,-1,-1,-1,-1,-1,-1,-1,-1,-1,-1,-1,-1,-1,-1,-1,-1,-1,-1,-1,-1,-1,-1,-1,-1,-1,-1,-1,-1,-1,-1,-1,-1,-1,-1,-1,0,-1,-1,-1,-1,-1,-1,-1,-1,-1,-1,-1,-1,-1,-1,-1,-1,-1,-1,-1,-1,-1,-1,-1,-1,-1,-1,-1,-1,-1,-1,-1,-1,-1,-1,-1,-1,-1,-1,
-1,-1,-1,-1,-1,1,-1,-1,-1,-1,-1,-1,-1,-1,-1,-1,-1,-1,-1,-1,-1,-1,-1,-1,-1,-1,1,1,-1,-1,-1,-1,-1,-1,-1,-1,-1,-1,-1,-1,-1,-1,-1,-1,-1,-1,-1,-1,-1,-1,-1,-1,-1,-1,-1,-1,-1,-1,-1,-1,-1,-1,0,-1,-1,-1,-1,-1,-1,-1,-1,-1,-1,-1,-1,-1,-1,-1,-1,-1,-1,-1,-1,-1,-1,-1,-1,-1,-1,-1,-1,-1,-1,-1,-1,-1,-1,-1,-1,-1,
-1,-1,1,-1,-1,-1,-1,-1,-1,-1,-1,1,-1,-1,-1,-1,-1,-1,-1,-1,-1,-1,-1,-1,-1,-1,-1,-1,1,-1,-1,-1,-1,-1,-1,-1,-1,-1,-1,-1,-1,-1,-1,-1,-1,-1,-1,-1,-1,-1,-1,-1,-1,-1,-1,-1,-1,-1,-1,-1,-1,-1,-1,0,-1,-1,-1,-1,-1,-1,-1,-1,-1,-1,-1,-1,-1,-1,-1,-1,-1,-1,-1,-1,-1,-1,-1,-1,-1,-1,-1,-1,-1,-1,-1,-1,-1,-1,-1,-1,
-1,-1,-1,-1,-1,-1,1,1,-1,-1,-1,-1,-1,-1,-1,-1,-1,-1,-1,-1,-1,1,-1,-1,-1,-1,-1,-1,-1,-1,-1,-1,-1,1,-1,-1,-1,-1,-1,-1,-1,-1,-1,-1,-1,-1,-1,-1,-1,-1,-1,-1,-1,-1,-1,-1,-1,-1,-1,-1,-1,-1,-1,-1,0,-1,-1,-1,-1,-1,-1,-1,-1,-1,-1,-1,-1,-1,-1,-1,-1,-1,-1,-1,-1,-1,-1,-1,-1,-1,-1,-1,-1,-1,-1,-1,-1,-1,-1,-1,
-1,-1,-1,1,1,-1,-1,1,-1,-1,-1,-1,-1,1,-1,-1,-1,-1,-1,-1,-1,-1,-1,-1,-1,-1,-1,-1,-1,-1,1,-1,-1,-1,-1,1,-1,-1,-1,-1,-1,-1,-1,-1,-1,-1,-1,-1,-1,-1,-1,-1,-1,-1,-1,-1,-1,-1,-1,-1,-1,-1,-1,-1,-1,0,-1,-1,-1,-1,-1,-1,-1,-1,-1,-1,-1,-1,-1,-1,-1,-1,-1,-1,-1,-1,-1,-1,-1,-1,-1,-1,-1,-1,-1,-1,-1,-1,-1,-1,
-1,-1,-1,1,-1,-1,-1,-1,-1,-1,-1,-1,-1,-1,-1,-1,-1,-1,-1,-1,-1,-1,1,-1,-1,-1,-1,-1,-1,-1,-1,-1,1,-1,1,-1,1,-1,-1,-1,-1,1,-1,-1,-1,-1,-1,-1,-1,-1,-1,-1,-1,-1,-1,-1,-1,-1,-1,-1,-1,-1,-1,-1,-1,-1,0,-1,-1,-1,-1,-1,-1,-1,-1,-1,-1,-1,-1,-1,-1,-1,-1,-1,-1,-1,-1,-1,-1,-1,-1,-1,-1,-1,-1,-1,-1,-1,-1,-1,
-1,-1,-1,-1,-1,-1,-1,-1,-1,-1,-1,-1,-1,-1,-1,-1,-1,1,-1,-1,-1,-1,-1,-1,-1,-1,1,-1,-1,-1,-1,-1,-1,-1,-1,1,1,-1,-1,-1,-1,-1,-1,-1,-1,-1,-1,-1,-1,-1,-1,-1,-1,-1,-1,-1,-1,-1,-1,-1,-1,-1,-1,-1,-1,-1,-1,0,-1,-1,-1,-1,-1,-1,-1,-1,-1,-1,-1,-1,-1,-1,-1,-1,-1,-1,-1,-1,-1,-1,-1,-1,-1,-1,-1,-1,-1,-1,-1,-1,
-1,-1,-1,-1,-1,-1,-1,-1,-1,-1,-1,-1,-1,-1,-1,-1,-1,-1,-1,-1,-1,-1,-1,-1,-1,-1,-1,-1,-1,-1,-1,-1,-1,-1,-1,-1,-1,-1,-1,-1,-1,-1,-1,-1,-1,-1,-1,-1,-1,-1,1,1,-1,-1,-1,-1,-1,-1,-1,-1,-1,-1,-1,-1,-1,-1,-1,-1,0,-1,-1,-1,-1,-1,-1,-1,-1,-1,-1,-1,-1,-1,-1,-1,-1,-1,-1,-1,-1,-1,-1,-1,-1,-1,-1,-1,-1,-1,-1,-1,
-1,-1,-1,-1,1,-1,-1,-1,-1,-1,1,-1,-1,-1,1,1,-1,-1,-1,-1,-1,-1,1,-1,-1,1,-1,-1,-1,-1,-1,-1,-1,-1,-1,-1,-1,-1,1,-1,-1,-1,-1,1,-1,-1,-1,-1,-1,-1,-1,-1,-1,-1,-1,-1,-1,-1,-1,-1,-1,-1,-1,-1,-1,-1,-1,-1,-1,0,-1,-1,-1,-1,-1,-1,-1,-1,-1,-1,-1,-1,-1,-1,-1,-1,-1,-1,-1,-1,-1,-1,-1,-1,-1,-1,-1,-1,-1,-1,
-1,-1,-1,-1,-1,-1,-1,1,-1,-1,1,-1,-1,-1,-1,-1,-1,-1,1,-1,-1,-1,-1,-1,-1,-1,-1,-1,-1,-1,-1,-1,-1,-1,-1,-1,-1,-1,-1,-1,-1,1,-1,-1,-1,-1,-1,-1,-1,-1,-1,-1,-1,-1,-1,-1,-1,-1,-1,-1,-1,-1,-1,-1,-1,-1,-1,-1,-1,-1,0,-1,-1,-1,-1,-1,-1,-1,-1,-1,-1,-1,-1,-1,-1,-1,-1,-1,-1,-1,-1,-1,-1,-1,-1,-1,-1,-1,-1,-1,
-1,-1,-1,-1,-1,-1,-1,-1,-1,-1,-1,-1,-1,-1,-1,-1,-1,1,-1,1,-1,-1,-1,-1,-1,-1,-1,-1,-1,-1,-1,-1,-1,-1,-1,-1,-1,-1,-1,-1,1,-1,-1,-1,-1,-1,-1,-1,-1,-1,-1,-1,-1,-1,-1,-1,-1,-1,-1,-1,-1,-1,-1,-1,-1,-1,-1,-1,-1,-1,-1,0,-1,-1,-1,-1,-1,-1,-1,-1,-1,-1,-1,-1,-1,-1,-1,-1,-1,-1,-1,-1,-1,-1,-1,-1,-1,-1,-1,-1,
-1,-1,-1,-1,-1,-1,-1,-1,-1,-1,-1,-1,-1,-1,1,1,-1,-1,-1,-1,-1,-1,-1,-1,-1,-1,-1,-1,-1,-1,-1,-1,-1,-1,-1,-1,-1,-1,-1,-1,-1,-1,-1,-1,-1,-1,-1,-1,-1,-1,-1,-1,-1,-1,-1,-1,-1,-1,-1,-1,-1,-1,-1,-1,-1,-1,-1,-1,-1,-1,-1,-1,0,-1,-1,-1,-1,-1,-1,-1,-1,-1,-1,-1,-1,-1,-1,-1,-1,-1,-1,-1,-1,-1,-1,-1,-1,-1,-1,-1,
-1,-1,-1,-1,-1,-1,-1,-1,-1,-1,-1,-1,-1,1,-1,-1,-1,-1,1,-1,-1,-1,-1,-1,-1,-1,-1,-1,-1,-1,-1,-1,1,-1,-1,-1,-1,-1,-1,-1,1,-1,-1,-1,-1,-1,-1,-1,-1,-1,-1,-1,-1,-1,-1,-1,-1,-1,-1,-1,-1,-1,-1,-1,-1,-1,-1,-1,-1,-1,-1,-1,-1,0,-1,-1,-1,-1,-1,-1,-1,-1,-1,-1,-1,-1,-1,-1,-1,-1,-1,-1,-1,-1,-1,-1,-1,-1,-1,-1,
-1,-1,-1,-1,-1,-1,-1,-1,-1,-1,1,-1,1,-1,-1,-1,-1,-1,-1,-1,-1,1,-1,-1,-1,-1,-1,-1,-1,-1,-1,-1,-1,1,-1,-1,-1,-1,-1,-1,-1,-1,-1,-1,-1,-1,-1,-1,-1,-1,-1,-1,-1,-1,-1,-1,-1,-1,-1,-1,-1,-1,-1,-1,-1,-1,-1,-1,-1,-1,-1,-1,-1,-1,0,-1,-1,-1,-1,-1,-1,-1,-1,-1,-1,-1,-1,-1,-1,-1,-1,-1,-1,-1,-1,-1,-1,-1,-1,-1,
-1,-1,1,-1,-1,-1,-1,-1,1,-1,-1,-1,-1,-1,1,-1,-1,-1,-1,-1,1,-1,-1,-1,1,-1,1,-1,-1,-1,-1,-1,-1,-1,-1,-1,-1,-1,-1,-1,-1,-1,1,-1,-1,-1,-1,-1,-1,-1,-1,-1,-1,-1,-1,-1,-1,-1,-1,-1,-1,-1,-1,-1,-1,-1,-1,-1,-1,-1,-1,-1,-1,-1,-1,0,-1,-1,-1,-1,-1,-1,-1,-1,-1,-1,-1,-1,-1,-1,-1,-1,-1,-1,-1,-1,-1,-1,-1,-1,
-1,-1,-1,-1,1,-1,-1,-1,-1,-1,-1,-1,-1,-1,-1,-1,-1,-1,-1,-1,-1,-1,-1,-1,-1,-1,-1,-1,-1,-1,-1,-1,1,-1,-1,-1,-1,-1,-1,-1,-1,-1,-1,-1,-1,-1,-1,-1,-1,-1,-1,-1,-1,-1,-1,-1,-1,-1,-1,-1,-1,-1,-1,-1,-1,-1,-1,-1,-1,-1,-1,-1,-1,-1,-1,-1,0,-1,-1,-1,-1,-1,-1,-1,-1,-1,-1,-1,-1,-1,-1,-1,-1,-1,-1,-1,-1,-1,-1,-1,
1,-1,-1,-1,-1,-1,-1,-1,-1,1,-1,-1,-1,-1,-1,-1,-1,1,-1,-1,-1,1,-1,-1,-1,-1,-1,-1,-1,-1,-1,-1,-1,-1,-1,-1,-1,-1,-1,-1,-1,-1,-1,-1,-1,-1,-1,-1,-1,-1,-1,-1,-1,-1,-1,-1,-1,-1,-1,-1,-1,-1,-1,-1,-1,-1,-1,-1,-1,-1,-1,-1,-1,-1,-1,-1,-1,0,-1,-1,-1,-1,-1,-1,-1,-1,-1,-1,-1,-1,-1,-1,-1,1,-1,-1,-1,-1,-1,-1,
-1,-1,-1,-1,1,-1,-1,-1,-1,-1,-1,-1,-1,-1,-1,-1,-1,-1,-1,1,-1,-1,-1,-1,-1,-1,-1,-1,1,-1,-1,-1,-1,-1,-1,-1,-1,-1,-1,-1,-1,-1,-1,-1,-1,-1,-1,-1,-1,-1,-1,-1,-1,-1,-1,-1,-1,-1,-1,-1,-1,-1,-1,-1,-1,-1,-1,-1,-1,-1,-1,-1,-1,-1,-1,-1,-1,-1,0,-1,-1,-1,-1,-1,-1,-1,-1,-1,-1,-1,-1,-1,-1,-1,-1,-1,-1,-1,-1,-1,
-1,-1,-1,-1,-1,-1,-1,-1,-1,-1,-1,-1,-1,1,-1,-1,1,-1,-1,-1,-1,-1,-1,-1,-1,-1,-1,-1,-1,1,-1,-1,-1,-1,-1,-1,-1,-1,-1,-1,-1,1,-1,-1,-1,-1,-1,-1,-1,-1,-1,-1,-1,-1,-1,-1,-1,-1,-1,-1,-1,-1,-1,-1,-1,-1,-1,-1,-1,-1,-1,-1,-1,-1,-1,-1,-1,-1,-1,0,-1,-1,-1,-1,-1,-1,-1,-1,-1,-1,-1,-1,-1,-1,-1,-1,-1,-1,-1,-1,
-1,-1,-1,1,-1,-1,1,-1,-1,-1,-1,-1,-1,-1,-1,-1,-1,-1,-1,-1,-1,-1,-1,-1,-1,-1,-1,-1,-1,-1,-1,-1,-1,-1,-1,-1,-1,-1,-1,-1,-1,-1,-1,-1,-1,-1,-1,-1,-1,-1,-1,-1,-1,-1,-1,-1,-1,-1,-1,-1,-1,-1,-1,-1,-1,-1,-1,-1,-1,-1,-1,-1,-1,-1,-1,-1,-1,-1,-1,-1,0,-1,-1,-1,-1,-1,-1,-1,-1,-1,-1,-1,-1,-1,-1,-1,-1,-1,-1,-1,
-1,-1,-1,-1,-1,-1,-1,-1,-1,-1,-1,-1,-1,-1,-1,-1,-1,-1,-1,-1,-1,-1,-1,1,-1,-1,-1,-1,-1,-1,-1,-1,-1,-1,-1,-1,1,-1,-1,-1,-1,-1,-1,-1,-1,-1,-1,-1,-1,-1,-1,-1,-1,-1,-1,-1,-1,-1,-1,-1,-1,-1,-1,-1,-1,-1,-1,-1,-1,-1,-1,-1,-1,-1,-1,-1,-1,-1,-1,-1,-1,0,-1,-1,-1,-1,-1,-1,-1,1,-1,-1,-1,-1,-1,-1,-1,-1,-1,-1,
-1,-1,-1,1,-1,-1,-1,-1,1,-1,-1,-1,-1,-1,-1,-1,-1,-1,-1,-1,-1,-1,-1,-1,-1,1,-1,-1,-1,-1,-1,-1,-1,-1,-1,-1,-1,-1,-1,-1,-1,-1,-1,-1,-1,-1,-1,-1,-1,-1,-1,-1,-1,-1,-1,-1,-1,-1,-1,-1,-1,-1,-1,-1,-1,-1,-1,-1,-1,-1,-1,-1,-1,-1,-1,-1,-1,-1,-1,-1,-1,-1,0,-1,-1,-1,-1,-1,-1,-1,-1,-1,-1,-1,-1,-1,-1,-1,-1,-1,
-1,1,-1,-1,-1,-1,-1,-1,-1,-1,-1,-1,-1,-1,1,1,1,-1,-1,-1,-1,-1,-1,-1,-1,-1,-1,-1,-1,-1,-1,-1,-1,-1,-1,-1,-1,-1,-1,-1,-1,-1,-1,-1,-1,-1,-1,-1,-1,-1,-1,-1,-1,-1,-1,-1,-1,-1,-1,-1,-1,-1,-1,-1,-1,-1,-1,-1,-1,-1,-1,-1,-1,-1,-1,-1,-1,-1,-1,-1,-1,-1,-1,0,-1,-1,-1,-1,-1,-1,-1,-1,-1,-1,-1,-1,-1,-1,-1,-1,
-1,-1,-1,-1,-1,-1,1,-1,-1,-1,-1,-1,-1,-1,1,-1,-1,1,-1,-1,-1,-1,-1,-1,-1,-1,-1,-1,-1,-1,-1,-1,1,-1,-1,1,-1,-1,-1,-1,1,-1,-1,-1,-1,-1,-1,-1,-1,-1,-1,-1,-1,-1,-1,-1,-1,-1,-1,-1,-1,-1,-1,-1,-1,-1,-1,-1,-1,-1,-1,-1,-1,-1,-1,-1,-1,-1,-1,-1,-1,-1,-1,-1,0,-1,-1,-1,-1,-1,-1,-1,-1,-1,-1,-1,-1,-1,-1,-1,
1,-1,-1,1,1,-1,-1,-1,-1,-1,-1,-1,-1,-1,-1,-1,-1,-1,-1,-1,-1,-1,-1,-1,-1,-1,-1,-1,-1,-1,-1,-1,-1,-1,-1,-1,-1,-1,-1,-1,1,-1,1,-1,-1,-1,-1,-1,-1,-1,-1,-1,-1,-1,-1,-1,-1,-1,-1,-1,-1,-1,-1,-1,-1,-1,-1,-1,-1,-1,-1,-1,-1,-1,-1,-1,-1,-1,-1,-1,-1,-1,-1,-1,-1,0,-1,-1,-1,-1,-1,-1,-1,-1,-1,-1,-1,-1,-1,-1,
1,1,-1,-1,-1,-1,-1,-1,-1,-1,-1,-1,-1,1,-1,-1,-1,-1,-1,-1,-1,-1,1,-1,1,-1,-1,-1,-1,-1,-1,-1,-1,-1,-1,-1,-1,-1,-1,-1,-1,-1,-1,-1,-1,-1,-1,-1,-1,-1,-1,-1,-1,-1,-1,-1,-1,-1,-1,-1,-1,-1,-1,-1,-1,-1,-1,-1,-1,-1,-1,-1,-1,-1,-1,-1,-1,-1,-1,-1,-1,-1,-1,-1,-1,-1,0,-1,-1,-1,-1,-1,-1,-1,-1,-1,-1,-1,-1,-1,
-1,-1,-1,-1,-1,-1,-1,-1,-1,-1,-1,-1,-1,-1,-1,1,-1,-1,-1,-1,-1,-1,-1,-1,-1,-1,-1,1,-1,-1,-1,-1,-1,1,1,-1,-1,-1,-1,-1,-1,-1,-1,-1,-1,-1,-1,-1,-1,-1,-1,-1,-1,-1,-1,-1,-1,-1,-1,-1,-1,-1,-1,-1,-1,-1,-1,-1,-1,-1,-1,-1,-1,-1,-1,-1,-1,-1,-1,-1,-1,-1,-1,-1,-1,-1,-1,0,-1,-1,-1,-1,-1,-1,-1,-1,-1,-1,-1,-1,
-1,1,1,-1,1,-1,-1,-1,-1,-1,-1,-1,-1,-1,-1,-1,1,-1,-1,-1,-1,-1,-1,-1,-1,-1,-1,-1,-1,-1,-1,-1,-1,-1,-1,-1,-1,-1,-1,-1,-1,-1,-1,-1,-1,-1,-1,-1,-1,-1,-1,-1,-1,-1,-1,-1,-1,-1,-1,-1,-1,-1,-1,-1,-1,-1,-1,-1,-1,-1,-1,-1,-1,-1,-1,-1,-1,-1,-1,-1,-1,-1,-1,-1,-1,-1,-1,-1,0,-1,-1,-1,-1,-1,-1,-1,-1,-1,-1,-1,
-1,-1,-1,-1,-1,-1,-1,-1,1,-1,-1,-1,-1,-1,-1,-1,-1,-1,-1,-1,-1,-1,-1,-1,-1,-1,-1,-1,-1,-1,-1,-1,-1,-1,-1,-1,-1,-1,-1,-1,-1,-1,-1,-1,-1,-1,-1,-1,-1,-1,-1,-1,-1,-1,-1,-1,-1,-1,-1,-1,-1,-1,-1,-1,-1,-1,-1,-1,-1,-1,-1,-1,-1,-1,-1,-1,-1,-1,-1,-1,-1,1,-1,-1,-1,-1,-1,-1,-1,0,-1,-1,-1,-1,-1,-1,-1,-1,-1,-1,
1,-1,-1,-1,-1,-1,-1,-1,-1,-1,-1,1,-1,-1,-1,-1,-1,-1,1,-1,-1,-1,-1,-1,-1,-1,-1,-1,-1,-1,-1,-1,1,-1,-1,-1,-1,-1,-1,-1,-1,-1,-1,-1,-1,-1,-1,-1,-1,-1,-1,-1,-1,-1,-1,-1,-1,-1,-1,-1,-1,-1,-1,-1,-1,-1,-1,-1,-1,-1,-1,-1,-1,-1,-1,-1,-1,-1,-1,-1,-1,-1,-1,-1,-1,-1,-1,-1,-1,-1,0,-1,-1,-1,-1,-1,-1,-1,-1,-1,
-1,-1,-1,-1,1,-1,-1,-1,-1,-1,-1,-1,-1,-1,-1,-1,-1,-1,-1,-1,-1,-1,-1,-1,-1,-1,-1,-1,-1,-1,-1,-1,-1,-1,-1,-1,-1,-1,-1,-1,1,-1,-1,-1,-1,-1,-1,-1,-1,-1,-1,-1,-1,-1,-1,-1,-1,-1,-1,-1,-1,-1,-1,-1,-1,-1,-1,-1,-1,-1,-1,-1,-1,-1,-1,-1,-1,-1,-1,-1,-1,-1,-1,-1,-1,-1,-1,-1,-1,-1,-1,0,-1,-1,-1,-1,-1,-1,-1,-1,
-1,-1,-1,-1,-1,-1,-1,-1,-1,-1,-1,-1,-1,-1,-1,-1,-1,-1,-1,-1,1,-1,-1,-1,-1,1,-1,-1,-1,-1,-1,1,-1,-1,-1,-1,-1,-1,-1,-1,-1,-1,-1,-1,-1,-1,-1,-1,-1,-1,-1,-1,-1,-1,-1,-1,-1,-1,-1,-1,-1,-1,-1,-1,-1,-1,-1,-1,-1,-1,-1,-1,-1,-1,-1,-1,-1,-1,-1,-1,-1,-1,-1,-1,-1,-1,-1,-1,-1,-1,-1,-1,0,-1,-1,-1,-1,-1,-1,-1,
-1,-1,-1,-1,-1,-1,-1,-1,-1,-1,1,-1,-1,-1,-1,-1,-1,-1,-1,-1,-1,-1,-1,-1,-1,-1,-1,-1,-1,-1,-1,-1,-1,-1,-1,-1,-1,-1,-1,-1,-1,-1,-1,-1,-1,-1,-1,-1,-1,-1,-1,-1,-1,-1,-1,-1,-1,-1,-1,-1,-1,-1,-1,-1,-1,-1,-1,-1,-1,-1,-1,-1,-1,-1,-1,-1,-1,1,-1,-1,-1,-1,-1,-1,-1,-1,-1,-1,-1,-1,-1,-1,-1,0,-1,-1,-1,-1,-1,-1,
-1,-1,-1,-1,-1,-1,-1,-1,-1,-1,-1,-1,-1,-1,-1,-1,-1,-1,-1,-1,-1,-1,-1,-1,-1,-1,-1,-1,-1,-1,-1,-1,-1,-1,-1,1,-1,-1,-1,-1,1,-1,1,-1,-1,-1,-1,-1,-1,-1,-1,-1,-1,-1,-1,-1,-1,-1,-1,-1,-1,-1,-1,-1,-1,-1,-1,-1,-1,-1,-1,-1,-1,-1,-1,-1,-1,-1,-1,-1,-1,-1,-1,-1,-1,-1,-1,-1,-1,-1,-1,-1,-1,-1,0,-1,-1,-1,-1,-1,
-1,-1,-1,-1,-1,-1,-1,-1,-1,-1,-1,-1,-1,-1,1,-1,-1,-1,1,-1,-1,-1,-1,-1,-1,-1,-1,-1,-1,-1,-1,-1,-1,-1,-1,1,-1,-1,-1,-1,-1,-1,-1,-1,-1,-1,-1,-1,-1,-1,-1,-1,-1,-1,-1,-1,-1,-1,-1,-1,-1,-1,-1,-1,-1,-1,-1,-1,-1,-1,-1,-1,-1,-1,-1,-1,-1,-1,-1,-1,-1,-1,-1,-1,-1,-1,-1,-1,-1,-1,-1,-1,-1,-1,-1,0,-1,-1,-1,-1,
-1,-1,-1,-1,-1,-1,-1,-1,-1,1,-1,-1,-1,-1,-1,1,-1,-1,-1,-1,-1,-1,-1,1,-1,-1,-1,-1,-1,-1,-1,-1,-1,-1,-1,-1,-1,1,-1,-1,-1,-1,-1,-1,-1,-1,-1,-1,-1,-1,-1,-1,-1,-1,-1,-1,-1,-1,-1,-1,-1,-1,-1,-1,-1,-1,-1,-1,-1,-1,-1,-1,-1,-1,-1,-1,-1,-1,-1,-1,-1,-1,-1,-1,-1,-1,-1,-1,-1,-1,-1,-1,-1,-1,-1,-1,0,-1,-1,-1,
-1,-1,-1,-1,-1,-1,-1,-1,1,-1,-1,1,-1,-1,-1,-1,-1,-1,-1,1,-1,-1,-1,1,-1,-1,-1,-1,-1,-1,1,-1,-1,-1,-1,-1,-1,-1,-1,-1,-1,1,-1,-1,-1,-1,-1,-1,-1,-1,-1,-1,-1,-1,-1,-1,-1,-1,-1,-1,-1,-1,-1,-1,-1,-1,-1,-1,-1,-1,-1,-1,-1,-1,-1,-1,-1,-1,-1,-1,-1,-1,-1,-1,-1,-1,-1,-1,-1,-1,-1,-1,-1,-1,-1,-1,-1,0,-1,-1,
-1,-1,-1,-1,-1,-1,-1,-1,-1,-1,-1,-1,1,-1,-1,-1,-1,-1,-1,-1,-1,-1,-1,-1,-1,-1,-1,-1,-1,-1,-1,-1,-1,-1,-1,-1,1,-1,-1,-1,-1,-1,-1,-1,-1,-1,-1,-1,-1,-1,-1,-1,-1,-1,-1,-1,-1,-1,-1,-1,-1,-1,-1,-1,-1,-1,-1,-1,-1,-1,-1,-1,-1,-1,-1,-1,-1,-1,-1,-1,-1,-1,-1,-1,-1,-1,-1,-1,-1,-1,-1,-1,-1,-1,-1,-1,-1,-1,0,-1,
1,-1,-1,1,-1,-1,-1,-1,-1,-1,-1,-1,1,-1,-1,-1,-1,-1,-1,-1,-1,-1,-1,-1,-1,1,-1,-1,-1,-1,-1,-1,-1,-1,-1,-1,-1,-1,-1,-1,-1,-1,-1,-1,-1,-1,-1,-1,-1,-1,-1,-1,-1,-1,-1,-1,-1,-1,-1,-1,-1,-1,-1,-1,-1,-1,-1,-1,-1,-1,-1,-1,-1,-1,-1,-1,-1,-1,-1,-1,-1,-1,-1,-1,-1,-1,-1,-1,-1,-1,-1,-1,-1,-1,-1,-1,-1,-1,-1,0,

(41,0)
(42,1)
(41,2)
(41,3)
(41,4)
(41,5)
(40,6)
(42,7)
(41,8)
(42,9)
(41,10)
(40,11)
(42,12)
(42,13)
(42,14)
(40,15)
(40,16)
(40,17)
(42,18)
(41,19)
(47,2)
(62,10)
(43,10)
(70,4)
(86,14)
(67,5)
(47,2)
(47,2)
(61,10)
(93,17)
(65,6)
(96,12)
(80,16)
(85,13)
(73,3)
(87,18)
(54,18)
(43,12)
(86,4)
(68,7)
(88,1)
(57,0)
(59,19)
(47,3)
(41,9)
(95,6)
(49,4)
(64,11)
(52,3)
(78,15)
(77,16)
(43,3)
(91,19)
(81,0)
(82,10)
(54,8)
(83,4)
(94,7)
(93,1)
(51,14)
(59,12)
(40,5)
(61,12)
(55,17)
(78,9)
(75,8)
(50,7)
(73,6)
(40,10)
(59,19)
(46,5)
(97,8)
(42,5)
(59,17)
(52,4)
(57,13)
(63,10)
(62,12)
(58,3)
(59,12)
(70,2)
(63,11)
(79,11)
(66,9)
(98,18)
(65,15)
(41,8)
(91,2)
(72,15)
(97,4)
(49,3)
(83,13)
(43,7)
(72,11)
(99,10)
(63,13)
(50,8)
(99,12)
(46,11)
(48,17)
(46,4)
(72,12)
(97,16)
(61,11)
(55,0)
(67,13)
(76,19)
(52,4)
(66,0)
(70,1)
(76,8)
(46,6)
(54,2)
(66,1)
(49,18)
(72,8)
(57,0)
(91,0)
(57,14)
(80,0)
(41,15)
(77,4)
(84,0)
(88,6)
(60,2)
(59,8)
(72,6)
(80,5)
(90,11)
(67,16)
(79,1)
(89,4)
(85,14)
(66,17)
(40,7)
(43,19)
(96,0)
(49,17)
(99,13)
(96,19)
(70,9)
(51,2)
(42,1)
(74,3)
(84,9)
(81,16)
(88,11)
(71,10)
(92,7)
(51,7)
(81,19)
(84,3)
(94,3)
(67,0)
(74,0)
(92,11)
(47,13)
(75,16)
(59,4)
(96,4)
(82,17)
(81,3)
(77,13)
(59,11)
(55,11)
(87,3)
(77,7)
(93,10)
(50,10)
(69,16)
(79,12)
(82,0)
(52,11)
(69,15)
(55,2)
(94,15)
(79,14)
(49,16)
(86,9)
(81,14)
(53,8)
(68,17)
(46,15)
(62,2)
(60,1)
(72,11)
(67,18)
(46,5)
(52,11)
(93,0)
(47,11)
(92,0)
(82,0)
(54,7)
(62,0)
(83,8)
(92,1)
(76,2)
(55,2)
(82,10)
(40,6)
(94,4)
(90,5)
(77,5)
(91,10)
(55,4)
(74,4)
(60,5)
(76,10)
(76,17)
(72,0)
(93,1)
(76,1)
(73,17)
(52,1)
(57,14)
(41,3)
(86,15)
(95,6)
(93,12)
(65,16)
(48,4)
(64,12)
(65,5)
(68,3)
(99,4)
(41,2)
(98,1)
(46,9)
(48,3)
(47,4)
(77,11)
(70,16)
(93,15)
(71,5)
(87,18)
(49,1)
(80,4)
(47,11)
(54,16)
(81,7)
(42,2)
(75,15)
(67,1)
(89,10)
(55,3)
(89,3)
(49,1)
(99,17)
(66,9)
(98,14)
(74,14)
(67,17)
(49,11)
(47,10)
(88,18)
(90,5)
(51,14)
(79,3)
(66,0)
(74,0)
(48,9)
(66,9)
(65,8)
(93,4)
(97,14)
(54,1)
(59,3)
(46,13)
(76,7)
(78,1)
(74,11)
(77,16)
(99,0)
(95,14)
(88,3)
(41,12)
(91,18)
(82,4)
(69,0)
(67,2)
(87,19)
(59,12)
(89,19)
(89,17)
(70,0)
(63,2)
(48,10)
(49,5)
(59,18)
(51,11)
(65,1)
(89,15)
(96,2)
(50,0)
(56,4)
(51,9)
(60,17)
(70,18)
(72,10)
(41,14)
(57,11)
(95,17)
(50,4)
(66,18)
(62,13)
(62,19)
(77,0)
(52,15)
(78,8)
(53,1)
(62,11)
(83,0)
(51,10)
(81,10)
(68,15)
(90,11)
(49,4)
(83,18)
(64,14)
(62,1)
(62,9)
(54,5)
(61,10)
(68,10)
(99,6)
(45,0)
(46,4)
(40,17)
(92,4)
(58,18)
(90,10)
(42,16)
(48,0)
(57,10)
(60,13)
(85,1)
(92,2)
(60,14)
(67,2)
(87,5)
(50,15)
(64,2)
(89,2)
(93,6)
(60,17)
(49,4)
(97,15)
(72,8)
(47,11)
(66,15)
(95,9)
(97,9)
(93,9)
(42,13)
(81,3)
(68,4)
(66,17)
(95,8)
(89,5)
(85,15)
(41,2)
(97,14)
(59,2)
(63,9)
(67,16)
(76,18)
(58,0)
(68,17)
(81,1)
(88,4)
(87,5)
(60,15)
(70,12)
(87,17)
(70,2)
(82,15)
(70,13)
(86,17)
(84,0)
(45,6)
(80,12)
(83,3)
(66,18)
(57,1)
(58,2)
(80,1)
(68,14)
(95,5)
(90,0)
(74,15)
(77,8)
(56,12)
(84,7)
(92,4)
(90,10)
(49,9)
(94,9)
(98,16)
(49,4)
(77,0)
(85,15)
(69,17)
(51,16)
(41,9)
(85,0)
(76,18)
(83,0)
(55,0)
(50,16)
(83,5)
(78,8)
(55,10)
(59,4)
(67,16)
(45,3)
(57,6)
(89,19)
(92,4)
(60,6)
(67,16)
(40,17)
(81,14)
(61,13)
(65,9)
(92,13)
(74,17)
(88,9)
(59,10)
(81,3)
(70,9)
(87,18)
(92,11)
(84,17)
(67,3)
(66,0)
(47,10)
(64,10)
(56,6)
(48,7)
(86,0)
(81,1)
(50,1)
(96,18)
(61,11)
(67,1)
(99,5)
(92,9)
(49,6)
(79,6)
(60,5)
(45,6)
(40,8)
(75,16)
(52,12)
(82,9)
(67,18)
(48,10)
(44,13)
(42,5)
(96,8)
(58,11)
(97,13)
(62,1)
(93,0)
(67,18)
(66,3)
(74,9)
(85,1)
(55,0)
(69,0)
(86,14)
(96,3)
(96,9)
(84,7)
(60,2)
(43,7)
(53,19)
(65,2)
(81,15)
(51,10)
(54,15)
(66,8)
(91,1)
(43,0)
(53,2)
(46,17)
(57,7)
(65,12)
(75,5)
(45,6)
(65,10)
(71,12)
(80,8)
(45,4)
(80,5)
(57,8)
(55,11)
(58,19)
(48,5)
(76,19)
(70,12)
(84,4)
(93,14)
(50,7)
(49,5)
(75,16)
(96,16)
(72,0)
(91,10)
(51,2)
(76,0)
(52,11)
(92,9)
(81,4)
(55,3)
(67,6)
(40,9)
(56,19)
(87,17)
(92,8)
(49,9)
(80,0)
(48,14)
(81,11)
(44,5)
(61,15)
(81,7)
(58,3)
(74,10)
(94,4)
(75,19)
(49,0)
(74,5)
(87,6)
(95,12)
(55,0)
(53,14)
(53,2)
(72,6)
(55,7)
(87,15)
(82,18)
(88,6)
(87,15)
(89,7)
(77,10)
(73,8)
(60,2)
(68,7)
(78,1)
(43,19)
(94,2)
(90,7)
(86,1)
(67,16)
(44,7)
(41,8)
(79,5)
(86,14)
(56,7)
(68,9)
(48,6)
(75,1)
(46,14)
(56,15)
(55,0)
(63,13)
(93,5)
(61,15)
(96,0)
(95,16)
(44,17)
(43,4)
(92,5)
(68,9)
(87,1)
(40,11)
(69,7)
(97,4)
(77,16)
(89,1)
(87,14)
(81,1)
(60,13)
(64,18)
(72,14)
(82,4)
(57,6)
(73,13)
(51,11)
(42,18)
(85,5)
(45,3)
(92,4)
(44,10)
(75,6)
(55,0)
(57,6)
(73,14)
(94,5)
(71,1)
(59,0)
(47,19)
(63,1)
(74,1)
(63,5)
(47,4)
(45,5)
(53,18)
(73,2)
(44,9)
(54,0)
(88,12)
(73,13)
(98,6)
(87,9)
(75,5)
(65,2)
(47,1)
(51,17)
(99,13)
(78,5)
(79,0)
(91,1)
(67,14)
(63,3)
(74,16)
(90,15)
(67,1)
(91,4)
(47,6)
(50,2)
(60,3)
(61,14)
(69,3)
(68,16)
(99,4)
(69,12)
(83,18)
(93,5)
(61,1)
(56,1)
(97,4)
(62,15)
(50,10)
(81,14)
(89,12)
(65,1)
(55,3)
(70,6)
(86,2)
(48,14)
(99,0)
(61,19)
(87,4)
(88,3)
(85,4)
(51,0)
(98,16)
(99,18)
(52,2)
(98,16)
(86,4)
(66,13)
(46,16)
(95,17)
(42,15)
(53,16)
(76,2)
(68,2)
(44,1)
(94,11)
(80,0)
(99,6)
(56,15)
(84,4)
(53,6)
(95,6)
(59,4)
(72,1)
(73,1)
(66,14)
(61,9)
(77,1)
(64,3)
(74,6)
(85,6)
(60,8)
(83,14)
(91,14)
(48,1)
(82,11)
(42,14)
(64,4)
(51,9)
(72,12)
(89,2)
(71,15)
(69,0)
(92,3)
(84,3)
(81,16)
(86,0)
(78,0)
(49,1)
(45,7)
(80,6)
(74,2)
(50,14)
(45,2)
(52,12)
(57,16)
(54,6)
(63,7)
(92,11)
(56,1)
(47,13)
(60,14)
(56,1)
(78,3)
(87,5)
(89,6)
(66,18)
(78,0)
(63,10)
(77,4)
(44,3)
(53,9)
(42,19)
(70,14)
(63,9)
(60,7)
(55,1)
(60,12)
(95,18)
(84,9)
(87,3)
(72,18)
(97,16)
(67,2)
(69,14)
(73,0)
(50,4)
(41,14)
(88,6)
(93,8)
(99,10)
(45,13)
(80,19)
(68,6)
(68,11)
(84,4)
(73,17)
(96,16)
(91,6)
(78,18)
(93,1)
(52,19)
(98,9)
(49,3)
(65,10)
(90,0)
(49,3)
(67,8)
(76,1)
(79,0)
(50,16)
(61,16)
(52,4)
(74,0)
(45,9)
(98,18)
(78,15)
(41,4)
(86,7)
(40,3)
(93,16)
(99,16)
(86,0)
(98,12)
(53,8)
(69,16)
(94,9)
(62,1)
(74,18)
(50,0)
(87,13)
(60,6)
(68,1)
(61,0)
(71,0)
(50,4)
(89,12)
(89,4)
(56,8)
(85,2)
(40,14)
(99,8)
(97,18)
(98,5)
(71,0)
(58,17)
(73,1)
(44,17)
(85,7)
(69,10)
(58,10)
(53,2)
(80,9)
(83,6)
(57,3)
(53,6)
(83,4)
(69,13)
(50,12)
(56,0)
(59,17)
(98,5)
(62,0)
(87,4)
(92,4)
(68,3)
(50,2)
(91,0)
(92,13)
(47,0)
(46,19)
(86,14)
(42,19)
(47,6)
(59,0)
(64,3)
(43,1)
(93,0)
(87,9)
(79,6)
(83,17)
(46,3)
(87,0)
(74,9)
(89,2)
(88,4)
(96,8)
(78,17)
(83,1)
(97,12)
(87,7)
(45,14)
(75,3)
(63,9)
(89,5)
(65,1)
(59,17)
(50,14)
(68,0)
(51,13)
(69,9)
(82,2)
(70,7)
(93,5)
(79,4)
(78,10)
(48,13)
(74,0)
(74,19)
(47,0)
(65,9)
(46,8)
(71,17)
(49,16)
(55,2)
(63,17)
(69,6)
(40,10)
(61,9)
(46,2)
(83,3)
(57,2)
(51,8)
(77,12)
(56,14)
(47,6)
(84,6)
(42,3)
(94,8)
(40,2)
(90,0)
(46,10)
(44,3)
(53,18)
(90,17)
(45,7)
(99,2)
(62,19)
(41,2)
(74,11)
(40,3)
(98,4)
(53,9)
(58,7)
(66,2)
(89,8)
(86,13)
(94,16)
(75,15)
(78,5)
(45,8)
(48,4)
(79,4)
(51,10)
(59,0)
(47,8)
(50,1)
(93,7)
(94,15)
(81,3)
(97,0)
(95,18)
(70,18)
(98,1)
(45,13)
(46,13)
(67,4)
(66,7)
(79,14)
(90,0)
(97,19)
(42,13)
(61,6)
(87,10)
(68,19)
(45,1)
(90,17)
(60,2)
(52,2)
(68,4)
(90,5)
(68,3)
(84,5)
(92,0)
(91,19)
(47,2)
(52,5)
(59,3)
(79,0)
(87,2)
(53,11)
(49,5)
(77,6)
(48,2)
(90,9)
(63,18)
(50,16)
(71,13)
(46,7)
(58,13)
(40,15)
(42,1)
(57,15)
(44,10)
(90,15)
(63,0)
(79,5)
(78,9)
(96,1)
(61,2)
(77,5)
(97,5)
(54,19)
(81,11)
(63,12)
(69,2)
(91,6)
(87,4)
(42,14)
(53,5)
(77,9)
(85,6)
(43,19)
(83,2)
(66,2)
(57,1)
(68,14)
(71,1)
(89,18)
(70,11)
(98,9)
(48,5)
(85,16)
(69,0)
(70,1)
(99,10)
(95,10)
(68,4)
(90,8)
(95,3)
(67,15)
(66,13)
(47,4)
(56,15)
(54,12)
(49,4)
(51,9)
(41,12)
(73,10)
(84,5)
(93,12)
(69,19)
(49,4)
(47,11)
(52,6)
(69,3)
(55,11)
(58,5)
(95,12)
(83,8)
(81,5)
(90,1)
(90,8)
(77,4)
(83,5)
(79,1)
(44,3)
(72,11)
(45,4)
(78,0)
(86,18)
(66,14)
(54,10)
(59,10)
(57,6)
(51,10)
(54,8)
(61,1)
(85,19)
(70,0)
(41,18)
(86,0)
(52,16)
(58,15)
(44,2)
(53,9)
(73,15)
(86,2)
(66,2)
(70,2)
(59,16)
(71,19)
(77,12)
(53,13)
(70,10)
(66,12)
(95,1)
(65,4)
(87,6)
(92,0)
(65,1)
(92,4)
(62,14)
(53,0)
(44,0)
(80,4)
(89,4)
(95,16)
(79,3)
(83,7)
(92,13)
(43,1)
(53,4)
(86,5)
(76,0)
(77,3)
(58,5)
(58,8)
(68,4)
(52,1)
(60,4)
(76,0)
(73,5)
(55,4)
(87,3)
(99,2)
(56,14)
(75,14)
(76,13)
(74,19)
(93,5)
(41,18)
(76,4)
(76,19)
(92,4)
(79,19)
(48,0)
(68,11)
(94,9)
(55,1)
(60,17)
(52,7)
(97,3)
(71,0)
(41,2)
(94,11)
(76,4)
(98,11)
(78,6)
(60,5)
(84,9)
(40,3)
(89,16)
(43,2)
(43,1)
(61,18)
(99,7)
(43,12)
(71,7)
(87,0)
(98,12)
(85,16)
(92,17)
(64,1)
(94,0)
(75,1)
(55,1)
(80,12)
(90,19)
(86,18)
(99,8)
(57,19)
(94,18)
(85,18)
(59,1)
(43,11)
(74,0)
(72,16)
(54,5)
(53,5)
(86,9)
(87,4)
(80,1)
(83,16)
(84,2)
(82,4)
(84,0)
(96,15)
(67,15)
(55,12)
(61,6)
(47,19)
(59,0)
(46,1)
(51,6)
(48,19)
(63,2)
(46,3)
(41,4)
(80,3)
(61,0)
(95,10)
(51,1)
(66,17)
(98,8)
(48,7)
(51,4)
(48,9)
(76,9)
(93,12)
(52,3)
(91,4)
(59,15)
(57,10)
(54,3)
(96,7)
(80,16)
(84,6)
(63,2)
(43,0)
(55,9)
(50,10)
(55,12)
(60,10)
(90,4)
(50,6)
(59,14)
(85,5)
(82,3)
(49,10)
(84,3)
(71,2)
(62,18)
(49,11)
(68,12)
(87,0)
(41,6)
(52,5)
(57,0)
(96,3)
(97,2)
(94,0)
(83,3)
(60,4)
(67,11)
(59,19)
(85,5)
(62,9)
(86,8)
(61,1)
(89,15)
(73,6)
(62,18)
(76,0)
(66,13)
(78,10)
(44,2)
(92,7)
(56,10)
(66,11)
(54,1)
(79,12)
(44,5)
(82,10)
(86,12)
(42,18)
(87,5)
(48,18)
(54,14)
(41,12)
(49,7)
(93,1)
(61,0)
(40,1)
(51,12)
(55,12)
(63,13)
(99,12)
(86,15)
(65,2)
(85,1)
(43,0)
(99,15)
(54,1)
(48,0)
(96,0)
(45,8)
(57,5)
(73,1)
(56,1)
(69,15)
(92,6)
(44,4)
(58,9)
(86,8)
(73,0)
(63,10)
(89,6)
(66,15)
(98,11)
(48,12)
(82,16)
(56,13)
(77,0)
(80,18)
(98,6)
(43,1)
(86,6)
(64,11)
(90,10)
(64,15)
(63,0)
(54,13)
(53,1)
(80,12)
(82,7)
(61,3)
(98,17)
(51,14)
(66,16)
(87,4)
(73,10)
(97,6)
(42,8)
(80,18)
(57,13)
(67,3)
(56,14)
(72,0)
(43,5)
(85,5)
(50,9)
(93,14)
(83,19)
(86,16)
(67,13)
(79,1)
(87,19)
(89,2)
(57,5)
(70,2)
(74,19)
(91,16)
(92,2)
(46,3)
(75,5)
(62,17)
(86,11)
(73,6)
(84,9)
(56,16)
(79,15)
(79,5)
(65,0)
(96,4)
(73,9)
(62,11)
(46,2)
(86,14)
(47,15)
(68,13)
(59,1)
(68,4)
(50,9)
(49,9)
(97,8)
(80,12)
(80,5)
(45,2)
(64,18)
(99,3)
(44,2)
(66,2)
(53,17)
(91,13)
(58,1)
(71,7)
(59,4)
(91,1)
(54,8)
(68,17)
(99,12)
(72,8)
(45,15)
(61,6)
(82,15)
(89,9)
(93,0)
(57,1)
(72,13)
(61,5)
(84,3)
(48,4)
(79,8)
(67,6)
(74,8)
(55,18)
(92,10)
(40,14)
(71,0)
(99,0)
(41,5)
(80,3)
(78,14)
(85,10)
(79,1)
(80,1)
(72,5)
(71,6)
(49,11)
(76,16)
(51,1)
(75,10)
(62,13)
(53,18)
(70,5)
(67,7)
(64,18)
(50,0)
(40,14)
(67,17)
(60,5)
(65,14)
(48,1)
(63,11)
(48,17)
(71,4)
(54,13)
(63,4)
(57,1)
(90,18)
(76,15)
(67,9)
(56,13)
(70,2)
(93,11)
(86,12)
(94,3)
(43,13)
(91,3)
(72,4)
(44,0)
(94,3)
(68,0)
(98,5)
(77,5)
(57,4)
(48,15)
(41,7)
(58,12)
(60,10)
(52,8)
(86,0)
(83,14)
(95,7)
(44,0)
(62,14)
(68,7)
(53,4)
(46,1)
(97,3)
(75,8)
(42,19)
(69,5)
(67,11)
(52,9)
(47,9)
(95,11)
(85,12)
(56,0)
(92,4)
(49,6)
(76,0)
(45,6)
(55,2)
(50,15)
(97,11)
(41,3)
(46,9)
(88,4)
(45,9)
(75,0)
(87,8)
(88,16)
(67,10)
(92,1)
(49,19)
(99,9)
(66,3)
(43,6)
(75,4)
(60,7)
(61,8)
(48,3)
(99,9)
(94,6)
(67,1)
(57,15)
(54,4)
(69,16)
(62,8)
(56,3)
(72,0)
(68,13)
(64,2)
(78,7)
(99,9)
(77,15)
(75,16)
(54,13)
(44,4)
(82,3)
(98,13)
(88,8)
(51,7)
(40,15)
(48,14)
(79,9)
(80,0)
(74,19)
(40,3)
(76,6)
(55,8)
(95,3)
(88,6)
(50,0)
(87,1)
(87,10)
(63,5)
(62,9)
(44,1)
(48,0)
(56,14)
(85,0)
(82,6)
(88,6)
(69,13)
(73,8)
(99,17)
(77,10)
(96,9)
(46,10)
(80,7)
(97,2)
(42,15)
(99,13)
(83,10)
(97,4)
(91,3)
(73,6)
(48,2)
(84,19)
(49,13)
(59,1)
(40,11)
(66,1)
(97,1)
(54,13)
(90,8)
(98,11)
(43,1)
(80,1)
(50,18)
(95,8)
(78,14)
(53,11)
(66,12)
(89,3)
(67,10)
(91,0)
(50,16)
(73,14)
(45,16)
(54,0)
(99,4)
(76,2)
(56,0)
(70,2)
(87,9)
(41,7)
(82,4)
(86,3)
(80,4)
(86,16)
(48,19)
(61,18)
(75,6)
(77,2)
(97,5)
(83,0)
(56,8)
(88,8)
(85,2)
(86,1)
(73,2)
(77,1)
(45,0)
(73,7)
(46,10)
(63,2)
(49,4)
(50,6)
(75,1)
(88,7)
(59,4)
(54,6)
(80,2)
(80,11)
(46,18)
(73,0)
(70,12)
(50,17)
(88,7)
(82,7)
(72,11)
(71,2)
(55,4)
(99,7)
(82,0)
(62,15)
(79,2)
(71,3)
(84,0)
(84,11)
(96,3)
(95,1)
(78,17)
(94,2)
(82,9)
(94,2)
(52,1)
(70,16)
(81,2)
(84,0)
(63,0)
(93,11)
(50,12)
(80,2)
(96,5)
(53,0)
(79,0)
(91,11)
(48,11)
(54,15)
(89,7)
(95,11)
(99,6)
(89,2)
(66,10)
(88,2)
(82,0)
(76,4)
(94,3)
(59,6)
(67,10)
(56,19)
(48,11)
(67,11)
(70,12)
(90,19)
(92,1)
(84,19)
(41,18)
(49,0)
(93,3)
(40,12)
(43,3)
(67,6)
(84,0)
(97,4)
(95,19)
(90,5)
(75,15)
(84,17)
(87,18)
(83,1)
(83,0)
(71,16)
(41,10)
(59,2)
(70,8)
(68,6)
(58,1)
(49,5)
(62,8)
(91,18)
(83,5)
(85,13)
(76,8)
(41,10)
(62,7)
(75,0)
(88,11)
(44,1)
(83,8)
(84,17)
(84,15)
(97,1)
(70,13)
(84,2)
(57,12)
(67,6)
(49,16)
(96,15)
(77,19)
(45,1)
(90,14)
(54,10)
(48,19)
(79,14)
(44,7)
(76,11)
(79,0)
(89,17)
(75,18)
(44,2)
(79,15)
(51,6)
(49,0)
(97,0)
(73,18)
(89,18)
(40,3)
(80,3)
(46,8)
(64,7)
(53,19)
(99,8)
(49,3)
(40,15)
(59,3)
(59,16)
(50,0)
(56,17)
(86,19)
(99,2)
(78,5)
(47,5)
(41,2)
(73,13)
(66,6)
(97,1)
(71,9)
(64,5)
(95,10)
(92,19)
(99,14)
(94,1)
(68,3)
(46,19)
(90,1)
(89,5)
(89,5)
(73,0)
(92,7)
(62,2)
(99,3)
(45,1)
(47,16)
(81,5)
(89,10)
(42,5)
(84,1)
(55,14)
(71,12)
(73,14)
(73,19)
(97,3)
(77,2)
(71,12)
(52,0)
(48,6)
(97,7)
(41,13)
(58,8)
(98,0)
(70,11)
(71,6)
(93,4)
(45,13)
(50,4)
(59,18)
(46,2)
(94,14)
(59,5)
(59,15)
(83,8)
(80,0)
(89,13)
(76,4)
(62,1)
(58,2)
(66,5)
(99,4)
(64,5)
(84,1)
(77,3)
(79,7)
(57,4)
(81,0)
(82,3)
(85,2)
(73,0)
(40,16)
(92,4)
(97,1)
(82,0)
(72,17)
(57,4)
(42,4)
(82,7)
(83,16)
(46,16)
(89,6)
(76,16)
(90,12)
(74,11)
(54,8)
(51,9)
(84,6)
(88,19)
(52,17)
(47,2)
(45,13)
(62,7)
(52,6)
(69,2)
(58,12)
(68,9)
(81,1)
(98,14)
(54,9)
(65,11)
(82,18)
(97,4)
(54,9)
(84,1)
(95,10)
(62,12)
(75,12)
(71,14)
(84,10)
(74,14)
(71,1)
(73,9)
(84,10)
(60,6)
(91,12)
(74,3)
(61,6)
(68,7)
(53,7)
(42,14)
(75,5)
(69,12)
(57,6)
(63,2)
(54,12)
(44,10)
(71,14)
(42,1)
(72,15)
(94,7)
(91,2)
(69,4)
(42,0)
(64,2)
(82,0)
(41,7)
(71,7)
(52,3)
(41,14)
(51,7)
(41,9)
(71,7)
(98,16)
(79,11)
(96,11)
(74,3)
(88,16)
(89,13)
(97,13)
(48,13)
(62,1)
(57,0)
(92,1)
(50,6)
(75,18)
(78,2)
(77,15)
(91,19)
(89,15)
(74,12)
(97,10)
(47,14)
(58,9)
(45,5)
(99,9)
(43,7)
(66,5)
(98,18)
(68,6)
(72,2)
(82,3)
(51,0)
(75,16)
(60,15)
(69,10)
(64,10)
(97,3)
(72,7)
(47,2)
(58,18)
(82,10)
(63,12)
(41,6)
(76,3)
(94,4)
(98,9)
(85,10)
(60,1)
(65,18)
(52,6)
(55,8)
(57,5)
(69,10)
(84,1)
(68,2)
(46,0)
(85,2)
(63,7)
(75,1)
(80,2)
(80,12)
(82,8)
(46,4)
(94,13)
(40,14)
(61,3)
(78,13)
(87,15)
(91,9)
(74,1)
(91,7)
(69,1)
(96,16)
(68,0)
(79,8)
(87,4)
(82,8)
(59,9)
(80,13)
(81,13)
(55,2)
(48,15)
(56,18)
(88,14)
(78,12)
(50,0)
(80,2)
(90,0)
(57,8)
(68,1)
(61,4)
(74,4)
(85,16)
(61,8)
(49,4)
(42,9)
(98,9)
(65,2)
(61,6)
(75,1)
(65,0)
(54,8)
(85,14)
(90,2)
(80,2)
(69,11)
(87,8)
(76,5)
(71,2)
(92,16)
(94,5)
(62,17)
(76,7)
(75,7)
(79,1)
(98,0)
(58,16)
(43,8)
(75,15)
(40,4)
(47,0)
(80,1)
(53,8)
(87,9)
(72,9)
(92,4)
(66,3)
(88,10)
(81,1)
(90,19)
(85,9)
(42,8)
(87,14)
(80,8)
(58,13)
(75,8)
(94,10)
(48,14)
(83,16)
(65,9)
(44,4)
(68,0)
(85,3)
(72,14)
(96,7)
(62,0)
(52,4)
(92,10)
(52,14)
(71,1)
(54,18)
(76,4)
(57,18)
(58,16)
(45,18)
(70,3)
(87,5)
(95,0)
(50,1)
(41,13)
(80,0)
(93,0)
(42,8)
(50,3)
(59,19)
(60,15)
(64,11)
(79,17)
(79,2)
(57,18)
(42,13)
(65,0)
(95,15)
(93,19)
(66,17)
(63,9)
(69,12)
(67,3)
(98,19)
(60,14)
(78,10)
(72,5)
(71,2)
(40,13)
(71,8)
(84,7)
(59,1)
(91,8)
(99,11)
(74,15)
(97,17)
(94,14)
(62,17)
(86,7)
(56,1)
(45,7)
(52,12)
(87,8)
(95,15)
(40,15)
(99,0)
(99,9)
(43,0)
(48,17)
(56,3)
(47,7)
(46,17)
(90,1)
(65,12)
(45,19)
(62,6)
(71,11)
(83,19)
(42,2)
(88,16)
(50,18)
(46,19)
(59,1)
(71,7)
(97,16)
(46,15)
(87,0)
(56,3)
(80,0)
(46,16)
(45,16)
(69,1)
(44,5)
(87,4)
(45,5)
(84,6)
(92,5)
(54,15)
(51,2)
(45,10)
(90,5)
(52,0)
(53,6)
(40,9)
(59,5)
(75,3)
(73,2)
(81,2)
(91,12)
(78,5)
(48,10)
(85,8)
(46,19)
(48,9)
(77,16)
(75,0)
(71,0)
(86,8)
(45,18)
(81,0)
(44,12)
(73,1)
(41,2)
(40,11)
(46,0)
(41,9)
(71,15)
(45,14)
(71,0)
(92,1)
(79,14)
(56,14)
(46,14)
(65,18)
(46,14)
(59,10)
(62,3)
(98,2)
(91,9)
(95,12)
(45,13)
(60,1)
(82,16)
(94,6)
(96,4)
(61,3)
(45,5)
(84,11)
(98,16)
(60,15)
(70,1)
(81,12)
(44,3)
(91,4)
(58,6)
(79,1)
(76,3)
(80,19)
(74,10)
(92,7)
(48,4)
(62,2)
(58,2)
(65,9)
(94,3)
(48,9)
(42,18)
(58,11)
(51,17)
(47,12)
(98,0)
(71,3)
(55,4)
(74,19)
(68,5)
(54,9)
(64,0)
(74,6)
(78,2)
(53,14)
(54,11)
(91,13)
(96,0)
(49,1)
(84,15)
(57,13)
(95,9)
(48,0)
(91,8)
(51,10)
(46,7)
(43,6)
(90,8)
(95,15)
(70,13)
(64,18)
(94,9)
(74,10)
(50,3)
(74,6)
(43,13)
(96,3)
(98,18)
(54,3)
(44,16)
(64,15)
(87,10)
(91,3)
(57,19)
(88,9)
(93,14)
(71,14)
(47,2)
(98,5)
(89,14)
(40,18)
(70,15)
(72,16)
(52,1)
(41,2)
(81,2)
(63,19)
(93,17)
(46,16)
(40,19)
(40,3)
(74,6)
(53,3)
(50,14)
(92,2)
(62,18)
(90,13)
(43,2)
(51,19)
(97,2)
(53,4)
(49,14)
(42,17)
(54,19)
(93,13)
(43,12)
(72,0)
(43,2)
(60,11)
(82,12)
(86,1)
(79,1)
(66,8)
(48,3)
(77,16)
(89,3)
(56,16)
(61,7)
(71,1)
(91,14)
(84,11)
(91,13)
(71,10)
(64,4)
(42,8)
(90,8)
(92,15)
(48,19)
(82,2)
(45,7)
(69,17)
(72,9)
(67,0)
(41,7)
(40,13)
(43,3)
(97,6)
(87,9)
(45,16)
(53,4)
(56,12)
(49,2)
(68,15)
(54,8)
(85,0)
(67,0)
(66,7)
(81,0)
(72,1)
(86,18)

(41,0)
(42,1)
(41,2)
(41,3)
(41,4)
(41,5)
(40,6)
(42,7)
(41,8)
(42,9)
(41,10)
(40,11)
(42,12)
(42,13)
(42,14)
(40,15)
(40,16)
(40,17)
(42,18)
(41,19)
(47,2)
(62,10)
(43,10)
(70,4)
(86,14)
(67,5)
(47,2)
(47,2)
(61,10)
(93,17)
(65,6)
(96,12)
(80,16)
(85,13)
(73,3)
(87,18)
(54,18)
(43,12)
(86,4)
(68,7)
(88,1)
(57,0)
(59,19)
(47,3)
(41,9)
(95,6)
(49,4)
(64,11)
(52,3)
(78,15)
(77,16)
(43,3)
(91,19)
(81,0)
(82,10)
(54,8)
(83,4)
(94,7)
(93,1)
(51,14)
(59,12)
(40,5)
(61,12)
(55,17)
(78,9)
(75,8)
(50,7)
(73,6)
(40,10)
(59,19)
(46,5)
(97,8)
(42,5)
(59,17)
(52,4)
(57,13)
(63,10)
(62,12)
(58,3)
(59,12)
(70,2)
(63,11)
(79,11)
(66,9)
(98,18)
(65,15)
(41,8)
(91,2)
(72,15)
(97,4)
(49,3)
(83,13)
(43,7)
(72,11)
(99,10)
(63,13)
(50,8)
(99,12)
(46,11)
(48,17)
(46,4)
(72,12)
(97,16)
(61,11)
(55,0)
(67,13)
(76,19)
(52,4)
(66,0)
(70,1)
(76,8)
(46,6)
(54,2)
(66,1)
(49,18)
(72,8)
(57,0)
(91,0)
(57,14)
(80,0)
(41,15)
(77,4)
(84,0)
(88,6)
(60,2)
(59,8)
(72,6)
(80,5)
(90,11)
(67,16)
(79,1)
(89,4)
(85,14)
(66,17)
(40,7)
(43,19)
(96,0)
(49,17)
(99,13)
(96,19)
(70,9)
(51,2)
(42,1)
(74,3)
(84,9)
(81,16)
(88,11)
(71,10)
(92,7)
(51,7)
(81,19)
(84,3)
(94,3)
(67,0)
(74,0)
(92,11)
(47,13)
(75,16)
(59,4)
(96,4)
(82,17)
(81,3)
(77,13)
(59,11)
(55,11)
(87,3)
(77,7)
(93,10)
(50,10)
(69,16)
(79,12)
(82,0)
(52,11)
(69,15)
(55,2)
(94,15)
(79,14)
(49,16)
(86,9)
(81,14)
(53,8)
(68,17)
(46,15)
(62,2)
(60,1)
(72,11)
(67,18)
(46,5)
(52,11)
(93,0)
(47,11)
(92,0)
(82,0)
(54,7)
(62,0)
(83,8)
(92,1)
(76,2)
(55,2)
(82,10)
(40,6)
(94,4)
(90,5)
(77,5)
(91,10)
(55,4)
(74,4)
(60,5)
(76,10)
(76,17)
(72,0)
(93,1)
(76,1)
(73,17)
(52,1)
(57,14)
(41,3)
(86,15)
(95,6)
(93,12)
(65,16)
(48,4)
(64,12)
(65,5)
(68,3)
(99,4)
(41,2)
(98,1)
(46,9)
(48,3)
(47,4)
(77,11)
(70,16)
(93,15)
(71,5)
(87,18)
(49,1)
(80,4)
(47,11)
(54,16)
(81,7)
(42,2)
(75,15)
(67,1)
(89,10)
(55,3)
(89,3)
(49,1)
(99,17)
(66,9)
(98,14)
(74,14)
(67,17)
(49,11)
(47,10)
(88,18)
(90,5)
(51,14)
(79,3)
(66,0)
(74,0)
(48,9)
(66,9)
(65,8)
(93,4)
(97,14)
(54,1)
(59,3)
(46,13)
(76,7)
(78,1)
(74,11)
(77,16)
(99,0)
(95,14)
(88,3)
(41,12)
(91,18)
(82,4)
(69,0)
(67,2)
(87,19)
(59,12)
(89,19)
(89,17)
(70,0)
(63,2)
(48,10)
(49,5)
(59,18)
(51,11)
(65,1)
(89,15)
(96,2)
(50,0)
(56,4)
(51,9)
(60,17)
(70,18)
(72,10)
(41,14)
(57,11)
(95,17)
(50,4)
(66,18)
(62,13)
(62,19)
(77,0)
(52,15)
(78,8)
(53,1)
(62,11)
(83,0)
(51,10)
(81,10)
(68,15)
(90,11)
(49,4)
(83,18)
(64,14)
(62,1)
(62,9)
(54,5)
(61,10)
(68,10)
(99,6)
(45,0)
(46,4)
(40,17)
(92,4)
(58,18)
(90,10)
(42,16)
(48,0)
(57,10)
(60,13)
(85,1)
(92,2)
(60,14)
(67,2)
(87,5)
(50,15)
(64,2)
(89,2)
(93,6)
(60,17)
(49,4)
(97,15)
(72,8)
(47,11)
(66,15)
(95,9)
(97,9)
(93,9)
(42,13)
(81,3)
(68,4)
(66,17)
(95,8)
(89,5)
(85,15)
(41,2)
(97,14)
(59,2)
(63,9)
(67,16)
(76,18)
(58,0)
(68,17)
(81,1)
(88,4)
(87,5)
(60,15)
(70,12)
(87,17)
(70,2)
(82,15)
(70,13)
(86,17)
(84,0)
(45,6)
(80,12)
(83,3)
(66,18)
(57,1)
(58,2)
(80,1)
(68,14)
(95,5)
(90,0)
(74,15)
(77,8)
(56,12)
(84,7)
(92,4)
(90,10)
(49,9)
(94,9)
(98,16)
(49,4)
(77,0)
(85,15)
(69,17)
(51,16)
(41,9)
(85,0)
(76,18)
(83,0)
(55,0)
(50,16)
(83,5)
(78,8)
(55,10)
(59,4)
(67,16)
(45,3)
(57,6)
(89,19)
(92,4)
(60,6)
(67,16)
(40,17)
(81,14)
(61,13)
(65,9)
(92,13)
(74,17)
(88,9)
(59,10)
(81,3)
(70,9)
(87,18)
(92,11)
(84,17)
(67,3)
(66,0)
(47,10)
(64,10)
(56,6)
(48,7)
(86,0)
(81,1)
(50,1)
(96,18)
(61,11)
(67,1)
(99,5)
(92,9)
(49,6)
(79,6)
(60,5)
(45,6)
(40,8)
(75,16)
(52,12)
(82,9)
(67,18)
(48,10)
(44,13)
(42,5)
(96,8)
(58,11)
(97,13)
(62,1)
(93,0)
(67,18)
(66,3)
(74,9)
(85,1)
(55,0)
(69,0)
(86,14)
(96,3)
(96,9)
(84,7)
(60,2)
(43,7)
(53,19)
(65,2)
(81,15)
(51,10)
(54,15)
(66,8)
(91,1)
(43,0)
(53,2)
(46,17)
(57,7)
(65,12)
(75,5)
(45,6)
(65,10)
(71,12)
(80,8)
(45,4)
(80,5)
(57,8)
(55,11)
(58,19)
(48,5)
(76,19)
(70,12)
(84,4)
(93,14)
(50,7)
(49,5)
(75,16)
(96,16)
(72,0)
(91,10)
(51,2)
(76,0)
(52,11)
(92,9)
(81,4)
(55,3)
(67,6)
(40,9)
(56,19)
(87,17)
(92,8)
(49,9)
(80,0)
(48,14)
(81,11)
(44,5)
(61,15)
(81,7)
(58,3)
(74,10)
(94,4)
(75,19)
(49,0)
(74,5)
(87,6)
(95,12)
(55,0)
(53,14)
(53,2)
(72,6)
(55,7)
(87,15)
(82,18)
(88,6)
(87,15)
(89,7)
(77,10)
(73,8)
(60,2)
(68,7)
(78,1)
(43,19)
(94,2)
(90,7)
(86,1)
(67,16)
(44,7)
(41,8)
(79,5)
(86,14)
(56,7)
(68,9)
(48,6)
(75,1)
(46,14)
(56,15)
(55,0)
(63,13)
(93,5)
(61,15)
(96,0)
(95,16)
(44,17)
(43,4)
(92,5)
(68,9)
(87,1)
(40,11)
(69,7)
(97,4)
(77,16)
(89,1)
(87,14)
(81,1)
(60,13)
(64,18)
(72,14)
(82,4)
(57,6)
(73,13)
(51,11)
(42,18)
(85,5)
(45,3)
(92,4)
(44,10)
(75,6)
(55,0)
(57,6)
(73,14)
(94,5)
(71,1)
(59,0)
(47,19)
(63,1)
(74,1)
(63,5)
(47,4)
(45,5)
(53,18)
(73,2)
(44,9)
(54,0)
(88,12)
(73,13)
(98,6)
(87,9)
(75,5)
(65,2)
(47,1)
(51,17)
(99,13)
(78,5)
(79,0)
(91,1)
(67,14)
(63,3)
(74,16)
(90,15)
(67,1)
(91,4)
(47,6)
(50,2)
(60,3)
(61,14)
(69,3)
(68,16)
(99,4)
(69,12)
(83,18)
(93,5)
(61,1)
(56,1)
(97,4)
(62,15)
(50,10)
(81,14)
(89,12)
(65,1)
(55,3)
(70,6)
(86,2)
(48,14)
(99,0)
(61,19)
(87,4)
(88,3)
(85,4)
(51,0)
(98,16)
(99,18)
(52,2)
(98,16)
(86,4)
(66,13)
(46,16)
(95,17)
(42,15)
(53,16)
(76,2)
(68,2)
(44,1)
(94,11)
(80,0)
(99,6)
(56,15)
(84,4)
(53,6)
(95,6)
(59,4)
(72,1)
(73,1)
(66,14)
(61,9)
(77,1)
(64,3)
(74,6)
(85,6)
(60,8)
(83,14)
(91,14)
(48,1)
(82,11)
(42,14)
(64,4)
(51,9)
(72,12)
(89,2)
(71,15)
(69,0)
(92,3)
(84,3)
(81,16)
(86,0)
(78,0)
(49,1)
(45,7)
(80,6)
(74,2)
(50,14)
(45,2)
(52,12)
(57,16)
(54,6)
(63,7)
(92,11)
(56,1)
(47,13)
(60,14)
(56,1)
(78,3)
(87,5)
(89,6)
(66,18)
(78,0)
(63,10)
(77,4)
(44,3)
(53,9)
(42,19)
(70,14)
(63,9)
(60,7)
(55,1)
(60,12)
(95,18)
(84,9)
(87,3)
(72,18)
(97,16)
(67,2)
(69,14)
(73,0)
(50,4)
(41,14)
(88,6)
(93,8)
(99,10)
(45,13)
(80,19)
(68,6)
(68,11)
(84,4)
(73,17)
(96,16)
(91,6)
(78,18)
(93,1)
(52,19)
(98,9)
(49,3)
(65,10)
(90,0)
(49,3)
(67,8)
(76,1)
(79,0)
(50,16)
(61,16)
(52,4)
(74,0)
(45,9)
(98,18)
(78,15)
(41,4)
(86,7)
(40,3)
(93,16)
(99,16)
(86,0)
(98,12)
(53,8)
(69,16)
(94,9)
(62,1)
(74,18)
(50,0)
(87,13)
(60,6)
(68,1)
(61,0)
(71,0)
(50,4)
(89,12)
(89,4)
(56,8)
(85,2)
(40,14)
(99,8)
(97,18)
(98,5)
(71,0)
(58,17)
(73,1)
(44,17)
(85,7)
(69,10)
(58,10)
(53,2)
(80,9)
(83,6)
(57,3)
(53,6)
(83,4)
(69,13)
(50,12)
(56,0)
(59,17)
(98,5)
(62,0)
(87,4)
(92,4)
(68,3)
(50,2)
(91,0)
(92,13)
(47,0)
(46,19)
(86,14)
(42,19)
(47,6)
(59,0)
(64,3)
(43,1)
(93,0)
(87,9)
(79,6)
(83,17)
(46,3)
(87,0)
(74,9)
(89,2)
(88,4)
(96,8)
(78,17)
(83,1)
(97,12)
(87,7)
(45,14)
(75,3)
(63,9)
(89,5)
(65,1)
(59,17)
(50,14)
(68,0)
(51,13)
(69,9)
(82,2)
(70,7)
(93,5)
(79,4)
(78,10)
(48,13)
(74,0)
(74,19)
(47,0)
(65,9)
(46,8)
(71,17)
(49,16)
(55,2)
(63,17)
(69,6)
(40,10)
(61,9)
(46,2)
(83,3)
(57,2)
(51,8)
(77,12)
(56,14)
(47,6)
(84,6)
(42,3)
(94,8)
(40,2)
(90,0)
(46,10)
(44,3)
(53,18)
(90,17)
(45,7)
(99,2)
(62,19)
(41,2)
(74,11)
(40,3)
(98,4)
(53,9)
(58,7)
(66,2)
(89,8)
(86,13)
(94,16)
(75,15)
(78,5)
(45,8)
(48,4)
(79,4)
(51,10)
(59,0)
(47,8)
(50,1)
(93,7)
(94,15)
(81,3)
(97,0)
(95,18)
(70,18)
(98,1)
(45,13)
(46,13)
(67,4)
(66,7)
(79,14)
(90,0)
(97,19)
(42,13)
(61,6)
(87,10)
(68,19)
(45,1)
(90,17)
(60,2)
(52,2)
(68,4)
(90,5)
(68,3)
(84,5)
(92,0)
(91,19)
(47,2)
(52,5)
(59,3)
(79,0)
(87,2)
(53,11)
(49,5)
(77,6)
(48,2)
(90,9)
(63,18)
(50,16)
(71,13)
(46,7)
(58,13)
(40,15)
(42,1)
(57,15)
(44,10)
(90,15)
(63,0)
(79,5)
(78,9)
(96,1)
(61,2)
(77,5)
(97,5)
(54,19)
(81,11)
(63,12)
(69,2)
(91,6)
(87,4)
(42,14)
(53,5)
(77,9)
(85,6)
(43,19)
(83,2)
(66,2)
(57,1)
(68,14)
(71,1)
(89,18)
(70,11)
(98,9)
(48,5)
(85,16)
(69,0)
(70,1)
(99,10)
(95,10)
(68,4)
(90,8)
(95,3)
(67,15)
(66,13)
(47,4)
(56,15)
(54,12)
(49,4)
(51,9)
(41,12)
(73,10)
(84,5)
(93,12)
(69,19)
(49,4)
(47,11)
(52,6)
(69,3)
(55,11)
(58,5)
(95,12)
(83,8)
(81,5)
(90,1)
(90,8)
(77,4)
(83,5)
(79,1)
(44,3)
(72,11)
(45,4)
(78,0)
(86,18)
(66,14)
(54,10)
(59,10)
(57,6)
(51,10)
(54,8)
(61,1)
(85,19)
(70,0)
(41,18)
(86,0)
(52,16)
(58,15)
(44,2)
(53,9)
(73,15)
(86,2)
(66,2)
(70,2)
(59,16)
(71,19)
(77,12)
(53,13)
(70,10)
(66,12)
(95,1)
(65,4)
(87,6)
(92,0)
(65,1)
(92,4)
(62,14)
(53,0)
(44,0)
(80,4)
(89,4)
(95,16)
(79,3)
(83,7)
(92,13)
(43,1)
(53,4)
(86,5)
(76,0)
(77,3)
(58,5)
(58,8)
(68,4)
(52,1)
(60,4)
(76,0)
(73,5)
(55,4)
(87,3)
(99,2)
(56,14)
(75,14)
(76,13)
(74,19)
(93,5)
(41,18)
(76,4)
(76,19)
(92,4)
(79,19)
(48,0)
(68,11)
(94,9)
(55,1)
(60,17)
(52,7)
(97,3)
(71,0)
(41,2)
(94,11)
(76,4)
(98,11)
(78,6)
(60,5)
(84,9)
(40,3)
(89,16)
(43,2)
(43,1)
(61,18)
(99,7)
(43,12)
(71,7)
(87,0)
(98,12)
(85,16)
(92,17)
(64,1)
(94,0)
(75,1)
(55,1)
(80,12)
(90,19)
(86,18)
(99,8)
(57,19)
(94,18)
(85,18)
(59,1)
(43,11)
(74,0)
(72,16)
(54,5)
(53,5)
(86,9)
(87,4)
(80,1)
(83,16)
(84,2)
(82,4)
(84,0)
(96,15)
(67,15)
(55,12)
(61,6)
(47,19)
(59,0)
(46,1)
(51,6)
(48,19)
(63,2)
(46,3)
(41,4)
(80,3)
(61,0)
(95,10)
(51,1)
(66,17)
(98,8)
(48,7)
(51,4)
(48,9)
(76,9)
(93,12)
(52,3)
(91,4)
(59,15)
(57,10)
(54,3)
(96,7)
(80,16)
(84,6)
(63,2)
(43,0)
(55,9)
(50,10)
(55,12)
(60,10)
(90,4)
(50,6)
(59,14)
(85,5)
(82,3)
(49,10)
(84,3)
(71,2)
(62,18)
(49,11)
(68,12)
(87,0)
(41,6)
(52,5)
(57,0)
(96,3)
(97,2)
(94,0)
(83,3)
(60,4)
(67,11)
(59,19)
(85,5)
(62,9)
(86,8)
(61,1)
(89,15)
(73,6)
(62,18)
(76,0)
(66,13)
(78,10)
(44,2)
(92,7)
(56,10)
(66,11)
(54,1)
(79,12)
(44,5)
(82,10)
(86,12)
(42,18)
(87,5)
(48,18)
(54,14)
(41,12)
(49,7)
(93,1)
(61,0)
(40,1)
(51,12)
(55,12)
(63,13)
(99,12)
(86,15)
(65,2)
(85,1)
(43,0)
(99,15)
(54,1)
(48,0)
(96,0)
(45,8)
(57,5)
(73,1)
(56,1)
(69,15)
(92,6)
(44,4)
(58,9)
(86,8)
(73,0)
(63,10)
(89,6)
(66,15)
(98,11)
(48,12)
(82,16)
(56,13)
(77,0)
(80,18)
(98,6)
(43,1)
(86,6)
(64,11)
(90,10)
(64,15)
(63,0)
(54,13)
(53,1)
(80,12)
(82,7)
(61,3)
(98,17)
(51,14)
(66,16)
(87,4)
(73,10)
(97,6)
(42,8)
(80,18)
(57,13)
(67,3)
(56,14)
(72,0)
(43,5)
(85,5)
(50,9)
(93,14)
(83,19)
(86,16)
(67,13)
(79,1)
(87,19)
(89,2)
(57,5)
(70,2)
(74,19)
(91,16)
(92,2)
(46,3)
(75,5)
(62,17)
(86,11)
(73,6)
(84,9)
(56,16)
(79,15)
(79,5)
(65,0)
(96,4)
(73,9)
(62,11)
(46,2)
(86,14)
(47,15)
(68,13)
(59,1)
(68,4)
(50,9)
(49,9)
(97,8)
(80,12)
(80,5)
(45,2)
(64,18)
(99,3)
(44,2)
(66,2)
(53,17)
(91,13)
(58,1)
(71,7)
(59,4)
(91,1)
(54,8)
(68,17)
(99,12)
(72,8)
(45,15)
(61,6)
(82,15)
(89,9)
(93,0)
(57,1)
(72,13)
(61,5)
(84,3)
(48,4)
(79,8)
(67,6)
(74,8)
(55,18)
(92,10)
(40,14)
(71,0)
(99,0)
(41,5)
(80,3)
(78,14)
(85,10)
(79,1)
(80,1)
(72,5)
(71,6)
(49,11)
(76,16)
(51,1)
(75,10)
(62,13)
(53,18)
(70,5)
(67,7)
(64,18)
(50,0)
(40,14)
(67,17)
(60,5)
(65,14)
(48,1)
(63,11)
(48,17)
(71,4)
(54,13)
(63,4)
(57,1)
(90,18)
(76,15)
(67,9)
(56,13)
(70,2)
(93,11)
(86,12)
(94,3)
(43,13)
(91,3)
(72,4)
(44,0)
(94,3)
(68,0)
(98,5)
(77,5)
(57,4)
(48,15)
(41,7)
(58,12)
(60,10)
(52,8)
(86,0)
(83,14)
(95,7)
(44,0)
(62,14)
(68,7)
(53,4)
(46,1)
(97,3)
(75,8)
(42,19)
(69,5)
(67,11)
(52,9)
(47,9)
(95,11)
(85,12)
(56,0)
(92,4)
(49,6)
(76,0)
(45,6)
(55,2)
(50,15)
(97,11)
(41,3)
(46,9)
(88,4)
(45,9)
(75,0)
(87,8)
(88,16)
(67,10)
(92,1)
(49,19)
(99,9)
(66,3)
(43,6)
(75,4)
(60,7)
(61,8)
(48,3)
(99,9)
(94,6)
(67,1)
(57,15)
(54,4)
(69,16)
(62,8)
(56,3)
(72,0)
(68,13)
(64,2)
(78,7)
(99,9)
(77,15)
(75,16)
(54,13)
(44,4)
(82,3)
(98,13)
(88,8)
(51,7)
(40,15)
(48,14)
(79,9)
(80,0)
(74,19)
(40,3)
(76,6)
(55,8)
(95,3)
(88,6)
(50,0)
(87,1)
(87,10)
(63,5)
(62,9)
(44,1)
(48,0)
(56,14)
(85,0)
(82,6)
(88,6)
(69,13)
(73,8)
(99,17)
(77,10)
(96,9)
(46,10)
(80,7)
(97,2)
(42,15)
(99,13)
(83,10)
(97,4)
(91,3)
(73,6)
(48,2)
(84,19)
(49,13)
(59,1)
(40,11)
(66,1)
(97,1)
(54,13)
(90,8)
(98,11)
(43,1)
(80,1)
(50,18)
(95,8)
(78,14)
(53,11)
(66,12)
(89,3)
(67,10)
(91,0)
(50,16)
(73,14)
(45,16)
(54,0)
(99,4)
(76,2)
(56,0)
(70,2)
(87,9)
(41,7)
(82,4)
(86,3)
(80,4)
(86,16)
(48,19)
(61,18)
(75,6)
(77,2)
(97,5)
(83,0)
(56,8)
(88,8)
(85,2)
(86,1)
(73,2)
(77,1)
(45,0)
(73,7)
(46,10)
(63,2)
(49,4)
(50,6)
(75,1)
(88,7)
(59,4)
(54,6)
(80,2)
(80,11)
(46,18)
(73,0)
(70,12)
(50,17)
(88,7)
(82,7)
(72,11)
(71,2)
(55,4)
(99,7)
(82,0)
(62,15)
(79,2)
(71,3)
(84,0)
(84,11)
(96,3)
(95,1)
(78,17)
(94,2)
(82,9)
(94,2)
(52,1)
(70,16)
(81,2)
(84,0)
(63,0)
(93,11)
(50,12)
(80,2)
(96,5)
(53,0)
(79,0)
(91,11)
(48,11)
(54,15)
(89,7)
(95,11)
(99,6)
(89,2)
(66,10)
(88,2)
(82,0)
(76,4)
(94,3)
(59,6)
(67,10)
(56,19)
(48,11)
(67,11)
(70,12)
(90,19)
(92,1)
(84,19)
(41,18)
(49,0)
(93,3)
(40,12)
(43,3)
(67,6)
(84,0)
(97,4)
(95,19)
(90,5)
(75,15)
(84,17)
(87,18)
(83,1)
(83,0)
(71,16)
(41,10)
(59,2)
(70,8)
(68,6)
(58,1)
(49,5)
(62,8)
(91,18)
(83,5)
(85,13)
(76,8)
(41,10)
(62,7)
(75,0)
(88,11)
(44,1)
(83,8)
(84,17)
(84,15)
(97,1)
(70,13)
(84,2)
(57,12)
(67,6)
(49,16)
(96,15)
(77,19)
(45,1)
(90,14)
(54,10)
(48,19)
(79,14)
(44,7)
(76,11)
(79,0)
(89,17)
(75,18)
(44,2)
(79,15)
(51,6)
(49,0)
(97,0)
(73,18)
(89,18)
(40,3)
(80,3)
(46,8)
(64,7)
(53,19)
(99,8)
(49,3)
(40,15)
(59,3)
(59,16)
(50,0)
(56,17)
(86,19)
(99,2)
(78,5)
(47,5)
(41,2)
(73,13)
(66,6)
(97,1)
(71,9)
(64,5)
(95,10)
(92,19)
(99,14)
(94,1)
(68,3)
(46,19)
(90,1)
(89,5)
(89,5)
(73,0)
(92,7)
(62,2)
(99,3)
(45,1)
(47,16)
(81,5)
(89,10)
(42,5)
(84,1)
(55,14)
(71,12)
(73,14)
(73,19)
(97,3)
(77,2)
(71,12)
(52,0)
(48,6)
(97,7)
(41,13)
(58,8)
(98,0)
(70,11)
(71,6)
(93,4)
(45,13)
(50,4)
(59,18)
(46,2)
(94,14)
(59,5)
(59,15)
(83,8)
(80,0)
(89,13)
(76,4)
(62,1)
(58,2)
(66,5)
(99,4)
(64,5)
(84,1)
(77,3)
(79,7)
(57,4)
(81,0)
(82,3)
(85,2)
(73,0)
(40,16)
(92,4)
(97,1)
(82,0)
(72,17)
(57,4)
(42,4)
(82,7)
(83,16)
(46,16)
(89,6)
(76,16)
(90,12)
(74,11)
(54,8)
(51,9)
(84,6)
(88,19)
(52,17)
(47,2)
(45,13)
(62,7)
(52,6)
(69,2)
(58,12)
(68,9)
(81,1)
(98,14)
(54,9)
(65,11)
(82,18)
(97,4)
(54,9)
(84,1)
(95,10)
(62,12)
(75,12)
(71,14)
(84,10)
(74,14)
(71,1)
(73,9)
(84,10)
(60,6)
(91,12)
(74,3)
(61,6)
(68,7)
(53,7)
(42,14)
(75,5)
(69,12)
(57,6)
(63,2)
(54,12)
(44,10)
(71,14)
(42,1)
(72,15)
(94,7)
(91,2)
(69,4)
(42,0)
(64,2)
(82,0)
(41,7)
(71,7)
(52,3)
(41,14)
(51,7)
(41,9)
(71,7)
(98,16)
(79,11)
(96,11)
(74,3)
(88,16)
(89,13)
(97,13)
(48,13)
(62,1)
(57,0)
(92,1)
(50,6)
(75,18)
(78,2)
(77,15)
(91,19)
(89,15)
(74,12)
(97,10)
(47,14)
(58,9)
(45,5)
(99,9)
(43,7)
(66,5)
(98,18)
(68,6)
(72,2)
(82,3)
(51,0)
(75,16)
(60,15)
(69,10)
(64,10)
(97,3)
(72,7)
(47,2)
(58,18)
(82,10)
(63,12)
(41,6)
(76,3)
(94,4)
(98,9)
(85,10)
(60,1)
(65,18)
(52,6)
(55,8)
(57,5)
(69,10)
(84,1)
(68,2)
(46,0)
(85,2)
(63,7)
(75,1)
(80,2)
(80,12)
(82,8)
(46,4)
(94,13)
(40,14)
(61,3)
(78,13)
(87,15)
(91,9)
(74,1)
(91,7)
(69,1)
(96,16)
(68,0)
(79,8)
(87,4)
(82,8)
(59,9)
(80,13)
(81,13)
(55,2)
(48,15)
(56,18)
(88,14)
(78,12)
(50,0)
(80,2)
(90,0)
(57,8)
(68,1)
(61,4)
(74,4)
(85,16)
(61,8)
(49,4)
(42,9)
(98,9)
(65,2)
(61,6)
(75,1)
(65,0)
(54,8)
(85,14)
(90,2)
(80,2)
(69,11)
(87,8)
(76,5)
(71,2)
(92,16)
(94,5)
(62,17)
(76,7)
(75,7)
(79,1)
(98,0)
(58,16)
(43,8)
(75,15)
(40,4)
(47,0)
(80,1)
(53,8)
(87,9)
(72,9)
(92,4)
(66,3)
(88,10)
(81,1)
(90,19)
(85,9)
(42,8)
(87,14)
(80,8)
(58,13)
(75,8)
(94,10)
(48,14)
(83,16)
(65,9)
(44,4)
(68,0)
(85,3)
(72,14)
(96,7)
(62,0)
(52,4)
(92,10)
(52,14)
(71,1)
(54,18)
(76,4)
(57,18)
(58,16)
(45,18)
(70,3)
(87,5)
(95,0)
(50,1)
(41,13)
(80,0)
(93,0)
(42,8)
(50,3)
(59,19)
(60,15)
(64,11)
(79,17)
(79,2)
(57,18)
(42,13)
(65,0)
(95,15)
(93,19)
(66,17)
(63,9)
(69,12)
(67,3)
(98,19)
(60,14)
(78,10)
(72,5)
(71,2)
(40,13)
(71,8)
(84,7)
(59,1)
(91,8)
(99,11)
(74,15)
(97,17)
(94,14)
(62,17)
(86,7)
(56,1)
(45,7)
(52,12)
(87,8)
(95,15)
(40,15)
(99,0)
(99,9)
(43,0)
(48,17)
(56,3)
(47,7)
(46,17)
(90,1)
(65,12)
(45,19)
(62,6)
(71,11)
(83,19)
(42,2)
(88,16)
(50,18)
(46,19)
(59,1)
(71,7)
(97,16)
(46,15)
(87,0)
(56,3)
(80,0)
(46,16)
(45,16)
(69,1)
(44,5)
(87,4)
(45,5)
(84,6)
(92,5)
(54,15)
(51,2)
(45,10)
(90,5)
(52,0)
(53,6)
(40,9)
(59,5)
(75,3)
(73,2)
(81,2)
(91,12)
(78,5)
(48,10)
(85,8)
(46,19)
(48,9)
(77,16)
(75,0)
(71,0)
(86,8)
(45,18)
(81,0)
(44,12)
(73,1)
(41,2)
(40,11)
(46,0)
(41,9)
(71,15)
(45,14)
(71,0)
(92,1)
(79,14)
(56,14)
(46,14)
(65,18)
(46,14)
(59,10)
(62,3)
(98,2)
(91,9)
(95,12)
(45,13)
(60,1)
(82,16)
(94,6)
(96,4)
(61,3)
(45,5)
(84,11)
(98,16)
(60,15)
(70,1)
(81,12)
(44,3)
(91,4)
(58,6)
(79,1)
(76,3)
(80,19)
(74,10)
(92,7)
(48,4)
(62,2)
(58,2)
(65,9)
(94,3)
(48,9)
(42,18)
(58,11)
(51,17)
(47,12)
(98,0)
(71,3)
(55,4)
(74,19)
(68,5)
(54,9)
(64,0)
(74,6)
(78,2)
(53,14)
(54,11)
(91,13)
(96,0)
(49,1)
(84,15)
(57,13)
(95,9)
(48,0)
(91,8)
(51,10)
(46,7)
(43,6)
(90,8)
(95,15)
(70,13)
(64,18)
(94,9)
(74,10)
(50,3)
(74,6)
(43,13)
(96,3)
(98,18)
(54,3)
(44,16)
(64,15)
(87,10)
(91,3)
(57,19)
(88,9)
(93,14)
(71,14)
(47,2)
(98,5)
(89,14)
(40,18)
(70,15)
(72,16)
(52,1)
(41,2)
(81,2)
(63,19)
(93,17)
(46,16)
(40,19)
(40,3)
(74,6)
(53,3)
(50,14)
(92,2)
(62,18)
(90,13)
(43,2)
(51,19)
(97,2)
(53,4)
(49,14)
(42,17)
(54,19)
(93,13)
(43,12)
(72,0)
(43,2)
(60,11)
(82,12)
(86,1)
(79,1)
(66,8)
(48,3)
(77,16)
(89,3)
(56,16)
(61,7)
(71,1)
(91,14)
(84,11)
(91,13)
(71,10)
(64,4)
(42,8)
(90,8)
(92,15)
(48,19)
(82,2)
(45,7)
(69,17)
(72,9)
(67,0)
(41,7)
(40,13)
(43,3)
(97,6)
(87,9)
(45,16)
(53,4)
(56,12)
(49,2)
(68,15)
(54,8)
(85,0)
(67,0)
(66,7)
(81,0)
(72,1)
(86,18)
0.popular= 0.087111
1.popular= 0.075556
2.popular= 0.068000
3.popular= 0.060444
4.popular= 0.065778
5.popular= 0.052444
6.popular= 0.050667
7.popular= 0.042667
8.popular= 0.044444
9.popular= 0.051111
10.popular= 0.047111
11.popular= 0.040000
12.popular= 0.040000
13.popular= 0.039111
14.popular= 0.045778
15.popular= 0.041778
16.popular= 0.042667
17.popular= 0.031556
18.popular= 0.038222
19.popular= 0.035556

peer 0 neighbors is: 18, 86, 90, 49, 85, 48, 55, 17, 99, 77, 7, 11, 32, 
peer 1 neighbors is: 24, 55, 6, 86, 88, 50, 83, 43, 27, 2, 8, 18, 31, 
peer 2 neighbors is: 1, 52, 55, 88, 75, 37, 63, 28, 29, 51, 5, 18, 23, 32, 39, 
peer 3 neighbors is: 99, 66, 85, 65, 5, 80, 82, 41, 26, 31, 6, 7, 36, 42, 
peer 4 neighbors is: 65, 85, 50, 69, 45, 48, 25, 88, 76, 78, 11, 16, 19, 33, 35, 39, 91, 
peer 5 neighbors is: 3, 58, 2, 30, 61, 9, 50, 62, 27, 15, 8, 19, 42, 
peer 6 neighbors is: 1, 64, 84, 45, 80, 10, 54, 15, 33, 3, 30, 34, 37, 
peer 7 neighbors is: 36, 20, 70, 27, 65, 0, 64, 30, 9, 3, 14, 25, 
peer 8 neighbors is: 48, 1, 5, 36, 82, 57, 89, 97, 21, 75, 9, 11, 27, 28, 
peer 9 neighbors is: 5, 7, 12, 77, 31, 8, 29, 28, 96, 36, 23, 30, 34, 40, 61, 
peer 10 neighbors is: 6, 30, 29, 74, 58, 55, 69, 70, 44, 28, 11, 18, 27, 40, 93, 
peer 11 neighbors is: 10, 38, 32, 97, 63, 52, 0, 8, 4, 90, 
peer 12 neighbors is: 9, 49, 74, 98, 29, 33, 46, 44, 59, 99, 20, 
peer 13 neighbors is: 16, 65, 73, 79, 33, 38, 34, 17, 42, 86, 40, 
peer 14 neighbors is: 84, 28, 95, 83, 72, 54, 75, 69, 7, 50, 23, 26, 
peer 15 neighbors is: 5, 6, 87, 47, 37, 69, 72, 53, 83, 96, 17, 19, 
peer 16 neighbors is: 13, 34, 88, 83, 4, 79, 48, 26, 21, 45, 37, 
peer 17 neighbors is: 0, 13, 50, 67, 41, 77, 49, 84, 15, 71, 42, 
peer 18 neighbors is: 0, 24, 10, 51, 70, 90, 95, 73, 1, 2, 
peer 19 neighbors is: 97, 56, 5, 4, 15, 78, 71, 48, 29, 37, 
peer 20 neighbors is: 7, 22, 92, 40, 39, 12, 75, 59, 58, 46, 28, 32, 
peer 21 neighbors is: 8, 16, 47, 74, 59, 64, 24, 38, 41, 77, 30, 
peer 22 neighbors is: 20, 86, 54, 44, 51, 29, 35, 66, 31, 69, 56, 
peer 23 neighbors is: 97, 2, 55, 42, 96, 34, 81, 39, 9, 14, 27, 32, 
peer 24 neighbors is: 1, 18, 21, 75, 30, 59, 39, 55, 86, 54, 
peer 25 neighbors is: 4, 33, 7, 82, 54, 29, 69, 92, 49, 99, 
peer 26 neighbors is: 3, 16, 60, 38, 67, 14, 62, 29, 75, 39, 
peer 27 neighbors is: 1, 5, 7, 23, 46, 62, 10, 87, 8, 30, 39, 
peer 28 neighbors is: 2, 9, 10, 14, 39, 20, 8, 38, 63, 78, 
peer 29 neighbors is: 2, 9, 10, 12, 19, 22, 25, 26, 79, 52, 35, 
peer 30 neighbors is: 5, 7, 10, 24, 27, 21, 9, 65, 6, 97, 
peer 31 neighbors is: 3, 9, 22, 46, 92, 35, 36, 47, 51, 1, 
peer 32 neighbors is: 11, 90, 73, 23, 0, 76, 66, 20, 2, 84, 
peer 33 neighbors is: 6, 12, 13, 25, 34, 74, 87, 41, 4, 64, 
peer 34 neighbors is: 13, 16, 23, 33, 9, 87, 37, 55, 66, 6, 
peer 35 neighbors is: 22, 31, 94, 29, 84, 4, 95, 65, 67, 39, 
peer 36 neighbors is: 7, 8, 9, 31, 81, 67, 3, 38, 98, 66, 
peer 37 neighbors is: 2, 15, 19, 34, 6, 16, 58, 49, 38, 96, 
peer 38 neighbors is: 11, 13, 21, 26, 28, 36, 37, 51, 69, 54, 
peer 39 neighbors is: 20, 23, 24, 26, 28, 35, 4, 42, 2, 27, 
peer 40 neighbors is: 20, 73, 13, 9, 71, 85, 94, 91, 84, 10, 
peer 41 neighbors is: 3, 17, 21, 33, 60, 66, 79, 97, 57, 70, 
peer 42 neighbors is: 13, 23, 39, 17, 75, 3, 85, 5, 94, 45, 
peer 43 neighbors is: 1, 69, 
peer 44 neighbors is: 10, 12, 22, 
peer 45 neighbors is: 4, 6, 16, 42, 
peer 46 neighbors is: 12, 20, 27, 31, 
peer 47 neighbors is: 15, 21, 31, 
peer 48 neighbors is: 0, 4, 8, 16, 19, 
peer 49 neighbors is: 0, 12, 17, 25, 37, 
peer 50 neighbors is: 1, 4, 5, 14, 17, 53, 68, 
peer 51 neighbors is: 2, 18, 22, 31, 38, 68, 
peer 52 neighbors is: 2, 11, 29, 
peer 53 neighbors is: 15, 50, 
peer 54 neighbors is: 6, 14, 22, 24, 25, 38, 
peer 55 neighbors is: 0, 1, 2, 10, 23, 24, 34, 
peer 56 neighbors is: 19, 22, 
peer 57 neighbors is: 8, 41, 
peer 58 neighbors is: 5, 10, 20, 37, 
peer 59 neighbors is: 12, 20, 21, 24, 
peer 60 neighbors is: 26, 41, 
peer 61 neighbors is: 5, 9, 
peer 62 neighbors is: 5, 26, 27, 
peer 63 neighbors is: 2, 11, 28, 
peer 64 neighbors is: 6, 7, 21, 33, 
peer 65 neighbors is: 3, 4, 7, 13, 30, 35, 
peer 66 neighbors is: 3, 22, 32, 34, 36, 41, 
peer 67 neighbors is: 17, 26, 35, 36, 
peer 68 neighbors is: 51, 50, 
peer 69 neighbors is: 4, 10, 14, 15, 22, 25, 38, 43, 
peer 70 neighbors is: 7, 10, 18, 41, 
peer 71 neighbors is: 17, 19, 40, 
peer 72 neighbors is: 14, 15, 
peer 73 neighbors is: 13, 18, 32, 40, 
peer 74 neighbors is: 10, 12, 21, 33, 
peer 75 neighbors is: 2, 8, 14, 20, 24, 26, 42, 
peer 76 neighbors is: 4, 32, 
peer 77 neighbors is: 0, 9, 17, 21, 93, 
peer 78 neighbors is: 4, 19, 28, 
peer 79 neighbors is: 13, 16, 29, 41, 
peer 80 neighbors is: 3, 6, 
peer 81 neighbors is: 23, 36, 89, 
peer 82 neighbors is: 3, 8, 25, 
peer 83 neighbors is: 1, 14, 15, 16, 
peer 84 neighbors is: 6, 14, 17, 32, 35, 40, 
peer 85 neighbors is: 0, 3, 4, 40, 42, 
peer 86 neighbors is: 0, 1, 13, 22, 24, 
peer 87 neighbors is: 15, 27, 33, 34, 
peer 88 neighbors is: 1, 2, 4, 16, 
peer 89 neighbors is: 8, 81, 
peer 90 neighbors is: 0, 11, 18, 32, 
peer 91 neighbors is: 40, 4, 
peer 92 neighbors is: 20, 25, 31, 
peer 93 neighbors is: 77, 10, 
peer 94 neighbors is: 35, 40, 42, 
peer 95 neighbors is: 14, 18, 35, 
peer 96 neighbors is: 9, 15, 23, 37, 
peer 97 neighbors is: 8, 11, 19, 23, 30, 41, 
peer 98 neighbors is: 12, 36, 
peer 99 neighbors is: 0, 3, 12, 25, 

