75 Users
20 Files
1500 Transactions
7 Maximum Connections
1 Cycle Length per Upload-Download
750 Warm-up Transactions
0.400000 Zipf constant
3 Pre-Trusted Users
60 Well-Behaved (Good) Users
15 Purely Malicious Users
0 Feedback Skewing Users
0 Malignant Providing Users
0 Disguised Malicous Users
0 Sybil Attack Users
true Intelligent Trans. Generation
1474142547060 Trace Generation Seed

(0.000000,0.000000,1,false)
(0.000000,0.000000,1,false)
(0.000000,0.000000,1,false)
(0.000000,0.000000,1,false)
(0.000000,0.000000,1,false)
(0.000000,0.000000,1,false)
(0.000000,0.000000,1,false)
(0.000000,0.000000,1,false)
(0.000000,0.000000,1,false)
(0.000000,0.000000,1,false)
(0.000000,0.000000,1,false)
(0.000000,0.000000,1,false)
(0.000000,0.000000,1,false)
(0.000000,0.000000,1,false)
(0.000000,0.000000,1,false)
(1.000000,1.000000,0,true)
(1.000000,1.000000,0,true)
(1.000000,1.000000,0,true)
(1.000000,1.000000,0,false)
(1.000000,1.000000,0,false)
(1.000000,1.000000,0,false)
(1.000000,1.000000,0,false)
(1.000000,1.000000,0,false)
(1.000000,1.000000,0,false)
(1.000000,1.000000,0,false)
(1.000000,1.000000,0,false)
(1.000000,1.000000,0,false)
(1.000000,1.000000,0,false)
(1.000000,1.000000,0,false)
(1.000000,1.000000,0,false)
(1.000000,1.000000,0,false)
(1.000000,1.000000,0,false)
(1.000000,1.000000,0,false)
(1.000000,1.000000,0,false)
(1.000000,1.000000,0,false)
(1.000000,1.000000,0,false)
(1.000000,1.000000,0,false)
(1.000000,1.000000,0,false)
(1.000000,1.000000,0,false)
(1.000000,1.000000,0,false)
(1.000000,1.000000,0,false)
(1.000000,1.000000,0,false)
(1.000000,1.000000,0,false)
(1.000000,1.000000,0,false)
(1.000000,1.000000,0,false)
(1.000000,1.000000,0,false)
(1.000000,1.000000,0,false)
(1.000000,1.000000,0,false)
(1.000000,1.000000,0,false)
(1.000000,1.000000,0,false)
(1.000000,1.000000,0,false)
(1.000000,1.000000,0,false)
(1.000000,1.000000,0,false)
(1.000000,1.000000,0,false)
(1.000000,1.000000,0,false)
(1.000000,1.000000,0,false)
(1.000000,1.000000,0,false)
(1.000000,1.000000,0,false)
(1.000000,1.000000,0,false)
(1.000000,1.000000,0,false)
(1.000000,1.000000,0,false)
(1.000000,1.000000,0,false)
(1.000000,1.000000,0,false)
(1.000000,1.000000,0,false)
(1.000000,1.000000,0,false)
(1.000000,1.000000,0,false)
(1.000000,1.000000,0,false)
(1.000000,1.000000,0,false)
(1.000000,1.000000,0,false)
(1.000000,1.000000,0,false)
(1.000000,1.000000,0,false)
(1.000000,1.000000,0,false)
(1.000000,1.000000,0,false)
(1.000000,1.000000,0,false)
(1.000000,1.000000,0,false)

(0,0,false)
(1,0,false)
(2,0,false)
(3,0,false)
(4,0,false)
(5,0,false)
(6,0,false)
(7,0,false)
(8,0,false)
(9,0,false)
(10,0,false)
(11,0,false)
(12,0,false)
(13,0,false)
(14,0,false)
(15,0,true)
(50,0,true)
(21,0,true)
(23,0,true)
(24,0,true)
(26,0,true)
(28,0,true)
(29,0,true)
(31,0,true)
(32,0,true)
(33,0,true)
(34,0,true)
(36,0,true)
(37,0,true)
(38,0,true)
(39,0,true)
(41,0,true)
(42,0,true)
(43,0,true)
(44,0,true)
(45,0,true)
(46,0,true)
(47,0,true)
(49,0,true)
(51,0,true)
(53,0,true)
(54,0,true)
(55,0,true)
(56,0,true)
(57,0,true)
(59,0,true)
(60,0,true)
(61,0,true)
(62,0,true)
(63,0,true)
(64,0,true)
(66,0,true)
(68,0,true)
(69,0,true)
(71,0,true)
(72,0,true)
(73,0,true)
(74,0,true)
(0,1,false)
(1,1,false)
(2,1,false)
(3,1,false)
(4,1,false)
(5,1,false)
(6,1,false)
(7,1,false)
(8,1,false)
(9,1,false)
(10,1,false)
(11,1,false)
(12,1,false)
(13,1,false)
(14,1,false)
(16,1,true)
(40,1,true)
(15,1,true)
(19,1,true)
(35,1,true)
(38,1,true)
(39,1,true)
(41,1,true)
(43,1,true)
(46,1,true)
(48,1,true)
(50,1,true)
(53,1,true)
(55,1,true)
(56,1,true)
(61,1,true)
(62,1,true)
(64,1,true)
(67,1,true)
(68,1,true)
(70,1,true)
(71,1,true)
(0,2,false)
(1,2,false)
(2,2,false)
(3,2,false)
(4,2,false)
(5,2,false)
(6,2,false)
(7,2,false)
(8,2,false)
(9,2,false)
(10,2,false)
(11,2,false)
(12,2,false)
(13,2,false)
(14,2,false)
(17,2,true)
(47,2,true)
(18,2,true)
(25,2,true)
(40,2,true)
(48,2,true)
(49,2,true)
(52,2,true)
(59,2,true)
(65,2,true)
(67,2,true)
(0,3,false)
(1,3,false)
(2,3,false)
(3,3,false)
(4,3,false)
(5,3,false)
(6,3,false)
(7,3,false)
(8,3,false)
(9,3,false)
(10,3,false)
(11,3,false)
(12,3,false)
(13,3,false)
(14,3,false)
(18,3,true)
(66,3,true)
(52,3,true)
(54,3,true)
(70,3,true)
(72,3,true)
(74,3,true)
(0,4,false)
(1,4,false)
(2,4,false)
(3,4,false)
(4,4,false)
(5,4,false)
(6,4,false)
(7,4,false)
(8,4,false)
(9,4,false)
(10,4,false)
(11,4,false)
(12,4,false)
(13,4,false)
(14,4,false)
(19,4,true)
(60,4,true)
(65,4,true)
(0,5,false)
(1,5,false)
(2,5,false)
(3,5,false)
(4,5,false)
(5,5,false)
(6,5,false)
(7,5,false)
(8,5,false)
(9,5,false)
(10,5,false)
(11,5,false)
(12,5,false)
(13,5,false)
(14,5,false)
(20,5,true)
(17,5,true)
(42,5,true)
(58,5,true)
(0,6,false)
(1,6,false)
(2,6,false)
(3,6,false)
(4,6,false)
(5,6,false)
(6,6,false)
(7,6,false)
(8,6,false)
(9,6,false)
(10,6,false)
(11,6,false)
(12,6,false)
(13,6,false)
(14,6,false)
(21,6,true)
(35,6,true)
(36,6,true)
(58,6,true)
(0,7,false)
(1,7,false)
(2,7,false)
(3,7,false)
(4,7,false)
(5,7,false)
(6,7,false)
(7,7,false)
(8,7,false)
(9,7,false)
(10,7,false)
(11,7,false)
(12,7,false)
(13,7,false)
(14,7,false)
(22,7,true)
(30,7,true)
(0,8,false)
(1,8,false)
(2,8,false)
(3,8,false)
(4,8,false)
(5,8,false)
(6,8,false)
(7,8,false)
(8,8,false)
(9,8,false)
(10,8,false)
(11,8,false)
(12,8,false)
(13,8,false)
(14,8,false)
(23,8,true)
(57,8,true)
(51,8,true)
(0,9,false)
(1,9,false)
(2,9,false)
(3,9,false)
(4,9,false)
(5,9,false)
(6,9,false)
(7,9,false)
(8,9,false)
(9,9,false)
(10,9,false)
(11,9,false)
(12,9,false)
(13,9,false)
(14,9,false)
(24,9,true)
(16,9,true)
(0,10,false)
(1,10,false)
(2,10,false)
(3,10,false)
(4,10,false)
(5,10,false)
(6,10,false)
(7,10,false)
(8,10,false)
(9,10,false)
(10,10,false)
(11,10,false)
(12,10,false)
(13,10,false)
(14,10,false)
(25,10,true)
(45,10,true)
(0,11,false)
(1,11,false)
(2,11,false)
(3,11,false)
(4,11,false)
(5,11,false)
(6,11,false)
(7,11,false)
(8,11,false)
(9,11,false)
(10,11,false)
(11,11,false)
(12,11,false)
(13,11,false)
(14,11,false)
(26,11,true)
(63,11,true)
(0,12,false)
(1,12,false)
(2,12,false)
(3,12,false)
(4,12,false)
(5,12,false)
(6,12,false)
(7,12,false)
(8,12,false)
(9,12,false)
(10,12,false)
(11,12,false)
(12,12,false)
(13,12,false)
(14,12,false)
(27,12,true)
(20,12,true)
(0,13,false)
(1,13,false)
(2,13,false)
(3,13,false)
(4,13,false)
(5,13,false)
(6,13,false)
(7,13,false)
(8,13,false)
(9,13,false)
(10,13,false)
(11,13,false)
(12,13,false)
(13,13,false)
(14,13,false)
(28,13,true)
(22,13,true)
(0,14,false)
(1,14,false)
(2,14,false)
(3,14,false)
(4,14,false)
(5,14,false)
(6,14,false)
(7,14,false)
(8,14,false)
(9,14,false)
(10,14,false)
(11,14,false)
(12,14,false)
(13,14,false)
(14,14,false)
(29,14,true)
(73,14,true)
(0,15,false)
(1,15,false)
(2,15,false)
(3,15,false)
(4,15,false)
(5,15,false)
(6,15,false)
(7,15,false)
(8,15,false)
(9,15,false)
(10,15,false)
(11,15,false)
(12,15,false)
(13,15,false)
(14,15,false)
(30,15,true)
(27,15,true)
(0,16,false)
(1,16,false)
(2,16,false)
(3,16,false)
(4,16,false)
(5,16,false)
(6,16,false)
(7,16,false)
(8,16,false)
(9,16,false)
(10,16,false)
(11,16,false)
(12,16,false)
(13,16,false)
(14,16,false)
(31,16,true)
(69,16,true)
(0,17,false)
(1,17,false)
(2,17,false)
(3,17,false)
(4,17,false)
(5,17,false)
(6,17,false)
(7,17,false)
(8,17,false)
(9,17,false)
(10,17,false)
(11,17,false)
(12,17,false)
(13,17,false)
(14,17,false)
(32,17,true)
(44,17,true)
(0,18,false)
(1,18,false)
(2,18,false)
(3,18,false)
(4,18,false)
(5,18,false)
(6,18,false)
(7,18,false)
(8,18,false)
(9,18,false)
(10,18,false)
(11,18,false)
(12,18,false)
(13,18,false)
(14,18,false)
(33,18,true)
(17,18,true)
(0,19,false)
(1,19,false)
(2,19,false)
(3,19,false)
(4,19,false)
(5,19,false)
(6,19,false)
(7,19,false)
(8,19,false)
(9,19,false)
(10,19,false)
(11,19,false)
(12,19,false)
(13,19,false)
(14,19,false)
(34,19,true)
(37,19,true)

0,-1,1,-1,-1,-1,1,-1,1,-1,-1,-1,-1,-1,-1,-1,-1,-1,-1,-1,-1,-1,-1,-1,-1,-1,-1,-1,1,-1,-1,-1,-1,-1,-1,-1,-1,-1,-1,-1,-1,-1,-1,-1,-1,-1,-1,-1,-1,-1,-1,-1,-1,-1,-1,-1,1,1,-1,-1,-1,-1,-1,1,-1,1,-1,-1,-1,-1,-1,-1,1,1,1,
-1,0,-1,-1,1,-1,1,-1,1,-1,-1,-1,-1,-1,-1,-1,-1,-1,-1,-1,-1,-1,-1,-1,-1,-1,-1,1,1,-1,-1,-1,-1,1,-1,1,-1,-1,-1,-1,-1,-1,-1,-1,1,-1,-1,-1,-1,-1,-1,-1,1,-1,-1,-1,-1,-1,-1,-1,-1,-1,-1,-1,-1,1,-1,-1,-1,-1,-1,-1,-1,-1,-1,
1,-1,0,-1,-1,-1,1,-1,-1,-1,-1,1,1,-1,-1,-1,-1,1,-1,-1,-1,-1,-1,-1,1,-1,1,1,-1,-1,1,-1,-1,-1,-1,-1,-1,-1,-1,-1,-1,-1,-1,-1,-1,-1,-1,-1,-1,-1,-1,-1,-1,-1,-1,-1,-1,-1,-1,-1,-1,-1,-1,-1,-1,-1,-1,-1,-1,-1,-1,1,-1,-1,-1,
-1,-1,-1,0,-1,-1,1,-1,-1,-1,1,1,1,-1,1,-1,-1,-1,-1,1,-1,-1,-1,-1,-1,-1,-1,-1,-1,-1,-1,1,-1,-1,-1,-1,-1,-1,-1,-1,-1,1,-1,-1,-1,-1,-1,-1,-1,-1,1,-1,-1,-1,1,-1,-1,1,-1,-1,1,1,-1,1,-1,-1,-1,-1,-1,-1,-1,-1,-1,-1,-1,
-1,1,-1,-1,0,-1,-1,-1,-1,-1,-1,-1,1,-1,-1,-1,1,-1,-1,-1,1,-1,-1,-1,1,-1,-1,-1,-1,1,-1,-1,-1,-1,-1,-1,-1,-1,-1,-1,-1,-1,-1,-1,1,1,-1,-1,-1,-1,-1,-1,-1,-1,-1,-1,1,-1,-1,-1,-1,-1,-1,-1,-1,-1,-1,-1,-1,-1,-1,1,-1,-1,-1,
-1,-1,-1,-1,-1,0,-1,1,-1,-1,-1,-1,-1,-1,1,-1,-1,-1,-1,-1,-1,-1,-1,-1,-1,1,-1,-1,-1,-1,1,-1,-1,-1,-1,1,1,-1,-1,-1,-1,-1,-1,-1,-1,-1,-1,1,-1,-1,-1,-1,-1,-1,-1,-1,-1,1,1,-1,-1,-1,-1,-1,-1,-1,-1,-1,1,-1,-1,-1,-1,-1,1,
1,1,1,1,-1,-1,0,1,1,-1,-1,-1,-1,-1,-1,-1,1,1,-1,-1,-1,-1,-1,-1,-1,-1,-1,-1,-1,-1,-1,-1,-1,-1,1,-1,-1,-1,-1,-1,-1,-1,-1,-1,-1,-1,-1,-1,-1,-1,-1,-1,-1,-1,-1,1,-1,-1,-1,-1,-1,-1,1,-1,-1,-1,-1,-1,-1,-1,-1,-1,-1,-1,-1,
-1,-1,-1,-1,-1,1,1,0,1,-1,-1,-1,-1,-1,-1,1,-1,-1,-1,-1,1,1,-1,-1,-1,-1,-1,-1,-1,-1,-1,-1,-1,-1,-1,1,-1,-1,-1,-1,-1,1,-1,-1,-1,-1,-1,-1,-1,-1,-1,1,-1,-1,-1,-1,-1,-1,-1,1,-1,-1,-1,-1,-1,-1,-1,-1,-1,-1,-1,-1,-1,-1,1,
1,1,-1,-1,-1,-1,1,1,0,-1,1,-1,-1,-1,-1,-1,-1,-1,-1,-1,-1,-1,-1,-1,-1,-1,-1,1,-1,1,-1,-1,-1,-1,-1,-1,-1,-1,1,-1,-1,-1,-1,1,-1,-1,-1,-1,1,-1,-1,-1,-1,-1,1,-1,-1,-1,-1,1,-1,-1,-1,-1,-1,-1,-1,-1,-1,-1,-1,-1,-1,-1,-1,
-1,-1,-1,-1,-1,-1,-1,-1,-1,0,-1,-1,-1,-1,1,-1,-1,-1,-1,1,-1,-1,-1,-1,-1,1,-1,-1,-1,-1,-1,-1,-1,1,-1,-1,1,-1,-1,-1,1,1,-1,-1,-1,-1,-1,-1,-1,-1,-1,-1,-1,-1,1,-1,-1,-1,-1,-1,1,-1,-1,-1,-1,-1,-1,-1,-1,-1,1,-1,-1,-1,-1,
-1,-1,-1,1,-1,-1,-1,-1,1,-1,0,1,-1,1,-1,1,1,-1,-1,-1,-1,-1,-1,-1,-1,-1,-1,1,-1,-1,-1,-1,-1,-1,-1,-1,-1,1,-1,-1,1,-1,-1,-1,-1,-1,-1,-1,-1,1,-1,-1,-1,-1,-1,-1,-1,-1,-1,-1,-1,1,-1,1,-1,-1,-1,-1,-1,-1,-1,1,-1,-1,-1,
-1,-1,1,1,-1,-1,-1,-1,-1,-1,1,0,1,-1,-1,-1,-1,1,-1,1,-1,-1,-1,-1,-1,-1,-1,-1,-1,-1,1,1,-1,-1,-1,-1,-1,-1,-1,-1,-1,-1,-1,1,-1,1,-1,-1,-1,-1,-1,-1,-1,-1,-1,-1,-1,-1,-1,-1,-1,-1,-1,-1,-1,-1,-1,-1,-1,-1,1,-1,-1,1,-1,
-1,-1,1,1,1,-1,-1,-1,-1,-1,-1,1,0,-1,-1,-1,-1,-1,-1,-1,-1,-1,-1,-1,-1,-1,-1,1,-1,-1,-1,-1,-1,-1,-1,-1,-1,-1,-1,1,1,-1,-1,-1,-1,-1,-1,-1,-1,-1,-1,-1,-1,-1,-1,1,-1,-1,-1,-1,-1,-1,-1,-1,-1,-1,1,-1,-1,-1,-1,-1,-1,1,-1,
-1,-1,-1,-1,-1,-1,-1,-1,-1,-1,1,-1,-1,0,-1,-1,-1,-1,-1,-1,1,-1,-1,-1,-1,-1,-1,-1,-1,1,-1,-1,-1,-1,-1,-1,-1,-1,-1,-1,-1,-1,-1,-1,-1,-1,1,1,-1,-1,1,-1,-1,-1,-1,1,-1,-1,-1,-1,-1,-1,1,-1,-1,1,-1,-1,-1,-1,-1,1,-1,-1,-1,
-1,-1,-1,1,-1,1,-1,-1,-1,1,-1,-1,-1,-1,0,-1,-1,1,-1,-1,-1,-1,-1,-1,-1,1,-1,-1,-1,-1,1,1,-1,1,-1,-1,-1,-1,-1,-1,-1,-1,-1,-1,-1,-1,1,-1,-1,-1,-1,-1,-1,-1,-1,-1,-1,-1,-1,-1,-1,-1,-1,-1,-1,1,-1,-1,-1,-1,1,-1,-1,-1,-1,
-1,-1,-1,-1,-1,-1,-1,1,-1,-1,1,-1,-1,-1,-1,0,-1,-1,-1,-1,-1,-1,-1,-1,-1,-1,-1,1,1,-1,-1,-1,-1,-1,-1,-1,-1,-1,-1,-1,-1,-1,1,1,-1,-1,-1,-1,-1,-1,-1,1,-1,-1,1,-1,-1,-1,-1,-1,-1,1,-1,-1,-1,-1,-1,-1,-1,-1,-1,1,-1,-1,-1,
-1,-1,-1,-1,1,-1,1,-1,-1,-1,1,-1,-1,-1,-1,-1,0,-1,-1,-1,-1,-1,-1,-1,-1,-1,-1,1,-1,-1,-1,-1,-1,-1,1,-1,-1,1,-1,1,-1,-1,-1,-1,-1,-1,-1,-1,-1,-1,1,-1,-1,-1,-1,-1,-1,-1,-1,1,-1,-1,-1,-1,1,-1,-1,-1,-1,1,-1,1,-1,-1,-1,
-1,-1,1,-1,-1,-1,1,-1,-1,-1,-1,1,-1,-1,1,-1,-1,0,-1,-1,-1,-1,-1,-1,-1,1,1,-1,-1,-1,-1,-1,-1,-1,1,-1,-1,-1,-1,-1,-1,-1,-1,-1,-1,-1,-1,1,-1,-1,-1,-1,1,-1,-1,-1,-1,-1,-1,1,-1,-1,-1,-1,-1,-1,-1,-1,-1,-1,-1,-1,-1,-1,-1,
-1,-1,-1,-1,-1,-1,-1,-1,-1,-1,-1,-1,-1,-1,-1,-1,-1,-1,0,-1,-1,-1,-1,-1,-1,-1,-1,-1,-1,-1,-1,-1,-1,-1,-1,-1,-1,-1,-1,-1,-1,-1,-1,-1,-1,1,-1,-1,-1,-1,-1,-1,-1,-1,-1,-1,-1,-1,-1,-1,-1,-1,-1,-1,-1,-1,-1,-1,-1,-1,-1,1,-1,-1,-1,
-1,-1,-1,1,-1,-1,-1,-1,-1,1,-1,1,-1,-1,-1,-1,-1,-1,-1,0,-1,-1,-1,-1,-1,-1,-1,-1,-1,-1,-1,-1,-1,-1,-1,-1,-1,-1,-1,-1,-1,-1,1,-1,-1,-1,-1,-1,-1,-1,-1,-1,-1,-1,-1,-1,-1,-1,-1,-1,-1,-1,-1,-1,-1,-1,-1,-1,-1,-1,-1,-1,-1,-1,-1,
-1,-1,-1,-1,1,-1,-1,1,-1,-1,-1,-1,-1,1,-1,-1,-1,-1,-1,-1,0,-1,-1,-1,-1,-1,-1,-1,-1,-1,-1,-1,-1,-1,-1,-1,-1,-1,-1,-1,-1,-1,-1,-1,-1,-1,-1,-1,-1,-1,-1,-1,-1,-1,-1,-1,-1,-1,-1,-1,-1,-1,-1,-1,-1,-1,-1,-1,-1,-1,-1,-1,-1,-1,-1,
-1,-1,-1,-1,-1,-1,-1,1,-1,-1,-1,-1,-1,-1,-1,-1,-1,-1,-1,-1,-1,0,-1,-1,-1,-1,-1,-1,-1,-1,-1,-1,-1,-1,-1,-1,-1,-1,-1,-1,-1,-1,-1,-1,-1,-1,-1,-1,-1,-1,-1,-1,-1,-1,-1,1,-1,-1,-1,-1,-1,-1,-1,-1,-1,-1,-1,-1,-1,-1,-1,-1,-1,-1,-1,
-1,-1,-1,-1,-1,-1,-1,-1,-1,-1,-1,-1,-1,-1,-1,-1,-1,-1,-1,-1,-1,-1,0,-1,-1,-1,-1,-1,-1,-1,-1,-1,-1,-1,-1,-1,-1,-1,-1,-1,-1,-1,-1,-1,-1,-1,-1,-1,-1,-1,-1,-1,-1,-1,-1,-1,1,-1,-1,-1,-1,-1,-1,-1,-1,-1,-1,-1,1,-1,-1,-1,-1,-1,-1,
-1,-1,-1,-1,-1,-1,-1,-1,-1,-1,-1,-1,-1,-1,-1,-1,-1,-1,-1,-1,-1,-1,-1,0,-1,-1,1,-1,-1,-1,-1,-1,-1,-1,-1,-1,-1,-1,-1,-1,-1,-1,-1,-1,-1,-1,-1,-1,-1,-1,-1,-1,-1,-1,-1,-1,-1,-1,-1,-1,-1,-1,-1,-1,-1,-1,-1,1,-1,-1,-1,-1,-1,-1,-1,
-1,-1,1,-1,1,-1,-1,-1,-1,-1,-1,-1,-1,-1,-1,-1,-1,-1,-1,-1,-1,-1,-1,-1,0,-1,-1,-1,-1,-1,-1,-1,-1,-1,-1,-1,-1,-1,-1,-1,-1,-1,-1,-1,-1,-1,-1,-1,-1,-1,-1,-1,-1,-1,-1,-1,-1,-1,-1,-1,-1,-1,-1,-1,-1,-1,-1,-1,-1,-1,-1,-1,-1,-1,-1,
-1,-1,-1,-1,-1,1,-1,-1,-1,1,-1,-1,-1,-1,1,-1,-1,1,-1,-1,-1,-1,-1,-1,-1,0,-1,-1,-1,-1,-1,-1,-1,-1,-1,-1,-1,-1,-1,-1,-1,-1,-1,-1,-1,-1,-1,-1,-1,-1,-1,-1,-1,-1,-1,-1,-1,-1,-1,-1,-1,-1,-1,-1,-1,-1,-1,-1,-1,-1,-1,-1,-1,-1,-1,
-1,-1,1,-1,-1,-1,-1,-1,-1,-1,-1,-1,-1,-1,-1,-1,-1,1,-1,-1,-1,-1,-1,1,-1,-1,0,-1,-1,-1,-1,-1,-1,-1,-1,-1,-1,-1,1,-1,-1,-1,-1,-1,-1,-1,-1,-1,-1,-1,-1,-1,-1,-1,-1,-1,-1,-1,-1,-1,-1,-1,-1,-1,-1,-1,-1,-1,-1,-1,-1,-1,-1,-1,-1,
-1,1,1,-1,-1,-1,-1,-1,1,-1,1,-1,1,-1,-1,1,1,-1,-1,-1,-1,-1,-1,-1,-1,-1,-1,0,-1,-1,-1,-1,-1,-1,-1,-1,-1,-1,-1,-1,-1,-1,-1,-1,-1,-1,-1,-1,-1,-1,-1,-1,-1,-1,-1,-1,-1,-1,-1,-1,-1,-1,-1,-1,-1,-1,-1,-1,-1,-1,-1,-1,-1,-1,-1,
1,1,-1,-1,-1,-1,-1,-1,-1,-1,-1,-1,-1,-1,-1,1,-1,-1,-1,-1,-1,-1,-1,-1,-1,-1,-1,-1,0,-1,-1,-1,-1,-1,-1,-1,-1,-1,-1,-1,-1,-1,-1,-1,-1,-1,-1,-1,-1,-1,-1,-1,-1,-1,-1,-1,-1,-1,-1,-1,-1,-1,-1,-1,-1,-1,-1,-1,-1,-1,-1,-1,-1,-1,-1,
-1,-1,-1,-1,1,-1,-1,-1,1,-1,-1,-1,-1,1,-1,-1,-1,-1,-1,-1,-1,-1,-1,-1,-1,-1,-1,-1,-1,0,-1,-1,-1,-1,-1,-1,-1,-1,-1,-1,-1,-1,-1,-1,-1,-1,-1,-1,-1,-1,-1,-1,-1,-1,-1,-1,-1,-1,-1,-1,-1,-1,-1,-1,-1,-1,-1,-1,-1,-1,-1,-1,-1,-1,-1,
-1,-1,1,-1,-1,1,-1,-1,-1,-1,-1,1,-1,-1,1,-1,-1,-1,-1,-1,-1,-1,-1,-1,-1,-1,-1,-1,-1,-1,0,-1,-1,-1,-1,-1,-1,-1,-1,-1,-1,-1,-1,-1,-1,-1,-1,-1,-1,-1,-1,-1,-1,-1,-1,-1,-1,-1,-1,-1,-1,-1,-1,-1,-1,-1,-1,-1,-1,-1,-1,-1,-1,-1,-1,
-1,-1,-1,1,-1,-1,-1,-1,-1,-1,-1,1,-1,-1,1,-1,-1,-1,-1,-1,-1,-1,-1,-1,-1,-1,-1,-1,-1,-1,-1,0,-1,-1,-1,-1,-1,-1,-1,-1,-1,-1,-1,-1,-1,-1,-1,-1,-1,-1,-1,-1,-1,-1,-1,-1,-1,-1,-1,-1,-1,-1,-1,-1,-1,-1,-1,-1,-1,-1,-1,-1,-1,-1,-1,
-1,-1,-1,-1,-1,-1,-1,-1,-1,-1,-1,-1,-1,-1,-1,-1,-1,-1,-1,-1,-1,-1,-1,-1,-1,-1,-1,-1,-1,-1,-1,-1,0,-1,-1,-1,-1,-1,-1,-1,-1,-1,-1,-1,-1,-1,-1,-1,-1,-1,-1,-1,-1,-1,-1,-1,-1,1,-1,-1,1,-1,-1,-1,-1,-1,-1,-1,-1,-1,-1,-1,-1,-1,-1,
-1,1,-1,-1,-1,-1,-1,-1,-1,1,-1,-1,-1,-1,1,-1,-1,-1,-1,-1,-1,-1,-1,-1,-1,-1,-1,-1,-1,-1,-1,-1,-1,0,-1,-1,-1,-1,-1,-1,-1,-1,-1,-1,-1,-1,-1,-1,-1,-1,-1,-1,-1,-1,-1,-1,-1,-1,-1,-1,-1,-1,-1,-1,-1,-1,-1,-1,-1,-1,-1,-1,-1,-1,-1,
-1,-1,-1,-1,-1,-1,1,-1,-1,-1,-1,-1,-1,-1,-1,-1,1,1,-1,-1,-1,-1,-1,-1,-1,-1,-1,-1,-1,-1,-1,-1,-1,-1,0,-1,-1,-1,-1,-1,-1,-1,-1,-1,-1,-1,-1,-1,-1,-1,-1,-1,-1,-1,-1,-1,-1,-1,-1,-1,-1,-1,-1,-1,-1,-1,-1,-1,-1,-1,-1,-1,-1,-1,-1,
-1,1,-1,-1,-1,1,-1,1,-1,-1,-1,-1,-1,-1,-1,-1,-1,-1,-1,-1,-1,-1,-1,-1,-1,-1,-1,-1,-1,-1,-1,-1,-1,-1,-1,0,-1,-1,-1,-1,-1,-1,-1,-1,-1,-1,-1,-1,-1,-1,-1,-1,-1,-1,-1,-1,-1,-1,-1,-1,-1,-1,-1,-1,-1,-1,-1,-1,-1,-1,-1,-1,-1,-1,-1,
-1,-1,-1,-1,-1,1,-1,-1,-1,1,-1,-1,-1,-1,-1,-1,-1,-1,-1,-1,-1,-1,-1,-1,-1,-1,-1,-1,-1,-1,-1,-1,-1,-1,-1,-1,0,-1,-1,-1,-1,-1,-1,-1,-1,-1,-1,-1,-1,-1,-1,-1,-1,-1,-1,-1,-1,-1,-1,-1,-1,-1,-1,-1,-1,-1,-1,-1,-1,-1,-1,-1,-1,-1,-1,
-1,-1,-1,-1,-1,-1,-1,-1,-1,-1,1,-1,-1,-1,-1,-1,1,-1,-1,-1,-1,-1,-1,-1,-1,-1,-1,-1,-1,-1,-1,-1,-1,-1,-1,-1,-1,0,-1,-1,-1,-1,-1,-1,-1,-1,-1,-1,-1,-1,-1,-1,-1,-1,-1,-1,-1,-1,-1,-1,-1,-1,-1,-1,-1,-1,-1,-1,-1,-1,-1,-1,-1,-1,-1,
-1,-1,-1,-1,-1,-1,-1,-1,1,-1,-1,-1,-1,-1,-1,-1,-1,-1,-1,-1,-1,-1,-1,-1,-1,-1,1,-1,-1,-1,-1,-1,-1,-1,-1,-1,-1,-1,0,-1,-1,-1,-1,-1,-1,-1,-1,-1,-1,1,-1,-1,-1,-1,-1,-1,-1,-1,1,-1,-1,-1,-1,-1,-1,-1,1,-1,-1,-1,-1,-1,-1,-1,-1,
-1,-1,-1,-1,-1,-1,-1,-1,-1,-1,-1,-1,1,-1,-1,-1,1,-1,-1,-1,-1,-1,-1,-1,-1,-1,-1,-1,-1,-1,-1,-1,-1,-1,-1,-1,-1,-1,-1,0,-1,-1,-1,-1,-1,-1,-1,-1,-1,-1,-1,-1,-1,-1,-1,-1,-1,-1,-1,-1,-1,-1,-1,-1,-1,-1,-1,-1,-1,-1,-1,-1,-1,-1,-1,
-1,-1,-1,-1,-1,-1,-1,-1,-1,1,1,-1,1,-1,-1,-1,-1,-1,-1,-1,-1,-1,-1,-1,-1,-1,-1,-1,-1,-1,-1,-1,-1,-1,-1,-1,-1,-1,-1,-1,0,-1,-1,-1,-1,-1,-1,-1,-1,-1,-1,-1,-1,-1,-1,-1,-1,-1,-1,-1,-1,-1,-1,-1,-1,-1,-1,-1,-1,-1,-1,-1,-1,-1,-1,
-1,-1,-1,1,-1,-1,-1,1,-1,1,-1,-1,-1,-1,-1,-1,-1,-1,-1,-1,-1,-1,-1,-1,-1,-1,-1,-1,-1,-1,-1,-1,-1,-1,-1,-1,-1,-1,-1,-1,-1,0,-1,-1,-1,-1,-1,-1,-1,-1,-1,-1,-1,-1,-1,-1,-1,-1,-1,-1,-1,-1,-1,-1,-1,-1,-1,-1,-1,-1,-1,-1,-1,-1,-1,
-1,-1,-1,-1,-1,-1,-1,-1,-1,-1,-1,-1,-1,-1,-1,1,-1,-1,-1,1,-1,-1,-1,-1,-1,-1,-1,-1,-1,-1,-1,-1,-1,-1,-1,-1,-1,-1,-1,-1,-1,-1,0,-1,-1,-1,-1,-1,-1,-1,-1,-1,-1,-1,-1,-1,-1,-1,-1,-1,-1,-1,-1,-1,-1,-1,-1,-1,-1,-1,-1,-1,-1,-1,-1,
-1,-1,-1,-1,-1,-1,-1,-1,1,-1,-1,1,-1,-1,-1,1,-1,-1,-1,-1,-1,-1,-1,-1,-1,-1,-1,-1,-1,-1,-1,-1,-1,-1,-1,-1,-1,-1,-1,-1,-1,-1,-1,0,-1,-1,-1,-1,-1,-1,-1,-1,-1,-1,-1,-1,-1,-1,-1,-1,-1,-1,-1,-1,-1,-1,-1,-1,-1,-1,-1,-1,-1,-1,-1,
-1,1,-1,-1,1,-1,-1,-1,-1,-1,-1,-1,-1,-1,-1,-1,-1,-1,-1,-1,-1,-1,-1,-1,-1,-1,-1,-1,-1,-1,-1,-1,-1,-1,-1,-1,-1,-1,-1,-1,-1,-1,-1,-1,0,-1,-1,-1,-1,-1,-1,-1,-1,-1,-1,-1,-1,-1,-1,-1,-1,-1,-1,-1,-1,-1,-1,-1,-1,-1,-1,-1,-1,-1,-1,
-1,-1,-1,-1,1,-1,-1,-1,-1,-1,-1,1,-1,-1,-1,-1,-1,-1,1,-1,-1,-1,-1,-1,-1,-1,-1,-1,-1,-1,-1,-1,-1,-1,-1,-1,-1,-1,-1,-1,-1,-1,-1,-1,-1,0,-1,-1,-1,-1,-1,-1,-1,-1,-1,-1,-1,-1,-1,-1,-1,-1,-1,-1,-1,-1,-1,-1,-1,-1,-1,-1,-1,-1,-1,
-1,-1,-1,-1,-1,-1,-1,-1,-1,-1,-1,-1,-1,1,1,-1,-1,-1,-1,-1,-1,-1,-1,-1,-1,-1,-1,-1,-1,-1,-1,-1,-1,-1,-1,-1,-1,-1,-1,-1,-1,-1,-1,-1,-1,-1,0,-1,-1,-1,-1,-1,-1,-1,-1,-1,-1,-1,-1,-1,-1,-1,-1,-1,-1,-1,-1,-1,-1,-1,-1,-1,-1,-1,-1,
-1,-1,-1,-1,-1,1,-1,-1,-1,-1,-1,-1,-1,1,-1,-1,-1,1,-1,-1,-1,-1,-1,-1,-1,-1,-1,-1,-1,-1,-1,-1,-1,-1,-1,-1,-1,-1,-1,-1,-1,-1,-1,-1,-1,-1,-1,0,-1,-1,-1,-1,-1,-1,-1,-1,-1,-1,-1,-1,-1,-1,-1,-1,-1,-1,-1,-1,-1,-1,-1,-1,-1,-1,-1,
-1,-1,-1,-1,-1,-1,-1,-1,1,-1,-1,-1,-1,-1,-1,-1,-1,-1,-1,-1,-1,-1,-1,-1,-1,-1,-1,-1,-1,-1,-1,-1,-1,-1,-1,-1,-1,-1,-1,-1,-1,-1,-1,-1,-1,-1,-1,-1,0,-1,-1,-1,-1,-1,-1,-1,-1,-1,-1,-1,-1,-1,-1,-1,-1,1,-1,-1,-1,-1,-1,-1,-1,-1,-1,
-1,-1,-1,-1,-1,-1,-1,-1,-1,-1,1,-1,-1,-1,-1,-1,-1,-1,-1,-1,-1,-1,-1,-1,-1,-1,-1,-1,-1,-1,-1,-1,-1,-1,-1,-1,-1,-1,1,-1,-1,-1,-1,-1,-1,-1,-1,-1,-1,0,-1,-1,-1,-1,-1,-1,-1,-1,-1,-1,-1,-1,-1,-1,-1,-1,-1,-1,-1,-1,-1,-1,-1,-1,-1,
-1,-1,-1,1,-1,-1,-1,-1,-1,-1,-1,-1,-1,1,-1,-1,1,-1,-1,-1,-1,-1,-1,-1,-1,-1,-1,-1,-1,-1,-1,-1,-1,-1,-1,-1,-1,-1,-1,-1,-1,-1,-1,-1,-1,-1,-1,-1,-1,-1,0,-1,-1,1,-1,-1,-1,-1,-1,-1,-1,-1,-1,-1,-1,-1,-1,-1,-1,-1,-1,-1,-1,-1,-1,
-1,-1,-1,-1,-1,-1,-1,1,-1,-1,-1,-1,-1,-1,-1,1,-1,-1,-1,-1,-1,-1,-1,-1,-1,-1,-1,-1,-1,-1,-1,-1,-1,-1,-1,-1,-1,-1,-1,-1,-1,-1,-1,-1,-1,-1,-1,-1,-1,-1,-1,0,-1,-1,-1,-1,-1,-1,-1,-1,-1,-1,-1,-1,-1,-1,-1,-1,-1,-1,-1,-1,-1,-1,-1,
-1,1,-1,-1,-1,-1,-1,-1,-1,-1,-1,-1,-1,-1,-1,-1,-1,1,-1,-1,-1,-1,-1,-1,-1,-1,-1,-1,-1,-1,-1,-1,-1,-1,-1,-1,-1,-1,-1,-1,-1,-1,-1,-1,-1,-1,-1,-1,-1,-1,-1,-1,0,-1,-1,-1,-1,-1,-1,-1,-1,-1,-1,-1,-1,-1,-1,-1,-1,-1,-1,-1,-1,-1,-1,
-1,-1,-1,-1,-1,-1,-1,-1,-1,-1,-1,-1,-1,-1,-1,-1,-1,-1,-1,-1,-1,-1,-1,-1,-1,-1,-1,-1,-1,-1,-1,-1,-1,-1,-1,-1,-1,-1,-1,-1,-1,-1,-1,-1,-1,-1,-1,-1,-1,-1,1,-1,-1,0,-1,-1,-1,1,-1,-1,-1,-1,-1,-1,-1,-1,-1,-1,-1,-1,-1,-1,-1,-1,-1,
-1,-1,-1,1,-1,-1,-1,-1,1,1,-1,-1,-1,-1,-1,1,-1,-1,-1,-1,-1,-1,-1,-1,-1,-1,-1,-1,-1,-1,-1,-1,-1,-1,-1,-1,-1,-1,-1,-1,-1,-1,-1,-1,-1,-1,-1,-1,-1,-1,-1,-1,-1,-1,0,-1,-1,-1,-1,-1,-1,-1,-1,-1,-1,-1,-1,-1,-1,-1,-1,-1,-1,-1,-1,
-1,-1,-1,-1,-1,-1,1,-1,-1,-1,-1,-1,1,1,-1,-1,-1,-1,-1,-1,-1,1,-1,-1,-1,-1,-1,-1,-1,-1,-1,-1,-1,-1,-1,-1,-1,-1,-1,-1,-1,-1,-1,-1,-1,-1,-1,-1,-1,-1,-1,-1,-1,-1,-1,0,-1,-1,-1,-1,-1,-1,-1,-1,-1,-1,-1,-1,-1,-1,-1,-1,-1,-1,-1,
1,-1,-1,-1,1,-1,-1,-1,-1,-1,-1,-1,-1,-1,-1,-1,-1,-1,-1,-1,-1,-1,1,-1,-1,-1,-1,-1,-1,-1,-1,-1,-1,-1,-1,-1,-1,-1,-1,-1,-1,-1,-1,-1,-1,-1,-1,-1,-1,-1,-1,-1,-1,-1,-1,-1,0,-1,-1,-1,-1,-1,-1,-1,-1,-1,-1,-1,-1,-1,-1,-1,-1,-1,-1,
1,-1,-1,1,-1,1,-1,-1,-1,-1,-1,-1,-1,-1,-1,-1,-1,-1,-1,-1,-1,-1,-1,-1,-1,-1,-1,-1,-1,-1,-1,-1,1,-1,-1,-1,-1,-1,-1,-1,-1,-1,-1,-1,-1,-1,-1,-1,-1,-1,-1,-1,-1,1,-1,-1,-1,0,-1,-1,-1,-1,-1,-1,-1,-1,-1,-1,-1,-1,-1,-1,-1,-1,-1,
-1,-1,-1,-1,-1,1,-1,-1,-1,-1,-1,-1,-1,-1,-1,-1,-1,-1,-1,-1,-1,-1,-1,-1,-1,-1,-1,-1,-1,-1,-1,-1,-1,-1,-1,-1,-1,-1,1,-1,-1,-1,-1,-1,-1,-1,-1,-1,-1,-1,-1,-1,-1,-1,-1,-1,-1,-1,0,-1,-1,-1,-1,-1,-1,-1,-1,-1,-1,-1,-1,-1,-1,-1,-1,
-1,-1,-1,-1,-1,-1,-1,1,1,-1,-1,-1,-1,-1,-1,-1,1,1,-1,-1,-1,-1,-1,-1,-1,-1,-1,-1,-1,-1,-1,-1,-1,-1,-1,-1,-1,-1,-1,-1,-1,-1,-1,-1,-1,-1,-1,-1,-1,-1,-1,-1,-1,-1,-1,-1,-1,-1,-1,0,-1,-1,-1,-1,-1,-1,-1,-1,-1,-1,-1,-1,-1,-1,-1,
-1,-1,-1,1,-1,-1,-1,-1,-1,1,-1,-1,-1,-1,-1,-1,-1,-1,-1,-1,-1,-1,-1,-1,-1,-1,-1,-1,-1,-1,-1,-1,1,-1,-1,-1,-1,-1,-1,-1,-1,-1,-1,-1,-1,-1,-1,-1,-1,-1,-1,-1,-1,-1,-1,-1,-1,-1,-1,-1,0,-1,-1,-1,1,-1,-1,-1,-1,-1,-1,-1,-1,-1,-1,
-1,-1,-1,1,-1,-1,-1,-1,-1,-1,1,-1,-1,-1,-1,1,-1,-1,-1,-1,-1,-1,-1,-1,-1,-1,-1,-1,-1,-1,-1,-1,-1,-1,-1,-1,-1,-1,-1,-1,-1,-1,-1,-1,-1,-1,-1,-1,-1,-1,-1,-1,-1,-1,-1,-1,-1,-1,-1,-1,-1,0,-1,-1,-1,-1,-1,-1,-1,-1,-1,-1,-1,-1,-1,
-1,-1,-1,-1,-1,-1,1,-1,-1,-1,-1,-1,-1,1,-1,-1,-1,-1,-1,-1,-1,-1,-1,-1,-1,-1,-1,-1,-1,-1,-1,-1,-1,-1,-1,-1,-1,-1,-1,-1,-1,-1,-1,-1,-1,-1,-1,-1,-1,-1,-1,-1,-1,-1,-1,-1,-1,-1,-1,-1,-1,-1,0,-1,-1,-1,-1,-1,-1,-1,-1,-1,-1,-1,-1,
1,-1,-1,1,-1,-1,-1,-1,-1,-1,1,-1,-1,-1,-1,-1,-1,-1,-1,-1,-1,-1,-1,-1,-1,-1,-1,-1,-1,-1,-1,-1,-1,-1,-1,-1,-1,-1,-1,-1,-1,-1,-1,-1,-1,-1,-1,-1,-1,-1,-1,-1,-1,-1,-1,-1,-1,-1,-1,-1,-1,-1,-1,0,-1,-1,-1,-1,-1,-1,-1,-1,-1,-1,-1,
-1,-1,-1,-1,-1,-1,-1,-1,-1,-1,-1,-1,-1,-1,-1,-1,1,-1,-1,-1,-1,-1,-1,-1,-1,-1,-1,-1,-1,-1,-1,-1,-1,-1,-1,-1,-1,-1,-1,-1,-1,-1,-1,-1,-1,-1,-1,-1,-1,-1,-1,-1,-1,-1,-1,-1,-1,-1,-1,-1,1,-1,-1,-1,0,-1,-1,-1,-1,-1,-1,-1,-1,-1,-1,
1,1,-1,-1,-1,-1,-1,-1,-1,-1,-1,-1,-1,1,1,-1,-1,-1,-1,-1,-1,-1,-1,-1,-1,-1,-1,-1,-1,-1,-1,-1,-1,-1,-1,-1,-1,-1,-1,-1,-1,-1,-1,-1,-1,-1,-1,-1,1,-1,-1,-1,-1,-1,-1,-1,-1,-1,-1,-1,-1,-1,-1,-1,-1,0,-1,-1,-1,-1,-1,-1,-1,-1,-1,
-1,-1,-1,-1,-1,-1,-1,-1,-1,-1,-1,-1,1,-1,-1,-1,-1,-1,-1,-1,-1,-1,-1,-1,-1,-1,-1,-1,-1,-1,-1,-1,-1,-1,-1,-1,-1,-1,1,-1,-1,-1,-1,-1,-1,-1,-1,-1,-1,-1,-1,-1,-1,-1,-1,-1,-1,-1,-1,-1,-1,-1,-1,-1,-1,-1,0,1,-1,-1,-1,-1,-1,-1,-1,
-1,-1,-1,-1,-1,-1,-1,-1,-1,-1,-1,-1,-1,-1,-1,-1,-1,-1,-1,-1,-1,-1,-1,1,-1,-1,-1,-1,-1,-1,-1,-1,-1,-1,-1,-1,-1,-1,-1,-1,-1,-1,-1,-1,-1,-1,-1,-1,-1,-1,-1,-1,-1,-1,-1,-1,-1,-1,-1,-1,-1,-1,-1,-1,-1,-1,1,0,-1,-1,-1,-1,-1,-1,-1,
-1,-1,-1,-1,-1,1,-1,-1,-1,-1,-1,-1,-1,-1,-1,-1,-1,-1,-1,-1,-1,-1,1,-1,-1,-1,-1,-1,-1,-1,-1,-1,-1,-1,-1,-1,-1,-1,-1,-1,-1,-1,-1,-1,-1,-1,-1,-1,-1,-1,-1,-1,-1,-1,-1,-1,-1,-1,-1,-1,-1,-1,-1,-1,-1,-1,-1,-1,0,-1,-1,-1,-1,-1,-1,
-1,-1,-1,-1,-1,-1,-1,-1,-1,-1,-1,-1,-1,-1,-1,-1,1,-1,-1,-1,-1,-1,-1,-1,-1,-1,-1,-1,-1,-1,-1,-1,-1,-1,-1,-1,-1,-1,-1,-1,-1,-1,-1,-1,-1,-1,-1,-1,-1,-1,-1,-1,-1,-1,-1,-1,-1,-1,-1,-1,-1,-1,-1,-1,-1,-1,-1,-1,-1,0,-1,-1,1,-1,-1,
-1,-1,-1,-1,-1,-1,-1,-1,-1,1,-1,1,-1,-1,1,-1,-1,-1,-1,-1,-1,-1,-1,-1,-1,-1,-1,-1,-1,-1,-1,-1,-1,-1,-1,-1,-1,-1,-1,-1,-1,-1,-1,-1,-1,-1,-1,-1,-1,-1,-1,-1,-1,-1,-1,-1,-1,-1,-1,-1,-1,-1,-1,-1,-1,-1,-1,-1,-1,-1,0,-1,-1,-1,-1,
-1,-1,1,-1,1,-1,-1,-1,-1,-1,1,-1,-1,1,-1,1,1,-1,1,-1,-1,-1,-1,-1,-1,-1,-1,-1,-1,-1,-1,-1,-1,-1,-1,-1,-1,-1,-1,-1,-1,-1,-1,-1,-1,-1,-1,-1,-1,-1,-1,-1,-1,-1,-1,-1,-1,-1,-1,-1,-1,-1,-1,-1,-1,-1,-1,-1,-1,-1,-1,0,-1,-1,-1,
1,-1,-1,-1,-1,-1,-1,-1,-1,-1,-1,-1,-1,-1,-1,-1,-1,-1,-1,-1,-1,-1,-1,-1,-1,-1,-1,-1,-1,-1,-1,-1,-1,-1,-1,-1,-1,-1,-1,-1,-1,-1,-1,-1,-1,-1,-1,-1,-1,-1,-1,-1,-1,-1,-1,-1,-1,-1,-1,-1,-1,-1,-1,-1,-1,-1,-1,-1,-1,1,-1,-1,0,-1,-1,
1,-1,-1,-1,-1,-1,-1,-1,-1,-1,-1,1,1,-1,-1,-1,-1,-1,-1,-1,-1,-1,-1,-1,-1,-1,-1,-1,-1,-1,-1,-1,-1,-1,-1,-1,-1,-1,-1,-1,-1,-1,-1,-1,-1,-1,-1,-1,-1,-1,-1,-1,-1,-1,-1,-1,-1,-1,-1,-1,-1,-1,-1,-1,-1,-1,-1,-1,-1,-1,-1,-1,-1,0,-1,
1,-1,-1,-1,-1,1,-1,1,-1,-1,-1,-1,-1,-1,-1,-1,-1,-1,-1,-1,-1,-1,-1,-1,-1,-1,-1,-1,-1,-1,-1,-1,-1,-1,-1,-1,-1,-1,-1,-1,-1,-1,-1,-1,-1,-1,-1,-1,-1,-1,-1,-1,-1,-1,-1,-1,-1,-1,-1,-1,-1,-1,-1,-1,-1,-1,-1,-1,-1,-1,-1,-1,-1,-1,0,

(15,0)
(15,1)
(16,2)
(16,3)
(17,4)
(15,5)
(15,6)
(17,7)
(16,8)
(17,9)
(17,10)
(15,11)
(15,12)
(15,13)
(17,14)
(16,15)
(17,16)
(16,17)
(17,18)
(16,19)
(52,19)
(17,10)
(29,3)
(45,6)
(69,17)
(47,5)
(45,2)
(54,1)
(58,5)
(45,5)
(32,9)
(35,16)
(38,16)
(70,18)
(27,14)
(60,11)
(27,0)
(69,14)
(55,2)
(66,0)
(63,0)
(68,3)
(58,4)
(54,0)
(44,16)
(49,15)
(53,12)
(67,1)
(34,19)
(25,4)
(22,18)
(18,11)
(38,3)
(42,5)
(19,12)
(23,9)
(28,12)
(72,2)
(16,2)
(24,15)
(20,11)
(63,4)
(36,14)
(67,17)
(64,7)
(56,2)
(46,18)
(17,18)
(36,2)
(42,3)
(29,5)
(72,5)
(24,3)
(30,0)
(30,2)
(57,15)
(59,1)
(67,4)
(22,2)
(40,4)
(63,3)
(41,9)
(19,18)
(65,10)
(15,0)
(61,17)
(52,19)
(22,8)
(72,11)
(53,8)
(19,17)
(36,11)
(24,5)
(72,13)
(46,3)
(54,6)
(70,5)
(56,5)
(44,8)
(67,0)
(72,7)
(28,11)
(24,15)
(52,7)
(48,13)
(58,7)
(48,7)
(69,13)
(35,0)
(64,19)
(56,7)
(64,1)
(64,11)
(19,5)
(42,15)
(47,10)
(49,4)
(29,2)
(24,12)
(22,18)
(45,7)
(69,15)
(67,4)
(27,6)
(61,7)
(17,10)
(72,6)
(52,3)
(29,10)
(40,1)
(29,13)
(22,1)
(66,8)
(64,17)
(70,10)
(31,9)
(36,1)
(67,4)
(15,19)
(60,3)
(55,7)
(69,10)
(16,0)
(71,4)
(49,16)
(63,17)
(42,4)
(74,5)
(53,19)
(41,1)
(33,4)
(73,5)
(58,5)
(44,4)
(41,10)
(56,4)
(67,9)
(29,0)
(33,0)
(31,3)
(63,5)
(30,3)
(51,19)
(73,17)
(35,11)
(20,19)
(18,1)
(24,12)
(30,8)
(51,6)
(23,1)
(20,13)
(55,2)
(51,3)
(45,13)
(69,19)
(46,8)
(47,1)
(63,4)
(34,7)
(17,7)
(57,1)
(52,4)
(15,17)
(71,13)
(65,17)
(70,15)
(71,2)
(58,4)
(57,14)
(60,15)
(34,16)
(31,0)
(52,0)
(21,5)
(49,5)
(49,9)
(50,11)
(71,19)
(41,7)
(25,15)
(40,6)
(59,6)
(20,16)
(18,15)
(30,4)
(73,0)
(38,13)
(43,2)
(56,11)
(16,0)
(53,7)
(27,0)
(47,7)
(48,0)
(36,4)
(68,6)
(34,0)
(32,9)
(61,0)
(72,7)
(32,1)
(35,4)
(37,5)
(22,18)
(57,19)
(37,12)
(48,19)
(56,15)
(50,10)
(58,16)
(44,4)
(51,16)
(23,4)
(63,0)
(35,3)
(37,6)
(72,17)
(50,5)
(36,7)
(53,11)
(27,1)
(15,4)
(68,5)
(29,11)
(64,19)
(60,19)
(70,8)
(17,16)
(20,11)
(71,2)
(30,18)
(45,10)
(23,14)
(37,7)
(21,15)
(20,5)
(41,0)
(56,7)
(55,1)
(19,0)
(35,3)
(18,2)
(29,0)
(39,7)
(67,9)
(19,2)
(41,3)
(47,15)
(22,15)
(64,14)
(50,6)
(44,8)
(67,15)
(28,5)
(58,8)
(15,14)
(59,6)
(51,17)
(25,0)
(16,0)
(72,16)
(53,12)
(31,15)
(34,2)
(74,17)
(66,15)
(51,13)
(37,8)
(54,4)
(27,11)
(53,2)
(62,13)
(66,16)
(18,0)
(16,0)
(23,9)
(26,12)
(42,2)
(18,8)
(61,19)
(23,9)
(41,4)
(50,9)
(50,8)
(61,9)
(21,13)
(74,19)
(50,0)
(44,8)
(51,1)
(60,11)
(68,16)
(61,2)
(59,11)
(52,17)
(59,2)
(66,14)
(70,4)
(20,13)
(20,12)
(20,1)
(74,16)
(66,3)
(20,7)
(31,0)
(69,6)
(67,0)
(57,16)
(46,19)
(24,19)
(33,13)
(34,0)
(50,12)
(74,1)
(44,5)
(53,17)
(42,2)
(26,4)
(48,5)
(53,10)
(20,3)
(44,0)
(71,0)
(32,9)
(51,7)
(66,7)
(16,15)
(42,9)
(32,0)
(20,6)
(66,14)
(73,3)
(54,0)
(29,12)
(39,1)
(30,9)
(72,0)
(52,3)
(17,2)
(21,10)
(40,6)
(42,8)
(74,9)
(40,10)
(70,8)
(28,12)
(22,0)
(48,0)
(31,8)
(65,19)
(52,3)
(41,0)
(72,19)
(17,17)
(32,12)
(44,11)
(52,13)
(18,16)
(32,5)
(45,4)
(46,16)
(58,10)
(39,19)
(45,3)
(24,8)
(59,5)
(70,3)
(54,1)
(55,11)
(28,7)
(61,19)
(66,0)
(57,8)
(46,15)
(20,14)
(42,0)
(32,1)
(67,2)
(70,3)
(64,2)
(59,0)
(59,12)
(25,8)
(71,9)
(45,9)
(69,1)
(39,16)
(26,19)
(23,7)
(62,5)
(49,1)
(69,0)
(38,3)
(65,13)
(62,17)
(30,11)
(24,1)
(46,7)
(20,17)
(25,18)
(56,12)
(45,2)
(39,7)
(17,19)
(28,4)
(61,6)
(59,3)
(42,5)
(35,0)
(44,3)
(56,15)
(71,3)
(32,15)
(34,0)
(26,2)
(45,10)
(48,10)
(26,5)
(30,6)
(69,3)
(21,5)
(37,11)
(63,19)
(61,2)
(17,1)
(68,2)
(74,2)
(69,12)
(64,8)
(61,4)
(65,1)
(53,11)
(49,11)
(65,4)
(49,10)
(48,4)
(31,2)
(51,17)
(29,10)
(48,9)
(36,2)
(47,0)
(30,4)
(50,15)
(15,15)
(68,13)
(63,12)
(18,9)
(19,8)
(73,6)
(71,13)
(20,17)
(40,16)
(62,9)
(47,2)
(21,14)
(56,10)
(70,15)
(23,8)
(17,0)
(43,0)
(40,6)
(17,7)
(23,11)
(31,3)
(72,13)
(73,11)
(16,5)
(53,18)
(36,18)
(29,13)
(51,11)
(62,11)
(24,4)
(18,4)
(54,7)
(67,1)
(28,13)
(43,18)
(58,12)
(48,5)
(28,9)
(28,14)
(50,4)
(38,5)
(50,15)
(19,17)
(44,9)
(48,10)
(41,0)
(35,0)
(37,1)
(44,9)
(57,3)
(27,10)
(50,10)
(50,9)
(71,5)
(23,0)
(72,10)
(51,0)
(46,18)
(56,5)
(70,8)
(27,6)
(43,10)
(55,7)
(21,3)
(47,0)
(41,9)
(18,0)
(29,3)
(35,6)
(34,5)
(42,10)
(24,12)
(64,7)
(19,0)
(47,11)
(55,0)
(28,12)
(24,8)
(21,0)
(15,17)
(67,17)
(71,18)
(38,1)
(33,16)
(32,14)
(63,14)
(66,8)
(52,1)
(19,0)
(60,7)
(49,0)
(60,15)
(48,6)
(63,9)
(66,1)
(73,14)
(29,0)
(34,7)
(21,14)
(60,2)
(47,1)
(49,4)
(71,14)
(64,1)
(60,12)
(74,9)
(34,1)
(19,10)
(60,10)
(18,12)
(41,3)
(62,10)
(34,5)
(52,8)
(66,0)
(64,9)
(24,13)
(30,19)
(38,5)
(37,17)
(74,19)
(44,14)
(59,7)
(74,18)
(45,13)
(36,14)
(53,1)
(58,7)
(69,2)
(47,18)
(33,13)
(33,0)
(56,1)
(55,5)
(24,16)
(32,6)
(38,17)
(36,0)
(37,5)
(16,5)
(26,19)
(20,5)
(31,12)
(42,1)
(68,5)
(69,17)
(16,12)
(58,11)
(29,16)
(62,16)
(20,13)
(27,3)
(62,12)
(43,7)
(25,9)
(58,8)
(29,8)
(36,7)
(51,7)
(17,2)
(15,6)
(67,6)
(65,19)
(35,2)
(73,3)
(50,8)
(29,15)
(52,2)
(42,3)
(70,7)
(73,16)
(22,2)
(58,6)
(30,0)
(25,19)
(63,13)
(20,15)
(71,3)
(65,4)
(40,5)
(28,13)
(60,19)
(33,1)
(46,2)
(20,19)
(70,12)
(24,6)
(35,1)
(62,8)
(36,8)
(18,11)
(35,0)
(40,9)
(15,19)
(67,3)
(62,14)
(51,5)
(54,6)
(44,13)
(67,4)
(57,15)
(42,10)
(53,19)
(25,18)
(18,17)
(59,1)
(46,14)
(48,7)
(30,11)
(47,19)
(34,16)
(62,9)
(51,6)
(41,19)
(48,8)
(57,9)
(33,4)
(41,0)
(48,6)
(17,4)
(47,3)
(68,10)
(32,18)
(18,1)
(54,10)
(68,19)
(71,14)
(42,5)
(34,17)
(23,19)
(36,11)
(53,10)
(44,0)
(51,0)
(28,10)
(53,2)
(46,7)
(40,3)
(21,3)
(38,12)
(63,10)
(57,7)
(50,4)
(20,2)
(39,0)
(64,0)
(67,12)
(36,18)
(37,4)
(55,8)
(58,18)
(36,15)
(44,0)
(22,2)
(69,0)
(57,14)
(20,15)
(16,4)
(73,0)
(62,1)
(27,9)
(21,18)
(51,5)
(32,0)
(70,5)
(66,11)
(53,15)
(66,10)
(34,10)
(16,14)
(67,17)
(36,19)
(68,16)
(44,1)
(30,8)
(29,12)
(37,15)
(25,3)
(55,0)
(41,12)
(21,8)
(41,14)
(53,7)
(46,3)
(63,3)
(72,18)
(38,13)
(31,0)
(24,11)
(39,0)
(23,4)
(35,7)
(21,4)
(50,8)
(60,1)
(56,11)
(17,15)
(42,13)
(63,3)
(61,3)
(54,1)
(20,0)
(47,3)
(34,7)
(73,14)
(28,8)
(48,17)
(33,17)
(48,11)
(71,1)
(30,19)
(52,6)
(62,1)
(63,7)
(68,17)
(61,10)
(41,3)
(67,4)
(61,4)
(71,6)
(57,2)
(16,10)
(63,3)
(18,17)
(28,1)
(62,16)
(29,5)
(18,4)
(54,19)
(65,7)
(55,13)
(22,6)
(46,6)
(33,3)
(23,14)
(18,0)
(39,18)
(18,19)
(26,15)
(60,7)
(23,5)
(26,13)
(46,2)
(61,9)
(36,0)
(25,10)
(72,3)
(64,19)
(28,19)
(30,6)
(16,19)
(63,5)
(37,6)
(50,1)
(51,2)
(41,8)
(49,6)
(38,17)
(17,14)
(58,0)
(48,7)
(37,1)
(38,2)
(61,8)
(21,0)
(66,6)
(47,14)
(25,0)
(67,1)
(23,7)
(51,14)
(47,13)
(34,0)
(18,0)
(36,8)
(32,3)
(35,18)
(63,9)
(39,1)
(15,15)
(64,3)
(47,0)
(51,12)
(15,19)
(16,3)
(54,13)
(26,4)
(39,19)
(43,7)
(56,3)
(30,7)
(74,5)
(42,13)
(16,13)
(56,3)
(67,4)
(67,4)
(49,1)
(44,3)
(21,5)
(22,4)
(35,8)
(20,6)
(39,5)
(30,15)
(49,1)
(23,13)
(37,13)
(50,15)
(46,5)
(29,0)
(19,8)
(15,7)
(17,0)
(66,13)
(19,1)
(74,2)
(47,3)
(67,10)
(31,16)
(59,19)
(56,7)
(39,1)
(69,10)
(74,11)
(16,5)
(28,18)
(59,12)
(68,17)
(72,15)
(54,17)
(43,0)
(41,4)
(66,15)
(64,2)
(33,15)
(38,15)
(31,4)
(21,8)
(21,19)
(62,4)
(29,19)
(59,3)
(16,9)
(48,19)
(38,8)
(42,4)
(27,5)
(70,17)
(34,6)
(24,6)
(21,7)
(24,13)
(64,15)
(38,0)
(53,16)
(27,2)
(26,3)
(57,17)
(38,3)
(57,15)
(60,5)
(58,1)
(43,10)
(72,17)
(17,9)
(57,4)
(62,1)
(60,6)
(58,4)
(27,2)
(16,4)
(26,12)
(48,1)
(61,12)
(53,0)
(65,14)
(32,8)
(29,8)
(67,12)
(41,12)
(69,7)
(32,2)
(46,7)
(61,3)
(28,5)
(37,13)
(48,0)
(28,12)
(35,15)
(17,10)
(18,6)
(43,13)
(36,13)
(52,5)
(67,5)
(72,10)
(38,3)
(47,2)
(54,19)
(21,1)
(65,6)
(21,10)
(56,11)
(67,16)
(64,4)
(58,17)
(34,0)
(63,3)
(17,3)
(31,12)
(34,18)
(73,2)
(54,0)
(53,4)
(50,17)
(49,3)
(33,0)
(40,3)
(45,3)
(23,4)
(68,11)
(30,1)
(68,0)
(52,14)
(60,6)
(70,6)
(54,2)
(49,7)
(35,4)
(15,1)
(22,7)
(53,19)
(66,2)
(39,12)
(43,3)
(55,2)
(26,0)
(24,0)
(36,13)
(17,2)
(68,5)
(45,2)
(28,1)
(62,14)
(31,1)
(16,1)
(34,10)
(24,15)
(36,4)
(26,17)
(49,6)
(50,1)
(29,7)
(66,9)
(39,14)
(39,10)
(54,13)
(74,10)
(34,8)
(39,2)
(57,19)
(47,14)
(49,13)
(44,7)
(49,4)
(54,14)
(38,19)
(62,7)
(54,17)
(17,5)
(35,5)
(37,4)
(67,9)
(22,4)
(17,19)
(26,17)
(41,16)
(34,9)
(29,13)
(72,12)
(38,18)
(45,15)
(57,5)
(38,3)
(60,5)
(74,14)
(33,19)
(71,13)
(70,12)
(21,12)
(21,14)
(19,16)
(22,9)
(57,19)
(33,0)
(30,19)
(46,8)
(72,8)
(72,2)
(50,1)
(45,8)
(30,3)
(56,10)
(31,17)
(54,5)
(49,16)
(40,18)
(40,13)
(26,9)
(48,6)
(55,4)
(40,12)
(67,0)
(35,3)
(58,10)
(43,2)
(56,18)
(73,15)
(23,1)
(31,6)
(22,12)
(54,12)
(38,2)
(21,7)
(48,1)
(18,2)
(29,11)
(25,2)
(43,9)
(74,3)
(40,6)
(29,8)
(59,1)
(51,3)
(60,7)
(19,15)
(66,3)
(31,14)
(16,7)
(20,14)
(20,3)
(38,10)
(62,19)
(28,16)
(70,0)
(31,0)
(34,12)
(69,3)
(32,7)
(30,15)
(36,10)
(35,10)
(30,12)
(43,11)
(24,5)
(55,1)
(72,6)
(30,5)
(22,19)
(15,1)
(43,19)
(58,11)
(45,8)
(24,5)
(38,1)
(63,15)
(21,3)
(30,14)
(60,8)
(31,2)
(16,3)
(28,5)
(19,0)
(68,1)
(64,3)
(36,2)
(51,17)
(34,0)
(70,15)
(69,2)
(54,0)
(47,5)
(18,0)
(18,18)
(23,2)
(20,0)
(66,14)
(52,12)
(38,14)
(70,8)
(29,7)
(49,18)
(39,15)
(72,12)
(67,0)
(66,4)
(72,1)
(53,5)
(36,17)
(39,5)
(65,8)
(40,13)
(24,17)
(19,8)
(42,16)
(21,5)
(18,0)
(70,16)
(74,5)
(68,12)
(31,13)
(65,9)
(42,17)
(44,0)
(67,1)
(26,8)
(24,17)
(40,12)
(49,0)
(68,10)
(58,14)
(40,10)
(47,13)
(41,6)
(24,8)
(72,3)
(25,10)
(59,2)
(29,14)
(31,3)
(58,2)
(29,1)
(24,15)
(32,12)
(62,3)
(33,2)
(51,2)
(30,6)
(33,17)
(57,0)
(55,18)
(40,10)
(30,8)
(33,15)
(48,0)
(21,18)
(37,4)
(68,1)
(63,14)
(42,3)
(30,2)
(35,15)
(38,0)
(74,0)
(22,0)
(32,7)
(21,4)
(71,14)
(53,4)
(28,9)
(65,4)
(69,5)
(74,1)
(27,14)
(55,0)
(28,16)
(74,18)
(33,5)
(65,17)
(56,14)
(30,10)
(57,0)
(50,10)
(31,9)
(37,2)
(64,14)
(47,9)
(46,13)
(29,15)
(15,3)
(67,16)
(28,2)
(33,1)
(42,13)
(34,9)
(34,16)
(44,15)
(49,6)
(32,12)
(38,18)
(27,5)
(41,13)
(16,15)
(35,2)
(63,8)
(53,16)
(48,19)
(39,1)
(62,17)
(63,14)
(21,8)
(25,14)
(58,18)
(54,1)
(36,1)
(40,7)
(63,11)
(56,16)
(64,7)
(54,4)
(74,8)
(31,17)
(39,0)
(41,1)
(56,10)
(52,1)
(33,19)
(68,15)
(29,4)
(68,8)
(70,6)
(68,13)
(63,0)
(42,12)
(52,0)
(67,7)
(70,14)
(63,12)
(21,18)
(15,0)
(45,7)
(67,4)
(74,12)
(63,0)
(16,2)
(42,8)
(64,11)
(37,2)
(45,16)
(22,11)
(60,8)
(64,9)
(30,12)
(55,12)
(25,3)
(42,18)
(60,11)
(56,8)
(30,1)
(42,10)
(25,9)
(49,4)
(71,15)
(56,7)
(40,9)
(59,12)
(56,17)
(65,5)
(65,2)
(25,7)
(34,8)
(63,14)
(65,12)
(32,1)
(49,19)
(19,10)
(37,14)
(55,13)
(21,10)
(58,3)
(27,7)
(52,0)
(54,15)
(55,2)
(24,14)
(64,1)
(23,2)
(17,1)
(33,8)
(60,4)
(39,5)
(46,16)
(38,7)
(57,7)
(48,2)
(22,4)
(49,8)
(28,19)
(19,18)
(70,14)
(72,0)
(68,5)
(63,12)
(30,3)
(54,0)
(32,4)
(22,1)
(27,12)
(38,5)
(21,1)
(53,5)
(42,7)
(71,6)
(44,14)
(36,13)
(48,4)
(39,3)
(60,7)
(32,2)
(58,19)
(35,0)
(45,8)
(23,7)
(36,10)
(45,8)
(29,1)
(29,7)
(67,4)
(39,0)
(69,2)
(16,16)
(54,15)
(32,1)
(17,7)
(30,0)
(64,17)
(57,2)
(60,13)
(69,6)
(25,6)
(68,5)
(38,1)
(47,2)
(41,11)
(35,2)
(35,3)
(29,2)
(62,13)
(48,15)
(66,9)
(38,15)
(32,8)
(49,1)
(42,1)
(46,6)
(34,3)
(67,8)
(31,14)
(70,5)
(34,13)
(41,5)
(40,0)
(65,11)
(30,15)
(56,2)
(64,13)
(35,17)
(59,10)
(73,11)
(33,2)
(16,2)
(52,2)
(68,10)
(67,15)
(37,14)
(41,13)
(33,17)
(53,12)
(21,9)
(54,4)
(51,8)
(56,12)
(41,5)
(30,9)
(33,11)
(49,9)
(39,5)
(24,7)
(56,0)
(17,2)
(49,11)
(41,2)
(57,13)
(40,0)
(62,5)
(31,5)
(61,11)
(31,2)
(71,10)
(23,14)
(43,4)
(29,11)
(24,0)
(62,17)
(54,1)
(32,10)
(68,6)
(37,1)
(63,5)
(31,6)
(15,18)
(30,8)
(48,4)
(20,5)
(71,19)
(28,1)
(72,6)
(62,0)
(23,7)
(67,8)
(29,8)
(68,0)
(34,17)
(70,0)
(46,11)
(31,10)
(52,7)
(68,3)
(45,11)
(59,13)
(70,17)
(15,14)
(45,1)
(15,5)
(67,1)
(63,0)
(23,19)
(30,18)
(32,7)
(21,17)
(33,10)
(44,3)
(70,0)
(43,15)
(56,14)
(59,15)
(42,8)
(49,19)
(28,1)
(63,5)
(19,4)
(40,16)
(29,11)
(71,2)
(50,1)
(61,19)
(53,0)
(63,17)
(37,0)
(27,17)
(40,13)
(44,8)
(59,3)
(68,0)
(60,12)
(27,2)
(63,6)
(53,2)
(56,7)
(42,8)
(25,0)
(67,4)
(42,5)
(17,1)
(46,0)
(57,0)
(24,5)
(37,0)
(42,17)
(45,15)
(38,0)
(23,0)
(51,2)
(37,0)
(28,17)
(22,10)
(26,9)
(54,19)
(72,2)
(37,17)
(48,1)
(68,8)
(43,4)
(55,12)
(16,4)
(20,5)
(18,1)
(70,12)
(15,0)
(60,13)
(22,10)
(24,1)
(60,0)
(46,13)
(55,2)
(47,12)
(59,11)
(70,0)
(48,3)
(19,9)
(38,1)
(58,17)
(40,11)
(58,0)
(35,6)
(31,13)
(31,9)
(28,8)
(42,19)
(32,3)
(21,9)
(31,1)
(47,7)
(40,13)
(59,11)
(53,8)
(65,15)
(30,3)
(39,12)
(39,1)
(62,7)
(19,7)
(45,19)
(48,8)
(74,1)
(48,1)
(73,1)
(28,0)
(38,4)
(33,0)
(22,1)
(24,4)
(38,0)
(29,0)
(26,7)
(20,9)
(20,6)
(35,9)
(72,3)
(18,12)
(64,7)
(44,14)
(73,18)
(22,3)
(38,18)
(57,0)
(64,8)
(61,9)
(50,19)
(45,4)
(56,10)
(50,17)
(69,5)
(66,17)
(49,9)
(22,18)
(41,3)
(25,8)
(23,0)
(34,5)
(61,8)
(41,0)
(51,18)
(54,1)
(39,14)
(43,9)
(55,14)
(41,17)
(43,6)
(68,16)
(69,14)
(16,14)
(15,5)
(56,0)
(39,17)
(36,13)
(47,19)
(38,15)
(51,2)
(59,15)
(27,3)
(40,10)
(59,15)
(20,0)
(54,1)
(65,12)
(42,0)
(49,3)
(17,13)
(48,5)
(26,1)
(57,9)
(52,0)
(43,2)
(60,2)
(48,19)
(25,1)
(28,7)
(35,11)
(69,1)
(38,7)
(65,8)
(71,19)
(65,9)
(63,6)
(32,1)
(30,2)
(23,1)
(74,9)
(37,4)
(50,17)
(26,7)
(28,4)
(56,17)
(32,14)
(64,17)
(50,1)
(33,13)
(28,16)
(40,2)
(59,19)
(58,5)
(26,2)
(28,19)
(35,14)
(54,8)
(53,19)
(33,6)
(25,11)
(62,11)
(69,0)
(19,10)
(24,7)
(54,1)
(27,18)
(63,14)
(73,1)
(41,19)
(51,12)
(38,15)
(48,6)
(63,4)
(59,18)
(51,13)
(16,18)
(34,18)
(49,3)
(64,4)
(59,11)
(33,3)
(59,10)
(57,7)
(18,4)
(15,10)
(45,13)
(44,10)
(20,3)
(57,9)
(57,1)
(56,19)
(43,19)
(28,3)
(45,14)
(28,11)
(56,11)
(53,12)
(71,9)
(41,17)
(56,1)
(52,16)
(33,9)
(38,15)
(68,0)
(18,10)
(65,9)
(52,1)
(54,5)
(26,15)
(55,18)
(66,5)
(16,1)
(16,0)
(46,1)
(25,10)
(15,16)
(36,1)
(32,7)
(41,3)
(35,2)
(46,1)
(25,12)
(44,3)
(68,4)
(49,1)
(68,2)
(39,2)
(68,10)
(23,8)
(51,8)
(74,2)
(18,0)
(47,10)
(51,1)
(28,7)
(25,19)
(32,6)
(60,2)
(22,8)
(39,4)
(35,9)
(58,19)
(60,5)
(37,16)
(56,7)
(68,16)
(60,5)
(60,7)
(73,0)
(17,7)
(19,2)
(20,17)
(19,4)
(72,11)
(60,9)
(41,13)
(22,8)
(56,8)
(20,0)
(17,11)
(32,9)
(67,7)
(68,13)
(66,11)
(43,19)
(35,5)
(71,4)
(34,11)
(45,10)
(50,3)
(71,19)
(64,3)
(72,6)
(73,19)
(52,7)
(67,12)
(47,12)
(71,3)
(24,2)
(51,8)
(69,0)
(63,17)
(48,17)
(15,9)
(61,2)
(50,4)
(73,10)
(74,8)
(38,7)
(26,1)
(15,12)
(16,19)
(30,0)
(30,11)
(64,3)
(66,5)
(70,17)
(46,7)
(24,10)
(73,2)
(20,5)
(61,13)
(28,13)
(44,2)
(28,17)
(55,1)
(15,19)
(62,13)
(49,7)
(19,4)
(38,6)
(17,13)
(17,17)
(36,0)
(71,5)
(21,5)
(63,2)
(23,6)
(48,15)
(59,6)
(41,10)
(24,0)
(16,16)
(52,14)
(26,5)
(20,18)
(63,14)
(31,16)
(37,9)
(54,3)
(38,14)
(62,9)
(49,11)
(19,15)
(45,11)
(41,11)
(68,6)
(56,2)
(65,6)
(29,11)
(42,2)
(49,3)
(70,1)
(20,10)
(66,10)
(15,7)
(66,5)
(25,3)
(73,2)
(35,7)
(45,19)
(34,2)
(46,8)
(54,2)
(58,6)
(72,4)
(67,17)
(41,4)
(34,2)
(43,12)
(41,2)
(23,8)
(62,16)
(61,14)
(30,3)
(51,3)
(50,0)
(25,15)
(41,3)
(30,13)
(19,13)
(63,17)
(54,18)
(70,11)
(29,3)
(41,10)
(23,5)
(18,7)
(52,3)
(43,8)
(26,9)
(46,11)
(68,0)
(37,9)
(29,13)
(61,4)
(52,2)
(41,2)
(37,17)
(20,14)
(40,11)
(54,5)
(57,6)
(19,14)
(73,10)
(52,11)
(43,1)
(31,1)
(35,0)
(69,7)
(63,1)
(54,13)
(24,18)
(20,1)
(51,5)
(16,7)
(43,0)
(37,0)
(60,14)
(28,18)
(69,18)
(31,2)
(37,11)
(73,19)
(29,0)
(29,8)
(65,8)
(17,12)
(58,0)
(39,14)
(24,11)
(57,3)
(51,6)
(44,14)
(33,9)
(71,5)
(22,4)
(39,4)
(24,16)
(27,13)
(68,1)
(72,12)
(30,18)
(25,5)
(53,0)
(17,6)
(16,5)
(52,2)
(28,19)
(23,3)
(67,3)
(29,5)
(54,17)
(36,0)
(34,3)
(19,6)
(73,3)
(36,0)
(25,6)
(58,13)
(54,7)
(26,7)
(64,15)
(28,16)
(20,2)
(61,11)
(66,6)
(15,0)
(17,10)
(51,15)
(37,2)
(66,15)
(60,16)
(36,0)
(50,16)
(35,17)
(20,17)
(52,17)
(20,10)
(70,5)
(30,14)
(41,3)
(20,4)
(24,8)
(44,15)
(57,3)
(62,10)
(52,9)
(46,0)
(32,9)
(59,2)
(74,7)
(36,10)
(61,11)
(19,4)
(25,17)
(59,14)
(17,8)
(72,0)
(57,6)
(27,3)
(25,10)
(48,16)
(33,0)
(56,3)
(74,8)
(68,7)
(61,1)
(73,6)
(50,4)
(34,2)
(23,8)
(64,5)
(40,15)
(65,1)
(29,11)
(16,19)
(36,14)
(33,7)
(70,15)
(74,19)
(51,6)
(49,10)
(19,0)
(28,13)
(50,13)
(24,1)
(22,9)
(47,16)
(50,6)
(70,3)
(71,8)
(64,4)
(53,3)
(53,11)
(40,3)
(39,1)
(59,1)
(53,7)
(36,9)
(71,11)
(46,5)
(45,8)
(30,3)
(42,0)
(15,19)
(50,17)
(55,7)
(17,17)
(15,7)
(26,0)
(34,17)
(33,17)
(72,9)
(21,3)
(63,3)
(26,4)
(59,10)
(54,5)
(20,0)
(61,1)
(66,5)
(69,3)
(27,10)
(26,14)
(19,6)
(47,11)
(18,4)
(35,10)
(74,8)
(33,18)
(58,0)
(34,13)
(30,14)
(25,11)
(65,5)
(72,18)
(52,8)
(70,1)
(73,8)
(68,1)
(71,12)
(33,19)
(18,17)
(68,9)
(48,7)
(30,7)
(42,7)
(50,12)
(71,2)
(70,9)
(43,6)
(37,5)
(65,18)
(61,12)
(37,0)
(68,16)
(60,11)
(70,3)
(20,12)
(67,5)
(47,19)
(39,2)
(64,4)
(74,11)
(23,12)
(49,2)
(51,2)
(45,12)
(23,8)
(41,15)
(23,4)
(18,15)
(24,2)
(15,9)
(65,14)
(23,2)
(59,15)
(56,12)
(53,0)
(18,0)
(72,18)
(66,3)
(66,0)
(65,6)
(25,17)
(54,1)
(18,3)
(20,5)
(40,10)
(18,11)
(52,7)
(50,3)
(46,0)
(45,6)
(36,11)
(44,18)
(55,15)
(32,19)
(60,8)
(74,9)
(72,10)
(63,15)
(52,1)
(53,3)
(50,16)
(37,4)
(32,2)
(53,6)
(18,17)
(54,19)
(56,3)
(58,11)
(72,2)
(36,18)
(23,7)
(57,5)
(18,15)
(59,15)
(70,15)
(19,10)
(64,19)
(35,2)
(16,1)
(25,3)
(28,15)
(62,18)
(23,14)
(63,5)
(17,13)
(69,0)
(47,19)
(68,11)
(16,12)
(29,1)
(62,2)
(36,13)
(72,7)
(35,7)
(27,15)
(50,16)
(54,5)
(51,9)
(47,5)
(44,13)
(15,18)
(19,12)
(22,17)
(48,8)
(18,19)
(31,7)
(71,4)
(66,5)
(68,17)
(18,11)
(46,1)
(72,4)
(49,1)
(25,0)
(30,17)
(38,0)
(49,4)
(43,1)
(66,10)
(62,8)
(47,5)
(43,4)
(69,11)
(22,0)
(56,18)
(35,16)
(38,17)
(20,5)
(35,10)
(32,7)
(46,3)
(40,8)
(60,16)
(73,3)
(34,2)
(50,3)
(57,5)
(58,1)
(52,7)
(47,2)

(15,0)
(15,1)
(16,2)
(16,3)
(17,4)
(15,5)
(15,6)
(17,7)
(16,8)
(17,9)
(17,10)
(15,11)
(15,12)
(15,13)
(17,14)
(16,15)
(17,16)
(16,17)
(17,18)
(16,19)
(52,19)
(17,10)
(29,3)
(45,6)
(69,17)
(47,5)
(45,2)
(54,1)
(58,5)
(45,5)
(32,9)
(35,16)
(38,16)
(70,18)
(27,14)
(60,11)
(27,0)
(69,14)
(55,2)
(66,0)
(63,0)
(68,3)
(58,4)
(54,0)
(44,16)
(49,15)
(53,12)
(67,1)
(34,19)
(25,4)
(22,18)
(18,11)
(38,3)
(42,5)
(19,12)
(23,9)
(28,12)
(72,2)
(16,2)
(24,15)
(20,11)
(63,4)
(36,14)
(67,17)
(64,7)
(56,2)
(46,18)
(17,18)
(36,2)
(42,3)
(29,5)
(72,5)
(24,3)
(30,0)
(30,2)
(57,15)
(59,1)
(67,4)
(22,2)
(40,4)
(63,3)
(41,9)
(19,18)
(65,10)
(15,0)
(61,17)
(52,19)
(22,8)
(72,11)
(53,8)
(19,17)
(36,11)
(24,5)
(72,13)
(46,3)
(54,6)
(70,5)
(56,5)
(44,8)
(67,0)
(72,7)
(28,11)
(24,15)
(52,7)
(48,13)
(58,7)
(48,7)
(69,13)
(35,0)
(64,19)
(56,7)
(64,1)
(64,11)
(19,5)
(42,15)
(47,10)
(49,4)
(29,2)
(24,12)
(22,18)
(45,7)
(69,15)
(67,4)
(27,6)
(61,7)
(17,10)
(72,6)
(52,3)
(29,10)
(40,1)
(29,13)
(22,1)
(66,8)
(64,17)
(70,10)
(31,9)
(36,1)
(67,4)
(15,19)
(60,3)
(55,7)
(69,10)
(16,0)
(71,4)
(49,16)
(63,17)
(42,4)
(74,5)
(53,19)
(41,1)
(33,4)
(73,5)
(58,5)
(44,4)
(41,10)
(56,4)
(67,9)
(29,0)
(33,0)
(31,3)
(63,5)
(30,3)
(51,19)
(73,17)
(35,11)
(20,19)
(18,1)
(24,12)
(30,8)
(51,6)
(23,1)
(20,13)
(55,2)
(51,3)
(45,13)
(69,19)
(46,8)
(47,1)
(63,4)
(34,7)
(17,7)
(57,1)
(52,4)
(15,17)
(71,13)
(65,17)
(70,15)
(71,2)
(58,4)
(57,14)
(60,15)
(34,16)
(31,0)
(52,0)
(21,5)
(49,5)
(49,9)
(50,11)
(71,19)
(41,7)
(25,15)
(40,6)
(59,6)
(20,16)
(18,15)
(30,4)
(73,0)
(38,13)
(43,2)
(56,11)
(16,0)
(53,7)
(27,0)
(47,7)
(48,0)
(36,4)
(68,6)
(34,0)
(32,9)
(61,0)
(72,7)
(32,1)
(35,4)
(37,5)
(22,18)
(57,19)
(37,12)
(48,19)
(56,15)
(50,10)
(58,16)
(44,4)
(51,16)
(23,4)
(63,0)
(35,3)
(37,6)
(72,17)
(50,5)
(36,7)
(53,11)
(27,1)
(15,4)
(68,5)
(29,11)
(64,19)
(60,19)
(70,8)
(17,16)
(20,11)
(71,2)
(30,18)
(45,10)
(23,14)
(37,7)
(21,15)
(20,5)
(41,0)
(56,7)
(55,1)
(19,0)
(35,3)
(18,2)
(29,0)
(39,7)
(67,9)
(19,2)
(41,3)
(47,15)
(22,15)
(64,14)
(50,6)
(44,8)
(67,15)
(28,5)
(58,8)
(15,14)
(59,6)
(51,17)
(25,0)
(16,0)
(72,16)
(53,12)
(31,15)
(34,2)
(74,17)
(66,15)
(51,13)
(37,8)
(54,4)
(27,11)
(53,2)
(62,13)
(66,16)
(18,0)
(16,0)
(23,9)
(26,12)
(42,2)
(18,8)
(61,19)
(23,9)
(41,4)
(50,9)
(50,8)
(61,9)
(21,13)
(74,19)
(50,0)
(44,8)
(51,1)
(60,11)
(68,16)
(61,2)
(59,11)
(52,17)
(59,2)
(66,14)
(70,4)
(20,13)
(20,12)
(20,1)
(74,16)
(66,3)
(20,7)
(31,0)
(69,6)
(67,0)
(57,16)
(46,19)
(24,19)
(33,13)
(34,0)
(50,12)
(74,1)
(44,5)
(53,17)
(42,2)
(26,4)
(48,5)
(53,10)
(20,3)
(44,0)
(71,0)
(32,9)
(51,7)
(66,7)
(16,15)
(42,9)
(32,0)
(20,6)
(66,14)
(73,3)
(54,0)
(29,12)
(39,1)
(30,9)
(72,0)
(52,3)
(17,2)
(21,10)
(40,6)
(42,8)
(74,9)
(40,10)
(70,8)
(28,12)
(22,0)
(48,0)
(31,8)
(65,19)
(52,3)
(41,0)
(72,19)
(17,17)
(32,12)
(44,11)
(52,13)
(18,16)
(32,5)
(45,4)
(46,16)
(58,10)
(39,19)
(45,3)
(24,8)
(59,5)
(70,3)
(54,1)
(55,11)
(28,7)
(61,19)
(66,0)
(57,8)
(46,15)
(20,14)
(42,0)
(32,1)
(67,2)
(70,3)
(64,2)
(59,0)
(59,12)
(25,8)
(71,9)
(45,9)
(69,1)
(39,16)
(26,19)
(23,7)
(62,5)
(49,1)
(69,0)
(38,3)
(65,13)
(62,17)
(30,11)
(24,1)
(46,7)
(20,17)
(25,18)
(56,12)
(45,2)
(39,7)
(17,19)
(28,4)
(61,6)
(59,3)
(42,5)
(35,0)
(44,3)
(56,15)
(71,3)
(32,15)
(34,0)
(26,2)
(45,10)
(48,10)
(26,5)
(30,6)
(69,3)
(21,5)
(37,11)
(63,19)
(61,2)
(17,1)
(68,2)
(74,2)
(69,12)
(64,8)
(61,4)
(65,1)
(53,11)
(49,11)
(65,4)
(49,10)
(48,4)
(31,2)
(51,17)
(29,10)
(48,9)
(36,2)
(47,0)
(30,4)
(50,15)
(15,15)
(68,13)
(63,12)
(18,9)
(19,8)
(73,6)
(71,13)
(20,17)
(40,16)
(62,9)
(47,2)
(21,14)
(56,10)
(70,15)
(23,8)
(17,0)
(43,0)
(40,6)
(17,7)
(23,11)
(31,3)
(72,13)
(73,11)
(16,5)
(53,18)
(36,18)
(29,13)
(51,11)
(62,11)
(24,4)
(18,4)
(54,7)
(67,1)
(28,13)
(43,18)
(58,12)
(48,5)
(28,9)
(28,14)
(50,4)
(38,5)
(50,15)
(19,17)
(44,9)
(48,10)
(41,0)
(35,0)
(37,1)
(44,9)
(57,3)
(27,10)
(50,10)
(50,9)
(71,5)
(23,0)
(72,10)
(51,0)
(46,18)
(56,5)
(70,8)
(27,6)
(43,10)
(55,7)
(21,3)
(47,0)
(41,9)
(18,0)
(29,3)
(35,6)
(34,5)
(42,10)
(24,12)
(64,7)
(19,0)
(47,11)
(55,0)
(28,12)
(24,8)
(21,0)
(15,17)
(67,17)
(71,18)
(38,1)
(33,16)
(32,14)
(63,14)
(66,8)
(52,1)
(19,0)
(60,7)
(49,0)
(60,15)
(48,6)
(63,9)
(66,1)
(73,14)
(29,0)
(34,7)
(21,14)
(60,2)
(47,1)
(49,4)
(71,14)
(64,1)
(60,12)
(74,9)
(34,1)
(19,10)
(60,10)
(18,12)
(41,3)
(62,10)
(34,5)
(52,8)
(66,0)
(64,9)
(24,13)
(30,19)
(38,5)
(37,17)
(74,19)
(44,14)
(59,7)
(74,18)
(45,13)
(36,14)
(53,1)
(58,7)
(69,2)
(47,18)
(33,13)
(33,0)
(56,1)
(55,5)
(24,16)
(32,6)
(38,17)
(36,0)
(37,5)
(16,5)
(26,19)
(20,5)
(31,12)
(42,1)
(68,5)
(69,17)
(16,12)
(58,11)
(29,16)
(62,16)
(20,13)
(27,3)
(62,12)
(43,7)
(25,9)
(58,8)
(29,8)
(36,7)
(51,7)
(17,2)
(15,6)
(67,6)
(65,19)
(35,2)
(73,3)
(50,8)
(29,15)
(52,2)
(42,3)
(70,7)
(73,16)
(22,2)
(58,6)
(30,0)
(25,19)
(63,13)
(20,15)
(71,3)
(65,4)
(40,5)
(28,13)
(60,19)
(33,1)
(46,2)
(20,19)
(70,12)
(24,6)
(35,1)
(62,8)
(36,8)
(18,11)
(35,0)
(40,9)
(15,19)
(67,3)
(62,14)
(51,5)
(54,6)
(44,13)
(67,4)
(57,15)
(42,10)
(53,19)
(25,18)
(18,17)
(59,1)
(46,14)
(48,7)
(30,11)
(47,19)
(34,16)
(62,9)
(51,6)
(41,19)
(48,8)
(57,9)
(33,4)
(41,0)
(48,6)
(17,4)
(47,3)
(68,10)
(32,18)
(18,1)
(54,10)
(68,19)
(71,14)
(42,5)
(34,17)
(23,19)
(36,11)
(53,10)
(44,0)
(51,0)
(28,10)
(53,2)
(46,7)
(40,3)
(21,3)
(38,12)
(63,10)
(57,7)
(50,4)
(20,2)
(39,0)
(64,0)
(67,12)
(36,18)
(37,4)
(55,8)
(58,18)
(36,15)
(44,0)
(22,2)
(69,0)
(57,14)
(20,15)
(16,4)
(73,0)
(62,1)
(27,9)
(21,18)
(51,5)
(32,0)
(70,5)
(66,11)
(53,15)
(66,10)
(34,10)
(16,14)
(67,17)
(36,19)
(68,16)
(44,1)
(30,8)
(29,12)
(37,15)
(25,3)
(55,0)
(41,12)
(21,8)
(41,14)
(53,7)
(46,3)
(63,3)
(72,18)
(38,13)
(31,0)
(24,11)
(39,0)
(23,4)
(35,7)
(21,4)
(50,8)
(60,1)
(56,11)
(17,15)
(42,13)
(63,3)
(61,3)
(54,1)
(20,0)
(47,3)
(34,7)
(73,14)
(28,8)
(48,17)
(33,17)
(48,11)
(71,1)
(30,19)
(52,6)
(62,1)
(63,7)
(68,17)
(61,10)
(41,3)
(67,4)
(61,4)
(71,6)
(57,2)
(16,10)
(63,3)
(18,17)
(28,1)
(62,16)
(29,5)
(18,4)
(54,19)
(65,7)
(55,13)
(22,6)
(46,6)
(33,3)
(23,14)
(18,0)
(39,18)
(18,19)
(26,15)
(60,7)
(23,5)
(26,13)
(46,2)
(61,9)
(36,0)
(25,10)
(72,3)
(64,19)
(28,19)
(30,6)
(16,19)
(63,5)
(37,6)
(50,1)
(51,2)
(41,8)
(49,6)
(38,17)
(17,14)
(58,0)
(48,7)
(37,1)
(38,2)
(61,8)
(21,0)
(66,6)
(47,14)
(25,0)
(67,1)
(23,7)
(51,14)
(47,13)
(34,0)
(18,0)
(36,8)
(32,3)
(35,18)
(63,9)
(39,1)
(15,15)
(64,3)
(47,0)
(51,12)
(15,19)
(16,3)
(54,13)
(26,4)
(39,19)
(43,7)
(56,3)
(30,7)
(74,5)
(42,13)
(16,13)
(56,3)
(67,4)
(67,4)
(49,1)
(44,3)
(21,5)
(22,4)
(35,8)
(20,6)
(39,5)
(30,15)
(49,1)
(23,13)
(37,13)
(50,15)
(46,5)
(29,0)
(19,8)
(15,7)
(17,0)
(66,13)
(19,1)
(74,2)
(47,3)
(67,10)
(31,16)
(59,19)
(56,7)
(39,1)
(69,10)
(74,11)
(16,5)
(28,18)
(59,12)
(68,17)
(72,15)
(54,17)
(43,0)
(41,4)
(66,15)
(64,2)
(33,15)
(38,15)
(31,4)
(21,8)
(21,19)
(62,4)
(29,19)
(59,3)
(16,9)
(48,19)
(38,8)
(42,4)
(27,5)
(70,17)
(34,6)
(24,6)
(21,7)
(24,13)
(64,15)
(38,0)
(53,16)
(27,2)
(26,3)
(57,17)
(38,3)
(57,15)
(60,5)
(58,1)
(43,10)
(72,17)
(17,9)
(57,4)
(62,1)
(60,6)
(58,4)
(27,2)
(16,4)
(26,12)
(48,1)
(61,12)
(53,0)
(65,14)
(32,8)
(29,8)
(67,12)
(41,12)
(69,7)
(32,2)
(46,7)
(61,3)
(28,5)
(37,13)
(48,0)
(28,12)
(35,15)
(17,10)
(18,6)
(43,13)
(36,13)
(52,5)
(67,5)
(72,10)
(38,3)
(47,2)
(54,19)
(21,1)
(65,6)
(21,10)
(56,11)
(67,16)
(64,4)
(58,17)
(34,0)
(63,3)
(17,3)
(31,12)
(34,18)
(73,2)
(54,0)
(53,4)
(50,17)
(49,3)
(33,0)
(40,3)
(45,3)
(23,4)
(68,11)
(30,1)
(68,0)
(52,14)
(60,6)
(70,6)
(54,2)
(49,7)
(35,4)
(15,1)
(22,7)
(53,19)
(66,2)
(39,12)
(43,3)
(55,2)
(26,0)
(24,0)
(36,13)
(17,2)
(68,5)
(45,2)
(28,1)
(62,14)
(31,1)
(16,1)
(34,10)
(24,15)
(36,4)
(26,17)
(49,6)
(50,1)
(29,7)
(66,9)
(39,14)
(39,10)
(54,13)
(74,10)
(34,8)
(39,2)
(57,19)
(47,14)
(49,13)
(44,7)
(49,4)
(54,14)
(38,19)
(62,7)
(54,17)
(17,5)
(35,5)
(37,4)
(67,9)
(22,4)
(17,19)
(26,17)
(41,16)
(34,9)
(29,13)
(72,12)
(38,18)
(45,15)
(57,5)
(38,3)
(60,5)
(74,14)
(33,19)
(71,13)
(70,12)
(21,12)
(21,14)
(19,16)
(22,9)
(57,19)
(33,0)
(30,19)
(46,8)
(72,8)
(72,2)
(50,1)
(45,8)
(30,3)
(56,10)
(31,17)
(54,5)
(49,16)
(40,18)
(40,13)
(26,9)
(48,6)
(55,4)
(40,12)
(67,0)
(35,3)
(58,10)
(43,2)
(56,18)
(73,15)
(23,1)
(31,6)
(22,12)
(54,12)
(38,2)
(21,7)
(48,1)
(18,2)
(29,11)
(25,2)
(43,9)
(74,3)
(40,6)
(29,8)
(59,1)
(51,3)
(60,7)
(19,15)
(66,3)
(31,14)
(16,7)
(20,14)
(20,3)
(38,10)
(62,19)
(28,16)
(70,0)
(31,0)
(34,12)
(69,3)
(32,7)
(30,15)
(36,10)
(35,10)
(30,12)
(43,11)
(24,5)
(55,1)
(72,6)
(30,5)
(22,19)
(15,1)
(43,19)
(58,11)
(45,8)
(24,5)
(38,1)
(63,15)
(21,3)
(30,14)
(60,8)
(31,2)
(16,3)
(28,5)
(19,0)
(68,1)
(64,3)
(36,2)
(51,17)
(34,0)
(70,15)
(69,2)
(54,0)
(47,5)
(18,0)
(18,18)
(23,2)
(20,0)
(66,14)
(52,12)
(38,14)
(70,8)
(29,7)
(49,18)
(39,15)
(72,12)
(67,0)
(66,4)
(72,1)
(53,5)
(36,17)
(39,5)
(65,8)
(40,13)
(24,17)
(19,8)
(42,16)
(21,5)
(18,0)
(70,16)
(74,5)
(68,12)
(31,13)
(65,9)
(42,17)
(44,0)
(67,1)
(26,8)
(24,17)
(40,12)
(49,0)
(68,10)
(58,14)
(40,10)
(47,13)
(41,6)
(24,8)
(72,3)
(25,10)
(59,2)
(29,14)
(31,3)
(58,2)
(29,1)
(24,15)
(32,12)
(62,3)
(33,2)
(51,2)
(30,6)
(33,17)
(57,0)
(55,18)
(40,10)
(30,8)
(33,15)
(48,0)
(21,18)
(37,4)
(68,1)
(63,14)
(42,3)
(30,2)
(35,15)
(38,0)
(74,0)
(22,0)
(32,7)
(21,4)
(71,14)
(53,4)
(28,9)
(65,4)
(69,5)
(74,1)
(27,14)
(55,0)
(28,16)
(74,18)
(33,5)
(65,17)
(56,14)
(30,10)
(57,0)
(50,10)
(31,9)
(37,2)
(64,14)
(47,9)
(46,13)
(29,15)
(15,3)
(67,16)
(28,2)
(33,1)
(42,13)
(34,9)
(34,16)
(44,15)
(49,6)
(32,12)
(38,18)
(27,5)
(41,13)
(16,15)
(35,2)
(63,8)
(53,16)
(48,19)
(39,1)
(62,17)
(63,14)
(21,8)
(25,14)
(58,18)
(54,1)
(36,1)
(40,7)
(63,11)
(56,16)
(64,7)
(54,4)
(74,8)
(31,17)
(39,0)
(41,1)
(56,10)
(52,1)
(33,19)
(68,15)
(29,4)
(68,8)
(70,6)
(68,13)
(63,0)
(42,12)
(52,0)
(67,7)
(70,14)
(63,12)
(21,18)
(15,0)
(45,7)
(67,4)
(74,12)
(63,0)
(16,2)
(42,8)
(64,11)
(37,2)
(45,16)
(22,11)
(60,8)
(64,9)
(30,12)
(55,12)
(25,3)
(42,18)
(60,11)
(56,8)
(30,1)
(42,10)
(25,9)
(49,4)
(71,15)
(56,7)
(40,9)
(59,12)
(56,17)
(65,5)
(65,2)
(25,7)
(34,8)
(63,14)
(65,12)
(32,1)
(49,19)
(19,10)
(37,14)
(55,13)
(21,10)
(58,3)
(27,7)
(52,0)
(54,15)
(55,2)
(24,14)
(64,1)
(23,2)
(17,1)
(33,8)
(60,4)
(39,5)
(46,16)
(38,7)
(57,7)
(48,2)
(22,4)
(49,8)
(28,19)
(19,18)
(70,14)
(72,0)
(68,5)
(63,12)
(30,3)
(54,0)
(32,4)
(22,1)
(27,12)
(38,5)
(21,1)
(53,5)
(42,7)
(71,6)
(44,14)
(36,13)
(48,4)
(39,3)
(60,7)
(32,2)
(58,19)
(35,0)
(45,8)
(23,7)
(36,10)
(45,8)
(29,1)
(29,7)
(67,4)
(39,0)
(69,2)
(16,16)
(54,15)
(32,1)
(17,7)
(30,0)
(64,17)
(57,2)
(60,13)
(69,6)
(25,6)
(68,5)
(38,1)
(47,2)
(41,11)
(35,2)
(35,3)
(29,2)
(62,13)
(48,15)
(66,9)
(38,15)
(32,8)
(49,1)
(42,1)
(46,6)
(34,3)
(67,8)
(31,14)
(70,5)
(34,13)
(41,5)
(40,0)
(65,11)
(30,15)
(56,2)
(64,13)
(35,17)
(59,10)
(73,11)
(33,2)
(16,2)
(52,2)
(68,10)
(67,15)
(37,14)
(41,13)
(33,17)
(53,12)
(21,9)
(54,4)
(51,8)
(56,12)
(41,5)
(30,9)
(33,11)
(49,9)
(39,5)
(24,7)
(56,0)
(17,2)
(49,11)
(41,2)
(57,13)
(40,0)
(62,5)
(31,5)
(61,11)
(31,2)
(71,10)
(23,14)
(43,4)
(29,11)
(24,0)
(62,17)
(54,1)
(32,10)
(68,6)
(37,1)
(63,5)
(31,6)
(15,18)
(30,8)
(48,4)
(20,5)
(71,19)
(28,1)
(72,6)
(62,0)
(23,7)
(67,8)
(29,8)
(68,0)
(34,17)
(70,0)
(46,11)
(31,10)
(52,7)
(68,3)
(45,11)
(59,13)
(70,17)
(15,14)
(45,1)
(15,5)
(67,1)
(63,0)
(23,19)
(30,18)
(32,7)
(21,17)
(33,10)
(44,3)
(70,0)
(43,15)
(56,14)
(59,15)
(42,8)
(49,19)
(28,1)
(63,5)
(19,4)
(40,16)
(29,11)
(71,2)
(50,1)
(61,19)
(53,0)
(63,17)
(37,0)
(27,17)
(40,13)
(44,8)
(59,3)
(68,0)
(60,12)
(27,2)
(63,6)
(53,2)
(56,7)
(42,8)
(25,0)
(67,4)
(42,5)
(17,1)
(46,0)
(57,0)
(24,5)
(37,0)
(42,17)
(45,15)
(38,0)
(23,0)
(51,2)
(37,0)
(28,17)
(22,10)
(26,9)
(54,19)
(72,2)
(37,17)
(48,1)
(68,8)
(43,4)
(55,12)
(16,4)
(20,5)
(18,1)
(70,12)
(15,0)
(60,13)
(22,10)
(24,1)
(60,0)
(46,13)
(55,2)
(47,12)
(59,11)
(70,0)
(48,3)
(19,9)
(38,1)
(58,17)
(40,11)
(58,0)
(35,6)
(31,13)
(31,9)
(28,8)
(42,19)
(32,3)
(21,9)
(31,1)
(47,7)
(40,13)
(59,11)
(53,8)
(65,15)
(30,3)
(39,12)
(39,1)
(62,7)
(19,7)
(45,19)
(48,8)
(74,1)
(48,1)
(73,1)
(28,0)
(38,4)
(33,0)
(22,1)
(24,4)
(38,0)
(29,0)
(26,7)
(20,9)
(20,6)
(35,9)
(72,3)
(18,12)
(64,7)
(44,14)
(73,18)
(22,3)
(38,18)
(57,0)
(64,8)
(61,9)
(50,19)
(45,4)
(56,10)
(50,17)
(69,5)
(66,17)
(49,9)
(22,18)
(41,3)
(25,8)
(23,0)
(34,5)
(61,8)
(41,0)
(51,18)
(54,1)
(39,14)
(43,9)
(55,14)
(41,17)
(43,6)
(68,16)
(69,14)
(16,14)
(15,5)
(56,0)
(39,17)
(36,13)
(47,19)
(38,15)
(51,2)
(59,15)
(27,3)
(40,10)
(59,15)
(20,0)
(54,1)
(65,12)
(42,0)
(49,3)
(17,13)
(48,5)
(26,1)
(57,9)
(52,0)
(43,2)
(60,2)
(48,19)
(25,1)
(28,7)
(35,11)
(69,1)
(38,7)
(65,8)
(71,19)
(65,9)
(63,6)
(32,1)
(30,2)
(23,1)
(74,9)
(37,4)
(50,17)
(26,7)
(28,4)
(56,17)
(32,14)
(64,17)
(50,1)
(33,13)
(28,16)
(40,2)
(59,19)
(58,5)
(26,2)
(28,19)
(35,14)
(54,8)
(53,19)
(33,6)
(25,11)
(62,11)
(69,0)
(19,10)
(24,7)
(54,1)
(27,18)
(63,14)
(73,1)
(41,19)
(51,12)
(38,15)
(48,6)
(63,4)
(59,18)
(51,13)
(16,18)
(34,18)
(49,3)
(64,4)
(59,11)
(33,3)
(59,10)
(57,7)
(18,4)
(15,10)
(45,13)
(44,10)
(20,3)
(57,9)
(57,1)
(56,19)
(43,19)
(28,3)
(45,14)
(28,11)
(56,11)
(53,12)
(71,9)
(41,17)
(56,1)
(52,16)
(33,9)
(38,15)
(68,0)
(18,10)
(65,9)
(52,1)
(54,5)
(26,15)
(55,18)
(66,5)
(16,1)
(16,0)
(46,1)
(25,10)
(15,16)
(36,1)
(32,7)
(41,3)
(35,2)
(46,1)
(25,12)
(44,3)
(68,4)
(49,1)
(68,2)
(39,2)
(68,10)
(23,8)
(51,8)
(74,2)
(18,0)
(47,10)
(51,1)
(28,7)
(25,19)
(32,6)
(60,2)
(22,8)
(39,4)
(35,9)
(58,19)
(60,5)
(37,16)
(56,7)
(68,16)
(60,5)
(60,7)
(73,0)
(17,7)
(19,2)
(20,17)
(19,4)
(72,11)
(60,9)
(41,13)
(22,8)
(56,8)
(20,0)
(17,11)
(32,9)
(67,7)
(68,13)
(66,11)
(43,19)
(35,5)
(71,4)
(34,11)
(45,10)
(50,3)
(71,19)
(64,3)
(72,6)
(73,19)
(52,7)
(67,12)
(47,12)
(71,3)
(24,2)
(51,8)
(69,0)
(63,17)
(48,17)
(15,9)
(61,2)
(50,4)
(73,10)
(74,8)
(38,7)
(26,1)
(15,12)
(16,19)
(30,0)
(30,11)
(64,3)
(66,5)
(70,17)
(46,7)
(24,10)
(73,2)
(20,5)
(61,13)
(28,13)
(44,2)
(28,17)
(55,1)
(15,19)
(62,13)
(49,7)
(19,4)
(38,6)
(17,13)
(17,17)
(36,0)
(71,5)
(21,5)
(63,2)
(23,6)
(48,15)
(59,6)
(41,10)
(24,0)
(16,16)
(52,14)
(26,5)
(20,18)
(63,14)
(31,16)
(37,9)
(54,3)
(38,14)
(62,9)
(49,11)
(19,15)
(45,11)
(41,11)
(68,6)
(56,2)
(65,6)
(29,11)
(42,2)
(49,3)
(70,1)
(20,10)
(66,10)
(15,7)
(66,5)
(25,3)
(73,2)
(35,7)
(45,19)
(34,2)
(46,8)
(54,2)
(58,6)
(72,4)
(67,17)
(41,4)
(34,2)
(43,12)
(41,2)
(23,8)
(62,16)
(61,14)
(30,3)
(51,3)
(50,0)
(25,15)
(41,3)
(30,13)
(19,13)
(63,17)
(54,18)
(70,11)
(29,3)
(41,10)
(23,5)
(18,7)
(52,3)
(43,8)
(26,9)
(46,11)
(68,0)
(37,9)
(29,13)
(61,4)
(52,2)
(41,2)
(37,17)
(20,14)
(40,11)
(54,5)
(57,6)
(19,14)
(73,10)
(52,11)
(43,1)
(31,1)
(35,0)
(69,7)
(63,1)
(54,13)
(24,18)
(20,1)
(51,5)
(16,7)
(43,0)
(37,0)
(60,14)
(28,18)
(69,18)
(31,2)
(37,11)
(73,19)
(29,0)
(29,8)
(65,8)
(17,12)
(58,0)
(39,14)
(24,11)
(57,3)
(51,6)
(44,14)
(33,9)
(71,5)
(22,4)
(39,4)
(24,16)
(27,13)
(68,1)
(72,12)
(30,18)
(25,5)
(53,0)
(17,6)
(16,5)
(52,2)
(28,19)
(23,3)
(67,3)
(29,5)
(54,17)
(36,0)
(34,3)
(19,6)
(73,3)
(36,0)
(25,6)
(58,13)
(54,7)
(26,7)
(64,15)
(28,16)
(20,2)
(61,11)
(66,6)
(15,0)
(17,10)
(51,15)
(37,2)
(66,15)
(60,16)
(36,0)
(50,16)
(35,17)
(20,17)
(52,17)
(20,10)
(70,5)
(30,14)
(41,3)
(20,4)
(24,8)
(44,15)
(57,3)
(62,10)
(52,9)
(46,0)
(32,9)
(59,2)
(74,7)
(36,10)
(61,11)
(19,4)
(25,17)
(59,14)
(17,8)
(72,0)
(57,6)
(27,3)
(25,10)
(48,16)
(33,0)
(56,3)
(74,8)
(68,7)
(61,1)
(73,6)
(50,4)
(34,2)
(23,8)
(64,5)
(40,15)
(65,1)
(29,11)
(16,19)
(36,14)
(33,7)
(70,15)
(74,19)
(51,6)
(49,10)
(19,0)
(28,13)
(50,13)
(24,1)
(22,9)
(47,16)
(50,6)
(70,3)
(71,8)
(64,4)
(53,3)
(53,11)
(40,3)
(39,1)
(59,1)
(53,7)
(36,9)
(71,11)
(46,5)
(45,8)
(30,3)
(42,0)
(15,19)
(50,17)
(55,7)
(17,17)
(15,7)
(26,0)
(34,17)
(33,17)
(72,9)
(21,3)
(63,3)
(26,4)
(59,10)
(54,5)
(20,0)
(61,1)
(66,5)
(69,3)
(27,10)
(26,14)
(19,6)
(47,11)
(18,4)
(35,10)
(74,8)
(33,18)
(58,0)
(34,13)
(30,14)
(25,11)
(65,5)
(72,18)
(52,8)
(70,1)
(73,8)
(68,1)
(71,12)
(33,19)
(18,17)
(68,9)
(48,7)
(30,7)
(42,7)
(50,12)
(71,2)
(70,9)
(43,6)
(37,5)
(65,18)
(61,12)
(37,0)
(68,16)
(60,11)
(70,3)
(20,12)
(67,5)
(47,19)
(39,2)
(64,4)
(74,11)
(23,12)
(49,2)
(51,2)
(45,12)
(23,8)
(41,15)
(23,4)
(18,15)
(24,2)
(15,9)
(65,14)
(23,2)
(59,15)
(56,12)
(53,0)
(18,0)
(72,18)
(66,3)
(66,0)
(65,6)
(25,17)
(54,1)
(18,3)
(20,5)
(40,10)
(18,11)
(52,7)
(50,3)
(46,0)
(45,6)
(36,11)
(44,18)
(55,15)
(32,19)
(60,8)
(74,9)
(72,10)
(63,15)
(52,1)
(53,3)
(50,16)
(37,4)
(32,2)
(53,6)
(18,17)
(54,19)
(56,3)
(58,11)
(72,2)
(36,18)
(23,7)
(57,5)
(18,15)
(59,15)
(70,15)
(19,10)
(64,19)
(35,2)
(16,1)
(25,3)
(28,15)
(62,18)
(23,14)
(63,5)
(17,13)
(69,0)
(47,19)
(68,11)
(16,12)
(29,1)
(62,2)
(36,13)
(72,7)
(35,7)
(27,15)
(50,16)
(54,5)
(51,9)
(47,5)
(44,13)
(15,18)
(19,12)
(22,17)
(48,8)
(18,19)
(31,7)
(71,4)
(66,5)
(68,17)
(18,11)
(46,1)
(72,4)
(49,1)
(25,0)
(30,17)
(38,0)
(49,4)
(43,1)
(66,10)
(62,8)
(47,5)
(43,4)
(69,11)
(22,0)
(56,18)
(35,16)
(38,17)
(20,5)
(35,10)
(32,7)
(46,3)
(40,8)
(60,16)
(73,3)
(34,2)
(50,3)
(57,5)
(58,1)
(52,7)
(47,2)
0.popular= 0.090222
1.popular= 0.070222
2.popular= 0.064889
3.popular= 0.065333
4.popular= 0.054222
5.popular= 0.061333
6.popular= 0.040889
7.popular= 0.057778
8.popular= 0.051556
9.popular= 0.040889
10.popular= 0.046667
11.popular= 0.042222
12.popular= 0.040000
13.popular= 0.041333
14.popular= 0.039556
15.popular= 0.043111
16.popular= 0.028889
17.popular= 0.044889
18.popular= 0.029333
19.popular= 0.046667

peer 0 neighbors is: 57, 8, 63, 65, 28, 2, 73, 56, 72, 74, 6, 
peer 1 neighbors is: 28, 8, 33, 6, 4, 65, 44, 52, 35, 27, 
peer 2 neighbors is: 0, 71, 26, 17, 11, 27, 6, 24, 30, 12, 
peer 3 neighbors is: 41, 54, 60, 57, 31, 19, 50, 6, 63, 61, 10, 11, 12, 14, 
peer 4 neighbors is: 1, 44, 71, 45, 24, 12, 16, 20, 29, 56, 
peer 5 neighbors is: 36, 35, 30, 47, 74, 7, 57, 25, 68, 58, 14, 
peer 6 neighbors is: 1, 2, 3, 62, 55, 34, 7, 17, 0, 8, 16, 
peer 7 neighbors is: 5, 6, 41, 21, 59, 8, 35, 74, 51, 20, 15, 
peer 8 neighbors is: 0, 1, 6, 7, 48, 59, 43, 27, 54, 29, 10, 38, 
peer 9 neighbors is: 36, 19, 33, 40, 60, 25, 70, 54, 41, 14, 
peer 10 neighbors is: 40, 27, 11, 63, 61, 8, 37, 3, 71, 15, 13, 16, 49, 
peer 11 neighbors is: 2, 10, 43, 45, 30, 19, 3, 73, 70, 31, 12, 17, 
peer 12 neighbors is: 2, 4, 55, 73, 3, 40, 11, 27, 66, 39, 
peer 13 neighbors is: 46, 50, 47, 10, 65, 71, 62, 20, 29, 55, 
peer 14 neighbors is: 9, 3, 5, 25, 46, 70, 65, 31, 33, 30, 17, 
peer 15 neighbors is: 10, 43, 7, 42, 51, 54, 71, 28, 61, 27, 
peer 16 neighbors is: 4, 34, 69, 71, 6, 59, 50, 27, 37, 10, 39, 64, 
peer 17 neighbors is: 2, 6, 14, 11, 52, 25, 59, 47, 26, 34, 
peer 18 neighbors is: 45, 71, 
peer 19 neighbors is: 3, 9, 11, 42, 
peer 20 neighbors is: 4, 7, 13, 
peer 21 neighbors is: 7, 55, 
peer 22 neighbors is: 56, 68, 
peer 23 neighbors is: 67, 26, 
peer 24 neighbors is: 2, 4, 
peer 25 neighbors is: 5, 9, 14, 17, 
peer 26 neighbors is: 2, 17, 23, 38, 
peer 27 neighbors is: 1, 2, 8, 10, 12, 15, 16, 
peer 28 neighbors is: 0, 1, 15, 
peer 29 neighbors is: 4, 8, 13, 
peer 30 neighbors is: 2, 5, 11, 14, 
peer 31 neighbors is: 3, 11, 14, 
peer 32 neighbors is: 57, 60, 
peer 33 neighbors is: 1, 9, 14, 
peer 34 neighbors is: 6, 16, 17, 
peer 35 neighbors is: 1, 5, 7, 
peer 36 neighbors is: 5, 9, 
peer 37 neighbors is: 10, 16, 
peer 38 neighbors is: 8, 26, 49, 58, 66, 
peer 39 neighbors is: 12, 16, 
peer 40 neighbors is: 9, 10, 12, 
peer 41 neighbors is: 3, 7, 9, 
peer 42 neighbors is: 15, 19, 
peer 43 neighbors is: 8, 11, 15, 
peer 44 neighbors is: 1, 4, 
peer 45 neighbors is: 4, 11, 18, 
peer 46 neighbors is: 13, 14, 
peer 47 neighbors is: 5, 13, 17, 
peer 48 neighbors is: 8, 65, 
peer 49 neighbors is: 38, 10, 
peer 50 neighbors is: 3, 13, 16, 53, 
peer 51 neighbors is: 7, 15, 
peer 52 neighbors is: 1, 17, 
peer 53 neighbors is: 57, 50, 
peer 54 neighbors is: 3, 8, 9, 15, 
peer 55 neighbors is: 6, 12, 13, 21, 
peer 56 neighbors is: 0, 4, 22, 
peer 57 neighbors is: 0, 3, 5, 32, 53, 
peer 58 neighbors is: 5, 38, 
peer 59 neighbors is: 7, 8, 16, 17, 
peer 60 neighbors is: 3, 9, 32, 64, 
peer 61 neighbors is: 3, 10, 15, 
peer 62 neighbors is: 6, 13, 
peer 63 neighbors is: 0, 3, 10, 
peer 64 neighbors is: 16, 60, 
peer 65 neighbors is: 0, 1, 13, 14, 48, 
peer 66 neighbors is: 12, 38, 67, 
peer 67 neighbors is: 23, 66, 
peer 68 neighbors is: 5, 22, 
peer 69 neighbors is: 16, 72, 
peer 70 neighbors is: 9, 11, 14, 
peer 71 neighbors is: 2, 4, 10, 13, 15, 16, 18, 
peer 72 neighbors is: 0, 69, 
peer 73 neighbors is: 0, 11, 12, 
peer 74 neighbors is: 0, 5, 7, 

