60 Users
20 Files
1500 Transactions
7 Maximum Connections
1 Cycle Length per Upload-Download
750 Warm-up Transactions
0.400000 Zipf constant
3 Pre-Trusted Users
60 Well-Behaved (Good) Users
0 Purely Malicious Users
0 Feedback Skewing Users
0 Malignant Providing Users
0 Disguised Malicous Users
0 Sybil Attack Users
true Intelligent Trans. Generation
1474142451243 Trace Generation Seed

(1.000000,1.000000,0,true)
(1.000000,1.000000,0,true)
(1.000000,1.000000,0,true)
(1.000000,1.000000,0,false)
(1.000000,1.000000,0,false)
(1.000000,1.000000,0,false)
(1.000000,1.000000,0,false)
(1.000000,1.000000,0,false)
(1.000000,1.000000,0,false)
(1.000000,1.000000,0,false)
(1.000000,1.000000,0,false)
(1.000000,1.000000,0,false)
(1.000000,1.000000,0,false)
(1.000000,1.000000,0,false)
(1.000000,1.000000,0,false)
(1.000000,1.000000,0,false)
(1.000000,1.000000,0,false)
(1.000000,1.000000,0,false)
(1.000000,1.000000,0,false)
(1.000000,1.000000,0,false)
(1.000000,1.000000,0,false)
(1.000000,1.000000,0,false)
(1.000000,1.000000,0,false)
(1.000000,1.000000,0,false)
(1.000000,1.000000,0,false)
(1.000000,1.000000,0,false)
(1.000000,1.000000,0,false)
(1.000000,1.000000,0,false)
(1.000000,1.000000,0,false)
(1.000000,1.000000,0,false)
(1.000000,1.000000,0,false)
(1.000000,1.000000,0,false)
(1.000000,1.000000,0,false)
(1.000000,1.000000,0,false)
(1.000000,1.000000,0,false)
(1.000000,1.000000,0,false)
(1.000000,1.000000,0,false)
(1.000000,1.000000,0,false)
(1.000000,1.000000,0,false)
(1.000000,1.000000,0,false)
(1.000000,1.000000,0,false)
(1.000000,1.000000,0,false)
(1.000000,1.000000,0,false)
(1.000000,1.000000,0,false)
(1.000000,1.000000,0,false)
(1.000000,1.000000,0,false)
(1.000000,1.000000,0,false)
(1.000000,1.000000,0,false)
(1.000000,1.000000,0,false)
(1.000000,1.000000,0,false)
(1.000000,1.000000,0,false)
(1.000000,1.000000,0,false)
(1.000000,1.000000,0,false)
(1.000000,1.000000,0,false)
(1.000000,1.000000,0,false)
(1.000000,1.000000,0,false)
(1.000000,1.000000,0,false)
(1.000000,1.000000,0,false)
(1.000000,1.000000,0,false)
(1.000000,1.000000,0,false)

(0,0,true)
(18,0,true)
(1,0,true)
(3,0,true)
(6,0,true)
(7,0,true)
(9,0,true)
(10,0,true)
(12,0,true)
(14,0,true)
(15,0,true)
(17,0,true)
(22,0,true)
(23,0,true)
(24,0,true)
(26,0,true)
(27,0,true)
(28,0,true)
(29,0,true)
(31,0,true)
(32,0,true)
(33,0,true)
(34,0,true)
(36,0,true)
(37,0,true)
(38,0,true)
(39,0,true)
(42,0,true)
(43,0,true)
(44,0,true)
(45,0,true)
(46,0,true)
(48,0,true)
(52,0,true)
(53,0,true)
(54,0,true)
(55,0,true)
(56,0,true)
(57,0,true)
(58,0,true)
(59,0,true)
(1,1,true)
(9,1,true)
(0,1,true)
(2,1,true)
(5,1,true)
(11,1,true)
(19,1,true)
(23,1,true)
(24,1,true)
(27,1,true)
(32,1,true)
(36,1,true)
(37,1,true)
(39,1,true)
(40,1,true)
(41,1,true)
(42,1,true)
(43,1,true)
(46,1,true)
(47,1,true)
(49,1,true)
(50,1,true)
(51,1,true)
(52,1,true)
(54,1,true)
(55,1,true)
(56,1,true)
(59,1,true)
(2,2,true)
(25,2,true)
(18,2,true)
(26,2,true)
(29,2,true)
(35,2,true)
(40,2,true)
(41,2,true)
(45,2,true)
(49,2,true)
(51,2,true)
(3,3,true)
(21,3,true)
(31,3,true)
(33,3,true)
(35,3,true)
(44,3,true)
(48,3,true)
(4,4,true)
(34,4,true)
(38,4,true)
(5,5,true)
(58,5,true)
(20,5,true)
(6,6,true)
(16,6,true)
(7,7,true)
(30,7,true)
(8,8,true)
(30,8,true)
(22,8,true)
(10,9,true)
(57,9,true)
(11,10,true)
(28,10,true)
(12,11,true)
(47,11,true)
(13,12,true)
(8,12,true)
(14,13,true)
(21,13,true)
(15,14,true)
(13,14,true)
(16,15,true)
(53,15,true)
(17,16,true)
(4,16,true)
(19,17,true)
(25,17,true)
(20,18,true)
(50,18,true)
(21,19,true)
(4,19,true)

0,1,1,-1,1,1,-1,-1,-1,-1,-1,1,-1,-1,-1,-1,-1,-1,-1,1,-1,-1,-1,-1,-1,-1,-1,-1,1,-1,-1,-1,1,1,1,-1,-1,-1,-1,-1,-1,-1,-1,-1,1,-1,-1,-1,-1,-1,-1,-1,-1,-1,-1,-1,-1,-1,-1,-1,
1,0,1,-1,-1,-1,-1,-1,-1,-1,1,-1,-1,-1,-1,1,1,-1,-1,-1,-1,-1,-1,-1,-1,-1,-1,1,1,-1,-1,1,-1,-1,-1,1,-1,-1,-1,-1,-1,-1,-1,1,-1,-1,-1,-1,-1,-1,-1,-1,-1,1,-1,-1,-1,-1,-1,-1,
1,1,0,1,-1,-1,-1,1,-1,1,-1,1,-1,-1,-1,-1,-1,-1,1,-1,1,-1,-1,-1,-1,-1,-1,-1,-1,-1,-1,1,-1,-1,-1,-1,-1,-1,-1,1,-1,-1,-1,-1,-1,-1,-1,-1,-1,-1,-1,-1,-1,1,-1,-1,-1,-1,-1,-1,
-1,-1,1,0,-1,-1,-1,-1,-1,-1,-1,-1,-1,1,-1,-1,-1,-1,-1,-1,-1,-1,-1,-1,-1,-1,-1,-1,-1,-1,-1,-1,-1,-1,-1,-1,-1,-1,-1,-1,-1,-1,-1,-1,-1,-1,-1,-1,-1,-1,-1,-1,-1,-1,-1,-1,-1,-1,-1,1,
1,-1,-1,-1,0,-1,-1,-1,-1,-1,-1,-1,-1,-1,-1,-1,-1,-1,-1,-1,-1,-1,-1,-1,-1,-1,1,-1,-1,-1,-1,-1,-1,-1,-1,-1,-1,-1,-1,-1,-1,-1,-1,-1,-1,-1,-1,-1,-1,-1,-1,-1,-1,-1,-1,-1,-1,-1,-1,-1,
1,-1,-1,-1,-1,0,-1,-1,-1,-1,-1,-1,-1,-1,-1,-1,-1,-1,-1,-1,-1,-1,-1,-1,-1,-1,-1,-1,-1,-1,-1,-1,-1,-1,-1,-1,-1,-1,-1,-1,1,-1,-1,-1,-1,-1,-1,-1,-1,-1,-1,-1,-1,-1,-1,-1,-1,-1,-1,-1,
-1,-1,-1,-1,-1,-1,0,-1,-1,-1,-1,-1,-1,1,-1,-1,-1,-1,-1,-1,-1,1,1,-1,-1,-1,-1,-1,-1,-1,-1,-1,-1,-1,-1,-1,-1,-1,-1,-1,-1,-1,-1,-1,-1,-1,-1,-1,-1,-1,-1,-1,-1,-1,-1,-1,-1,-1,-1,-1,
-1,-1,1,-1,-1,-1,-1,0,-1,-1,1,-1,-1,-1,-1,-1,-1,-1,-1,-1,-1,-1,-1,-1,-1,-1,-1,-1,-1,-1,1,-1,-1,-1,-1,-1,-1,-1,-1,-1,-1,-1,-1,-1,-1,-1,-1,-1,-1,-1,-1,-1,-1,-1,-1,-1,-1,-1,-1,-1,
-1,-1,-1,-1,-1,-1,-1,-1,0,-1,-1,-1,-1,-1,-1,-1,-1,-1,-1,-1,-1,-1,-1,-1,-1,-1,-1,-1,-1,-1,-1,-1,-1,-1,-1,-1,-1,-1,-1,-1,-1,-1,1,-1,-1,-1,-1,-1,-1,1,-1,1,-1,1,-1,-1,1,-1,-1,-1,
-1,-1,1,-1,-1,-1,-1,-1,-1,0,-1,-1,-1,-1,-1,1,-1,-1,-1,-1,-1,-1,-1,-1,-1,-1,-1,-1,-1,-1,-1,-1,-1,-1,-1,-1,-1,-1,-1,-1,-1,-1,-1,-1,-1,-1,-1,-1,-1,-1,1,-1,1,-1,-1,-1,-1,-1,-1,-1,
-1,1,-1,-1,-1,-1,-1,1,-1,-1,0,-1,1,-1,-1,-1,-1,-1,-1,-1,-1,-1,-1,-1,-1,-1,-1,-1,-1,-1,-1,-1,-1,-1,-1,-1,-1,-1,-1,-1,-1,-1,-1,-1,-1,-1,-1,-1,-1,-1,-1,-1,-1,-1,-1,-1,-1,-1,-1,-1,
1,-1,1,-1,-1,-1,-1,-1,-1,-1,-1,0,-1,-1,-1,-1,-1,-1,-1,-1,-1,-1,-1,-1,-1,-1,-1,-1,-1,-1,-1,-1,-1,-1,-1,-1,-1,-1,-1,-1,-1,-1,-1,-1,-1,-1,-1,-1,-1,-1,-1,-1,-1,-1,-1,-1,-1,-1,-1,-1,
-1,-1,-1,-1,-1,-1,-1,-1,-1,-1,1,-1,0,-1,-1,-1,-1,-1,-1,-1,-1,-1,-1,-1,-1,-1,-1,-1,-1,-1,-1,-1,-1,-1,-1,-1,1,-1,-1,-1,-1,-1,-1,-1,-1,-1,-1,1,-1,-1,-1,-1,-1,-1,-1,1,-1,-1,-1,-1,
-1,-1,-1,1,-1,-1,1,-1,-1,-1,-1,-1,-1,0,-1,-1,-1,-1,-1,-1,-1,-1,-1,-1,-1,-1,-1,-1,-1,-1,-1,-1,-1,-1,-1,-1,-1,-1,-1,-1,-1,1,-1,-1,-1,-1,-1,-1,-1,-1,-1,-1,-1,-1,-1,-1,-1,-1,-1,-1,
-1,-1,-1,-1,-1,-1,-1,-1,-1,-1,-1,-1,-1,-1,0,-1,-1,1,-1,-1,-1,1,-1,-1,-1,-1,-1,-1,-1,-1,-1,-1,-1,-1,-1,-1,-1,-1,-1,-1,-1,-1,-1,-1,-1,-1,-1,-1,-1,-1,-1,-1,-1,-1,1,-1,-1,-1,-1,-1,
-1,1,-1,-1,-1,-1,-1,-1,-1,1,-1,-1,-1,-1,-1,0,-1,-1,-1,-1,-1,-1,-1,-1,-1,-1,-1,-1,-1,-1,-1,-1,-1,-1,-1,-1,-1,-1,-1,-1,-1,-1,-1,-1,-1,-1,-1,-1,-1,-1,-1,-1,-1,-1,-1,-1,-1,-1,-1,-1,
-1,1,-1,-1,-1,-1,-1,-1,-1,-1,-1,-1,-1,-1,-1,-1,0,-1,-1,-1,1,-1,-1,-1,-1,-1,-1,-1,-1,-1,-1,-1,-1,-1,-1,-1,-1,-1,-1,-1,-1,-1,-1,-1,-1,-1,-1,-1,-1,-1,-1,-1,-1,-1,-1,-1,-1,-1,-1,-1,
-1,-1,-1,-1,-1,-1,-1,-1,-1,-1,-1,-1,-1,-1,1,-1,-1,0,-1,-1,-1,-1,-1,-1,1,-1,-1,-1,-1,-1,-1,-1,-1,1,1,-1,-1,-1,-1,-1,-1,1,-1,-1,-1,-1,-1,-1,-1,-1,-1,-1,-1,-1,-1,-1,-1,-1,-1,-1,
-1,-1,1,-1,-1,-1,-1,-1,-1,-1,-1,-1,-1,-1,-1,-1,-1,-1,0,-1,-1,-1,-1,-1,-1,-1,-1,-1,-1,-1,-1,-1,-1,-1,-1,-1,-1,-1,-1,-1,-1,-1,-1,-1,-1,-1,-1,-1,-1,-1,-1,-1,-1,-1,-1,-1,-1,-1,-1,1,
1,-1,-1,-1,-1,-1,-1,-1,-1,-1,-1,-1,-1,-1,-1,-1,-1,-1,-1,0,-1,-1,-1,-1,-1,-1,-1,-1,-1,-1,-1,-1,-1,-1,-1,-1,-1,-1,-1,-1,-1,-1,-1,-1,-1,-1,-1,1,-1,-1,-1,-1,-1,-1,-1,-1,-1,-1,-1,-1,
-1,-1,1,-1,-1,-1,-1,-1,-1,-1,-1,-1,-1,-1,-1,-1,1,-1,-1,-1,0,-1,-1,-1,-1,-1,-1,-1,-1,-1,-1,-1,-1,-1,-1,-1,-1,-1,-1,-1,-1,-1,-1,-1,1,-1,-1,-1,-1,-1,-1,-1,-1,-1,-1,-1,-1,-1,-1,-1,
-1,-1,-1,-1,-1,-1,1,-1,-1,-1,-1,-1,-1,-1,1,-1,-1,-1,-1,-1,-1,0,-1,-1,-1,-1,-1,-1,-1,-1,-1,-1,-1,-1,-1,-1,-1,-1,-1,-1,-1,-1,-1,-1,-1,-1,-1,-1,-1,-1,-1,-1,-1,-1,-1,-1,-1,-1,-1,-1,
-1,-1,-1,-1,-1,-1,1,-1,-1,-1,-1,-1,-1,-1,-1,-1,-1,-1,-1,-1,-1,-1,0,-1,-1,-1,-1,-1,-1,-1,-1,-1,-1,-1,-1,-1,-1,-1,-1,-1,-1,-1,-1,-1,-1,-1,-1,-1,-1,-1,-1,-1,-1,-1,-1,-1,-1,-1,1,-1,
-1,-1,-1,-1,-1,-1,-1,-1,-1,-1,-1,-1,-1,-1,-1,-1,-1,-1,-1,-1,-1,-1,-1,0,-1,-1,-1,-1,-1,-1,1,-1,-1,1,-1,-1,-1,-1,1,-1,-1,-1,-1,-1,-1,-1,-1,-1,-1,-1,-1,-1,-1,-1,1,-1,-1,-1,-1,-1,
-1,-1,-1,-1,-1,-1,-1,-1,-1,-1,-1,-1,-1,-1,-1,-1,-1,1,-1,-1,-1,-1,-1,-1,0,-1,-1,-1,-1,-1,-1,1,-1,-1,-1,-1,-1,-1,-1,-1,-1,-1,-1,-1,-1,-1,-1,-1,-1,-1,-1,-1,-1,-1,-1,-1,-1,-1,-1,-1,
-1,-1,-1,-1,-1,-1,-1,-1,-1,-1,-1,-1,-1,-1,-1,-1,-1,-1,-1,-1,-1,-1,-1,-1,-1,0,-1,-1,-1,-1,-1,-1,-1,-1,-1,-1,-1,-1,-1,-1,-1,-1,-1,-1,-1,-1,-1,-1,-1,-1,-1,1,-1,-1,-1,-1,-1,-1,1,-1,
-1,-1,-1,-1,1,-1,-1,-1,-1,-1,-1,-1,-1,-1,-1,-1,-1,-1,-1,-1,-1,-1,-1,-1,-1,-1,0,-1,-1,-1,-1,-1,-1,-1,-1,-1,-1,-1,-1,-1,-1,-1,-1,-1,-1,-1,-1,-1,1,-1,-1,-1,-1,-1,-1,-1,-1,-1,-1,-1,
-1,1,-1,-1,-1,-1,-1,-1,-1,-1,-1,-1,-1,-1,-1,-1,-1,-1,-1,-1,-1,-1,-1,-1,-1,-1,-1,0,-1,-1,-1,-1,-1,-1,-1,-1,-1,-1,-1,-1,-1,-1,-1,-1,-1,-1,1,-1,-1,-1,-1,-1,-1,-1,-1,1,-1,1,-1,-1,
1,1,-1,-1,-1,-1,-1,-1,-1,-1,-1,-1,-1,-1,-1,-1,-1,-1,-1,-1,-1,-1,-1,-1,-1,-1,-1,-1,0,1,-1,-1,-1,-1,-1,-1,-1,-1,-1,-1,-1,-1,-1,-1,-1,-1,-1,-1,-1,-1,-1,-1,-1,-1,-1,-1,-1,-1,-1,-1,
-1,-1,-1,-1,-1,-1,-1,-1,-1,-1,-1,-1,-1,-1,-1,-1,-1,-1,-1,-1,-1,-1,-1,-1,-1,-1,-1,-1,1,0,-1,-1,-1,-1,-1,-1,-1,-1,-1,-1,-1,-1,-1,-1,-1,-1,-1,1,-1,-1,-1,-1,-1,-1,-1,-1,-1,-1,-1,-1,
-1,-1,-1,-1,-1,-1,-1,1,-1,-1,-1,-1,-1,-1,-1,-1,-1,-1,-1,-1,-1,-1,-1,1,-1,-1,-1,-1,-1,-1,0,-1,-1,-1,-1,-1,-1,-1,-1,-1,-1,-1,-1,-1,-1,-1,-1,-1,-1,-1,-1,-1,-1,-1,-1,-1,-1,-1,-1,-1,
-1,1,1,-1,-1,-1,-1,-1,-1,-1,-1,-1,-1,-1,-1,-1,-1,-1,-1,-1,-1,-1,-1,-1,1,-1,-1,-1,-1,-1,-1,0,-1,-1,-1,-1,-1,-1,-1,-1,-1,-1,-1,-1,-1,-1,-1,-1,-1,-1,-1,-1,-1,-1,-1,-1,-1,-1,-1,-1,
1,-1,-1,-1,-1,-1,-1,-1,-1,-1,-1,-1,-1,-1,-1,-1,-1,-1,-1,-1,-1,-1,-1,-1,-1,-1,-1,-1,-1,-1,-1,-1,0,-1,-1,-1,-1,-1,-1,-1,-1,-1,-1,-1,-1,-1,-1,-1,-1,-1,-1,-1,-1,1,-1,-1,-1,-1,-1,-1,
1,-1,-1,-1,-1,-1,-1,-1,-1,-1,-1,-1,-1,-1,-1,-1,-1,1,-1,-1,-1,-1,-1,1,-1,-1,-1,-1,-1,-1,-1,-1,-1,0,-1,-1,-1,-1,-1,-1,-1,-1,-1,-1,-1,-1,-1,-1,-1,-1,-1,-1,-1,-1,-1,-1,-1,-1,-1,-1,
1,-1,-1,-1,-1,-1,-1,-1,-1,-1,-1,-1,-1,-1,-1,-1,-1,1,-1,-1,-1,-1,-1,-1,-1,-1,-1,-1,-1,-1,-1,-1,-1,-1,0,-1,-1,-1,-1,-1,-1,-1,-1,-1,-1,-1,-1,-1,-1,-1,-1,-1,-1,-1,-1,-1,-1,-1,-1,-1,
-1,1,-1,-1,-1,-1,-1,-1,-1,-1,-1,-1,-1,-1,-1,-1,-1,-1,-1,-1,-1,-1,-1,-1,-1,-1,-1,-1,-1,-1,-1,-1,-1,-1,-1,0,-1,-1,-1,-1,-1,-1,-1,-1,-1,-1,-1,-1,-1,-1,-1,-1,-1,-1,-1,-1,1,-1,-1,-1,
-1,-1,-1,-1,-1,-1,-1,-1,-1,-1,-1,-1,1,-1,-1,-1,-1,-1,-1,-1,-1,-1,-1,-1,-1,-1,-1,-1,-1,-1,-1,-1,-1,-1,-1,-1,0,1,-1,-1,-1,-1,-1,-1,-1,-1,-1,-1,-1,-1,1,-1,-1,-1,-1,-1,-1,-1,-1,-1,
-1,-1,-1,-1,-1,-1,-1,-1,-1,-1,-1,-1,-1,-1,-1,-1,-1,-1,-1,-1,-1,-1,-1,-1,-1,-1,-1,-1,-1,-1,-1,-1,-1,-1,-1,-1,1,0,-1,-1,-1,-1,-1,-1,-1,-1,-1,-1,1,-1,-1,-1,-1,-1,-1,-1,-1,-1,-1,-1,
-1,-1,-1,-1,-1,-1,-1,-1,-1,-1,-1,-1,-1,-1,-1,-1,-1,-1,-1,-1,-1,-1,-1,1,-1,-1,-1,-1,-1,-1,-1,-1,-1,-1,-1,-1,-1,-1,0,-1,-1,-1,-1,1,-1,-1,1,-1,-1,-1,-1,-1,-1,-1,-1,-1,-1,-1,-1,-1,
-1,-1,1,-1,-1,-1,-1,-1,-1,-1,-1,-1,-1,-1,-1,-1,-1,-1,-1,-1,-1,-1,-1,-1,-1,-1,-1,-1,-1,-1,-1,-1,-1,-1,-1,-1,-1,-1,-1,0,-1,-1,-1,-1,-1,-1,-1,-1,-1,-1,-1,-1,-1,-1,-1,-1,-1,-1,-1,1,
-1,-1,-1,-1,-1,1,-1,-1,-1,-1,-1,-1,-1,-1,-1,-1,-1,-1,-1,-1,-1,-1,-1,-1,-1,-1,-1,-1,-1,-1,-1,-1,-1,-1,-1,-1,-1,-1,-1,-1,0,-1,-1,-1,-1,-1,-1,-1,-1,-1,-1,-1,1,-1,1,-1,-1,-1,-1,-1,
-1,-1,-1,-1,-1,-1,-1,-1,-1,-1,-1,-1,-1,1,-1,-1,-1,1,-1,-1,-1,-1,-1,-1,-1,-1,-1,-1,-1,-1,-1,-1,-1,-1,-1,-1,-1,-1,-1,-1,-1,0,-1,-1,-1,-1,-1,-1,-1,-1,-1,-1,-1,-1,-1,-1,-1,-1,-1,-1,
-1,-1,-1,-1,-1,-1,-1,-1,1,-1,-1,-1,-1,-1,-1,-1,-1,-1,-1,-1,-1,-1,-1,-1,-1,-1,-1,-1,-1,-1,-1,-1,-1,-1,-1,-1,-1,-1,-1,-1,-1,-1,0,-1,-1,-1,-1,-1,-1,1,-1,-1,-1,-1,-1,-1,-1,1,-1,-1,
-1,1,-1,-1,-1,-1,-1,-1,-1,-1,-1,-1,-1,-1,-1,-1,-1,-1,-1,-1,-1,-1,-1,-1,-1,-1,-1,-1,-1,-1,-1,-1,-1,-1,-1,-1,-1,-1,1,-1,-1,-1,-1,0,-1,-1,-1,-1,-1,-1,-1,-1,-1,-1,-1,-1,-1,-1,-1,-1,
1,-1,-1,-1,-1,-1,-1,-1,-1,-1,-1,-1,-1,-1,-1,-1,-1,-1,-1,-1,1,-1,-1,-1,-1,-1,-1,-1,-1,-1,-1,-1,-1,-1,-1,-1,-1,-1,-1,-1,-1,-1,-1,-1,0,-1,-1,-1,-1,-1,-1,-1,-1,-1,-1,-1,-1,-1,-1,-1,
-1,-1,-1,-1,-1,-1,-1,-1,-1,-1,-1,-1,-1,-1,-1,-1,-1,-1,-1,-1,-1,-1,-1,-1,-1,-1,-1,-1,-1,-1,-1,-1,-1,-1,-1,-1,-1,-1,-1,-1,-1,-1,-1,-1,-1,0,-1,-1,1,-1,-1,-1,-1,1,-1,-1,-1,-1,-1,-1,
-1,-1,-1,-1,-1,-1,-1,-1,-1,-1,-1,-1,-1,-1,-1,-1,-1,-1,-1,-1,-1,-1,-1,-1,-1,-1,-1,1,-1,-1,-1,-1,-1,-1,-1,-1,-1,-1,1,-1,-1,-1,-1,-1,-1,-1,0,-1,-1,-1,-1,-1,-1,-1,-1,-1,-1,-1,-1,-1,
-1,-1,-1,-1,-1,-1,-1,-1,-1,-1,-1,-1,1,-1,-1,-1,-1,-1,-1,1,-1,-1,-1,-1,-1,-1,-1,-1,-1,1,-1,-1,-1,-1,-1,-1,-1,-1,-1,-1,-1,-1,-1,-1,-1,-1,-1,0,-1,-1,-1,-1,-1,-1,-1,-1,-1,-1,-1,-1,
-1,-1,-1,-1,-1,-1,-1,-1,-1,-1,-1,-1,-1,-1,-1,-1,-1,-1,-1,-1,-1,-1,-1,-1,-1,-1,1,-1,-1,-1,-1,-1,-1,-1,-1,-1,-1,1,-1,-1,-1,-1,-1,-1,-1,1,-1,-1,0,-1,-1,-1,-1,-1,-1,-1,-1,-1,-1,-1,
-1,-1,-1,-1,-1,-1,-1,-1,1,-1,-1,-1,-1,-1,-1,-1,-1,-1,-1,-1,-1,-1,-1,-1,-1,-1,-1,-1,-1,-1,-1,-1,-1,-1,-1,-1,-1,-1,-1,-1,-1,-1,1,-1,-1,-1,-1,-1,-1,0,-1,-1,-1,-1,-1,-1,-1,-1,-1,-1,
-1,-1,-1,-1,-1,-1,-1,-1,-1,1,-1,-1,-1,-1,-1,-1,-1,-1,-1,-1,-1,-1,-1,-1,-1,-1,-1,-1,-1,-1,-1,-1,-1,-1,-1,-1,1,-1,-1,-1,-1,-1,-1,-1,-1,-1,-1,-1,-1,-1,0,-1,-1,-1,-1,-1,-1,-1,-1,-1,
-1,-1,-1,-1,-1,-1,-1,-1,1,-1,-1,-1,-1,-1,-1,-1,-1,-1,-1,-1,-1,-1,-1,-1,-1,1,-1,-1,-1,-1,-1,-1,-1,-1,-1,-1,-1,-1,-1,-1,-1,-1,-1,-1,-1,-1,-1,-1,-1,-1,-1,0,-1,-1,-1,-1,-1,-1,-1,-1,
-1,-1,-1,-1,-1,-1,-1,-1,-1,1,-1,-1,-1,-1,-1,-1,-1,-1,-1,-1,-1,-1,-1,-1,-1,-1,-1,-1,-1,-1,-1,-1,-1,-1,-1,-1,-1,-1,-1,-1,1,-1,-1,-1,-1,-1,-1,-1,-1,-1,-1,-1,0,-1,-1,-1,-1,-1,-1,-1,
-1,1,1,-1,-1,-1,-1,-1,1,-1,-1,-1,-1,-1,-1,-1,-1,-1,-1,-1,-1,-1,-1,-1,-1,-1,-1,-1,-1,-1,-1,-1,1,-1,-1,-1,-1,-1,-1,-1,-1,-1,-1,-1,-1,1,-1,-1,-1,-1,-1,-1,-1,0,-1,-1,-1,-1,-1,-1,
-1,-1,-1,-1,-1,-1,-1,-1,-1,-1,-1,-1,-1,-1,1,-1,-1,-1,-1,-1,-1,-1,-1,1,-1,-1,-1,-1,-1,-1,-1,-1,-1,-1,-1,-1,-1,-1,-1,-1,1,-1,-1,-1,-1,-1,-1,-1,-1,-1,-1,-1,-1,-1,0,-1,-1,-1,-1,-1,
-1,-1,-1,-1,-1,-1,-1,-1,-1,-1,-1,-1,1,-1,-1,-1,-1,-1,-1,-1,-1,-1,-1,-1,-1,-1,-1,1,-1,-1,-1,-1,-1,-1,-1,-1,-1,-1,-1,-1,-1,-1,-1,-1,-1,-1,-1,-1,-1,-1,-1,-1,-1,-1,-1,0,-1,-1,-1,-1,
-1,-1,-1,-1,-1,-1,-1,-1,1,-1,-1,-1,-1,-1,-1,-1,-1,-1,-1,-1,-1,-1,-1,-1,-1,-1,-1,-1,-1,-1,-1,-1,-1,-1,-1,1,-1,-1,-1,-1,-1,-1,-1,-1,-1,-1,-1,-1,-1,-1,-1,-1,-1,-1,-1,-1,0,-1,-1,-1,
-1,-1,-1,-1,-1,-1,-1,-1,-1,-1,-1,-1,-1,-1,-1,-1,-1,-1,-1,-1,-1,-1,-1,-1,-1,-1,-1,1,-1,-1,-1,-1,-1,-1,-1,-1,-1,-1,-1,-1,-1,-1,1,-1,-1,-1,-1,-1,-1,-1,-1,-1,-1,-1,-1,-1,-1,0,-1,-1,
-1,-1,-1,-1,-1,-1,-1,-1,-1,-1,-1,-1,-1,-1,-1,-1,-1,-1,-1,-1,-1,-1,1,-1,-1,1,-1,-1,-1,-1,-1,-1,-1,-1,-1,-1,-1,-1,-1,-1,-1,-1,-1,-1,-1,-1,-1,-1,-1,-1,-1,-1,-1,-1,-1,-1,-1,-1,0,-1,
-1,-1,-1,1,-1,-1,-1,-1,-1,-1,-1,-1,-1,-1,-1,-1,-1,-1,1,-1,-1,-1,-1,-1,-1,-1,-1,-1,-1,-1,-1,-1,-1,-1,-1,-1,-1,-1,-1,1,-1,-1,-1,-1,-1,-1,-1,-1,-1,-1,-1,-1,-1,-1,-1,-1,-1,-1,-1,0,

(0,0)
(0,1)
(1,2)
(1,3)
(2,4)
(1,5)
(0,6)
(2,7)
(1,8)
(0,9)
(0,10)
(1,11)
(1,12)
(0,13)
(2,14)
(1,15)
(2,16)
(1,17)
(0,18)
(0,19)
(26,10)
(56,0)
(42,3)
(51,16)
(47,9)
(46,0)
(0,12)
(6,3)
(37,4)
(58,13)
(27,6)
(14,15)
(55,13)
(10,1)
(38,7)
(57,19)
(23,14)
(20,6)
(29,9)
(18,1)
(32,13)
(18,7)
(18,2)
(51,15)
(48,18)
(3,0)
(34,7)
(31,19)
(29,3)
(24,0)
(24,7)
(16,0)
(53,0)
(12,12)
(3,8)
(32,5)
(11,6)
(15,15)
(37,1)
(12,4)
(39,1)
(56,8)
(48,2)
(11,3)
(59,5)
(55,11)
(53,3)
(35,13)
(49,1)
(31,2)
(48,5)
(17,18)
(21,4)
(55,8)
(18,5)
(23,7)
(31,2)
(47,2)
(19,19)
(37,5)
(21,1)
(54,9)
(39,0)
(52,3)
(42,1)
(59,3)
(5,5)
(29,11)
(34,5)
(14,13)
(24,0)
(15,16)
(52,9)
(53,3)
(29,11)
(25,2)
(0,3)
(28,6)
(54,9)
(34,0)
(50,3)
(58,1)
(8,15)
(37,5)
(15,5)
(17,18)
(53,2)
(45,17)
(57,11)
(37,17)
(22,6)
(39,9)
(27,7)
(6,5)
(52,7)
(43,2)
(8,2)
(16,7)
(58,13)
(34,2)
(58,7)
(12,16)
(1,2)
(13,5)
(54,0)
(45,3)
(59,15)
(3,6)
(45,5)
(36,3)
(35,9)
(10,1)
(22,3)
(13,4)
(30,7)
(55,16)
(4,2)
(52,6)
(45,5)
(4,12)
(33,14)
(8,3)
(31,18)
(30,11)
(32,14)
(3,2)
(34,8)
(57,4)
(47,12)
(11,8)
(46,17)
(58,5)
(49,3)
(49,1)
(4,0)
(27,11)
(11,6)
(32,13)
(9,5)
(53,14)
(51,1)
(8,10)
(22,1)
(27,6)
(54,8)
(29,3)
(46,13)
(46,10)
(38,17)
(59,1)
(36,12)
(34,0)
(44,4)
(53,16)
(15,5)
(52,2)
(52,2)
(31,4)
(16,12)
(2,7)
(0,0)
(36,5)
(38,0)
(13,3)
(23,15)
(40,0)
(57,18)
(26,1)
(34,3)
(54,14)
(12,7)
(52,4)
(42,4)
(56,11)
(57,10)
(17,1)
(5,6)
(45,12)
(59,0)
(39,2)
(54,2)
(35,19)
(0,19)
(46,2)
(40,7)
(54,13)
(14,8)
(41,3)
(47,8)
(51,17)
(52,11)
(10,12)
(18,6)
(19,16)
(25,4)
(44,15)
(14,18)
(2,1)
(8,0)
(12,11)
(0,0)
(0,2)
(51,14)
(55,5)
(5,11)
(47,4)
(47,1)
(59,2)
(39,15)
(41,8)
(46,11)
(13,3)
(12,0)
(16,0)
(43,3)
(7,1)
(12,14)
(33,15)
(39,4)
(20,11)
(0,9)
(42,2)
(32,11)
(9,1)
(57,18)
(33,3)
(32,9)
(14,9)
(32,3)
(46,1)
(41,15)
(22,8)
(3,0)
(41,18)
(7,7)
(59,13)
(22,2)
(6,6)
(59,1)
(39,8)
(24,8)
(17,15)
(18,2)
(20,11)
(4,3)
(25,3)
(55,2)
(39,6)
(44,14)
(4,15)
(15,10)
(29,6)
(44,13)
(50,7)
(2,13)
(54,1)
(42,6)
(9,7)
(2,1)
(51,12)
(10,6)
(46,3)
(24,1)
(52,10)
(29,11)
(4,5)
(20,6)
(11,19)
(15,5)
(4,16)
(27,2)
(43,11)
(33,2)
(33,8)
(40,1)
(24,0)
(25,18)
(59,19)
(58,17)
(12,16)
(21,12)
(33,9)
(13,17)
(56,9)
(39,9)
(52,15)
(5,11)
(15,3)
(16,13)
(38,16)
(0,5)
(24,1)
(20,15)
(19,6)
(57,2)
(21,4)
(42,5)
(39,17)
(41,4)
(19,5)
(29,0)
(50,13)
(26,11)
(37,12)
(5,4)
(17,6)
(51,12)
(47,5)
(41,12)
(6,0)
(54,0)
(56,9)
(58,1)
(19,16)
(54,0)
(15,18)
(25,3)
(27,13)
(40,1)
(26,6)
(39,11)
(38,11)
(38,8)
(4,14)
(42,14)
(44,2)
(44,2)
(3,7)
(16,3)
(49,18)
(34,1)
(4,6)
(7,12)
(28,14)
(7,15)
(47,9)
(8,16)
(50,2)
(20,7)
(10,0)
(50,0)
(57,14)
(37,0)
(13,19)
(7,10)
(26,12)
(49,8)
(19,12)
(58,0)
(8,1)
(45,6)
(57,1)
(31,4)
(0,15)
(55,6)
(24,1)
(59,7)
(43,18)
(33,5)
(21,12)
(25,6)
(11,1)
(56,2)
(25,12)
(59,1)
(57,6)
(0,1)
(11,6)
(11,0)
(35,3)
(22,0)
(59,0)
(41,17)
(25,5)
(45,10)
(52,2)
(4,18)
(3,2)
(23,13)
(2,10)
(45,1)
(11,19)
(27,5)
(38,16)
(29,0)
(41,19)
(20,12)
(19,3)
(36,8)
(45,5)
(32,1)
(46,9)
(16,0)
(55,2)
(3,1)
(58,4)
(31,2)
(11,2)
(0,2)
(35,12)
(16,1)
(51,8)
(42,14)
(49,0)
(29,1)
(18,19)
(57,16)
(25,14)
(58,14)
(20,11)
(31,0)
(7,1)
(55,6)
(40,8)
(2,0)
(6,0)
(52,18)
(15,1)
(20,13)
(22,5)
(41,18)
(33,13)
(41,9)
(24,6)
(21,18)
(27,2)
(34,18)
(16,17)
(28,0)
(35,1)
(43,7)
(36,2)
(45,1)
(8,19)
(39,2)
(13,6)
(12,13)
(39,9)
(0,17)
(16,16)
(16,14)
(55,6)
(18,9)
(15,14)
(0,16)
(38,11)
(50,0)
(5,19)
(52,2)
(4,18)
(59,17)
(20,5)
(26,1)
(17,3)
(37,11)
(57,13)
(29,17)
(6,10)
(30,15)
(3,0)
(42,0)
(32,0)
(9,12)
(50,12)
(18,4)
(10,15)
(18,17)
(10,6)
(52,13)
(21,10)
(48,15)
(17,18)
(46,0)
(31,1)
(12,3)
(17,3)
(0,2)
(18,14)
(43,5)
(55,15)
(53,3)
(6,11)
(14,1)
(29,2)
(7,15)
(38,14)
(34,10)
(19,7)
(19,18)
(7,16)
(46,17)
(10,3)
(17,7)
(28,14)
(50,18)
(5,8)
(1,19)
(19,2)
(7,2)
(57,0)
(10,12)
(12,10)
(28,15)
(27,17)
(9,0)
(52,19)
(39,0)
(53,2)
(39,15)
(27,7)
(12,6)
(4,7)
(24,4)
(23,9)
(9,2)
(30,2)
(27,10)
(23,4)
(9,2)
(36,18)
(35,9)
(49,1)
(39,0)
(21,4)
(32,8)
(32,2)
(38,14)
(4,0)
(24,0)
(40,13)
(53,0)
(21,16)
(5,12)
(59,12)
(36,10)
(36,9)
(56,16)
(2,7)
(6,7)
(4,8)
(12,0)
(2,3)
(43,7)
(27,19)
(40,1)
(14,1)
(47,4)
(10,3)
(3,0)
(38,8)
(6,2)
(53,2)
(50,13)
(45,18)
(8,11)
(0,8)
(12,18)
(59,1)
(41,1)
(9,12)
(58,5)
(42,1)
(24,5)
(22,7)
(59,0)
(47,4)
(20,0)
(51,14)
(11,7)
(49,9)
(47,16)
(50,0)
(28,11)
(35,9)
(15,12)
(6,5)
(38,15)
(20,8)
(33,3)
(57,15)
(35,18)
(0,16)
(22,11)
(30,11)
(30,4)
(0,19)
(6,9)
(48,12)
(49,4)
(10,1)
(11,12)
(59,2)
(8,13)
(44,2)
(53,19)
(9,9)
(22,16)
(4,17)
(11,2)
(43,9)
(10,0)
(6,18)
(18,4)
(29,16)
(47,1)
(9,2)
(24,3)
(32,3)
(52,3)
(31,2)
(54,10)
(56,15)
(15,5)
(52,2)
(35,4)
(7,10)
(25,3)
(23,14)
(56,3)
(5,13)
(35,12)
(37,15)
(12,18)
(37,4)
(41,18)
(58,2)
(4,1)
(53,7)
(3,5)
(57,1)
(3,7)
(13,5)
(34,9)
(39,7)
(13,13)
(39,1)
(45,3)
(45,17)
(26,4)
(44,11)
(48,19)
(49,4)
(7,4)
(59,9)
(50,18)
(51,6)
(51,1)
(28,5)
(43,11)
(20,16)
(39,16)
(46,7)
(46,4)
(39,16)
(48,14)
(21,5)
(5,4)
(36,14)
(12,10)
(46,12)
(34,4)
(39,0)
(51,1)
(34,0)
(10,1)
(38,3)
(13,6)
(52,11)
(21,6)
(35,3)
(18,11)
(31,18)
(13,6)
(20,14)
(44,6)
(24,3)
(57,11)
(49,2)
(32,11)
(52,2)
(22,2)
(45,1)
(18,5)
(47,3)
(41,3)
(29,5)
(27,16)
(5,19)
(12,6)
(6,16)
(21,1)
(57,8)
(55,0)
(25,2)
(35,1)
(44,15)
(42,12)
(50,5)
(24,12)
(39,14)
(32,18)
(22,0)
(10,10)
(30,12)
(52,4)
(6,14)
(52,11)
(42,12)
(20,18)
(1,3)
(0,8)
(33,7)
(36,9)
(1,2)
(26,17)
(17,16)
(45,0)
(39,4)
(9,15)
(54,0)
(47,3)
(25,2)
(29,5)
(6,18)
(49,10)
(13,5)
(39,1)
(8,4)
(43,1)
(59,6)
(46,4)
(8,0)
(46,8)
(55,8)
(39,10)
(31,16)
(47,10)
(14,15)
(43,3)
(30,12)
(11,7)
(44,15)
(57,16)
(37,7)
(16,1)
(20,10)
(26,1)
(39,17)
(18,13)
(24,14)
(50,9)
(24,2)
(56,5)
(19,0)
(57,3)
(3,9)
(5,6)
(9,4)
(43,11)
(22,4)
(32,5)
(45,3)
(2,8)
(48,6)
(43,10)
(50,4)
(1,11)
(59,8)
(8,1)
(40,15)
(58,1)
(50,3)
(14,8)
(46,0)
(17,17)
(54,16)
(35,14)
(27,5)
(11,11)
(53,2)
(52,14)
(41,1)
(46,13)
(11,4)
(2,14)
(46,4)
(15,2)
(55,10)
(47,6)
(1,1)
(51,17)
(42,13)
(9,2)
(9,18)
(25,4)
(50,4)
(26,12)
(18,7)
(4,16)
(54,6)
(55,13)
(28,0)
(20,17)
(5,0)
(52,18)
(54,17)
(6,6)
(46,7)
(16,1)
(40,6)
(21,11)
(40,10)
(38,14)
(2,2)
(25,10)
(47,7)
(10,16)
(49,2)
(19,10)
(15,2)
(59,0)
(46,13)
(39,7)
(32,3)
(42,7)
(49,16)
(42,2)
(35,8)
(45,11)
(52,14)
(44,7)
(44,14)
(14,19)
(43,6)
(50,15)
(12,2)
(42,10)
(13,15)
(38,4)
(2,8)
(19,5)
(37,19)
(51,4)
(7,15)
(37,15)
(30,13)
(56,12)
(8,10)
(34,8)
(28,14)
(36,13)
(25,10)
(21,5)
(44,11)
(44,5)
(23,1)
(40,11)
(55,16)
(26,17)
(18,9)
(2,0)
(52,6)
(10,6)
(25,17)
(55,4)
(24,19)
(8,16)
(26,4)
(8,0)
(7,2)
(51,2)
(43,14)
(52,2)
(4,2)
(5,10)
(39,1)
(5,9)
(6,10)
(37,13)
(50,12)
(37,15)
(31,5)
(27,11)
(53,16)
(44,16)
(35,8)
(36,11)
(41,14)
(26,0)
(46,8)
(12,0)
(47,4)
(50,7)
(41,15)
(36,2)
(0,4)
(57,14)
(58,18)
(53,5)
(8,7)
(14,11)
(7,8)
(19,14)
(51,19)
(12,13)
(51,3)
(53,3)
(11,16)
(18,3)
(30,4)
(41,18)
(44,17)
(47,0)
(10,18)
(0,8)
(33,0)
(53,0)
(10,6)
(52,16)
(28,6)
(52,13)
(42,17)
(37,5)
(51,12)
(20,17)
(0,0)
(51,16)
(11,1)
(5,11)
(11,8)
(14,2)
(53,15)
(4,13)
(14,7)
(45,18)
(59,5)
(54,14)
(46,1)
(8,2)
(43,15)
(24,1)
(9,3)
(33,18)
(32,15)
(13,4)
(46,18)
(54,14)
(44,3)
(8,1)
(54,12)
(56,18)
(14,7)
(55,5)
(31,15)
(44,18)
(1,16)
(38,17)
(41,17)
(28,18)
(8,14)
(49,17)
(46,7)
(30,2)
(17,1)
(29,1)
(44,4)
(33,11)
(26,13)
(18,5)
(23,1)
(40,13)
(8,4)
(50,17)
(0,3)
(55,8)
(17,18)
(42,16)
(37,13)
(33,17)
(15,7)
(13,5)
(54,4)
(36,11)
(17,2)
(17,9)
(25,10)
(22,4)
(6,8)
(54,15)
(39,2)
(33,2)
(9,3)
(55,0)
(24,10)
(57,2)
(57,3)
(58,1)
(36,11)
(30,5)
(30,3)
(32,3)
(55,8)
(1,14)
(22,5)
(1,16)
(10,19)
(52,0)
(10,12)
(54,1)
(29,15)
(50,1)
(36,6)
(47,5)
(7,4)
(49,14)
(14,0)
(36,1)
(17,9)
(55,5)
(57,6)
(57,4)
(43,7)
(43,5)
(40,15)
(23,11)
(35,14)
(9,15)
(9,10)
(15,5)
(3,2)
(42,0)
(30,12)
(25,10)
(51,19)
(26,8)
(3,5)
(21,7)
(25,7)
(9,17)
(48,8)
(21,0)
(41,1)
(20,11)
(7,8)
(23,1)
(53,8)
(9,0)
(41,19)
(44,1)
(29,2)
(26,18)
(10,5)
(51,4)
(24,5)
(55,12)
(14,13)
(7,7)
(17,13)
(47,17)
(23,4)
(55,7)
(9,1)
(28,2)
(50,17)
(24,1)
(29,0)
(8,17)
(57,17)
(22,4)
(2,13)
(56,11)
(11,5)
(32,10)
(37,17)
(28,7)
(6,7)
(29,5)
(19,1)
(29,17)
(31,14)
(31,8)
(55,16)
(7,7)
(42,0)
(24,6)
(0,6)
(35,3)
(20,19)
(37,19)
(20,1)
(46,2)
(21,4)
(36,10)
(57,6)
(20,8)
(33,2)
(5,18)
(59,19)
(26,14)
(0,3)
(23,18)
(32,5)
(19,15)
(47,11)
(10,3)
(30,11)
(22,3)
(36,3)
(49,19)
(58,9)
(22,1)
(9,6)
(51,18)
(18,1)
(59,3)
(32,8)
(11,2)
(20,10)
(17,6)
(20,17)
(8,3)
(14,8)
(47,2)
(47,3)
(4,6)
(8,4)
(46,10)
(0,3)
(33,0)
(24,4)
(41,5)
(39,14)
(25,3)
(57,16)
(28,1)
(12,3)
(43,0)
(26,14)
(57,10)
(22,0)
(43,0)
(18,18)
(14,0)
(58,18)
(0,9)
(30,17)
(6,14)
(37,0)
(37,0)
(47,1)
(31,3)
(7,4)
(13,3)
(42,10)
(53,5)
(59,10)
(4,1)
(46,5)
(10,7)
(28,3)
(18,17)
(57,11)
(16,9)
(58,19)
(4,2)
(18,14)
(33,7)
(38,2)
(28,13)
(7,2)
(58,3)
(14,3)
(42,3)
(7,15)
(39,6)
(5,17)
(16,7)
(4,3)
(23,11)
(44,6)
(18,0)
(39,4)
(47,6)
(32,4)
(14,6)
(0,12)
(30,16)
(28,1)
(24,6)
(50,13)
(24,13)
(3,12)
(59,9)
(28,5)
(12,6)
(30,15)
(52,1)
(27,16)
(48,13)
(37,0)
(7,11)
(51,9)
(36,12)
(16,16)
(23,9)
(16,19)
(51,13)
(34,2)
(5,7)
(58,2)
(15,7)
(25,11)
(50,4)
(49,11)
(44,2)
(29,3)
(1,15)
(5,12)
(30,18)
(23,9)
(15,16)
(45,2)
(24,0)
(50,16)
(57,2)
(38,13)
(5,18)
(30,3)
(29,2)
(47,4)
(11,0)
(29,7)
(50,4)
(20,18)
(31,17)
(35,14)
(58,6)
(1,12)
(32,4)
(40,3)
(58,3)
(6,6)
(25,9)
(57,14)
(0,18)
(12,0)
(41,11)
(37,14)
(37,6)
(7,0)
(38,3)
(26,7)
(34,0)
(10,19)
(54,16)
(1,8)
(30,8)
(48,7)
(34,9)
(51,4)
(30,4)
(39,0)
(9,10)
(2,5)
(17,11)
(25,3)
(12,4)
(35,5)
(27,18)
(56,12)
(0,17)
(5,15)
(39,1)
(58,2)
(53,9)
(31,18)
(41,13)
(22,8)
(56,4)
(15,2)
(51,19)
(16,15)
(21,8)
(57,18)
(13,2)
(54,13)
(34,9)
(8,6)
(1,3)
(9,0)
(31,0)
(44,6)
(48,15)
(26,19)
(1,5)
(11,8)
(10,10)
(19,18)
(27,0)
(45,0)
(13,16)
(51,18)
(13,14)
(39,18)
(53,16)
(20,14)
(21,12)
(0,17)
(33,8)
(52,10)
(52,15)
(53,4)
(10,6)
(19,19)
(44,9)
(19,8)
(16,5)
(1,4)
(52,2)
(43,6)
(58,3)
(33,8)
(45,2)
(25,12)
(35,0)
(57,2)
(5,1)
(10,19)
(51,13)
(16,0)
(51,0)
(56,18)
(57,12)
(26,9)
(29,16)
(16,13)
(27,10)
(3,11)
(18,19)
(55,5)
(0,3)
(49,14)
(40,14)
(5,19)
(50,0)
(12,8)
(59,16)
(16,19)
(39,13)
(51,4)
(52,19)
(50,5)
(53,4)
(28,13)
(24,17)
(43,7)
(3,6)
(44,12)
(48,12)
(17,0)
(44,7)
(14,7)
(57,1)
(20,1)
(31,3)
(55,3)
(38,15)
(54,3)
(49,6)
(31,10)
(31,3)
(32,6)
(14,1)
(7,11)
(46,19)
(57,5)
(15,8)
(47,18)
(49,6)
(25,5)
(1,11)
(15,17)
(38,11)
(56,11)
(7,11)
(46,4)
(7,0)
(1,3)
(11,9)
(30,6)
(6,1)
(13,4)
(27,5)
(59,0)
(45,2)
(22,0)
(11,10)
(16,7)
(11,4)
(46,0)
(43,12)
(45,0)
(42,0)
(16,18)
(42,13)
(19,14)
(45,19)
(11,4)
(42,18)
(4,11)
(50,8)
(45,19)
(40,1)
(10,1)
(42,0)
(55,7)
(43,16)
(16,2)
(26,10)
(11,5)
(9,11)
(21,13)
(34,0)
(50,3)
(26,16)
(17,18)
(41,13)
(10,6)
(57,1)
(17,0)
(47,6)
(48,17)
(14,2)
(31,12)
(47,3)
(15,7)
(21,2)
(16,0)
(45,6)
(16,14)
(2,5)
(39,9)
(20,5)
(40,1)
(38,2)
(3,4)
(0,2)
(17,11)
(50,15)
(4,3)
(42,18)
(26,0)
(27,3)
(54,3)
(42,4)
(48,19)
(0,2)
(51,0)
(32,16)
(58,15)
(36,5)
(44,15)
(8,3)
(52,7)
(17,15)
(19,5)
(31,15)
(23,13)
(27,4)
(47,16)
(49,0)
(28,7)
(51,16)
(41,16)
(48,8)
(59,15)
(7,16)
(7,10)
(29,1)
(16,9)
(50,2)
(4,4)
(23,16)
(50,18)
(58,1)
(8,13)
(49,13)
(11,6)
(1,14)
(13,15)
(48,5)
(32,8)
(21,15)
(23,9)
(37,3)
(14,15)
(24,10)
(16,5)
(49,14)
(6,9)
(32,4)
(12,9)
(19,1)
(51,3)
(41,13)
(29,6)
(28,17)
(58,2)
(41,5)
(14,19)
(31,18)
(14,0)
(29,10)
(39,1)
(20,2)
(6,3)
(17,5)
(1,3)
(47,13)
(31,11)
(38,11)
(36,1)
(1,0)
(24,16)
(56,7)
(26,16)
(21,2)
(45,11)
(20,9)
(26,19)
(6,12)
(0,14)
(36,9)
(43,0)
(6,15)
(53,1)
(5,2)
(35,4)
(32,13)
(15,17)
(38,9)
(52,7)
(55,10)
(40,10)
(18,3)
(25,16)
(42,15)
(10,4)
(50,14)
(22,3)
(20,9)
(12,19)
(34,8)
(54,1)
(44,16)
(33,18)
(29,4)
(31,4)
(38,14)
(19,2)
(48,4)
(9,2)
(10,9)
(24,1)
(58,17)
(47,6)
(34,19)
(1,8)
(14,18)
(3,17)
(7,12)
(21,10)
(35,3)
(36,2)
(5,2)
(10,5)
(2,12)
(10,6)
(12,10)
(6,11)
(3,9)
(42,8)
(28,7)
(2,5)
(17,13)
(33,10)
(21,7)
(47,3)
(32,8)
(44,15)
(7,7)
(14,0)
(20,13)
(57,19)
(16,13)
(14,3)
(3,4)
(16,10)
(43,18)
(21,11)
(45,11)
(17,13)
(6,13)
(17,0)
(20,16)
(38,5)
(6,9)
(4,0)
(28,15)
(55,9)
(19,15)
(11,11)
(1,2)
(58,11)
(47,9)
(36,13)
(56,1)
(51,15)
(3,19)
(27,1)
(40,17)
(9,3)
(56,16)
(52,13)
(28,9)
(31,18)
(8,8)
(19,4)
(31,7)
(48,5)
(5,16)
(52,15)
(8,17)
(21,1)
(52,0)
(25,18)
(1,0)
(0,2)
(20,15)
(14,0)
(24,14)
(22,10)
(46,8)
(37,7)
(32,4)
(38,15)
(57,16)
(52,13)
(37,5)
(22,2)
(2,18)
(36,18)
(50,9)
(43,17)
(21,4)
(55,2)
(9,0)
(5,5)
(11,16)
(42,7)
(49,4)
(41,6)
(56,0)
(1,14)
(13,15)
(52,12)
(26,16)
(12,0)
(25,9)
(48,8)
(17,18)
(16,15)
(18,8)
(45,16)
(58,15)
(19,15)
(19,4)
(41,3)
(42,3)
(20,9)
(22,4)
(46,15)
(59,7)
(15,2)
(22,4)
(30,3)
(18,7)
(5,6)
(26,0)
(21,5)
(13,4)
(20,16)
(59,5)
(11,3)
(48,6)
(14,5)
(19,15)
(40,9)
(4,7)
(19,1)
(26,1)
(51,10)
(19,0)
(50,9)
(3,0)
(11,17)
(6,2)
(29,1)
(23,15)
(32,6)
(6,13)
(50,12)
(35,6)
(33,5)
(46,10)
(31,0)
(3,17)
(34,0)
(19,5)
(16,19)
(43,11)
(42,4)
(45,14)
(3,15)
(7,6)
(52,11)
(9,14)
(37,17)
(3,10)
(3,0)
(40,11)
(1,2)
(26,3)
(32,17)
(0,10)
(15,17)
(34,0)
(16,5)
(11,13)
(40,14)
(57,6)
(55,4)
(9,16)
(24,0)
(42,3)
(24,16)
(10,19)
(0,6)
(43,1)
(10,7)
(16,2)
(29,19)
(45,7)
(36,19)
(20,19)
(34,3)
(42,1)
(10,1)
(24,3)
(23,1)
(27,18)
(52,10)
(45,14)
(3,9)
(30,18)
(20,1)
(30,3)
(21,5)
(3,14)
(28,19)
(33,0)
(7,13)
(30,16)
(5,14)
(7,0)
(11,4)
(57,10)
(36,1)
(32,4)
(47,17)
(8,18)
(43,3)
(49,3)
(24,0)
(35,11)
(39,4)
(1,10)
(11,3)
(8,1)
(29,15)
(19,4)
(56,5)
(14,11)
(19,7)
(37,4)
(36,0)
(5,1)
(15,2)
(47,2)
(30,6)
(38,1)
(15,3)
(23,4)
(14,12)
(49,2)
(23,16)
(52,6)
(23,3)
(3,18)
(15,14)
(43,12)
(43,1)
(43,2)
(56,3)
(46,0)
(41,2)
(17,1)
(56,3)
(21,0)
(42,1)
(0,16)
(23,18)
(23,11)
(8,19)
(25,11)
(5,4)
(56,4)
(24,1)
(20,13)
(12,1)
(5,1)
(48,2)
(24,9)
(34,5)
(21,5)
(58,9)
(20,5)
(29,1)
(1,8)
(48,1)
(25,6)
(55,0)
(32,12)
(56,18)
(32,7)
(7,19)
(31,14)
(7,0)
(7,12)
(41,5)
(55,8)
(3,11)
(20,14)
(22,18)
(52,8)
(23,7)
(1,18)
(40,0)
(15,5)
(12,9)
(8,14)
(28,12)
(14,9)
(25,10)
(48,11)
(19,4)
(20,0)
(38,15)
(1,1)
(14,5)
(20,3)
(34,9)
(5,10)
(23,5)
(50,12)
(31,17)
(50,9)
(17,5)
(4,4)
(32,2)
(10,18)
(12,13)
(12,16)
(23,3)
(2,1)
(50,6)
(54,1)
(21,1)
(31,12)
(34,14)
(30,0)
(27,2)
(31,0)
(51,2)
(48,0)
(50,1)
(30,5)
(40,14)
(28,4)
(59,14)
(6,11)
(35,7)
(30,15)
(44,3)
(9,0)
(0,1)
(34,7)
(32,19)
(23,1)
(5,13)
(53,16)
(59,4)
(25,3)
(36,8)
(59,6)
(30,16)
(59,16)
(13,1)
(6,8)
(37,1)
(26,11)
(18,15)
(16,3)
(18,13)
(33,13)
(36,14)
(57,1)
(7,14)
(15,0)
(24,5)
(8,2)
(16,1)
(59,4)
(28,12)
(31,6)
(20,14)
(45,14)
(20,15)
(55,1)
(50,0)
(5,11)
(13,18)
(58,6)
(35,14)
(20,5)
(5,16)
(21,1)
(6,19)
(58,11)
(9,3)
(22,4)
(53,7)
(23,19)
(35,1)
(10,15)
(28,1)
(52,7)
(0,3)
(16,14)
(32,6)
(30,0)
(15,10)
(40,5)
(37,4)
(54,11)
(0,8)
(48,18)
(21,4)
(19,9)
(12,9)
(14,19)
(25,16)
(9,1)
(26,4)
(4,5)
(50,3)
(27,11)
(39,4)
(37,5)
(38,9)
(45,15)
(34,2)
(59,1)
(12,5)
(37,12)
(12,15)
(31,0)
(41,11)
(50,17)
(23,1)
(49,11)
(57,5)
(35,11)
(9,6)
(6,9)
(31,12)
(37,6)
(56,11)
(47,0)
(6,19)
(21,13)
(9,0)
(26,18)
(37,0)
(18,6)
(39,7)
(49,1)
(58,7)
(55,2)
(26,10)
(48,10)
(55,16)
(50,0)
(45,2)
(58,12)
(53,13)
(36,0)
(22,6)
(39,14)
(10,1)
(24,0)
(8,3)
(35,4)
(10,7)
(6,14)
(51,19)
(35,16)
(30,3)
(46,5)
(23,5)
(10,6)
(41,1)
(14,4)
(54,4)
(36,13)
(43,2)
(34,18)
(53,11)
(58,4)
(0,8)
(23,16)
(19,2)
(49,18)
(7,13)
(6,8)
(58,12)
(13,12)
(33,5)
(28,13)
(30,7)
(48,3)
(26,13)
(10,1)
(52,12)
(4,7)
(46,14)
(12,16)
(35,5)
(53,3)
(56,15)
(58,9)
(43,5)
(15,0)
(24,8)
(27,3)
(3,16)
(0,14)
(51,15)
(3,16)
(16,5)
(16,3)
(52,8)
(52,11)
(52,15)
(53,4)
(6,18)
(53,11)
(1,16)
(50,8)
(5,3)
(57,6)
(49,10)
(47,17)
(58,1)
(28,3)
(51,1)
(27,3)
(51,11)
(40,11)
(55,17)
(24,15)
(35,7)
(56,14)
(14,1)
(23,11)
(36,0)
(30,17)
(16,0)
(17,16)
(16,3)
(50,19)
(24,8)
(1,6)
(42,18)
(40,1)
(31,2)
(40,16)
(46,1)
(30,18)
(25,2)
(15,7)
(51,13)
(0,1)
(49,15)
(59,18)
(53,16)
(9,5)
(32,11)
(12,9)
(23,14)
(14,18)
(58,5)
(47,4)
(47,18)
(51,1)
(48,18)
(35,1)
(53,7)
(57,15)
(29,10)
(7,2)
(18,8)
(55,1)
(48,3)
(42,4)
(54,0)
(29,19)
(43,3)
(1,11)
(42,6)
(35,16)
(3,10)
(38,15)
(28,5)
(24,14)
(36,5)
(13,4)
(55,1)
(42,2)
(12,16)
(15,11)
(12,16)
(7,5)
(40,11)
(43,4)
(11,0)
(6,17)
(10,8)
(13,7)
(43,0)
(12,17)
(19,1)
(51,14)
(38,7)
(17,11)
(36,2)
(8,13)
(4,1)
(22,0)
(4,19)
(1,15)
(11,1)
(26,15)
(31,12)
(21,11)
(28,17)
(58,15)
(49,9)
(24,3)
(41,4)
(35,3)
(42,10)
(12,1)
(56,15)
(26,11)
(53,6)
(4,2)
(39,2)
(34,19)
(4,16)
(23,13)
(38,16)
(57,9)
(28,19)
(53,14)
(51,2)
(46,7)
(18,17)
(9,2)
(28,14)
(12,16)
(51,8)
(35,0)
(23,9)
(20,12)
(12,9)
(14,8)
(3,3)
(24,10)
(36,11)
(46,0)
(19,5)
(16,1)
(8,17)
(7,6)
(36,0)
(43,15)
(53,4)
(12,5)
(56,9)
(31,19)
(2,12)
(44,15)
(38,14)
(22,17)
(6,7)
(8,3)
(53,18)
(0,3)
(24,3)

(0,0)
(0,1)
(1,2)
(1,3)
(2,4)
(1,5)
(0,6)
(2,7)
(1,8)
(0,9)
(0,10)
(1,11)
(1,12)
(0,13)
(2,14)
(1,15)
(2,16)
(1,17)
(0,18)
(0,19)
(26,10)
(56,0)
(42,3)
(51,16)
(47,9)
(46,0)
(0,12)
(6,3)
(37,4)
(58,13)
(27,6)
(14,15)
(55,13)
(10,1)
(38,7)
(57,19)
(23,14)
(20,6)
(29,9)
(18,1)
(32,13)
(18,7)
(18,2)
(51,15)
(48,18)
(3,0)
(34,7)
(31,19)
(29,3)
(24,0)
(24,7)
(16,0)
(53,0)
(12,12)
(3,8)
(32,5)
(11,6)
(15,15)
(37,1)
(12,4)
(39,1)
(56,8)
(48,2)
(11,3)
(59,5)
(55,11)
(53,3)
(35,13)
(49,1)
(31,2)
(48,5)
(17,18)
(21,4)
(55,8)
(18,5)
(23,7)
(31,2)
(47,2)
(19,19)
(37,5)
(21,1)
(54,9)
(39,0)
(52,3)
(42,1)
(59,3)
(5,5)
(29,11)
(34,5)
(14,13)
(24,0)
(15,16)
(52,9)
(53,3)
(29,11)
(25,2)
(0,3)
(28,6)
(54,9)
(34,0)
(50,3)
(58,1)
(8,15)
(37,5)
(15,5)
(17,18)
(53,2)
(45,17)
(57,11)
(37,17)
(22,6)
(39,9)
(27,7)
(6,5)
(52,7)
(43,2)
(8,2)
(16,7)
(58,13)
(34,2)
(58,7)
(12,16)
(1,2)
(13,5)
(54,0)
(45,3)
(59,15)
(3,6)
(45,5)
(36,3)
(35,9)
(10,1)
(22,3)
(13,4)
(30,7)
(55,16)
(4,2)
(52,6)
(45,5)
(4,12)
(33,14)
(8,3)
(31,18)
(30,11)
(32,14)
(3,2)
(34,8)
(57,4)
(47,12)
(11,8)
(46,17)
(58,5)
(49,3)
(49,1)
(4,0)
(27,11)
(11,6)
(32,13)
(9,5)
(53,14)
(51,1)
(8,10)
(22,1)
(27,6)
(54,8)
(29,3)
(46,13)
(46,10)
(38,17)
(59,1)
(36,12)
(34,0)
(44,4)
(53,16)
(15,5)
(52,2)
(52,2)
(31,4)
(16,12)
(2,7)
(0,0)
(36,5)
(38,0)
(13,3)
(23,15)
(40,0)
(57,18)
(26,1)
(34,3)
(54,14)
(12,7)
(52,4)
(42,4)
(56,11)
(57,10)
(17,1)
(5,6)
(45,12)
(59,0)
(39,2)
(54,2)
(35,19)
(0,19)
(46,2)
(40,7)
(54,13)
(14,8)
(41,3)
(47,8)
(51,17)
(52,11)
(10,12)
(18,6)
(19,16)
(25,4)
(44,15)
(14,18)
(2,1)
(8,0)
(12,11)
(0,0)
(0,2)
(51,14)
(55,5)
(5,11)
(47,4)
(47,1)
(59,2)
(39,15)
(41,8)
(46,11)
(13,3)
(12,0)
(16,0)
(43,3)
(7,1)
(12,14)
(33,15)
(39,4)
(20,11)
(0,9)
(42,2)
(32,11)
(9,1)
(57,18)
(33,3)
(32,9)
(14,9)
(32,3)
(46,1)
(41,15)
(22,8)
(3,0)
(41,18)
(7,7)
(59,13)
(22,2)
(6,6)
(59,1)
(39,8)
(24,8)
(17,15)
(18,2)
(20,11)
(4,3)
(25,3)
(55,2)
(39,6)
(44,14)
(4,15)
(15,10)
(29,6)
(44,13)
(50,7)
(2,13)
(54,1)
(42,6)
(9,7)
(2,1)
(51,12)
(10,6)
(46,3)
(24,1)
(52,10)
(29,11)
(4,5)
(20,6)
(11,19)
(15,5)
(4,16)
(27,2)
(43,11)
(33,2)
(33,8)
(40,1)
(24,0)
(25,18)
(59,19)
(58,17)
(12,16)
(21,12)
(33,9)
(13,17)
(56,9)
(39,9)
(52,15)
(5,11)
(15,3)
(16,13)
(38,16)
(0,5)
(24,1)
(20,15)
(19,6)
(57,2)
(21,4)
(42,5)
(39,17)
(41,4)
(19,5)
(29,0)
(50,13)
(26,11)
(37,12)
(5,4)
(17,6)
(51,12)
(47,5)
(41,12)
(6,0)
(54,0)
(56,9)
(58,1)
(19,16)
(54,0)
(15,18)
(25,3)
(27,13)
(40,1)
(26,6)
(39,11)
(38,11)
(38,8)
(4,14)
(42,14)
(44,2)
(44,2)
(3,7)
(16,3)
(49,18)
(34,1)
(4,6)
(7,12)
(28,14)
(7,15)
(47,9)
(8,16)
(50,2)
(20,7)
(10,0)
(50,0)
(57,14)
(37,0)
(13,19)
(7,10)
(26,12)
(49,8)
(19,12)
(58,0)
(8,1)
(45,6)
(57,1)
(31,4)
(0,15)
(55,6)
(24,1)
(59,7)
(43,18)
(33,5)
(21,12)
(25,6)
(11,1)
(56,2)
(25,12)
(59,1)
(57,6)
(0,1)
(11,6)
(11,0)
(35,3)
(22,0)
(59,0)
(41,17)
(25,5)
(45,10)
(52,2)
(4,18)
(3,2)
(23,13)
(2,10)
(45,1)
(11,19)
(27,5)
(38,16)
(29,0)
(41,19)
(20,12)
(19,3)
(36,8)
(45,5)
(32,1)
(46,9)
(16,0)
(55,2)
(3,1)
(58,4)
(31,2)
(11,2)
(0,2)
(35,12)
(16,1)
(51,8)
(42,14)
(49,0)
(29,1)
(18,19)
(57,16)
(25,14)
(58,14)
(20,11)
(31,0)
(7,1)
(55,6)
(40,8)
(2,0)
(6,0)
(52,18)
(15,1)
(20,13)
(22,5)
(41,18)
(33,13)
(41,9)
(24,6)
(21,18)
(27,2)
(34,18)
(16,17)
(28,0)
(35,1)
(43,7)
(36,2)
(45,1)
(8,19)
(39,2)
(13,6)
(12,13)
(39,9)
(0,17)
(16,16)
(16,14)
(55,6)
(18,9)
(15,14)
(0,16)
(38,11)
(50,0)
(5,19)
(52,2)
(4,18)
(59,17)
(20,5)
(26,1)
(17,3)
(37,11)
(57,13)
(29,17)
(6,10)
(30,15)
(3,0)
(42,0)
(32,0)
(9,12)
(50,12)
(18,4)
(10,15)
(18,17)
(10,6)
(52,13)
(21,10)
(48,15)
(17,18)
(46,0)
(31,1)
(12,3)
(17,3)
(0,2)
(18,14)
(43,5)
(55,15)
(53,3)
(6,11)
(14,1)
(29,2)
(7,15)
(38,14)
(34,10)
(19,7)
(19,18)
(7,16)
(46,17)
(10,3)
(17,7)
(28,14)
(50,18)
(5,8)
(1,19)
(19,2)
(7,2)
(57,0)
(10,12)
(12,10)
(28,15)
(27,17)
(9,0)
(52,19)
(39,0)
(53,2)
(39,15)
(27,7)
(12,6)
(4,7)
(24,4)
(23,9)
(9,2)
(30,2)
(27,10)
(23,4)
(9,2)
(36,18)
(35,9)
(49,1)
(39,0)
(21,4)
(32,8)
(32,2)
(38,14)
(4,0)
(24,0)
(40,13)
(53,0)
(21,16)
(5,12)
(59,12)
(36,10)
(36,9)
(56,16)
(2,7)
(6,7)
(4,8)
(12,0)
(2,3)
(43,7)
(27,19)
(40,1)
(14,1)
(47,4)
(10,3)
(3,0)
(38,8)
(6,2)
(53,2)
(50,13)
(45,18)
(8,11)
(0,8)
(12,18)
(59,1)
(41,1)
(9,12)
(58,5)
(42,1)
(24,5)
(22,7)
(59,0)
(47,4)
(20,0)
(51,14)
(11,7)
(49,9)
(47,16)
(50,0)
(28,11)
(35,9)
(15,12)
(6,5)
(38,15)
(20,8)
(33,3)
(57,15)
(35,18)
(0,16)
(22,11)
(30,11)
(30,4)
(0,19)
(6,9)
(48,12)
(49,4)
(10,1)
(11,12)
(59,2)
(8,13)
(44,2)
(53,19)
(9,9)
(22,16)
(4,17)
(11,2)
(43,9)
(10,0)
(6,18)
(18,4)
(29,16)
(47,1)
(9,2)
(24,3)
(32,3)
(52,3)
(31,2)
(54,10)
(56,15)
(15,5)
(52,2)
(35,4)
(7,10)
(25,3)
(23,14)
(56,3)
(5,13)
(35,12)
(37,15)
(12,18)
(37,4)
(41,18)
(58,2)
(4,1)
(53,7)
(3,5)
(57,1)
(3,7)
(13,5)
(34,9)
(39,7)
(13,13)
(39,1)
(45,3)
(45,17)
(26,4)
(44,11)
(48,19)
(49,4)
(7,4)
(59,9)
(50,18)
(51,6)
(51,1)
(28,5)
(43,11)
(20,16)
(39,16)
(46,7)
(46,4)
(39,16)
(48,14)
(21,5)
(5,4)
(36,14)
(12,10)
(46,12)
(34,4)
(39,0)
(51,1)
(34,0)
(10,1)
(38,3)
(13,6)
(52,11)
(21,6)
(35,3)
(18,11)
(31,18)
(13,6)
(20,14)
(44,6)
(24,3)
(57,11)
(49,2)
(32,11)
(52,2)
(22,2)
(45,1)
(18,5)
(47,3)
(41,3)
(29,5)
(27,16)
(5,19)
(12,6)
(6,16)
(21,1)
(57,8)
(55,0)
(25,2)
(35,1)
(44,15)
(42,12)
(50,5)
(24,12)
(39,14)
(32,18)
(22,0)
(10,10)
(30,12)
(52,4)
(6,14)
(52,11)
(42,12)
(20,18)
(1,3)
(0,8)
(33,7)
(36,9)
(1,2)
(26,17)
(17,16)
(45,0)
(39,4)
(9,15)
(54,0)
(47,3)
(25,2)
(29,5)
(6,18)
(49,10)
(13,5)
(39,1)
(8,4)
(43,1)
(59,6)
(46,4)
(8,0)
(46,8)
(55,8)
(39,10)
(31,16)
(47,10)
(14,15)
(43,3)
(30,12)
(11,7)
(44,15)
(57,16)
(37,7)
(16,1)
(20,10)
(26,1)
(39,17)
(18,13)
(24,14)
(50,9)
(24,2)
(56,5)
(19,0)
(57,3)
(3,9)
(5,6)
(9,4)
(43,11)
(22,4)
(32,5)
(45,3)
(2,8)
(48,6)
(43,10)
(50,4)
(1,11)
(59,8)
(8,1)
(40,15)
(58,1)
(50,3)
(14,8)
(46,0)
(17,17)
(54,16)
(35,14)
(27,5)
(11,11)
(53,2)
(52,14)
(41,1)
(46,13)
(11,4)
(2,14)
(46,4)
(15,2)
(55,10)
(47,6)
(1,1)
(51,17)
(42,13)
(9,2)
(9,18)
(25,4)
(50,4)
(26,12)
(18,7)
(4,16)
(54,6)
(55,13)
(28,0)
(20,17)
(5,0)
(52,18)
(54,17)
(6,6)
(46,7)
(16,1)
(40,6)
(21,11)
(40,10)
(38,14)
(2,2)
(25,10)
(47,7)
(10,16)
(49,2)
(19,10)
(15,2)
(59,0)
(46,13)
(39,7)
(32,3)
(42,7)
(49,16)
(42,2)
(35,8)
(45,11)
(52,14)
(44,7)
(44,14)
(14,19)
(43,6)
(50,15)
(12,2)
(42,10)
(13,15)
(38,4)
(2,8)
(19,5)
(37,19)
(51,4)
(7,15)
(37,15)
(30,13)
(56,12)
(8,10)
(34,8)
(28,14)
(36,13)
(25,10)
(21,5)
(44,11)
(44,5)
(23,1)
(40,11)
(55,16)
(26,17)
(18,9)
(2,0)
(52,6)
(10,6)
(25,17)
(55,4)
(24,19)
(8,16)
(26,4)
(8,0)
(7,2)
(51,2)
(43,14)
(52,2)
(4,2)
(5,10)
(39,1)
(5,9)
(6,10)
(37,13)
(50,12)
(37,15)
(31,5)
(27,11)
(53,16)
(44,16)
(35,8)
(36,11)
(41,14)
(26,0)
(46,8)
(12,0)
(47,4)
(50,7)
(41,15)
(36,2)
(0,4)
(57,14)
(58,18)
(53,5)
(8,7)
(14,11)
(7,8)
(19,14)
(51,19)
(12,13)
(51,3)
(53,3)
(11,16)
(18,3)
(30,4)
(41,18)
(44,17)
(47,0)
(10,18)
(0,8)
(33,0)
(53,0)
(10,6)
(52,16)
(28,6)
(52,13)
(42,17)
(37,5)
(51,12)
(20,17)
(0,0)
(51,16)
(11,1)
(5,11)
(11,8)
(14,2)
(53,15)
(4,13)
(14,7)
(45,18)
(59,5)
(54,14)
(46,1)
(8,2)
(43,15)
(24,1)
(9,3)
(33,18)
(32,15)
(13,4)
(46,18)
(54,14)
(44,3)
(8,1)
(54,12)
(56,18)
(14,7)
(55,5)
(31,15)
(44,18)
(1,16)
(38,17)
(41,17)
(28,18)
(8,14)
(49,17)
(46,7)
(30,2)
(17,1)
(29,1)
(44,4)
(33,11)
(26,13)
(18,5)
(23,1)
(40,13)
(8,4)
(50,17)
(0,3)
(55,8)
(17,18)
(42,16)
(37,13)
(33,17)
(15,7)
(13,5)
(54,4)
(36,11)
(17,2)
(17,9)
(25,10)
(22,4)
(6,8)
(54,15)
(39,2)
(33,2)
(9,3)
(55,0)
(24,10)
(57,2)
(57,3)
(58,1)
(36,11)
(30,5)
(30,3)
(32,3)
(55,8)
(1,14)
(22,5)
(1,16)
(10,19)
(52,0)
(10,12)
(54,1)
(29,15)
(50,1)
(36,6)
(47,5)
(7,4)
(49,14)
(14,0)
(36,1)
(17,9)
(55,5)
(57,6)
(57,4)
(43,7)
(43,5)
(40,15)
(23,11)
(35,14)
(9,15)
(9,10)
(15,5)
(3,2)
(42,0)
(30,12)
(25,10)
(51,19)
(26,8)
(3,5)
(21,7)
(25,7)
(9,17)
(48,8)
(21,0)
(41,1)
(20,11)
(7,8)
(23,1)
(53,8)
(9,0)
(41,19)
(44,1)
(29,2)
(26,18)
(10,5)
(51,4)
(24,5)
(55,12)
(14,13)
(7,7)
(17,13)
(47,17)
(23,4)
(55,7)
(9,1)
(28,2)
(50,17)
(24,1)
(29,0)
(8,17)
(57,17)
(22,4)
(2,13)
(56,11)
(11,5)
(32,10)
(37,17)
(28,7)
(6,7)
(29,5)
(19,1)
(29,17)
(31,14)
(31,8)
(55,16)
(7,7)
(42,0)
(24,6)
(0,6)
(35,3)
(20,19)
(37,19)
(20,1)
(46,2)
(21,4)
(36,10)
(57,6)
(20,8)
(33,2)
(5,18)
(59,19)
(26,14)
(0,3)
(23,18)
(32,5)
(19,15)
(47,11)
(10,3)
(30,11)
(22,3)
(36,3)
(49,19)
(58,9)
(22,1)
(9,6)
(51,18)
(18,1)
(59,3)
(32,8)
(11,2)
(20,10)
(17,6)
(20,17)
(8,3)
(14,8)
(47,2)
(47,3)
(4,6)
(8,4)
(46,10)
(0,3)
(33,0)
(24,4)
(41,5)
(39,14)
(25,3)
(57,16)
(28,1)
(12,3)
(43,0)
(26,14)
(57,10)
(22,0)
(43,0)
(18,18)
(14,0)
(58,18)
(0,9)
(30,17)
(6,14)
(37,0)
(37,0)
(47,1)
(31,3)
(7,4)
(13,3)
(42,10)
(53,5)
(59,10)
(4,1)
(46,5)
(10,7)
(28,3)
(18,17)
(57,11)
(16,9)
(58,19)
(4,2)
(18,14)
(33,7)
(38,2)
(28,13)
(7,2)
(58,3)
(14,3)
(42,3)
(7,15)
(39,6)
(5,17)
(16,7)
(4,3)
(23,11)
(44,6)
(18,0)
(39,4)
(47,6)
(32,4)
(14,6)
(0,12)
(30,16)
(28,1)
(24,6)
(50,13)
(24,13)
(3,12)
(59,9)
(28,5)
(12,6)
(30,15)
(52,1)
(27,16)
(48,13)
(37,0)
(7,11)
(51,9)
(36,12)
(16,16)
(23,9)
(16,19)
(51,13)
(34,2)
(5,7)
(58,2)
(15,7)
(25,11)
(50,4)
(49,11)
(44,2)
(29,3)
(1,15)
(5,12)
(30,18)
(23,9)
(15,16)
(45,2)
(24,0)
(50,16)
(57,2)
(38,13)
(5,18)
(30,3)
(29,2)
(47,4)
(11,0)
(29,7)
(50,4)
(20,18)
(31,17)
(35,14)
(58,6)
(1,12)
(32,4)
(40,3)
(58,3)
(6,6)
(25,9)
(57,14)
(0,18)
(12,0)
(41,11)
(37,14)
(37,6)
(7,0)
(38,3)
(26,7)
(34,0)
(10,19)
(54,16)
(1,8)
(30,8)
(48,7)
(34,9)
(51,4)
(30,4)
(39,0)
(9,10)
(2,5)
(17,11)
(25,3)
(12,4)
(35,5)
(27,18)
(56,12)
(0,17)
(5,15)
(39,1)
(58,2)
(53,9)
(31,18)
(41,13)
(22,8)
(56,4)
(15,2)
(51,19)
(16,15)
(21,8)
(57,18)
(13,2)
(54,13)
(34,9)
(8,6)
(1,3)
(9,0)
(31,0)
(44,6)
(48,15)
(26,19)
(1,5)
(11,8)
(10,10)
(19,18)
(27,0)
(45,0)
(13,16)
(51,18)
(13,14)
(39,18)
(53,16)
(20,14)
(21,12)
(0,17)
(33,8)
(52,10)
(52,15)
(53,4)
(10,6)
(19,19)
(44,9)
(19,8)
(16,5)
(1,4)
(52,2)
(43,6)
(58,3)
(33,8)
(45,2)
(25,12)
(35,0)
(57,2)
(5,1)
(10,19)
(51,13)
(16,0)
(51,0)
(56,18)
(57,12)
(26,9)
(29,16)
(16,13)
(27,10)
(3,11)
(18,19)
(55,5)
(0,3)
(49,14)
(40,14)
(5,19)
(50,0)
(12,8)
(59,16)
(16,19)
(39,13)
(51,4)
(52,19)
(50,5)
(53,4)
(28,13)
(24,17)
(43,7)
(3,6)
(44,12)
(48,12)
(17,0)
(44,7)
(14,7)
(57,1)
(20,1)
(31,3)
(55,3)
(38,15)
(54,3)
(49,6)
(31,10)
(31,3)
(32,6)
(14,1)
(7,11)
(46,19)
(57,5)
(15,8)
(47,18)
(49,6)
(25,5)
(1,11)
(15,17)
(38,11)
(56,11)
(7,11)
(46,4)
(7,0)
(1,3)
(11,9)
(30,6)
(6,1)
(13,4)
(27,5)
(59,0)
(45,2)
(22,0)
(11,10)
(16,7)
(11,4)
(46,0)
(43,12)
(45,0)
(42,0)
(16,18)
(42,13)
(19,14)
(45,19)
(11,4)
(42,18)
(4,11)
(50,8)
(45,19)
(40,1)
(10,1)
(42,0)
(55,7)
(43,16)
(16,2)
(26,10)
(11,5)
(9,11)
(21,13)
(34,0)
(50,3)
(26,16)
(17,18)
(41,13)
(10,6)
(57,1)
(17,0)
(47,6)
(48,17)
(14,2)
(31,12)
(47,3)
(15,7)
(21,2)
(16,0)
(45,6)
(16,14)
(2,5)
(39,9)
(20,5)
(40,1)
(38,2)
(3,4)
(0,2)
(17,11)
(50,15)
(4,3)
(42,18)
(26,0)
(27,3)
(54,3)
(42,4)
(48,19)
(0,2)
(51,0)
(32,16)
(58,15)
(36,5)
(44,15)
(8,3)
(52,7)
(17,15)
(19,5)
(31,15)
(23,13)
(27,4)
(47,16)
(49,0)
(28,7)
(51,16)
(41,16)
(48,8)
(59,15)
(7,16)
(7,10)
(29,1)
(16,9)
(50,2)
(4,4)
(23,16)
(50,18)
(58,1)
(8,13)
(49,13)
(11,6)
(1,14)
(13,15)
(48,5)
(32,8)
(21,15)
(23,9)
(37,3)
(14,15)
(24,10)
(16,5)
(49,14)
(6,9)
(32,4)
(12,9)
(19,1)
(51,3)
(41,13)
(29,6)
(28,17)
(58,2)
(41,5)
(14,19)
(31,18)
(14,0)
(29,10)
(39,1)
(20,2)
(6,3)
(17,5)
(1,3)
(47,13)
(31,11)
(38,11)
(36,1)
(1,0)
(24,16)
(56,7)
(26,16)
(21,2)
(45,11)
(20,9)
(26,19)
(6,12)
(0,14)
(36,9)
(43,0)
(6,15)
(53,1)
(5,2)
(35,4)
(32,13)
(15,17)
(38,9)
(52,7)
(55,10)
(40,10)
(18,3)
(25,16)
(42,15)
(10,4)
(50,14)
(22,3)
(20,9)
(12,19)
(34,8)
(54,1)
(44,16)
(33,18)
(29,4)
(31,4)
(38,14)
(19,2)
(48,4)
(9,2)
(10,9)
(24,1)
(58,17)
(47,6)
(34,19)
(1,8)
(14,18)
(3,17)
(7,12)
(21,10)
(35,3)
(36,2)
(5,2)
(10,5)
(2,12)
(10,6)
(12,10)
(6,11)
(3,9)
(42,8)
(28,7)
(2,5)
(17,13)
(33,10)
(21,7)
(47,3)
(32,8)
(44,15)
(7,7)
(14,0)
(20,13)
(57,19)
(16,13)
(14,3)
(3,4)
(16,10)
(43,18)
(21,11)
(45,11)
(17,13)
(6,13)
(17,0)
(20,16)
(38,5)
(6,9)
(4,0)
(28,15)
(55,9)
(19,15)
(11,11)
(1,2)
(58,11)
(47,9)
(36,13)
(56,1)
(51,15)
(3,19)
(27,1)
(40,17)
(9,3)
(56,16)
(52,13)
(28,9)
(31,18)
(8,8)
(19,4)
(31,7)
(48,5)
(5,16)
(52,15)
(8,17)
(21,1)
(52,0)
(25,18)
(1,0)
(0,2)
(20,15)
(14,0)
(24,14)
(22,10)
(46,8)
(37,7)
(32,4)
(38,15)
(57,16)
(52,13)
(37,5)
(22,2)
(2,18)
(36,18)
(50,9)
(43,17)
(21,4)
(55,2)
(9,0)
(5,5)
(11,16)
(42,7)
(49,4)
(41,6)
(56,0)
(1,14)
(13,15)
(52,12)
(26,16)
(12,0)
(25,9)
(48,8)
(17,18)
(16,15)
(18,8)
(45,16)
(58,15)
(19,15)
(19,4)
(41,3)
(42,3)
(20,9)
(22,4)
(46,15)
(59,7)
(15,2)
(22,4)
(30,3)
(18,7)
(5,6)
(26,0)
(21,5)
(13,4)
(20,16)
(59,5)
(11,3)
(48,6)
(14,5)
(19,15)
(40,9)
(4,7)
(19,1)
(26,1)
(51,10)
(19,0)
(50,9)
(3,0)
(11,17)
(6,2)
(29,1)
(23,15)
(32,6)
(6,13)
(50,12)
(35,6)
(33,5)
(46,10)
(31,0)
(3,17)
(34,0)
(19,5)
(16,19)
(43,11)
(42,4)
(45,14)
(3,15)
(7,6)
(52,11)
(9,14)
(37,17)
(3,10)
(3,0)
(40,11)
(1,2)
(26,3)
(32,17)
(0,10)
(15,17)
(34,0)
(16,5)
(11,13)
(40,14)
(57,6)
(55,4)
(9,16)
(24,0)
(42,3)
(24,16)
(10,19)
(0,6)
(43,1)
(10,7)
(16,2)
(29,19)
(45,7)
(36,19)
(20,19)
(34,3)
(42,1)
(10,1)
(24,3)
(23,1)
(27,18)
(52,10)
(45,14)
(3,9)
(30,18)
(20,1)
(30,3)
(21,5)
(3,14)
(28,19)
(33,0)
(7,13)
(30,16)
(5,14)
(7,0)
(11,4)
(57,10)
(36,1)
(32,4)
(47,17)
(8,18)
(43,3)
(49,3)
(24,0)
(35,11)
(39,4)
(1,10)
(11,3)
(8,1)
(29,15)
(19,4)
(56,5)
(14,11)
(19,7)
(37,4)
(36,0)
(5,1)
(15,2)
(47,2)
(30,6)
(38,1)
(15,3)
(23,4)
(14,12)
(49,2)
(23,16)
(52,6)
(23,3)
(3,18)
(15,14)
(43,12)
(43,1)
(43,2)
(56,3)
(46,0)
(41,2)
(17,1)
(56,3)
(21,0)
(42,1)
(0,16)
(23,18)
(23,11)
(8,19)
(25,11)
(5,4)
(56,4)
(24,1)
(20,13)
(12,1)
(5,1)
(48,2)
(24,9)
(34,5)
(21,5)
(58,9)
(20,5)
(29,1)
(1,8)
(48,1)
(25,6)
(55,0)
(32,12)
(56,18)
(32,7)
(7,19)
(31,14)
(7,0)
(7,12)
(41,5)
(55,8)
(3,11)
(20,14)
(22,18)
(52,8)
(23,7)
(1,18)
(40,0)
(15,5)
(12,9)
(8,14)
(28,12)
(14,9)
(25,10)
(48,11)
(19,4)
(20,0)
(38,15)
(1,1)
(14,5)
(20,3)
(34,9)
(5,10)
(23,5)
(50,12)
(31,17)
(50,9)
(17,5)
(4,4)
(32,2)
(10,18)
(12,13)
(12,16)
(23,3)
(2,1)
(50,6)
(54,1)
(21,1)
(31,12)
(34,14)
(30,0)
(27,2)
(31,0)
(51,2)
(48,0)
(50,1)
(30,5)
(40,14)
(28,4)
(59,14)
(6,11)
(35,7)
(30,15)
(44,3)
(9,0)
(0,1)
(34,7)
(32,19)
(23,1)
(5,13)
(53,16)
(59,4)
(25,3)
(36,8)
(59,6)
(30,16)
(59,16)
(13,1)
(6,8)
(37,1)
(26,11)
(18,15)
(16,3)
(18,13)
(33,13)
(36,14)
(57,1)
(7,14)
(15,0)
(24,5)
(8,2)
(16,1)
(59,4)
(28,12)
(31,6)
(20,14)
(45,14)
(20,15)
(55,1)
(50,0)
(5,11)
(13,18)
(58,6)
(35,14)
(20,5)
(5,16)
(21,1)
(6,19)
(58,11)
(9,3)
(22,4)
(53,7)
(23,19)
(35,1)
(10,15)
(28,1)
(52,7)
(0,3)
(16,14)
(32,6)
(30,0)
(15,10)
(40,5)
(37,4)
(54,11)
(0,8)
(48,18)
(21,4)
(19,9)
(12,9)
(14,19)
(25,16)
(9,1)
(26,4)
(4,5)
(50,3)
(27,11)
(39,4)
(37,5)
(38,9)
(45,15)
(34,2)
(59,1)
(12,5)
(37,12)
(12,15)
(31,0)
(41,11)
(50,17)
(23,1)
(49,11)
(57,5)
(35,11)
(9,6)
(6,9)
(31,12)
(37,6)
(56,11)
(47,0)
(6,19)
(21,13)
(9,0)
(26,18)
(37,0)
(18,6)
(39,7)
(49,1)
(58,7)
(55,2)
(26,10)
(48,10)
(55,16)
(50,0)
(45,2)
(58,12)
(53,13)
(36,0)
(22,6)
(39,14)
(10,1)
(24,0)
(8,3)
(35,4)
(10,7)
(6,14)
(51,19)
(35,16)
(30,3)
(46,5)
(23,5)
(10,6)
(41,1)
(14,4)
(54,4)
(36,13)
(43,2)
(34,18)
(53,11)
(58,4)
(0,8)
(23,16)
(19,2)
(49,18)
(7,13)
(6,8)
(58,12)
(13,12)
(33,5)
(28,13)
(30,7)
(48,3)
(26,13)
(10,1)
(52,12)
(4,7)
(46,14)
(12,16)
(35,5)
(53,3)
(56,15)
(58,9)
(43,5)
(15,0)
(24,8)
(27,3)
(3,16)
(0,14)
(51,15)
(3,16)
(16,5)
(16,3)
(52,8)
(52,11)
(52,15)
(53,4)
(6,18)
(53,11)
(1,16)
(50,8)
(5,3)
(57,6)
(49,10)
(47,17)
(58,1)
(28,3)
(51,1)
(27,3)
(51,11)
(40,11)
(55,17)
(24,15)
(35,7)
(56,14)
(14,1)
(23,11)
(36,0)
(30,17)
(16,0)
(17,16)
(16,3)
(50,19)
(24,8)
(1,6)
(42,18)
(40,1)
(31,2)
(40,16)
(46,1)
(30,18)
(25,2)
(15,7)
(51,13)
(0,1)
(49,15)
(59,18)
(53,16)
(9,5)
(32,11)
(12,9)
(23,14)
(14,18)
(58,5)
(47,4)
(47,18)
(51,1)
(48,18)
(35,1)
(53,7)
(57,15)
(29,10)
(7,2)
(18,8)
(55,1)
(48,3)
(42,4)
(54,0)
(29,19)
(43,3)
(1,11)
(42,6)
(35,16)
(3,10)
(38,15)
(28,5)
(24,14)
(36,5)
(13,4)
(55,1)
(42,2)
(12,16)
(15,11)
(12,16)
(7,5)
(40,11)
(43,4)
(11,0)
(6,17)
(10,8)
(13,7)
(43,0)
(12,17)
(19,1)
(51,14)
(38,7)
(17,11)
(36,2)
(8,13)
(4,1)
(22,0)
(4,19)
(1,15)
(11,1)
(26,15)
(31,12)
(21,11)
(28,17)
(58,15)
(49,9)
(24,3)
(41,4)
(35,3)
(42,10)
(12,1)
(56,15)
(26,11)
(53,6)
(4,2)
(39,2)
(34,19)
(4,16)
(23,13)
(38,16)
(57,9)
(28,19)
(53,14)
(51,2)
(46,7)
(18,17)
(9,2)
(28,14)
(12,16)
(51,8)
(35,0)
(23,9)
(20,12)
(12,9)
(14,8)
(3,3)
(24,10)
(36,11)
(46,0)
(19,5)
(16,1)
(8,17)
(7,6)
(36,0)
(43,15)
(53,4)
(12,5)
(56,9)
(31,19)
(2,12)
(44,15)
(38,14)
(22,17)
(6,7)
(8,3)
(53,18)
(0,3)
(24,3)
0.popular= 0.079111
1.popular= 0.079556
2.popular= 0.069778
3.popular= 0.070222
4.popular= 0.060000
5.popular= 0.060000
6.popular= 0.048889
7.popular= 0.046667
8.popular= 0.039111
9.popular= 0.039556
10.popular= 0.035111
11.popular= 0.049778
12.popular= 0.035556
13.popular= 0.040000
14.popular= 0.044000
15.popular= 0.045778
16.popular= 0.046222
17.popular= 0.033778
18.popular= 0.044444
19.popular= 0.032444

peer 0 neighbors is: 4, 32, 34, 44, 33, 5, 19, 2, 11, 28, 1, 
peer 1 neighbors is: 15, 43, 53, 0, 35, 10, 28, 27, 16, 31, 2, 
peer 2 neighbors is: 0, 53, 31, 18, 3, 39, 9, 1, 7, 20, 11, 
peer 3 neighbors is: 2, 59, 13, 
peer 4 neighbors is: 0, 26, 
peer 5 neighbors is: 0, 40, 
peer 6 neighbors is: 21, 13, 22, 
peer 7 neighbors is: 2, 10, 30, 
peer 8 neighbors is: 53, 49, 42, 51, 56, 
peer 9 neighbors is: 2, 15, 50, 52, 
peer 10 neighbors is: 1, 7, 12, 
peer 11 neighbors is: 0, 2, 
peer 12 neighbors is: 47, 10, 36, 55, 
peer 13 neighbors is: 6, 3, 41, 
peer 14 neighbors is: 17, 54, 21, 
peer 15 neighbors is: 1, 9, 
peer 16 neighbors is: 1, 20, 
peer 17 neighbors is: 14, 33, 24, 34, 41, 
peer 18 neighbors is: 2, 59, 
peer 19 neighbors is: 0, 47, 
peer 20 neighbors is: 2, 16, 44, 
peer 21 neighbors is: 6, 14, 
peer 22 neighbors is: 6, 58, 
peer 23 neighbors is: 54, 33, 30, 38, 
peer 24 neighbors is: 31, 17, 
peer 25 neighbors is: 58, 51, 
peer 26 neighbors is: 4, 48, 
peer 27 neighbors is: 1, 57, 46, 55, 
peer 28 neighbors is: 0, 1, 29, 
peer 29 neighbors is: 28, 47, 
peer 30 neighbors is: 7, 23, 
peer 31 neighbors is: 1, 2, 24, 
peer 32 neighbors is: 0, 53, 
peer 33 neighbors is: 0, 17, 23, 
peer 34 neighbors is: 0, 17, 
peer 35 neighbors is: 1, 56, 
peer 36 neighbors is: 12, 50, 37, 
peer 37 neighbors is: 36, 48, 
peer 38 neighbors is: 46, 23, 43, 
peer 39 neighbors is: 2, 59, 
peer 40 neighbors is: 5, 54, 52, 
peer 41 neighbors is: 13, 17, 
peer 42 neighbors is: 57, 8, 49, 
peer 43 neighbors is: 1, 38, 
peer 44 neighbors is: 0, 20, 
peer 45 neighbors is: 53, 48, 
peer 46 neighbors is: 38, 27, 
peer 47 neighbors is: 12, 19, 29, 
peer 48 neighbors is: 26, 37, 45, 
peer 49 neighbors is: 8, 42, 
peer 50 neighbors is: 36, 9, 
peer 51 neighbors is: 25, 8, 
peer 52 neighbors is: 9, 40, 
peer 53 neighbors is: 1, 2, 8, 32, 45, 
peer 54 neighbors is: 14, 23, 40, 
peer 55 neighbors is: 27, 12, 
peer 56 neighbors is: 35, 8, 
peer 57 neighbors is: 27, 42, 
peer 58 neighbors is: 22, 25, 
peer 59 neighbors is: 3, 18, 39, 

