103 Users
20 Files
1500 Transactions
7 Maximum Connections
1 Cycle Length per Upload-Download
750 Warm-up Transactions
0.400000 Zipf constant
3 Pre-Trusted Users
63 Well-Behaved (Good) Users
10 Purely Malicious Users
0 Feedback Skewing Users
0 Malignant Providing Users
30 Disguised Malicous Users
0 Sybil Attack Users
true Intelligent Trans. Generation
1474142871717 Trace Generation Seed

(0.000000,0.000000,1,false)
(0.000000,0.000000,1,false)
(0.000000,0.000000,1,false)
(0.000000,0.000000,1,false)
(0.000000,0.000000,1,false)
(0.000000,0.000000,1,false)
(0.000000,0.000000,1,false)
(0.000000,0.000000,1,false)
(0.000000,0.000000,1,false)
(0.000000,0.000000,1,false)
(1.000000,0.000000,4,false)
(1.000000,0.000000,4,false)
(1.000000,0.000000,4,false)
(1.000000,0.000000,4,false)
(1.000000,0.000000,4,false)
(1.000000,0.000000,4,false)
(1.000000,0.000000,4,false)
(1.000000,0.000000,4,false)
(1.000000,0.000000,4,false)
(1.000000,0.000000,4,false)
(1.000000,0.000000,4,false)
(1.000000,0.000000,4,false)
(1.000000,0.000000,4,false)
(1.000000,0.000000,4,false)
(1.000000,0.000000,4,false)
(1.000000,0.000000,4,false)
(1.000000,0.000000,4,false)
(1.000000,0.000000,4,false)
(1.000000,0.000000,4,false)
(1.000000,0.000000,4,false)
(1.000000,0.000000,4,false)
(1.000000,0.000000,4,false)
(1.000000,0.000000,4,false)
(1.000000,0.000000,4,false)
(1.000000,0.000000,4,false)
(1.000000,0.000000,4,false)
(1.000000,0.000000,4,false)
(1.000000,0.000000,4,false)
(1.000000,0.000000,4,false)
(1.000000,0.000000,4,false)
(1.000000,1.000000,0,true)
(1.000000,1.000000,0,true)
(1.000000,1.000000,0,true)
(1.000000,1.000000,0,false)
(1.000000,1.000000,0,false)
(1.000000,1.000000,0,false)
(1.000000,1.000000,0,false)
(1.000000,1.000000,0,false)
(1.000000,1.000000,0,false)
(1.000000,1.000000,0,false)
(1.000000,1.000000,0,false)
(1.000000,1.000000,0,false)
(1.000000,1.000000,0,false)
(1.000000,1.000000,0,false)
(1.000000,1.000000,0,false)
(1.000000,1.000000,0,false)
(1.000000,1.000000,0,false)
(1.000000,1.000000,0,false)
(1.000000,1.000000,0,false)
(1.000000,1.000000,0,false)
(1.000000,1.000000,0,false)
(1.000000,1.000000,0,false)
(1.000000,1.000000,0,false)
(1.000000,1.000000,0,false)
(1.000000,1.000000,0,false)
(1.000000,1.000000,0,false)
(1.000000,1.000000,0,false)
(1.000000,1.000000,0,false)
(1.000000,1.000000,0,false)
(1.000000,1.000000,0,false)
(1.000000,1.000000,0,false)
(1.000000,1.000000,0,false)
(1.000000,1.000000,0,false)
(1.000000,1.000000,0,false)
(1.000000,1.000000,0,false)
(1.000000,1.000000,0,false)
(1.000000,1.000000,0,false)
(1.000000,1.000000,0,false)
(1.000000,1.000000,0,false)
(1.000000,1.000000,0,false)
(1.000000,1.000000,0,false)
(1.000000,1.000000,0,false)
(1.000000,1.000000,0,false)
(1.000000,1.000000,0,false)
(1.000000,1.000000,0,false)
(1.000000,1.000000,0,false)
(1.000000,1.000000,0,false)
(1.000000,1.000000,0,false)
(1.000000,1.000000,0,false)
(1.000000,1.000000,0,false)
(1.000000,1.000000,0,false)
(1.000000,1.000000,0,false)
(1.000000,1.000000,0,false)
(1.000000,1.000000,0,false)
(1.000000,1.000000,0,false)
(1.000000,1.000000,0,false)
(1.000000,1.000000,0,false)
(1.000000,1.000000,0,false)
(1.000000,1.000000,0,false)
(1.000000,1.000000,0,false)
(1.000000,1.000000,0,false)
(1.000000,1.000000,0,false)
(1.000000,1.000000,0,false)

(10,0,true)
(11,0,true)
(12,0,true)
(13,0,true)
(14,0,true)
(15,0,true)
(16,0,true)
(17,0,true)
(18,0,true)
(19,0,true)
(20,0,true)
(21,0,true)
(22,0,true)
(23,0,true)
(24,0,true)
(25,0,true)
(26,0,true)
(27,0,true)
(28,0,true)
(29,0,true)
(30,0,true)
(31,0,true)
(32,0,true)
(33,0,true)
(34,0,true)
(35,0,true)
(36,0,true)
(37,0,true)
(38,0,true)
(39,0,true)
(0,0,false)
(1,0,false)
(2,0,false)
(3,0,false)
(4,0,false)
(5,0,false)
(6,0,false)
(7,0,false)
(8,0,false)
(9,0,false)
(40,0,true)
(50,0,true)
(41,0,true)
(42,0,true)
(44,0,true)
(46,0,true)
(47,0,true)
(51,0,true)
(58,0,true)
(59,0,true)
(60,0,true)
(61,0,true)
(64,0,true)
(65,0,true)
(66,0,true)
(67,0,true)
(68,0,true)
(69,0,true)
(70,0,true)
(71,0,true)
(73,0,true)
(74,0,true)
(75,0,true)
(76,0,true)
(77,0,true)
(78,0,true)
(79,0,true)
(80,0,true)
(81,0,true)
(82,0,true)
(83,0,true)
(84,0,true)
(85,0,true)
(87,0,true)
(88,0,true)
(89,0,true)
(90,0,true)
(91,0,true)
(92,0,true)
(93,0,true)
(94,0,true)
(95,0,true)
(96,0,true)
(97,0,true)
(98,0,true)
(101,0,true)
(102,0,true)
(10,1,true)
(11,1,true)
(12,1,true)
(13,1,true)
(14,1,true)
(15,1,true)
(16,1,true)
(17,1,true)
(18,1,true)
(19,1,true)
(20,1,true)
(21,1,true)
(22,1,true)
(23,1,true)
(24,1,true)
(25,1,true)
(26,1,true)
(27,1,true)
(28,1,true)
(29,1,true)
(30,1,true)
(31,1,true)
(32,1,true)
(33,1,true)
(34,1,true)
(35,1,true)
(36,1,true)
(37,1,true)
(38,1,true)
(39,1,true)
(0,1,false)
(1,1,false)
(2,1,false)
(3,1,false)
(4,1,false)
(5,1,false)
(6,1,false)
(7,1,false)
(8,1,false)
(9,1,false)
(41,1,true)
(94,1,true)
(40,1,true)
(48,1,true)
(49,1,true)
(52,1,true)
(54,1,true)
(57,1,true)
(63,1,true)
(64,1,true)
(65,1,true)
(67,1,true)
(71,1,true)
(72,1,true)
(75,1,true)
(76,1,true)
(77,1,true)
(81,1,true)
(85,1,true)
(86,1,true)
(89,1,true)
(92,1,true)
(93,1,true)
(95,1,true)
(96,1,true)
(97,1,true)
(98,1,true)
(99,1,true)
(101,1,true)
(10,2,true)
(11,2,true)
(12,2,true)
(13,2,true)
(14,2,true)
(15,2,true)
(16,2,true)
(17,2,true)
(18,2,true)
(19,2,true)
(20,2,true)
(21,2,true)
(22,2,true)
(23,2,true)
(24,2,true)
(25,2,true)
(26,2,true)
(27,2,true)
(28,2,true)
(29,2,true)
(30,2,true)
(31,2,true)
(32,2,true)
(33,2,true)
(34,2,true)
(35,2,true)
(36,2,true)
(37,2,true)
(38,2,true)
(39,2,true)
(0,2,false)
(1,2,false)
(2,2,false)
(3,2,false)
(4,2,false)
(5,2,false)
(6,2,false)
(7,2,false)
(8,2,false)
(9,2,false)
(42,2,true)
(60,2,true)
(79,2,true)
(86,2,true)
(99,2,true)
(10,3,true)
(11,3,true)
(12,3,true)
(13,3,true)
(14,3,true)
(15,3,true)
(16,3,true)
(17,3,true)
(18,3,true)
(19,3,true)
(20,3,true)
(21,3,true)
(22,3,true)
(23,3,true)
(24,3,true)
(25,3,true)
(26,3,true)
(27,3,true)
(28,3,true)
(29,3,true)
(30,3,true)
(31,3,true)
(32,3,true)
(33,3,true)
(34,3,true)
(35,3,true)
(36,3,true)
(37,3,true)
(38,3,true)
(39,3,true)
(0,3,false)
(1,3,false)
(2,3,false)
(3,3,false)
(4,3,false)
(5,3,false)
(6,3,false)
(7,3,false)
(8,3,false)
(9,3,false)
(43,3,true)
(102,3,true)
(55,3,true)
(63,3,true)
(80,3,true)
(84,3,true)
(87,3,true)
(100,3,true)
(10,4,true)
(11,4,true)
(12,4,true)
(13,4,true)
(14,4,true)
(15,4,true)
(16,4,true)
(17,4,true)
(18,4,true)
(19,4,true)
(20,4,true)
(21,4,true)
(22,4,true)
(23,4,true)
(24,4,true)
(25,4,true)
(26,4,true)
(27,4,true)
(28,4,true)
(29,4,true)
(30,4,true)
(31,4,true)
(32,4,true)
(33,4,true)
(34,4,true)
(35,4,true)
(36,4,true)
(37,4,true)
(38,4,true)
(39,4,true)
(0,4,false)
(1,4,false)
(2,4,false)
(3,4,false)
(4,4,false)
(5,4,false)
(6,4,false)
(7,4,false)
(8,4,false)
(9,4,false)
(44,4,true)
(56,4,true)
(69,4,true)
(78,4,true)
(100,4,true)
(10,5,true)
(11,5,true)
(12,5,true)
(13,5,true)
(14,5,true)
(15,5,true)
(16,5,true)
(17,5,true)
(18,5,true)
(19,5,true)
(20,5,true)
(21,5,true)
(22,5,true)
(23,5,true)
(24,5,true)
(25,5,true)
(26,5,true)
(27,5,true)
(28,5,true)
(29,5,true)
(30,5,true)
(31,5,true)
(32,5,true)
(33,5,true)
(34,5,true)
(35,5,true)
(36,5,true)
(37,5,true)
(38,5,true)
(39,5,true)
(0,5,false)
(1,5,false)
(2,5,false)
(3,5,false)
(4,5,false)
(5,5,false)
(6,5,false)
(7,5,false)
(8,5,false)
(9,5,false)
(45,5,true)
(91,5,true)
(10,6,true)
(11,6,true)
(12,6,true)
(13,6,true)
(14,6,true)
(15,6,true)
(16,6,true)
(17,6,true)
(18,6,true)
(19,6,true)
(20,6,true)
(21,6,true)
(22,6,true)
(23,6,true)
(24,6,true)
(25,6,true)
(26,6,true)
(27,6,true)
(28,6,true)
(29,6,true)
(30,6,true)
(31,6,true)
(32,6,true)
(33,6,true)
(34,6,true)
(35,6,true)
(36,6,true)
(37,6,true)
(38,6,true)
(39,6,true)
(0,6,false)
(1,6,false)
(2,6,false)
(3,6,false)
(4,6,false)
(5,6,false)
(6,6,false)
(7,6,false)
(8,6,false)
(9,6,false)
(46,6,true)
(74,6,true)
(72,6,true)
(10,7,true)
(11,7,true)
(12,7,true)
(13,7,true)
(14,7,true)
(15,7,true)
(16,7,true)
(17,7,true)
(18,7,true)
(19,7,true)
(20,7,true)
(21,7,true)
(22,7,true)
(23,7,true)
(24,7,true)
(25,7,true)
(26,7,true)
(27,7,true)
(28,7,true)
(29,7,true)
(30,7,true)
(31,7,true)
(32,7,true)
(33,7,true)
(34,7,true)
(35,7,true)
(36,7,true)
(37,7,true)
(38,7,true)
(39,7,true)
(0,7,false)
(1,7,false)
(2,7,false)
(3,7,false)
(4,7,false)
(5,7,false)
(6,7,false)
(7,7,false)
(8,7,false)
(9,7,false)
(47,7,true)
(70,7,true)
(10,8,true)
(11,8,true)
(12,8,true)
(13,8,true)
(14,8,true)
(15,8,true)
(16,8,true)
(17,8,true)
(18,8,true)
(19,8,true)
(20,8,true)
(21,8,true)
(22,8,true)
(23,8,true)
(24,8,true)
(25,8,true)
(26,8,true)
(27,8,true)
(28,8,true)
(29,8,true)
(30,8,true)
(31,8,true)
(32,8,true)
(33,8,true)
(34,8,true)
(35,8,true)
(36,8,true)
(37,8,true)
(38,8,true)
(39,8,true)
(0,8,false)
(1,8,false)
(2,8,false)
(3,8,false)
(4,8,false)
(5,8,false)
(6,8,false)
(7,8,false)
(8,8,false)
(9,8,false)
(48,8,true)
(68,8,true)
(90,8,true)
(10,9,true)
(11,9,true)
(12,9,true)
(13,9,true)
(14,9,true)
(15,9,true)
(16,9,true)
(17,9,true)
(18,9,true)
(19,9,true)
(20,9,true)
(21,9,true)
(22,9,true)
(23,9,true)
(24,9,true)
(25,9,true)
(26,9,true)
(27,9,true)
(28,9,true)
(29,9,true)
(30,9,true)
(31,9,true)
(32,9,true)
(33,9,true)
(34,9,true)
(35,9,true)
(36,9,true)
(37,9,true)
(38,9,true)
(39,9,true)
(0,9,false)
(1,9,false)
(2,9,false)
(3,9,false)
(4,9,false)
(5,9,false)
(6,9,false)
(7,9,false)
(8,9,false)
(9,9,false)
(49,9,true)
(66,9,true)
(10,10,true)
(11,10,true)
(12,10,true)
(13,10,true)
(14,10,true)
(15,10,true)
(16,10,true)
(17,10,true)
(18,10,true)
(19,10,true)
(20,10,true)
(21,10,true)
(22,10,true)
(23,10,true)
(24,10,true)
(25,10,true)
(26,10,true)
(27,10,true)
(28,10,true)
(29,10,true)
(30,10,true)
(31,10,true)
(32,10,true)
(33,10,true)
(34,10,true)
(35,10,true)
(36,10,true)
(37,10,true)
(38,10,true)
(39,10,true)
(0,10,false)
(1,10,false)
(2,10,false)
(3,10,false)
(4,10,false)
(5,10,false)
(6,10,false)
(7,10,false)
(8,10,false)
(9,10,false)
(51,10,true)
(88,10,true)
(10,11,true)
(11,11,true)
(12,11,true)
(13,11,true)
(14,11,true)
(15,11,true)
(16,11,true)
(17,11,true)
(18,11,true)
(19,11,true)
(20,11,true)
(21,11,true)
(22,11,true)
(23,11,true)
(24,11,true)
(25,11,true)
(26,11,true)
(27,11,true)
(28,11,true)
(29,11,true)
(30,11,true)
(31,11,true)
(32,11,true)
(33,11,true)
(34,11,true)
(35,11,true)
(36,11,true)
(37,11,true)
(38,11,true)
(39,11,true)
(0,11,false)
(1,11,false)
(2,11,false)
(3,11,false)
(4,11,false)
(5,11,false)
(6,11,false)
(7,11,false)
(8,11,false)
(9,11,false)
(52,11,true)
(62,11,true)
(10,12,true)
(11,12,true)
(12,12,true)
(13,12,true)
(14,12,true)
(15,12,true)
(16,12,true)
(17,12,true)
(18,12,true)
(19,12,true)
(20,12,true)
(21,12,true)
(22,12,true)
(23,12,true)
(24,12,true)
(25,12,true)
(26,12,true)
(27,12,true)
(28,12,true)
(29,12,true)
(30,12,true)
(31,12,true)
(32,12,true)
(33,12,true)
(34,12,true)
(35,12,true)
(36,12,true)
(37,12,true)
(38,12,true)
(39,12,true)
(0,12,false)
(1,12,false)
(2,12,false)
(3,12,false)
(4,12,false)
(5,12,false)
(6,12,false)
(7,12,false)
(8,12,false)
(9,12,false)
(53,12,true)
(82,12,true)
(10,13,true)
(11,13,true)
(12,13,true)
(13,13,true)
(14,13,true)
(15,13,true)
(16,13,true)
(17,13,true)
(18,13,true)
(19,13,true)
(20,13,true)
(21,13,true)
(22,13,true)
(23,13,true)
(24,13,true)
(25,13,true)
(26,13,true)
(27,13,true)
(28,13,true)
(29,13,true)
(30,13,true)
(31,13,true)
(32,13,true)
(33,13,true)
(34,13,true)
(35,13,true)
(36,13,true)
(37,13,true)
(38,13,true)
(39,13,true)
(0,13,false)
(1,13,false)
(2,13,false)
(3,13,false)
(4,13,false)
(5,13,false)
(6,13,false)
(7,13,false)
(8,13,false)
(9,13,false)
(54,13,true)
(53,13,true)
(10,14,true)
(11,14,true)
(12,14,true)
(13,14,true)
(14,14,true)
(15,14,true)
(16,14,true)
(17,14,true)
(18,14,true)
(19,14,true)
(20,14,true)
(21,14,true)
(22,14,true)
(23,14,true)
(24,14,true)
(25,14,true)
(26,14,true)
(27,14,true)
(28,14,true)
(29,14,true)
(30,14,true)
(31,14,true)
(32,14,true)
(33,14,true)
(34,14,true)
(35,14,true)
(36,14,true)
(37,14,true)
(38,14,true)
(39,14,true)
(0,14,false)
(1,14,false)
(2,14,false)
(3,14,false)
(4,14,false)
(5,14,false)
(6,14,false)
(7,14,false)
(8,14,false)
(9,14,false)
(55,14,true)
(62,14,true)
(10,15,true)
(11,15,true)
(12,15,true)
(13,15,true)
(14,15,true)
(15,15,true)
(16,15,true)
(17,15,true)
(18,15,true)
(19,15,true)
(20,15,true)
(21,15,true)
(22,15,true)
(23,15,true)
(24,15,true)
(25,15,true)
(26,15,true)
(27,15,true)
(28,15,true)
(29,15,true)
(30,15,true)
(31,15,true)
(32,15,true)
(33,15,true)
(34,15,true)
(35,15,true)
(36,15,true)
(37,15,true)
(38,15,true)
(39,15,true)
(0,15,false)
(1,15,false)
(2,15,false)
(3,15,false)
(4,15,false)
(5,15,false)
(6,15,false)
(7,15,false)
(8,15,false)
(9,15,false)
(56,15,true)
(50,15,true)
(10,16,true)
(11,16,true)
(12,16,true)
(13,16,true)
(14,16,true)
(15,16,true)
(16,16,true)
(17,16,true)
(18,16,true)
(19,16,true)
(20,16,true)
(21,16,true)
(22,16,true)
(23,16,true)
(24,16,true)
(25,16,true)
(26,16,true)
(27,16,true)
(28,16,true)
(29,16,true)
(30,16,true)
(31,16,true)
(32,16,true)
(33,16,true)
(34,16,true)
(35,16,true)
(36,16,true)
(37,16,true)
(38,16,true)
(39,16,true)
(0,16,false)
(1,16,false)
(2,16,false)
(3,16,false)
(4,16,false)
(5,16,false)
(6,16,false)
(7,16,false)
(8,16,false)
(9,16,false)
(57,16,true)
(73,16,true)
(10,17,true)
(11,17,true)
(12,17,true)
(13,17,true)
(14,17,true)
(15,17,true)
(16,17,true)
(17,17,true)
(18,17,true)
(19,17,true)
(20,17,true)
(21,17,true)
(22,17,true)
(23,17,true)
(24,17,true)
(25,17,true)
(26,17,true)
(27,17,true)
(28,17,true)
(29,17,true)
(30,17,true)
(31,17,true)
(32,17,true)
(33,17,true)
(34,17,true)
(35,17,true)
(36,17,true)
(37,17,true)
(38,17,true)
(39,17,true)
(0,17,false)
(1,17,false)
(2,17,false)
(3,17,false)
(4,17,false)
(5,17,false)
(6,17,false)
(7,17,false)
(8,17,false)
(9,17,false)
(58,17,true)
(45,17,true)
(10,18,true)
(11,18,true)
(12,18,true)
(13,18,true)
(14,18,true)
(15,18,true)
(16,18,true)
(17,18,true)
(18,18,true)
(19,18,true)
(20,18,true)
(21,18,true)
(22,18,true)
(23,18,true)
(24,18,true)
(25,18,true)
(26,18,true)
(27,18,true)
(28,18,true)
(29,18,true)
(30,18,true)
(31,18,true)
(32,18,true)
(33,18,true)
(34,18,true)
(35,18,true)
(36,18,true)
(37,18,true)
(38,18,true)
(39,18,true)
(0,18,false)
(1,18,false)
(2,18,false)
(3,18,false)
(4,18,false)
(5,18,false)
(6,18,false)
(7,18,false)
(8,18,false)
(9,18,false)
(59,18,true)
(43,18,true)
(10,19,true)
(11,19,true)
(12,19,true)
(13,19,true)
(14,19,true)
(15,19,true)
(16,19,true)
(17,19,true)
(18,19,true)
(19,19,true)
(20,19,true)
(21,19,true)
(22,19,true)
(23,19,true)
(24,19,true)
(25,19,true)
(26,19,true)
(27,19,true)
(28,19,true)
(29,19,true)
(30,19,true)
(31,19,true)
(32,19,true)
(33,19,true)
(34,19,true)
(35,19,true)
(36,19,true)
(37,19,true)
(38,19,true)
(39,19,true)
(0,19,false)
(1,19,false)
(2,19,false)
(3,19,false)
(4,19,false)
(5,19,false)
(6,19,false)
(7,19,false)
(8,19,false)
(9,19,false)
(61,19,true)
(83,19,true)

0,-1,-1,-1,-1,-1,-1,-1,-1,-1,-1,-1,1,-1,-1,-1,-1,1,-1,-1,-1,-1,-1,-1,-1,-1,-1,-1,-1,1,-1,-1,-1,-1,-1,-1,-1,1,-1,-1,-1,1,-1,1,-1,-1,1,-1,-1,-1,-1,-1,-1,-1,-1,-1,-1,-1,1,-1,-1,-1,1,-1,-1,-1,-1,-1,-1,1,-1,-1,-1,-1,-1,-1,-1,-1,-1,-1,-1,-1,-1,-1,-1,-1,-1,-1,-1,-1,-1,-1,-1,-1,-1,-1,-1,-1,-1,-1,-1,-1,-1,
-1,0,1,-1,-1,-1,-1,-1,-1,-1,-1,-1,-1,-1,-1,-1,1,-1,-1,-1,-1,-1,-1,1,-1,-1,-1,-1,-1,-1,-1,-1,-1,-1,-1,-1,-1,1,-1,1,-1,-1,-1,-1,1,-1,1,-1,-1,-1,-1,-1,-1,-1,-1,-1,-1,1,-1,-1,-1,-1,-1,1,-1,-1,-1,-1,-1,-1,-1,-1,-1,-1,-1,-1,-1,1,-1,-1,-1,-1,-1,-1,-1,-1,1,-1,-1,-1,-1,-1,-1,-1,-1,-1,-1,1,1,-1,-1,-1,-1,
-1,1,0,-1,-1,-1,-1,1,1,1,-1,-1,-1,-1,-1,-1,1,-1,-1,-1,-1,-1,-1,-1,-1,-1,-1,-1,1,-1,-1,-1,-1,-1,-1,-1,1,-1,-1,1,-1,-1,-1,1,-1,-1,-1,-1,-1,-1,-1,-1,-1,-1,-1,-1,-1,-1,-1,-1,1,-1,-1,-1,-1,-1,-1,-1,-1,-1,-1,-1,-1,1,-1,-1,-1,-1,-1,-1,1,1,-1,-1,-1,-1,-1,-1,-1,-1,-1,-1,-1,-1,1,-1,-1,-1,-1,-1,-1,-1,-1,
-1,-1,-1,0,-1,-1,-1,1,-1,-1,-1,-1,-1,-1,-1,1,-1,-1,-1,-1,-1,-1,-1,-1,-1,1,-1,-1,-1,-1,-1,-1,1,-1,1,1,1,-1,1,-1,-1,-1,1,-1,-1,-1,-1,-1,-1,-1,-1,1,-1,1,-1,-1,-1,-1,-1,-1,-1,-1,-1,-1,-1,-1,-1,-1,-1,-1,-1,-1,-1,-1,-1,-1,-1,-1,-1,-1,-1,-1,-1,-1,-1,-1,-1,-1,-1,-1,1,-1,-1,-1,-1,-1,-1,-1,-1,-1,-1,-1,-1,
-1,-1,-1,-1,0,-1,-1,-1,-1,-1,-1,-1,-1,1,-1,-1,-1,-1,-1,-1,1,-1,-1,1,-1,-1,-1,-1,-1,-1,-1,-1,-1,-1,-1,-1,-1,1,-1,-1,-1,-1,-1,-1,1,-1,1,-1,-1,-1,-1,-1,-1,-1,-1,-1,-1,-1,-1,-1,-1,-1,-1,-1,-1,-1,-1,-1,-1,-1,-1,-1,-1,-1,1,-1,-1,-1,-1,-1,1,-1,-1,1,-1,-1,-1,-1,-1,-1,-1,-1,-1,-1,-1,1,-1,-1,-1,-1,-1,-1,1,
-1,-1,-1,-1,-1,0,-1,1,-1,-1,-1,-1,-1,-1,-1,-1,-1,-1,-1,-1,-1,-1,-1,-1,-1,-1,-1,-1,-1,-1,-1,-1,-1,-1,-1,-1,-1,1,1,-1,1,-1,-1,-1,-1,-1,-1,-1,-1,-1,-1,-1,-1,-1,-1,-1,-1,1,-1,-1,-1,-1,-1,1,-1,-1,-1,-1,1,-1,1,-1,1,-1,-1,-1,-1,-1,-1,-1,-1,-1,-1,-1,1,-1,-1,-1,-1,1,-1,-1,-1,-1,-1,-1,1,-1,-1,-1,-1,-1,-1,
-1,-1,-1,-1,-1,-1,0,1,-1,-1,-1,-1,-1,-1,1,-1,-1,-1,-1,-1,-1,1,1,-1,-1,-1,1,1,-1,-1,-1,-1,-1,-1,-1,-1,-1,-1,-1,-1,-1,-1,-1,1,-1,-1,-1,-1,-1,-1,-1,-1,-1,-1,-1,-1,-1,-1,-1,-1,1,-1,-1,-1,-1,-1,-1,1,1,-1,-1,-1,-1,1,-1,-1,-1,-1,-1,-1,-1,-1,-1,-1,1,-1,-1,-1,-1,-1,-1,1,-1,-1,-1,-1,-1,1,-1,-1,-1,-1,-1,
-1,-1,1,1,-1,1,1,0,1,-1,1,-1,-1,-1,-1,-1,1,-1,-1,-1,-1,-1,-1,-1,-1,-1,-1,-1,-1,-1,1,-1,-1,-1,-1,-1,-1,-1,-1,-1,-1,-1,-1,-1,-1,-1,-1,-1,-1,-1,-1,-1,-1,-1,-1,-1,-1,-1,-1,1,-1,-1,-1,-1,-1,-1,-1,-1,-1,-1,-1,-1,-1,-1,-1,-1,-1,-1,1,-1,-1,1,-1,1,-1,-1,-1,-1,-1,-1,-1,-1,-1,1,-1,-1,1,-1,-1,-1,-1,1,-1,
-1,-1,1,-1,-1,-1,-1,1,0,-1,-1,-1,-1,-1,-1,-1,-1,-1,-1,-1,1,-1,-1,-1,-1,-1,-1,-1,-1,-1,-1,1,-1,-1,-1,-1,-1,-1,-1,-1,-1,-1,-1,-1,-1,1,-1,-1,-1,-1,-1,-1,-1,-1,-1,-1,-1,1,-1,-1,1,-1,1,-1,-1,-1,-1,-1,-1,-1,-1,-1,-1,-1,-1,-1,-1,-1,-1,1,-1,-1,-1,1,-1,-1,-1,-1,-1,-1,-1,1,-1,-1,-1,-1,-1,-1,-1,-1,-1,-1,-1,
-1,-1,1,-1,-1,-1,-1,-1,-1,0,-1,-1,-1,-1,-1,-1,-1,-1,-1,-1,-1,-1,-1,-1,-1,-1,-1,-1,-1,-1,1,-1,1,-1,1,-1,-1,-1,1,-1,1,-1,1,-1,-1,-1,-1,-1,-1,1,-1,-1,-1,1,-1,-1,-1,1,-1,-1,-1,-1,-1,-1,-1,-1,-1,-1,-1,-1,-1,-1,-1,-1,-1,-1,-1,-1,-1,-1,-1,-1,1,-1,-1,-1,-1,-1,-1,-1,-1,-1,-1,-1,-1,-1,-1,-1,-1,1,-1,-1,-1,
-1,-1,-1,-1,-1,-1,-1,1,-1,-1,0,-1,-1,-1,-1,-1,-1,-1,-1,1,1,-1,-1,1,-1,-1,-1,-1,1,-1,-1,1,-1,-1,-1,-1,1,1,-1,-1,-1,-1,-1,-1,1,-1,-1,-1,-1,-1,-1,-1,-1,-1,-1,-1,1,-1,-1,-1,-1,-1,-1,-1,-1,-1,-1,-1,-1,-1,-1,-1,-1,-1,-1,-1,-1,-1,-1,-1,-1,-1,-1,-1,-1,-1,1,-1,1,-1,-1,-1,-1,-1,1,-1,-1,-1,-1,-1,-1,-1,-1,
-1,-1,-1,-1,-1,-1,-1,-1,-1,-1,-1,0,1,-1,-1,-1,1,-1,-1,-1,-1,-1,-1,-1,-1,-1,-1,-1,-1,-1,-1,-1,-1,1,-1,-1,-1,1,-1,1,-1,1,-1,-1,-1,-1,-1,-1,-1,-1,-1,-1,-1,-1,-1,-1,-1,-1,1,-1,-1,-1,1,-1,-1,-1,-1,1,-1,-1,-1,-1,1,-1,-1,1,-1,-1,-1,-1,-1,-1,-1,-1,-1,-1,-1,-1,-1,-1,-1,1,-1,-1,-1,-1,-1,-1,-1,-1,-1,-1,-1,
1,-1,-1,-1,-1,-1,-1,-1,-1,-1,-1,1,0,-1,-1,1,-1,-1,-1,-1,-1,-1,-1,-1,-1,-1,1,-1,-1,-1,-1,-1,-1,-1,-1,-1,-1,1,-1,-1,-1,-1,-1,-1,-1,-1,-1,-1,-1,1,-1,-1,-1,-1,-1,-1,-1,-1,1,1,-1,-1,-1,-1,-1,-1,-1,1,-1,-1,1,-1,-1,-1,-1,-1,-1,-1,-1,-1,-1,-1,-1,-1,-1,-1,-1,-1,-1,-1,-1,-1,-1,-1,-1,-1,-1,-1,-1,-1,-1,-1,1,
-1,-1,-1,-1,1,-1,-1,-1,-1,-1,-1,-1,-1,0,1,-1,-1,1,-1,-1,-1,-1,-1,-1,-1,1,1,-1,-1,-1,-1,-1,-1,1,-1,-1,-1,-1,-1,-1,-1,1,-1,-1,-1,1,-1,-1,1,-1,-1,-1,-1,-1,-1,-1,-1,-1,-1,-1,-1,-1,-1,-1,-1,-1,1,-1,-1,-1,-1,-1,-1,-1,-1,-1,-1,-1,-1,-1,-1,1,-1,1,-1,-1,-1,-1,-1,1,-1,-1,-1,-1,-1,-1,-1,-1,-1,-1,-1,-1,-1,
-1,-1,-1,-1,-1,-1,1,-1,-1,-1,-1,-1,-1,1,0,-1,-1,-1,1,-1,-1,1,-1,-1,-1,-1,-1,-1,-1,-1,-1,-1,-1,-1,-1,-1,-1,1,1,-1,1,-1,-1,1,-1,-1,-1,-1,-1,-1,1,-1,-1,-1,-1,-1,-1,-1,-1,-1,-1,-1,-1,-1,-1,-1,-1,-1,-1,-1,-1,-1,-1,-1,-1,-1,-1,-1,-1,-1,-1,-1,1,-1,-1,-1,-1,-1,-1,-1,-1,-1,-1,-1,1,-1,-1,1,1,-1,-1,-1,-1,
-1,-1,-1,1,-1,-1,-1,-1,-1,-1,-1,-1,1,-1,-1,0,1,1,-1,-1,-1,-1,-1,-1,-1,-1,-1,-1,-1,-1,-1,-1,-1,-1,-1,1,-1,-1,-1,-1,-1,-1,-1,-1,-1,-1,1,1,-1,-1,-1,-1,-1,-1,-1,-1,-1,-1,-1,-1,-1,1,-1,-1,-1,-1,1,-1,1,-1,-1,-1,-1,-1,-1,-1,-1,-1,-1,-1,-1,-1,-1,-1,-1,1,-1,-1,-1,-1,-1,-1,-1,-1,-1,-1,-1,-1,-1,-1,-1,-1,-1,
-1,1,1,-1,-1,-1,-1,1,-1,-1,-1,1,-1,-1,-1,1,0,-1,-1,-1,-1,-1,-1,-1,-1,-1,1,1,-1,-1,-1,-1,-1,-1,1,-1,-1,-1,-1,-1,-1,-1,1,-1,-1,-1,-1,-1,-1,-1,-1,-1,-1,-1,-1,-1,-1,-1,-1,-1,-1,-1,-1,-1,-1,-1,-1,-1,-1,-1,-1,-1,-1,1,-1,-1,-1,-1,1,-1,-1,-1,-1,-1,-1,-1,-1,-1,1,-1,-1,-1,-1,-1,-1,-1,-1,-1,-1,-1,-1,-1,-1,
1,-1,-1,-1,-1,-1,-1,-1,-1,-1,-1,-1,-1,1,-1,1,-1,0,-1,-1,-1,-1,-1,-1,1,-1,1,-1,-1,-1,1,-1,-1,-1,-1,-1,-1,-1,-1,-1,-1,-1,-1,-1,-1,-1,-1,-1,-1,-1,-1,-1,-1,-1,-1,-1,-1,-1,-1,-1,1,-1,-1,-1,-1,-1,-1,-1,1,-1,-1,-1,-1,-1,-1,-1,-1,-1,-1,-1,-1,-1,-1,-1,-1,-1,1,1,-1,-1,-1,-1,-1,-1,1,-1,-1,1,-1,-1,-1,-1,-1,
-1,-1,-1,-1,-1,-1,-1,-1,-1,-1,-1,-1,-1,-1,1,-1,-1,-1,0,1,-1,-1,-1,-1,-1,-1,-1,-1,-1,-1,-1,-1,-1,1,-1,-1,-1,-1,-1,1,-1,-1,-1,-1,-1,-1,-1,-1,1,-1,-1,-1,-1,-1,-1,-1,-1,-1,-1,-1,-1,-1,-1,-1,-1,-1,-1,-1,1,-1,-1,-1,1,1,-1,-1,-1,-1,-1,-1,1,-1,-1,-1,-1,-1,-1,-1,-1,1,-1,-1,-1,-1,-1,-1,-1,-1,-1,1,-1,-1,-1,
-1,-1,-1,-1,-1,-1,-1,-1,-1,-1,1,-1,-1,-1,-1,-1,-1,-1,1,0,-1,-1,-1,-1,-1,1,-1,1,-1,1,-1,-1,1,-1,-1,-1,-1,-1,-1,-1,1,-1,-1,-1,-1,-1,-1,-1,-1,-1,-1,-1,-1,-1,-1,-1,-1,-1,1,-1,-1,-1,-1,-1,-1,-1,-1,-1,-1,1,-1,1,-1,-1,-1,-1,-1,-1,-1,1,-1,-1,-1,-1,-1,-1,-1,-1,-1,-1,-1,1,-1,-1,-1,-1,-1,-1,-1,-1,-1,-1,-1,
-1,-1,-1,-1,1,-1,-1,-1,1,-1,1,-1,-1,-1,-1,-1,-1,-1,-1,-1,0,-1,-1,-1,-1,-1,-1,1,1,-1,-1,-1,1,-1,-1,-1,-1,-1,1,-1,-1,-1,-1,-1,-1,-1,-1,-1,-1,-1,-1,-1,-1,-1,1,-1,-1,-1,-1,-1,-1,-1,-1,-1,-1,-1,-1,-1,-1,1,-1,-1,-1,-1,1,-1,-1,-1,-1,-1,-1,-1,-1,1,-1,1,-1,-1,-1,-1,-1,-1,-1,-1,-1,-1,-1,-1,-1,-1,-1,-1,-1,
-1,-1,-1,-1,-1,-1,1,-1,-1,-1,-1,-1,-1,-1,1,-1,-1,-1,-1,-1,-1,0,-1,-1,1,-1,-1,-1,-1,-1,-1,-1,-1,-1,-1,1,-1,1,-1,-1,1,-1,1,-1,-1,-1,-1,-1,-1,-1,-1,-1,-1,-1,-1,-1,-1,-1,-1,-1,-1,-1,-1,-1,-1,1,-1,-1,-1,-1,-1,-1,-1,1,-1,-1,-1,-1,-1,1,-1,-1,-1,-1,-1,-1,-1,-1,-1,-1,-1,-1,-1,-1,-1,-1,-1,-1,1,-1,1,-1,-1,
-1,-1,-1,-1,-1,-1,1,-1,-1,-1,-1,-1,-1,-1,-1,-1,-1,-1,-1,-1,-1,-1,0,1,-1,-1,-1,-1,-1,1,-1,-1,-1,-1,1,1,-1,-1,-1,-1,-1,-1,-1,-1,-1,-1,-1,-1,-1,1,-1,-1,1,-1,1,-1,-1,-1,-1,-1,-1,-1,-1,-1,-1,-1,-1,-1,-1,-1,-1,-1,-1,-1,-1,-1,-1,-1,-1,-1,1,-1,-1,-1,-1,1,-1,-1,-1,-1,-1,-1,-1,-1,-1,-1,-1,-1,1,-1,-1,-1,-1,
-1,1,-1,-1,1,-1,-1,-1,-1,-1,1,-1,-1,-1,-1,-1,-1,-1,-1,-1,-1,-1,1,0,-1,-1,-1,1,-1,-1,-1,-1,-1,-1,-1,-1,-1,-1,1,-1,-1,1,-1,-1,-1,-1,-1,-1,-1,-1,-1,-1,-1,-1,-1,-1,-1,-1,-1,1,-1,-1,-1,-1,-1,-1,-1,1,-1,-1,-1,-1,-1,-1,-1,-1,-1,-1,-1,-1,-1,-1,-1,-1,-1,-1,-1,-1,-1,1,-1,-1,-1,-1,-1,-1,-1,-1,-1,-1,-1,1,-1,
-1,-1,-1,-1,-1,-1,-1,-1,-1,-1,-1,-1,-1,-1,-1,-1,-1,1,-1,-1,-1,1,-1,-1,0,-1,-1,-1,-1,-1,-1,-1,-1,-1,-1,-1,-1,-1,1,-1,-1,1,-1,-1,-1,1,-1,-1,-1,-1,1,-1,-1,-1,-1,-1,-1,1,-1,-1,-1,-1,-1,-1,-1,-1,-1,-1,-1,-1,-1,-1,-1,-1,-1,-1,-1,-1,-1,1,-1,-1,-1,-1,-1,-1,-1,1,-1,-1,-1,-1,-1,-1,-1,-1,-1,-1,-1,1,-1,-1,-1,
-1,-1,-1,1,-1,-1,-1,-1,-1,-1,-1,-1,-1,1,-1,-1,-1,-1,-1,1,-1,-1,-1,-1,-1,0,-1,1,-1,-1,-1,-1,-1,-1,-1,1,1,-1,-1,-1,-1,-1,-1,-1,-1,-1,1,-1,-1,1,-1,-1,-1,-1,-1,-1,-1,-1,-1,-1,-1,1,-1,-1,-1,-1,-1,-1,-1,-1,-1,-1,-1,-1,-1,-1,-1,-1,-1,-1,-1,-1,-1,-1,-1,-1,-1,-1,-1,-1,-1,-1,-1,-1,1,-1,-1,-1,-1,-1,-1,-1,-1,
-1,-1,-1,-1,-1,-1,1,-1,-1,-1,-1,-1,1,1,-1,-1,1,1,-1,-1,-1,-1,-1,-1,-1,-1,0,-1,-1,-1,1,-1,-1,-1,-1,-1,-1,-1,-1,-1,-1,-1,-1,-1,-1,-1,-1,-1,-1,1,-1,-1,-1,-1,-1,-1,-1,-1,-1,-1,-1,-1,1,-1,-1,-1,-1,-1,-1,-1,-1,-1,-1,-1,-1,-1,-1,-1,-1,-1,-1,-1,-1,-1,-1,-1,-1,1,-1,-1,-1,-1,-1,-1,1,-1,-1,-1,-1,-1,-1,-1,-1,
-1,-1,-1,-1,-1,-1,1,-1,-1,-1,-1,-1,-1,-1,-1,-1,1,-1,-1,1,1,-1,-1,1,-1,1,-1,0,-1,-1,1,1,-1,-1,1,-1,1,-1,-1,-1,-1,-1,-1,-1,1,-1,-1,-1,-1,-1,-1,-1,-1,-1,-1,-1,1,-1,-1,-1,-1,-1,1,-1,-1,-1,-1,-1,-1,-1,-1,-1,-1,-1,-1,-1,-1,-1,-1,-1,-1,-1,-1,1,-1,-1,-1,-1,-1,-1,-1,-1,-1,-1,-1,-1,-1,-1,-1,-1,-1,-1,-1,
-1,-1,1,-1,-1,-1,-1,-1,-1,-1,1,-1,-1,-1,-1,-1,-1,-1,-1,-1,1,-1,-1,-1,-1,-1,-1,-1,0,-1,-1,-1,-1,-1,1,-1,-1,-1,-1,-1,-1,-1,-1,-1,-1,-1,-1,-1,-1,-1,-1,-1,1,1,-1,-1,-1,-1,-1,1,-1,-1,-1,-1,-1,-1,1,-1,-1,1,-1,-1,-1,-1,-1,-1,-1,-1,-1,-1,-1,-1,-1,-1,1,-1,1,-1,-1,-1,-1,-1,1,-1,-1,-1,-1,-1,-1,-1,-1,-1,-1,
1,-1,-1,-1,-1,-1,-1,-1,-1,-1,-1,-1,-1,-1,-1,-1,-1,-1,-1,1,-1,-1,1,-1,-1,-1,-1,-1,-1,0,-1,-1,-1,-1,-1,-1,-1,-1,-1,-1,-1,-1,1,-1,-1,-1,-1,-1,-1,1,-1,-1,1,1,-1,-1,-1,-1,-1,1,-1,-1,-1,1,-1,-1,-1,-1,-1,-1,-1,-1,-1,-1,-1,-1,-1,-1,-1,-1,1,-1,-1,-1,-1,-1,-1,-1,-1,1,-1,-1,-1,-1,-1,-1,-1,-1,-1,-1,-1,-1,-1,
-1,-1,-1,-1,-1,-1,-1,1,-1,1,-1,-1,-1,-1,-1,-1,-1,1,-1,-1,-1,-1,-1,-1,-1,-1,1,1,-1,-1,0,1,-1,-1,-1,-1,-1,-1,-1,-1,-1,-1,-1,-1,-1,-1,-1,-1,-1,-1,-1,-1,-1,-1,-1,1,-1,-1,-1,-1,-1,-1,-1,-1,1,-1,-1,-1,-1,-1,-1,-1,-1,1,-1,-1,-1,-1,-1,-1,-1,-1,1,-1,-1,-1,-1,-1,-1,-1,-1,-1,-1,-1,-1,-1,-1,-1,-1,-1,-1,-1,-1,
-1,-1,-1,-1,-1,-1,-1,-1,1,-1,1,-1,-1,-1,-1,-1,-1,-1,-1,-1,-1,-1,-1,-1,-1,-1,-1,1,-1,-1,1,0,1,-1,-1,-1,-1,-1,-1,-1,-1,-1,1,-1,-1,-1,-1,-1,-1,-1,-1,-1,-1,-1,-1,-1,-1,-1,-1,-1,-1,1,-1,-1,-1,-1,-1,-1,-1,-1,-1,-1,-1,-1,-1,-1,-1,1,-1,-1,-1,-1,-1,-1,-1,-1,-1,-1,1,-1,-1,-1,-1,-1,-1,-1,-1,1,-1,-1,-1,-1,1,
-1,-1,-1,1,-1,-1,-1,-1,-1,1,-1,-1,-1,-1,-1,-1,-1,-1,-1,1,1,-1,-1,-1,-1,-1,-1,-1,-1,-1,-1,1,0,-1,-1,-1,-1,-1,-1,-1,1,-1,-1,-1,-1,-1,-1,-1,-1,-1,-1,-1,-1,-1,-1,-1,-1,-1,-1,-1,-1,-1,-1,-1,-1,-1,-1,-1,-1,-1,-1,-1,-1,1,1,-1,-1,-1,-1,-1,-1,-1,-1,-1,-1,-1,-1,-1,1,-1,1,-1,-1,-1,-1,-1,-1,-1,-1,-1,-1,-1,-1,
-1,-1,-1,-1,-1,-1,-1,-1,-1,-1,-1,1,-1,1,-1,-1,-1,-1,1,-1,-1,-1,-1,-1,-1,-1,-1,-1,-1,-1,-1,-1,-1,0,-1,-1,-1,-1,-1,-1,-1,-1,1,-1,-1,-1,1,-1,-1,-1,-1,-1,-1,-1,-1,-1,-1,-1,-1,-1,1,-1,-1,-1,-1,1,-1,-1,-1,1,-1,-1,-1,-1,-1,-1,-1,-1,-1,-1,1,1,-1,-1,-1,-1,-1,-1,-1,-1,-1,-1,-1,-1,-1,-1,-1,-1,1,-1,-1,-1,-1,
-1,-1,-1,1,-1,-1,-1,-1,-1,1,-1,-1,-1,-1,-1,-1,1,-1,-1,-1,-1,-1,1,-1,-1,-1,-1,1,1,-1,-1,-1,-1,-1,0,1,1,-1,-1,-1,-1,-1,-1,-1,-1,-1,-1,-1,-1,-1,-1,-1,-1,-1,-1,-1,-1,-1,-1,-1,-1,-1,-1,-1,-1,-1,-1,-1,-1,-1,-1,-1,-1,-1,-1,-1,-1,-1,-1,-1,-1,-1,-1,-1,-1,-1,-1,-1,-1,-1,-1,-1,-1,-1,1,-1,-1,-1,-1,-1,-1,1,-1,
-1,-1,-1,1,-1,-1,-1,-1,-1,-1,-1,-1,-1,-1,-1,1,-1,-1,-1,-1,-1,1,1,-1,-1,1,-1,-1,-1,-1,-1,-1,-1,-1,1,0,-1,-1,-1,1,-1,1,-1,-1,1,-1,-1,1,-1,-1,-1,-1,-1,-1,-1,-1,-1,-1,-1,-1,-1,-1,-1,-1,-1,-1,-1,-1,-1,-1,-1,-1,-1,-1,-1,-1,-1,-1,-1,-1,-1,-1,-1,-1,-1,-1,-1,-1,-1,-1,-1,-1,-1,-1,-1,-1,-1,-1,-1,-1,-1,-1,1,
-1,-1,1,1,-1,-1,-1,-1,-1,-1,1,-1,-1,-1,-1,-1,-1,-1,-1,-1,-1,-1,-1,-1,-1,1,-1,1,-1,-1,-1,-1,-1,-1,1,-1,0,-1,-1,-1,-1,-1,-1,-1,-1,-1,-1,1,-1,-1,-1,-1,-1,-1,-1,-1,-1,-1,-1,-1,1,-1,-1,-1,-1,-1,-1,-1,-1,-1,-1,-1,1,-1,-1,-1,-1,-1,-1,-1,-1,-1,1,-1,-1,-1,-1,-1,-1,-1,-1,-1,-1,-1,-1,-1,-1,-1,-1,-1,-1,-1,-1,
1,1,-1,-1,1,1,-1,-1,-1,-1,1,1,1,-1,1,-1,-1,-1,-1,-1,-1,1,-1,-1,-1,-1,-1,-1,-1,-1,-1,-1,-1,-1,-1,-1,-1,0,1,-1,1,1,-1,-1,-1,-1,-1,-1,-1,-1,-1,-1,-1,-1,-1,-1,-1,-1,-1,-1,-1,-1,-1,-1,-1,-1,-1,-1,-1,-1,-1,-1,-1,-1,-1,-1,-1,-1,-1,-1,-1,-1,-1,-1,-1,-1,-1,-1,-1,-1,-1,-1,-1,-1,-1,-1,-1,-1,-1,-1,-1,-1,-1,
-1,-1,-1,1,-1,1,-1,-1,-1,1,-1,-1,-1,-1,1,-1,-1,-1,-1,-1,1,-1,-1,1,1,-1,-1,-1,-1,-1,-1,-1,-1,-1,-1,-1,-1,1,0,-1,-1,-1,-1,-1,1,-1,-1,-1,-1,-1,-1,-1,-1,-1,-1,-1,-1,-1,-1,-1,-1,-1,-1,-1,-1,-1,-1,-1,-1,-1,-1,1,-1,-1,-1,-1,-1,-1,-1,-1,-1,-1,-1,-1,-1,-1,-1,-1,-1,-1,-1,-1,-1,-1,-1,-1,-1,-1,-1,-1,-1,-1,-1,
-1,1,1,-1,-1,-1,-1,-1,-1,-1,-1,1,-1,-1,-1,-1,-1,-1,1,-1,-1,-1,-1,-1,-1,-1,-1,-1,-1,-1,-1,-1,-1,-1,-1,1,-1,-1,-1,0,-1,-1,-1,-1,-1,-1,-1,-1,-1,-1,-1,-1,-1,-1,-1,-1,-1,-1,-1,-1,-1,-1,-1,-1,-1,-1,-1,-1,-1,-1,-1,-1,-1,1,1,-1,-1,-1,1,-1,-1,-1,-1,-1,-1,-1,-1,-1,-1,-1,-1,-1,-1,-1,-1,-1,1,-1,1,-1,-1,-1,-1,
-1,-1,-1,-1,-1,1,-1,-1,-1,1,-1,-1,-1,-1,1,-1,-1,-1,-1,1,-1,1,-1,-1,-1,-1,-1,-1,-1,-1,-1,-1,1,-1,-1,-1,-1,1,-1,-1,0,-1,1,-1,-1,-1,-1,-1,-1,-1,-1,-1,-1,-1,1,-1,-1,-1,-1,-1,-1,-1,-1,-1,-1,-1,-1,-1,-1,-1,1,-1,1,-1,-1,-1,-1,-1,-1,-1,-1,-1,-1,-1,-1,-1,-1,-1,-1,-1,-1,-1,-1,-1,-1,-1,-1,-1,-1,-1,-1,-1,-1,
1,-1,-1,-1,-1,-1,-1,-1,-1,-1,-1,1,-1,1,-1,-1,-1,-1,-1,-1,-1,-1,-1,1,1,-1,-1,-1,-1,-1,-1,-1,-1,-1,-1,1,-1,1,-1,-1,-1,0,-1,-1,-1,-1,-1,-1,-1,-1,-1,-1,-1,-1,-1,-1,-1,-1,-1,-1,-1,-1,-1,-1,-1,-1,-1,-1,-1,1,-1,-1,-1,-1,-1,1,-1,-1,-1,-1,-1,1,-1,-1,-1,-1,-1,-1,-1,-1,-1,-1,-1,-1,-1,-1,-1,-1,-1,-1,-1,-1,-1,
-1,-1,-1,1,-1,-1,-1,-1,-1,1,-1,-1,-1,-1,-1,-1,1,-1,-1,-1,-1,1,-1,-1,-1,-1,-1,-1,-1,1,-1,1,-1,1,-1,-1,-1,-1,-1,-1,1,-1,0,-1,-1,-1,-1,-1,-1,-1,-1,-1,-1,-1,-1,-1,-1,-1,-1,-1,-1,-1,-1,-1,-1,-1,-1,-1,-1,-1,-1,-1,-1,-1,-1,-1,-1,-1,-1,-1,1,-1,-1,-1,-1,-1,-1,-1,-1,-1,-1,1,-1,-1,-1,-1,-1,-1,-1,-1,-1,-1,-1,
1,-1,1,-1,-1,-1,1,-1,-1,-1,-1,-1,-1,-1,1,-1,-1,-1,-1,-1,-1,-1,-1,-1,-1,-1,-1,-1,-1,-1,-1,-1,-1,-1,-1,-1,-1,-1,-1,-1,-1,-1,-1,0,-1,-1,-1,-1,-1,-1,-1,-1,-1,-1,-1,-1,-1,-1,-1,-1,-1,-1,-1,-1,-1,-1,-1,-1,-1,-1,-1,-1,-1,-1,-1,-1,-1,-1,-1,-1,-1,-1,-1,-1,-1,-1,-1,-1,-1,-1,-1,-1,-1,-1,-1,-1,-1,-1,-1,-1,-1,-1,-1,
-1,1,-1,-1,1,-1,-1,-1,-1,-1,1,-1,-1,-1,-1,-1,-1,-1,-1,-1,-1,-1,-1,-1,-1,-1,-1,1,-1,-1,-1,-1,-1,-1,-1,1,-1,-1,1,-1,-1,-1,-1,-1,0,-1,-1,-1,-1,-1,-1,-1,-1,-1,-1,-1,-1,-1,-1,-1,-1,-1,-1,-1,-1,-1,-1,-1,-1,-1,-1,-1,-1,-1,-1,-1,-1,-1,-1,-1,-1,-1,-1,-1,-1,-1,-1,-1,-1,-1,-1,-1,-1,-1,-1,-1,-1,-1,-1,-1,1,-1,-1,
-1,-1,-1,-1,-1,-1,-1,-1,1,-1,-1,-1,-1,1,-1,-1,-1,-1,-1,-1,-1,-1,-1,-1,1,-1,-1,-1,-1,-1,-1,-1,-1,-1,-1,-1,-1,-1,-1,-1,-1,-1,-1,-1,-1,0,-1,-1,-1,-1,-1,-1,-1,-1,-1,-1,-1,-1,-1,-1,-1,-1,-1,-1,-1,-1,-1,-1,-1,-1,-1,-1,-1,-1,-1,-1,-1,-1,-1,-1,-1,-1,-1,-1,-1,-1,-1,-1,-1,-1,-1,-1,-1,-1,-1,-1,-1,-1,-1,-1,-1,-1,-1,
1,1,-1,-1,1,-1,-1,-1,-1,-1,-1,-1,-1,-1,-1,1,-1,-1,-1,-1,-1,-1,-1,-1,-1,1,-1,-1,-1,-1,-1,-1,-1,1,-1,-1,-1,-1,-1,-1,-1,-1,-1,-1,-1,-1,0,-1,-1,-1,-1,-1,-1,-1,-1,-1,-1,-1,-1,-1,-1,-1,-1,-1,-1,-1,-1,-1,-1,-1,-1,-1,-1,-1,-1,-1,-1,-1,-1,-1,-1,-1,-1,-1,-1,-1,-1,-1,-1,-1,-1,-1,-1,-1,-1,-1,-1,-1,-1,-1,-1,-1,-1,
-1,-1,-1,-1,-1,-1,-1,-1,-1,-1,-1,-1,-1,-1,-1,1,-1,-1,-1,-1,-1,-1,-1,-1,-1,-1,-1,-1,-1,-1,-1,-1,-1,-1,-1,1,1,-1,-1,-1,-1,-1,-1,-1,-1,-1,-1,0,-1,-1,-1,-1,-1,-1,-1,-1,-1,-1,-1,-1,-1,-1,-1,-1,-1,-1,-1,-1,-1,-1,-1,-1,-1,-1,-1,-1,-1,-1,-1,-1,-1,-1,-1,-1,-1,-1,-1,-1,-1,-1,-1,-1,-1,-1,-1,-1,-1,-1,-1,-1,-1,-1,-1,
-1,-1,-1,-1,-1,-1,-1,-1,-1,-1,-1,-1,-1,1,-1,-1,-1,-1,1,-1,-1,-1,-1,-1,-1,-1,-1,-1,-1,-1,-1,-1,-1,-1,-1,-1,-1,-1,-1,-1,-1,-1,-1,-1,-1,-1,-1,-1,0,-1,-1,-1,-1,-1,-1,-1,-1,-1,-1,-1,-1,-1,-1,-1,-1,-1,-1,-1,-1,-1,-1,-1,-1,-1,-1,-1,-1,-1,-1,-1,-1,-1,-1,-1,-1,-1,-1,-1,-1,-1,-1,-1,-1,-1,-1,-1,-1,-1,-1,-1,-1,-1,-1,
-1,-1,-1,-1,-1,-1,-1,-1,-1,1,-1,-1,1,-1,-1,-1,-1,-1,-1,-1,-1,-1,1,-1,-1,1,1,-1,-1,1,-1,-1,-1,-1,-1,-1,-1,-1,-1,-1,-1,-1,-1,-1,-1,-1,-1,-1,-1,0,-1,-1,-1,-1,-1,-1,-1,-1,-1,-1,-1,-1,-1,-1,-1,-1,-1,-1,-1,-1,-1,-1,-1,-1,-1,-1,-1,-1,-1,-1,-1,-1,-1,-1,-1,-1,-1,-1,-1,-1,-1,-1,-1,-1,-1,-1,-1,-1,-1,-1,-1,-1,-1,
-1,-1,-1,-1,-1,-1,-1,-1,-1,-1,-1,-1,-1,-1,1,-1,-1,-1,-1,-1,-1,-1,-1,-1,1,-1,-1,-1,-1,-1,-1,-1,-1,-1,-1,-1,-1,-1,-1,-1,-1,-1,-1,-1,-1,-1,-1,-1,-1,-1,0,-1,-1,-1,-1,-1,-1,-1,-1,-1,-1,-1,-1,-1,-1,-1,-1,-1,-1,-1,-1,-1,-1,-1,-1,-1,-1,-1,-1,-1,-1,-1,-1,-1,-1,-1,-1,-1,-1,-1,-1,-1,-1,-1,-1,-1,-1,-1,-1,-1,-1,-1,-1,
-1,-1,-1,1,-1,-1,-1,-1,-1,-1,-1,-1,-1,-1,-1,-1,-1,-1,-1,-1,-1,-1,-1,-1,-1,-1,-1,-1,-1,-1,-1,-1,-1,-1,-1,-1,-1,-1,-1,-1,-1,-1,-1,-1,-1,-1,-1,-1,-1,-1,-1,0,-1,-1,-1,-1,-1,-1,-1,-1,-1,-1,-1,-1,-1,-1,-1,-1,-1,-1,-1,-1,-1,-1,-1,-1,1,-1,-1,-1,-1,-1,-1,-1,-1,-1,-1,-1,-1,-1,-1,-1,-1,1,-1,-1,-1,-1,-1,-1,-1,-1,-1,
-1,-1,-1,-1,-1,-1,-1,-1,-1,-1,-1,-1,-1,-1,-1,-1,-1,-1,-1,-1,-1,-1,1,-1,-1,-1,-1,-1,1,1,-1,-1,-1,-1,-1,-1,-1,-1,-1,-1,-1,-1,-1,-1,-1,-1,-1,-1,-1,-1,-1,-1,0,-1,-1,-1,-1,-1,-1,-1,-1,-1,-1,-1,-1,-1,-1,-1,-1,-1,-1,-1,-1,-1,-1,-1,-1,-1,-1,-1,-1,-1,-1,-1,-1,-1,-1,-1,-1,-1,-1,-1,-1,-1,-1,-1,-1,-1,-1,-1,-1,-1,-1,
-1,-1,-1,1,-1,-1,-1,-1,-1,1,-1,-1,-1,-1,-1,-1,-1,-1,-1,-1,-1,-1,-1,-1,-1,-1,-1,-1,1,1,-1,-1,-1,-1,-1,-1,-1,-1,-1,-1,-1,-1,-1,-1,-1,-1,-1,-1,-1,-1,-1,-1,-1,0,-1,-1,-1,-1,-1,-1,-1,-1,-1,-1,-1,-1,-1,-1,-1,-1,-1,-1,-1,-1,-1,-1,-1,-1,-1,-1,-1,-1,-1,-1,-1,-1,-1,-1,-1,-1,-1,-1,-1,-1,-1,-1,-1,-1,-1,-1,-1,-1,-1,
-1,-1,-1,-1,-1,-1,-1,-1,-1,-1,-1,-1,-1,-1,-1,-1,-1,-1,-1,-1,1,-1,1,-1,-1,-1,-1,-1,-1,-1,-1,-1,-1,-1,-1,-1,-1,-1,-1,-1,1,-1,-1,-1,-1,-1,-1,-1,-1,-1,-1,-1,-1,-1,0,-1,-1,-1,-1,-1,-1,-1,-1,-1,-1,-1,-1,-1,-1,-1,-1,-1,-1,-1,-1,-1,-1,-1,-1,-1,-1,-1,-1,-1,-1,-1,-1,-1,-1,-1,-1,-1,-1,-1,-1,-1,-1,-1,-1,-1,-1,-1,-1,
-1,-1,-1,-1,-1,-1,-1,-1,-1,-1,-1,-1,-1,-1,-1,-1,-1,-1,-1,-1,-1,-1,-1,-1,-1,-1,-1,-1,-1,-1,1,-1,-1,-1,-1,-1,-1,-1,-1,-1,-1,-1,-1,-1,-1,-1,-1,-1,-1,-1,-1,-1,-1,-1,-1,0,-1,-1,-1,-1,-1,-1,-1,-1,-1,-1,-1,-1,-1,-1,-1,-1,-1,-1,-1,-1,-1,-1,-1,-1,-1,-1,-1,1,-1,-1,-1,-1,-1,-1,-1,-1,-1,-1,-1,-1,-1,-1,-1,-1,-1,-1,-1,
-1,-1,-1,-1,-1,-1,-1,-1,-1,-1,1,-1,-1,-1,-1,-1,-1,-1,-1,-1,-1,-1,-1,-1,-1,-1,-1,1,-1,-1,-1,-1,-1,-1,-1,-1,-1,-1,-1,-1,-1,-1,-1,-1,-1,-1,-1,-1,-1,-1,-1,-1,-1,-1,-1,-1,0,-1,-1,-1,-1,-1,-1,-1,-1,-1,-1,-1,-1,-1,-1,-1,-1,-1,-1,-1,-1,-1,-1,-1,-1,-1,-1,-1,-1,-1,-1,-1,-1,-1,-1,-1,-1,-1,-1,-1,-1,-1,-1,-1,-1,-1,-1,
-1,1,-1,-1,-1,1,-1,-1,1,1,-1,-1,-1,-1,-1,-1,-1,-1,-1,-1,-1,-1,-1,-1,1,-1,-1,-1,-1,-1,-1,-1,-1,-1,-1,-1,-1,-1,-1,-1,-1,-1,-1,-1,-1,-1,-1,-1,-1,-1,-1,-1,-1,-1,-1,-1,-1,0,-1,-1,-1,-1,-1,-1,-1,-1,-1,-1,-1,-1,-1,-1,-1,-1,-1,-1,-1,-1,-1,-1,-1,-1,-1,-1,-1,-1,-1,-1,-1,-1,-1,-1,-1,-1,-1,-1,-1,-1,-1,-1,-1,-1,-1,
1,-1,-1,-1,-1,-1,-1,-1,-1,-1,-1,1,1,-1,-1,-1,-1,-1,-1,1,-1,-1,-1,-1,-1,-1,-1,-1,-1,-1,-1,-1,-1,-1,-1,-1,-1,-1,-1,-1,-1,-1,-1,-1,-1,-1,-1,-1,-1,-1,-1,-1,-1,-1,-1,-1,-1,-1,0,-1,-1,-1,-1,-1,-1,-1,-1,-1,-1,-1,-1,-1,-1,-1,-1,-1,-1,-1,-1,-1,-1,-1,-1,-1,-1,-1,-1,-1,-1,-1,-1,-1,-1,-1,-1,-1,-1,-1,-1,-1,-1,-1,-1,
-1,-1,-1,-1,-1,-1,-1,1,-1,-1,-1,-1,1,-1,-1,-1,-1,-1,-1,-1,-1,-1,-1,1,-1,-1,-1,-1,1,1,-1,-1,-1,-1,-1,-1,-1,-1,-1,-1,-1,-1,-1,-1,-1,-1,-1,-1,-1,-1,-1,-1,-1,-1,-1,-1,-1,-1,-1,0,-1,-1,-1,-1,-1,-1,-1,-1,-1,-1,-1,-1,-1,-1,-1,-1,-1,-1,-1,-1,-1,-1,-1,-1,-1,-1,-1,-1,-1,-1,-1,-1,-1,-1,-1,-1,-1,-1,-1,-1,-1,-1,-1,
-1,-1,1,-1,-1,-1,1,-1,1,-1,-1,-1,-1,-1,-1,-1,-1,1,-1,-1,-1,-1,-1,-1,-1,-1,-1,-1,-1,-1,-1,-1,-1,1,-1,-1,1,-1,-1,-1,-1,-1,-1,-1,-1,-1,-1,-1,-1,-1,-1,-1,-1,-1,-1,-1,-1,-1,-1,-1,0,-1,-1,-1,-1,-1,-1,-1,-1,-1,-1,-1,-1,-1,-1,-1,-1,-1,-1,-1,-1,-1,-1,-1,-1,-1,-1,-1,-1,-1,-1,-1,-1,-1,-1,-1,-1,-1,-1,-1,-1,-1,-1,
-1,-1,-1,-1,-1,-1,-1,-1,-1,-1,-1,-1,-1,-1,-1,1,-1,-1,-1,-1,-1,-1,-1,-1,-1,1,-1,-1,-1,-1,-1,1,-1,-1,-1,-1,-1,-1,-1,-1,-1,-1,-1,-1,-1,-1,-1,-1,-1,-1,-1,-1,-1,-1,-1,-1,-1,-1,-1,-1,-1,0,-1,-1,-1,-1,-1,-1,-1,-1,-1,-1,-1,-1,-1,-1,1,-1,-1,-1,-1,-1,-1,-1,-1,-1,-1,-1,-1,-1,-1,-1,-1,-1,-1,-1,-1,-1,-1,-1,-1,-1,-1,
1,-1,-1,-1,-1,-1,-1,-1,1,-1,-1,1,-1,-1,-1,-1,-1,-1,-1,-1,-1,-1,-1,-1,-1,-1,1,1,-1,-1,-1,-1,-1,-1,-1,-1,-1,-1,-1,-1,-1,-1,-1,-1,-1,-1,-1,-1,-1,-1,-1,-1,-1,-1,-1,-1,-1,-1,-1,-1,-1,-1,0,-1,-1,-1,-1,-1,-1,-1,-1,-1,-1,-1,-1,-1,-1,-1,-1,-1,-1,-1,-1,-1,-1,-1,-1,-1,-1,-1,-1,-1,-1,-1,-1,-1,-1,-1,-1,-1,-1,-1,-1,
-1,1,-1,-1,-1,1,-1,-1,-1,-1,-1,-1,-1,-1,-1,-1,-1,-1,-1,-1,-1,-1,-1,-1,-1,-1,-1,-1,-1,1,-1,-1,-1,-1,-1,-1,-1,-1,-1,-1,-1,-1,-1,-1,-1,-1,-1,-1,-1,-1,-1,-1,-1,-1,-1,-1,-1,-1,-1,-1,-1,-1,-1,0,-1,-1,-1,-1,-1,-1,-1,-1,-1,-1,-1,-1,-1,-1,-1,-1,-1,-1,-1,-1,-1,-1,-1,-1,-1,-1,-1,-1,-1,-1,-1,-1,-1,-1,-1,-1,-1,-1,-1,
-1,-1,-1,-1,-1,-1,-1,-1,-1,-1,-1,-1,-1,-1,-1,-1,-1,-1,-1,-1,-1,-1,-1,-1,-1,-1,-1,-1,-1,-1,1,-1,-1,-1,-1,-1,-1,-1,-1,-1,-1,-1,-1,-1,-1,-1,-1,-1,-1,-1,-1,-1,-1,-1,-1,-1,-1,-1,-1,-1,-1,-1,-1,-1,0,-1,-1,-1,-1,-1,-1,-1,-1,-1,-1,-1,-1,-1,-1,-1,-1,-1,-1,-1,-1,-1,-1,-1,-1,-1,-1,-1,-1,-1,-1,-1,-1,-1,-1,1,-1,-1,-1,
-1,-1,-1,-1,-1,-1,-1,-1,-1,-1,-1,-1,-1,-1,-1,-1,-1,-1,-1,-1,-1,1,-1,-1,-1,-1,-1,-1,-1,-1,-1,-1,-1,1,-1,-1,-1,-1,-1,-1,-1,-1,-1,-1,-1,-1,-1,-1,-1,-1,-1,-1,-1,-1,-1,-1,-1,-1,-1,-1,-1,-1,-1,-1,-1,0,-1,-1,-1,-1,-1,-1,-1,-1,-1,-1,-1,-1,-1,-1,-1,-1,-1,-1,-1,-1,-1,-1,-1,-1,-1,-1,-1,-1,-1,-1,-1,-1,-1,-1,-1,-1,-1,
-1,-1,-1,-1,-1,-1,-1,-1,-1,-1,-1,-1,-1,1,-1,1,-1,-1,-1,-1,-1,-1,-1,-1,-1,-1,-1,-1,1,-1,-1,-1,-1,-1,-1,-1,-1,-1,-1,-1,-1,-1,-1,-1,-1,-1,-1,-1,-1,-1,-1,-1,-1,-1,-1,-1,-1,-1,-1,-1,-1,-1,-1,-1,-1,-1,0,-1,-1,-1,-1,-1,-1,-1,-1,-1,-1,-1,-1,-1,-1,-1,-1,-1,-1,-1,-1,-1,-1,-1,-1,-1,-1,-1,-1,-1,-1,-1,-1,-1,-1,-1,-1,
-1,-1,-1,-1,-1,-1,1,-1,-1,-1,-1,1,1,-1,-1,-1,-1,-1,-1,-1,-1,-1,-1,1,-1,-1,-1,-1,-1,-1,-1,-1,-1,-1,-1,-1,-1,-1,-1,-1,-1,-1,-1,-1,-1,-1,-1,-1,-1,-1,-1,-1,-1,-1,-1,-1,-1,-1,-1,-1,-1,-1,-1,-1,-1,-1,-1,0,-1,-1,-1,-1,-1,-1,-1,-1,-1,-1,-1,-1,-1,-1,-1,-1,-1,-1,-1,-1,-1,-1,-1,-1,-1,-1,-1,-1,-1,-1,-1,-1,-1,-1,-1,
-1,-1,-1,-1,-1,1,1,-1,-1,-1,-1,-1,-1,-1,-1,1,-1,1,1,-1,-1,-1,-1,-1,-1,-1,-1,-1,-1,-1,-1,-1,-1,-1,-1,-1,-1,-1,-1,-1,-1,-1,-1,-1,-1,-1,-1,-1,-1,-1,-1,-1,-1,-1,-1,-1,-1,-1,-1,-1,-1,-1,-1,-1,-1,-1,-1,-1,0,-1,-1,-1,-1,-1,-1,-1,-1,-1,-1,-1,-1,-1,-1,-1,-1,-1,-1,-1,-1,-1,-1,-1,-1,-1,-1,-1,-1,-1,-1,-1,-1,-1,-1,
1,-1,-1,-1,-1,-1,-1,-1,-1,-1,-1,-1,-1,-1,-1,-1,-1,-1,-1,1,1,-1,-1,-1,-1,-1,-1,-1,1,-1,-1,-1,-1,1,-1,-1,-1,-1,-1,-1,-1,1,-1,-1,-1,-1,-1,-1,-1,-1,-1,-1,-1,-1,-1,-1,-1,-1,-1,-1,-1,-1,-1,-1,-1,-1,-1,-1,-1,0,-1,-1,-1,-1,-1,-1,-1,-1,-1,-1,-1,-1,-1,-1,-1,-1,-1,-1,-1,-1,-1,-1,-1,-1,-1,-1,-1,-1,-1,-1,-1,-1,-1,
-1,-1,-1,-1,-1,1,-1,-1,-1,-1,-1,-1,1,-1,-1,-1,-1,-1,-1,-1,-1,-1,-1,-1,-1,-1,-1,-1,-1,-1,-1,-1,-1,-1,-1,-1,-1,-1,-1,-1,1,-1,-1,-1,-1,-1,-1,-1,-1,-1,-1,-1,-1,-1,-1,-1,-1,-1,-1,-1,-1,-1,-1,-1,-1,-1,-1,-1,-1,-1,0,-1,-1,-1,-1,-1,-1,-1,-1,-1,-1,-1,-1,-1,-1,-1,-1,-1,-1,-1,-1,-1,-1,-1,-1,-1,-1,-1,-1,-1,-1,-1,-1,
-1,-1,-1,-1,-1,-1,-1,-1,-1,-1,-1,-1,-1,-1,-1,-1,-1,-1,-1,1,-1,-1,-1,-1,-1,-1,-1,-1,-1,-1,-1,-1,-1,-1,-1,-1,-1,-1,1,-1,-1,-1,-1,-1,-1,-1,-1,-1,-1,-1,-1,-1,-1,-1,-1,-1,-1,-1,-1,-1,-1,-1,-1,-1,-1,-1,-1,-1,-1,-1,-1,0,-1,-1,-1,-1,-1,-1,-1,-1,-1,-1,-1,-1,-1,-1,-1,-1,-1,-1,-1,-1,-1,-1,-1,-1,-1,-1,-1,-1,-1,-1,-1,
-1,-1,-1,-1,-1,1,-1,-1,-1,-1,-1,1,-1,-1,-1,-1,-1,-1,1,-1,-1,-1,-1,-1,-1,-1,-1,-1,-1,-1,-1,-1,-1,-1,-1,-1,1,-1,-1,-1,1,-1,-1,-1,-1,-1,-1,-1,-1,-1,-1,-1,-1,-1,-1,-1,-1,-1,-1,-1,-1,-1,-1,-1,-1,-1,-1,-1,-1,-1,-1,-1,0,-1,-1,-1,-1,-1,-1,-1,-1,-1,-1,-1,-1,-1,-1,-1,-1,-1,-1,-1,-1,-1,-1,-1,-1,-1,-1,-1,-1,-1,-1,
-1,-1,1,-1,-1,-1,1,-1,-1,-1,-1,-1,-1,-1,-1,-1,1,-1,1,-1,-1,1,-1,-1,-1,-1,-1,-1,-1,-1,1,-1,1,-1,-1,-1,-1,-1,-1,1,-1,-1,-1,-1,-1,-1,-1,-1,-1,-1,-1,-1,-1,-1,-1,-1,-1,-1,-1,-1,-1,-1,-1,-1,-1,-1,-1,-1,-1,-1,-1,-1,-1,0,-1,-1,-1,-1,-1,-1,-1,-1,-1,-1,-1,-1,-1,-1,-1,-1,-1,-1,-1,-1,-1,-1,-1,-1,-1,-1,-1,-1,-1,
-1,-1,-1,-1,1,-1,-1,-1,-1,-1,-1,-1,-1,-1,-1,-1,-1,-1,-1,-1,1,-1,-1,-1,-1,-1,-1,-1,-1,-1,-1,-1,1,-1,-1,-1,-1,-1,-1,1,-1,-1,-1,-1,-1,-1,-1,-1,-1,-1,-1,-1,-1,-1,-1,-1,-1,-1,-1,-1,-1,-1,-1,-1,-1,-1,-1,-1,-1,-1,-1,-1,-1,-1,0,-1,-1,-1,-1,-1,-1,-1,-1,-1,-1,-1,-1,-1,-1,-1,-1,-1,-1,-1,-1,-1,-1,-1,-1,-1,-1,-1,-1,
-1,-1,-1,-1,-1,-1,-1,-1,-1,-1,-1,1,-1,-1,-1,-1,-1,-1,-1,-1,-1,-1,-1,-1,-1,-1,-1,-1,-1,-1,-1,-1,-1,-1,-1,-1,-1,-1,-1,-1,-1,1,-1,-1,-1,-1,-1,-1,-1,-1,-1,-1,-1,-1,-1,-1,-1,-1,-1,-1,-1,-1,-1,-1,-1,-1,-1,-1,-1,-1,-1,-1,-1,-1,-1,0,-1,-1,-1,-1,-1,-1,-1,-1,-1,-1,-1,-1,-1,-1,-1,-1,-1,-1,-1,-1,-1,-1,-1,-1,-1,-1,-1,
-1,-1,-1,-1,-1,-1,-1,-1,-1,-1,-1,-1,-1,-1,-1,-1,-1,-1,-1,-1,-1,-1,-1,-1,-1,-1,-1,-1,-1,-1,-1,-1,-1,-1,-1,-1,-1,-1,-1,-1,-1,-1,-1,-1,-1,-1,-1,-1,-1,-1,-1,1,-1,-1,-1,-1,-1,-1,-1,-1,-1,1,-1,-1,-1,-1,-1,-1,-1,-1,-1,-1,-1,-1,-1,-1,0,-1,-1,-1,-1,-1,-1,-1,-1,-1,-1,-1,-1,-1,-1,-1,-1,-1,-1,-1,-1,-1,-1,-1,-1,-1,-1,
-1,1,-1,-1,-1,-1,-1,-1,-1,-1,-1,-1,-1,-1,-1,-1,-1,-1,-1,-1,-1,-1,-1,-1,-1,-1,-1,-1,-1,-1,-1,1,-1,-1,-1,-1,-1,-1,-1,-1,-1,-1,-1,-1,-1,-1,-1,-1,-1,-1,-1,-1,-1,-1,-1,-1,-1,-1,-1,-1,-1,-1,-1,-1,-1,-1,-1,-1,-1,-1,-1,-1,-1,-1,-1,-1,-1,0,-1,-1,-1,-1,-1,-1,-1,-1,-1,-1,-1,-1,-1,-1,-1,-1,-1,-1,-1,-1,-1,-1,-1,-1,-1,
-1,-1,-1,-1,-1,-1,-1,1,-1,-1,-1,-1,-1,-1,-1,-1,1,-1,-1,-1,-1,-1,-1,-1,-1,-1,-1,-1,-1,-1,-1,-1,-1,-1,-1,-1,-1,-1,-1,1,-1,-1,-1,-1,-1,-1,-1,-1,-1,-1,-1,-1,-1,-1,-1,-1,-1,-1,-1,-1,-1,-1,-1,-1,-1,-1,-1,-1,-1,-1,-1,-1,-1,-1,-1,-1,-1,-1,0,-1,-1,-1,-1,-1,-1,-1,-1,-1,-1,-1,-1,-1,-1,-1,-1,-1,-1,-1,-1,-1,-1,-1,-1,
-1,-1,-1,-1,-1,-1,-1,-1,1,-1,-1,-1,-1,-1,-1,-1,-1,-1,-1,1,-1,1,-1,-1,1,-1,-1,-1,-1,-1,-1,-1,-1,-1,-1,-1,-1,-1,-1,-1,-1,-1,-1,-1,-1,-1,-1,-1,-1,-1,-1,-1,-1,-1,-1,-1,-1,-1,-1,-1,-1,-1,-1,-1,-1,-1,-1,-1,-1,-1,-1,-1,-1,-1,-1,-1,-1,-1,-1,0,-1,-1,-1,-1,-1,-1,-1,-1,-1,-1,-1,-1,-1,-1,-1,-1,-1,-1,-1,-1,-1,-1,-1,
-1,-1,1,-1,1,-1,-1,-1,-1,-1,-1,-1,-1,-1,-1,-1,-1,-1,1,-1,-1,-1,1,-1,-1,-1,-1,-1,-1,1,-1,-1,-1,1,-1,-1,-1,-1,-1,-1,-1,-1,1,-1,-1,-1,-1,-1,-1,-1,-1,-1,-1,-1,-1,-1,-1,-1,-1,-1,-1,-1,-1,-1,-1,-1,-1,-1,-1,-1,-1,-1,-1,-1,-1,-1,-1,-1,-1,-1,0,-1,-1,-1,-1,-1,-1,-1,-1,-1,-1,-1,-1,-1,-1,-1,-1,-1,-1,-1,-1,-1,-1,
-1,-1,1,-1,-1,-1,-1,1,-1,-1,-1,-1,-1,1,-1,-1,-1,-1,-1,-1,-1,-1,-1,-1,-1,-1,-1,-1,-1,-1,-1,-1,-1,1,-1,-1,-1,-1,-1,-1,-1,1,-1,-1,-1,-1,-1,-1,-1,-1,-1,-1,-1,-1,-1,-1,-1,-1,-1,-1,-1,-1,-1,-1,-1,-1,-1,-1,-1,-1,-1,-1,-1,-1,-1,-1,-1,-1,-1,-1,-1,0,-1,-1,-1,-1,-1,-1,-1,-1,-1,-1,-1,-1,-1,-1,-1,-1,-1,-1,-1,-1,-1,
-1,-1,-1,-1,-1,-1,-1,-1,-1,1,-1,-1,-1,-1,1,-1,-1,-1,-1,-1,-1,-1,-1,-1,-1,-1,-1,-1,-1,-1,1,-1,-1,-1,-1,-1,1,-1,-1,-1,-1,-1,-1,-1,-1,-1,-1,-1,-1,-1,-1,-1,-1,-1,-1,-1,-1,-1,-1,-1,-1,-1,-1,-1,-1,-1,-1,-1,-1,-1,-1,-1,-1,-1,-1,-1,-1,-1,-1,-1,-1,-1,0,-1,-1,-1,-1,-1,-1,-1,-1,-1,-1,-1,-1,-1,-1,-1,-1,-1,-1,-1,-1,
-1,-1,-1,-1,1,-1,-1,1,1,-1,-1,-1,-1,1,-1,-1,-1,-1,-1,-1,1,-1,-1,-1,-1,-1,-1,1,-1,-1,-1,-1,-1,-1,-1,-1,-1,-1,-1,-1,-1,-1,-1,-1,-1,-1,-1,-1,-1,-1,-1,-1,-1,-1,-1,1,-1,-1,-1,-1,-1,-1,-1,-1,-1,-1,-1,-1,-1,-1,-1,-1,-1,-1,-1,-1,-1,-1,-1,-1,-1,-1,-1,0,-1,-1,-1,-1,-1,-1,-1,-1,-1,-1,-1,-1,-1,-1,-1,-1,-1,-1,-1,
-1,-1,-1,-1,-1,1,1,-1,-1,-1,-1,-1,-1,-1,-1,-1,-1,-1,-1,-1,-1,-1,-1,-1,-1,-1,-1,-1,1,-1,-1,-1,-1,-1,-1,-1,-1,-1,-1,-1,-1,-1,-1,-1,-1,-1,-1,-1,-1,-1,-1,-1,-1,-1,-1,-1,-1,-1,-1,-1,-1,-1,-1,-1,-1,-1,-1,-1,-1,-1,-1,-1,-1,-1,-1,-1,-1,-1,-1,-1,-1,-1,-1,-1,0,-1,-1,-1,-1,-1,-1,-1,-1,-1,-1,-1,-1,-1,-1,-1,-1,-1,-1,
-1,-1,-1,-1,-1,-1,-1,-1,-1,-1,-1,-1,-1,-1,-1,1,-1,-1,-1,-1,1,-1,1,-1,-1,-1,-1,-1,-1,-1,-1,-1,-1,-1,-1,-1,-1,-1,-1,-1,-1,-1,-1,-1,-1,-1,-1,-1,-1,-1,-1,-1,-1,-1,-1,-1,-1,-1,-1,-1,-1,-1,-1,-1,-1,-1,-1,-1,-1,-1,-1,-1,-1,-1,-1,-1,-1,-1,-1,-1,-1,-1,-1,-1,-1,0,-1,-1,-1,-1,-1,-1,-1,-1,-1,-1,-1,-1,-1,-1,-1,-1,-1,
-1,1,-1,-1,-1,-1,-1,-1,-1,-1,1,-1,-1,-1,-1,-1,-1,1,-1,-1,-1,-1,-1,-1,-1,-1,-1,-1,1,-1,-1,-1,-1,-1,-1,-1,-1,-1,-1,-1,-1,-1,-1,-1,-1,-1,-1,-1,-1,-1,-1,-1,-1,-1,-1,-1,-1,-1,-1,-1,-1,-1,-1,-1,-1,-1,-1,-1,-1,-1,-1,-1,-1,-1,-1,-1,-1,-1,-1,-1,-1,-1,-1,-1,-1,-1,0,-1,-1,-1,-1,-1,1,-1,-1,-1,-1,-1,-1,-1,-1,-1,-1,
-1,-1,-1,-1,-1,-1,-1,-1,-1,-1,-1,-1,-1,-1,-1,-1,-1,1,-1,-1,-1,-1,-1,-1,1,-1,1,-1,-1,-1,-1,-1,-1,-1,-1,-1,-1,-1,-1,-1,-1,-1,-1,-1,-1,-1,-1,-1,-1,-1,-1,-1,-1,-1,-1,-1,-1,-1,-1,-1,-1,-1,-1,-1,-1,-1,-1,-1,-1,-1,-1,-1,-1,-1,-1,-1,-1,-1,-1,-1,-1,-1,-1,-1,-1,-1,-1,0,-1,-1,-1,-1,-1,-1,-1,-1,-1,-1,-1,-1,-1,-1,-1,
-1,-1,-1,-1,-1,-1,-1,-1,-1,-1,1,-1,-1,-1,-1,-1,1,-1,-1,-1,-1,-1,-1,-1,-1,-1,-1,-1,-1,-1,-1,1,1,-1,-1,-1,-1,-1,-1,-1,-1,-1,-1,-1,-1,-1,-1,-1,-1,-1,-1,-1,-1,-1,-1,-1,-1,-1,-1,-1,-1,-1,-1,-1,-1,-1,-1,-1,-1,-1,-1,-1,-1,-1,-1,-1,-1,-1,-1,-1,-1,-1,-1,-1,-1,-1,-1,-1,0,-1,-1,-1,-1,-1,-1,-1,-1,-1,-1,-1,-1,-1,-1,
-1,-1,-1,-1,-1,1,-1,-1,-1,-1,-1,-1,-1,1,-1,-1,-1,-1,1,-1,-1,-1,-1,1,-1,-1,-1,-1,-1,1,-1,-1,-1,-1,-1,-1,-1,-1,-1,-1,-1,-1,-1,-1,-1,-1,-1,-1,-1,-1,-1,-1,-1,-1,-1,-1,-1,-1,-1,-1,-1,-1,-1,-1,-1,-1,-1,-1,-1,-1,-1,-1,-1,-1,-1,-1,-1,-1,-1,-1,-1,-1,-1,-1,-1,-1,-1,-1,-1,0,-1,-1,-1,-1,-1,-1,-1,-1,-1,-1,-1,-1,-1,
-1,-1,-1,1,-1,-1,-1,-1,-1,-1,-1,-1,-1,-1,-1,-1,-1,-1,-1,-1,-1,-1,-1,-1,-1,-1,-1,-1,-1,-1,-1,-1,1,-1,-1,-1,-1,-1,-1,-1,-1,-1,-1,-1,-1,-1,-1,-1,-1,-1,-1,-1,-1,-1,-1,-1,-1,-1,-1,-1,-1,-1,-1,-1,-1,-1,-1,-1,-1,-1,-1,-1,-1,-1,-1,-1,-1,-1,-1,-1,-1,-1,-1,-1,-1,-1,-1,-1,-1,-1,0,-1,-1,-1,-1,-1,-1,-1,-1,-1,-1,-1,-1,
-1,-1,-1,-1,-1,-1,1,-1,1,-1,-1,1,-1,-1,-1,-1,-1,-1,-1,1,-1,-1,-1,-1,-1,-1,-1,-1,-1,-1,-1,-1,-1,-1,-1,-1,-1,-1,-1,-1,-1,-1,1,-1,-1,-1,-1,-1,-1,-1,-1,-1,-1,-1,-1,-1,-1,-1,-1,-1,-1,-1,-1,-1,-1,-1,-1,-1,-1,-1,-1,-1,-1,-1,-1,-1,-1,-1,-1,-1,-1,-1,-1,-1,-1,-1,-1,-1,-1,-1,-1,0,-1,-1,-1,1,-1,-1,-1,-1,-1,-1,-1,
-1,-1,-1,-1,-1,-1,-1,-1,-1,-1,-1,-1,-1,-1,-1,-1,-1,-1,-1,-1,-1,-1,-1,-1,-1,-1,-1,-1,1,-1,-1,-1,-1,-1,-1,-1,-1,-1,-1,-1,-1,-1,-1,-1,-1,-1,-1,-1,-1,-1,-1,-1,-1,-1,-1,-1,-1,-1,-1,-1,-1,-1,-1,-1,-1,-1,-1,-1,-1,-1,-1,-1,-1,-1,-1,-1,-1,-1,-1,-1,-1,-1,-1,-1,-1,-1,1,-1,-1,-1,-1,-1,0,-1,-1,-1,-1,-1,-1,-1,-1,-1,-1,
-1,-1,-1,-1,-1,-1,-1,1,-1,-1,-1,-1,-1,-1,-1,-1,-1,-1,-1,-1,-1,-1,-1,-1,-1,-1,-1,-1,-1,-1,-1,-1,-1,-1,-1,-1,-1,-1,-1,-1,-1,-1,-1,-1,-1,-1,-1,-1,-1,-1,-1,1,-1,-1,-1,-1,-1,-1,-1,-1,-1,-1,-1,-1,-1,-1,-1,-1,-1,-1,-1,-1,-1,-1,-1,-1,-1,-1,-1,-1,-1,-1,-1,-1,-1,-1,-1,-1,-1,-1,-1,-1,-1,0,-1,-1,-1,-1,-1,-1,-1,-1,-1,
-1,-1,1,-1,-1,-1,-1,-1,-1,-1,1,-1,-1,-1,1,-1,-1,1,-1,-1,-1,-1,-1,-1,-1,1,1,-1,-1,-1,-1,-1,-1,-1,1,-1,-1,-1,-1,-1,-1,-1,-1,-1,-1,-1,-1,-1,-1,-1,-1,-1,-1,-1,-1,-1,-1,-1,-1,-1,-1,-1,-1,-1,-1,-1,-1,-1,-1,-1,-1,-1,-1,-1,-1,-1,-1,-1,-1,-1,-1,-1,-1,-1,-1,-1,-1,-1,-1,-1,-1,-1,-1,-1,0,-1,-1,-1,-1,-1,-1,-1,-1,
-1,-1,-1,-1,1,-1,-1,-1,-1,-1,-1,-1,-1,-1,-1,-1,-1,-1,-1,-1,-1,-1,-1,-1,-1,-1,-1,-1,-1,-1,-1,-1,-1,-1,-1,-1,-1,-1,-1,-1,-1,-1,-1,-1,-1,-1,-1,-1,-1,-1,-1,-1,-1,-1,-1,-1,-1,-1,-1,-1,-1,-1,-1,-1,-1,-1,-1,-1,-1,-1,-1,-1,-1,-1,-1,-1,-1,-1,-1,-1,-1,-1,-1,-1,-1,-1,-1,-1,-1,-1,-1,1,-1,-1,-1,0,-1,-1,-1,-1,-1,-1,-1,
-1,-1,-1,-1,-1,1,-1,1,-1,-1,-1,-1,-1,-1,-1,-1,-1,-1,-1,-1,-1,-1,-1,-1,-1,-1,-1,-1,-1,-1,-1,-1,-1,-1,-1,-1,-1,-1,-1,1,-1,-1,-1,-1,-1,-1,-1,-1,-1,-1,-1,-1,-1,-1,-1,-1,-1,-1,-1,-1,-1,-1,-1,-1,-1,-1,-1,-1,-1,-1,-1,-1,-1,-1,-1,-1,-1,-1,-1,-1,-1,-1,-1,-1,-1,-1,-1,-1,-1,-1,-1,-1,-1,-1,-1,-1,0,-1,-1,-1,-1,-1,-1,
-1,1,-1,-1,-1,-1,1,-1,-1,-1,-1,-1,-1,-1,1,-1,-1,1,-1,-1,-1,-1,-1,-1,-1,-1,-1,-1,-1,-1,-1,1,-1,-1,-1,-1,-1,-1,-1,-1,-1,-1,-1,-1,-1,-1,-1,-1,-1,-1,-1,-1,-1,-1,-1,-1,-1,-1,-1,-1,-1,-1,-1,-1,-1,-1,-1,-1,-1,-1,-1,-1,-1,-1,-1,-1,-1,-1,-1,-1,-1,-1,-1,-1,-1,-1,-1,-1,-1,-1,-1,-1,-1,-1,-1,-1,-1,0,-1,-1,-1,-1,-1,
-1,1,-1,-1,-1,-1,-1,-1,-1,-1,-1,-1,-1,-1,1,-1,-1,-1,-1,-1,-1,1,1,-1,-1,-1,-1,-1,-1,-1,-1,-1,-1,1,-1,-1,-1,-1,-1,1,-1,-1,-1,-1,-1,-1,-1,-1,-1,-1,-1,-1,-1,-1,-1,-1,-1,-1,-1,-1,-1,-1,-1,-1,-1,-1,-1,-1,-1,-1,-1,-1,-1,-1,-1,-1,-1,-1,-1,-1,-1,-1,-1,-1,-1,-1,-1,-1,-1,-1,-1,-1,-1,-1,-1,-1,-1,-1,0,-1,-1,-1,-1,
-1,-1,-1,-1,-1,-1,-1,-1,-1,1,-1,-1,-1,-1,-1,-1,-1,-1,1,-1,-1,-1,-1,-1,1,-1,-1,-1,-1,-1,-1,-1,-1,-1,-1,-1,-1,-1,-1,-1,-1,-1,-1,-1,-1,-1,-1,-1,-1,-1,-1,-1,-1,-1,-1,-1,-1,-1,-1,-1,-1,-1,-1,-1,1,-1,-1,-1,-1,-1,-1,-1,-1,-1,-1,-1,-1,-1,-1,-1,-1,-1,-1,-1,-1,-1,-1,-1,-1,-1,-1,-1,-1,-1,-1,-1,-1,-1,-1,0,-1,-1,-1,
-1,-1,-1,-1,-1,-1,-1,-1,-1,-1,-1,-1,-1,-1,-1,-1,-1,-1,-1,-1,-1,1,-1,-1,-1,-1,-1,-1,-1,-1,-1,-1,-1,-1,-1,-1,-1,-1,-1,-1,-1,-1,-1,-1,1,-1,-1,-1,-1,-1,-1,-1,-1,-1,-1,-1,-1,-1,-1,-1,-1,-1,-1,-1,-1,-1,-1,-1,-1,-1,-1,-1,-1,-1,-1,-1,-1,-1,-1,-1,-1,-1,-1,-1,-1,-1,-1,-1,-1,-1,-1,-1,-1,-1,-1,-1,-1,-1,-1,-1,0,-1,-1,
-1,-1,-1,-1,-1,-1,-1,1,-1,-1,-1,-1,-1,-1,-1,-1,-1,-1,-1,-1,-1,-1,-1,1,-1,-1,-1,-1,-1,-1,-1,-1,-1,-1,1,-1,-1,-1,-1,-1,-1,-1,-1,-1,-1,-1,-1,-1,-1,-1,-1,-1,-1,-1,-1,-1,-1,-1,-1,-1,-1,-1,-1,-1,-1,-1,-1,-1,-1,-1,-1,-1,-1,-1,-1,-1,-1,-1,-1,-1,-1,-1,-1,-1,-1,-1,-1,-1,-1,-1,-1,-1,-1,-1,-1,-1,-1,-1,-1,-1,-1,0,-1,
-1,-1,-1,-1,1,-1,-1,-1,-1,-1,-1,-1,1,-1,-1,-1,-1,-1,-1,-1,-1,-1,-1,-1,-1,-1,-1,-1,-1,-1,-1,1,-1,-1,-1,1,-1,-1,-1,-1,-1,-1,-1,-1,-1,-1,-1,-1,-1,-1,-1,-1,-1,-1,-1,-1,-1,-1,-1,-1,-1,-1,-1,-1,-1,-1,-1,-1,-1,-1,-1,-1,-1,-1,-1,-1,-1,-1,-1,-1,-1,-1,-1,-1,-1,-1,-1,-1,-1,-1,-1,-1,-1,-1,-1,-1,-1,-1,-1,-1,-1,-1,0,

(42,0)
(41,1)
(41,2)
(42,3)
(40,4)
(41,5)
(42,6)
(40,7)
(42,8)
(42,9)
(41,10)
(41,11)
(42,12)
(40,13)
(41,14)
(42,15)
(40,16)
(40,17)
(41,18)
(42,19)
(85,0)
(35,8)
(73,6)
(71,10)
(48,0)
(31,2)
(40,19)
(28,5)
(27,1)
(70,6)
(60,3)
(15,9)
(97,4)
(86,2)
(47,3)
(32,0)
(93,6)
(51,19)
(26,13)
(72,15)
(38,9)
(36,3)
(51,3)
(59,6)
(76,9)
(43,9)
(92,14)
(62,15)
(10,0)
(86,0)
(15,8)
(28,1)
(73,1)
(75,17)
(92,11)
(92,5)
(57,10)
(18,18)
(84,7)
(70,4)
(39,5)
(10,18)
(14,1)
(18,10)
(81,0)
(80,15)
(72,6)
(64,6)
(18,4)
(10,9)
(58,0)
(98,11)
(43,0)
(77,9)
(85,6)
(26,5)
(51,5)
(66,7)
(95,0)
(44,14)
(68,1)
(39,3)
(43,12)
(88,1)
(96,10)
(72,7)
(36,4)
(66,15)
(71,11)
(58,8)
(11,13)
(31,1)
(23,0)
(44,4)
(70,1)
(54,3)
(87,15)
(58,2)
(23,7)
(36,11)
(11,19)
(65,0)
(40,8)
(91,4)
(55,14)
(57,19)
(91,0)
(30,14)
(25,7)
(59,10)
(70,17)
(93,4)
(12,0)
(23,10)
(24,13)
(69,19)
(38,7)
(96,14)
(18,11)
(81,18)
(17,2)
(75,2)
(58,16)
(30,19)
(67,13)
(39,7)
(67,19)
(42,10)
(49,0)
(63,9)
(47,4)
(42,2)
(55,19)
(14,0)
(61,2)
(45,2)
(56,8)
(27,4)
(84,0)
(49,5)
(57,9)
(68,8)
(20,8)
(45,3)
(53,2)
(74,16)
(24,12)
(78,7)
(78,1)
(73,0)
(80,8)
(20,1)
(51,0)
(26,4)
(86,12)
(39,13)
(33,6)
(53,6)
(42,10)
(44,0)
(44,0)
(66,6)
(10,4)
(87,13)
(66,17)
(74,18)
(66,2)
(14,3)
(66,4)
(58,2)
(68,0)
(71,13)
(91,11)
(13,1)
(52,9)
(71,5)
(28,13)
(73,13)
(91,17)
(43,3)
(84,2)
(58,2)
(19,3)
(20,12)
(85,14)
(80,0)
(33,0)
(73,1)
(102,17)
(102,4)
(58,7)
(14,13)
(73,14)
(11,8)
(92,11)
(38,7)
(40,1)
(34,2)
(65,1)
(33,10)
(18,4)
(19,5)
(23,12)
(76,19)
(50,0)
(31,2)
(33,5)
(16,1)
(32,6)
(97,4)
(63,14)
(46,7)
(67,14)
(87,0)
(45,18)
(39,3)
(66,7)
(38,18)
(102,0)
(72,8)
(91,4)
(89,17)
(92,4)
(79,13)
(24,6)
(66,4)
(100,15)
(86,3)
(89,10)
(98,8)
(17,7)
(22,7)
(35,9)
(32,0)
(37,17)
(42,12)
(87,10)
(47,6)
(14,6)
(51,15)
(75,3)
(45,0)
(94,1)
(29,7)
(84,3)
(50,3)
(76,0)
(20,16)
(65,17)
(24,3)
(51,2)
(18,7)
(44,19)
(22,5)
(94,5)
(42,18)
(78,8)
(99,4)
(10,2)
(100,15)
(10,13)
(85,7)
(41,17)
(91,14)
(56,8)
(31,4)
(94,3)
(40,4)
(63,19)
(75,3)
(100,12)
(78,1)
(50,8)
(56,12)
(79,11)
(27,10)
(35,4)
(95,14)
(96,8)
(17,1)
(48,9)
(75,1)
(66,15)
(98,1)
(95,4)
(73,10)
(99,5)
(101,19)
(71,5)
(75,4)
(11,6)
(57,0)
(23,2)
(12,0)
(67,0)
(87,1)
(10,14)
(20,5)
(71,1)
(40,8)
(12,7)
(33,8)
(81,17)
(75,5)
(20,0)
(31,0)
(77,6)
(36,10)
(69,13)
(11,8)
(82,17)
(37,1)
(93,14)
(57,3)
(50,12)
(64,10)
(80,1)
(70,6)
(65,6)
(63,10)
(50,2)
(52,2)
(87,13)
(69,4)
(81,14)
(65,13)
(26,1)
(61,11)
(38,8)
(95,1)
(62,8)
(18,8)
(46,8)
(80,4)
(95,3)
(33,10)
(45,1)
(22,1)
(83,18)
(33,0)
(70,14)
(79,2)
(40,1)
(78,5)
(28,1)
(79,4)
(25,2)
(26,4)
(44,13)
(23,0)
(33,12)
(34,1)
(71,3)
(29,9)
(86,15)
(98,17)
(68,16)
(33,4)
(57,7)
(63,2)
(37,1)
(100,3)
(11,1)
(35,0)
(49,0)
(88,8)
(23,2)
(33,17)
(59,15)
(82,1)
(25,0)
(40,7)
(13,9)
(51,16)
(84,0)
(29,3)
(22,2)
(70,18)
(56,5)
(102,3)
(66,4)
(88,15)
(16,1)
(40,6)
(99,0)
(10,0)
(95,6)
(101,15)
(18,0)
(59,3)
(54,5)
(16,16)
(34,17)
(59,5)
(12,16)
(38,19)
(30,14)
(16,1)
(86,3)
(14,12)
(93,6)
(96,2)
(68,8)
(91,14)
(58,14)
(47,6)
(40,5)
(93,4)
(31,13)
(44,19)
(95,8)
(76,14)
(52,2)
(98,11)
(85,10)
(32,15)
(60,17)
(98,11)
(21,4)
(34,3)
(38,4)
(89,19)
(17,8)
(102,12)
(83,0)
(16,5)
(39,7)
(94,1)
(40,17)
(74,6)
(92,13)
(25,16)
(30,16)
(94,14)
(71,9)
(55,8)
(26,2)
(73,7)
(43,4)
(19,16)
(39,5)
(30,17)
(48,5)
(61,3)
(82,11)
(83,10)
(79,6)
(90,9)
(94,18)
(63,8)
(88,6)
(90,6)
(40,17)
(85,3)
(43,6)
(31,3)
(25,10)
(80,5)
(102,2)
(29,12)
(30,9)
(79,13)
(41,16)
(87,0)
(74,8)
(48,18)
(96,0)
(34,3)
(32,1)
(76,4)
(93,11)
(49,2)
(13,2)
(78,4)
(21,17)
(10,3)
(21,7)
(75,18)
(95,11)
(34,13)
(102,18)
(49,7)
(37,3)
(85,2)
(34,2)
(76,0)
(34,0)
(57,14)
(96,19)
(68,4)
(94,6)
(87,8)
(48,19)
(80,13)
(80,11)
(37,18)
(84,1)
(27,6)
(72,16)
(25,3)
(54,0)
(28,16)
(99,17)
(64,3)
(26,8)
(98,17)
(37,1)
(57,4)
(48,3)
(22,8)
(28,9)
(59,8)
(63,5)
(74,7)
(62,19)
(85,0)
(39,3)
(93,18)
(77,1)
(22,17)
(83,9)
(72,4)
(70,7)
(99,12)
(77,8)
(62,0)
(32,5)
(59,4)
(17,13)
(101,19)
(62,6)
(16,9)
(66,0)
(62,6)
(12,10)
(60,3)
(58,16)
(72,10)
(51,16)
(57,17)
(40,4)
(46,0)
(97,13)
(60,13)
(72,5)
(77,13)
(72,7)
(58,5)
(78,2)
(80,4)
(46,4)
(92,0)
(101,6)
(98,6)
(93,13)
(76,10)
(15,14)
(89,13)
(36,9)
(54,13)
(16,15)
(82,4)
(69,4)
(41,3)
(72,19)
(11,2)
(25,16)
(33,13)
(76,11)
(65,19)
(82,19)
(91,13)
(91,14)
(37,0)
(17,3)
(82,3)
(59,9)
(91,18)
(93,0)
(24,0)
(87,19)
(96,10)
(77,2)
(77,13)
(63,14)
(57,0)
(54,11)
(15,16)
(26,9)
(32,0)
(99,16)
(44,15)
(93,7)
(91,9)
(37,0)
(31,19)
(91,17)
(71,13)
(38,1)
(54,14)
(72,3)
(65,0)
(90,5)
(45,3)
(84,13)
(96,3)
(71,15)
(39,3)
(66,1)
(17,8)
(72,5)
(101,8)
(43,2)
(52,10)
(45,17)
(61,4)
(49,6)
(32,11)
(66,2)
(85,4)
(49,7)
(77,7)
(20,17)
(76,3)
(66,14)
(64,19)
(67,2)
(102,17)
(69,12)
(57,7)
(90,14)
(74,13)
(44,6)
(52,12)
(77,10)
(73,1)
(27,4)
(21,18)
(63,1)
(70,4)
(86,2)
(24,18)
(79,14)
(31,18)
(82,9)
(80,9)
(84,0)
(43,4)
(77,19)
(35,18)
(100,10)
(17,0)
(43,17)
(50,0)
(50,14)
(88,16)
(10,17)
(52,1)
(31,8)
(78,0)
(11,13)
(40,14)
(63,9)
(19,5)
(80,0)
(59,15)
(20,10)
(44,19)
(59,5)
(62,1)
(64,12)
(37,3)
(95,0)
(27,8)
(47,11)
(25,4)
(71,6)
(23,2)
(10,3)
(60,8)
(40,16)
(87,0)
(49,8)
(36,7)
(100,6)
(58,1)
(55,18)
(63,10)
(17,10)
(89,15)
(62,16)
(85,3)
(95,3)
(24,18)
(55,6)
(98,17)
(79,8)
(36,1)
(53,2)
(21,15)
(17,3)
(67,13)
(81,4)
(99,1)
(57,15)
(90,7)
(46,6)
(96,11)
(42,16)
(58,14)
(46,8)
(74,19)
(59,17)
(57,0)
(20,12)
(29,2)
(41,3)
(92,3)
(24,0)
(51,18)
(28,4)
(79,8)
(64,6)
(58,7)
(94,0)
(13,14)
(22,2)
(86,9)
(38,2)
(13,7)
(94,10)
(21,7)
(83,19)
(19,1)
(62,9)
(60,0)
(71,18)
(43,6)
(87,2)
(68,2)
(12,3)
(35,6)
(101,11)
(35,18)
(49,0)
(90,16)
(82,7)
(66,2)
(80,11)
(16,0)
(84,2)
(82,10)
(101,5)
(88,4)
(27,2)
(15,11)
(69,9)
(92,1)
(31,10)
(37,6)
(64,6)
(46,1)
(72,12)
(66,3)
(64,19)
(13,2)
(102,9)
(20,17)
(65,3)
(75,15)
(80,17)
(21,6)
(36,15)
(14,0)
(38,6)
(36,14)
(73,3)
(54,9)
(57,10)
(42,6)
(57,3)
(21,3)
(62,6)
(56,9)
(46,8)
(97,16)
(33,1)
(24,19)
(51,17)
(29,9)
(100,11)
(26,16)
(99,11)
(43,9)
(62,9)
(23,2)
(57,8)
(13,7)
(58,19)
(13,3)
(92,17)
(52,16)
(73,3)
(72,2)
(42,1)
(11,10)
(47,2)
(52,1)
(51,12)
(60,1)
(54,4)
(38,1)
(46,1)
(46,12)
(19,12)
(53,7)
(16,6)
(82,1)
(43,19)
(41,3)
(46,0)
(17,4)
(22,2)
(58,9)
(42,7)
(32,11)
(55,4)
(55,19)
(35,8)
(21,1)
(42,0)
(36,2)
(92,0)
(26,7)
(78,7)
(30,10)
(94,2)
(44,1)
(89,16)
(94,8)
(86,7)
(47,2)
(92,0)
(66,9)
(72,17)
(10,5)
(79,17)
(48,0)
(16,0)
(35,0)
(41,12)
(20,11)
(58,0)
(74,15)
(20,6)
(97,7)
(54,19)
(101,16)
(100,11)
(94,0)
(29,17)
(51,5)
(64,12)
(73,3)
(33,5)
(100,0)
(61,16)
(82,14)
(78,7)
(78,10)
(47,7)
(68,3)
(21,7)
(46,17)
(49,16)
(52,6)
(14,6)
(26,2)
(39,10)
(73,2)
(14,3)
(27,5)
(28,0)
(79,0)
(99,2)
(92,13)
(66,17)
(17,8)
(20,9)
(60,11)
(18,8)
(61,6)
(70,19)
(97,0)
(45,17)
(98,1)
(100,17)
(28,1)
(15,1)
(97,5)
(19,5)
(20,15)
(64,16)
(50,14)
(45,17)
(48,8)
(48,3)
(63,2)
(84,0)
(27,13)
(33,11)
(21,13)
(61,0)
(31,14)
(79,0)
(31,6)
(47,6)
(68,0)
(92,8)
(54,8)
(69,8)
(78,11)
(14,18)
(44,8)
(55,10)
(39,14)
(59,5)
(11,9)
(85,0)
(100,8)
(20,10)
(96,8)
(55,18)
(46,4)
(75,13)
(11,12)
(45,16)
(28,13)
(19,10)
(66,3)
(19,3)
(39,2)
(22,8)
(81,16)
(89,12)
(85,13)
(22,11)
(53,8)
(83,3)
(35,13)
(77,0)
(86,10)
(101,1)
(16,9)
(34,1)
(30,3)
(77,2)
(33,4)
(15,17)
(63,0)
(21,7)
(60,1)
(77,14)
(29,18)
(73,0)
(86,18)
(70,7)
(71,10)
(64,12)
(78,7)
(64,19)
(98,13)
(68,2)
(82,0)
(10,7)
(59,2)
(90,18)
(21,5)
(70,0)
(90,15)
(51,16)
(40,13)
(36,14)
(22,7)
(36,11)
(68,11)
(73,1)
(35,5)
(31,11)
(84,6)
(29,14)
(40,7)
(70,0)
(96,12)
(91,11)
(74,1)
(69,16)
(30,7)
(58,0)
(34,10)
(17,3)
(65,2)
(94,3)
(29,1)
(91,13)
(11,2)
(77,0)
(70,2)
(60,16)
(55,4)
(40,1)
(96,5)
(67,7)
(82,4)
(97,12)
(12,4)
(54,6)
(47,12)
(49,13)
(84,3)
(79,13)
(75,0)
(74,18)
(76,3)
(36,4)
(40,2)
(53,16)
(53,5)
(98,1)
(90,15)
(19,11)
(45,18)
(66,12)
(38,12)
(83,3)
(12,15)
(51,12)
(47,0)
(51,0)
(90,6)
(67,2)
(25,6)
(48,14)
(69,0)
(74,19)
(70,1)
(16,1)
(95,15)
(22,4)
(34,5)
(74,13)
(48,1)
(43,15)
(62,0)
(77,17)
(44,16)
(50,14)
(44,7)
(97,17)
(69,10)
(79,4)
(80,12)
(83,9)
(83,1)
(11,0)
(24,18)
(73,1)
(19,7)
(18,5)
(75,3)
(14,7)
(81,1)
(15,12)
(52,0)
(13,11)
(20,10)
(32,1)
(94,15)
(39,5)
(88,2)
(15,7)
(25,7)
(38,12)
(71,5)
(65,2)
(90,15)
(87,13)
(101,0)
(32,11)
(29,6)
(32,13)
(12,0)
(22,1)
(27,5)
(60,12)
(73,13)
(92,4)
(32,8)
(46,14)
(54,2)
(79,3)
(80,7)
(24,7)
(39,12)
(18,1)
(63,2)
(21,13)
(48,11)
(47,9)
(21,6)
(70,1)
(69,3)
(56,9)
(51,12)
(86,2)
(54,0)
(35,2)
(70,15)
(77,19)
(41,8)
(87,16)
(95,2)
(37,0)
(19,3)
(10,17)
(53,6)
(35,3)
(80,6)
(72,0)
(32,13)
(83,0)
(64,4)
(20,2)
(86,16)
(47,6)
(80,15)
(19,5)
(101,16)
(45,5)
(51,8)
(38,6)
(60,8)
(35,1)
(70,8)
(19,15)
(48,6)
(69,9)
(78,0)
(35,19)
(83,19)
(53,0)
(94,16)
(18,15)
(29,3)
(64,9)
(17,10)
(54,10)
(37,1)
(57,15)
(41,1)
(34,0)
(82,5)
(60,18)
(12,1)
(30,9)
(48,18)
(97,9)
(21,14)
(17,2)
(38,10)
(30,9)
(89,9)
(19,16)
(58,19)
(33,9)
(10,16)
(85,8)
(56,1)
(93,15)
(101,0)
(40,19)
(26,6)
(96,6)
(87,8)
(102,1)
(54,0)
(81,15)
(24,2)
(50,19)
(100,1)
(77,12)
(18,11)
(98,1)
(56,5)
(80,3)
(78,5)
(88,14)
(26,10)
(81,14)
(45,6)
(71,13)
(88,3)
(35,5)
(17,6)
(13,7)
(43,3)
(69,6)
(60,11)
(41,4)
(55,19)
(43,6)
(35,1)
(12,6)
(63,17)
(102,9)
(74,5)
(45,16)
(24,1)
(24,8)
(46,5)
(39,14)
(34,4)
(102,19)
(89,1)
(29,6)
(81,17)
(19,0)
(16,17)
(60,14)
(82,15)
(92,15)
(93,6)
(81,6)
(29,15)
(18,17)
(94,0)
(24,10)
(59,5)
(47,6)
(60,1)
(89,5)
(13,17)
(90,10)
(77,1)
(20,0)
(51,8)
(91,2)
(52,2)
(98,3)
(85,3)
(42,10)
(23,4)
(21,7)
(50,5)
(14,15)
(97,2)
(91,9)
(58,9)
(54,4)
(17,4)
(25,0)
(85,7)
(90,12)
(49,6)
(35,5)
(25,11)
(80,3)
(39,16)
(77,8)
(19,1)
(47,16)
(34,17)
(36,12)
(10,12)
(94,1)
(99,2)
(33,18)
(13,10)
(47,10)
(64,3)
(25,2)
(84,6)
(65,6)
(19,1)
(20,2)
(29,0)
(52,1)
(37,15)
(70,11)
(45,10)
(28,1)
(10,2)
(79,3)
(71,15)
(31,5)
(97,4)
(14,2)
(58,12)
(91,19)
(85,1)
(48,15)
(88,14)
(36,1)
(55,12)
(30,19)
(72,0)
(16,2)
(90,15)
(99,15)
(93,17)
(54,13)
(50,1)
(62,1)
(70,19)
(43,0)
(49,1)
(79,0)
(27,1)
(54,0)
(66,1)
(93,4)
(48,9)
(64,4)
(95,9)
(77,12)
(25,18)
(83,3)
(47,18)
(41,9)
(67,10)
(97,5)
(76,10)
(63,11)
(33,1)
(55,7)
(21,10)
(16,6)
(27,7)
(40,0)
(62,9)
(56,10)
(80,16)
(93,18)
(37,15)
(20,1)
(38,12)
(32,0)
(71,2)
(56,7)
(51,2)
(92,13)
(96,14)
(31,4)
(87,1)
(77,15)
(14,5)
(93,0)
(48,3)
(83,15)
(24,9)
(30,2)
(48,7)
(10,11)
(77,1)
(58,16)
(16,0)
(20,2)
(55,0)
(13,3)
(43,7)
(92,12)
(13,18)
(91,5)
(57,4)
(44,1)
(44,0)
(61,0)
(41,6)
(57,7)
(52,1)
(85,18)
(24,8)
(18,9)
(81,11)
(78,9)
(37,14)
(46,3)
(59,17)
(63,4)
(86,0)
(84,10)
(73,10)
(100,15)
(67,9)
(21,9)
(91,3)
(83,12)
(41,9)
(96,5)
(68,2)
(18,19)
(19,7)
(34,6)
(62,9)
(94,17)
(51,12)
(33,0)
(72,2)
(99,8)
(75,13)
(83,18)
(23,1)
(59,0)
(81,11)
(13,5)
(24,12)
(31,3)
(51,6)
(95,15)
(14,2)
(90,17)
(34,0)
(97,14)
(21,3)
(48,2)
(54,14)
(13,15)
(43,1)
(68,16)
(11,13)
(32,17)
(70,1)
(96,0)
(42,15)
(69,8)
(74,10)
(77,0)
(25,4)
(84,7)
(69,18)
(54,15)
(73,0)
(89,7)
(39,8)
(71,10)
(49,12)
(85,4)
(74,17)
(88,9)
(30,0)
(91,5)
(46,4)
(65,4)
(91,15)
(100,3)
(36,8)
(88,8)
(50,3)
(48,12)
(34,5)
(63,3)
(59,10)
(19,10)
(70,9)
(59,11)
(86,13)
(87,11)
(101,14)
(49,10)
(99,1)
(86,14)
(25,12)
(84,2)
(51,16)
(66,2)
(19,5)
(26,14)
(70,1)
(82,1)
(94,12)
(28,17)
(42,19)
(14,14)
(38,1)
(61,0)
(43,11)
(92,5)
(96,14)
(99,13)
(35,7)
(15,19)
(10,19)
(67,11)
(47,1)
(65,2)
(101,3)
(18,6)
(70,0)
(44,5)
(50,2)
(24,3)
(92,5)
(32,15)
(68,3)
(64,1)
(10,1)
(67,0)
(35,7)
(32,2)
(49,2)
(21,2)
(79,16)
(11,3)
(78,19)
(58,5)
(21,11)
(15,4)
(20,2)
(45,1)
(19,0)
(64,3)
(51,19)
(76,0)
(37,15)
(17,8)
(69,17)
(55,6)
(24,15)
(101,7)
(34,5)
(86,17)
(39,13)
(79,17)
(13,5)
(78,8)
(13,13)
(61,13)
(18,2)
(75,1)
(46,10)
(93,16)
(31,1)
(54,12)
(25,14)
(58,3)
(78,12)
(29,16)
(56,0)
(86,17)
(20,0)
(36,13)
(96,16)
(78,16)
(98,13)
(79,4)
(101,3)
(92,7)
(28,1)
(29,13)
(55,12)
(16,12)
(20,11)
(28,2)
(67,16)
(34,9)
(35,13)
(84,6)
(93,6)
(96,4)
(11,7)
(96,11)
(88,13)
(27,11)
(39,15)
(76,7)
(63,1)
(67,13)
(79,3)
(75,12)
(50,1)
(61,7)
(93,7)
(62,3)
(31,8)
(79,17)
(19,3)
(15,12)
(58,4)
(80,4)
(84,8)
(40,16)
(28,6)
(83,0)
(33,16)
(47,0)
(31,18)
(40,5)
(86,3)
(76,7)
(29,9)
(78,1)
(79,4)
(92,3)
(59,0)
(11,3)
(68,9)
(87,1)
(100,5)
(17,5)
(52,7)
(82,6)
(88,1)
(63,2)
(84,17)
(47,0)
(51,0)
(81,14)
(56,2)
(89,15)
(29,10)
(46,12)
(16,18)
(45,3)
(42,11)
(77,0)
(49,0)
(100,7)
(97,4)
(99,18)
(43,16)
(41,0)
(21,12)
(30,7)
(17,7)
(75,3)
(92,3)
(16,11)
(101,1)
(77,2)
(89,18)
(95,17)
(81,7)
(22,8)
(33,9)
(24,0)
(91,4)
(98,2)
(56,19)
(87,15)
(21,15)
(91,0)
(45,14)
(66,10)
(24,3)
(97,3)
(56,2)
(47,16)
(90,14)
(51,2)
(39,1)
(66,12)
(90,19)
(43,18)
(33,4)
(92,5)
(56,10)
(50,6)
(35,13)
(27,9)
(77,2)
(94,4)
(51,18)
(85,3)
(56,15)
(101,2)
(100,6)
(46,12)
(69,1)
(15,6)
(47,11)
(44,13)
(20,4)
(80,19)
(44,4)
(94,8)
(95,12)
(54,5)
(94,7)
(83,17)
(94,14)
(18,0)
(41,3)
(41,6)
(11,15)
(79,8)
(99,4)
(85,4)
(91,0)
(34,8)
(76,9)
(88,15)
(58,15)
(93,14)
(18,16)
(80,10)
(14,3)
(15,7)
(43,16)
(58,12)
(56,11)
(37,10)
(54,10)
(19,18)
(26,0)
(22,2)
(77,11)
(99,0)
(35,17)
(39,1)
(99,12)
(90,0)
(82,19)
(14,10)
(12,9)
(34,3)
(30,0)
(14,8)
(93,11)
(44,1)
(61,13)
(45,2)
(90,5)
(34,15)
(69,4)
(31,4)
(14,15)
(96,19)
(27,10)
(57,8)
(69,4)
(56,4)
(81,3)
(42,10)
(50,0)
(83,9)
(20,1)
(77,0)
(81,0)
(95,8)
(35,0)
(24,11)
(17,4)
(70,13)
(84,6)
(60,2)
(76,6)
(49,17)
(23,4)
(66,19)
(51,9)
(21,7)
(39,15)
(39,9)
(71,2)
(102,14)
(98,18)
(16,11)
(85,1)
(90,8)
(31,3)
(28,16)
(30,3)
(56,8)
(63,6)
(24,14)
(88,0)
(77,0)
(93,14)
(35,3)
(65,6)
(52,0)
(17,5)
(77,14)
(30,9)
(81,6)
(44,8)
(67,3)
(96,1)
(26,3)
(47,2)
(13,8)
(34,19)
(59,6)
(27,17)
(44,2)
(44,6)
(69,9)
(19,15)
(96,12)
(92,4)
(92,9)
(91,3)
(36,6)
(30,19)
(42,4)
(70,1)
(79,15)
(47,1)
(58,3)
(85,1)
(87,7)
(37,4)
(59,12)
(18,15)
(56,4)
(48,8)
(69,0)
(53,1)
(67,0)
(84,6)
(76,17)
(85,14)
(27,15)
(51,9)
(86,17)
(56,1)
(29,16)
(17,2)
(74,4)
(37,3)
(73,7)
(53,14)
(32,0)
(73,0)
(72,3)
(82,10)
(95,7)
(73,9)
(37,7)
(46,2)
(32,9)
(98,16)
(62,10)
(54,11)
(61,19)
(101,9)
(44,2)
(64,14)
(46,17)
(40,19)
(16,0)
(57,5)
(91,14)
(45,3)
(26,2)
(77,0)
(86,3)
(87,14)
(89,4)
(33,5)
(49,10)
(70,16)
(30,3)
(70,13)
(28,2)
(12,12)
(93,1)
(78,5)
(16,2)
(13,9)
(46,17)
(83,1)
(48,4)
(99,13)
(78,19)
(87,1)
(23,1)
(68,0)
(69,7)
(30,19)
(80,8)
(81,7)
(42,14)
(12,17)
(32,13)
(48,2)
(85,0)
(26,0)
(64,19)
(74,4)
(64,8)
(31,8)
(52,14)
(16,13)
(99,16)
(12,17)
(31,13)
(10,12)
(49,17)
(59,5)
(101,18)
(20,8)
(51,11)
(32,16)
(82,1)
(66,17)
(14,2)
(80,16)
(65,9)
(71,4)
(14,0)
(82,15)
(95,2)
(10,12)
(59,14)
(102,13)
(43,11)
(32,8)
(60,16)
(44,1)
(56,9)
(42,17)
(101,3)
(99,5)
(23,11)
(38,8)
(31,8)
(27,1)
(101,14)
(74,4)
(70,15)
(98,5)
(60,12)
(62,15)
(57,6)
(40,10)
(24,15)
(74,11)
(89,18)
(95,18)
(101,2)
(10,16)
(64,9)
(52,5)
(57,7)
(21,12)
(85,6)
(88,0)
(11,4)
(55,0)
(79,17)
(10,9)
(56,13)
(56,10)
(72,19)
(48,15)
(77,1)
(31,9)
(47,14)
(101,10)
(99,19)
(33,3)
(30,10)
(11,12)
(61,15)
(96,8)
(83,2)
(18,5)
(49,1)
(84,3)
(63,11)
(54,10)
(76,3)
(59,4)
(40,15)
(65,4)
(75,16)
(44,14)
(59,11)
(70,4)
(59,2)
(80,0)
(92,18)
(88,2)
(30,2)
(22,3)
(51,6)
(97,15)
(78,0)
(61,18)
(23,16)
(40,3)
(99,0)
(19,0)
(82,14)
(56,12)
(37,4)
(47,1)
(39,2)
(12,7)
(74,14)
(87,4)
(102,17)
(49,3)
(20,7)
(56,15)
(16,6)
(83,16)
(55,1)
(10,7)
(69,10)
(45,19)
(91,14)
(101,19)
(13,4)
(86,12)
(42,19)
(40,1)
(102,5)
(21,18)
(87,4)
(83,6)
(51,1)
(54,12)
(45,3)
(24,6)
(51,7)
(28,2)
(50,3)
(71,14)
(79,0)
(79,18)
(75,16)
(65,2)
(76,6)
(65,13)
(48,0)
(97,0)
(24,10)
(68,2)
(29,1)
(102,0)
(36,9)
(50,10)
(44,13)
(67,10)
(76,4)
(96,16)
(42,8)
(58,5)
(15,5)
(68,3)
(102,3)
(76,6)
(86,9)
(53,15)
(80,12)
(83,11)
(91,5)
(68,14)
(67,4)
(18,10)
(66,3)
(33,4)
(63,12)
(12,16)
(33,0)
(18,18)
(60,16)
(51,14)
(45,11)
(69,2)
(71,16)
(71,1)
(78,0)
(47,13)
(30,12)
(62,0)
(101,7)
(33,4)
(75,3)
(84,2)
(93,6)
(16,17)
(66,2)
(58,4)
(50,4)
(76,8)
(37,16)
(73,2)
(57,5)
(73,3)
(83,1)
(98,4)
(49,9)
(84,8)
(13,5)
(70,2)
(53,0)
(20,4)
(86,4)
(53,2)
(24,1)
(22,10)
(35,6)
(67,10)
(37,0)
(99,19)
(22,4)
(93,0)
(32,1)
(31,1)
(31,17)
(33,14)
(85,9)
(56,6)
(96,1)
(93,7)
(41,2)
(96,16)
(68,16)
(25,1)
(62,11)
(43,4)
(27,13)
(17,1)
(98,13)
(84,0)
(76,1)
(14,10)
(25,1)
(75,1)
(17,0)
(11,9)
(10,15)
(16,14)
(81,11)
(29,14)
(14,4)
(67,3)
(59,9)
(25,0)
(46,0)
(77,3)
(98,11)
(64,2)
(25,1)
(65,2)
(55,7)
(95,17)
(99,4)
(98,16)
(79,16)
(99,12)
(12,17)
(86,3)
(81,7)
(21,3)
(14,7)
(17,17)
(24,18)
(85,15)
(97,15)
(78,2)
(23,0)
(60,15)
(67,2)
(31,2)
(97,1)
(56,4)
(13,1)
(64,12)
(85,11)
(21,0)
(77,0)
(89,15)
(24,9)
(67,1)
(98,2)
(17,0)
(16,11)
(27,7)
(43,7)
(85,16)
(74,17)
(97,13)
(80,10)
(10,8)
(94,8)
(101,4)
(99,9)
(63,8)
(92,0)
(55,1)
(39,16)
(52,5)
(28,15)
(51,1)
(83,5)
(48,0)
(68,1)
(28,1)
(40,0)
(26,4)
(101,10)
(81,1)
(57,14)
(17,0)
(98,3)
(18,9)
(95,11)
(23,13)
(50,7)
(82,17)
(91,15)
(33,2)
(27,5)
(40,14)
(102,8)
(45,16)
(31,17)
(15,3)
(33,0)
(96,18)
(11,4)
(33,9)
(78,10)
(12,15)
(102,2)
(91,14)
(45,8)
(52,7)
(85,17)
(38,1)
(56,8)
(98,8)
(47,11)
(16,18)
(47,4)
(34,2)
(44,7)
(70,17)
(28,7)
(19,0)
(40,0)
(87,3)
(97,7)
(102,4)
(64,18)
(38,19)

(42,0)
(41,1)
(41,2)
(42,3)
(40,4)
(41,5)
(42,6)
(40,7)
(42,8)
(42,9)
(41,10)
(41,11)
(42,12)
(40,13)
(41,14)
(42,15)
(40,16)
(40,17)
(41,18)
(42,19)
(85,0)
(35,8)
(73,6)
(71,10)
(48,0)
(31,2)
(40,19)
(28,5)
(27,1)
(70,6)
(60,3)
(15,9)
(97,4)
(86,2)
(47,3)
(32,0)
(93,6)
(51,19)
(26,13)
(72,15)
(38,9)
(36,3)
(51,3)
(59,6)
(76,9)
(43,9)
(92,14)
(62,15)
(10,0)
(86,0)
(15,8)
(28,1)
(73,1)
(75,17)
(92,11)
(92,5)
(57,10)
(18,18)
(84,7)
(70,4)
(39,5)
(10,18)
(14,1)
(18,10)
(81,0)
(80,15)
(72,6)
(64,6)
(18,4)
(10,9)
(58,0)
(98,11)
(43,0)
(77,9)
(85,6)
(26,5)
(51,5)
(66,7)
(95,0)
(44,14)
(68,1)
(39,3)
(43,12)
(88,1)
(96,10)
(72,7)
(36,4)
(66,15)
(71,11)
(58,8)
(11,13)
(31,1)
(23,0)
(44,4)
(70,1)
(54,3)
(87,15)
(58,2)
(23,7)
(36,11)
(11,19)
(65,0)
(40,8)
(91,4)
(55,14)
(57,19)
(91,0)
(30,14)
(25,7)
(59,10)
(70,17)
(93,4)
(12,0)
(23,10)
(24,13)
(69,19)
(38,7)
(96,14)
(18,11)
(81,18)
(17,2)
(75,2)
(58,16)
(30,19)
(67,13)
(39,7)
(67,19)
(42,10)
(49,0)
(63,9)
(47,4)
(42,2)
(55,19)
(14,0)
(61,2)
(45,2)
(56,8)
(27,4)
(84,0)
(49,5)
(57,9)
(68,8)
(20,8)
(45,3)
(53,2)
(74,16)
(24,12)
(78,7)
(78,1)
(73,0)
(80,8)
(20,1)
(51,0)
(26,4)
(86,12)
(39,13)
(33,6)
(53,6)
(42,10)
(44,0)
(44,0)
(66,6)
(10,4)
(87,13)
(66,17)
(74,18)
(66,2)
(14,3)
(66,4)
(58,2)
(68,0)
(71,13)
(91,11)
(13,1)
(52,9)
(71,5)
(28,13)
(73,13)
(91,17)
(43,3)
(84,2)
(58,2)
(19,3)
(20,12)
(85,14)
(80,0)
(33,0)
(73,1)
(102,17)
(102,4)
(58,7)
(14,13)
(73,14)
(11,8)
(92,11)
(38,7)
(40,1)
(34,2)
(65,1)
(33,10)
(18,4)
(19,5)
(23,12)
(76,19)
(50,0)
(31,2)
(33,5)
(16,1)
(32,6)
(97,4)
(63,14)
(46,7)
(67,14)
(87,0)
(45,18)
(39,3)
(66,7)
(38,18)
(102,0)
(72,8)
(91,4)
(89,17)
(92,4)
(79,13)
(24,6)
(66,4)
(100,15)
(86,3)
(89,10)
(98,8)
(17,7)
(22,7)
(35,9)
(32,0)
(37,17)
(42,12)
(87,10)
(47,6)
(14,6)
(51,15)
(75,3)
(45,0)
(94,1)
(29,7)
(84,3)
(50,3)
(76,0)
(20,16)
(65,17)
(24,3)
(51,2)
(18,7)
(44,19)
(22,5)
(94,5)
(42,18)
(78,8)
(99,4)
(10,2)
(100,15)
(10,13)
(85,7)
(41,17)
(91,14)
(56,8)
(31,4)
(94,3)
(40,4)
(63,19)
(75,3)
(100,12)
(78,1)
(50,8)
(56,12)
(79,11)
(27,10)
(35,4)
(95,14)
(96,8)
(17,1)
(48,9)
(75,1)
(66,15)
(98,1)
(95,4)
(73,10)
(99,5)
(101,19)
(71,5)
(75,4)
(11,6)
(57,0)
(23,2)
(12,0)
(67,0)
(87,1)
(10,14)
(20,5)
(71,1)
(40,8)
(12,7)
(33,8)
(81,17)
(75,5)
(20,0)
(31,0)
(77,6)
(36,10)
(69,13)
(11,8)
(82,17)
(37,1)
(93,14)
(57,3)
(50,12)
(64,10)
(80,1)
(70,6)
(65,6)
(63,10)
(50,2)
(52,2)
(87,13)
(69,4)
(81,14)
(65,13)
(26,1)
(61,11)
(38,8)
(95,1)
(62,8)
(18,8)
(46,8)
(80,4)
(95,3)
(33,10)
(45,1)
(22,1)
(83,18)
(33,0)
(70,14)
(79,2)
(40,1)
(78,5)
(28,1)
(79,4)
(25,2)
(26,4)
(44,13)
(23,0)
(33,12)
(34,1)
(71,3)
(29,9)
(86,15)
(98,17)
(68,16)
(33,4)
(57,7)
(63,2)
(37,1)
(100,3)
(11,1)
(35,0)
(49,0)
(88,8)
(23,2)
(33,17)
(59,15)
(82,1)
(25,0)
(40,7)
(13,9)
(51,16)
(84,0)
(29,3)
(22,2)
(70,18)
(56,5)
(102,3)
(66,4)
(88,15)
(16,1)
(40,6)
(99,0)
(10,0)
(95,6)
(101,15)
(18,0)
(59,3)
(54,5)
(16,16)
(34,17)
(59,5)
(12,16)
(38,19)
(30,14)
(16,1)
(86,3)
(14,12)
(93,6)
(96,2)
(68,8)
(91,14)
(58,14)
(47,6)
(40,5)
(93,4)
(31,13)
(44,19)
(95,8)
(76,14)
(52,2)
(98,11)
(85,10)
(32,15)
(60,17)
(98,11)
(21,4)
(34,3)
(38,4)
(89,19)
(17,8)
(102,12)
(83,0)
(16,5)
(39,7)
(94,1)
(40,17)
(74,6)
(92,13)
(25,16)
(30,16)
(94,14)
(71,9)
(55,8)
(26,2)
(73,7)
(43,4)
(19,16)
(39,5)
(30,17)
(48,5)
(61,3)
(82,11)
(83,10)
(79,6)
(90,9)
(94,18)
(63,8)
(88,6)
(90,6)
(40,17)
(85,3)
(43,6)
(31,3)
(25,10)
(80,5)
(102,2)
(29,12)
(30,9)
(79,13)
(41,16)
(87,0)
(74,8)
(48,18)
(96,0)
(34,3)
(32,1)
(76,4)
(93,11)
(49,2)
(13,2)
(78,4)
(21,17)
(10,3)
(21,7)
(75,18)
(95,11)
(34,13)
(102,18)
(49,7)
(37,3)
(85,2)
(34,2)
(76,0)
(34,0)
(57,14)
(96,19)
(68,4)
(94,6)
(87,8)
(48,19)
(80,13)
(80,11)
(37,18)
(84,1)
(27,6)
(72,16)
(25,3)
(54,0)
(28,16)
(99,17)
(64,3)
(26,8)
(98,17)
(37,1)
(57,4)
(48,3)
(22,8)
(28,9)
(59,8)
(63,5)
(74,7)
(62,19)
(85,0)
(39,3)
(93,18)
(77,1)
(22,17)
(83,9)
(72,4)
(70,7)
(99,12)
(77,8)
(62,0)
(32,5)
(59,4)
(17,13)
(101,19)
(62,6)
(16,9)
(66,0)
(62,6)
(12,10)
(60,3)
(58,16)
(72,10)
(51,16)
(57,17)
(40,4)
(46,0)
(97,13)
(60,13)
(72,5)
(77,13)
(72,7)
(58,5)
(78,2)
(80,4)
(46,4)
(92,0)
(101,6)
(98,6)
(93,13)
(76,10)
(15,14)
(89,13)
(36,9)
(54,13)
(16,15)
(82,4)
(69,4)
(41,3)
(72,19)
(11,2)
(25,16)
(33,13)
(76,11)
(65,19)
(82,19)
(91,13)
(91,14)
(37,0)
(17,3)
(82,3)
(59,9)
(91,18)
(93,0)
(24,0)
(87,19)
(96,10)
(77,2)
(77,13)
(63,14)
(57,0)
(54,11)
(15,16)
(26,9)
(32,0)
(99,16)
(44,15)
(93,7)
(91,9)
(37,0)
(31,19)
(91,17)
(71,13)
(38,1)
(54,14)
(72,3)
(65,0)
(90,5)
(45,3)
(84,13)
(96,3)
(71,15)
(39,3)
(66,1)
(17,8)
(72,5)
(101,8)
(43,2)
(52,10)
(45,17)
(61,4)
(49,6)
(32,11)
(66,2)
(85,4)
(49,7)
(77,7)
(20,17)
(76,3)
(66,14)
(64,19)
(67,2)
(102,17)
(69,12)
(57,7)
(90,14)
(74,13)
(44,6)
(52,12)
(77,10)
(73,1)
(27,4)
(21,18)
(63,1)
(70,4)
(86,2)
(24,18)
(79,14)
(31,18)
(82,9)
(80,9)
(84,0)
(43,4)
(77,19)
(35,18)
(100,10)
(17,0)
(43,17)
(50,0)
(50,14)
(88,16)
(10,17)
(52,1)
(31,8)
(78,0)
(11,13)
(40,14)
(63,9)
(19,5)
(80,0)
(59,15)
(20,10)
(44,19)
(59,5)
(62,1)
(64,12)
(37,3)
(95,0)
(27,8)
(47,11)
(25,4)
(71,6)
(23,2)
(10,3)
(60,8)
(40,16)
(87,0)
(49,8)
(36,7)
(100,6)
(58,1)
(55,18)
(63,10)
(17,10)
(89,15)
(62,16)
(85,3)
(95,3)
(24,18)
(55,6)
(98,17)
(79,8)
(36,1)
(53,2)
(21,15)
(17,3)
(67,13)
(81,4)
(99,1)
(57,15)
(90,7)
(46,6)
(96,11)
(42,16)
(58,14)
(46,8)
(74,19)
(59,17)
(57,0)
(20,12)
(29,2)
(41,3)
(92,3)
(24,0)
(51,18)
(28,4)
(79,8)
(64,6)
(58,7)
(94,0)
(13,14)
(22,2)
(86,9)
(38,2)
(13,7)
(94,10)
(21,7)
(83,19)
(19,1)
(62,9)
(60,0)
(71,18)
(43,6)
(87,2)
(68,2)
(12,3)
(35,6)
(101,11)
(35,18)
(49,0)
(90,16)
(82,7)
(66,2)
(80,11)
(16,0)
(84,2)
(82,10)
(101,5)
(88,4)
(27,2)
(15,11)
(69,9)
(92,1)
(31,10)
(37,6)
(64,6)
(46,1)
(72,12)
(66,3)
(64,19)
(13,2)
(102,9)
(20,17)
(65,3)
(75,15)
(80,17)
(21,6)
(36,15)
(14,0)
(38,6)
(36,14)
(73,3)
(54,9)
(57,10)
(42,6)
(57,3)
(21,3)
(62,6)
(56,9)
(46,8)
(97,16)
(33,1)
(24,19)
(51,17)
(29,9)
(100,11)
(26,16)
(99,11)
(43,9)
(62,9)
(23,2)
(57,8)
(13,7)
(58,19)
(13,3)
(92,17)
(52,16)
(73,3)
(72,2)
(42,1)
(11,10)
(47,2)
(52,1)
(51,12)
(60,1)
(54,4)
(38,1)
(46,1)
(46,12)
(19,12)
(53,7)
(16,6)
(82,1)
(43,19)
(41,3)
(46,0)
(17,4)
(22,2)
(58,9)
(42,7)
(32,11)
(55,4)
(55,19)
(35,8)
(21,1)
(42,0)
(36,2)
(92,0)
(26,7)
(78,7)
(30,10)
(94,2)
(44,1)
(89,16)
(94,8)
(86,7)
(47,2)
(92,0)
(66,9)
(72,17)
(10,5)
(79,17)
(48,0)
(16,0)
(35,0)
(41,12)
(20,11)
(58,0)
(74,15)
(20,6)
(97,7)
(54,19)
(101,16)
(100,11)
(94,0)
(29,17)
(51,5)
(64,12)
(73,3)
(33,5)
(100,0)
(61,16)
(82,14)
(78,7)
(78,10)
(47,7)
(68,3)
(21,7)
(46,17)
(49,16)
(52,6)
(14,6)
(26,2)
(39,10)
(73,2)
(14,3)
(27,5)
(28,0)
(79,0)
(99,2)
(92,13)
(66,17)
(17,8)
(20,9)
(60,11)
(18,8)
(61,6)
(70,19)
(97,0)
(45,17)
(98,1)
(100,17)
(28,1)
(15,1)
(97,5)
(19,5)
(20,15)
(64,16)
(50,14)
(45,17)
(48,8)
(48,3)
(63,2)
(84,0)
(27,13)
(33,11)
(21,13)
(61,0)
(31,14)
(79,0)
(31,6)
(47,6)
(68,0)
(92,8)
(54,8)
(69,8)
(78,11)
(14,18)
(44,8)
(55,10)
(39,14)
(59,5)
(11,9)
(85,0)
(100,8)
(20,10)
(96,8)
(55,18)
(46,4)
(75,13)
(11,12)
(45,16)
(28,13)
(19,10)
(66,3)
(19,3)
(39,2)
(22,8)
(81,16)
(89,12)
(85,13)
(22,11)
(53,8)
(83,3)
(35,13)
(77,0)
(86,10)
(101,1)
(16,9)
(34,1)
(30,3)
(77,2)
(33,4)
(15,17)
(63,0)
(21,7)
(60,1)
(77,14)
(29,18)
(73,0)
(86,18)
(70,7)
(71,10)
(64,12)
(78,7)
(64,19)
(98,13)
(68,2)
(82,0)
(10,7)
(59,2)
(90,18)
(21,5)
(70,0)
(90,15)
(51,16)
(40,13)
(36,14)
(22,7)
(36,11)
(68,11)
(73,1)
(35,5)
(31,11)
(84,6)
(29,14)
(40,7)
(70,0)
(96,12)
(91,11)
(74,1)
(69,16)
(30,7)
(58,0)
(34,10)
(17,3)
(65,2)
(94,3)
(29,1)
(91,13)
(11,2)
(77,0)
(70,2)
(60,16)
(55,4)
(40,1)
(96,5)
(67,7)
(82,4)
(97,12)
(12,4)
(54,6)
(47,12)
(49,13)
(84,3)
(79,13)
(75,0)
(74,18)
(76,3)
(36,4)
(40,2)
(53,16)
(53,5)
(98,1)
(90,15)
(19,11)
(45,18)
(66,12)
(38,12)
(83,3)
(12,15)
(51,12)
(47,0)
(51,0)
(90,6)
(67,2)
(25,6)
(48,14)
(69,0)
(74,19)
(70,1)
(16,1)
(95,15)
(22,4)
(34,5)
(74,13)
(48,1)
(43,15)
(62,0)
(77,17)
(44,16)
(50,14)
(44,7)
(97,17)
(69,10)
(79,4)
(80,12)
(83,9)
(83,1)
(11,0)
(24,18)
(73,1)
(19,7)
(18,5)
(75,3)
(14,7)
(81,1)
(15,12)
(52,0)
(13,11)
(20,10)
(32,1)
(94,15)
(39,5)
(88,2)
(15,7)
(25,7)
(38,12)
(71,5)
(65,2)
(90,15)
(87,13)
(101,0)
(32,11)
(29,6)
(32,13)
(12,0)
(22,1)
(27,5)
(60,12)
(73,13)
(92,4)
(32,8)
(46,14)
(54,2)
(79,3)
(80,7)
(24,7)
(39,12)
(18,1)
(63,2)
(21,13)
(48,11)
(47,9)
(21,6)
(70,1)
(69,3)
(56,9)
(51,12)
(86,2)
(54,0)
(35,2)
(70,15)
(77,19)
(41,8)
(87,16)
(95,2)
(37,0)
(19,3)
(10,17)
(53,6)
(35,3)
(80,6)
(72,0)
(32,13)
(83,0)
(64,4)
(20,2)
(86,16)
(47,6)
(80,15)
(19,5)
(101,16)
(45,5)
(51,8)
(38,6)
(60,8)
(35,1)
(70,8)
(19,15)
(48,6)
(69,9)
(78,0)
(35,19)
(83,19)
(53,0)
(94,16)
(18,15)
(29,3)
(64,9)
(17,10)
(54,10)
(37,1)
(57,15)
(41,1)
(34,0)
(82,5)
(60,18)
(12,1)
(30,9)
(48,18)
(97,9)
(21,14)
(17,2)
(38,10)
(30,9)
(89,9)
(19,16)
(58,19)
(33,9)
(10,16)
(85,8)
(56,1)
(93,15)
(101,0)
(40,19)
(26,6)
(96,6)
(87,8)
(102,1)
(54,0)
(81,15)
(24,2)
(50,19)
(100,1)
(77,12)
(18,11)
(98,1)
(56,5)
(80,3)
(78,5)
(88,14)
(26,10)
(81,14)
(45,6)
(71,13)
(88,3)
(35,5)
(17,6)
(13,7)
(43,3)
(69,6)
(60,11)
(41,4)
(55,19)
(43,6)
(35,1)
(12,6)
(63,17)
(102,9)
(74,5)
(45,16)
(24,1)
(24,8)
(46,5)
(39,14)
(34,4)
(102,19)
(89,1)
(29,6)
(81,17)
(19,0)
(16,17)
(60,14)
(82,15)
(92,15)
(93,6)
(81,6)
(29,15)
(18,17)
(94,0)
(24,10)
(59,5)
(47,6)
(60,1)
(89,5)
(13,17)
(90,10)
(77,1)
(20,0)
(51,8)
(91,2)
(52,2)
(98,3)
(85,3)
(42,10)
(23,4)
(21,7)
(50,5)
(14,15)
(97,2)
(91,9)
(58,9)
(54,4)
(17,4)
(25,0)
(85,7)
(90,12)
(49,6)
(35,5)
(25,11)
(80,3)
(39,16)
(77,8)
(19,1)
(47,16)
(34,17)
(36,12)
(10,12)
(94,1)
(99,2)
(33,18)
(13,10)
(47,10)
(64,3)
(25,2)
(84,6)
(65,6)
(19,1)
(20,2)
(29,0)
(52,1)
(37,15)
(70,11)
(45,10)
(28,1)
(10,2)
(79,3)
(71,15)
(31,5)
(97,4)
(14,2)
(58,12)
(91,19)
(85,1)
(48,15)
(88,14)
(36,1)
(55,12)
(30,19)
(72,0)
(16,2)
(90,15)
(99,15)
(93,17)
(54,13)
(50,1)
(62,1)
(70,19)
(43,0)
(49,1)
(79,0)
(27,1)
(54,0)
(66,1)
(93,4)
(48,9)
(64,4)
(95,9)
(77,12)
(25,18)
(83,3)
(47,18)
(41,9)
(67,10)
(97,5)
(76,10)
(63,11)
(33,1)
(55,7)
(21,10)
(16,6)
(27,7)
(40,0)
(62,9)
(56,10)
(80,16)
(93,18)
(37,15)
(20,1)
(38,12)
(32,0)
(71,2)
(56,7)
(51,2)
(92,13)
(96,14)
(31,4)
(87,1)
(77,15)
(14,5)
(93,0)
(48,3)
(83,15)
(24,9)
(30,2)
(48,7)
(10,11)
(77,1)
(58,16)
(16,0)
(20,2)
(55,0)
(13,3)
(43,7)
(92,12)
(13,18)
(91,5)
(57,4)
(44,1)
(44,0)
(61,0)
(41,6)
(57,7)
(52,1)
(85,18)
(24,8)
(18,9)
(81,11)
(78,9)
(37,14)
(46,3)
(59,17)
(63,4)
(86,0)
(84,10)
(73,10)
(100,15)
(67,9)
(21,9)
(91,3)
(83,12)
(41,9)
(96,5)
(68,2)
(18,19)
(19,7)
(34,6)
(62,9)
(94,17)
(51,12)
(33,0)
(72,2)
(99,8)
(75,13)
(83,18)
(23,1)
(59,0)
(81,11)
(13,5)
(24,12)
(31,3)
(51,6)
(95,15)
(14,2)
(90,17)
(34,0)
(97,14)
(21,3)
(48,2)
(54,14)
(13,15)
(43,1)
(68,16)
(11,13)
(32,17)
(70,1)
(96,0)
(42,15)
(69,8)
(74,10)
(77,0)
(25,4)
(84,7)
(69,18)
(54,15)
(73,0)
(89,7)
(39,8)
(71,10)
(49,12)
(85,4)
(74,17)
(88,9)
(30,0)
(91,5)
(46,4)
(65,4)
(91,15)
(100,3)
(36,8)
(88,8)
(50,3)
(48,12)
(34,5)
(63,3)
(59,10)
(19,10)
(70,9)
(59,11)
(86,13)
(87,11)
(101,14)
(49,10)
(99,1)
(86,14)
(25,12)
(84,2)
(51,16)
(66,2)
(19,5)
(26,14)
(70,1)
(82,1)
(94,12)
(28,17)
(42,19)
(14,14)
(38,1)
(61,0)
(43,11)
(92,5)
(96,14)
(99,13)
(35,7)
(15,19)
(10,19)
(67,11)
(47,1)
(65,2)
(101,3)
(18,6)
(70,0)
(44,5)
(50,2)
(24,3)
(92,5)
(32,15)
(68,3)
(64,1)
(10,1)
(67,0)
(35,7)
(32,2)
(49,2)
(21,2)
(79,16)
(11,3)
(78,19)
(58,5)
(21,11)
(15,4)
(20,2)
(45,1)
(19,0)
(64,3)
(51,19)
(76,0)
(37,15)
(17,8)
(69,17)
(55,6)
(24,15)
(101,7)
(34,5)
(86,17)
(39,13)
(79,17)
(13,5)
(78,8)
(13,13)
(61,13)
(18,2)
(75,1)
(46,10)
(93,16)
(31,1)
(54,12)
(25,14)
(58,3)
(78,12)
(29,16)
(56,0)
(86,17)
(20,0)
(36,13)
(96,16)
(78,16)
(98,13)
(79,4)
(101,3)
(92,7)
(28,1)
(29,13)
(55,12)
(16,12)
(20,11)
(28,2)
(67,16)
(34,9)
(35,13)
(84,6)
(93,6)
(96,4)
(11,7)
(96,11)
(88,13)
(27,11)
(39,15)
(76,7)
(63,1)
(67,13)
(79,3)
(75,12)
(50,1)
(61,7)
(93,7)
(62,3)
(31,8)
(79,17)
(19,3)
(15,12)
(58,4)
(80,4)
(84,8)
(40,16)
(28,6)
(83,0)
(33,16)
(47,0)
(31,18)
(40,5)
(86,3)
(76,7)
(29,9)
(78,1)
(79,4)
(92,3)
(59,0)
(11,3)
(68,9)
(87,1)
(100,5)
(17,5)
(52,7)
(82,6)
(88,1)
(63,2)
(84,17)
(47,0)
(51,0)
(81,14)
(56,2)
(89,15)
(29,10)
(46,12)
(16,18)
(45,3)
(42,11)
(77,0)
(49,0)
(100,7)
(97,4)
(99,18)
(43,16)
(41,0)
(21,12)
(30,7)
(17,7)
(75,3)
(92,3)
(16,11)
(101,1)
(77,2)
(89,18)
(95,17)
(81,7)
(22,8)
(33,9)
(24,0)
(91,4)
(98,2)
(56,19)
(87,15)
(21,15)
(91,0)
(45,14)
(66,10)
(24,3)
(97,3)
(56,2)
(47,16)
(90,14)
(51,2)
(39,1)
(66,12)
(90,19)
(43,18)
(33,4)
(92,5)
(56,10)
(50,6)
(35,13)
(27,9)
(77,2)
(94,4)
(51,18)
(85,3)
(56,15)
(101,2)
(100,6)
(46,12)
(69,1)
(15,6)
(47,11)
(44,13)
(20,4)
(80,19)
(44,4)
(94,8)
(95,12)
(54,5)
(94,7)
(83,17)
(94,14)
(18,0)
(41,3)
(41,6)
(11,15)
(79,8)
(99,4)
(85,4)
(91,0)
(34,8)
(76,9)
(88,15)
(58,15)
(93,14)
(18,16)
(80,10)
(14,3)
(15,7)
(43,16)
(58,12)
(56,11)
(37,10)
(54,10)
(19,18)
(26,0)
(22,2)
(77,11)
(99,0)
(35,17)
(39,1)
(99,12)
(90,0)
(82,19)
(14,10)
(12,9)
(34,3)
(30,0)
(14,8)
(93,11)
(44,1)
(61,13)
(45,2)
(90,5)
(34,15)
(69,4)
(31,4)
(14,15)
(96,19)
(27,10)
(57,8)
(69,4)
(56,4)
(81,3)
(42,10)
(50,0)
(83,9)
(20,1)
(77,0)
(81,0)
(95,8)
(35,0)
(24,11)
(17,4)
(70,13)
(84,6)
(60,2)
(76,6)
(49,17)
(23,4)
(66,19)
(51,9)
(21,7)
(39,15)
(39,9)
(71,2)
(102,14)
(98,18)
(16,11)
(85,1)
(90,8)
(31,3)
(28,16)
(30,3)
(56,8)
(63,6)
(24,14)
(88,0)
(77,0)
(93,14)
(35,3)
(65,6)
(52,0)
(17,5)
(77,14)
(30,9)
(81,6)
(44,8)
(67,3)
(96,1)
(26,3)
(47,2)
(13,8)
(34,19)
(59,6)
(27,17)
(44,2)
(44,6)
(69,9)
(19,15)
(96,12)
(92,4)
(92,9)
(91,3)
(36,6)
(30,19)
(42,4)
(70,1)
(79,15)
(47,1)
(58,3)
(85,1)
(87,7)
(37,4)
(59,12)
(18,15)
(56,4)
(48,8)
(69,0)
(53,1)
(67,0)
(84,6)
(76,17)
(85,14)
(27,15)
(51,9)
(86,17)
(56,1)
(29,16)
(17,2)
(74,4)
(37,3)
(73,7)
(53,14)
(32,0)
(73,0)
(72,3)
(82,10)
(95,7)
(73,9)
(37,7)
(46,2)
(32,9)
(98,16)
(62,10)
(54,11)
(61,19)
(101,9)
(44,2)
(64,14)
(46,17)
(40,19)
(16,0)
(57,5)
(91,14)
(45,3)
(26,2)
(77,0)
(86,3)
(87,14)
(89,4)
(33,5)
(49,10)
(70,16)
(30,3)
(70,13)
(28,2)
(12,12)
(93,1)
(78,5)
(16,2)
(13,9)
(46,17)
(83,1)
(48,4)
(99,13)
(78,19)
(87,1)
(23,1)
(68,0)
(69,7)
(30,19)
(80,8)
(81,7)
(42,14)
(12,17)
(32,13)
(48,2)
(85,0)
(26,0)
(64,19)
(74,4)
(64,8)
(31,8)
(52,14)
(16,13)
(99,16)
(12,17)
(31,13)
(10,12)
(49,17)
(59,5)
(101,18)
(20,8)
(51,11)
(32,16)
(82,1)
(66,17)
(14,2)
(80,16)
(65,9)
(71,4)
(14,0)
(82,15)
(95,2)
(10,12)
(59,14)
(102,13)
(43,11)
(32,8)
(60,16)
(44,1)
(56,9)
(42,17)
(101,3)
(99,5)
(23,11)
(38,8)
(31,8)
(27,1)
(101,14)
(74,4)
(70,15)
(98,5)
(60,12)
(62,15)
(57,6)
(40,10)
(24,15)
(74,11)
(89,18)
(95,18)
(101,2)
(10,16)
(64,9)
(52,5)
(57,7)
(21,12)
(85,6)
(88,0)
(11,4)
(55,0)
(79,17)
(10,9)
(56,13)
(56,10)
(72,19)
(48,15)
(77,1)
(31,9)
(47,14)
(101,10)
(99,19)
(33,3)
(30,10)
(11,12)
(61,15)
(96,8)
(83,2)
(18,5)
(49,1)
(84,3)
(63,11)
(54,10)
(76,3)
(59,4)
(40,15)
(65,4)
(75,16)
(44,14)
(59,11)
(70,4)
(59,2)
(80,0)
(92,18)
(88,2)
(30,2)
(22,3)
(51,6)
(97,15)
(78,0)
(61,18)
(23,16)
(40,3)
(99,0)
(19,0)
(82,14)
(56,12)
(37,4)
(47,1)
(39,2)
(12,7)
(74,14)
(87,4)
(102,17)
(49,3)
(20,7)
(56,15)
(16,6)
(83,16)
(55,1)
(10,7)
(69,10)
(45,19)
(91,14)
(101,19)
(13,4)
(86,12)
(42,19)
(40,1)
(102,5)
(21,18)
(87,4)
(83,6)
(51,1)
(54,12)
(45,3)
(24,6)
(51,7)
(28,2)
(50,3)
(71,14)
(79,0)
(79,18)
(75,16)
(65,2)
(76,6)
(65,13)
(48,0)
(97,0)
(24,10)
(68,2)
(29,1)
(102,0)
(36,9)
(50,10)
(44,13)
(67,10)
(76,4)
(96,16)
(42,8)
(58,5)
(15,5)
(68,3)
(102,3)
(76,6)
(86,9)
(53,15)
(80,12)
(83,11)
(91,5)
(68,14)
(67,4)
(18,10)
(66,3)
(33,4)
(63,12)
(12,16)
(33,0)
(18,18)
(60,16)
(51,14)
(45,11)
(69,2)
(71,16)
(71,1)
(78,0)
(47,13)
(30,12)
(62,0)
(101,7)
(33,4)
(75,3)
(84,2)
(93,6)
(16,17)
(66,2)
(58,4)
(50,4)
(76,8)
(37,16)
(73,2)
(57,5)
(73,3)
(83,1)
(98,4)
(49,9)
(84,8)
(13,5)
(70,2)
(53,0)
(20,4)
(86,4)
(53,2)
(24,1)
(22,10)
(35,6)
(67,10)
(37,0)
(99,19)
(22,4)
(93,0)
(32,1)
(31,1)
(31,17)
(33,14)
(85,9)
(56,6)
(96,1)
(93,7)
(41,2)
(96,16)
(68,16)
(25,1)
(62,11)
(43,4)
(27,13)
(17,1)
(98,13)
(84,0)
(76,1)
(14,10)
(25,1)
(75,1)
(17,0)
(11,9)
(10,15)
(16,14)
(81,11)
(29,14)
(14,4)
(67,3)
(59,9)
(25,0)
(46,0)
(77,3)
(98,11)
(64,2)
(25,1)
(65,2)
(55,7)
(95,17)
(99,4)
(98,16)
(79,16)
(99,12)
(12,17)
(86,3)
(81,7)
(21,3)
(14,7)
(17,17)
(24,18)
(85,15)
(97,15)
(78,2)
(23,0)
(60,15)
(67,2)
(31,2)
(97,1)
(56,4)
(13,1)
(64,12)
(85,11)
(21,0)
(77,0)
(89,15)
(24,9)
(67,1)
(98,2)
(17,0)
(16,11)
(27,7)
(43,7)
(85,16)
(74,17)
(97,13)
(80,10)
(10,8)
(94,8)
(101,4)
(99,9)
(63,8)
(92,0)
(55,1)
(39,16)
(52,5)
(28,15)
(51,1)
(83,5)
(48,0)
(68,1)
(28,1)
(40,0)
(26,4)
(101,10)
(81,1)
(57,14)
(17,0)
(98,3)
(18,9)
(95,11)
(23,13)
(50,7)
(82,17)
(91,15)
(33,2)
(27,5)
(40,14)
(102,8)
(45,16)
(31,17)
(15,3)
(33,0)
(96,18)
(11,4)
(33,9)
(78,10)
(12,15)
(102,2)
(91,14)
(45,8)
(52,7)
(85,17)
(38,1)
(56,8)
(98,8)
(47,11)
(16,18)
(47,4)
(34,2)
(44,7)
(70,17)
(28,7)
(19,0)
(40,0)
(87,3)
(97,7)
(102,4)
(64,18)
(38,19)
0.popular= 0.095556
1.popular= 0.080889
2.popular= 0.069778
3.popular= 0.069333
4.popular= 0.062222
5.popular= 0.044889
6.popular= 0.051111
7.popular= 0.051111
8.popular= 0.048444
9.popular= 0.044444
10.popular= 0.043111
11.popular= 0.036000
12.popular= 0.037778
13.popular= 0.039556
14.popular= 0.040889
15.popular= 0.041778
16.popular= 0.039556
17.popular= 0.041333
18.popular= 0.028444
19.popular= 0.033778

peer 0 neighbors is: 43, 62, 69, 17, 46, 29, 37, 12, 58, 41, 
peer 1 neighbors is: 37, 57, 86, 63, 16, 77, 46, 44, 97, 98, 2, 23, 39, 
peer 2 neighbors is: 73, 94, 80, 9, 16, 8, 43, 81, 1, 60, 7, 28, 36, 39, 
peer 3 neighbors is: 42, 36, 7, 90, 53, 35, 25, 32, 51, 34, 15, 38, 
peer 4 neighbors is: 74, 20, 102, 23, 44, 37, 46, 95, 80, 83, 13, 
peer 5 neighbors is: 57, 37, 63, 84, 96, 72, 38, 89, 70, 68, 7, 40, 
peer 6 neighbors is: 84, 67, 68, 73, 43, 27, 97, 91, 7, 60, 14, 21, 22, 26, 
peer 7 neighbors is: 3, 6, 83, 96, 59, 2, 5, 78, 101, 81, 8, 10, 16, 30, 93, 
peer 8 neighbors is: 2, 20, 45, 79, 62, 83, 91, 57, 60, 7, 31, 
peer 9 neighbors is: 2, 82, 99, 32, 38, 57, 40, 34, 49, 53, 30, 42, 
peer 10 neighbors is: 20, 56, 37, 94, 19, 7, 44, 88, 86, 23, 28, 31, 36, 
peer 11 neighbors is: 62, 67, 72, 16, 91, 75, 33, 37, 39, 58, 12, 41, 
peer 12 neighbors is: 0, 70, 59, 11, 15, 67, 58, 37, 49, 102, 26, 
peer 13 neighbors is: 66, 4, 48, 89, 33, 45, 83, 14, 81, 41, 17, 25, 26, 
peer 14 neighbors is: 13, 50, 43, 97, 40, 98, 18, 6, 82, 94, 21, 37, 38, 
peer 15 neighbors is: 12, 3, 61, 66, 16, 46, 47, 85, 35, 68, 17, 
peer 16 neighbors is: 1, 2, 11, 15, 42, 88, 78, 73, 7, 27, 26, 34, 
peer 17 neighbors is: 0, 86, 15, 97, 68, 87, 60, 94, 30, 13, 24, 26, 
peer 18 neighbors is: 14, 33, 99, 89, 73, 39, 68, 80, 48, 72, 19, 
peer 19 neighbors is: 10, 79, 32, 71, 40, 58, 69, 27, 91, 18, 25, 29, 
peer 20 neighbors is: 4, 8, 10, 83, 32, 85, 54, 69, 28, 74, 27, 38, 
peer 21 neighbors is: 73, 100, 65, 40, 98, 37, 79, 6, 24, 14, 35, 42, 
peer 22 neighbors is: 85, 35, 98, 54, 6, 52, 34, 49, 80, 23, 29, 
peer 23 neighbors is: 4, 10, 22, 27, 59, 101, 89, 67, 1, 41, 38, 
peer 24 neighbors is: 21, 99, 79, 57, 41, 38, 17, 45, 87, 50, 
peer 25 neighbors is: 3, 27, 61, 35, 19, 13, 46, 94, 49, 36, 
peer 26 neighbors is: 49, 16, 94, 13, 30, 17, 87, 12, 62, 6, 
peer 27 neighbors is: 6, 16, 19, 23, 25, 62, 83, 56, 44, 20, 30, 31, 34, 36, 
peer 28 neighbors is: 20, 53, 86, 69, 59, 10, 2, 52, 66, 84, 34, 92, 
peer 29 neighbors is: 0, 89, 59, 52, 80, 19, 22, 49, 53, 63, 42, 
peer 30 neighbors is: 17, 26, 64, 27, 82, 9, 31, 55, 73, 7, 
peer 31 neighbors is: 30, 8, 88, 102, 32, 77, 61, 97, 27, 10, 42, 
peer 32 neighbors is: 3, 9, 19, 20, 31, 73, 40, 74, 88, 90, 
peer 33 neighbors is: 11, 13, 18, 81, 98, 46, 60, 69, 65, 80, 42, 
peer 34 neighbors is: 3, 9, 22, 101, 94, 36, 27, 16, 28, 35, 
peer 35 neighbors is: 3, 15, 22, 25, 34, 47, 44, 41, 102, 21, 39, 
peer 36 neighbors is: 3, 25, 34, 82, 10, 2, 60, 27, 72, 47, 
peer 37 neighbors is: 0, 1, 4, 5, 10, 11, 12, 21, 40, 14, 38, 41, 
peer 38 neighbors is: 5, 9, 24, 23, 14, 20, 3, 37, 71, 44, 
peer 39 neighbors is: 11, 18, 2, 35, 98, 73, 96, 78, 74, 1, 
peer 40 neighbors is: 9, 14, 19, 21, 32, 37, 5, 70, 72, 54, 42, 
peer 41 neighbors is: 0, 13, 23, 24, 35, 75, 11, 69, 37, 81, 
peer 42 neighbors is: 3, 16, 40, 21, 9, 31, 33, 80, 29, 91, 
peer 43 neighbors is: 0, 2, 6, 14, 
peer 44 neighbors is: 1, 4, 10, 27, 35, 38, 100, 
peer 45 neighbors is: 8, 13, 24, 
peer 46 neighbors is: 0, 1, 4, 15, 25, 33, 
peer 47 neighbors is: 15, 35, 36, 
peer 48 neighbors is: 13, 18, 
peer 49 neighbors is: 9, 12, 22, 25, 26, 29, 
peer 50 neighbors is: 14, 24, 
peer 51 neighbors is: 3, 93, 76, 
peer 52 neighbors is: 22, 28, 29, 
peer 53 neighbors is: 3, 9, 28, 29, 
peer 54 neighbors is: 20, 22, 40, 
peer 55 neighbors is: 30, 83, 
peer 56 neighbors is: 10, 27, 
peer 57 neighbors is: 1, 5, 8, 9, 24, 
peer 58 neighbors is: 0, 11, 12, 19, 
peer 59 neighbors is: 7, 12, 23, 28, 29, 
peer 60 neighbors is: 2, 6, 8, 17, 33, 36, 
peer 61 neighbors is: 15, 25, 31, 76, 
peer 62 neighbors is: 0, 8, 11, 26, 27, 
peer 63 neighbors is: 1, 5, 29, 
peer 64 neighbors is: 30, 99, 
peer 65 neighbors is: 21, 33, 
peer 66 neighbors is: 13, 15, 28, 
peer 67 neighbors is: 6, 11, 12, 23, 
peer 68 neighbors is: 5, 6, 15, 17, 18, 
peer 69 neighbors is: 0, 19, 20, 28, 33, 41, 
peer 70 neighbors is: 5, 12, 40, 
peer 71 neighbors is: 19, 38, 
peer 72 neighbors is: 5, 11, 18, 36, 40, 
peer 73 neighbors is: 2, 6, 16, 18, 21, 30, 32, 39, 
peer 74 neighbors is: 4, 20, 32, 39, 
peer 75 neighbors is: 11, 41, 
peer 76 neighbors is: 61, 51, 
peer 77 neighbors is: 1, 31, 
peer 78 neighbors is: 7, 16, 39, 
peer 79 neighbors is: 8, 19, 21, 24, 
peer 80 neighbors is: 2, 4, 18, 22, 29, 33, 42, 
peer 81 neighbors is: 2, 7, 13, 33, 41, 
peer 82 neighbors is: 9, 14, 30, 36, 
peer 83 neighbors is: 4, 7, 8, 13, 20, 27, 55, 
peer 84 neighbors is: 5, 6, 28, 
peer 85 neighbors is: 15, 20, 22, 
peer 86 neighbors is: 1, 10, 17, 28, 92, 
peer 87 neighbors is: 17, 24, 26, 
peer 88 neighbors is: 10, 16, 31, 32, 
peer 89 neighbors is: 5, 13, 18, 23, 29, 
peer 90 neighbors is: 3, 32, 
peer 91 neighbors is: 6, 8, 11, 19, 42, 95, 
peer 92 neighbors is: 86, 28, 
peer 93 neighbors is: 51, 7, 
peer 94 neighbors is: 2, 10, 14, 17, 25, 26, 34, 
peer 95 neighbors is: 4, 91, 
peer 96 neighbors is: 5, 7, 39, 
peer 97 neighbors is: 1, 6, 14, 17, 31, 
peer 98 neighbors is: 1, 14, 21, 22, 33, 39, 
peer 99 neighbors is: 9, 18, 24, 64, 
peer 100 neighbors is: 21, 44, 
peer 101 neighbors is: 7, 23, 34, 
peer 102 neighbors is: 4, 12, 31, 35, 

