103 Users
20 Files
1500 Transactions
7 Maximum Connections
1 Cycle Length per Upload-Download
750 Warm-up Transactions
0.400000 Zipf constant
3 Pre-Trusted Users
63 Well-Behaved (Good) Users
35 Purely Malicious Users
0 Feedback Skewing Users
0 Malignant Providing Users
5 Disguised Malicous Users
0 Sybil Attack Users
true Intelligent Trans. Generation
1474142824117 Trace Generation Seed

(0.000000,0.000000,1,false)
(0.000000,0.000000,1,false)
(0.000000,0.000000,1,false)
(0.000000,0.000000,1,false)
(0.000000,0.000000,1,false)
(0.000000,0.000000,1,false)
(0.000000,0.000000,1,false)
(0.000000,0.000000,1,false)
(0.000000,0.000000,1,false)
(0.000000,0.000000,1,false)
(0.000000,0.000000,1,false)
(0.000000,0.000000,1,false)
(0.000000,0.000000,1,false)
(0.000000,0.000000,1,false)
(0.000000,0.000000,1,false)
(0.000000,0.000000,1,false)
(0.000000,0.000000,1,false)
(0.000000,0.000000,1,false)
(0.000000,0.000000,1,false)
(0.000000,0.000000,1,false)
(0.000000,0.000000,1,false)
(0.000000,0.000000,1,false)
(0.000000,0.000000,1,false)
(0.000000,0.000000,1,false)
(0.000000,0.000000,1,false)
(0.000000,0.000000,1,false)
(0.000000,0.000000,1,false)
(0.000000,0.000000,1,false)
(0.000000,0.000000,1,false)
(0.000000,0.000000,1,false)
(0.000000,0.000000,1,false)
(0.000000,0.000000,1,false)
(0.000000,0.000000,1,false)
(0.000000,0.000000,1,false)
(0.000000,0.000000,1,false)
(1.000000,0.000000,4,false)
(1.000000,0.000000,4,false)
(1.000000,0.000000,4,false)
(1.000000,0.000000,4,false)
(1.000000,0.000000,4,false)
(1.000000,1.000000,0,true)
(1.000000,1.000000,0,true)
(1.000000,1.000000,0,true)
(1.000000,1.000000,0,false)
(1.000000,1.000000,0,false)
(1.000000,1.000000,0,false)
(1.000000,1.000000,0,false)
(1.000000,1.000000,0,false)
(1.000000,1.000000,0,false)
(1.000000,1.000000,0,false)
(1.000000,1.000000,0,false)
(1.000000,1.000000,0,false)
(1.000000,1.000000,0,false)
(1.000000,1.000000,0,false)
(1.000000,1.000000,0,false)
(1.000000,1.000000,0,false)
(1.000000,1.000000,0,false)
(1.000000,1.000000,0,false)
(1.000000,1.000000,0,false)
(1.000000,1.000000,0,false)
(1.000000,1.000000,0,false)
(1.000000,1.000000,0,false)
(1.000000,1.000000,0,false)
(1.000000,1.000000,0,false)
(1.000000,1.000000,0,false)
(1.000000,1.000000,0,false)
(1.000000,1.000000,0,false)
(1.000000,1.000000,0,false)
(1.000000,1.000000,0,false)
(1.000000,1.000000,0,false)
(1.000000,1.000000,0,false)
(1.000000,1.000000,0,false)
(1.000000,1.000000,0,false)
(1.000000,1.000000,0,false)
(1.000000,1.000000,0,false)
(1.000000,1.000000,0,false)
(1.000000,1.000000,0,false)
(1.000000,1.000000,0,false)
(1.000000,1.000000,0,false)
(1.000000,1.000000,0,false)
(1.000000,1.000000,0,false)
(1.000000,1.000000,0,false)
(1.000000,1.000000,0,false)
(1.000000,1.000000,0,false)
(1.000000,1.000000,0,false)
(1.000000,1.000000,0,false)
(1.000000,1.000000,0,false)
(1.000000,1.000000,0,false)
(1.000000,1.000000,0,false)
(1.000000,1.000000,0,false)
(1.000000,1.000000,0,false)
(1.000000,1.000000,0,false)
(1.000000,1.000000,0,false)
(1.000000,1.000000,0,false)
(1.000000,1.000000,0,false)
(1.000000,1.000000,0,false)
(1.000000,1.000000,0,false)
(1.000000,1.000000,0,false)
(1.000000,1.000000,0,false)
(1.000000,1.000000,0,false)
(1.000000,1.000000,0,false)
(1.000000,1.000000,0,false)
(1.000000,1.000000,0,false)

(35,0,true)
(36,0,true)
(37,0,true)
(38,0,true)
(39,0,true)
(0,0,false)
(1,0,false)
(2,0,false)
(3,0,false)
(4,0,false)
(5,0,false)
(6,0,false)
(7,0,false)
(8,0,false)
(9,0,false)
(10,0,false)
(11,0,false)
(12,0,false)
(13,0,false)
(14,0,false)
(15,0,false)
(16,0,false)
(17,0,false)
(18,0,false)
(19,0,false)
(20,0,false)
(21,0,false)
(22,0,false)
(23,0,false)
(24,0,false)
(25,0,false)
(26,0,false)
(27,0,false)
(28,0,false)
(29,0,false)
(30,0,false)
(31,0,false)
(32,0,false)
(33,0,false)
(34,0,false)
(40,0,true)
(94,0,true)
(41,0,true)
(42,0,true)
(44,0,true)
(45,0,true)
(50,0,true)
(52,0,true)
(53,0,true)
(54,0,true)
(55,0,true)
(56,0,true)
(57,0,true)
(58,0,true)
(59,0,true)
(60,0,true)
(61,0,true)
(62,0,true)
(63,0,true)
(64,0,true)
(66,0,true)
(68,0,true)
(69,0,true)
(70,0,true)
(73,0,true)
(74,0,true)
(75,0,true)
(76,0,true)
(77,0,true)
(78,0,true)
(79,0,true)
(80,0,true)
(81,0,true)
(82,0,true)
(83,0,true)
(84,0,true)
(86,0,true)
(87,0,true)
(88,0,true)
(90,0,true)
(91,0,true)
(92,0,true)
(93,0,true)
(95,0,true)
(96,0,true)
(98,0,true)
(99,0,true)
(100,0,true)
(102,0,true)
(35,1,true)
(36,1,true)
(37,1,true)
(38,1,true)
(39,1,true)
(0,1,false)
(1,1,false)
(2,1,false)
(3,1,false)
(4,1,false)
(5,1,false)
(6,1,false)
(7,1,false)
(8,1,false)
(9,1,false)
(10,1,false)
(11,1,false)
(12,1,false)
(13,1,false)
(14,1,false)
(15,1,false)
(16,1,false)
(17,1,false)
(18,1,false)
(19,1,false)
(20,1,false)
(21,1,false)
(22,1,false)
(23,1,false)
(24,1,false)
(25,1,false)
(26,1,false)
(27,1,false)
(28,1,false)
(29,1,false)
(30,1,false)
(31,1,false)
(32,1,false)
(33,1,false)
(34,1,false)
(41,1,true)
(75,1,true)
(40,1,true)
(49,1,true)
(65,1,true)
(67,1,true)
(70,1,true)
(71,1,true)
(73,1,true)
(77,1,true)
(79,1,true)
(83,1,true)
(88,1,true)
(97,1,true)
(99,1,true)
(101,1,true)
(35,2,true)
(36,2,true)
(37,2,true)
(38,2,true)
(39,2,true)
(0,2,false)
(1,2,false)
(2,2,false)
(3,2,false)
(4,2,false)
(5,2,false)
(6,2,false)
(7,2,false)
(8,2,false)
(9,2,false)
(10,2,false)
(11,2,false)
(12,2,false)
(13,2,false)
(14,2,false)
(15,2,false)
(16,2,false)
(17,2,false)
(18,2,false)
(19,2,false)
(20,2,false)
(21,2,false)
(22,2,false)
(23,2,false)
(24,2,false)
(25,2,false)
(26,2,false)
(27,2,false)
(28,2,false)
(29,2,false)
(30,2,false)
(31,2,false)
(32,2,false)
(33,2,false)
(34,2,false)
(42,2,true)
(63,2,true)
(46,2,true)
(61,2,true)
(66,2,true)
(67,2,true)
(71,2,true)
(74,2,true)
(76,2,true)
(80,2,true)
(82,2,true)
(84,2,true)
(86,2,true)
(89,2,true)
(94,2,true)
(98,2,true)
(101,2,true)
(35,3,true)
(36,3,true)
(37,3,true)
(38,3,true)
(39,3,true)
(0,3,false)
(1,3,false)
(2,3,false)
(3,3,false)
(4,3,false)
(5,3,false)
(6,3,false)
(7,3,false)
(8,3,false)
(9,3,false)
(10,3,false)
(11,3,false)
(12,3,false)
(13,3,false)
(14,3,false)
(15,3,false)
(16,3,false)
(17,3,false)
(18,3,false)
(19,3,false)
(20,3,false)
(21,3,false)
(22,3,false)
(23,3,false)
(24,3,false)
(25,3,false)
(26,3,false)
(27,3,false)
(28,3,false)
(29,3,false)
(30,3,false)
(31,3,false)
(32,3,false)
(33,3,false)
(34,3,false)
(43,3,true)
(90,3,true)
(47,3,true)
(69,3,true)
(91,3,true)
(97,3,true)
(35,4,true)
(36,4,true)
(37,4,true)
(38,4,true)
(39,4,true)
(0,4,false)
(1,4,false)
(2,4,false)
(3,4,false)
(4,4,false)
(5,4,false)
(6,4,false)
(7,4,false)
(8,4,false)
(9,4,false)
(10,4,false)
(11,4,false)
(12,4,false)
(13,4,false)
(14,4,false)
(15,4,false)
(16,4,false)
(17,4,false)
(18,4,false)
(19,4,false)
(20,4,false)
(21,4,false)
(22,4,false)
(23,4,false)
(24,4,false)
(25,4,false)
(26,4,false)
(27,4,false)
(28,4,false)
(29,4,false)
(30,4,false)
(31,4,false)
(32,4,false)
(33,4,false)
(34,4,false)
(44,4,true)
(87,4,true)
(60,4,true)
(81,4,true)
(35,5,true)
(36,5,true)
(37,5,true)
(38,5,true)
(39,5,true)
(0,5,false)
(1,5,false)
(2,5,false)
(3,5,false)
(4,5,false)
(5,5,false)
(6,5,false)
(7,5,false)
(8,5,false)
(9,5,false)
(10,5,false)
(11,5,false)
(12,5,false)
(13,5,false)
(14,5,false)
(15,5,false)
(16,5,false)
(17,5,false)
(18,5,false)
(19,5,false)
(20,5,false)
(21,5,false)
(22,5,false)
(23,5,false)
(24,5,false)
(25,5,false)
(26,5,false)
(27,5,false)
(28,5,false)
(29,5,false)
(30,5,false)
(31,5,false)
(32,5,false)
(33,5,false)
(34,5,false)
(45,5,true)
(65,5,true)
(96,5,true)
(102,5,true)
(35,6,true)
(36,6,true)
(37,6,true)
(38,6,true)
(39,6,true)
(0,6,false)
(1,6,false)
(2,6,false)
(3,6,false)
(4,6,false)
(5,6,false)
(6,6,false)
(7,6,false)
(8,6,false)
(9,6,false)
(10,6,false)
(11,6,false)
(12,6,false)
(13,6,false)
(14,6,false)
(15,6,false)
(16,6,false)
(17,6,false)
(18,6,false)
(19,6,false)
(20,6,false)
(21,6,false)
(22,6,false)
(23,6,false)
(24,6,false)
(25,6,false)
(26,6,false)
(27,6,false)
(28,6,false)
(29,6,false)
(30,6,false)
(31,6,false)
(32,6,false)
(33,6,false)
(34,6,false)
(46,6,true)
(72,6,true)
(35,7,true)
(36,7,true)
(37,7,true)
(38,7,true)
(39,7,true)
(0,7,false)
(1,7,false)
(2,7,false)
(3,7,false)
(4,7,false)
(5,7,false)
(6,7,false)
(7,7,false)
(8,7,false)
(9,7,false)
(10,7,false)
(11,7,false)
(12,7,false)
(13,7,false)
(14,7,false)
(15,7,false)
(16,7,false)
(17,7,false)
(18,7,false)
(19,7,false)
(20,7,false)
(21,7,false)
(22,7,false)
(23,7,false)
(24,7,false)
(25,7,false)
(26,7,false)
(27,7,false)
(28,7,false)
(29,7,false)
(30,7,false)
(31,7,false)
(32,7,false)
(33,7,false)
(34,7,false)
(47,7,true)
(64,7,true)
(35,8,true)
(36,8,true)
(37,8,true)
(38,8,true)
(39,8,true)
(0,8,false)
(1,8,false)
(2,8,false)
(3,8,false)
(4,8,false)
(5,8,false)
(6,8,false)
(7,8,false)
(8,8,false)
(9,8,false)
(10,8,false)
(11,8,false)
(12,8,false)
(13,8,false)
(14,8,false)
(15,8,false)
(16,8,false)
(17,8,false)
(18,8,false)
(19,8,false)
(20,8,false)
(21,8,false)
(22,8,false)
(23,8,false)
(24,8,false)
(25,8,false)
(26,8,false)
(27,8,false)
(28,8,false)
(29,8,false)
(30,8,false)
(31,8,false)
(32,8,false)
(33,8,false)
(34,8,false)
(48,8,true)
(78,8,true)
(35,9,true)
(36,9,true)
(37,9,true)
(38,9,true)
(39,9,true)
(0,9,false)
(1,9,false)
(2,9,false)
(3,9,false)
(4,9,false)
(5,9,false)
(6,9,false)
(7,9,false)
(8,9,false)
(9,9,false)
(10,9,false)
(11,9,false)
(12,9,false)
(13,9,false)
(14,9,false)
(15,9,false)
(16,9,false)
(17,9,false)
(18,9,false)
(19,9,false)
(20,9,false)
(21,9,false)
(22,9,false)
(23,9,false)
(24,9,false)
(25,9,false)
(26,9,false)
(27,9,false)
(28,9,false)
(29,9,false)
(30,9,false)
(31,9,false)
(32,9,false)
(33,9,false)
(34,9,false)
(49,9,true)
(62,9,true)
(35,10,true)
(36,10,true)
(37,10,true)
(38,10,true)
(39,10,true)
(0,10,false)
(1,10,false)
(2,10,false)
(3,10,false)
(4,10,false)
(5,10,false)
(6,10,false)
(7,10,false)
(8,10,false)
(9,10,false)
(10,10,false)
(11,10,false)
(12,10,false)
(13,10,false)
(14,10,false)
(15,10,false)
(16,10,false)
(17,10,false)
(18,10,false)
(19,10,false)
(20,10,false)
(21,10,false)
(22,10,false)
(23,10,false)
(24,10,false)
(25,10,false)
(26,10,false)
(27,10,false)
(28,10,false)
(29,10,false)
(30,10,false)
(31,10,false)
(32,10,false)
(33,10,false)
(34,10,false)
(50,10,true)
(51,10,true)
(43,10,true)
(35,11,true)
(36,11,true)
(37,11,true)
(38,11,true)
(39,11,true)
(0,11,false)
(1,11,false)
(2,11,false)
(3,11,false)
(4,11,false)
(5,11,false)
(6,11,false)
(7,11,false)
(8,11,false)
(9,11,false)
(10,11,false)
(11,11,false)
(12,11,false)
(13,11,false)
(14,11,false)
(15,11,false)
(16,11,false)
(17,11,false)
(18,11,false)
(19,11,false)
(20,11,false)
(21,11,false)
(22,11,false)
(23,11,false)
(24,11,false)
(25,11,false)
(26,11,false)
(27,11,false)
(28,11,false)
(29,11,false)
(30,11,false)
(31,11,false)
(32,11,false)
(33,11,false)
(34,11,false)
(51,11,true)
(100,11,true)
(35,12,true)
(36,12,true)
(37,12,true)
(38,12,true)
(39,12,true)
(0,12,false)
(1,12,false)
(2,12,false)
(3,12,false)
(4,12,false)
(5,12,false)
(6,12,false)
(7,12,false)
(8,12,false)
(9,12,false)
(10,12,false)
(11,12,false)
(12,12,false)
(13,12,false)
(14,12,false)
(15,12,false)
(16,12,false)
(17,12,false)
(18,12,false)
(19,12,false)
(20,12,false)
(21,12,false)
(22,12,false)
(23,12,false)
(24,12,false)
(25,12,false)
(26,12,false)
(27,12,false)
(28,12,false)
(29,12,false)
(30,12,false)
(31,12,false)
(32,12,false)
(33,12,false)
(34,12,false)
(52,12,true)
(72,12,true)
(35,13,true)
(36,13,true)
(37,13,true)
(38,13,true)
(39,13,true)
(0,13,false)
(1,13,false)
(2,13,false)
(3,13,false)
(4,13,false)
(5,13,false)
(6,13,false)
(7,13,false)
(8,13,false)
(9,13,false)
(10,13,false)
(11,13,false)
(12,13,false)
(13,13,false)
(14,13,false)
(15,13,false)
(16,13,false)
(17,13,false)
(18,13,false)
(19,13,false)
(20,13,false)
(21,13,false)
(22,13,false)
(23,13,false)
(24,13,false)
(25,13,false)
(26,13,false)
(27,13,false)
(28,13,false)
(29,13,false)
(30,13,false)
(31,13,false)
(32,13,false)
(33,13,false)
(34,13,false)
(53,13,true)
(93,13,true)
(35,14,true)
(36,14,true)
(37,14,true)
(38,14,true)
(39,14,true)
(0,14,false)
(1,14,false)
(2,14,false)
(3,14,false)
(4,14,false)
(5,14,false)
(6,14,false)
(7,14,false)
(8,14,false)
(9,14,false)
(10,14,false)
(11,14,false)
(12,14,false)
(13,14,false)
(14,14,false)
(15,14,false)
(16,14,false)
(17,14,false)
(18,14,false)
(19,14,false)
(20,14,false)
(21,14,false)
(22,14,false)
(23,14,false)
(24,14,false)
(25,14,false)
(26,14,false)
(27,14,false)
(28,14,false)
(29,14,false)
(30,14,false)
(31,14,false)
(32,14,false)
(33,14,false)
(34,14,false)
(54,14,true)
(68,14,true)
(35,15,true)
(36,15,true)
(37,15,true)
(38,15,true)
(39,15,true)
(0,15,false)
(1,15,false)
(2,15,false)
(3,15,false)
(4,15,false)
(5,15,false)
(6,15,false)
(7,15,false)
(8,15,false)
(9,15,false)
(10,15,false)
(11,15,false)
(12,15,false)
(13,15,false)
(14,15,false)
(15,15,false)
(16,15,false)
(17,15,false)
(18,15,false)
(19,15,false)
(20,15,false)
(21,15,false)
(22,15,false)
(23,15,false)
(24,15,false)
(25,15,false)
(26,15,false)
(27,15,false)
(28,15,false)
(29,15,false)
(30,15,false)
(31,15,false)
(32,15,false)
(33,15,false)
(34,15,false)
(55,15,true)
(92,15,true)
(35,16,true)
(36,16,true)
(37,16,true)
(38,16,true)
(39,16,true)
(0,16,false)
(1,16,false)
(2,16,false)
(3,16,false)
(4,16,false)
(5,16,false)
(6,16,false)
(7,16,false)
(8,16,false)
(9,16,false)
(10,16,false)
(11,16,false)
(12,16,false)
(13,16,false)
(14,16,false)
(15,16,false)
(16,16,false)
(17,16,false)
(18,16,false)
(19,16,false)
(20,16,false)
(21,16,false)
(22,16,false)
(23,16,false)
(24,16,false)
(25,16,false)
(26,16,false)
(27,16,false)
(28,16,false)
(29,16,false)
(30,16,false)
(31,16,false)
(32,16,false)
(33,16,false)
(34,16,false)
(56,16,true)
(85,16,true)
(35,17,true)
(36,17,true)
(37,17,true)
(38,17,true)
(39,17,true)
(0,17,false)
(1,17,false)
(2,17,false)
(3,17,false)
(4,17,false)
(5,17,false)
(6,17,false)
(7,17,false)
(8,17,false)
(9,17,false)
(10,17,false)
(11,17,false)
(12,17,false)
(13,17,false)
(14,17,false)
(15,17,false)
(16,17,false)
(17,17,false)
(18,17,false)
(19,17,false)
(20,17,false)
(21,17,false)
(22,17,false)
(23,17,false)
(24,17,false)
(25,17,false)
(26,17,false)
(27,17,false)
(28,17,false)
(29,17,false)
(30,17,false)
(31,17,false)
(32,17,false)
(33,17,false)
(34,17,false)
(57,17,true)
(95,17,true)
(89,17,true)
(35,18,true)
(36,18,true)
(37,18,true)
(38,18,true)
(39,18,true)
(0,18,false)
(1,18,false)
(2,18,false)
(3,18,false)
(4,18,false)
(5,18,false)
(6,18,false)
(7,18,false)
(8,18,false)
(9,18,false)
(10,18,false)
(11,18,false)
(12,18,false)
(13,18,false)
(14,18,false)
(15,18,false)
(16,18,false)
(17,18,false)
(18,18,false)
(19,18,false)
(20,18,false)
(21,18,false)
(22,18,false)
(23,18,false)
(24,18,false)
(25,18,false)
(26,18,false)
(27,18,false)
(28,18,false)
(29,18,false)
(30,18,false)
(31,18,false)
(32,18,false)
(33,18,false)
(34,18,false)
(58,18,true)
(85,18,true)
(35,19,true)
(36,19,true)
(37,19,true)
(38,19,true)
(39,19,true)
(0,19,false)
(1,19,false)
(2,19,false)
(3,19,false)
(4,19,false)
(5,19,false)
(6,19,false)
(7,19,false)
(8,19,false)
(9,19,false)
(10,19,false)
(11,19,false)
(12,19,false)
(13,19,false)
(14,19,false)
(15,19,false)
(16,19,false)
(17,19,false)
(18,19,false)
(19,19,false)
(20,19,false)
(21,19,false)
(22,19,false)
(23,19,false)
(24,19,false)
(25,19,false)
(26,19,false)
(27,19,false)
(28,19,false)
(29,19,false)
(30,19,false)
(31,19,false)
(32,19,false)
(33,19,false)
(34,19,false)
(59,19,true)
(48,19,true)

0,-1,-1,-1,-1,-1,-1,-1,-1,-1,-1,-1,-1,-1,-1,-1,-1,1,-1,-1,-1,1,-1,-1,-1,-1,-1,-1,-1,1,-1,-1,-1,-1,-1,1,1,-1,-1,-1,-1,-1,-1,-1,-1,-1,-1,-1,-1,-1,-1,-1,-1,-1,-1,-1,-1,-1,-1,-1,-1,-1,-1,-1,-1,-1,-1,-1,-1,1,-1,-1,-1,-1,-1,-1,1,-1,-1,-1,-1,-1,-1,1,-1,-1,-1,1,-1,-1,-1,-1,-1,1,-1,-1,-1,-1,-1,-1,1,-1,-1,
-1,0,-1,-1,-1,-1,-1,1,-1,-1,-1,-1,1,-1,-1,-1,-1,-1,-1,1,-1,-1,-1,1,-1,-1,-1,-1,1,-1,-1,1,-1,-1,-1,-1,-1,-1,-1,-1,-1,1,1,-1,1,-1,-1,-1,-1,-1,-1,-1,-1,1,-1,-1,-1,-1,-1,-1,1,-1,-1,-1,-1,-1,-1,-1,-1,-1,-1,-1,-1,-1,-1,-1,-1,1,-1,1,-1,-1,-1,-1,-1,-1,-1,-1,-1,-1,-1,-1,-1,-1,-1,-1,-1,1,-1,-1,-1,-1,-1,
-1,-1,0,-1,-1,-1,-1,-1,-1,-1,-1,-1,-1,-1,-1,-1,-1,-1,-1,-1,-1,-1,1,-1,-1,-1,1,-1,-1,-1,-1,-1,-1,1,-1,-1,1,-1,-1,-1,-1,-1,-1,-1,-1,-1,-1,-1,-1,-1,-1,-1,1,-1,-1,-1,-1,-1,-1,-1,-1,-1,-1,-1,-1,-1,-1,-1,-1,-1,-1,-1,1,-1,-1,1,-1,-1,-1,-1,-1,-1,-1,-1,-1,-1,-1,-1,-1,-1,-1,1,-1,-1,-1,1,-1,-1,-1,1,1,-1,-1,
-1,-1,-1,0,-1,-1,-1,-1,-1,-1,-1,-1,-1,-1,-1,-1,-1,1,1,1,-1,1,-1,-1,-1,-1,-1,1,-1,-1,-1,1,-1,-1,-1,-1,1,-1,-1,-1,-1,-1,-1,-1,-1,-1,-1,-1,-1,-1,-1,-1,-1,-1,-1,-1,1,-1,-1,-1,-1,-1,1,-1,-1,-1,-1,-1,-1,-1,-1,-1,-1,-1,-1,-1,-1,-1,-1,-1,-1,-1,-1,1,-1,-1,1,-1,-1,-1,-1,-1,-1,-1,-1,-1,-1,-1,-1,1,-1,-1,-1,
-1,-1,-1,-1,0,1,1,-1,-1,-1,-1,-1,-1,-1,-1,-1,1,-1,-1,-1,-1,-1,-1,-1,-1,-1,-1,1,-1,1,-1,-1,-1,1,-1,-1,-1,1,-1,-1,-1,-1,1,-1,-1,-1,-1,-1,-1,-1,1,-1,-1,-1,-1,1,-1,-1,-1,-1,-1,-1,-1,-1,-1,-1,-1,-1,-1,-1,-1,-1,-1,-1,1,-1,-1,-1,-1,-1,-1,-1,-1,-1,1,-1,-1,-1,-1,-1,-1,-1,-1,-1,-1,1,-1,-1,-1,-1,-1,-1,-1,
-1,-1,-1,-1,1,0,-1,-1,1,-1,-1,-1,1,1,-1,-1,-1,-1,-1,-1,-1,-1,1,1,-1,-1,-1,-1,-1,-1,1,-1,-1,-1,-1,1,-1,-1,-1,-1,-1,-1,-1,-1,1,-1,-1,-1,-1,-1,-1,1,-1,-1,-1,-1,-1,-1,-1,-1,-1,-1,-1,-1,-1,-1,-1,-1,-1,-1,-1,-1,-1,-1,-1,-1,-1,-1,-1,-1,-1,-1,-1,-1,1,-1,-1,-1,1,-1,-1,-1,-1,-1,1,-1,-1,-1,-1,-1,-1,-1,-1,
-1,-1,-1,-1,1,-1,0,-1,-1,-1,-1,1,-1,-1,-1,-1,-1,-1,1,-1,-1,-1,-1,-1,-1,-1,-1,-1,-1,-1,-1,-1,-1,-1,-1,-1,1,-1,-1,-1,1,-1,-1,-1,-1,-1,-1,-1,-1,-1,-1,-1,-1,-1,-1,-1,-1,-1,-1,-1,-1,-1,-1,-1,-1,1,-1,1,-1,-1,-1,-1,-1,-1,1,-1,-1,-1,-1,-1,-1,-1,-1,-1,-1,1,1,-1,-1,-1,-1,-1,-1,-1,-1,-1,-1,1,-1,-1,-1,-1,-1,
-1,1,-1,-1,-1,-1,-1,0,-1,-1,-1,1,-1,-1,-1,-1,1,-1,1,-1,-1,-1,1,-1,1,-1,-1,-1,-1,-1,-1,-1,1,-1,-1,1,-1,-1,-1,1,-1,1,1,-1,-1,1,-1,-1,-1,-1,-1,-1,1,-1,-1,-1,-1,-1,-1,-1,-1,-1,-1,-1,-1,-1,-1,1,-1,-1,-1,-1,-1,-1,-1,-1,-1,-1,-1,-1,-1,-1,-1,-1,-1,-1,-1,-1,-1,-1,-1,-1,-1,-1,-1,-1,-1,1,-1,-1,-1,-1,-1,
-1,-1,-1,-1,-1,1,-1,-1,0,-1,-1,-1,1,-1,-1,-1,-1,-1,-1,-1,-1,-1,-1,1,-1,1,1,-1,1,-1,-1,-1,-1,-1,-1,-1,-1,-1,-1,-1,-1,1,-1,-1,-1,-1,-1,1,-1,1,-1,-1,-1,-1,-1,-1,-1,-1,-1,-1,-1,-1,-1,-1,-1,-1,-1,-1,-1,-1,-1,-1,-1,-1,-1,-1,-1,-1,-1,-1,-1,-1,-1,-1,-1,1,-1,-1,-1,-1,-1,-1,1,-1,-1,-1,1,-1,-1,-1,-1,-1,-1,
-1,-1,-1,-1,-1,-1,-1,-1,-1,0,-1,-1,-1,-1,-1,-1,-1,-1,-1,-1,-1,-1,1,-1,1,-1,1,-1,-1,-1,-1,-1,-1,-1,-1,-1,-1,-1,1,1,-1,-1,-1,-1,-1,1,-1,-1,-1,-1,-1,1,-1,-1,-1,-1,-1,-1,-1,-1,-1,-1,-1,1,-1,1,-1,1,-1,-1,-1,-1,-1,-1,-1,-1,-1,-1,-1,-1,-1,-1,-1,-1,-1,-1,-1,-1,-1,-1,-1,-1,-1,-1,-1,-1,1,-1,1,-1,-1,-1,-1,
-1,-1,-1,-1,-1,-1,-1,-1,-1,-1,0,-1,-1,1,-1,-1,-1,-1,-1,-1,1,1,-1,-1,-1,-1,-1,1,-1,-1,1,-1,-1,1,-1,-1,-1,1,-1,1,1,-1,-1,-1,-1,-1,-1,-1,-1,-1,-1,1,-1,-1,-1,-1,-1,-1,-1,-1,-1,-1,-1,-1,-1,-1,1,-1,-1,-1,-1,-1,-1,-1,-1,-1,-1,-1,-1,-1,-1,-1,-1,1,-1,-1,-1,1,-1,-1,-1,-1,-1,-1,-1,1,-1,-1,-1,-1,1,-1,-1,
-1,-1,-1,-1,-1,-1,1,1,-1,-1,-1,0,-1,-1,-1,-1,-1,-1,-1,-1,1,-1,1,-1,-1,-1,-1,-1,-1,-1,-1,-1,-1,-1,1,-1,-1,-1,-1,-1,-1,-1,-1,-1,-1,-1,-1,-1,1,-1,-1,-1,-1,-1,-1,1,-1,1,-1,-1,-1,-1,-1,-1,-1,-1,-1,-1,-1,-1,-1,1,-1,-1,-1,-1,-1,1,-1,-1,-1,-1,-1,-1,-1,-1,-1,1,-1,-1,-1,-1,-1,-1,-1,-1,-1,-1,-1,-1,1,-1,-1,
-1,1,-1,-1,-1,1,-1,-1,1,-1,-1,-1,0,1,-1,-1,-1,1,-1,-1,-1,-1,-1,-1,-1,-1,-1,-1,-1,-1,-1,-1,1,-1,-1,-1,-1,-1,-1,1,-1,-1,-1,-1,-1,-1,-1,-1,-1,-1,-1,-1,-1,-1,-1,-1,1,-1,-1,1,-1,-1,-1,-1,1,1,-1,-1,-1,-1,-1,-1,-1,-1,-1,-1,-1,1,-1,-1,-1,-1,-1,-1,-1,-1,-1,-1,-1,-1,-1,-1,-1,-1,-1,-1,-1,-1,-1,-1,-1,-1,-1,
-1,-1,-1,-1,-1,1,-1,-1,-1,-1,1,-1,1,0,1,-1,-1,1,-1,-1,-1,-1,-1,-1,-1,-1,-1,1,-1,-1,-1,-1,-1,-1,-1,-1,-1,1,-1,-1,-1,-1,-1,-1,-1,-1,-1,-1,-1,-1,-1,-1,-1,-1,-1,-1,1,-1,-1,-1,-1,-1,-1,-1,-1,-1,-1,1,-1,-1,-1,1,-1,-1,-1,-1,-1,-1,-1,-1,-1,-1,-1,-1,-1,-1,-1,-1,-1,-1,-1,-1,-1,-1,-1,-1,-1,-1,1,-1,1,-1,1,
-1,-1,-1,-1,-1,-1,-1,-1,-1,-1,-1,-1,-1,1,0,-1,-1,-1,-1,-1,-1,-1,1,1,1,-1,-1,-1,-1,-1,-1,1,-1,-1,1,-1,-1,-1,1,-1,-1,-1,-1,-1,-1,-1,-1,-1,-1,-1,-1,-1,-1,-1,-1,-1,-1,-1,-1,-1,-1,-1,-1,-1,-1,-1,-1,-1,1,-1,1,-1,-1,-1,1,-1,-1,-1,-1,-1,-1,-1,-1,-1,-1,-1,-1,-1,-1,-1,-1,-1,-1,-1,-1,-1,1,-1,1,-1,-1,1,-1,
-1,-1,-1,-1,-1,-1,-1,-1,-1,-1,-1,-1,-1,-1,-1,0,1,-1,-1,-1,-1,-1,-1,-1,-1,1,-1,-1,-1,-1,-1,-1,-1,-1,-1,-1,1,-1,-1,-1,-1,-1,1,-1,-1,-1,1,-1,1,-1,-1,-1,-1,-1,-1,-1,-1,-1,-1,-1,-1,-1,1,-1,-1,-1,-1,-1,-1,-1,-1,-1,-1,-1,-1,-1,-1,-1,-1,-1,-1,-1,1,-1,-1,-1,-1,-1,-1,-1,1,-1,-1,1,-1,-1,-1,-1,1,-1,-1,-1,1,
-1,-1,-1,-1,1,-1,-1,1,-1,-1,-1,-1,-1,-1,-1,1,0,-1,-1,-1,-1,-1,-1,-1,-1,-1,1,-1,-1,-1,-1,-1,-1,-1,-1,-1,-1,-1,1,-1,1,-1,-1,-1,-1,-1,-1,1,-1,1,-1,1,-1,-1,-1,-1,-1,-1,-1,-1,-1,-1,-1,-1,-1,-1,-1,-1,-1,-1,-1,-1,-1,-1,-1,-1,-1,-1,-1,1,-1,-1,-1,-1,-1,-1,-1,-1,1,-1,-1,-1,-1,-1,-1,-1,-1,-1,-1,-1,-1,-1,1,
1,-1,-1,1,-1,-1,-1,-1,-1,-1,-1,-1,1,1,-1,-1,-1,0,-1,-1,-1,-1,-1,-1,-1,1,-1,-1,-1,1,-1,-1,-1,-1,-1,-1,-1,-1,-1,-1,-1,-1,-1,-1,-1,-1,-1,-1,-1,1,-1,-1,-1,-1,-1,-1,-1,-1,-1,-1,-1,-1,-1,-1,-1,-1,-1,-1,-1,-1,-1,-1,-1,-1,-1,-1,-1,-1,-1,1,1,-1,-1,-1,-1,-1,-1,1,-1,-1,-1,-1,-1,-1,-1,-1,-1,-1,-1,-1,-1,1,-1,
-1,-1,-1,1,-1,-1,1,1,-1,-1,-1,-1,-1,-1,-1,-1,-1,-1,0,-1,-1,-1,-1,-1,1,-1,-1,-1,-1,-1,-1,-1,-1,-1,-1,1,-1,-1,-1,-1,-1,1,-1,-1,-1,-1,-1,1,-1,-1,-1,-1,-1,-1,-1,-1,-1,-1,-1,-1,-1,-1,-1,-1,-1,-1,1,-1,-1,-1,-1,-1,1,-1,-1,-1,-1,-1,-1,-1,-1,-1,-1,-1,-1,1,-1,-1,-1,-1,-1,-1,-1,-1,-1,-1,-1,-1,-1,-1,-1,-1,-1,
-1,1,-1,1,-1,-1,-1,-1,-1,-1,-1,-1,-1,-1,-1,-1,-1,-1,-1,0,-1,-1,-1,-1,-1,-1,-1,-1,-1,1,1,-1,-1,-1,1,-1,-1,-1,1,-1,-1,-1,-1,1,-1,-1,-1,-1,-1,-1,-1,-1,1,-1,-1,-1,-1,1,-1,-1,-1,-1,-1,-1,-1,-1,-1,-1,-1,-1,-1,-1,-1,-1,-1,-1,-1,-1,-1,-1,-1,-1,-1,1,-1,-1,1,-1,-1,-1,-1,-1,-1,-1,-1,-1,-1,-1,-1,-1,-1,-1,-1,
-1,-1,-1,-1,-1,-1,-1,-1,-1,-1,1,1,-1,-1,-1,-1,-1,-1,-1,-1,0,-1,-1,-1,-1,-1,1,-1,-1,-1,-1,-1,-1,-1,-1,-1,-1,-1,-1,-1,-1,-1,1,-1,-1,1,-1,-1,-1,-1,-1,-1,-1,-1,-1,-1,-1,-1,-1,-1,-1,-1,-1,-1,1,1,-1,-1,-1,-1,-1,-1,-1,-1,1,1,-1,-1,-1,-1,1,-1,-1,-1,-1,-1,-1,-1,-1,1,-1,-1,-1,1,-1,-1,-1,-1,-1,-1,-1,-1,-1,
1,-1,-1,1,-1,-1,-1,-1,-1,-1,1,-1,-1,-1,-1,-1,-1,-1,-1,-1,-1,0,-1,1,-1,-1,-1,-1,-1,-1,-1,-1,-1,-1,-1,-1,-1,-1,-1,-1,-1,-1,-1,-1,-1,-1,-1,-1,-1,-1,-1,-1,1,-1,-1,1,-1,-1,-1,-1,-1,-1,-1,-1,-1,-1,-1,-1,1,-1,-1,1,-1,-1,-1,-1,-1,-1,-1,-1,-1,-1,1,-1,-1,-1,1,-1,-1,-1,-1,-1,-1,-1,-1,-1,-1,-1,-1,-1,-1,-1,-1,
-1,-1,1,-1,-1,1,-1,1,-1,1,-1,1,-1,-1,1,-1,-1,-1,-1,-1,-1,-1,0,-1,-1,-1,-1,-1,-1,-1,-1,-1,-1,-1,-1,-1,-1,1,-1,-1,1,-1,-1,-1,-1,-1,-1,-1,-1,-1,-1,-1,1,1,-1,-1,-1,-1,-1,-1,-1,-1,-1,-1,-1,-1,-1,-1,-1,-1,-1,-1,-1,-1,1,-1,-1,-1,-1,-1,-1,-1,-1,-1,-1,-1,-1,-1,-1,-1,-1,-1,-1,-1,-1,-1,-1,-1,-1,1,-1,-1,-1,
-1,1,-1,-1,-1,1,-1,-1,1,-1,-1,-1,-1,-1,1,-1,-1,-1,-1,-1,-1,1,-1,0,-1,-1,-1,-1,-1,-1,-1,-1,1,-1,-1,-1,-1,-1,-1,-1,-1,-1,-1,-1,-1,-1,-1,1,-1,-1,-1,-1,-1,-1,-1,-1,-1,-1,-1,-1,1,-1,-1,-1,-1,1,-1,-1,-1,-1,-1,-1,-1,-1,-1,-1,1,-1,-1,-1,-1,-1,-1,1,-1,-1,-1,-1,-1,-1,-1,-1,-1,-1,-1,-1,-1,-1,-1,-1,-1,-1,-1,
-1,-1,-1,-1,-1,-1,-1,1,-1,1,-1,-1,-1,-1,1,-1,-1,-1,1,-1,-1,-1,-1,-1,0,-1,-1,-1,-1,-1,-1,-1,1,-1,1,-1,-1,-1,-1,-1,-1,-1,1,1,-1,-1,-1,-1,-1,-1,-1,-1,-1,-1,-1,-1,1,-1,1,-1,-1,1,-1,-1,-1,-1,-1,-1,-1,-1,-1,-1,-1,1,-1,-1,-1,-1,-1,-1,1,-1,-1,-1,-1,-1,-1,-1,-1,1,-1,-1,-1,-1,-1,-1,-1,-1,-1,-1,-1,-1,-1,
-1,-1,-1,-1,-1,-1,-1,-1,1,-1,-1,-1,-1,-1,-1,1,-1,1,-1,-1,-1,-1,-1,-1,-1,0,-1,-1,-1,-1,-1,-1,1,-1,-1,-1,-1,-1,-1,-1,-1,1,-1,-1,-1,1,-1,-1,-1,-1,1,-1,-1,-1,-1,-1,-1,-1,-1,1,-1,-1,-1,-1,-1,-1,-1,-1,-1,1,-1,-1,1,-1,-1,-1,-1,1,-1,-1,-1,-1,-1,-1,-1,-1,-1,-1,-1,-1,-1,-1,-1,1,-1,-1,-1,-1,-1,-1,-1,-1,-1,
-1,-1,1,-1,-1,-1,-1,-1,1,1,-1,-1,-1,-1,-1,-1,1,-1,-1,-1,1,-1,-1,-1,-1,-1,0,-1,-1,-1,-1,-1,-1,-1,-1,-1,1,-1,-1,-1,-1,1,-1,-1,-1,-1,-1,-1,-1,-1,-1,-1,-1,-1,-1,-1,-1,-1,-1,1,-1,-1,-1,-1,-1,-1,1,-1,-1,-1,-1,-1,1,-1,-1,-1,-1,-1,-1,-1,-1,-1,-1,-1,-1,1,-1,-1,-1,-1,-1,-1,-1,-1,-1,-1,-1,-1,-1,-1,-1,-1,-1,
-1,-1,-1,1,1,-1,-1,-1,-1,-1,1,-1,-1,1,-1,-1,-1,-1,-1,-1,-1,-1,-1,-1,-1,-1,-1,0,-1,1,-1,-1,1,-1,-1,-1,-1,-1,-1,-1,-1,-1,-1,-1,-1,-1,-1,-1,-1,-1,-1,-1,1,-1,-1,1,-1,-1,1,-1,-1,-1,-1,-1,-1,-1,-1,-1,-1,-1,-1,-1,-1,-1,-1,-1,-1,-1,-1,-1,-1,-1,1,-1,-1,-1,-1,-1,-1,-1,-1,-1,-1,-1,-1,-1,-1,-1,-1,-1,1,-1,1,
-1,1,-1,-1,-1,-1,-1,-1,1,-1,-1,-1,-1,-1,-1,-1,-1,-1,-1,-1,-1,-1,-1,-1,-1,-1,-1,-1,0,-1,-1,-1,-1,1,-1,1,-1,-1,-1,-1,-1,-1,-1,-1,-1,-1,1,-1,-1,-1,-1,-1,-1,-1,-1,-1,-1,-1,-1,-1,1,1,-1,-1,-1,-1,-1,1,1,-1,-1,-1,-1,-1,-1,-1,-1,-1,-1,-1,-1,-1,1,-1,-1,-1,-1,-1,-1,-1,-1,-1,-1,-1,1,1,-1,-1,-1,-1,-1,-1,-1,
1,-1,-1,-1,1,-1,-1,-1,-1,-1,-1,-1,-1,-1,-1,-1,-1,1,-1,1,-1,-1,-1,-1,-1,-1,-1,1,-1,0,-1,1,-1,-1,-1,1,-1,-1,-1,-1,-1,-1,-1,-1,-1,-1,-1,-1,-1,-1,-1,-1,-1,-1,-1,-1,-1,-1,-1,-1,-1,-1,-1,1,-1,-1,-1,-1,-1,-1,-1,-1,-1,-1,-1,-1,-1,-1,-1,-1,-1,-1,-1,-1,-1,-1,-1,1,-1,-1,1,-1,-1,-1,-1,-1,-1,-1,-1,-1,-1,1,-1,
-1,-1,-1,-1,-1,1,-1,-1,-1,-1,1,-1,-1,-1,-1,-1,-1,-1,-1,1,-1,-1,-1,-1,-1,-1,-1,-1,-1,-1,0,-1,-1,-1,-1,-1,-1,-1,-1,1,-1,-1,-1,1,-1,-1,-1,1,-1,-1,-1,-1,-1,-1,-1,-1,-1,-1,-1,-1,-1,-1,-1,-1,-1,-1,-1,-1,1,-1,-1,-1,1,-1,-1,-1,-1,-1,-1,-1,-1,-1,-1,-1,-1,-1,-1,-1,-1,-1,-1,-1,-1,-1,-1,-1,-1,1,1,-1,-1,-1,-1,
-1,1,-1,1,-1,-1,-1,-1,-1,-1,-1,-1,-1,-1,1,-1,-1,-1,-1,-1,-1,-1,-1,-1,-1,-1,-1,-1,-1,1,-1,0,-1,-1,-1,-1,-1,-1,-1,-1,-1,-1,-1,-1,-1,-1,-1,-1,-1,-1,-1,-1,-1,-1,-1,-1,-1,-1,-1,-1,-1,-1,-1,-1,-1,-1,1,-1,-1,1,-1,-1,-1,-1,-1,-1,-1,1,-1,-1,-1,-1,-1,-1,-1,-1,-1,-1,-1,-1,-1,1,-1,-1,1,-1,-1,-1,-1,-1,1,-1,-1,
-1,-1,-1,-1,-1,-1,-1,1,-1,-1,-1,-1,1,-1,-1,-1,-1,-1,-1,-1,-1,-1,-1,1,1,1,-1,1,-1,-1,-1,-1,0,-1,-1,-1,-1,-1,-1,-1,-1,-1,-1,-1,-1,-1,-1,-1,-1,-1,-1,-1,-1,-1,1,-1,-1,-1,-1,-1,-1,-1,-1,-1,-1,-1,-1,-1,-1,-1,-1,-1,-1,-1,-1,-1,1,-1,-1,-1,-1,-1,1,-1,-1,-1,1,-1,-1,-1,-1,-1,-1,-1,-1,-1,-1,-1,-1,-1,-1,-1,-1,
-1,-1,1,-1,1,-1,-1,-1,-1,-1,1,-1,-1,-1,-1,-1,-1,-1,-1,-1,-1,-1,-1,-1,-1,-1,-1,-1,1,-1,-1,-1,-1,0,-1,-1,-1,-1,-1,-1,-1,-1,-1,1,-1,-1,-1,1,-1,-1,-1,-1,-1,-1,-1,-1,1,-1,-1,-1,-1,-1,-1,1,-1,1,-1,-1,-1,-1,-1,-1,-1,-1,-1,-1,1,-1,-1,-1,-1,-1,-1,-1,-1,-1,-1,-1,-1,-1,-1,-1,-1,-1,-1,-1,-1,-1,-1,-1,-1,-1,-1,
-1,-1,-1,-1,-1,-1,-1,-1,-1,-1,-1,1,-1,-1,1,-1,-1,-1,-1,1,-1,-1,-1,-1,1,-1,-1,-1,-1,-1,-1,-1,-1,-1,0,-1,-1,1,-1,-1,-1,-1,-1,-1,-1,-1,-1,1,-1,-1,-1,-1,-1,-1,-1,1,-1,-1,-1,-1,1,-1,-1,-1,-1,-1,-1,-1,-1,-1,-1,-1,1,-1,-1,-1,1,-1,-1,-1,-1,-1,-1,-1,-1,-1,-1,-1,-1,-1,-1,-1,-1,-1,-1,-1,-1,-1,-1,-1,-1,-1,-1,
1,-1,-1,-1,-1,1,-1,1,-1,-1,-1,-1,-1,-1,-1,-1,-1,-1,1,-1,-1,-1,-1,-1,-1,-1,-1,-1,1,1,-1,-1,-1,-1,-1,0,-1,-1,-1,-1,-1,-1,-1,-1,-1,-1,-1,-1,-1,-1,-1,-1,-1,-1,-1,-1,-1,-1,-1,-1,-1,-1,-1,-1,-1,-1,-1,-1,-1,-1,-1,-1,1,-1,-1,-1,-1,-1,-1,-1,-1,-1,-1,1,-1,-1,-1,-1,-1,-1,-1,-1,-1,-1,-1,-1,1,1,-1,-1,-1,-1,-1,
1,-1,1,1,-1,-1,1,-1,-1,-1,-1,-1,-1,-1,-1,1,-1,-1,-1,-1,-1,-1,-1,-1,-1,-1,1,-1,-1,-1,-1,-1,-1,-1,-1,-1,0,-1,-1,-1,1,-1,1,-1,-1,-1,-1,-1,-1,-1,-1,-1,-1,-1,-1,-1,-1,-1,1,-1,-1,-1,-1,-1,-1,-1,-1,-1,-1,-1,-1,-1,-1,-1,-1,-1,-1,1,-1,-1,1,-1,-1,-1,-1,-1,1,-1,-1,-1,-1,-1,-1,-1,-1,-1,-1,-1,-1,-1,-1,-1,-1,
-1,-1,-1,-1,1,-1,-1,-1,-1,-1,1,-1,-1,1,-1,-1,-1,-1,-1,-1,-1,-1,1,-1,-1,-1,-1,-1,-1,-1,-1,-1,-1,-1,1,-1,-1,0,1,-1,1,-1,-1,-1,-1,-1,-1,-1,-1,-1,-1,-1,-1,1,-1,-1,-1,-1,-1,-1,-1,-1,-1,-1,-1,-1,-1,-1,-1,-1,-1,-1,-1,-1,-1,-1,-1,-1,-1,-1,-1,-1,-1,-1,-1,-1,-1,-1,-1,-1,1,1,-1,-1,-1,-1,-1,-1,-1,-1,1,-1,-1,
-1,-1,-1,-1,-1,-1,-1,-1,-1,1,-1,-1,-1,-1,1,-1,1,-1,-1,1,-1,-1,-1,-1,-1,-1,-1,-1,-1,-1,-1,-1,-1,-1,-1,-1,-1,1,0,-1,-1,-1,-1,1,-1,-1,-1,-1,-1,-1,-1,-1,-1,-1,-1,-1,-1,-1,-1,-1,-1,-1,-1,-1,-1,-1,-1,-1,-1,-1,-1,-1,-1,-1,-1,1,-1,-1,-1,-1,-1,-1,-1,-1,-1,-1,-1,-1,-1,-1,1,-1,-1,-1,-1,-1,-1,1,-1,-1,1,-1,-1,
-1,-1,-1,-1,-1,-1,-1,1,-1,1,1,-1,1,-1,-1,-1,-1,-1,-1,-1,-1,-1,-1,-1,-1,-1,-1,-1,-1,-1,1,-1,-1,-1,-1,-1,-1,-1,-1,0,-1,1,-1,-1,-1,-1,-1,-1,-1,-1,-1,-1,-1,-1,-1,-1,-1,-1,-1,-1,-1,-1,-1,-1,-1,-1,1,-1,-1,-1,-1,-1,-1,-1,-1,-1,-1,-1,-1,-1,-1,-1,-1,-1,-1,-1,-1,-1,-1,-1,-1,-1,1,-1,-1,-1,-1,1,-1,-1,-1,-1,1,
-1,-1,-1,-1,-1,-1,1,-1,-1,-1,1,-1,-1,-1,-1,-1,1,-1,-1,-1,-1,-1,1,-1,-1,-1,-1,-1,-1,-1,-1,-1,-1,-1,-1,-1,1,1,-1,-1,0,-1,-1,-1,-1,-1,-1,-1,-1,-1,-1,-1,-1,-1,-1,-1,-1,-1,-1,-1,-1,-1,-1,-1,-1,-1,-1,-1,-1,1,-1,-1,-1,-1,-1,-1,-1,-1,-1,-1,-1,-1,-1,-1,-1,-1,-1,-1,-1,-1,-1,1,-1,-1,-1,1,-1,1,-1,-1,-1,-1,-1,
-1,1,-1,-1,-1,-1,-1,1,1,-1,-1,-1,-1,-1,-1,-1,-1,-1,1,-1,-1,-1,-1,-1,-1,1,1,-1,-1,-1,-1,-1,-1,-1,-1,-1,-1,-1,-1,1,-1,0,-1,-1,-1,-1,-1,-1,-1,1,-1,-1,-1,-1,-1,-1,-1,-1,1,-1,-1,-1,-1,-1,-1,-1,-1,-1,-1,-1,-1,-1,-1,-1,-1,-1,-1,-1,-1,-1,-1,-1,-1,-1,-1,-1,-1,-1,-1,-1,1,-1,-1,-1,-1,-1,-1,-1,-1,-1,-1,-1,-1,
-1,1,-1,-1,1,-1,-1,1,-1,-1,-1,-1,-1,-1,-1,1,-1,-1,-1,-1,1,-1,-1,-1,1,-1,-1,-1,-1,-1,-1,-1,-1,-1,-1,-1,1,-1,-1,-1,-1,-1,0,-1,-1,-1,-1,-1,-1,-1,-1,-1,-1,-1,-1,-1,-1,-1,-1,-1,-1,-1,-1,-1,-1,-1,-1,-1,-1,-1,-1,-1,-1,-1,-1,-1,-1,-1,1,-1,-1,1,-1,-1,-1,-1,-1,-1,-1,1,-1,-1,-1,-1,-1,-1,-1,-1,-1,-1,-1,-1,-1,
-1,-1,-1,-1,-1,-1,-1,-1,-1,-1,-1,-1,-1,-1,-1,-1,-1,-1,-1,1,-1,-1,-1,-1,1,-1,-1,-1,-1,-1,1,-1,-1,1,-1,-1,-1,-1,1,-1,-1,-1,-1,0,-1,-1,-1,-1,-1,-1,-1,-1,-1,-1,-1,-1,-1,-1,-1,-1,-1,-1,-1,-1,-1,-1,-1,-1,-1,-1,-1,-1,-1,-1,-1,-1,-1,-1,-1,-1,-1,-1,-1,-1,-1,-1,-1,-1,-1,-1,-1,-1,-1,-1,-1,-1,-1,-1,-1,-1,-1,-1,-1,
-1,1,-1,-1,-1,1,-1,-1,-1,-1,-1,-1,-1,-1,-1,-1,-1,-1,-1,-1,-1,-1,-1,-1,-1,-1,-1,-1,-1,-1,-1,-1,-1,-1,-1,-1,-1,-1,-1,-1,-1,-1,-1,-1,0,-1,-1,-1,-1,-1,-1,-1,-1,-1,-1,-1,-1,-1,-1,-1,-1,-1,-1,-1,-1,-1,-1,-1,-1,-1,-1,-1,-1,-1,-1,-1,-1,-1,1,-1,-1,-1,-1,-1,-1,-1,-1,-1,-1,-1,-1,-1,-1,-1,-1,-1,-1,-1,-1,-1,-1,-1,-1,
-1,-1,-1,-1,-1,-1,-1,1,-1,1,-1,-1,-1,-1,-1,-1,-1,-1,-1,-1,1,-1,-1,-1,-1,1,-1,-1,-1,-1,-1,-1,-1,-1,-1,-1,-1,-1,-1,-1,-1,-1,-1,-1,-1,0,-1,-1,-1,-1,-1,-1,-1,-1,-1,-1,-1,-1,-1,-1,-1,-1,-1,-1,-1,-1,-1,-1,-1,-1,-1,-1,-1,-1,-1,-1,-1,-1,-1,-1,-1,-1,-1,-1,-1,-1,-1,-1,-1,-1,-1,-1,-1,-1,-1,-1,-1,-1,-1,-1,-1,-1,-1,
-1,-1,-1,-1,-1,-1,-1,-1,-1,-1,-1,-1,-1,-1,-1,1,-1,-1,-1,-1,-1,-1,-1,-1,-1,-1,-1,-1,1,-1,-1,-1,-1,-1,-1,-1,-1,-1,-1,-1,-1,-1,-1,-1,-1,-1,0,-1,-1,-1,-1,-1,-1,-1,-1,-1,-1,-1,-1,-1,-1,-1,-1,-1,-1,-1,-1,-1,-1,-1,1,-1,-1,-1,-1,-1,-1,-1,-1,-1,-1,-1,-1,-1,-1,-1,-1,-1,-1,-1,-1,-1,-1,-1,-1,-1,-1,-1,-1,-1,-1,-1,-1,
-1,-1,-1,-1,-1,-1,-1,-1,1,-1,-1,-1,-1,-1,-1,-1,1,-1,1,-1,-1,-1,-1,1,-1,-1,-1,-1,-1,-1,1,-1,-1,1,1,-1,-1,-1,-1,-1,-1,-1,-1,-1,-1,-1,-1,0,-1,-1,-1,-1,-1,-1,-1,-1,-1,-1,-1,-1,-1,-1,-1,-1,-1,-1,-1,-1,-1,-1,-1,-1,-1,-1,-1,-1,-1,-1,-1,-1,-1,-1,-1,-1,-1,-1,-1,-1,-1,-1,-1,-1,-1,-1,-1,-1,-1,-1,-1,-1,-1,-1,-1,
-1,-1,-1,-1,-1,-1,-1,-1,-1,-1,-1,1,-1,-1,-1,1,-1,-1,-1,-1,-1,-1,-1,-1,-1,-1,-1,-1,-1,-1,-1,-1,-1,-1,-1,-1,-1,-1,-1,-1,-1,-1,-1,-1,-1,-1,-1,-1,0,-1,-1,-1,-1,-1,-1,-1,-1,-1,-1,-1,-1,-1,-1,-1,-1,-1,-1,-1,-1,-1,-1,-1,-1,1,-1,-1,-1,-1,-1,-1,-1,-1,-1,-1,-1,-1,-1,-1,-1,-1,-1,-1,-1,-1,-1,-1,-1,-1,-1,-1,-1,-1,-1,
-1,-1,-1,-1,-1,-1,-1,-1,1,-1,-1,-1,-1,-1,-1,-1,1,1,-1,-1,-1,-1,-1,-1,-1,-1,-1,-1,-1,-1,-1,-1,-1,-1,-1,-1,-1,-1,-1,-1,-1,1,-1,-1,-1,-1,-1,-1,-1,0,-1,-1,-1,-1,-1,-1,-1,-1,-1,-1,-1,-1,-1,-1,-1,-1,-1,-1,-1,-1,-1,-1,-1,-1,-1,-1,-1,-1,-1,-1,-1,-1,-1,-1,-1,-1,-1,-1,-1,-1,-1,-1,-1,-1,-1,-1,-1,-1,-1,-1,-1,-1,-1,
-1,-1,-1,-1,1,-1,-1,-1,-1,-1,-1,-1,-1,-1,-1,-1,-1,-1,-1,-1,-1,-1,-1,-1,-1,1,-1,-1,-1,-1,-1,-1,-1,-1,-1,-1,-1,-1,-1,-1,-1,-1,-1,-1,-1,-1,-1,-1,-1,-1,0,-1,-1,-1,-1,-1,-1,-1,-1,-1,-1,-1,-1,-1,-1,-1,-1,-1,-1,-1,-1,-1,-1,-1,-1,-1,-1,-1,-1,-1,-1,-1,-1,-1,-1,-1,-1,-1,-1,-1,-1,-1,-1,-1,-1,-1,-1,-1,-1,-1,-1,-1,-1,
-1,-1,-1,-1,-1,1,-1,-1,-1,1,1,-1,-1,-1,-1,-1,1,-1,-1,-1,-1,-1,-1,-1,-1,-1,-1,-1,-1,-1,-1,-1,-1,-1,-1,-1,-1,-1,-1,-1,-1,-1,-1,-1,-1,-1,-1,-1,-1,-1,-1,0,-1,-1,-1,-1,-1,-1,-1,-1,-1,-1,-1,-1,-1,-1,-1,-1,-1,-1,-1,-1,-1,-1,-1,-1,-1,-1,-1,-1,-1,-1,-1,-1,-1,-1,-1,-1,-1,-1,-1,-1,-1,-1,-1,-1,-1,-1,-1,-1,-1,-1,-1,
-1,-1,1,-1,-1,-1,-1,1,-1,-1,-1,-1,-1,-1,-1,-1,-1,-1,-1,1,-1,1,1,-1,-1,-1,-1,1,-1,-1,-1,-1,-1,-1,-1,-1,-1,-1,-1,-1,-1,-1,-1,-1,-1,-1,-1,-1,-1,-1,-1,-1,0,-1,-1,-1,-1,-1,-1,-1,-1,-1,-1,-1,-1,-1,-1,-1,-1,-1,-1,-1,-1,-1,-1,-1,-1,-1,-1,-1,-1,-1,-1,-1,-1,-1,-1,-1,-1,-1,-1,-1,-1,-1,-1,-1,-1,-1,-1,-1,-1,-1,-1,
-1,1,-1,-1,-1,-1,-1,-1,-1,-1,-1,-1,-1,-1,-1,-1,-1,-1,-1,-1,-1,-1,1,-1,-1,-1,-1,-1,-1,-1,-1,-1,-1,-1,-1,-1,-1,1,-1,-1,-1,-1,-1,-1,-1,-1,-1,-1,-1,-1,-1,-1,-1,0,1,-1,-1,-1,-1,-1,-1,-1,-1,-1,-1,-1,-1,-1,-1,-1,-1,-1,-1,-1,-1,-1,-1,-1,-1,-1,-1,-1,-1,-1,-1,-1,-1,-1,-1,-1,-1,-1,-1,-1,-1,-1,-1,-1,-1,-1,-1,-1,-1,
-1,-1,-1,-1,-1,-1,-1,-1,-1,-1,-1,-1,-1,-1,-1,-1,-1,-1,-1,-1,-1,-1,-1,-1,-1,-1,-1,-1,-1,-1,-1,-1,1,-1,-1,-1,-1,-1,-1,-1,-1,-1,-1,-1,-1,-1,-1,-1,-1,-1,-1,-1,-1,1,0,-1,-1,-1,-1,-1,-1,-1,-1,-1,-1,-1,-1,-1,-1,-1,-1,-1,-1,-1,-1,-1,-1,-1,-1,-1,-1,-1,-1,-1,-1,-1,-1,-1,-1,-1,-1,-1,-1,-1,-1,-1,-1,-1,-1,-1,-1,-1,-1,
-1,-1,-1,-1,1,-1,-1,-1,-1,-1,-1,1,-1,-1,-1,-1,-1,-1,-1,-1,-1,1,-1,-1,-1,-1,-1,1,-1,-1,-1,-1,-1,-1,1,-1,-1,-1,-1,-1,-1,-1,-1,-1,-1,-1,-1,-1,-1,-1,-1,-1,-1,-1,-1,0,-1,-1,-1,-1,-1,-1,-1,-1,-1,-1,-1,-1,-1,-1,-1,-1,-1,-1,-1,-1,-1,-1,-1,-1,-1,-1,-1,-1,-1,-1,-1,-1,-1,-1,-1,-1,-1,-1,-1,-1,-1,-1,-1,-1,-1,-1,-1,
-1,-1,-1,1,-1,-1,-1,-1,-1,-1,-1,-1,1,1,-1,-1,-1,-1,-1,-1,-1,-1,-1,-1,1,-1,-1,-1,-1,-1,-1,-1,-1,1,-1,-1,-1,-1,-1,-1,-1,-1,-1,-1,-1,-1,-1,-1,-1,-1,-1,-1,-1,-1,-1,-1,0,-1,-1,-1,-1,-1,-1,-1,-1,-1,-1,-1,-1,-1,-1,-1,-1,-1,-1,-1,-1,-1,-1,-1,-1,-1,-1,-1,-1,-1,-1,-1,-1,-1,-1,-1,-1,-1,-1,-1,-1,-1,-1,-1,-1,-1,-1,
-1,-1,-1,-1,-1,-1,-1,-1,-1,-1,-1,1,-1,-1,-1,-1,-1,-1,-1,1,-1,-1,-1,-1,-1,-1,-1,-1,-1,-1,-1,-1,-1,-1,-1,-1,-1,-1,-1,-1,-1,-1,-1,-1,-1,-1,-1,-1,-1,-1,-1,-1,-1,-1,-1,-1,-1,0,-1,-1,-1,-1,-1,-1,-1,-1,-1,-1,-1,-1,-1,-1,-1,-1,-1,-1,-1,-1,-1,-1,-1,-1,-1,-1,-1,-1,-1,-1,-1,-1,-1,-1,-1,-1,-1,-1,-1,-1,-1,-1,-1,-1,-1,
-1,-1,-1,-1,-1,-1,-1,-1,-1,-1,-1,-1,-1,-1,-1,-1,-1,-1,-1,-1,-1,-1,-1,-1,1,-1,-1,1,-1,-1,-1,-1,-1,-1,-1,-1,1,-1,-1,-1,-1,1,-1,-1,-1,-1,-1,-1,-1,-1,-1,-1,-1,-1,-1,-1,-1,-1,0,-1,-1,-1,-1,-1,-1,-1,-1,-1,-1,-1,-1,-1,-1,-1,-1,-1,-1,-1,-1,-1,-1,-1,-1,-1,-1,-1,-1,-1,-1,-1,-1,-1,-1,-1,-1,-1,-1,-1,-1,-1,-1,-1,-1,
-1,-1,-1,-1,-1,-1,-1,-1,-1,-1,-1,-1,1,-1,-1,-1,-1,-1,-1,-1,-1,-1,-1,-1,-1,1,1,-1,-1,-1,-1,-1,-1,-1,-1,-1,-1,-1,-1,-1,-1,-1,-1,-1,-1,-1,-1,-1,-1,-1,-1,-1,-1,-1,-1,-1,-1,-1,-1,0,-1,-1,-1,-1,-1,-1,-1,-1,-1,-1,-1,-1,-1,-1,-1,-1,-1,-1,-1,-1,-1,-1,-1,-1,-1,-1,-1,-1,-1,-1,-1,-1,-1,-1,-1,-1,-1,-1,-1,-1,-1,-1,-1,
-1,1,-1,-1,-1,-1,-1,-1,-1,-1,-1,-1,-1,-1,-1,-1,-1,-1,-1,-1,-1,-1,-1,1,-1,-1,-1,-1,1,-1,-1,-1,-1,-1,1,-1,-1,-1,-1,-1,-1,-1,-1,-1,-1,-1,-1,-1,-1,-1,-1,-1,-1,-1,-1,-1,-1,-1,-1,-1,0,-1,-1,-1,-1,-1,-1,-1,-1,-1,-1,-1,-1,-1,-1,-1,-1,-1,-1,-1,-1,-1,-1,-1,-1,-1,-1,-1,-1,-1,-1,-1,-1,-1,-1,-1,-1,-1,-1,-1,-1,-1,-1,
-1,-1,-1,-1,-1,-1,-1,-1,-1,-1,-1,-1,-1,-1,-1,-1,-1,-1,-1,-1,-1,-1,-1,-1,1,-1,-1,-1,1,-1,-1,-1,-1,-1,-1,-1,-1,-1,-1,-1,-1,-1,-1,-1,-1,-1,-1,-1,-1,-1,-1,-1,-1,-1,-1,-1,-1,-1,-1,-1,-1,0,-1,-1,-1,-1,-1,-1,-1,-1,-1,-1,-1,-1,-1,-1,-1,-1,-1,-1,-1,-1,-1,-1,-1,-1,-1,-1,-1,-1,-1,-1,-1,-1,-1,-1,-1,-1,-1,-1,-1,-1,-1,
-1,-1,-1,1,-1,-1,-1,-1,-1,-1,-1,-1,-1,-1,-1,1,-1,-1,-1,-1,-1,-1,-1,-1,-1,-1,-1,-1,-1,-1,-1,-1,-1,-1,-1,-1,-1,-1,-1,-1,-1,-1,-1,-1,-1,-1,-1,-1,-1,-1,-1,-1,-1,-1,-1,-1,-1,-1,-1,-1,-1,-1,0,-1,-1,-1,-1,-1,-1,-1,-1,-1,-1,-1,-1,-1,-1,-1,-1,-1,-1,1,-1,-1,-1,-1,-1,-1,-1,-1,-1,-1,-1,-1,-1,-1,-1,-1,-1,-1,-1,-1,-1,
-1,-1,-1,-1,-1,-1,-1,-1,-1,1,-1,-1,-1,-1,-1,-1,-1,-1,-1,-1,-1,-1,-1,-1,-1,-1,-1,-1,-1,1,-1,-1,-1,1,-1,-1,-1,-1,-1,-1,-1,-1,-1,-1,-1,-1,-1,-1,-1,-1,-1,-1,-1,-1,-1,-1,-1,-1,-1,-1,-1,-1,-1,0,-1,-1,-1,-1,-1,-1,-1,-1,-1,-1,-1,-1,-1,-1,-1,-1,-1,-1,-1,-1,-1,-1,-1,-1,-1,-1,-1,-1,-1,-1,-1,-1,-1,-1,-1,-1,-1,-1,-1,
-1,-1,-1,-1,-1,-1,-1,-1,-1,-1,-1,-1,1,-1,-1,-1,-1,-1,-1,-1,1,-1,-1,-1,-1,-1,-1,-1,-1,-1,-1,-1,-1,-1,-1,-1,-1,-1,-1,-1,-1,-1,-1,-1,-1,-1,-1,-1,-1,-1,-1,-1,-1,-1,-1,-1,-1,-1,-1,-1,-1,-1,-1,-1,0,-1,-1,-1,-1,-1,-1,-1,-1,-1,-1,-1,-1,-1,-1,-1,-1,-1,-1,-1,-1,-1,-1,-1,-1,-1,-1,-1,-1,-1,-1,-1,-1,-1,-1,-1,-1,-1,-1,
-1,-1,-1,-1,-1,-1,1,-1,-1,1,-1,-1,1,-1,-1,-1,-1,-1,-1,-1,1,-1,-1,1,-1,-1,-1,-1,-1,-1,-1,-1,-1,1,-1,-1,-1,-1,-1,-1,-1,-1,-1,-1,-1,-1,-1,-1,-1,-1,-1,-1,-1,-1,-1,-1,-1,-1,-1,-1,-1,-1,-1,-1,-1,0,-1,-1,-1,-1,-1,-1,-1,-1,-1,-1,-1,-1,-1,-1,-1,-1,-1,-1,-1,-1,-1,-1,-1,-1,-1,-1,-1,-1,-1,-1,-1,-1,-1,-1,-1,-1,-1,
-1,-1,-1,-1,-1,-1,-1,-1,-1,-1,1,-1,-1,-1,-1,-1,-1,-1,1,-1,-1,-1,-1,-1,-1,-1,1,-1,-1,-1,-1,1,-1,-1,-1,-1,-1,-1,-1,1,-1,-1,-1,-1,-1,-1,-1,-1,-1,-1,-1,-1,-1,-1,-1,-1,-1,-1,-1,-1,-1,-1,-1,-1,-1,-1,0,-1,-1,-1,-1,-1,-1,-1,-1,-1,-1,-1,-1,-1,-1,-1,-1,-1,-1,-1,-1,-1,-1,-1,-1,-1,-1,-1,-1,-1,-1,-1,-1,-1,-1,-1,-1,
-1,-1,-1,-1,-1,-1,1,1,-1,1,-1,-1,-1,1,-1,-1,-1,-1,-1,-1,-1,-1,-1,-1,-1,-1,-1,-1,1,-1,-1,-1,-1,-1,-1,-1,-1,-1,-1,-1,-1,-1,-1,-1,-1,-1,-1,-1,-1,-1,-1,-1,-1,-1,-1,-1,-1,-1,-1,-1,-1,-1,-1,-1,-1,-1,-1,0,-1,-1,-1,-1,-1,-1,-1,-1,-1,-1,-1,-1,-1,-1,-1,-1,-1,-1,-1,-1,-1,-1,-1,-1,-1,-1,-1,-1,-1,-1,-1,-1,-1,-1,-1,
-1,-1,-1,-1,-1,-1,-1,-1,-1,-1,-1,-1,-1,-1,1,-1,-1,-1,-1,-1,-1,1,-1,-1,-1,-1,-1,-1,1,-1,1,-1,-1,-1,-1,-1,-1,-1,-1,-1,-1,-1,-1,-1,-1,-1,-1,-1,-1,-1,-1,-1,-1,-1,-1,-1,-1,-1,-1,-1,-1,-1,-1,-1,-1,-1,-1,-1,0,-1,-1,-1,-1,-1,-1,-1,-1,-1,-1,-1,-1,-1,-1,-1,-1,-1,-1,-1,-1,-1,-1,-1,-1,-1,-1,-1,-1,-1,-1,-1,-1,-1,-1,
1,-1,-1,-1,-1,-1,-1,-1,-1,-1,-1,-1,-1,-1,-1,-1,-1,-1,-1,-1,-1,-1,-1,-1,-1,1,-1,-1,-1,-1,-1,1,-1,-1,-1,-1,-1,-1,-1,-1,1,-1,-1,-1,-1,-1,-1,-1,-1,-1,-1,-1,-1,-1,-1,-1,-1,-1,-1,-1,-1,-1,-1,-1,-1,-1,-1,-1,-1,0,-1,-1,-1,-1,-1,-1,-1,-1,-1,-1,-1,-1,-1,-1,-1,-1,-1,-1,-1,-1,-1,-1,-1,-1,-1,-1,-1,-1,-1,-1,-1,-1,-1,
-1,-1,-1,-1,-1,-1,-1,-1,-1,-1,-1,-1,-1,-1,1,-1,-1,-1,-1,-1,-1,-1,-1,-1,-1,-1,-1,-1,-1,-1,-1,-1,-1,-1,-1,-1,-1,-1,-1,-1,-1,-1,-1,-1,-1,-1,1,-1,-1,-1,-1,-1,-1,-1,-1,-1,-1,-1,-1,-1,-1,-1,-1,-1,-1,-1,-1,-1,-1,-1,0,-1,-1,-1,-1,-1,-1,-1,-1,-1,-1,-1,-1,-1,-1,-1,-1,-1,-1,-1,-1,-1,-1,-1,-1,-1,-1,-1,-1,-1,-1,-1,-1,
-1,-1,-1,-1,-1,-1,-1,-1,-1,-1,-1,1,-1,1,-1,-1,-1,-1,-1,-1,-1,1,-1,-1,-1,-1,-1,-1,-1,-1,-1,-1,-1,-1,-1,-1,-1,-1,-1,-1,-1,-1,-1,-1,-1,-1,-1,-1,-1,-1,-1,-1,-1,-1,-1,-1,-1,-1,-1,-1,-1,-1,-1,-1,-1,-1,-1,-1,-1,-1,-1,0,-1,-1,-1,-1,-1,-1,-1,-1,-1,-1,-1,-1,-1,-1,-1,-1,-1,-1,-1,-1,-1,-1,-1,-1,-1,-1,-1,-1,-1,-1,-1,
-1,-1,1,-1,-1,-1,-1,-1,-1,-1,-1,-1,-1,-1,-1,-1,-1,-1,1,-1,-1,-1,-1,-1,-1,1,1,-1,-1,-1,1,-1,-1,-1,1,1,-1,-1,-1,-1,-1,-1,-1,-1,-1,-1,-1,-1,-1,-1,-1,-1,-1,-1,-1,-1,-1,-1,-1,-1,-1,-1,-1,-1,-1,-1,-1,-1,-1,-1,-1,-1,0,-1,-1,-1,-1,-1,-1,-1,-1,-1,-1,-1,-1,-1,-1,-1,-1,-1,-1,-1,-1,-1,-1,-1,-1,-1,-1,-1,-1,-1,-1,
-1,-1,-1,-1,-1,-1,-1,-1,-1,-1,-1,-1,-1,-1,-1,-1,-1,-1,-1,-1,-1,-1,-1,-1,1,-1,-1,-1,-1,-1,-1,-1,-1,-1,-1,-1,-1,-1,-1,-1,-1,-1,-1,-1,-1,-1,-1,-1,1,-1,-1,-1,-1,-1,-1,-1,-1,-1,-1,-1,-1,-1,-1,-1,-1,-1,-1,-1,-1,-1,-1,-1,-1,0,-1,-1,-1,-1,-1,-1,-1,-1,-1,-1,-1,-1,-1,-1,-1,-1,-1,-1,-1,-1,-1,-1,-1,-1,-1,-1,-1,-1,-1,
-1,-1,-1,-1,1,-1,1,-1,-1,-1,-1,-1,-1,-1,1,-1,-1,-1,-1,-1,1,-1,1,-1,-1,-1,-1,-1,-1,-1,-1,-1,-1,-1,-1,-1,-1,-1,-1,-1,-1,-1,-1,-1,-1,-1,-1,-1,-1,-1,-1,-1,-1,-1,-1,-1,-1,-1,-1,-1,-1,-1,-1,-1,-1,-1,-1,-1,-1,-1,-1,-1,-1,-1,0,-1,-1,-1,-1,-1,-1,-1,-1,-1,-1,-1,-1,-1,-1,-1,-1,-1,-1,-1,-1,-1,-1,-1,-1,-1,-1,-1,-1,
-1,-1,1,-1,-1,-1,-1,-1,-1,-1,-1,-1,-1,-1,-1,-1,-1,-1,-1,-1,1,-1,-1,-1,-1,-1,-1,-1,-1,-1,-1,-1,-1,-1,-1,-1,-1,-1,1,-1,-1,-1,-1,-1,-1,-1,-1,-1,-1,-1,-1,-1,-1,-1,-1,-1,-1,-1,-1,-1,-1,-1,-1,-1,-1,-1,-1,-1,-1,-1,-1,-1,-1,-1,-1,0,-1,-1,-1,-1,-1,-1,-1,-1,-1,-1,-1,-1,-1,-1,-1,-1,-1,-1,-1,-1,-1,-1,-1,-1,-1,-1,-1,
1,-1,-1,-1,-1,-1,-1,-1,-1,-1,-1,-1,-1,-1,-1,-1,-1,-1,-1,-1,-1,-1,-1,1,-1,-1,-1,-1,-1,-1,-1,-1,1,1,1,-1,-1,-1,-1,-1,-1,-1,-1,-1,-1,-1,-1,-1,-1,-1,-1,-1,-1,-1,-1,-1,-1,-1,-1,-1,-1,-1,-1,-1,-1,-1,-1,-1,-1,-1,-1,-1,-1,-1,-1,-1,0,-1,-1,-1,-1,-1,-1,-1,-1,-1,-1,-1,-1,-1,-1,-1,-1,-1,-1,-1,-1,-1,-1,-1,-1,-1,-1,
-1,1,-1,-1,-1,-1,-1,-1,-1,-1,-1,1,1,-1,-1,-1,-1,-1,-1,-1,-1,-1,-1,-1,-1,1,-1,-1,-1,-1,-1,1,-1,-1,-1,-1,1,-1,-1,-1,-1,-1,-1,-1,-1,-1,-1,-1,-1,-1,-1,-1,-1,-1,-1,-1,-1,-1,-1,-1,-1,-1,-1,-1,-1,-1,-1,-1,-1,-1,-1,-1,-1,-1,-1,-1,-1,0,-1,-1,-1,-1,-1,-1,-1,-1,-1,-1,-1,-1,-1,-1,-1,-1,-1,-1,-1,-1,-1,-1,-1,-1,-1,
-1,-1,-1,-1,-1,-1,-1,-1,-1,-1,-1,-1,-1,-1,-1,-1,-1,-1,-1,-1,-1,-1,-1,-1,-1,-1,-1,-1,-1,-1,-1,-1,-1,-1,-1,-1,-1,-1,-1,-1,-1,-1,1,-1,1,-1,-1,-1,-1,-1,-1,-1,-1,-1,-1,-1,-1,-1,-1,-1,-1,-1,-1,-1,-1,-1,-1,-1,-1,-1,-1,-1,-1,-1,-1,-1,-1,-1,0,-1,-1,-1,-1,-1,-1,-1,-1,-1,-1,-1,-1,-1,-1,-1,-1,-1,-1,-1,-1,-1,-1,-1,-1,
-1,1,-1,-1,-1,-1,-1,-1,-1,-1,-1,-1,-1,-1,-1,-1,1,1,-1,-1,-1,-1,-1,-1,-1,-1,-1,-1,-1,-1,-1,-1,-1,-1,-1,-1,-1,-1,-1,-1,-1,-1,-1,-1,-1,-1,-1,-1,-1,-1,-1,-1,-1,-1,-1,-1,-1,-1,-1,-1,-1,-1,-1,-1,-1,-1,-1,-1,-1,-1,-1,-1,-1,-1,-1,-1,-1,-1,-1,0,-1,-1,-1,-1,-1,-1,-1,-1,-1,-1,-1,-1,-1,-1,-1,-1,-1,-1,-1,-1,-1,-1,-1,
-1,-1,-1,-1,-1,-1,-1,-1,-1,-1,-1,-1,-1,-1,-1,-1,-1,1,-1,-1,1,-1,-1,-1,1,-1,-1,-1,-1,-1,-1,-1,-1,-1,-1,-1,1,-1,-1,-1,-1,-1,-1,-1,-1,-1,-1,-1,-1,-1,-1,-1,-1,-1,-1,-1,-1,-1,-1,-1,-1,-1,-1,-1,-1,-1,-1,-1,-1,-1,-1,-1,-1,-1,-1,-1,-1,-1,-1,-1,0,-1,-1,-1,-1,-1,-1,-1,-1,-1,-1,-1,-1,-1,-1,-1,-1,-1,-1,-1,-1,-1,-1,
-1,-1,-1,-1,-1,-1,-1,-1,-1,-1,-1,-1,-1,-1,-1,-1,-1,-1,-1,-1,-1,-1,-1,-1,-1,-1,-1,-1,-1,-1,-1,-1,-1,-1,-1,-1,-1,-1,-1,-1,-1,-1,1,-1,-1,-1,-1,-1,-1,-1,-1,-1,-1,-1,-1,-1,-1,-1,-1,-1,-1,-1,1,-1,-1,-1,-1,-1,-1,-1,-1,-1,-1,-1,-1,-1,-1,-1,-1,-1,-1,0,-1,-1,-1,-1,-1,-1,-1,-1,-1,-1,-1,-1,-1,-1,-1,-1,-1,-1,-1,-1,-1,
-1,-1,-1,-1,-1,-1,-1,-1,-1,-1,-1,-1,-1,-1,-1,1,-1,-1,-1,-1,-1,1,-1,-1,-1,-1,-1,1,1,-1,-1,-1,1,-1,-1,-1,-1,-1,-1,-1,-1,-1,-1,-1,-1,-1,-1,-1,-1,-1,-1,-1,-1,-1,-1,-1,-1,-1,-1,-1,-1,-1,-1,-1,-1,-1,-1,-1,-1,-1,-1,-1,-1,-1,-1,-1,-1,-1,-1,-1,-1,-1,0,-1,-1,-1,-1,-1,-1,-1,-1,-1,-1,-1,-1,-1,-1,-1,-1,-1,-1,-1,-1,
1,-1,-1,1,-1,-1,-1,-1,-1,-1,1,-1,-1,-1,-1,-1,-1,-1,-1,1,-1,-1,-1,1,-1,-1,-1,-1,-1,-1,-1,-1,-1,-1,-1,1,-1,-1,-1,-1,-1,-1,-1,-1,-1,-1,-1,-1,-1,-1,-1,-1,-1,-1,-1,-1,-1,-1,-1,-1,-1,-1,-1,-1,-1,-1,-1,-1,-1,-1,-1,-1,-1,-1,-1,-1,-1,-1,-1,-1,-1,-1,-1,0,-1,-1,-1,-1,-1,-1,-1,-1,-1,-1,-1,-1,-1,-1,-1,-1,-1,-1,-1,
-1,-1,-1,-1,1,1,-1,-1,-1,-1,-1,-1,-1,-1,-1,-1,-1,-1,-1,-1,-1,-1,-1,-1,-1,-1,-1,-1,-1,-1,-1,-1,-1,-1,-1,-1,-1,-1,-1,-1,-1,-1,-1,-1,-1,-1,-1,-1,-1,-1,-1,-1,-1,-1,-1,-1,-1,-1,-1,-1,-1,-1,-1,-1,-1,-1,-1,-1,-1,-1,-1,-1,-1,-1,-1,-1,-1,-1,-1,-1,-1,-1,-1,-1,0,-1,-1,-1,-1,-1,-1,-1,-1,-1,-1,-1,-1,-1,-1,-1,-1,-1,-1,
-1,-1,-1,-1,-1,-1,1,-1,1,-1,-1,-1,-1,-1,-1,-1,-1,-1,1,-1,-1,-1,-1,-1,-1,-1,1,-1,-1,-1,-1,-1,-1,-1,-1,-1,-1,-1,-1,-1,-1,-1,-1,-1,-1,-1,-1,-1,-1,-1,-1,-1,-1,-1,-1,-1,-1,-1,-1,-1,-1,-1,-1,-1,-1,-1,-1,-1,-1,-1,-1,-1,-1,-1,-1,-1,-1,-1,-1,-1,-1,-1,-1,-1,-1,0,-1,-1,-1,-1,-1,-1,-1,-1,-1,-1,-1,-1,-1,-1,-1,-1,-1,
-1,-1,-1,1,-1,-1,1,-1,-1,-1,-1,-1,-1,-1,-1,-1,-1,-1,-1,1,-1,1,-1,-1,-1,-1,-1,-1,-1,-1,-1,-1,1,-1,-1,-1,1,-1,-1,-1,-1,-1,-1,-1,-1,-1,-1,-1,-1,-1,-1,-1,-1,-1,-1,-1,-1,-1,-1,-1,-1,-1,-1,-1,-1,-1,-1,-1,-1,-1,-1,-1,-1,-1,-1,-1,-1,-1,-1,-1,-1,-1,-1,-1,-1,-1,0,-1,-1,-1,-1,-1,-1,-1,-1,-1,-1,-1,-1,-1,-1,-1,-1,
1,-1,-1,-1,-1,-1,-1,-1,-1,-1,1,1,-1,-1,-1,-1,-1,1,-1,-1,-1,-1,-1,-1,-1,-1,-1,-1,-1,1,-1,-1,-1,-1,-1,-1,-1,-1,-1,-1,-1,-1,-1,-1,-1,-1,-1,-1,-1,-1,-1,-1,-1,-1,-1,-1,-1,-1,-1,-1,-1,-1,-1,-1,-1,-1,-1,-1,-1,-1,-1,-1,-1,-1,-1,-1,-1,-1,-1,-1,-1,-1,-1,-1,-1,-1,-1,0,-1,-1,-1,-1,-1,-1,-1,-1,-1,-1,-1,-1,-1,-1,-1,
-1,-1,-1,-1,-1,1,-1,-1,-1,-1,-1,-1,-1,-1,-1,-1,1,-1,-1,-1,-1,-1,-1,-1,-1,-1,-1,-1,-1,-1,-1,-1,-1,-1,-1,-1,-1,-1,-1,-1,-1,-1,-1,-1,-1,-1,-1,-1,-1,-1,-1,-1,-1,-1,-1,-1,-1,-1,-1,-1,-1,-1,-1,-1,-1,-1,-1,-1,-1,-1,-1,-1,-1,-1,-1,-1,-1,-1,-1,-1,-1,-1,-1,-1,-1,-1,-1,-1,0,-1,-1,-1,-1,-1,-1,-1,-1,-1,-1,-1,-1,-1,-1,
-1,-1,-1,-1,-1,-1,-1,-1,-1,-1,-1,-1,-1,-1,-1,-1,-1,-1,-1,-1,1,-1,-1,-1,1,-1,-1,-1,-1,-1,-1,-1,-1,-1,-1,-1,-1,-1,-1,-1,-1,-1,1,-1,-1,-1,-1,-1,-1,-1,-1,-1,-1,-1,-1,-1,-1,-1,-1,-1,-1,-1,-1,-1,-1,-1,-1,-1,-1,-1,-1,-1,-1,-1,-1,-1,-1,-1,-1,-1,-1,-1,-1,-1,-1,-1,-1,-1,-1,0,-1,-1,-1,-1,-1,-1,-1,-1,-1,-1,-1,-1,-1,
-1,-1,-1,-1,-1,-1,-1,-1,-1,-1,-1,-1,-1,-1,-1,1,-1,-1,-1,-1,-1,-1,-1,-1,-1,-1,-1,-1,-1,1,-1,-1,-1,-1,-1,-1,-1,1,1,-1,-1,1,-1,-1,-1,-1,-1,-1,-1,-1,-1,-1,-1,-1,-1,-1,-1,-1,-1,-1,-1,-1,-1,-1,-1,-1,-1,-1,-1,-1,-1,-1,-1,-1,-1,-1,-1,-1,-1,-1,-1,-1,-1,-1,-1,-1,-1,-1,-1,-1,0,-1,-1,-1,-1,-1,-1,-1,-1,-1,-1,-1,-1,
-1,-1,1,-1,-1,-1,-1,-1,-1,-1,-1,-1,-1,-1,-1,-1,-1,-1,-1,-1,-1,-1,-1,-1,-1,-1,-1,-1,-1,-1,-1,1,-1,-1,-1,-1,-1,1,-1,-1,1,-1,-1,-1,-1,-1,-1,-1,-1,-1,-1,-1,-1,-1,-1,-1,-1,-1,-1,-1,-1,-1,-1,-1,-1,-1,-1,-1,-1,-1,-1,-1,-1,-1,-1,-1,-1,-1,-1,-1,-1,-1,-1,-1,-1,-1,-1,-1,-1,-1,-1,0,-1,-1,-1,-1,-1,-1,-1,-1,-1,-1,-1,
-1,-1,-1,-1,-1,-1,-1,-1,1,-1,-1,-1,-1,-1,-1,-1,-1,-1,-1,-1,-1,-1,-1,-1,-1,-1,-1,-1,-1,-1,-1,-1,-1,-1,-1,-1,-1,-1,-1,1,-1,-1,-1,-1,-1,-1,-1,-1,-1,-1,-1,-1,-1,-1,-1,-1,-1,-1,-1,-1,-1,-1,-1,-1,-1,-1,-1,-1,-1,-1,-1,-1,-1,-1,-1,-1,-1,-1,-1,-1,-1,-1,-1,-1,-1,-1,-1,-1,-1,-1,-1,-1,0,-1,-1,-1,-1,-1,-1,-1,-1,-1,-1,
1,-1,-1,-1,-1,-1,-1,-1,-1,-1,-1,-1,-1,-1,-1,1,-1,-1,-1,-1,1,-1,-1,-1,-1,1,-1,-1,-1,-1,-1,-1,-1,-1,-1,-1,-1,-1,-1,-1,-1,-1,-1,-1,-1,-1,-1,-1,-1,-1,-1,-1,-1,-1,-1,-1,-1,-1,-1,-1,-1,-1,-1,-1,-1,-1,-1,-1,-1,-1,-1,-1,-1,-1,-1,-1,-1,-1,-1,-1,-1,-1,-1,-1,-1,-1,-1,-1,-1,-1,-1,-1,-1,0,-1,-1,-1,-1,-1,-1,-1,-1,-1,
-1,-1,-1,-1,-1,1,-1,-1,-1,-1,-1,-1,-1,-1,-1,-1,-1,-1,-1,-1,-1,-1,-1,-1,-1,-1,-1,-1,1,-1,-1,1,-1,-1,-1,-1,-1,-1,-1,-1,-1,-1,-1,-1,-1,-1,-1,-1,-1,-1,-1,-1,-1,-1,-1,-1,-1,-1,-1,-1,-1,-1,-1,-1,-1,-1,-1,-1,-1,-1,-1,-1,-1,-1,-1,-1,-1,-1,-1,-1,-1,-1,-1,-1,-1,-1,-1,-1,-1,-1,-1,-1,-1,-1,0,-1,-1,-1,-1,-1,-1,-1,-1,
-1,-1,1,-1,1,-1,-1,-1,-1,-1,1,-1,-1,-1,-1,-1,-1,-1,-1,-1,-1,-1,-1,-1,-1,-1,-1,-1,1,-1,-1,-1,-1,-1,-1,-1,-1,-1,-1,-1,1,-1,-1,-1,-1,-1,-1,-1,-1,-1,-1,-1,-1,-1,-1,-1,-1,-1,-1,-1,-1,-1,-1,-1,-1,-1,-1,-1,-1,-1,-1,-1,-1,-1,-1,-1,-1,-1,-1,-1,-1,-1,-1,-1,-1,-1,-1,-1,-1,-1,-1,-1,-1,-1,-1,0,-1,-1,-1,-1,-1,-1,-1,
-1,-1,-1,-1,-1,-1,-1,-1,1,1,-1,-1,-1,-1,1,-1,-1,-1,-1,-1,-1,-1,-1,-1,-1,-1,-1,-1,-1,-1,-1,-1,-1,-1,-1,1,-1,-1,-1,-1,-1,-1,-1,-1,-1,-1,-1,-1,-1,-1,-1,-1,-1,-1,-1,-1,-1,-1,-1,-1,-1,-1,-1,-1,-1,-1,-1,-1,-1,-1,-1,-1,-1,-1,-1,-1,-1,-1,-1,-1,-1,-1,-1,-1,-1,-1,-1,-1,-1,-1,-1,-1,-1,-1,-1,-1,0,-1,-1,-1,-1,-1,-1,
-1,1,-1,-1,-1,-1,1,1,-1,-1,-1,-1,-1,-1,-1,-1,-1,-1,-1,-1,-1,-1,-1,-1,-1,-1,-1,-1,-1,-1,1,-1,-1,-1,-1,1,-1,-1,1,1,1,-1,-1,-1,-1,-1,-1,-1,-1,-1,-1,-1,-1,-1,-1,-1,-1,-1,-1,-1,-1,-1,-1,-1,-1,-1,-1,-1,-1,-1,-1,-1,-1,-1,-1,-1,-1,-1,-1,-1,-1,-1,-1,-1,-1,-1,-1,-1,-1,-1,-1,-1,-1,-1,-1,-1,-1,0,-1,-1,-1,-1,-1,
-1,-1,-1,-1,-1,-1,-1,-1,-1,1,-1,-1,-1,1,1,1,-1,-1,-1,-1,-1,-1,-1,-1,-1,-1,-1,-1,-1,-1,1,-1,-1,-1,-1,-1,-1,-1,-1,-1,-1,-1,-1,-1,-1,-1,-1,-1,-1,-1,-1,-1,-1,-1,-1,-1,-1,-1,-1,-1,-1,-1,-1,-1,-1,-1,-1,-1,-1,-1,-1,-1,-1,-1,-1,-1,-1,-1,-1,-1,-1,-1,-1,-1,-1,-1,-1,-1,-1,-1,-1,-1,-1,-1,-1,-1,-1,-1,0,-1,-1,-1,-1,
-1,-1,1,1,-1,-1,-1,-1,-1,-1,-1,-1,-1,-1,-1,-1,-1,-1,-1,-1,-1,-1,1,-1,-1,-1,-1,-1,-1,-1,-1,-1,-1,-1,-1,-1,-1,-1,-1,-1,-1,-1,-1,-1,-1,-1,-1,-1,-1,-1,-1,-1,-1,-1,-1,-1,-1,-1,-1,-1,-1,-1,-1,-1,-1,-1,-1,-1,-1,-1,-1,-1,-1,-1,-1,-1,-1,-1,-1,-1,-1,-1,-1,-1,-1,-1,-1,-1,-1,-1,-1,-1,-1,-1,-1,-1,-1,-1,-1,0,-1,-1,-1,
1,-1,1,-1,-1,-1,-1,-1,-1,-1,1,1,-1,1,-1,-1,-1,-1,-1,-1,-1,-1,-1,-1,-1,-1,-1,1,-1,-1,-1,1,-1,-1,-1,-1,-1,1,1,-1,-1,-1,-1,-1,-1,-1,-1,-1,-1,-1,-1,-1,-1,-1,-1,-1,-1,-1,-1,-1,-1,-1,-1,-1,-1,-1,-1,-1,-1,-1,-1,-1,-1,-1,-1,-1,-1,-1,-1,-1,-1,-1,-1,-1,-1,-1,-1,-1,-1,-1,-1,-1,-1,-1,-1,-1,-1,-1,-1,-1,0,-1,-1,
-1,-1,-1,-1,-1,-1,-1,-1,-1,-1,-1,-1,-1,-1,1,-1,-1,1,-1,-1,-1,-1,-1,-1,-1,-1,-1,-1,-1,1,-1,-1,-1,-1,-1,-1,-1,-1,-1,-1,-1,-1,-1,-1,-1,-1,-1,-1,-1,-1,-1,-1,-1,-1,-1,-1,-1,-1,-1,-1,-1,-1,-1,-1,-1,-1,-1,-1,-1,-1,-1,-1,-1,-1,-1,-1,-1,-1,-1,-1,-1,-1,-1,-1,-1,-1,-1,-1,-1,-1,-1,-1,-1,-1,-1,-1,-1,-1,-1,-1,-1,0,-1,
-1,-1,-1,-1,-1,-1,-1,-1,-1,-1,-1,-1,-1,1,-1,1,1,-1,-1,-1,-1,-1,-1,-1,-1,-1,-1,1,-1,-1,-1,-1,-1,-1,-1,-1,-1,-1,-1,1,-1,-1,-1,-1,-1,-1,-1,-1,-1,-1,-1,-1,-1,-1,-1,-1,-1,-1,-1,-1,-1,-1,-1,-1,-1,-1,-1,-1,-1,-1,-1,-1,-1,-1,-1,-1,-1,-1,-1,-1,-1,-1,-1,-1,-1,-1,-1,-1,-1,-1,-1,-1,-1,-1,-1,-1,-1,-1,-1,-1,-1,-1,0,

(41,0)
(41,1)
(41,2)
(40,3)
(41,4)
(41,5)
(42,6)
(40,7)
(42,8)
(42,9)
(41,10)
(40,11)
(42,12)
(42,13)
(40,14)
(40,15)
(42,16)
(41,17)
(42,18)
(42,19)
(99,5)
(39,5)
(102,18)
(51,11)
(63,14)
(100,6)
(36,15)
(89,7)
(57,9)
(72,17)
(71,16)
(95,1)
(44,15)
(81,13)
(82,1)
(97,18)
(92,3)
(49,0)
(58,2)
(97,1)
(71,19)
(80,0)
(81,1)
(35,3)
(88,9)
(67,13)
(78,7)
(47,11)
(40,7)
(83,6)
(85,0)
(69,0)
(61,8)
(46,2)
(69,9)
(101,17)
(84,6)
(96,8)
(72,0)
(89,18)
(83,9)
(63,3)
(55,11)
(89,4)
(102,3)
(47,19)
(74,6)
(69,0)
(40,15)
(62,9)
(59,13)
(69,12)
(89,13)
(70,19)
(79,9)
(55,14)
(38,17)
(72,6)
(52,3)
(101,1)
(64,11)
(69,0)
(89,16)
(59,4)
(63,4)
(37,0)
(95,18)
(87,16)
(50,9)
(77,15)
(54,4)
(77,6)
(93,9)
(93,0)
(99,7)
(64,19)
(55,4)
(45,0)
(73,1)
(64,8)
(73,19)
(80,14)
(56,3)
(98,15)
(37,1)
(53,10)
(85,1)
(86,3)
(67,15)
(39,11)
(76,5)
(100,8)
(45,10)
(81,1)
(37,2)
(95,13)
(88,19)
(44,0)
(45,15)
(96,15)
(42,0)
(78,4)
(36,11)
(42,0)
(98,14)
(93,3)
(58,1)
(76,16)
(41,1)
(40,12)
(64,13)
(100,15)
(60,13)
(68,1)
(78,11)
(67,0)
(75,12)
(97,8)
(71,5)
(59,0)
(80,8)
(41,19)
(89,19)
(76,11)
(101,0)
(55,12)
(65,13)
(66,3)
(36,0)
(70,11)
(59,0)
(57,6)
(71,3)
(60,5)
(56,5)
(70,15)
(35,0)
(90,3)
(73,13)
(84,19)
(84,11)
(85,9)
(51,9)
(51,18)
(78,8)
(60,11)
(41,4)
(84,6)
(45,5)
(85,7)
(35,14)
(84,1)
(68,7)
(97,3)
(42,14)
(88,18)
(87,13)
(56,7)
(62,2)
(60,0)
(71,0)
(79,2)
(94,14)
(38,4)
(71,3)
(50,11)
(74,5)
(43,8)
(92,0)
(88,11)
(84,5)
(84,2)
(84,14)
(94,2)
(39,3)
(67,3)
(98,6)
(54,0)
(83,19)
(58,15)
(54,5)
(45,1)
(95,18)
(78,1)
(76,15)
(77,10)
(38,18)
(80,16)
(86,1)
(69,3)
(83,12)
(43,19)
(73,12)
(52,12)
(57,19)
(98,11)
(56,16)
(64,15)
(48,7)
(89,4)
(37,6)
(71,10)
(46,8)
(85,17)
(50,10)
(70,3)
(102,10)
(49,14)
(38,12)
(42,13)
(99,9)
(74,16)
(58,2)
(69,1)
(98,14)
(60,0)
(65,1)
(72,4)
(56,0)
(56,5)
(82,3)
(82,8)
(73,3)
(80,15)
(49,4)
(51,8)
(50,1)
(45,5)
(36,13)
(95,9)
(40,4)
(91,11)
(92,3)
(49,18)
(36,0)
(101,0)
(57,13)
(37,15)
(59,9)
(52,5)
(88,16)
(47,0)
(63,9)
(60,12)
(39,8)
(69,3)
(63,13)
(99,6)
(89,2)
(80,5)
(81,14)
(54,14)
(39,5)
(41,1)
(100,9)
(70,17)
(78,18)
(36,1)
(67,4)
(37,10)
(46,8)
(75,2)
(47,10)
(80,11)
(62,10)
(42,8)
(65,2)
(85,12)
(56,3)
(50,19)
(67,15)
(69,0)
(40,1)
(99,17)
(41,4)
(52,11)
(79,10)
(35,0)
(50,7)
(54,4)
(61,10)
(102,2)
(99,2)
(52,4)
(56,18)
(86,0)
(65,6)
(52,12)
(45,4)
(71,8)
(95,4)
(101,0)
(96,2)
(100,16)
(47,7)
(87,8)
(97,9)
(99,11)
(59,10)
(68,1)
(77,10)
(50,10)
(37,17)
(58,14)
(83,4)
(44,8)
(92,6)
(49,6)
(63,6)
(95,9)
(93,1)
(46,18)
(81,3)
(57,14)
(71,8)
(77,1)
(41,11)
(86,1)
(91,5)
(61,2)
(63,16)
(94,8)
(99,1)
(40,9)
(53,0)
(37,19)
(41,1)
(48,3)
(78,14)
(60,2)
(39,9)
(55,1)
(68,10)
(76,14)
(102,3)
(41,3)
(41,1)
(79,18)
(66,16)
(47,7)
(48,15)
(85,0)
(42,12)
(83,19)
(59,7)
(90,3)
(89,13)
(59,1)
(87,14)
(60,12)
(50,6)
(66,10)
(66,6)
(90,0)
(96,3)
(58,0)
(47,7)
(98,12)
(69,0)
(51,4)
(81,1)
(85,11)
(89,14)
(68,9)
(45,8)
(76,5)
(70,12)
(37,0)
(88,5)
(77,18)
(92,9)
(66,10)
(51,3)
(36,8)
(70,2)
(94,16)
(38,3)
(54,6)
(40,17)
(83,6)
(41,6)
(84,13)
(39,8)
(90,2)
(101,7)
(59,1)
(74,0)
(81,19)
(94,0)
(89,8)
(86,11)
(73,6)
(92,14)
(37,3)
(97,1)
(77,0)
(84,3)
(70,14)
(92,12)
(92,6)
(91,0)
(44,0)
(63,7)
(80,17)
(47,6)
(56,13)
(96,10)
(56,5)
(80,6)
(62,0)
(102,19)
(61,18)
(44,1)
(77,11)
(56,9)
(78,6)
(56,0)
(53,12)
(90,13)
(46,13)
(43,7)
(75,14)
(40,9)
(90,14)
(64,15)
(95,13)
(79,11)
(37,0)
(49,11)
(40,10)
(48,9)
(93,1)
(51,16)
(98,10)
(98,3)
(36,13)
(78,2)
(99,16)
(89,8)
(52,18)
(41,2)
(61,7)
(50,16)
(38,10)
(77,4)
(70,0)
(52,11)
(94,7)
(89,14)
(38,13)
(39,10)
(67,14)
(69,10)
(46,14)
(45,4)
(49,1)
(61,2)
(65,12)
(48,10)
(52,6)
(56,16)
(80,0)
(65,2)
(49,0)
(53,7)
(49,5)
(35,8)
(50,2)
(62,10)
(85,8)
(67,8)
(58,8)
(86,15)
(76,9)
(43,2)
(58,7)
(82,4)
(84,4)
(90,1)
(45,3)
(45,8)
(68,13)
(101,0)
(61,10)
(62,8)
(38,6)
(45,13)
(97,2)
(68,18)
(99,8)
(96,5)
(51,6)
(78,1)
(44,6)
(90,6)
(90,4)
(48,11)
(74,9)
(86,8)
(51,1)
(42,7)
(85,15)
(84,18)
(54,14)
(88,4)
(97,4)
(82,15)
(76,10)
(68,19)
(66,1)
(41,14)
(66,4)
(84,5)
(99,8)
(35,10)
(55,18)
(74,18)
(85,2)
(98,8)
(93,12)
(95,7)
(65,7)
(87,0)
(101,16)
(46,5)
(79,0)
(37,17)
(35,3)
(42,1)
(87,1)
(54,10)
(87,9)
(80,10)
(101,5)
(68,16)
(38,10)
(83,17)
(64,13)
(96,4)
(43,16)
(51,4)
(54,17)
(50,2)
(85,8)
(96,8)
(67,13)
(89,10)
(84,18)
(74,8)
(64,14)
(78,11)
(60,3)
(48,4)
(68,6)
(41,13)
(53,9)
(88,12)
(51,2)
(61,1)
(41,0)
(79,18)
(66,12)
(99,2)
(71,2)
(81,6)
(82,5)
(99,0)
(37,1)
(78,1)
(50,4)
(39,10)
(45,14)
(72,7)
(44,2)
(49,9)
(44,14)
(50,12)
(94,1)
(66,8)
(64,3)
(74,7)
(52,1)
(59,11)
(60,4)
(78,3)
(77,4)
(43,0)
(66,14)
(97,18)
(36,3)
(65,3)
(41,15)
(49,4)
(40,19)
(58,9)
(98,2)
(38,15)
(101,1)
(61,3)
(59,8)
(46,19)
(79,16)
(62,9)
(55,9)
(43,8)
(47,4)
(99,6)
(38,15)
(62,4)
(57,4)
(54,14)
(48,9)
(78,3)
(84,1)
(49,11)
(44,16)
(78,0)
(76,7)
(81,2)
(69,18)
(35,5)
(94,9)
(100,13)
(100,3)
(101,4)
(44,11)
(70,4)
(36,17)
(81,2)
(73,3)
(85,1)
(94,15)
(65,11)
(67,8)
(88,5)
(54,0)
(52,18)
(98,17)
(83,2)
(48,14)
(64,1)
(80,19)
(77,8)
(68,14)
(67,3)
(36,5)
(83,1)
(102,0)
(73,7)
(101,7)
(101,3)
(76,18)
(67,0)
(69,0)
(37,8)
(85,9)
(50,9)
(74,17)
(73,8)
(58,12)
(85,17)
(76,4)
(43,17)
(100,9)
(73,2)
(64,18)
(63,12)
(77,3)
(102,0)
(94,2)
(45,6)
(40,11)
(83,11)
(39,13)
(71,11)
(89,17)
(97,9)
(63,17)
(79,5)
(76,1)
(75,18)
(95,15)
(100,10)
(68,2)
(63,9)
(52,8)
(75,3)
(45,8)
(87,12)
(70,3)
(43,8)
(101,13)
(48,15)
(69,3)
(40,3)
(74,1)
(42,10)
(41,4)
(86,11)
(45,0)
(38,18)
(65,11)
(100,6)
(40,19)
(50,2)
(102,13)
(90,13)
(41,1)
(84,8)
(63,9)
(35,4)
(90,0)
(38,3)
(95,2)
(76,11)
(58,13)
(77,5)
(37,2)
(59,1)
(98,5)
(66,1)
(48,1)
(81,14)
(102,18)
(67,3)
(100,6)
(37,5)
(90,4)
(52,11)
(42,11)
(54,6)
(102,13)
(67,16)
(87,11)
(49,18)
(46,14)
(102,9)
(88,18)
(53,10)
(74,3)
(77,15)
(87,0)
(83,9)
(99,14)
(82,12)
(85,0)
(60,10)
(88,0)
(79,4)
(37,17)
(40,3)
(39,12)
(86,5)
(36,15)
(86,19)
(98,19)
(97,13)
(64,2)
(51,19)
(97,2)
(89,1)
(37,2)
(80,18)
(91,1)
(45,6)
(39,4)
(36,9)
(62,8)
(40,0)
(46,15)
(45,2)
(90,4)
(92,1)
(88,19)
(79,3)
(102,16)
(73,11)
(65,13)
(62,12)
(58,10)
(84,17)
(60,0)
(99,1)
(92,16)
(80,11)
(52,0)
(101,12)
(72,9)
(74,1)
(71,8)
(79,3)
(67,15)
(37,4)
(62,0)
(69,12)
(54,10)
(74,17)
(76,0)
(100,8)
(59,16)
(67,13)
(89,12)
(59,18)
(44,19)
(88,2)
(90,0)
(60,8)
(39,11)
(96,7)
(77,9)
(59,17)
(72,18)
(89,2)
(96,1)
(55,4)
(67,0)
(85,19)
(92,2)
(56,10)
(36,4)
(99,16)
(72,1)
(91,0)
(46,12)
(101,0)
(55,7)
(59,4)
(102,2)
(82,17)
(67,18)
(77,2)
(48,4)
(55,1)
(61,15)
(45,2)
(63,0)
(74,1)
(62,10)
(74,4)
(99,8)
(38,16)
(40,9)
(88,4)
(39,2)
(61,17)
(76,0)
(58,15)
(51,2)
(102,13)
(68,12)
(49,19)
(46,10)
(38,4)
(66,4)
(69,19)
(93,10)
(99,10)
(78,2)
(69,17)
(77,15)
(44,0)
(93,14)
(78,0)
(97,10)
(70,5)
(56,17)
(65,1)
(45,3)
(84,4)
(93,5)
(63,4)
(54,18)
(45,12)
(79,1)
(97,7)
(70,2)
(44,0)
(64,3)
(63,4)
(60,17)
(73,14)
(82,7)
(38,6)
(93,1)
(45,2)
(90,19)
(57,16)
(83,9)
(62,9)
(97,1)
(91,1)
(70,9)
(62,12)
(88,7)
(90,12)
(78,1)
(61,16)
(59,13)
(97,16)
(87,6)
(57,16)
(98,3)
(88,2)
(74,7)
(97,16)
(46,10)
(39,1)
(77,9)
(102,0)
(44,5)
(59,0)
(92,16)
(92,6)
(62,0)
(99,5)
(47,6)
(62,17)
(39,12)
(56,0)
(87,4)
(58,12)
(50,8)
(43,3)
(57,10)
(89,4)
(58,5)
(85,7)
(71,9)
(85,1)
(76,1)
(91,7)
(54,6)
(73,7)
(39,0)
(56,2)
(35,13)
(79,0)
(72,10)
(59,15)
(95,1)
(72,18)
(59,0)
(42,16)
(55,13)
(95,15)
(43,7)
(82,17)
(76,0)
(65,8)
(58,9)
(92,19)
(58,1)
(92,15)
(68,5)
(59,3)
(99,10)
(53,10)
(55,5)
(97,10)
(99,13)
(75,10)
(55,4)
(86,15)
(71,14)
(48,13)
(99,5)
(81,9)
(88,2)
(73,5)
(55,16)
(63,10)
(72,2)
(102,0)
(61,6)
(69,15)
(74,12)
(66,1)
(81,13)
(93,18)
(78,5)
(46,1)
(88,16)
(86,13)
(102,0)
(39,8)
(89,2)
(91,10)
(102,10)
(93,1)
(84,9)
(46,12)
(52,2)
(94,13)
(71,12)
(44,0)
(64,0)
(63,0)
(41,0)
(94,2)
(71,3)
(42,1)
(42,17)
(88,2)
(79,19)
(47,1)
(60,10)
(71,18)
(86,4)
(66,12)
(63,15)
(90,0)
(38,2)
(72,13)
(63,18)
(51,1)
(46,0)
(97,2)
(55,4)
(72,6)
(80,1)
(99,6)
(97,0)
(93,3)
(79,10)
(97,0)
(81,2)
(74,0)
(52,15)
(61,18)
(66,8)
(44,5)
(75,2)
(71,14)
(39,15)
(92,17)
(49,17)
(42,2)
(59,12)
(100,3)
(88,8)
(92,6)
(98,8)
(39,0)
(60,4)
(102,2)
(82,12)
(67,1)
(79,4)
(89,18)
(38,2)
(101,14)
(93,19)
(86,6)
(56,0)
(64,1)
(92,0)
(37,19)
(98,13)
(93,16)
(102,4)
(94,12)
(88,19)
(42,1)
(74,17)
(80,5)
(52,0)
(86,6)
(69,6)
(58,19)
(93,11)
(77,0)
(94,5)
(79,3)
(67,10)
(45,11)
(81,14)
(64,7)
(51,0)
(72,8)
(46,8)
(47,4)
(66,5)
(86,6)
(92,8)
(41,8)
(46,16)
(76,19)
(86,10)
(38,12)
(44,9)
(96,1)
(42,19)
(73,19)
(99,0)
(79,3)
(69,9)
(81,14)
(51,0)
(75,2)
(48,17)
(98,18)
(59,9)
(78,2)
(45,0)
(55,6)
(60,7)
(41,12)
(62,6)
(63,10)
(84,8)
(66,12)
(36,2)
(45,3)
(38,14)
(38,17)
(80,8)
(50,3)
(50,3)
(93,3)
(79,3)
(74,1)
(82,16)
(46,17)
(68,5)
(52,9)
(81,3)
(102,9)
(76,7)
(55,18)
(63,10)
(82,14)
(60,19)
(39,0)
(94,7)
(60,12)
(47,11)
(93,12)
(72,1)
(48,7)
(54,14)
(96,5)
(37,1)
(70,18)
(99,1)
(98,2)
(38,7)
(64,4)
(91,9)
(100,19)
(47,1)
(36,0)
(35,15)
(52,7)
(36,9)
(61,16)
(90,1)
(88,17)
(90,0)
(67,2)
(84,1)
(43,8)
(59,12)
(62,13)
(85,4)
(59,6)
(75,1)
(67,0)
(71,14)
(48,5)
(102,5)
(59,9)
(63,12)
(62,15)
(49,12)
(66,5)
(47,11)
(40,3)
(86,8)
(61,1)
(56,2)
(95,2)
(66,19)
(75,11)
(78,9)
(101,5)
(52,3)
(78,17)
(67,13)
(58,1)
(57,0)
(68,15)
(87,7)
(61,2)
(51,19)
(56,14)
(100,13)
(55,2)
(36,1)
(94,7)
(93,15)
(91,1)
(77,16)
(72,17)
(70,15)
(41,12)
(42,18)
(77,13)
(72,7)
(59,13)
(92,7)
(93,4)
(89,11)
(91,6)
(102,3)
(55,13)
(48,6)
(48,17)
(36,13)
(61,3)
(65,0)
(82,9)
(77,2)
(100,7)
(92,16)
(57,0)
(85,15)
(101,1)
(60,10)
(87,5)
(43,1)
(51,0)
(101,7)
(88,0)
(78,19)
(79,11)
(84,3)
(46,3)
(37,9)
(51,4)
(72,6)
(69,0)
(42,10)
(98,1)
(58,3)
(90,19)
(75,11)
(63,7)
(51,14)
(67,0)
(95,15)
(83,14)
(44,0)
(93,18)
(59,15)
(57,14)
(59,2)
(101,0)
(68,12)
(41,17)
(65,8)
(50,12)
(63,13)
(54,9)
(65,14)
(43,11)
(43,11)
(60,13)
(52,11)
(96,3)
(80,2)
(48,0)
(75,0)
(66,5)
(64,4)
(35,14)
(81,19)
(92,3)
(63,16)
(91,7)
(48,9)
(70,12)
(84,19)
(88,13)
(92,18)
(86,3)
(93,14)
(75,11)
(102,14)
(97,4)
(88,2)
(61,19)
(43,8)
(97,15)
(72,1)
(39,19)
(67,19)
(58,16)
(92,8)
(42,5)
(80,10)
(47,19)
(102,3)
(62,16)
(41,19)
(67,2)
(75,3)
(56,12)
(81,18)
(51,19)
(101,16)
(43,4)
(90,2)
(62,6)
(80,1)
(92,13)
(94,12)
(101,8)
(43,0)
(55,7)
(36,0)
(77,1)
(40,0)
(81,1)
(94,3)
(69,14)
(70,2)
(92,13)
(54,11)
(76,15)
(62,3)
(49,8)
(95,19)
(87,7)
(100,10)
(47,18)
(42,4)
(88,9)
(93,7)
(41,5)
(64,9)
(49,16)
(86,5)
(53,8)
(56,0)
(83,2)
(66,11)
(43,9)
(52,2)
(100,1)
(89,1)
(59,6)
(87,16)
(60,12)
(37,3)
(57,0)
(38,13)
(54,16)
(54,7)
(53,11)
(95,5)
(76,14)
(53,10)
(56,15)
(102,11)
(45,11)
(42,0)
(96,0)
(65,2)
(73,15)
(38,12)
(49,4)
(78,10)
(62,9)
(71,14)
(79,11)
(50,0)
(82,10)
(82,1)
(51,13)
(72,9)
(42,9)
(81,3)
(86,6)
(55,1)
(51,0)
(85,1)
(88,7)
(89,15)
(67,0)
(73,2)
(53,10)
(80,14)
(40,1)
(35,2)
(74,5)
(37,9)
(75,10)
(71,4)
(71,9)
(50,19)
(64,8)
(62,16)
(45,2)
(71,14)
(84,10)
(59,15)
(93,3)
(89,18)
(58,5)
(65,2)
(59,8)
(56,4)
(100,10)
(35,1)
(99,4)
(36,0)
(68,5)
(73,0)
(65,8)
(65,3)
(59,10)
(61,18)
(90,0)
(42,6)
(91,8)
(44,6)
(99,6)
(36,17)
(95,3)
(58,16)
(101,13)
(50,17)
(78,13)
(53,2)
(40,14)
(69,4)
(68,12)
(37,15)
(42,19)
(101,18)
(58,4)
(89,8)
(96,16)
(80,8)
(41,13)
(76,3)
(53,7)
(84,3)
(98,17)
(66,6)
(66,2)
(76,14)
(45,13)
(53,0)
(79,7)
(78,0)
(50,2)
(63,6)
(83,7)
(41,0)
(91,10)
(91,2)
(58,6)
(43,4)
(53,13)
(62,0)
(95,17)
(60,10)
(65,15)
(82,7)
(95,6)
(64,7)
(95,8)
(43,12)
(44,15)
(43,0)
(44,16)
(50,12)
(74,8)
(91,4)
(58,12)
(73,9)
(52,10)
(97,12)
(76,15)
(58,12)
(88,15)
(99,1)
(93,9)
(96,9)
(83,9)
(81,5)
(85,5)
(95,11)
(95,1)
(69,14)
(76,1)
(61,15)
(43,3)
(66,5)
(64,15)
(74,13)
(59,16)
(53,12)
(49,17)
(74,3)
(88,8)
(102,4)
(63,16)
(36,15)
(98,2)
(66,2)
(76,18)
(46,10)
(43,0)
(38,11)
(39,1)
(102,16)
(92,4)
(36,8)
(51,17)
(81,16)
(43,6)
(57,10)
(53,3)
(101,11)
(59,2)
(44,4)
(39,1)
(46,4)
(42,19)
(54,14)
(84,5)
(64,2)
(39,15)
(39,1)
(36,1)
(98,11)
(83,0)
(69,3)
(50,5)
(49,17)
(56,0)
(72,1)
(66,7)
(45,1)
(81,12)
(79,8)
(42,2)
(78,2)
(74,10)
(92,8)
(93,5)
(99,16)
(76,12)
(57,0)
(98,2)
(35,4)
(58,0)
(35,14)
(96,14)
(35,11)
(38,8)
(63,13)
(74,3)
(92,9)
(53,8)
(98,12)
(89,7)
(79,6)
(67,16)
(68,11)
(72,17)
(75,1)
(91,11)
(57,3)
(69,0)
(81,3)
(84,2)
(53,6)
(36,7)
(99,1)
(70,4)
(55,1)
(97,16)
(37,17)
(86,5)
(67,18)
(66,8)
(85,10)
(78,18)
(44,1)
(49,13)
(88,7)
(35,0)
(101,5)
(47,12)
(83,0)
(48,2)
(80,3)
(44,2)
(64,4)
(58,13)
(65,2)
(57,2)
(76,9)
(55,17)
(50,8)
(58,14)
(45,15)
(87,2)
(56,2)
(89,11)
(97,13)
(59,3)
(85,0)
(39,5)
(68,0)
(48,0)
(55,0)
(41,8)
(92,4)
(89,0)
(58,4)
(96,2)
(61,2)
(74,2)
(84,12)
(41,13)
(52,7)
(80,3)
(53,11)
(72,9)
(39,17)
(69,4)
(53,18)
(85,1)
(46,8)
(76,11)
(56,14)
(71,2)
(48,10)
(42,0)
(102,5)
(102,19)
(48,10)
(78,7)
(85,7)
(71,0)
(40,19)
(64,15)
(95,19)
(51,6)
(73,1)
(81,1)
(41,2)
(84,1)
(98,4)
(56,12)
(87,4)
(50,16)
(100,6)
(65,0)
(93,2)
(54,0)
(63,10)
(58,9)
(53,6)
(87,9)
(56,7)
(64,19)
(67,11)
(65,4)
(44,1)
(45,10)
(98,8)
(71,9)
(60,5)
(79,3)
(40,8)
(66,10)
(38,6)
(45,4)
(67,7)
(97,2)
(56,16)
(89,10)
(46,5)
(85,10)
(74,16)
(35,1)
(40,14)
(71,8)
(81,9)
(67,2)
(101,3)
(82,5)
(49,4)
(41,7)
(74,1)
(94,17)
(73,0)
(56,14)
(54,16)
(59,2)
(78,3)
(56,16)
(92,4)
(53,12)
(46,12)
(96,2)
(60,5)
(86,6)
(90,6)
(83,4)
(62,2)
(79,18)
(73,13)
(74,7)
(72,11)
(47,15)
(52,3)
(50,4)
(57,0)
(41,1)
(96,4)
(101,2)
(85,17)
(59,17)
(52,18)
(38,16)
(64,0)
(76,10)
(99,9)
(61,15)
(73,6)
(75,11)
(72,17)
(59,1)
(75,0)
(50,12)
(53,4)
(60,0)
(42,10)
(50,0)
(73,0)
(37,3)
(71,9)
(82,12)
(37,8)
(70,2)
(42,2)
(42,3)
(96,7)
(70,19)
(75,17)
(102,19)
(93,1)
(100,9)
(41,13)
(86,6)
(60,12)
(50,2)
(35,3)
(65,19)
(47,18)
(65,0)
(58,2)
(82,17)
(75,9)
(81,2)
(95,4)
(51,16)
(67,8)
(56,1)
(81,18)
(67,3)
(88,15)
(81,8)
(93,1)
(45,12)
(98,2)
(98,1)
(53,11)
(37,0)
(42,4)
(46,15)
(39,10)
(64,3)
(74,2)
(37,3)
(71,13)
(40,3)
(93,5)
(88,3)
(50,12)
(64,13)
(49,2)
(82,1)
(68,7)
(87,13)
(62,9)
(79,10)
(54,3)
(70,13)
(77,13)
(99,9)
(38,5)
(70,8)
(35,3)
(56,18)
(100,0)
(95,1)
(52,16)
(65,7)
(63,15)
(65,2)
(64,11)
(46,5)
(65,15)
(94,2)
(86,16)
(86,0)
(66,19)
(58,15)
(89,3)
(70,8)
(90,1)
(83,16)
(93,10)
(83,17)
(71,2)
(57,1)
(60,2)
(59,16)
(102,14)
(71,19)
(91,15)
(63,19)
(69,3)
(42,4)
(77,19)
(65,14)
(44,13)
(80,19)
(75,5)
(35,3)
(38,12)
(45,1)
(35,1)
(83,17)
(72,7)
(73,15)
(65,1)
(54,2)
(44,4)
(73,17)
(88,6)
(88,16)
(92,0)
(86,2)
(71,8)
(76,10)
(83,6)
(37,4)
(90,13)
(47,5)
(75,4)
(60,9)
(68,5)
(49,2)
(45,15)
(58,10)
(73,3)
(72,0)
(56,8)
(78,14)
(92,11)
(79,10)
(78,12)
(95,16)
(35,10)
(96,4)
(92,6)
(37,15)
(78,6)
(92,12)
(98,0)
(49,17)
(50,19)
(61,10)
(67,15)
(45,5)
(47,10)
(39,1)
(61,4)
(80,2)
(93,14)
(67,12)
(71,7)
(37,16)
(71,17)
(98,6)
(51,8)
(37,1)
(78,5)
(42,7)
(94,8)
(89,3)
(58,17)
(73,3)
(102,5)
(45,8)
(87,0)
(99,0)
(56,19)
(93,1)
(73,18)
(48,10)
(77,0)
(59,3)
(80,13)
(102,1)
(94,0)
(74,12)
(80,8)
(82,0)
(37,10)
(58,19)
(44,8)
(93,0)
(88,0)
(42,18)
(42,19)
(80,15)
(44,0)
(92,1)
(94,5)
(74,7)
(38,13)
(45,4)
(53,5)
(58,1)
(72,19)
(56,19)
(40,0)
(38,4)
(51,18)
(67,1)
(99,4)
(91,10)
(46,2)
(38,14)
(42,17)
(98,7)
(64,0)
(66,14)
(41,0)
(35,5)
(72,5)
(58,19)
(48,0)
(45,1)
(62,18)
(99,13)
(77,15)
(41,4)
(36,1)
(96,18)
(77,14)
(46,5)
(48,17)
(46,19)
(71,18)
(67,0)
(91,5)
(59,4)
(56,2)
(40,14)
(86,8)
(75,13)
(94,10)
(60,12)
(48,3)
(68,4)
(84,10)
(81,6)
(88,12)
(88,18)
(71,9)
(38,0)
(41,6)
(45,11)
(36,2)
(67,0)
(71,4)
(92,1)
(46,19)
(99,4)
(87,0)
(60,0)
(90,2)
(89,16)
(78,6)
(37,15)
(62,17)
(87,15)
(83,0)
(61,10)
(35,0)
(73,14)
(57,19)
(56,7)
(78,14)
(85,3)
(96,4)
(99,18)
(61,7)
(99,1)
(41,19)
(55,1)
(47,0)
(101,15)
(73,17)
(59,3)
(90,3)
(93,19)
(52,3)
(81,2)
(92,6)
(92,6)
(56,12)
(85,18)
(100,16)
(80,17)
(100,18)
(59,14)
(58,11)
(48,4)
(88,15)
(87,19)
(38,6)
(55,0)
(92,6)
(45,3)
(80,15)
(76,13)
(92,8)
(76,17)
(86,5)
(66,2)
(68,0)
(83,8)
(100,19)
(97,6)
(75,2)
(69,17)
(59,16)
(102,16)
(67,19)
(62,5)
(54,4)
(95,12)
(81,19)
(63,3)
(81,18)
(65,11)
(46,18)
(89,1)
(35,2)
(92,10)
(83,0)
(55,2)
(44,12)
(89,1)
(65,14)
(75,18)
(95,18)
(91,2)
(40,5)
(44,16)
(64,8)
(61,8)
(76,15)
(48,6)
(69,1)
(77,19)
(54,14)
(64,7)
(86,12)
(86,15)
(59,12)
(64,4)
(36,6)
(35,2)
(49,10)
(81,0)
(65,16)
(97,18)
(97,0)
(87,7)
(58,14)
(82,6)
(51,14)
(102,16)
(52,15)
(84,14)
(88,17)
(54,13)
(78,3)
(62,3)
(94,9)
(71,10)
(52,14)
(47,18)
(57,11)
(78,11)
(97,1)
(76,0)
(83,10)
(52,10)
(99,7)
(50,19)
(101,3)
(72,17)
(87,11)
(69,13)
(36,12)
(46,2)
(84,2)
(60,11)
(98,8)
(59,3)
(88,3)
(58,3)
(69,17)
(91,2)
(65,4)
(102,8)
(61,11)
(88,8)
(50,2)
(73,18)
(97,7)
(70,7)
(99,3)
(99,11)
(88,11)
(68,0)
(67,1)
(92,1)
(71,16)
(60,12)
(97,17)
(47,16)
(65,18)
(70,2)
(72,18)
(76,0)
(42,13)
(65,13)
(66,18)
(83,8)
(87,5)
(100,14)
(62,9)
(40,19)
(84,4)
(62,3)
(46,11)
(39,1)
(44,2)
(45,0)
(85,19)
(69,8)
(72,16)
(49,12)
(38,5)
(81,0)
(78,11)
(35,3)
(71,15)
(66,3)
(86,11)
(68,17)
(98,19)
(36,7)
(83,9)
(41,19)
(94,9)
(60,4)
(87,18)
(56,8)
(44,1)
(62,12)
(55,18)
(88,6)
(52,8)
(38,3)
(91,8)
(66,1)
(75,3)
(82,5)
(56,16)
(44,8)
(87,8)
(37,10)
(78,2)
(97,17)
(75,5)
(83,7)
(97,6)
(64,0)
(74,12)
(49,6)
(96,9)
(58,13)
(63,2)
(66,14)
(100,3)
(82,5)
(69,0)
(91,0)
(55,8)
(95,11)
(55,7)
(76,19)
(36,9)
(61,13)
(82,7)

(41,0)
(41,1)
(41,2)
(40,3)
(41,4)
(41,5)
(42,6)
(40,7)
(42,8)
(42,9)
(41,10)
(40,11)
(42,12)
(42,13)
(40,14)
(40,15)
(42,16)
(41,17)
(42,18)
(42,19)
(99,5)
(39,5)
(102,18)
(51,11)
(63,14)
(100,6)
(36,15)
(89,7)
(57,9)
(72,17)
(71,16)
(95,1)
(44,15)
(81,13)
(82,1)
(97,18)
(92,3)
(49,0)
(58,2)
(97,1)
(71,19)
(80,0)
(81,1)
(35,3)
(88,9)
(67,13)
(78,7)
(47,11)
(40,7)
(83,6)
(85,0)
(69,0)
(61,8)
(46,2)
(69,9)
(101,17)
(84,6)
(96,8)
(72,0)
(89,18)
(83,9)
(63,3)
(55,11)
(89,4)
(102,3)
(47,19)
(74,6)
(69,0)
(40,15)
(62,9)
(59,13)
(69,12)
(89,13)
(70,19)
(79,9)
(55,14)
(38,17)
(72,6)
(52,3)
(101,1)
(64,11)
(69,0)
(89,16)
(59,4)
(63,4)
(37,0)
(95,18)
(87,16)
(50,9)
(77,15)
(54,4)
(77,6)
(93,9)
(93,0)
(99,7)
(64,19)
(55,4)
(45,0)
(73,1)
(64,8)
(73,19)
(80,14)
(56,3)
(98,15)
(37,1)
(53,10)
(85,1)
(86,3)
(67,15)
(39,11)
(76,5)
(100,8)
(45,10)
(81,1)
(37,2)
(95,13)
(88,19)
(44,0)
(45,15)
(96,15)
(42,0)
(78,4)
(36,11)
(42,0)
(98,14)
(93,3)
(58,1)
(76,16)
(41,1)
(40,12)
(64,13)
(100,15)
(60,13)
(68,1)
(78,11)
(67,0)
(75,12)
(97,8)
(71,5)
(59,0)
(80,8)
(41,19)
(89,19)
(76,11)
(101,0)
(55,12)
(65,13)
(66,3)
(36,0)
(70,11)
(59,0)
(57,6)
(71,3)
(60,5)
(56,5)
(70,15)
(35,0)
(90,3)
(73,13)
(84,19)
(84,11)
(85,9)
(51,9)
(51,18)
(78,8)
(60,11)
(41,4)
(84,6)
(45,5)
(85,7)
(35,14)
(84,1)
(68,7)
(97,3)
(42,14)
(88,18)
(87,13)
(56,7)
(62,2)
(60,0)
(71,0)
(79,2)
(94,14)
(38,4)
(71,3)
(50,11)
(74,5)
(43,8)
(92,0)
(88,11)
(84,5)
(84,2)
(84,14)
(94,2)
(39,3)
(67,3)
(98,6)
(54,0)
(83,19)
(58,15)
(54,5)
(45,1)
(95,18)
(78,1)
(76,15)
(77,10)
(38,18)
(80,16)
(86,1)
(69,3)
(83,12)
(43,19)
(73,12)
(52,12)
(57,19)
(98,11)
(56,16)
(64,15)
(48,7)
(89,4)
(37,6)
(71,10)
(46,8)
(85,17)
(50,10)
(70,3)
(102,10)
(49,14)
(38,12)
(42,13)
(99,9)
(74,16)
(58,2)
(69,1)
(98,14)
(60,0)
(65,1)
(72,4)
(56,0)
(56,5)
(82,3)
(82,8)
(73,3)
(80,15)
(49,4)
(51,8)
(50,1)
(45,5)
(36,13)
(95,9)
(40,4)
(91,11)
(92,3)
(49,18)
(36,0)
(101,0)
(57,13)
(37,15)
(59,9)
(52,5)
(88,16)
(47,0)
(63,9)
(60,12)
(39,8)
(69,3)
(63,13)
(99,6)
(89,2)
(80,5)
(81,14)
(54,14)
(39,5)
(41,1)
(100,9)
(70,17)
(78,18)
(36,1)
(67,4)
(37,10)
(46,8)
(75,2)
(47,10)
(80,11)
(62,10)
(42,8)
(65,2)
(85,12)
(56,3)
(50,19)
(67,15)
(69,0)
(40,1)
(99,17)
(41,4)
(52,11)
(79,10)
(35,0)
(50,7)
(54,4)
(61,10)
(102,2)
(99,2)
(52,4)
(56,18)
(86,0)
(65,6)
(52,12)
(45,4)
(71,8)
(95,4)
(101,0)
(96,2)
(100,16)
(47,7)
(87,8)
(97,9)
(99,11)
(59,10)
(68,1)
(77,10)
(50,10)
(37,17)
(58,14)
(83,4)
(44,8)
(92,6)
(49,6)
(63,6)
(95,9)
(93,1)
(46,18)
(81,3)
(57,14)
(71,8)
(77,1)
(41,11)
(86,1)
(91,5)
(61,2)
(63,16)
(94,8)
(99,1)
(40,9)
(53,0)
(37,19)
(41,1)
(48,3)
(78,14)
(60,2)
(39,9)
(55,1)
(68,10)
(76,14)
(102,3)
(41,3)
(41,1)
(79,18)
(66,16)
(47,7)
(48,15)
(85,0)
(42,12)
(83,19)
(59,7)
(90,3)
(89,13)
(59,1)
(87,14)
(60,12)
(50,6)
(66,10)
(66,6)
(90,0)
(96,3)
(58,0)
(47,7)
(98,12)
(69,0)
(51,4)
(81,1)
(85,11)
(89,14)
(68,9)
(45,8)
(76,5)
(70,12)
(37,0)
(88,5)
(77,18)
(92,9)
(66,10)
(51,3)
(36,8)
(70,2)
(94,16)
(38,3)
(54,6)
(40,17)
(83,6)
(41,6)
(84,13)
(39,8)
(90,2)
(101,7)
(59,1)
(74,0)
(81,19)
(94,0)
(89,8)
(86,11)
(73,6)
(92,14)
(37,3)
(97,1)
(77,0)
(84,3)
(70,14)
(92,12)
(92,6)
(91,0)
(44,0)
(63,7)
(80,17)
(47,6)
(56,13)
(96,10)
(56,5)
(80,6)
(62,0)
(102,19)
(61,18)
(44,1)
(77,11)
(56,9)
(78,6)
(56,0)
(53,12)
(90,13)
(46,13)
(43,7)
(75,14)
(40,9)
(90,14)
(64,15)
(95,13)
(79,11)
(37,0)
(49,11)
(40,10)
(48,9)
(93,1)
(51,16)
(98,10)
(98,3)
(36,13)
(78,2)
(99,16)
(89,8)
(52,18)
(41,2)
(61,7)
(50,16)
(38,10)
(77,4)
(70,0)
(52,11)
(94,7)
(89,14)
(38,13)
(39,10)
(67,14)
(69,10)
(46,14)
(45,4)
(49,1)
(61,2)
(65,12)
(48,10)
(52,6)
(56,16)
(80,0)
(65,2)
(49,0)
(53,7)
(49,5)
(35,8)
(50,2)
(62,10)
(85,8)
(67,8)
(58,8)
(86,15)
(76,9)
(43,2)
(58,7)
(82,4)
(84,4)
(90,1)
(45,3)
(45,8)
(68,13)
(101,0)
(61,10)
(62,8)
(38,6)
(45,13)
(97,2)
(68,18)
(99,8)
(96,5)
(51,6)
(78,1)
(44,6)
(90,6)
(90,4)
(48,11)
(74,9)
(86,8)
(51,1)
(42,7)
(85,15)
(84,18)
(54,14)
(88,4)
(97,4)
(82,15)
(76,10)
(68,19)
(66,1)
(41,14)
(66,4)
(84,5)
(99,8)
(35,10)
(55,18)
(74,18)
(85,2)
(98,8)
(93,12)
(95,7)
(65,7)
(87,0)
(101,16)
(46,5)
(79,0)
(37,17)
(35,3)
(42,1)
(87,1)
(54,10)
(87,9)
(80,10)
(101,5)
(68,16)
(38,10)
(83,17)
(64,13)
(96,4)
(43,16)
(51,4)
(54,17)
(50,2)
(85,8)
(96,8)
(67,13)
(89,10)
(84,18)
(74,8)
(64,14)
(78,11)
(60,3)
(48,4)
(68,6)
(41,13)
(53,9)
(88,12)
(51,2)
(61,1)
(41,0)
(79,18)
(66,12)
(99,2)
(71,2)
(81,6)
(82,5)
(99,0)
(37,1)
(78,1)
(50,4)
(39,10)
(45,14)
(72,7)
(44,2)
(49,9)
(44,14)
(50,12)
(94,1)
(66,8)
(64,3)
(74,7)
(52,1)
(59,11)
(60,4)
(78,3)
(77,4)
(43,0)
(66,14)
(97,18)
(36,3)
(65,3)
(41,15)
(49,4)
(40,19)
(58,9)
(98,2)
(38,15)
(101,1)
(61,3)
(59,8)
(46,19)
(79,16)
(62,9)
(55,9)
(43,8)
(47,4)
(99,6)
(38,15)
(62,4)
(57,4)
(54,14)
(48,9)
(78,3)
(84,1)
(49,11)
(44,16)
(78,0)
(76,7)
(81,2)
(69,18)
(35,5)
(94,9)
(100,13)
(100,3)
(101,4)
(44,11)
(70,4)
(36,17)
(81,2)
(73,3)
(85,1)
(94,15)
(65,11)
(67,8)
(88,5)
(54,0)
(52,18)
(98,17)
(83,2)
(48,14)
(64,1)
(80,19)
(77,8)
(68,14)
(67,3)
(36,5)
(83,1)
(102,0)
(73,7)
(101,7)
(101,3)
(76,18)
(67,0)
(69,0)
(37,8)
(85,9)
(50,9)
(74,17)
(73,8)
(58,12)
(85,17)
(76,4)
(43,17)
(100,9)
(73,2)
(64,18)
(63,12)
(77,3)
(102,0)
(94,2)
(45,6)
(40,11)
(83,11)
(39,13)
(71,11)
(89,17)
(97,9)
(63,17)
(79,5)
(76,1)
(75,18)
(95,15)
(100,10)
(68,2)
(63,9)
(52,8)
(75,3)
(45,8)
(87,12)
(70,3)
(43,8)
(101,13)
(48,15)
(69,3)
(40,3)
(74,1)
(42,10)
(41,4)
(86,11)
(45,0)
(38,18)
(65,11)
(100,6)
(40,19)
(50,2)
(102,13)
(90,13)
(41,1)
(84,8)
(63,9)
(35,4)
(90,0)
(38,3)
(95,2)
(76,11)
(58,13)
(77,5)
(37,2)
(59,1)
(98,5)
(66,1)
(48,1)
(81,14)
(102,18)
(67,3)
(100,6)
(37,5)
(90,4)
(52,11)
(42,11)
(54,6)
(102,13)
(67,16)
(87,11)
(49,18)
(46,14)
(102,9)
(88,18)
(53,10)
(74,3)
(77,15)
(87,0)
(83,9)
(99,14)
(82,12)
(85,0)
(60,10)
(88,0)
(79,4)
(37,17)
(40,3)
(39,12)
(86,5)
(36,15)
(86,19)
(98,19)
(97,13)
(64,2)
(51,19)
(97,2)
(89,1)
(37,2)
(80,18)
(91,1)
(45,6)
(39,4)
(36,9)
(62,8)
(40,0)
(46,15)
(45,2)
(90,4)
(92,1)
(88,19)
(79,3)
(102,16)
(73,11)
(65,13)
(62,12)
(58,10)
(84,17)
(60,0)
(99,1)
(92,16)
(80,11)
(52,0)
(101,12)
(72,9)
(74,1)
(71,8)
(79,3)
(67,15)
(37,4)
(62,0)
(69,12)
(54,10)
(74,17)
(76,0)
(100,8)
(59,16)
(67,13)
(89,12)
(59,18)
(44,19)
(88,2)
(90,0)
(60,8)
(39,11)
(96,7)
(77,9)
(59,17)
(72,18)
(89,2)
(96,1)
(55,4)
(67,0)
(85,19)
(92,2)
(56,10)
(36,4)
(99,16)
(72,1)
(91,0)
(46,12)
(101,0)
(55,7)
(59,4)
(102,2)
(82,17)
(67,18)
(77,2)
(48,4)
(55,1)
(61,15)
(45,2)
(63,0)
(74,1)
(62,10)
(74,4)
(99,8)
(38,16)
(40,9)
(88,4)
(39,2)
(61,17)
(76,0)
(58,15)
(51,2)
(102,13)
(68,12)
(49,19)
(46,10)
(38,4)
(66,4)
(69,19)
(93,10)
(99,10)
(78,2)
(69,17)
(77,15)
(44,0)
(93,14)
(78,0)
(97,10)
(70,5)
(56,17)
(65,1)
(45,3)
(84,4)
(93,5)
(63,4)
(54,18)
(45,12)
(79,1)
(97,7)
(70,2)
(44,0)
(64,3)
(63,4)
(60,17)
(73,14)
(82,7)
(38,6)
(93,1)
(45,2)
(90,19)
(57,16)
(83,9)
(62,9)
(97,1)
(91,1)
(70,9)
(62,12)
(88,7)
(90,12)
(78,1)
(61,16)
(59,13)
(97,16)
(87,6)
(57,16)
(98,3)
(88,2)
(74,7)
(97,16)
(46,10)
(39,1)
(77,9)
(102,0)
(44,5)
(59,0)
(92,16)
(92,6)
(62,0)
(99,5)
(47,6)
(62,17)
(39,12)
(56,0)
(87,4)
(58,12)
(50,8)
(43,3)
(57,10)
(89,4)
(58,5)
(85,7)
(71,9)
(85,1)
(76,1)
(91,7)
(54,6)
(73,7)
(39,0)
(56,2)
(35,13)
(79,0)
(72,10)
(59,15)
(95,1)
(72,18)
(59,0)
(42,16)
(55,13)
(95,15)
(43,7)
(82,17)
(76,0)
(65,8)
(58,9)
(92,19)
(58,1)
(92,15)
(68,5)
(59,3)
(99,10)
(53,10)
(55,5)
(97,10)
(99,13)
(75,10)
(55,4)
(86,15)
(71,14)
(48,13)
(99,5)
(81,9)
(88,2)
(73,5)
(55,16)
(63,10)
(72,2)
(102,0)
(61,6)
(69,15)
(74,12)
(66,1)
(81,13)
(93,18)
(78,5)
(46,1)
(88,16)
(86,13)
(102,0)
(39,8)
(89,2)
(91,10)
(102,10)
(93,1)
(84,9)
(46,12)
(52,2)
(94,13)
(71,12)
(44,0)
(64,0)
(63,0)
(41,0)
(94,2)
(71,3)
(42,1)
(42,17)
(88,2)
(79,19)
(47,1)
(60,10)
(71,18)
(86,4)
(66,12)
(63,15)
(90,0)
(38,2)
(72,13)
(63,18)
(51,1)
(46,0)
(97,2)
(55,4)
(72,6)
(80,1)
(99,6)
(97,0)
(93,3)
(79,10)
(97,0)
(81,2)
(74,0)
(52,15)
(61,18)
(66,8)
(44,5)
(75,2)
(71,14)
(39,15)
(92,17)
(49,17)
(42,2)
(59,12)
(100,3)
(88,8)
(92,6)
(98,8)
(39,0)
(60,4)
(102,2)
(82,12)
(67,1)
(79,4)
(89,18)
(38,2)
(101,14)
(93,19)
(86,6)
(56,0)
(64,1)
(92,0)
(37,19)
(98,13)
(93,16)
(102,4)
(94,12)
(88,19)
(42,1)
(74,17)
(80,5)
(52,0)
(86,6)
(69,6)
(58,19)
(93,11)
(77,0)
(94,5)
(79,3)
(67,10)
(45,11)
(81,14)
(64,7)
(51,0)
(72,8)
(46,8)
(47,4)
(66,5)
(86,6)
(92,8)
(41,8)
(46,16)
(76,19)
(86,10)
(38,12)
(44,9)
(96,1)
(42,19)
(73,19)
(99,0)
(79,3)
(69,9)
(81,14)
(51,0)
(75,2)
(48,17)
(98,18)
(59,9)
(78,2)
(45,0)
(55,6)
(60,7)
(41,12)
(62,6)
(63,10)
(84,8)
(66,12)
(36,2)
(45,3)
(38,14)
(38,17)
(80,8)
(50,3)
(50,3)
(93,3)
(79,3)
(74,1)
(82,16)
(46,17)
(68,5)
(52,9)
(81,3)
(102,9)
(76,7)
(55,18)
(63,10)
(82,14)
(60,19)
(39,0)
(94,7)
(60,12)
(47,11)
(93,12)
(72,1)
(48,7)
(54,14)
(96,5)
(37,1)
(70,18)
(99,1)
(98,2)
(38,7)
(64,4)
(91,9)
(100,19)
(47,1)
(36,0)
(35,15)
(52,7)
(36,9)
(61,16)
(90,1)
(88,17)
(90,0)
(67,2)
(84,1)
(43,8)
(59,12)
(62,13)
(85,4)
(59,6)
(75,1)
(67,0)
(71,14)
(48,5)
(102,5)
(59,9)
(63,12)
(62,15)
(49,12)
(66,5)
(47,11)
(40,3)
(86,8)
(61,1)
(56,2)
(95,2)
(66,19)
(75,11)
(78,9)
(101,5)
(52,3)
(78,17)
(67,13)
(58,1)
(57,0)
(68,15)
(87,7)
(61,2)
(51,19)
(56,14)
(100,13)
(55,2)
(36,1)
(94,7)
(93,15)
(91,1)
(77,16)
(72,17)
(70,15)
(41,12)
(42,18)
(77,13)
(72,7)
(59,13)
(92,7)
(93,4)
(89,11)
(91,6)
(102,3)
(55,13)
(48,6)
(48,17)
(36,13)
(61,3)
(65,0)
(82,9)
(77,2)
(100,7)
(92,16)
(57,0)
(85,15)
(101,1)
(60,10)
(87,5)
(43,1)
(51,0)
(101,7)
(88,0)
(78,19)
(79,11)
(84,3)
(46,3)
(37,9)
(51,4)
(72,6)
(69,0)
(42,10)
(98,1)
(58,3)
(90,19)
(75,11)
(63,7)
(51,14)
(67,0)
(95,15)
(83,14)
(44,0)
(93,18)
(59,15)
(57,14)
(59,2)
(101,0)
(68,12)
(41,17)
(65,8)
(50,12)
(63,13)
(54,9)
(65,14)
(43,11)
(43,11)
(60,13)
(52,11)
(96,3)
(80,2)
(48,0)
(75,0)
(66,5)
(64,4)
(35,14)
(81,19)
(92,3)
(63,16)
(91,7)
(48,9)
(70,12)
(84,19)
(88,13)
(92,18)
(86,3)
(93,14)
(75,11)
(102,14)
(97,4)
(88,2)
(61,19)
(43,8)
(97,15)
(72,1)
(39,19)
(67,19)
(58,16)
(92,8)
(42,5)
(80,10)
(47,19)
(102,3)
(62,16)
(41,19)
(67,2)
(75,3)
(56,12)
(81,18)
(51,19)
(101,16)
(43,4)
(90,2)
(62,6)
(80,1)
(92,13)
(94,12)
(101,8)
(43,0)
(55,7)
(36,0)
(77,1)
(40,0)
(81,1)
(94,3)
(69,14)
(70,2)
(92,13)
(54,11)
(76,15)
(62,3)
(49,8)
(95,19)
(87,7)
(100,10)
(47,18)
(42,4)
(88,9)
(93,7)
(41,5)
(64,9)
(49,16)
(86,5)
(53,8)
(56,0)
(83,2)
(66,11)
(43,9)
(52,2)
(100,1)
(89,1)
(59,6)
(87,16)
(60,12)
(37,3)
(57,0)
(38,13)
(54,16)
(54,7)
(53,11)
(95,5)
(76,14)
(53,10)
(56,15)
(102,11)
(45,11)
(42,0)
(96,0)
(65,2)
(73,15)
(38,12)
(49,4)
(78,10)
(62,9)
(71,14)
(79,11)
(50,0)
(82,10)
(82,1)
(51,13)
(72,9)
(42,9)
(81,3)
(86,6)
(55,1)
(51,0)
(85,1)
(88,7)
(89,15)
(67,0)
(73,2)
(53,10)
(80,14)
(40,1)
(35,2)
(74,5)
(37,9)
(75,10)
(71,4)
(71,9)
(50,19)
(64,8)
(62,16)
(45,2)
(71,14)
(84,10)
(59,15)
(93,3)
(89,18)
(58,5)
(65,2)
(59,8)
(56,4)
(100,10)
(35,1)
(99,4)
(36,0)
(68,5)
(73,0)
(65,8)
(65,3)
(59,10)
(61,18)
(90,0)
(42,6)
(91,8)
(44,6)
(99,6)
(36,17)
(95,3)
(58,16)
(101,13)
(50,17)
(78,13)
(53,2)
(40,14)
(69,4)
(68,12)
(37,15)
(42,19)
(101,18)
(58,4)
(89,8)
(96,16)
(80,8)
(41,13)
(76,3)
(53,7)
(84,3)
(98,17)
(66,6)
(66,2)
(76,14)
(45,13)
(53,0)
(79,7)
(78,0)
(50,2)
(63,6)
(83,7)
(41,0)
(91,10)
(91,2)
(58,6)
(43,4)
(53,13)
(62,0)
(95,17)
(60,10)
(65,15)
(82,7)
(95,6)
(64,7)
(95,8)
(43,12)
(44,15)
(43,0)
(44,16)
(50,12)
(74,8)
(91,4)
(58,12)
(73,9)
(52,10)
(97,12)
(76,15)
(58,12)
(88,15)
(99,1)
(93,9)
(96,9)
(83,9)
(81,5)
(85,5)
(95,11)
(95,1)
(69,14)
(76,1)
(61,15)
(43,3)
(66,5)
(64,15)
(74,13)
(59,16)
(53,12)
(49,17)
(74,3)
(88,8)
(102,4)
(63,16)
(36,15)
(98,2)
(66,2)
(76,18)
(46,10)
(43,0)
(38,11)
(39,1)
(102,16)
(92,4)
(36,8)
(51,17)
(81,16)
(43,6)
(57,10)
(53,3)
(101,11)
(59,2)
(44,4)
(39,1)
(46,4)
(42,19)
(54,14)
(84,5)
(64,2)
(39,15)
(39,1)
(36,1)
(98,11)
(83,0)
(69,3)
(50,5)
(49,17)
(56,0)
(72,1)
(66,7)
(45,1)
(81,12)
(79,8)
(42,2)
(78,2)
(74,10)
(92,8)
(93,5)
(99,16)
(76,12)
(57,0)
(98,2)
(35,4)
(58,0)
(35,14)
(96,14)
(35,11)
(38,8)
(63,13)
(74,3)
(92,9)
(53,8)
(98,12)
(89,7)
(79,6)
(67,16)
(68,11)
(72,17)
(75,1)
(91,11)
(57,3)
(69,0)
(81,3)
(84,2)
(53,6)
(36,7)
(99,1)
(70,4)
(55,1)
(97,16)
(37,17)
(86,5)
(67,18)
(66,8)
(85,10)
(78,18)
(44,1)
(49,13)
(88,7)
(35,0)
(101,5)
(47,12)
(83,0)
(48,2)
(80,3)
(44,2)
(64,4)
(58,13)
(65,2)
(57,2)
(76,9)
(55,17)
(50,8)
(58,14)
(45,15)
(87,2)
(56,2)
(89,11)
(97,13)
(59,3)
(85,0)
(39,5)
(68,0)
(48,0)
(55,0)
(41,8)
(92,4)
(89,0)
(58,4)
(96,2)
(61,2)
(74,2)
(84,12)
(41,13)
(52,7)
(80,3)
(53,11)
(72,9)
(39,17)
(69,4)
(53,18)
(85,1)
(46,8)
(76,11)
(56,14)
(71,2)
(48,10)
(42,0)
(102,5)
(102,19)
(48,10)
(78,7)
(85,7)
(71,0)
(40,19)
(64,15)
(95,19)
(51,6)
(73,1)
(81,1)
(41,2)
(84,1)
(98,4)
(56,12)
(87,4)
(50,16)
(100,6)
(65,0)
(93,2)
(54,0)
(63,10)
(58,9)
(53,6)
(87,9)
(56,7)
(64,19)
(67,11)
(65,4)
(44,1)
(45,10)
(98,8)
(71,9)
(60,5)
(79,3)
(40,8)
(66,10)
(38,6)
(45,4)
(67,7)
(97,2)
(56,16)
(89,10)
(46,5)
(85,10)
(74,16)
(35,1)
(40,14)
(71,8)
(81,9)
(67,2)
(101,3)
(82,5)
(49,4)
(41,7)
(74,1)
(94,17)
(73,0)
(56,14)
(54,16)
(59,2)
(78,3)
(56,16)
(92,4)
(53,12)
(46,12)
(96,2)
(60,5)
(86,6)
(90,6)
(83,4)
(62,2)
(79,18)
(73,13)
(74,7)
(72,11)
(47,15)
(52,3)
(50,4)
(57,0)
(41,1)
(96,4)
(101,2)
(85,17)
(59,17)
(52,18)
(38,16)
(64,0)
(76,10)
(99,9)
(61,15)
(73,6)
(75,11)
(72,17)
(59,1)
(75,0)
(50,12)
(53,4)
(60,0)
(42,10)
(50,0)
(73,0)
(37,3)
(71,9)
(82,12)
(37,8)
(70,2)
(42,2)
(42,3)
(96,7)
(70,19)
(75,17)
(102,19)
(93,1)
(100,9)
(41,13)
(86,6)
(60,12)
(50,2)
(35,3)
(65,19)
(47,18)
(65,0)
(58,2)
(82,17)
(75,9)
(81,2)
(95,4)
(51,16)
(67,8)
(56,1)
(81,18)
(67,3)
(88,15)
(81,8)
(93,1)
(45,12)
(98,2)
(98,1)
(53,11)
(37,0)
(42,4)
(46,15)
(39,10)
(64,3)
(74,2)
(37,3)
(71,13)
(40,3)
(93,5)
(88,3)
(50,12)
(64,13)
(49,2)
(82,1)
(68,7)
(87,13)
(62,9)
(79,10)
(54,3)
(70,13)
(77,13)
(99,9)
(38,5)
(70,8)
(35,3)
(56,18)
(100,0)
(95,1)
(52,16)
(65,7)
(63,15)
(65,2)
(64,11)
(46,5)
(65,15)
(94,2)
(86,16)
(86,0)
(66,19)
(58,15)
(89,3)
(70,8)
(90,1)
(83,16)
(93,10)
(83,17)
(71,2)
(57,1)
(60,2)
(59,16)
(102,14)
(71,19)
(91,15)
(63,19)
(69,3)
(42,4)
(77,19)
(65,14)
(44,13)
(80,19)
(75,5)
(35,3)
(38,12)
(45,1)
(35,1)
(83,17)
(72,7)
(73,15)
(65,1)
(54,2)
(44,4)
(73,17)
(88,6)
(88,16)
(92,0)
(86,2)
(71,8)
(76,10)
(83,6)
(37,4)
(90,13)
(47,5)
(75,4)
(60,9)
(68,5)
(49,2)
(45,15)
(58,10)
(73,3)
(72,0)
(56,8)
(78,14)
(92,11)
(79,10)
(78,12)
(95,16)
(35,10)
(96,4)
(92,6)
(37,15)
(78,6)
(92,12)
(98,0)
(49,17)
(50,19)
(61,10)
(67,15)
(45,5)
(47,10)
(39,1)
(61,4)
(80,2)
(93,14)
(67,12)
(71,7)
(37,16)
(71,17)
(98,6)
(51,8)
(37,1)
(78,5)
(42,7)
(94,8)
(89,3)
(58,17)
(73,3)
(102,5)
(45,8)
(87,0)
(99,0)
(56,19)
(93,1)
(73,18)
(48,10)
(77,0)
(59,3)
(80,13)
(102,1)
(94,0)
(74,12)
(80,8)
(82,0)
(37,10)
(58,19)
(44,8)
(93,0)
(88,0)
(42,18)
(42,19)
(80,15)
(44,0)
(92,1)
(94,5)
(74,7)
(38,13)
(45,4)
(53,5)
(58,1)
(72,19)
(56,19)
(40,0)
(38,4)
(51,18)
(67,1)
(99,4)
(91,10)
(46,2)
(38,14)
(42,17)
(98,7)
(64,0)
(66,14)
(41,0)
(35,5)
(72,5)
(58,19)
(48,0)
(45,1)
(62,18)
(99,13)
(77,15)
(41,4)
(36,1)
(96,18)
(77,14)
(46,5)
(48,17)
(46,19)
(71,18)
(67,0)
(91,5)
(59,4)
(56,2)
(40,14)
(86,8)
(75,13)
(94,10)
(60,12)
(48,3)
(68,4)
(84,10)
(81,6)
(88,12)
(88,18)
(71,9)
(38,0)
(41,6)
(45,11)
(36,2)
(67,0)
(71,4)
(92,1)
(46,19)
(99,4)
(87,0)
(60,0)
(90,2)
(89,16)
(78,6)
(37,15)
(62,17)
(87,15)
(83,0)
(61,10)
(35,0)
(73,14)
(57,19)
(56,7)
(78,14)
(85,3)
(96,4)
(99,18)
(61,7)
(99,1)
(41,19)
(55,1)
(47,0)
(101,15)
(73,17)
(59,3)
(90,3)
(93,19)
(52,3)
(81,2)
(92,6)
(92,6)
(56,12)
(85,18)
(100,16)
(80,17)
(100,18)
(59,14)
(58,11)
(48,4)
(88,15)
(87,19)
(38,6)
(55,0)
(92,6)
(45,3)
(80,15)
(76,13)
(92,8)
(76,17)
(86,5)
(66,2)
(68,0)
(83,8)
(100,19)
(97,6)
(75,2)
(69,17)
(59,16)
(102,16)
(67,19)
(62,5)
(54,4)
(95,12)
(81,19)
(63,3)
(81,18)
(65,11)
(46,18)
(89,1)
(35,2)
(92,10)
(83,0)
(55,2)
(44,12)
(89,1)
(65,14)
(75,18)
(95,18)
(91,2)
(40,5)
(44,16)
(64,8)
(61,8)
(76,15)
(48,6)
(69,1)
(77,19)
(54,14)
(64,7)
(86,12)
(86,15)
(59,12)
(64,4)
(36,6)
(35,2)
(49,10)
(81,0)
(65,16)
(97,18)
(97,0)
(87,7)
(58,14)
(82,6)
(51,14)
(102,16)
(52,15)
(84,14)
(88,17)
(54,13)
(78,3)
(62,3)
(94,9)
(71,10)
(52,14)
(47,18)
(57,11)
(78,11)
(97,1)
(76,0)
(83,10)
(52,10)
(99,7)
(50,19)
(101,3)
(72,17)
(87,11)
(69,13)
(36,12)
(46,2)
(84,2)
(60,11)
(98,8)
(59,3)
(88,3)
(58,3)
(69,17)
(91,2)
(65,4)
(102,8)
(61,11)
(88,8)
(50,2)
(73,18)
(97,7)
(70,7)
(99,3)
(99,11)
(88,11)
(68,0)
(67,1)
(92,1)
(71,16)
(60,12)
(97,17)
(47,16)
(65,18)
(70,2)
(72,18)
(76,0)
(42,13)
(65,13)
(66,18)
(83,8)
(87,5)
(100,14)
(62,9)
(40,19)
(84,4)
(62,3)
(46,11)
(39,1)
(44,2)
(45,0)
(85,19)
(69,8)
(72,16)
(49,12)
(38,5)
(81,0)
(78,11)
(35,3)
(71,15)
(66,3)
(86,11)
(68,17)
(98,19)
(36,7)
(83,9)
(41,19)
(94,9)
(60,4)
(87,18)
(56,8)
(44,1)
(62,12)
(55,18)
(88,6)
(52,8)
(38,3)
(91,8)
(66,1)
(75,3)
(82,5)
(56,16)
(44,8)
(87,8)
(37,10)
(78,2)
(97,17)
(75,5)
(83,7)
(97,6)
(64,0)
(74,12)
(49,6)
(96,9)
(58,13)
(63,2)
(66,14)
(100,3)
(82,5)
(69,0)
(91,0)
(55,8)
(95,11)
(55,7)
(76,19)
(36,9)
(61,13)
(82,7)
0.popular= 0.091556
1.popular= 0.076000
2.popular= 0.071111
3.popular= 0.064889
4.popular= 0.056889
5.popular= 0.044444
6.popular= 0.043556
7.popular= 0.041778
8.popular= 0.054667
9.popular= 0.044889
10.popular= 0.049333
11.popular= 0.040889
12.popular= 0.044000
13.popular= 0.041778
14.popular= 0.040444
15.popular= 0.040444
16.popular= 0.038222
17.popular= 0.035111
18.popular= 0.038222
19.popular= 0.041778

peer 0 neighbors is: 76, 21, 35, 29, 100, 93, 87, 69, 83, 36, 17, 
peer 1 neighbors is: 42, 19, 12, 53, 79, 60, 44, 41, 97, 77, 7, 23, 28, 31, 
peer 2 neighbors is: 72, 22, 99, 36, 26, 75, 100, 91, 95, 52, 33, 
peer 3 neighbors is: 86, 99, 62, 18, 36, 56, 19, 21, 83, 27, 17, 31, 
peer 4 neighbors is: 37, 95, 6, 84, 33, 50, 5, 27, 55, 74, 16, 29, 42, 
peer 5 neighbors is: 4, 23, 51, 94, 35, 84, 12, 88, 44, 30, 8, 13, 22, 
peer 6 neighbors is: 4, 18, 74, 65, 97, 40, 86, 85, 67, 36, 11, 
peer 7 neighbors is: 32, 52, 1, 45, 35, 24, 67, 42, 97, 18, 11, 16, 22, 39, 41, 
peer 8 neighbors is: 28, 96, 49, 85, 25, 41, 5, 47, 23, 92, 12, 26, 
peer 9 neighbors is: 38, 67, 45, 65, 51, 63, 26, 39, 98, 96, 22, 24, 
peer 10 neighbors is: 51, 37, 27, 39, 66, 95, 83, 13, 87, 100, 20, 21, 30, 33, 40, 
peer 11 neighbors is: 48, 100, 7, 71, 87, 55, 20, 6, 57, 77, 22, 34, 
peer 12 neighbors is: 1, 5, 32, 13, 77, 65, 59, 8, 64, 56, 17, 39, 
peer 13 neighbors is: 10, 12, 71, 102, 37, 56, 67, 5, 100, 98, 14, 17, 27, 
peer 14 neighbors is: 13, 24, 68, 22, 101, 96, 98, 38, 74, 70, 23, 31, 34, 
peer 15 neighbors is: 90, 46, 16, 48, 98, 102, 62, 25, 82, 93, 36, 42, 
peer 16 neighbors is: 15, 88, 102, 7, 4, 49, 40, 79, 47, 51, 26, 38, 
peer 17 neighbors is: 80, 29, 87, 79, 0, 101, 13, 3, 49, 12, 25, 
peer 18 neighbors is: 3, 6, 7, 47, 85, 35, 24, 66, 72, 41, 
peer 19 neighbors is: 1, 3, 52, 34, 29, 43, 83, 38, 57, 86, 30, 
peer 20 neighbors is: 11, 10, 65, 64, 74, 75, 80, 93, 45, 89, 26, 42, 
peer 21 neighbors is: 0, 3, 82, 86, 71, 23, 10, 55, 52, 68, 
peer 22 neighbors is: 2, 14, 52, 7, 11, 9, 5, 53, 99, 74, 37, 40, 
peer 23 neighbors is: 5, 8, 21, 76, 83, 47, 14, 65, 60, 1, 32, 
peer 24 neighbors is: 7, 14, 18, 9, 43, 80, 58, 89, 56, 61, 32, 34, 42, 73, 
peer 25 neighbors is: 8, 15, 50, 17, 72, 77, 93, 45, 69, 59, 32, 41, 
peer 26 neighbors is: 2, 9, 66, 85, 36, 20, 59, 8, 72, 16, 41, 
peer 27 neighbors is: 3, 4, 10, 102, 58, 52, 82, 55, 13, 100, 29, 32, 
peer 28 neighbors is: 8, 82, 94, 61, 68, 60, 67, 1, 95, 35, 33, 46, 
peer 29 neighbors is: 0, 17, 19, 35, 4, 27, 87, 101, 63, 90, 31, 
peer 30 neighbors is: 5, 98, 72, 43, 10, 97, 39, 47, 68, 19, 
peer 31 neighbors is: 77, 1, 91, 100, 66, 29, 3, 94, 14, 69, 
peer 32 neighbors is: 7, 12, 54, 23, 27, 76, 82, 24, 86, 25, 
peer 33 neighbors is: 4, 28, 47, 10, 43, 65, 63, 56, 2, 76, 
peer 34 neighbors is: 19, 14, 60, 72, 24, 76, 11, 37, 47, 55, 
peer 35 neighbors is: 0, 5, 7, 18, 28, 29, 97, 72, 96, 83, 
peer 36 neighbors is: 0, 2, 3, 6, 26, 58, 77, 80, 86, 15, 40, 42, 
peer 37 neighbors is: 4, 10, 13, 34, 38, 90, 53, 91, 100, 22, 40, 
peer 38 neighbors is: 9, 14, 19, 37, 97, 100, 90, 16, 43, 75, 
peer 39 neighbors is: 9, 10, 30, 7, 41, 102, 97, 92, 66, 12, 
peer 40 neighbors is: 6, 16, 91, 36, 97, 95, 22, 10, 37, 69, 
peer 41 neighbors is: 1, 8, 18, 39, 7, 49, 58, 26, 90, 25, 
peer 42 neighbors is: 1, 7, 4, 36, 15, 24, 20, 81, 78, 89, 
peer 43 neighbors is: 19, 24, 30, 33, 38, 
peer 44 neighbors is: 1, 5, 78, 
peer 45 neighbors is: 7, 9, 20, 25, 
peer 46 neighbors is: 15, 28, 70, 
peer 47 neighbors is: 8, 16, 18, 23, 30, 33, 34, 
peer 48 neighbors is: 11, 15, 73, 
peer 49 neighbors is: 8, 16, 17, 41, 
peer 50 neighbors is: 4, 25, 
peer 51 neighbors is: 5, 9, 10, 16, 
peer 52 neighbors is: 2, 7, 19, 21, 22, 27, 
peer 53 neighbors is: 1, 22, 37, 54, 
peer 54 neighbors is: 32, 53, 
peer 55 neighbors is: 4, 11, 21, 27, 34, 
peer 56 neighbors is: 3, 12, 13, 24, 33, 
peer 57 neighbors is: 11, 19, 
peer 58 neighbors is: 24, 27, 36, 41, 
peer 59 neighbors is: 12, 25, 26, 
peer 60 neighbors is: 1, 23, 28, 34, 
peer 61 neighbors is: 24, 28, 
peer 62 neighbors is: 3, 15, 81, 
peer 63 neighbors is: 9, 29, 33, 
peer 64 neighbors is: 12, 20, 
peer 65 neighbors is: 6, 9, 12, 20, 23, 33, 
peer 66 neighbors is: 10, 18, 26, 31, 39, 
peer 67 neighbors is: 6, 7, 9, 13, 28, 
peer 68 neighbors is: 14, 21, 28, 30, 
peer 69 neighbors is: 0, 25, 31, 40, 
peer 70 neighbors is: 14, 46, 
peer 71 neighbors is: 11, 13, 21, 
peer 72 neighbors is: 2, 18, 25, 26, 30, 34, 35, 
peer 73 neighbors is: 48, 24, 
peer 74 neighbors is: 4, 6, 14, 20, 22, 
peer 75 neighbors is: 2, 20, 38, 
peer 76 neighbors is: 0, 23, 32, 33, 34, 
peer 77 neighbors is: 1, 11, 12, 25, 31, 36, 
peer 78 neighbors is: 42, 44, 
peer 79 neighbors is: 1, 16, 17, 
peer 80 neighbors is: 17, 20, 24, 36, 
peer 81 neighbors is: 42, 62, 
peer 82 neighbors is: 15, 21, 27, 28, 32, 
peer 83 neighbors is: 0, 3, 10, 19, 23, 35, 
peer 84 neighbors is: 4, 5, 
peer 85 neighbors is: 6, 8, 18, 26, 
peer 86 neighbors is: 3, 6, 19, 21, 32, 36, 
peer 87 neighbors is: 0, 10, 11, 17, 29, 
peer 88 neighbors is: 5, 16, 
peer 89 neighbors is: 20, 24, 42, 
peer 90 neighbors is: 15, 29, 37, 38, 41, 
peer 91 neighbors is: 2, 31, 37, 40, 
peer 92 neighbors is: 8, 39, 
peer 93 neighbors is: 0, 15, 20, 25, 
peer 94 neighbors is: 5, 28, 31, 
peer 95 neighbors is: 2, 4, 10, 28, 40, 
peer 96 neighbors is: 8, 9, 14, 35, 
peer 97 neighbors is: 1, 6, 7, 30, 35, 38, 39, 40, 
peer 98 neighbors is: 9, 13, 14, 15, 30, 
peer 99 neighbors is: 2, 3, 22, 
peer 100 neighbors is: 0, 2, 10, 11, 13, 27, 31, 37, 38, 
peer 101 neighbors is: 14, 17, 29, 
peer 102 neighbors is: 13, 15, 16, 27, 39, 

