103 Users
20 Files
1500 Transactions
7 Maximum Connections
1 Cycle Length per Upload-Download
750 Warm-up Transactions
0.400000 Zipf constant
3 Pre-Trusted Users
63 Well-Behaved (Good) Users
20 Purely Malicious Users
0 Feedback Skewing Users
0 Malignant Providing Users
20 Disguised Malicous Users
0 Sybil Attack Users
true Intelligent Trans. Generation
1474142849359 Trace Generation Seed

(0.000000,0.000000,1,false)
(0.000000,0.000000,1,false)
(0.000000,0.000000,1,false)
(0.000000,0.000000,1,false)
(0.000000,0.000000,1,false)
(0.000000,0.000000,1,false)
(0.000000,0.000000,1,false)
(0.000000,0.000000,1,false)
(0.000000,0.000000,1,false)
(0.000000,0.000000,1,false)
(0.000000,0.000000,1,false)
(0.000000,0.000000,1,false)
(0.000000,0.000000,1,false)
(0.000000,0.000000,1,false)
(0.000000,0.000000,1,false)
(0.000000,0.000000,1,false)
(0.000000,0.000000,1,false)
(0.000000,0.000000,1,false)
(0.000000,0.000000,1,false)
(0.000000,0.000000,1,false)
(1.000000,0.000000,4,false)
(1.000000,0.000000,4,false)
(1.000000,0.000000,4,false)
(1.000000,0.000000,4,false)
(1.000000,0.000000,4,false)
(1.000000,0.000000,4,false)
(1.000000,0.000000,4,false)
(1.000000,0.000000,4,false)
(1.000000,0.000000,4,false)
(1.000000,0.000000,4,false)
(1.000000,0.000000,4,false)
(1.000000,0.000000,4,false)
(1.000000,0.000000,4,false)
(1.000000,0.000000,4,false)
(1.000000,0.000000,4,false)
(1.000000,0.000000,4,false)
(1.000000,0.000000,4,false)
(1.000000,0.000000,4,false)
(1.000000,0.000000,4,false)
(1.000000,0.000000,4,false)
(1.000000,1.000000,0,true)
(1.000000,1.000000,0,true)
(1.000000,1.000000,0,true)
(1.000000,1.000000,0,false)
(1.000000,1.000000,0,false)
(1.000000,1.000000,0,false)
(1.000000,1.000000,0,false)
(1.000000,1.000000,0,false)
(1.000000,1.000000,0,false)
(1.000000,1.000000,0,false)
(1.000000,1.000000,0,false)
(1.000000,1.000000,0,false)
(1.000000,1.000000,0,false)
(1.000000,1.000000,0,false)
(1.000000,1.000000,0,false)
(1.000000,1.000000,0,false)
(1.000000,1.000000,0,false)
(1.000000,1.000000,0,false)
(1.000000,1.000000,0,false)
(1.000000,1.000000,0,false)
(1.000000,1.000000,0,false)
(1.000000,1.000000,0,false)
(1.000000,1.000000,0,false)
(1.000000,1.000000,0,false)
(1.000000,1.000000,0,false)
(1.000000,1.000000,0,false)
(1.000000,1.000000,0,false)
(1.000000,1.000000,0,false)
(1.000000,1.000000,0,false)
(1.000000,1.000000,0,false)
(1.000000,1.000000,0,false)
(1.000000,1.000000,0,false)
(1.000000,1.000000,0,false)
(1.000000,1.000000,0,false)
(1.000000,1.000000,0,false)
(1.000000,1.000000,0,false)
(1.000000,1.000000,0,false)
(1.000000,1.000000,0,false)
(1.000000,1.000000,0,false)
(1.000000,1.000000,0,false)
(1.000000,1.000000,0,false)
(1.000000,1.000000,0,false)
(1.000000,1.000000,0,false)
(1.000000,1.000000,0,false)
(1.000000,1.000000,0,false)
(1.000000,1.000000,0,false)
(1.000000,1.000000,0,false)
(1.000000,1.000000,0,false)
(1.000000,1.000000,0,false)
(1.000000,1.000000,0,false)
(1.000000,1.000000,0,false)
(1.000000,1.000000,0,false)
(1.000000,1.000000,0,false)
(1.000000,1.000000,0,false)
(1.000000,1.000000,0,false)
(1.000000,1.000000,0,false)
(1.000000,1.000000,0,false)
(1.000000,1.000000,0,false)
(1.000000,1.000000,0,false)
(1.000000,1.000000,0,false)
(1.000000,1.000000,0,false)
(1.000000,1.000000,0,false)
(1.000000,1.000000,0,false)

(20,0,true)
(21,0,true)
(22,0,true)
(23,0,true)
(24,0,true)
(25,0,true)
(26,0,true)
(27,0,true)
(28,0,true)
(29,0,true)
(30,0,true)
(31,0,true)
(32,0,true)
(33,0,true)
(34,0,true)
(35,0,true)
(36,0,true)
(37,0,true)
(38,0,true)
(39,0,true)
(0,0,false)
(1,0,false)
(2,0,false)
(3,0,false)
(4,0,false)
(5,0,false)
(6,0,false)
(7,0,false)
(8,0,false)
(9,0,false)
(10,0,false)
(11,0,false)
(12,0,false)
(13,0,false)
(14,0,false)
(15,0,false)
(16,0,false)
(17,0,false)
(18,0,false)
(19,0,false)
(40,0,true)
(72,0,true)
(41,0,true)
(44,0,true)
(46,0,true)
(47,0,true)
(49,0,true)
(50,0,true)
(51,0,true)
(52,0,true)
(54,0,true)
(57,0,true)
(58,0,true)
(59,0,true)
(60,0,true)
(61,0,true)
(62,0,true)
(63,0,true)
(65,0,true)
(66,0,true)
(68,0,true)
(69,0,true)
(70,0,true)
(71,0,true)
(74,0,true)
(76,0,true)
(79,0,true)
(80,0,true)
(83,0,true)
(84,0,true)
(85,0,true)
(86,0,true)
(88,0,true)
(89,0,true)
(90,0,true)
(91,0,true)
(92,0,true)
(95,0,true)
(97,0,true)
(99,0,true)
(100,0,true)
(101,0,true)
(20,1,true)
(21,1,true)
(22,1,true)
(23,1,true)
(24,1,true)
(25,1,true)
(26,1,true)
(27,1,true)
(28,1,true)
(29,1,true)
(30,1,true)
(31,1,true)
(32,1,true)
(33,1,true)
(34,1,true)
(35,1,true)
(36,1,true)
(37,1,true)
(38,1,true)
(39,1,true)
(0,1,false)
(1,1,false)
(2,1,false)
(3,1,false)
(4,1,false)
(5,1,false)
(6,1,false)
(7,1,false)
(8,1,false)
(9,1,false)
(10,1,false)
(11,1,false)
(12,1,false)
(13,1,false)
(14,1,false)
(15,1,false)
(16,1,false)
(17,1,false)
(18,1,false)
(19,1,false)
(41,1,true)
(62,1,true)
(45,1,true)
(53,1,true)
(55,1,true)
(60,1,true)
(65,1,true)
(68,1,true)
(72,1,true)
(74,1,true)
(75,1,true)
(76,1,true)
(78,1,true)
(79,1,true)
(82,1,true)
(84,1,true)
(86,1,true)
(89,1,true)
(92,1,true)
(95,1,true)
(97,1,true)
(99,1,true)
(101,1,true)
(102,1,true)
(20,2,true)
(21,2,true)
(22,2,true)
(23,2,true)
(24,2,true)
(25,2,true)
(26,2,true)
(27,2,true)
(28,2,true)
(29,2,true)
(30,2,true)
(31,2,true)
(32,2,true)
(33,2,true)
(34,2,true)
(35,2,true)
(36,2,true)
(37,2,true)
(38,2,true)
(39,2,true)
(0,2,false)
(1,2,false)
(2,2,false)
(3,2,false)
(4,2,false)
(5,2,false)
(6,2,false)
(7,2,false)
(8,2,false)
(9,2,false)
(10,2,false)
(11,2,false)
(12,2,false)
(13,2,false)
(14,2,false)
(15,2,false)
(16,2,false)
(17,2,false)
(18,2,false)
(19,2,false)
(42,2,true)
(81,2,true)
(40,2,true)
(43,2,true)
(64,2,true)
(66,2,true)
(73,2,true)
(77,2,true)
(78,2,true)
(91,2,true)
(93,2,true)
(94,2,true)
(100,2,true)
(20,3,true)
(21,3,true)
(22,3,true)
(23,3,true)
(24,3,true)
(25,3,true)
(26,3,true)
(27,3,true)
(28,3,true)
(29,3,true)
(30,3,true)
(31,3,true)
(32,3,true)
(33,3,true)
(34,3,true)
(35,3,true)
(36,3,true)
(37,3,true)
(38,3,true)
(39,3,true)
(0,3,false)
(1,3,false)
(2,3,false)
(3,3,false)
(4,3,false)
(5,3,false)
(6,3,false)
(7,3,false)
(8,3,false)
(9,3,false)
(10,3,false)
(11,3,false)
(12,3,false)
(13,3,false)
(14,3,false)
(15,3,false)
(16,3,false)
(17,3,false)
(18,3,false)
(19,3,false)
(43,3,true)
(64,3,true)
(42,3,true)
(63,3,true)
(77,3,true)
(87,3,true)
(90,3,true)
(96,3,true)
(20,4,true)
(21,4,true)
(22,4,true)
(23,4,true)
(24,4,true)
(25,4,true)
(26,4,true)
(27,4,true)
(28,4,true)
(29,4,true)
(30,4,true)
(31,4,true)
(32,4,true)
(33,4,true)
(34,4,true)
(35,4,true)
(36,4,true)
(37,4,true)
(38,4,true)
(39,4,true)
(0,4,false)
(1,4,false)
(2,4,false)
(3,4,false)
(4,4,false)
(5,4,false)
(6,4,false)
(7,4,false)
(8,4,false)
(9,4,false)
(10,4,false)
(11,4,false)
(12,4,false)
(13,4,false)
(14,4,false)
(15,4,false)
(16,4,false)
(17,4,false)
(18,4,false)
(19,4,false)
(44,4,true)
(67,4,true)
(61,4,true)
(70,4,true)
(73,4,true)
(82,4,true)
(93,4,true)
(20,5,true)
(21,5,true)
(22,5,true)
(23,5,true)
(24,5,true)
(25,5,true)
(26,5,true)
(27,5,true)
(28,5,true)
(29,5,true)
(30,5,true)
(31,5,true)
(32,5,true)
(33,5,true)
(34,5,true)
(35,5,true)
(36,5,true)
(37,5,true)
(38,5,true)
(39,5,true)
(0,5,false)
(1,5,false)
(2,5,false)
(3,5,false)
(4,5,false)
(5,5,false)
(6,5,false)
(7,5,false)
(8,5,false)
(9,5,false)
(10,5,false)
(11,5,false)
(12,5,false)
(13,5,false)
(14,5,false)
(15,5,false)
(16,5,false)
(17,5,false)
(18,5,false)
(19,5,false)
(45,5,true)
(102,5,true)
(85,5,true)
(94,5,true)
(20,6,true)
(21,6,true)
(22,6,true)
(23,6,true)
(24,6,true)
(25,6,true)
(26,6,true)
(27,6,true)
(28,6,true)
(29,6,true)
(30,6,true)
(31,6,true)
(32,6,true)
(33,6,true)
(34,6,true)
(35,6,true)
(36,6,true)
(37,6,true)
(38,6,true)
(39,6,true)
(0,6,false)
(1,6,false)
(2,6,false)
(3,6,false)
(4,6,false)
(5,6,false)
(6,6,false)
(7,6,false)
(8,6,false)
(9,6,false)
(10,6,false)
(11,6,false)
(12,6,false)
(13,6,false)
(14,6,false)
(15,6,false)
(16,6,false)
(17,6,false)
(18,6,false)
(19,6,false)
(46,6,true)
(87,6,true)
(20,7,true)
(21,7,true)
(22,7,true)
(23,7,true)
(24,7,true)
(25,7,true)
(26,7,true)
(27,7,true)
(28,7,true)
(29,7,true)
(30,7,true)
(31,7,true)
(32,7,true)
(33,7,true)
(34,7,true)
(35,7,true)
(36,7,true)
(37,7,true)
(38,7,true)
(39,7,true)
(0,7,false)
(1,7,false)
(2,7,false)
(3,7,false)
(4,7,false)
(5,7,false)
(6,7,false)
(7,7,false)
(8,7,false)
(9,7,false)
(10,7,false)
(11,7,false)
(12,7,false)
(13,7,false)
(14,7,false)
(15,7,false)
(16,7,false)
(17,7,false)
(18,7,false)
(19,7,false)
(47,7,true)
(88,7,true)
(20,8,true)
(21,8,true)
(22,8,true)
(23,8,true)
(24,8,true)
(25,8,true)
(26,8,true)
(27,8,true)
(28,8,true)
(29,8,true)
(30,8,true)
(31,8,true)
(32,8,true)
(33,8,true)
(34,8,true)
(35,8,true)
(36,8,true)
(37,8,true)
(38,8,true)
(39,8,true)
(0,8,false)
(1,8,false)
(2,8,false)
(3,8,false)
(4,8,false)
(5,8,false)
(6,8,false)
(7,8,false)
(8,8,false)
(9,8,false)
(10,8,false)
(11,8,false)
(12,8,false)
(13,8,false)
(14,8,false)
(15,8,false)
(16,8,false)
(17,8,false)
(18,8,false)
(19,8,false)
(48,8,true)
(56,8,true)
(20,9,true)
(21,9,true)
(22,9,true)
(23,9,true)
(24,9,true)
(25,9,true)
(26,9,true)
(27,9,true)
(28,9,true)
(29,9,true)
(30,9,true)
(31,9,true)
(32,9,true)
(33,9,true)
(34,9,true)
(35,9,true)
(36,9,true)
(37,9,true)
(38,9,true)
(39,9,true)
(0,9,false)
(1,9,false)
(2,9,false)
(3,9,false)
(4,9,false)
(5,9,false)
(6,9,false)
(7,9,false)
(8,9,false)
(9,9,false)
(10,9,false)
(11,9,false)
(12,9,false)
(13,9,false)
(14,9,false)
(15,9,false)
(16,9,false)
(17,9,false)
(18,9,false)
(19,9,false)
(49,9,true)
(48,9,true)
(20,10,true)
(21,10,true)
(22,10,true)
(23,10,true)
(24,10,true)
(25,10,true)
(26,10,true)
(27,10,true)
(28,10,true)
(29,10,true)
(30,10,true)
(31,10,true)
(32,10,true)
(33,10,true)
(34,10,true)
(35,10,true)
(36,10,true)
(37,10,true)
(38,10,true)
(39,10,true)
(0,10,false)
(1,10,false)
(2,10,false)
(3,10,false)
(4,10,false)
(5,10,false)
(6,10,false)
(7,10,false)
(8,10,false)
(9,10,false)
(10,10,false)
(11,10,false)
(12,10,false)
(13,10,false)
(14,10,false)
(15,10,false)
(16,10,false)
(17,10,false)
(18,10,false)
(19,10,false)
(50,10,true)
(69,10,true)
(20,11,true)
(21,11,true)
(22,11,true)
(23,11,true)
(24,11,true)
(25,11,true)
(26,11,true)
(27,11,true)
(28,11,true)
(29,11,true)
(30,11,true)
(31,11,true)
(32,11,true)
(33,11,true)
(34,11,true)
(35,11,true)
(36,11,true)
(37,11,true)
(38,11,true)
(39,11,true)
(0,11,false)
(1,11,false)
(2,11,false)
(3,11,false)
(4,11,false)
(5,11,false)
(6,11,false)
(7,11,false)
(8,11,false)
(9,11,false)
(10,11,false)
(11,11,false)
(12,11,false)
(13,11,false)
(14,11,false)
(15,11,false)
(16,11,false)
(17,11,false)
(18,11,false)
(19,11,false)
(51,11,true)
(98,11,true)
(20,12,true)
(21,12,true)
(22,12,true)
(23,12,true)
(24,12,true)
(25,12,true)
(26,12,true)
(27,12,true)
(28,12,true)
(29,12,true)
(30,12,true)
(31,12,true)
(32,12,true)
(33,12,true)
(34,12,true)
(35,12,true)
(36,12,true)
(37,12,true)
(38,12,true)
(39,12,true)
(0,12,false)
(1,12,false)
(2,12,false)
(3,12,false)
(4,12,false)
(5,12,false)
(6,12,false)
(7,12,false)
(8,12,false)
(9,12,false)
(10,12,false)
(11,12,false)
(12,12,false)
(13,12,false)
(14,12,false)
(15,12,false)
(16,12,false)
(17,12,false)
(18,12,false)
(19,12,false)
(52,12,true)
(83,12,true)
(20,13,true)
(21,13,true)
(22,13,true)
(23,13,true)
(24,13,true)
(25,13,true)
(26,13,true)
(27,13,true)
(28,13,true)
(29,13,true)
(30,13,true)
(31,13,true)
(32,13,true)
(33,13,true)
(34,13,true)
(35,13,true)
(36,13,true)
(37,13,true)
(38,13,true)
(39,13,true)
(0,13,false)
(1,13,false)
(2,13,false)
(3,13,false)
(4,13,false)
(5,13,false)
(6,13,false)
(7,13,false)
(8,13,false)
(9,13,false)
(10,13,false)
(11,13,false)
(12,13,false)
(13,13,false)
(14,13,false)
(15,13,false)
(16,13,false)
(17,13,false)
(18,13,false)
(19,13,false)
(53,13,true)
(96,13,true)
(20,14,true)
(21,14,true)
(22,14,true)
(23,14,true)
(24,14,true)
(25,14,true)
(26,14,true)
(27,14,true)
(28,14,true)
(29,14,true)
(30,14,true)
(31,14,true)
(32,14,true)
(33,14,true)
(34,14,true)
(35,14,true)
(36,14,true)
(37,14,true)
(38,14,true)
(39,14,true)
(0,14,false)
(1,14,false)
(2,14,false)
(3,14,false)
(4,14,false)
(5,14,false)
(6,14,false)
(7,14,false)
(8,14,false)
(9,14,false)
(10,14,false)
(11,14,false)
(12,14,false)
(13,14,false)
(14,14,false)
(15,14,false)
(16,14,false)
(17,14,false)
(18,14,false)
(19,14,false)
(54,14,true)
(80,14,true)
(20,15,true)
(21,15,true)
(22,15,true)
(23,15,true)
(24,15,true)
(25,15,true)
(26,15,true)
(27,15,true)
(28,15,true)
(29,15,true)
(30,15,true)
(31,15,true)
(32,15,true)
(33,15,true)
(34,15,true)
(35,15,true)
(36,15,true)
(37,15,true)
(38,15,true)
(39,15,true)
(0,15,false)
(1,15,false)
(2,15,false)
(3,15,false)
(4,15,false)
(5,15,false)
(6,15,false)
(7,15,false)
(8,15,false)
(9,15,false)
(10,15,false)
(11,15,false)
(12,15,false)
(13,15,false)
(14,15,false)
(15,15,false)
(16,15,false)
(17,15,false)
(18,15,false)
(19,15,false)
(55,15,true)
(98,15,true)
(20,16,true)
(21,16,true)
(22,16,true)
(23,16,true)
(24,16,true)
(25,16,true)
(26,16,true)
(27,16,true)
(28,16,true)
(29,16,true)
(30,16,true)
(31,16,true)
(32,16,true)
(33,16,true)
(34,16,true)
(35,16,true)
(36,16,true)
(37,16,true)
(38,16,true)
(39,16,true)
(0,16,false)
(1,16,false)
(2,16,false)
(3,16,false)
(4,16,false)
(5,16,false)
(6,16,false)
(7,16,false)
(8,16,false)
(9,16,false)
(10,16,false)
(11,16,false)
(12,16,false)
(13,16,false)
(14,16,false)
(15,16,false)
(16,16,false)
(17,16,false)
(18,16,false)
(19,16,false)
(56,16,true)
(71,16,true)
(20,17,true)
(21,17,true)
(22,17,true)
(23,17,true)
(24,17,true)
(25,17,true)
(26,17,true)
(27,17,true)
(28,17,true)
(29,17,true)
(30,17,true)
(31,17,true)
(32,17,true)
(33,17,true)
(34,17,true)
(35,17,true)
(36,17,true)
(37,17,true)
(38,17,true)
(39,17,true)
(0,17,false)
(1,17,false)
(2,17,false)
(3,17,false)
(4,17,false)
(5,17,false)
(6,17,false)
(7,17,false)
(8,17,false)
(9,17,false)
(10,17,false)
(11,17,false)
(12,17,false)
(13,17,false)
(14,17,false)
(15,17,false)
(16,17,false)
(17,17,false)
(18,17,false)
(19,17,false)
(57,17,true)
(75,17,true)
(20,18,true)
(21,18,true)
(22,18,true)
(23,18,true)
(24,18,true)
(25,18,true)
(26,18,true)
(27,18,true)
(28,18,true)
(29,18,true)
(30,18,true)
(31,18,true)
(32,18,true)
(33,18,true)
(34,18,true)
(35,18,true)
(36,18,true)
(37,18,true)
(38,18,true)
(39,18,true)
(0,18,false)
(1,18,false)
(2,18,false)
(3,18,false)
(4,18,false)
(5,18,false)
(6,18,false)
(7,18,false)
(8,18,false)
(9,18,false)
(10,18,false)
(11,18,false)
(12,18,false)
(13,18,false)
(14,18,false)
(15,18,false)
(16,18,false)
(17,18,false)
(18,18,false)
(19,18,false)
(58,18,true)
(81,18,true)
(20,19,true)
(21,19,true)
(22,19,true)
(23,19,true)
(24,19,true)
(25,19,true)
(26,19,true)
(27,19,true)
(28,19,true)
(29,19,true)
(30,19,true)
(31,19,true)
(32,19,true)
(33,19,true)
(34,19,true)
(35,19,true)
(36,19,true)
(37,19,true)
(38,19,true)
(39,19,true)
(0,19,false)
(1,19,false)
(2,19,false)
(3,19,false)
(4,19,false)
(5,19,false)
(6,19,false)
(7,19,false)
(8,19,false)
(9,19,false)
(10,19,false)
(11,19,false)
(12,19,false)
(13,19,false)
(14,19,false)
(15,19,false)
(16,19,false)
(17,19,false)
(18,19,false)
(19,19,false)
(59,19,true)
(67,19,true)

0,-1,-1,-1,1,1,-1,-1,-1,-1,-1,-1,-1,-1,-1,-1,-1,-1,1,-1,-1,-1,1,-1,1,1,-1,1,-1,-1,-1,1,-1,-1,-1,-1,-1,1,-1,-1,-1,-1,-1,-1,-1,-1,-1,-1,-1,1,-1,-1,-1,-1,1,-1,-1,-1,-1,-1,-1,-1,-1,-1,-1,-1,-1,-1,-1,-1,1,-1,-1,-1,-1,-1,-1,-1,-1,-1,-1,-1,-1,-1,-1,-1,-1,-1,-1,-1,-1,-1,-1,-1,-1,-1,-1,-1,-1,1,-1,1,-1,
-1,0,1,-1,-1,-1,-1,-1,-1,-1,-1,-1,1,-1,-1,1,-1,1,-1,-1,-1,-1,-1,1,-1,-1,-1,-1,-1,-1,-1,-1,-1,-1,-1,-1,-1,-1,-1,-1,-1,-1,-1,-1,-1,-1,-1,-1,-1,-1,-1,-1,-1,-1,-1,1,-1,-1,-1,-1,-1,1,-1,-1,-1,-1,-1,-1,-1,-1,-1,1,-1,-1,-1,-1,-1,-1,-1,-1,-1,-1,-1,1,1,-1,-1,-1,-1,1,-1,-1,-1,1,-1,-1,-1,-1,-1,-1,-1,-1,-1,
-1,1,0,-1,-1,-1,-1,-1,-1,-1,-1,-1,-1,1,-1,-1,-1,-1,-1,-1,-1,-1,-1,-1,-1,-1,-1,1,1,-1,-1,-1,-1,1,1,-1,-1,-1,-1,-1,-1,-1,-1,-1,-1,-1,1,-1,-1,-1,-1,-1,-1,-1,-1,1,-1,-1,-1,-1,-1,-1,-1,-1,-1,-1,1,-1,-1,-1,-1,-1,-1,-1,-1,-1,-1,-1,-1,-1,-1,-1,-1,-1,-1,-1,-1,-1,1,-1,1,-1,-1,-1,1,-1,-1,-1,-1,-1,1,-1,-1,
-1,-1,-1,0,-1,1,-1,-1,-1,-1,-1,-1,-1,1,-1,-1,-1,-1,1,-1,-1,1,1,-1,-1,-1,-1,-1,-1,-1,1,1,-1,-1,-1,1,-1,1,-1,-1,-1,-1,-1,-1,-1,-1,-1,-1,-1,-1,-1,1,-1,-1,-1,-1,-1,1,-1,-1,-1,-1,-1,-1,-1,-1,-1,-1,-1,-1,-1,-1,1,-1,1,-1,-1,-1,1,-1,-1,-1,-1,-1,-1,-1,-1,-1,-1,-1,-1,-1,-1,-1,-1,-1,-1,-1,-1,-1,-1,-1,-1,
1,-1,-1,-1,0,-1,-1,-1,-1,-1,-1,1,-1,-1,-1,1,-1,-1,-1,1,1,-1,-1,1,-1,1,-1,1,-1,-1,-1,1,1,-1,-1,-1,1,-1,-1,-1,-1,-1,-1,-1,-1,-1,-1,-1,-1,-1,1,-1,-1,1,-1,1,1,-1,-1,-1,-1,-1,-1,-1,-1,-1,-1,1,-1,-1,-1,-1,-1,-1,-1,-1,-1,-1,-1,-1,-1,-1,1,-1,-1,-1,-1,-1,-1,-1,-1,-1,-1,-1,-1,-1,-1,1,-1,-1,-1,-1,-1,
1,-1,-1,1,-1,0,-1,-1,1,-1,-1,1,-1,-1,-1,-1,-1,1,-1,-1,-1,-1,1,-1,-1,-1,1,-1,-1,-1,-1,-1,-1,-1,1,-1,-1,-1,-1,-1,-1,-1,-1,-1,-1,-1,-1,-1,-1,-1,1,-1,-1,-1,-1,-1,-1,-1,-1,-1,-1,-1,-1,-1,-1,-1,-1,-1,-1,-1,-1,-1,-1,-1,-1,-1,-1,-1,-1,-1,-1,-1,1,-1,-1,-1,-1,-1,-1,-1,-1,-1,-1,-1,-1,-1,-1,-1,-1,-1,1,-1,-1,
-1,-1,-1,-1,-1,-1,0,-1,-1,1,-1,-1,-1,-1,-1,-1,-1,-1,-1,-1,-1,-1,-1,1,-1,-1,-1,-1,-1,-1,-1,-1,1,-1,-1,-1,-1,-1,-1,-1,1,-1,-1,-1,1,-1,-1,-1,1,-1,-1,-1,-1,-1,-1,-1,1,-1,-1,-1,1,-1,-1,-1,-1,-1,-1,-1,-1,-1,1,-1,-1,1,-1,-1,-1,-1,-1,-1,1,-1,-1,-1,-1,-1,-1,-1,-1,-1,-1,-1,-1,-1,-1,-1,-1,-1,-1,-1,-1,-1,1,
-1,-1,-1,-1,-1,-1,-1,0,-1,1,-1,-1,-1,-1,1,-1,-1,-1,-1,-1,-1,-1,-1,-1,-1,1,-1,-1,-1,1,-1,1,-1,-1,-1,-1,-1,-1,-1,-1,-1,-1,-1,-1,-1,-1,-1,-1,-1,-1,-1,-1,-1,1,-1,-1,-1,-1,-1,-1,-1,-1,1,-1,-1,-1,1,-1,-1,1,-1,-1,-1,-1,-1,1,-1,-1,-1,-1,-1,-1,-1,-1,-1,-1,-1,1,-1,-1,-1,-1,-1,-1,-1,-1,1,-1,-1,-1,-1,-1,-1,
-1,-1,-1,-1,-1,1,-1,-1,0,-1,-1,-1,-1,1,-1,-1,-1,-1,-1,1,-1,-1,-1,-1,-1,-1,-1,1,1,-1,-1,-1,1,-1,-1,-1,-1,-1,-1,-1,1,-1,-1,1,-1,-1,-1,-1,-1,-1,-1,-1,-1,-1,-1,-1,1,-1,-1,1,-1,-1,-1,-1,-1,-1,-1,-1,-1,-1,-1,-1,-1,-1,-1,-1,-1,-1,-1,-1,-1,-1,-1,-1,-1,-1,-1,-1,-1,-1,-1,-1,-1,-1,-1,-1,-1,1,-1,-1,-1,-1,1,
-1,-1,-1,-1,-1,-1,1,1,-1,0,-1,-1,-1,-1,-1,-1,1,-1,1,-1,-1,-1,-1,-1,1,-1,-1,-1,-1,-1,-1,-1,-1,-1,-1,-1,-1,-1,-1,-1,-1,-1,-1,-1,-1,-1,-1,-1,-1,-1,-1,-1,-1,-1,-1,-1,-1,-1,-1,-1,-1,-1,-1,1,-1,-1,-1,-1,-1,1,-1,-1,-1,-1,-1,-1,-1,-1,-1,-1,-1,1,-1,1,-1,-1,-1,-1,1,-1,-1,-1,-1,-1,-1,-1,-1,-1,-1,-1,-1,-1,1,
-1,-1,-1,-1,-1,-1,-1,-1,-1,-1,0,-1,-1,-1,-1,-1,-1,-1,-1,1,-1,-1,-1,-1,-1,-1,-1,-1,-1,-1,1,-1,-1,-1,-1,-1,-1,1,1,-1,-1,-1,-1,-1,-1,-1,-1,-1,-1,-1,-1,-1,-1,-1,-1,-1,-1,-1,-1,1,-1,-1,-1,-1,-1,-1,1,1,-1,-1,-1,-1,-1,-1,-1,1,-1,-1,-1,-1,-1,-1,-1,-1,-1,-1,-1,-1,-1,-1,1,-1,-1,1,-1,-1,-1,-1,-1,-1,-1,1,1,
-1,-1,-1,-1,1,1,-1,-1,-1,-1,-1,0,-1,-1,-1,-1,-1,-1,-1,-1,-1,-1,-1,-1,-1,1,-1,-1,1,-1,-1,-1,-1,-1,1,1,-1,-1,1,1,-1,-1,-1,-1,-1,-1,-1,-1,1,-1,1,-1,-1,-1,-1,-1,-1,-1,1,-1,-1,-1,-1,-1,-1,-1,1,1,-1,-1,-1,-1,-1,-1,-1,-1,-1,-1,-1,-1,-1,-1,-1,-1,-1,-1,-1,-1,-1,-1,-1,-1,-1,-1,-1,-1,-1,-1,-1,-1,-1,-1,-1,
-1,1,-1,-1,-1,-1,-1,-1,-1,-1,-1,-1,0,1,-1,1,-1,-1,-1,-1,1,-1,-1,-1,-1,-1,-1,-1,-1,-1,1,-1,-1,-1,-1,-1,-1,1,-1,-1,1,-1,-1,-1,-1,-1,-1,-1,-1,1,-1,-1,1,-1,-1,-1,-1,-1,-1,-1,-1,-1,1,-1,-1,-1,-1,1,-1,-1,-1,-1,-1,-1,-1,-1,1,-1,-1,-1,-1,-1,-1,-1,-1,-1,-1,-1,-1,-1,-1,-1,-1,-1,-1,-1,-1,-1,-1,-1,-1,-1,1,
-1,-1,1,1,-1,-1,-1,-1,1,-1,-1,-1,1,0,-1,-1,-1,-1,-1,-1,-1,-1,-1,1,-1,-1,1,-1,-1,-1,-1,-1,-1,-1,-1,-1,-1,-1,-1,-1,-1,-1,-1,-1,-1,-1,1,-1,-1,-1,-1,-1,-1,-1,-1,-1,-1,1,-1,-1,-1,1,-1,-1,-1,-1,-1,-1,-1,-1,-1,-1,-1,-1,-1,-1,-1,-1,-1,-1,-1,-1,-1,-1,-1,-1,-1,-1,-1,-1,-1,-1,-1,1,-1,-1,-1,-1,-1,-1,1,1,-1,
-1,-1,-1,-1,-1,-1,-1,1,-1,-1,-1,-1,-1,-1,0,-1,-1,1,-1,-1,-1,-1,-1,-1,-1,-1,1,1,1,-1,-1,1,-1,-1,-1,1,-1,-1,-1,1,-1,-1,-1,-1,-1,-1,-1,-1,-1,-1,-1,-1,-1,-1,-1,1,-1,-1,-1,-1,-1,-1,-1,-1,-1,-1,1,-1,-1,-1,-1,-1,-1,-1,-1,-1,-1,-1,-1,-1,-1,-1,-1,-1,-1,1,-1,-1,1,1,1,-1,1,-1,-1,-1,-1,-1,-1,-1,-1,-1,-1,
-1,1,-1,-1,1,-1,-1,-1,-1,-1,-1,-1,1,-1,-1,0,1,-1,-1,-1,-1,-1,-1,-1,1,-1,-1,-1,-1,1,-1,-1,1,-1,-1,1,-1,1,1,1,-1,-1,-1,-1,-1,1,-1,-1,-1,-1,-1,-1,-1,-1,-1,-1,-1,-1,-1,-1,-1,-1,-1,-1,-1,-1,-1,-1,-1,-1,-1,-1,-1,-1,-1,-1,-1,-1,-1,-1,-1,-1,-1,-1,-1,-1,-1,-1,-1,-1,-1,-1,-1,1,-1,-1,-1,-1,-1,-1,-1,-1,1,
-1,-1,-1,-1,-1,-1,-1,-1,-1,1,-1,-1,-1,-1,-1,1,0,1,-1,-1,1,-1,-1,-1,-1,-1,-1,-1,-1,-1,-1,-1,-1,-1,1,-1,-1,-1,-1,-1,-1,-1,-1,-1,-1,-1,-1,-1,-1,-1,-1,-1,-1,-1,-1,-1,-1,-1,-1,-1,1,-1,1,-1,-1,-1,1,-1,-1,-1,-1,-1,-1,-1,-1,-1,-1,-1,-1,-1,-1,-1,1,-1,1,-1,-1,-1,-1,-1,-1,-1,-1,-1,-1,-1,-1,-1,-1,-1,-1,-1,-1,
-1,1,-1,-1,-1,1,-1,-1,-1,-1,-1,-1,-1,-1,1,-1,1,0,-1,-1,-1,1,-1,-1,-1,-1,-1,-1,-1,-1,1,-1,-1,-1,-1,-1,-1,1,-1,-1,-1,-1,-1,-1,-1,-1,-1,-1,1,-1,-1,-1,-1,-1,-1,-1,-1,-1,-1,-1,-1,-1,-1,-1,-1,-1,-1,-1,-1,-1,-1,-1,1,-1,-1,-1,-1,-1,-1,-1,-1,-1,-1,1,1,-1,-1,-1,-1,-1,-1,-1,-1,-1,-1,-1,-1,-1,-1,-1,-1,-1,-1,
1,-1,-1,1,-1,-1,-1,-1,-1,1,-1,-1,-1,-1,-1,-1,-1,-1,0,-1,-1,-1,-1,-1,-1,-1,-1,-1,-1,-1,1,-1,-1,-1,-1,-1,-1,-1,-1,-1,1,-1,-1,-1,-1,-1,-1,-1,-1,-1,-1,-1,1,-1,1,-1,1,-1,-1,1,-1,-1,-1,-1,-1,-1,-1,-1,-1,1,-1,-1,-1,-1,-1,-1,-1,-1,-1,1,-1,-1,-1,-1,-1,-1,-1,-1,-1,-1,-1,-1,-1,-1,-1,-1,-1,-1,-1,-1,-1,-1,-1,
-1,-1,-1,-1,1,-1,-1,-1,1,-1,1,-1,-1,-1,-1,-1,-1,-1,-1,0,-1,1,-1,-1,-1,-1,-1,-1,-1,-1,-1,-1,-1,-1,-1,-1,-1,-1,1,-1,-1,-1,1,-1,-1,-1,1,-1,-1,-1,-1,-1,-1,-1,-1,-1,-1,-1,-1,1,-1,-1,1,-1,-1,-1,1,-1,-1,-1,-1,-1,-1,-1,-1,1,-1,-1,-1,-1,-1,-1,-1,-1,-1,-1,-1,-1,-1,-1,-1,-1,-1,-1,-1,-1,-1,-1,-1,-1,-1,-1,-1,
-1,-1,-1,-1,1,-1,-1,-1,-1,-1,-1,-1,1,-1,-1,-1,1,-1,-1,-1,0,-1,-1,-1,-1,-1,-1,-1,1,1,-1,-1,-1,-1,-1,-1,1,-1,-1,-1,-1,1,-1,-1,-1,1,-1,-1,-1,-1,-1,-1,-1,-1,-1,1,-1,-1,-1,-1,-1,-1,1,-1,-1,-1,1,-1,-1,-1,-1,-1,-1,-1,-1,-1,-1,-1,-1,-1,-1,-1,-1,-1,-1,-1,-1,-1,-1,-1,-1,-1,1,-1,-1,-1,-1,-1,-1,-1,-1,-1,-1,
-1,-1,-1,1,-1,-1,-1,-1,-1,-1,-1,-1,-1,-1,-1,-1,-1,1,-1,1,-1,0,-1,1,-1,-1,-1,-1,-1,-1,1,1,-1,-1,-1,-1,-1,-1,-1,-1,-1,-1,-1,-1,-1,-1,-1,-1,-1,-1,-1,-1,-1,-1,-1,-1,-1,-1,1,-1,-1,-1,-1,-1,-1,-1,-1,-1,-1,-1,-1,-1,1,-1,-1,1,-1,-1,-1,-1,-1,-1,-1,-1,-1,-1,-1,-1,-1,-1,-1,-1,1,-1,-1,-1,-1,1,-1,-1,-1,-1,-1,
1,-1,-1,1,-1,1,-1,-1,-1,-1,-1,-1,-1,-1,-1,-1,-1,-1,-1,-1,-1,-1,0,-1,-1,-1,-1,-1,-1,-1,-1,-1,-1,-1,-1,-1,-1,-1,-1,-1,-1,-1,-1,-1,-1,-1,-1,-1,-1,-1,-1,1,-1,-1,-1,-1,-1,1,-1,-1,-1,-1,-1,-1,-1,1,-1,-1,-1,-1,-1,-1,-1,-1,-1,-1,1,-1,-1,-1,-1,1,-1,-1,-1,1,1,-1,-1,-1,-1,-1,1,-1,-1,-1,-1,-1,-1,-1,-1,-1,-1,
-1,1,-1,-1,1,-1,1,-1,-1,-1,-1,-1,-1,1,-1,-1,-1,-1,-1,-1,-1,1,-1,0,-1,-1,-1,-1,-1,-1,-1,-1,-1,-1,-1,-1,1,-1,1,1,-1,1,-1,-1,-1,-1,-1,-1,-1,-1,-1,1,-1,-1,-1,-1,-1,-1,-1,-1,-1,-1,-1,1,-1,-1,-1,1,1,-1,-1,-1,-1,-1,-1,-1,-1,-1,-1,-1,-1,-1,-1,-1,-1,-1,-1,-1,-1,-1,-1,-1,-1,-1,-1,-1,-1,-1,-1,-1,-1,-1,-1,
1,-1,-1,-1,-1,-1,-1,-1,-1,1,-1,-1,-1,-1,-1,1,-1,-1,-1,-1,-1,-1,-1,-1,0,-1,-1,-1,-1,1,1,-1,1,1,-1,-1,-1,-1,-1,-1,-1,-1,-1,-1,-1,-1,-1,-1,-1,1,-1,-1,-1,-1,-1,-1,-1,1,-1,-1,-1,-1,-1,-1,1,-1,-1,-1,-1,1,-1,1,-1,-1,-1,-1,-1,1,-1,-1,-1,-1,-1,-1,-1,-1,-1,-1,-1,-1,1,-1,-1,-1,-1,-1,-1,-1,-1,-1,-1,-1,-1,
1,-1,-1,-1,1,-1,-1,1,-1,-1,-1,1,-1,-1,-1,-1,-1,-1,-1,-1,-1,-1,-1,-1,-1,0,-1,1,-1,-1,-1,-1,-1,-1,-1,-1,-1,-1,1,-1,-1,1,-1,-1,-1,-1,-1,-1,-1,-1,-1,-1,-1,-1,1,-1,-1,-1,-1,-1,-1,-1,-1,-1,-1,-1,-1,-1,-1,-1,-1,-1,-1,-1,-1,-1,-1,-1,-1,-1,-1,-1,-1,-1,-1,1,-1,-1,-1,1,-1,-1,-1,1,-1,-1,-1,-1,-1,1,-1,-1,-1,
-1,-1,-1,-1,-1,1,-1,-1,-1,-1,-1,-1,-1,1,1,-1,-1,-1,-1,-1,-1,-1,-1,-1,-1,-1,0,-1,-1,-1,-1,-1,-1,-1,-1,-1,-1,-1,-1,-1,1,-1,-1,-1,-1,1,-1,-1,-1,1,-1,-1,-1,-1,-1,-1,-1,-1,1,-1,-1,-1,-1,-1,-1,-1,-1,-1,1,-1,-1,-1,-1,-1,-1,-1,-1,-1,-1,-1,-1,-1,-1,1,-1,-1,-1,-1,-1,1,-1,-1,-1,-1,-1,-1,-1,1,-1,-1,-1,-1,-1,
1,-1,1,-1,1,-1,-1,-1,1,-1,-1,-1,-1,-1,1,-1,-1,-1,-1,-1,-1,-1,-1,-1,-1,1,-1,0,-1,-1,-1,-1,1,-1,-1,-1,-1,-1,-1,1,-1,-1,1,-1,-1,-1,1,-1,-1,-1,1,-1,-1,-1,-1,-1,-1,-1,-1,-1,-1,-1,-1,-1,-1,-1,-1,-1,1,-1,-1,-1,-1,-1,-1,-1,-1,-1,-1,-1,-1,1,-1,-1,-1,-1,-1,-1,-1,-1,-1,-1,-1,-1,-1,-1,-1,-1,-1,-1,-1,-1,-1,
-1,-1,1,-1,-1,-1,-1,-1,1,-1,-1,1,-1,-1,1,-1,-1,-1,-1,-1,1,-1,-1,-1,-1,-1,-1,-1,0,1,-1,-1,-1,-1,-1,-1,-1,-1,1,-1,1,-1,-1,-1,-1,-1,-1,-1,-1,-1,-1,-1,-1,1,-1,-1,-1,-1,1,1,-1,-1,-1,-1,-1,-1,-1,-1,-1,-1,-1,-1,-1,-1,-1,-1,-1,1,-1,-1,-1,-1,-1,-1,-1,-1,-1,-1,-1,-1,-1,-1,-1,-1,-1,-1,-1,-1,-1,-1,-1,-1,-1,
-1,-1,-1,-1,-1,-1,-1,1,-1,-1,-1,-1,-1,-1,-1,1,-1,-1,-1,-1,1,-1,-1,-1,1,-1,-1,-1,1,0,-1,-1,-1,1,-1,-1,-1,-1,-1,-1,-1,-1,-1,-1,1,-1,-1,-1,-1,-1,-1,1,-1,-1,-1,-1,-1,-1,-1,-1,-1,-1,-1,-1,1,-1,-1,-1,-1,1,-1,-1,-1,-1,-1,-1,-1,-1,-1,-1,-1,-1,-1,-1,-1,-1,-1,-1,-1,1,-1,-1,-1,-1,-1,-1,-1,-1,-1,-1,-1,-1,-1,
-1,-1,-1,1,-1,-1,-1,-1,-1,-1,1,-1,1,-1,-1,-1,-1,1,1,-1,-1,1,-1,-1,1,-1,-1,-1,-1,-1,0,-1,-1,-1,-1,-1,-1,-1,-1,-1,-1,-1,-1,-1,-1,-1,-1,-1,-1,-1,1,-1,-1,-1,-1,-1,-1,-1,-1,1,-1,-1,-1,-1,-1,-1,-1,-1,-1,-1,1,-1,-1,-1,-1,-1,-1,-1,-1,-1,-1,-1,-1,-1,-1,-1,-1,-1,-1,-1,-1,-1,-1,-1,-1,-1,-1,-1,-1,-1,-1,-1,-1,
1,-1,-1,1,1,-1,-1,1,-1,-1,-1,-1,-1,-1,1,-1,-1,-1,-1,-1,-1,1,-1,-1,-1,-1,-1,-1,-1,-1,-1,0,-1,-1,-1,-1,-1,-1,-1,-1,-1,-1,-1,-1,-1,1,-1,-1,-1,-1,-1,1,-1,-1,-1,-1,-1,-1,-1,-1,-1,-1,1,-1,-1,-1,-1,-1,-1,-1,-1,-1,-1,-1,-1,-1,-1,-1,-1,-1,-1,-1,-1,-1,-1,-1,-1,1,-1,-1,-1,-1,-1,-1,-1,-1,-1,-1,-1,-1,-1,-1,-1,
-1,-1,-1,-1,1,-1,1,-1,1,-1,-1,-1,-1,-1,-1,1,-1,-1,-1,-1,-1,-1,-1,-1,1,-1,-1,1,-1,-1,-1,-1,0,-1,-1,-1,-1,1,-1,-1,-1,-1,-1,-1,-1,-1,-1,-1,-1,-1,-1,-1,-1,1,-1,-1,-1,-1,-1,-1,-1,-1,1,-1,-1,-1,-1,-1,-1,1,-1,-1,-1,-1,-1,-1,-1,-1,-1,-1,-1,-1,-1,-1,-1,-1,-1,-1,-1,-1,-1,-1,-1,-1,-1,-1,-1,-1,-1,-1,-1,-1,-1,
-1,-1,1,-1,-1,-1,-1,-1,-1,-1,-1,-1,-1,-1,-1,-1,-1,-1,-1,-1,-1,-1,-1,-1,1,-1,-1,-1,-1,1,-1,-1,-1,0,-1,-1,-1,-1,-1,-1,-1,-1,-1,-1,-1,1,-1,1,-1,-1,-1,-1,-1,-1,-1,-1,-1,1,-1,-1,-1,-1,-1,-1,-1,-1,-1,-1,-1,-1,-1,-1,-1,-1,-1,-1,-1,1,-1,1,1,1,-1,-1,-1,-1,-1,-1,-1,-1,-1,-1,-1,-1,-1,-1,-1,-1,-1,-1,-1,-1,-1,
-1,-1,1,-1,-1,1,-1,-1,-1,-1,-1,1,-1,-1,-1,-1,1,-1,-1,-1,-1,-1,-1,-1,-1,-1,-1,-1,-1,-1,-1,-1,-1,-1,0,-1,-1,-1,-1,-1,-1,1,-1,-1,-1,-1,-1,-1,-1,-1,-1,-1,1,-1,-1,-1,-1,-1,1,-1,-1,-1,-1,1,-1,-1,-1,-1,-1,-1,-1,1,-1,-1,-1,-1,-1,-1,-1,-1,-1,-1,-1,-1,-1,-1,-1,-1,1,-1,-1,-1,-1,-1,-1,-1,-1,-1,-1,-1,-1,-1,-1,
-1,-1,-1,1,-1,-1,-1,-1,-1,-1,-1,1,-1,-1,1,1,-1,-1,-1,-1,-1,-1,-1,-1,-1,-1,-1,-1,-1,-1,-1,-1,-1,-1,-1,0,-1,-1,-1,-1,-1,-1,1,-1,-1,-1,-1,-1,-1,-1,-1,-1,-1,-1,-1,-1,-1,-1,-1,-1,1,-1,-1,-1,-1,-1,-1,1,-1,-1,-1,-1,-1,-1,-1,-1,1,-1,-1,1,-1,-1,-1,-1,-1,-1,-1,-1,1,-1,-1,-1,-1,-1,-1,-1,-1,1,-1,-1,-1,-1,-1,
-1,-1,-1,-1,1,-1,-1,-1,-1,-1,-1,-1,-1,-1,-1,-1,-1,-1,-1,-1,1,-1,-1,1,-1,-1,-1,-1,-1,-1,-1,-1,-1,-1,-1,-1,0,-1,-1,-1,-1,1,-1,-1,-1,-1,-1,-1,1,-1,-1,-1,-1,-1,-1,-1,-1,-1,-1,-1,-1,1,-1,-1,-1,-1,-1,1,-1,1,-1,1,-1,-1,-1,-1,-1,-1,-1,-1,-1,-1,-1,-1,-1,-1,-1,1,-1,-1,-1,-1,-1,-1,-1,-1,-1,-1,-1,-1,-1,-1,-1,
1,-1,-1,1,-1,-1,-1,-1,-1,-1,1,-1,1,-1,-1,1,-1,1,-1,-1,-1,-1,-1,-1,-1,-1,-1,-1,-1,-1,-1,-1,1,-1,-1,-1,-1,0,-1,-1,-1,-1,1,-1,-1,-1,-1,-1,-1,-1,-1,-1,-1,1,-1,-1,-1,-1,-1,-1,-1,-1,-1,-1,-1,-1,-1,-1,-1,-1,-1,-1,-1,-1,-1,-1,-1,-1,-1,-1,-1,-1,-1,-1,-1,-1,-1,-1,-1,-1,-1,-1,-1,-1,1,-1,-1,-1,-1,-1,-1,-1,-1,
-1,-1,-1,-1,-1,-1,-1,-1,-1,-1,1,1,-1,-1,-1,1,-1,-1,-1,1,-1,-1,-1,1,-1,1,-1,-1,1,-1,-1,-1,-1,-1,-1,-1,-1,-1,0,-1,-1,-1,-1,-1,-1,-1,-1,-1,1,-1,-1,-1,-1,-1,-1,-1,-1,-1,-1,-1,-1,-1,-1,-1,-1,-1,-1,-1,-1,-1,-1,-1,-1,-1,-1,-1,-1,-1,-1,-1,-1,-1,-1,-1,-1,-1,-1,-1,-1,-1,-1,1,-1,-1,-1,-1,-1,-1,-1,1,-1,-1,-1,
-1,-1,-1,-1,-1,-1,-1,-1,-1,-1,-1,1,-1,-1,1,1,-1,-1,-1,-1,-1,-1,-1,1,-1,-1,-1,1,-1,-1,-1,-1,-1,-1,-1,-1,-1,-1,-1,0,1,-1,-1,-1,-1,-1,1,-1,-1,-1,-1,-1,-1,-1,-1,-1,-1,-1,-1,-1,-1,-1,-1,-1,-1,-1,-1,-1,-1,-1,-1,-1,-1,-1,1,-1,-1,-1,-1,-1,-1,-1,-1,-1,1,1,-1,-1,-1,-1,-1,-1,-1,-1,-1,-1,-1,-1,-1,-1,-1,-1,-1,
-1,-1,-1,-1,-1,-1,1,-1,1,-1,-1,-1,1,-1,-1,-1,-1,-1,1,-1,-1,-1,-1,-1,-1,-1,1,-1,1,-1,-1,-1,-1,-1,-1,-1,-1,-1,-1,1,0,-1,1,-1,-1,-1,-1,-1,-1,1,-1,-1,-1,1,-1,-1,-1,-1,-1,-1,-1,-1,-1,-1,-1,-1,-1,-1,-1,-1,-1,-1,-1,-1,-1,-1,-1,-1,-1,-1,-1,-1,-1,-1,-1,-1,-1,-1,-1,-1,-1,-1,-1,-1,-1,1,-1,-1,-1,-1,-1,-1,-1,
-1,-1,-1,-1,-1,-1,-1,-1,-1,-1,-1,-1,-1,-1,-1,-1,-1,-1,-1,-1,1,-1,-1,1,-1,1,-1,-1,-1,-1,-1,-1,-1,-1,1,-1,1,-1,-1,-1,-1,0,-1,-1,-1,-1,-1,-1,-1,-1,-1,-1,-1,-1,-1,-1,-1,-1,-1,-1,-1,1,-1,-1,-1,-1,-1,-1,-1,-1,1,1,-1,-1,-1,-1,-1,-1,-1,-1,-1,-1,-1,-1,-1,-1,-1,-1,1,-1,-1,-1,-1,-1,1,-1,-1,-1,-1,-1,-1,-1,-1,
-1,-1,-1,-1,-1,-1,-1,-1,-1,-1,-1,-1,-1,-1,-1,-1,-1,-1,-1,1,-1,-1,-1,-1,-1,-1,-1,1,-1,-1,-1,-1,-1,-1,-1,1,-1,1,-1,-1,1,-1,0,1,-1,-1,-1,1,1,-1,-1,-1,-1,-1,-1,-1,-1,-1,-1,-1,-1,-1,-1,-1,-1,-1,-1,-1,-1,-1,-1,-1,-1,-1,-1,1,-1,-1,-1,-1,-1,-1,-1,-1,-1,-1,1,-1,-1,-1,-1,-1,-1,1,-1,-1,-1,-1,-1,-1,-1,-1,-1,
-1,-1,-1,-1,-1,-1,-1,-1,1,-1,-1,-1,-1,-1,-1,-1,-1,-1,-1,-1,-1,-1,-1,-1,-1,-1,-1,-1,-1,-1,-1,-1,-1,-1,-1,-1,-1,-1,-1,-1,-1,-1,1,0,-1,-1,-1,-1,-1,-1,-1,-1,-1,-1,-1,-1,-1,-1,-1,-1,-1,-1,-1,-1,-1,-1,-1,-1,-1,-1,-1,-1,-1,-1,-1,-1,-1,-1,-1,-1,-1,-1,-1,-1,-1,-1,-1,-1,-1,-1,-1,-1,-1,-1,-1,-1,-1,-1,-1,-1,-1,-1,-1,
-1,-1,-1,-1,-1,-1,1,-1,-1,-1,-1,-1,-1,-1,-1,-1,-1,-1,-1,-1,-1,-1,-1,-1,-1,-1,-1,-1,-1,1,-1,-1,-1,-1,-1,-1,-1,-1,-1,-1,-1,-1,-1,-1,0,-1,-1,-1,-1,-1,-1,-1,-1,-1,-1,-1,-1,-1,-1,-1,-1,-1,-1,-1,-1,-1,-1,-1,-1,-1,-1,-1,-1,-1,-1,-1,-1,-1,-1,-1,-1,-1,-1,-1,-1,-1,-1,-1,-1,-1,-1,-1,-1,-1,-1,-1,-1,-1,-1,-1,-1,-1,-1,
-1,-1,-1,-1,-1,-1,-1,-1,-1,-1,-1,-1,-1,-1,-1,1,-1,-1,-1,-1,1,-1,-1,-1,-1,-1,1,-1,-1,-1,-1,1,-1,1,-1,-1,-1,-1,-1,-1,-1,-1,-1,-1,-1,0,-1,-1,-1,-1,-1,-1,-1,-1,-1,-1,-1,-1,-1,-1,-1,-1,-1,-1,-1,-1,-1,-1,-1,-1,-1,-1,-1,-1,-1,-1,-1,-1,-1,-1,-1,-1,-1,-1,-1,-1,-1,-1,-1,-1,-1,-1,-1,-1,-1,-1,-1,-1,-1,-1,-1,-1,-1,
-1,-1,1,-1,-1,-1,-1,-1,-1,-1,-1,-1,-1,1,-1,-1,-1,-1,-1,1,-1,-1,-1,-1,-1,-1,-1,1,-1,-1,-1,-1,-1,-1,-1,-1,-1,-1,-1,1,-1,-1,-1,-1,-1,-1,0,-1,-1,-1,-1,-1,-1,-1,-1,-1,-1,-1,-1,-1,-1,-1,-1,-1,-1,-1,-1,-1,-1,-1,-1,-1,-1,-1,-1,-1,-1,-1,-1,-1,-1,-1,-1,-1,-1,-1,-1,-1,-1,-1,-1,-1,-1,-1,-1,-1,-1,-1,-1,-1,-1,-1,-1,
-1,-1,-1,-1,-1,-1,-1,-1,-1,-1,-1,-1,-1,-1,-1,-1,-1,-1,-1,-1,-1,-1,-1,-1,-1,-1,-1,-1,-1,-1,-1,-1,-1,1,-1,-1,-1,-1,-1,-1,-1,-1,1,-1,-1,-1,-1,0,-1,-1,-1,-1,-1,-1,-1,-1,-1,-1,-1,-1,-1,-1,-1,-1,-1,-1,-1,-1,-1,-1,-1,-1,-1,-1,-1,-1,-1,-1,-1,-1,-1,-1,-1,-1,-1,-1,-1,-1,-1,-1,-1,-1,-1,-1,-1,-1,-1,-1,-1,-1,-1,-1,-1,
-1,-1,-1,-1,-1,-1,1,-1,-1,-1,-1,1,-1,-1,-1,-1,-1,1,-1,-1,-1,-1,-1,-1,-1,-1,-1,-1,-1,-1,-1,-1,-1,-1,-1,-1,1,-1,1,-1,-1,-1,1,-1,-1,-1,-1,-1,0,-1,-1,-1,-1,-1,-1,-1,-1,-1,-1,-1,-1,-1,-1,-1,-1,-1,-1,-1,-1,-1,-1,-1,-1,-1,-1,-1,-1,-1,-1,-1,-1,-1,-1,-1,-1,-1,-1,-1,-1,-1,-1,-1,-1,-1,-1,-1,-1,-1,-1,-1,-1,-1,-1,
1,-1,-1,-1,-1,-1,-1,-1,-1,-1,-1,-1,1,-1,-1,-1,-1,-1,-1,-1,-1,-1,-1,-1,1,-1,1,-1,-1,-1,-1,-1,-1,-1,-1,-1,-1,-1,-1,-1,1,-1,-1,-1,-1,-1,-1,-1,-1,0,-1,-1,-1,-1,-1,-1,-1,-1,-1,-1,-1,-1,-1,-1,-1,-1,-1,-1,-1,-1,-1,-1,-1,-1,-1,-1,-1,-1,-1,-1,-1,-1,-1,-1,-1,-1,-1,-1,-1,-1,-1,-1,-1,-1,-1,-1,-1,-1,-1,-1,-1,-1,-1,
-1,-1,-1,-1,1,1,-1,-1,-1,-1,-1,1,-1,-1,-1,-1,-1,-1,-1,-1,-1,-1,-1,-1,-1,-1,-1,1,-1,-1,1,-1,-1,-1,-1,-1,-1,-1,-1,-1,-1,-1,-1,-1,-1,-1,-1,-1,-1,-1,0,-1,-1,-1,-1,-1,-1,-1,-1,-1,-1,-1,-1,-1,-1,-1,-1,-1,-1,-1,-1,-1,-1,-1,-1,-1,-1,-1,-1,-1,-1,-1,-1,-1,-1,-1,-1,-1,-1,-1,-1,-1,-1,-1,-1,-1,-1,-1,-1,-1,-1,-1,-1,
-1,-1,-1,1,-1,-1,-1,-1,-1,-1,-1,-1,-1,-1,-1,-1,-1,-1,-1,-1,-1,-1,1,1,-1,-1,-1,-1,-1,1,-1,1,-1,-1,-1,-1,-1,-1,-1,-1,-1,-1,-1,-1,-1,-1,-1,-1,-1,-1,-1,0,-1,-1,-1,-1,-1,-1,-1,-1,-1,-1,-1,-1,-1,-1,-1,-1,-1,-1,-1,-1,-1,-1,-1,-1,-1,-1,-1,-1,-1,-1,-1,-1,-1,-1,-1,-1,-1,-1,-1,-1,-1,-1,-1,-1,-1,-1,-1,-1,-1,-1,-1,
-1,-1,-1,-1,-1,-1,-1,-1,-1,-1,-1,-1,1,-1,-1,-1,-1,-1,1,-1,-1,-1,-1,-1,-1,-1,-1,-1,-1,-1,-1,-1,-1,-1,1,-1,-1,-1,-1,-1,-1,-1,-1,-1,-1,-1,-1,-1,-1,-1,-1,-1,0,-1,-1,-1,-1,-1,-1,-1,-1,-1,-1,-1,-1,-1,-1,-1,-1,-1,-1,-1,-1,-1,-1,-1,-1,-1,-1,-1,-1,-1,-1,-1,-1,-1,-1,-1,-1,-1,-1,-1,-1,-1,-1,-1,-1,-1,-1,-1,-1,-1,-1,
-1,-1,-1,-1,1,-1,-1,1,-1,-1,-1,-1,-1,-1,-1,-1,-1,-1,-1,-1,-1,-1,-1,-1,-1,-1,-1,-1,1,-1,-1,-1,1,-1,-1,-1,-1,1,-1,-1,1,-1,-1,-1,-1,-1,-1,-1,-1,-1,-1,-1,-1,0,-1,-1,-1,-1,-1,-1,-1,-1,-1,-1,-1,-1,-1,-1,-1,-1,-1,-1,-1,-1,-1,-1,-1,-1,-1,-1,-1,-1,-1,-1,-1,-1,-1,-1,-1,-1,-1,-1,-1,-1,-1,-1,-1,-1,-1,-1,-1,-1,-1,
1,-1,-1,-1,-1,-1,-1,-1,-1,-1,-1,-1,-1,-1,-1,-1,-1,-1,1,-1,-1,-1,-1,-1,-1,1,-1,-1,-1,-1,-1,-1,-1,-1,-1,-1,-1,-1,-1,-1,-1,-1,-1,-1,-1,-1,-1,-1,-1,-1,-1,-1,-1,-1,0,-1,-1,-1,-1,-1,-1,-1,-1,-1,-1,-1,-1,-1,-1,-1,-1,-1,-1,-1,-1,-1,-1,-1,-1,-1,-1,-1,-1,-1,-1,-1,-1,-1,-1,-1,-1,-1,-1,-1,-1,-1,-1,-1,-1,-1,-1,-1,-1,
-1,1,1,-1,1,-1,-1,-1,-1,-1,-1,-1,-1,-1,1,-1,-1,-1,-1,-1,1,-1,-1,-1,-1,-1,-1,-1,-1,-1,-1,-1,-1,-1,-1,-1,-1,-1,-1,-1,-1,-1,-1,-1,-1,-1,-1,-1,-1,-1,-1,-1,-1,-1,-1,0,-1,-1,-1,-1,-1,-1,-1,-1,-1,1,-1,-1,-1,-1,-1,-1,-1,-1,-1,-1,-1,-1,-1,-1,-1,-1,-1,-1,-1,-1,-1,-1,-1,-1,-1,-1,-1,-1,-1,-1,-1,-1,-1,-1,-1,-1,-1,
-1,-1,-1,-1,1,-1,1,-1,1,-1,-1,-1,-1,-1,-1,-1,-1,-1,1,-1,-1,-1,-1,-1,-1,-1,-1,-1,-1,-1,-1,-1,-1,-1,-1,-1,-1,-1,-1,-1,-1,-1,-1,-1,-1,-1,-1,-1,-1,-1,-1,-1,-1,-1,-1,-1,0,-1,-1,-1,-1,-1,-1,-1,-1,-1,-1,-1,-1,-1,-1,-1,-1,-1,-1,-1,-1,-1,-1,-1,-1,-1,-1,-1,-1,-1,-1,-1,-1,-1,-1,-1,-1,-1,-1,-1,-1,-1,-1,-1,-1,-1,-1,
-1,-1,-1,1,-1,-1,-1,-1,-1,-1,-1,-1,-1,1,-1,-1,-1,-1,-1,-1,-1,-1,1,-1,1,-1,-1,-1,-1,-1,-1,-1,-1,1,-1,-1,-1,-1,-1,-1,-1,-1,-1,-1,-1,-1,-1,-1,-1,-1,-1,-1,-1,-1,-1,-1,-1,0,-1,-1,-1,-1,-1,-1,-1,-1,-1,-1,-1,-1,-1,-1,-1,-1,-1,-1,-1,-1,-1,-1,-1,-1,-1,-1,-1,-1,-1,-1,-1,-1,-1,-1,-1,-1,-1,-1,-1,-1,-1,-1,-1,-1,-1,
-1,-1,-1,-1,-1,-1,-1,-1,-1,-1,-1,1,-1,-1,-1,-1,-1,-1,-1,-1,-1,1,-1,-1,-1,-1,1,-1,1,-1,-1,-1,-1,-1,1,-1,-1,-1,-1,-1,-1,-1,-1,-1,-1,-1,-1,-1,-1,-1,-1,-1,-1,-1,-1,-1,-1,-1,0,-1,-1,-1,-1,-1,-1,-1,-1,-1,-1,-1,-1,-1,-1,-1,-1,-1,-1,-1,-1,-1,-1,-1,-1,-1,-1,-1,-1,-1,-1,-1,-1,-1,-1,-1,-1,-1,-1,-1,-1,-1,-1,-1,-1,
-1,-1,-1,-1,-1,-1,-1,-1,1,-1,1,-1,-1,-1,-1,-1,-1,-1,1,1,-1,-1,-1,-1,-1,-1,-1,-1,1,-1,1,-1,-1,-1,-1,-1,-1,-1,-1,-1,-1,-1,-1,-1,-1,-1,-1,-1,-1,-1,-1,-1,-1,-1,-1,-1,-1,-1,-1,0,-1,-1,-1,-1,-1,-1,-1,-1,-1,-1,-1,-1,-1,-1,-1,-1,-1,-1,-1,-1,-1,-1,-1,-1,-1,-1,-1,-1,-1,-1,-1,-1,-1,-1,-1,-1,-1,-1,-1,-1,-1,-1,-1,
-1,-1,-1,-1,-1,-1,1,-1,-1,-1,-1,-1,-1,-1,-1,-1,1,-1,-1,-1,-1,-1,-1,-1,-1,-1,-1,-1,-1,-1,-1,-1,-1,-1,-1,1,-1,-1,-1,-1,-1,-1,-1,-1,-1,-1,-1,-1,-1,-1,-1,-1,-1,-1,-1,-1,-1,-1,-1,-1,0,-1,-1,-1,-1,-1,-1,-1,-1,-1,-1,-1,-1,-1,-1,-1,-1,-1,-1,-1,-1,-1,-1,-1,-1,-1,-1,-1,-1,-1,-1,-1,-1,-1,-1,-1,-1,-1,-1,-1,-1,-1,-1,
-1,1,-1,-1,-1,-1,-1,-1,-1,-1,-1,-1,-1,1,-1,-1,-1,-1,-1,-1,-1,-1,-1,-1,-1,-1,-1,-1,-1,-1,-1,-1,-1,-1,-1,-1,1,-1,-1,-1,-1,1,-1,-1,-1,-1,-1,-1,-1,-1,-1,-1,-1,-1,-1,-1,-1,-1,-1,-1,-1,0,-1,-1,-1,-1,-1,-1,-1,-1,-1,-1,-1,-1,-1,-1,-1,-1,-1,-1,-1,-1,-1,-1,-1,-1,-1,-1,-1,-1,-1,-1,-1,-1,-1,-1,-1,-1,-1,-1,-1,-1,-1,
-1,-1,-1,-1,-1,-1,-1,1,-1,-1,-1,-1,1,-1,-1,-1,1,-1,-1,1,1,-1,-1,-1,-1,-1,-1,-1,-1,-1,-1,1,1,-1,-1,-1,-1,-1,-1,-1,-1,-1,-1,-1,-1,-1,-1,-1,-1,-1,-1,-1,-1,-1,-1,-1,-1,-1,-1,-1,-1,-1,0,-1,-1,-1,-1,-1,-1,-1,-1,-1,-1,-1,-1,-1,-1,-1,-1,-1,-1,-1,-1,-1,-1,-1,-1,-1,-1,-1,-1,-1,-1,-1,-1,-1,-1,-1,-1,-1,-1,-1,-1,
-1,-1,-1,-1,-1,-1,-1,-1,-1,1,-1,-1,-1,-1,-1,-1,-1,-1,-1,-1,-1,-1,-1,1,-1,-1,-1,-1,-1,-1,-1,-1,-1,-1,1,-1,-1,-1,-1,-1,-1,-1,-1,-1,-1,-1,-1,-1,-1,-1,-1,-1,-1,-1,-1,-1,-1,-1,-1,-1,-1,-1,-1,0,-1,-1,-1,-1,-1,-1,-1,-1,-1,-1,-1,-1,-1,-1,-1,-1,-1,-1,-1,-1,-1,-1,-1,-1,-1,-1,-1,-1,-1,-1,-1,-1,-1,-1,-1,-1,-1,-1,-1,
-1,-1,-1,-1,-1,-1,-1,-1,-1,-1,-1,-1,-1,-1,-1,-1,-1,-1,-1,-1,-1,-1,-1,-1,1,-1,-1,-1,-1,1,-1,-1,-1,-1,-1,-1,-1,-1,-1,-1,-1,-1,-1,-1,-1,-1,-1,-1,-1,-1,-1,-1,-1,-1,-1,-1,-1,-1,-1,-1,-1,-1,-1,-1,0,-1,-1,-1,-1,-1,-1,-1,-1,-1,-1,-1,-1,-1,-1,-1,-1,-1,-1,-1,-1,-1,-1,-1,-1,-1,-1,-1,-1,-1,-1,-1,-1,-1,-1,-1,-1,-1,-1,
-1,-1,-1,-1,-1,-1,-1,-1,-1,-1,-1,-1,-1,-1,-1,-1,-1,-1,-1,-1,-1,-1,1,-1,-1,-1,-1,-1,-1,-1,-1,-1,-1,-1,-1,-1,-1,-1,-1,-1,-1,-1,-1,-1,-1,-1,-1,-1,-1,-1,-1,-1,-1,-1,-1,1,-1,-1,-1,-1,-1,-1,-1,-1,-1,0,-1,-1,-1,-1,-1,-1,-1,-1,-1,-1,-1,-1,-1,-1,-1,-1,-1,-1,-1,-1,-1,-1,-1,-1,-1,1,-1,-1,-1,-1,-1,-1,-1,-1,-1,-1,-1,
-1,-1,1,-1,-1,-1,-1,1,-1,-1,1,1,-1,-1,1,-1,1,-1,-1,1,1,-1,-1,-1,-1,-1,-1,-1,-1,-1,-1,-1,-1,-1,-1,-1,-1,-1,-1,-1,-1,-1,-1,-1,-1,-1,-1,-1,-1,-1,-1,-1,-1,-1,-1,-1,-1,-1,-1,-1,-1,-1,-1,-1,-1,-1,0,-1,-1,-1,-1,-1,-1,-1,-1,-1,-1,-1,-1,-1,-1,-1,-1,-1,-1,-1,-1,-1,-1,-1,-1,-1,-1,-1,-1,-1,-1,-1,-1,-1,-1,-1,-1,
-1,-1,-1,-1,1,-1,-1,-1,-1,-1,1,1,1,-1,-1,-1,-1,-1,-1,-1,-1,-1,-1,1,-1,-1,-1,-1,-1,-1,-1,-1,-1,-1,-1,1,1,-1,-1,-1,-1,-1,-1,-1,-1,-1,-1,-1,-1,-1,-1,-1,-1,-1,-1,-1,-1,-1,-1,-1,-1,-1,-1,-1,-1,-1,-1,0,-1,-1,-1,-1,-1,1,-1,-1,-1,-1,-1,-1,-1,-1,-1,-1,-1,-1,-1,-1,-1,-1,-1,-1,-1,-1,-1,1,-1,-1,-1,-1,-1,-1,-1,
-1,-1,-1,-1,-1,-1,-1,-1,-1,-1,-1,-1,-1,-1,-1,-1,-1,-1,-1,-1,-1,-1,-1,1,-1,-1,1,1,-1,-1,-1,-1,-1,-1,-1,-1,-1,-1,-1,-1,-1,-1,-1,-1,-1,-1,-1,-1,-1,-1,-1,-1,-1,-1,-1,-1,-1,-1,-1,-1,-1,-1,-1,-1,-1,-1,-1,-1,0,-1,-1,-1,-1,-1,-1,-1,-1,-1,-1,-1,-1,-1,-1,-1,-1,-1,-1,-1,-1,-1,-1,-1,-1,-1,-1,-1,-1,-1,-1,-1,-1,-1,-1,
-1,-1,-1,-1,-1,-1,-1,1,-1,1,-1,-1,-1,-1,-1,-1,-1,-1,1,-1,-1,-1,-1,-1,1,-1,-1,-1,-1,1,-1,-1,1,-1,-1,-1,1,-1,-1,-1,-1,-1,-1,-1,-1,-1,-1,-1,-1,-1,-1,-1,-1,-1,-1,-1,-1,-1,-1,-1,-1,-1,-1,-1,-1,-1,-1,-1,-1,0,-1,-1,-1,-1,-1,-1,-1,-1,-1,-1,-1,-1,-1,-1,-1,-1,-1,-1,-1,-1,-1,-1,-1,-1,-1,-1,-1,-1,-1,-1,-1,-1,-1,
1,-1,-1,-1,-1,-1,1,-1,-1,-1,-1,-1,-1,-1,-1,-1,-1,-1,-1,-1,-1,-1,-1,-1,-1,-1,-1,-1,-1,-1,1,-1,-1,-1,-1,-1,-1,-1,-1,-1,-1,1,-1,-1,-1,-1,-1,-1,-1,-1,-1,-1,-1,-1,-1,-1,-1,-1,-1,-1,-1,-1,-1,-1,-1,-1,-1,-1,-1,-1,0,-1,-1,-1,-1,-1,-1,-1,-1,-1,-1,-1,-1,-1,-1,-1,-1,-1,-1,-1,-1,-1,-1,-1,-1,-1,-1,-1,-1,-1,-1,-1,-1,
-1,1,-1,-1,-1,-1,-1,-1,-1,-1,-1,-1,-1,-1,-1,-1,-1,-1,-1,-1,-1,-1,-1,-1,1,-1,-1,-1,-1,-1,-1,-1,-1,-1,1,-1,1,-1,-1,-1,-1,1,-1,-1,-1,-1,-1,-1,-1,-1,-1,-1,-1,-1,-1,-1,-1,-1,-1,-1,-1,-1,-1,-1,-1,-1,-1,-1,-1,-1,-1,0,-1,-1,-1,-1,-1,-1,-1,-1,-1,-1,-1,-1,-1,-1,-1,-1,-1,-1,-1,-1,-1,-1,-1,-1,-1,-1,-1,-1,-1,-1,-1,
-1,-1,-1,1,-1,-1,-1,-1,-1,-1,-1,-1,-1,-1,-1,-1,-1,1,-1,-1,-1,1,-1,-1,-1,-1,-1,-1,-1,-1,-1,-1,-1,-1,-1,-1,-1,-1,-1,-1,-1,-1,-1,-1,-1,-1,-1,-1,-1,-1,-1,-1,-1,-1,-1,-1,-1,-1,-1,-1,-1,-1,-1,-1,-1,-1,-1,-1,-1,-1,-1,-1,0,-1,-1,-1,-1,-1,-1,-1,-1,-1,-1,-1,-1,-1,-1,-1,-1,-1,-1,-1,-1,-1,-1,-1,-1,-1,-1,-1,-1,-1,-1,
-1,-1,-1,-1,-1,-1,1,-1,-1,-1,-1,-1,-1,-1,-1,-1,-1,-1,-1,-1,-1,-1,-1,-1,-1,-1,-1,-1,-1,-1,-1,-1,-1,-1,-1,-1,-1,-1,-1,-1,-1,-1,-1,-1,-1,-1,-1,-1,-1,-1,-1,-1,-1,-1,-1,-1,-1,-1,-1,-1,-1,-1,-1,-1,-1,-1,-1,1,-1,-1,-1,-1,-1,0,-1,-1,-1,-1,-1,-1,-1,-1,-1,-1,-1,-1,-1,-1,-1,-1,-1,-1,-1,-1,-1,-1,-1,-1,-1,-1,-1,-1,-1,
-1,-1,-1,1,-1,-1,-1,-1,-1,-1,-1,-1,-1,-1,-1,-1,-1,-1,-1,-1,-1,-1,-1,-1,-1,-1,-1,-1,-1,-1,-1,-1,-1,-1,-1,-1,-1,-1,-1,1,-1,-1,-1,-1,-1,-1,-1,-1,-1,-1,-1,-1,-1,-1,-1,-1,-1,-1,-1,-1,-1,-1,-1,-1,-1,-1,-1,-1,-1,-1,-1,-1,-1,-1,0,-1,-1,-1,-1,-1,-1,-1,-1,-1,-1,-1,-1,-1,-1,-1,-1,-1,-1,-1,-1,-1,-1,-1,-1,-1,-1,-1,-1,
-1,-1,-1,-1,-1,-1,-1,1,-1,-1,1,-1,-1,-1,-1,-1,-1,-1,-1,1,-1,1,-1,-1,-1,-1,-1,-1,-1,-1,-1,-1,-1,-1,-1,-1,-1,-1,-1,-1,-1,-1,1,-1,-1,-1,-1,-1,-1,-1,-1,-1,-1,-1,-1,-1,-1,-1,-1,-1,-1,-1,-1,-1,-1,-1,-1,-1,-1,-1,-1,-1,-1,-1,-1,0,-1,-1,-1,-1,-1,-1,-1,-1,-1,-1,-1,-1,-1,-1,-1,-1,-1,-1,-1,-1,-1,-1,-1,-1,-1,-1,-1,
-1,-1,-1,-1,-1,-1,-1,-1,-1,-1,-1,-1,1,-1,-1,-1,-1,-1,-1,-1,-1,-1,1,-1,-1,-1,-1,-1,-1,-1,-1,-1,-1,-1,-1,1,-1,-1,-1,-1,-1,-1,-1,-1,-1,-1,-1,-1,-1,-1,-1,-1,-1,-1,-1,-1,-1,-1,-1,-1,-1,-1,-1,-1,-1,-1,-1,-1,-1,-1,-1,-1,-1,-1,-1,-1,0,-1,-1,-1,-1,-1,-1,-1,-1,-1,-1,-1,-1,-1,-1,-1,-1,-1,-1,-1,-1,-1,-1,-1,-1,-1,-1,
-1,-1,-1,-1,-1,-1,-1,-1,-1,-1,-1,-1,-1,-1,-1,-1,-1,-1,-1,-1,-1,-1,-1,-1,1,-1,-1,-1,1,-1,-1,-1,-1,1,-1,-1,-1,-1,-1,-1,-1,-1,-1,-1,-1,-1,-1,-1,-1,-1,-1,-1,-1,-1,-1,-1,-1,-1,-1,-1,-1,-1,-1,-1,-1,-1,-1,-1,-1,-1,-1,-1,-1,-1,-1,-1,-1,0,-1,-1,-1,-1,-1,-1,-1,-1,-1,-1,-1,-1,-1,-1,-1,-1,-1,-1,-1,-1,-1,-1,-1,-1,-1,
-1,-1,-1,1,-1,-1,-1,-1,-1,-1,-1,-1,-1,-1,-1,-1,-1,-1,-1,-1,-1,-1,-1,-1,-1,-1,-1,-1,-1,-1,-1,-1,-1,-1,-1,-1,-1,-1,-1,-1,-1,-1,-1,-1,-1,-1,-1,-1,-1,-1,-1,-1,-1,-1,-1,-1,-1,-1,-1,-1,-1,-1,-1,-1,-1,-1,-1,-1,-1,-1,-1,-1,-1,-1,-1,-1,-1,-1,0,1,-1,-1,-1,-1,-1,-1,-1,-1,-1,-1,-1,-1,-1,-1,-1,-1,-1,-1,-1,-1,-1,-1,-1,
-1,-1,-1,-1,-1,-1,-1,-1,-1,-1,-1,-1,-1,-1,-1,-1,-1,-1,1,-1,-1,-1,-1,-1,-1,-1,-1,-1,-1,-1,-1,-1,-1,1,-1,1,-1,-1,-1,-1,-1,-1,-1,-1,-1,-1,-1,-1,-1,-1,-1,-1,-1,-1,-1,-1,-1,-1,-1,-1,-1,-1,-1,-1,-1,-1,-1,-1,-1,-1,-1,-1,-1,-1,-1,-1,-1,-1,1,0,-1,-1,-1,-1,-1,-1,-1,-1,-1,-1,-1,-1,-1,-1,-1,-1,-1,-1,-1,-1,-1,-1,-1,
-1,-1,-1,-1,-1,-1,1,-1,-1,-1,-1,-1,-1,-1,-1,-1,-1,-1,-1,-1,-1,-1,-1,-1,-1,-1,-1,-1,-1,-1,-1,-1,-1,1,-1,-1,-1,-1,-1,-1,-1,-1,-1,-1,-1,-1,-1,-1,-1,-1,-1,-1,-1,-1,-1,-1,-1,-1,-1,-1,-1,-1,-1,-1,-1,-1,-1,-1,-1,-1,-1,-1,-1,-1,-1,-1,-1,-1,-1,-1,0,-1,-1,-1,-1,-1,-1,-1,-1,-1,-1,-1,-1,-1,-1,-1,-1,-1,1,-1,-1,-1,-1,
-1,-1,-1,-1,-1,-1,-1,-1,-1,1,-1,-1,-1,-1,-1,-1,-1,-1,-1,-1,-1,-1,1,-1,-1,-1,-1,1,-1,-1,-1,-1,-1,1,-1,-1,-1,-1,-1,-1,-1,-1,-1,-1,-1,-1,-1,-1,-1,-1,-1,-1,-1,-1,-1,-1,-1,-1,-1,-1,-1,-1,-1,-1,-1,-1,-1,-1,-1,-1,-1,-1,-1,-1,-1,-1,-1,-1,-1,-1,-1,0,-1,-1,-1,-1,-1,-1,-1,-1,-1,-1,-1,-1,-1,-1,-1,-1,-1,-1,-1,-1,-1,
-1,-1,-1,-1,1,1,-1,-1,-1,-1,-1,-1,-1,-1,-1,-1,1,-1,-1,-1,-1,-1,-1,-1,-1,-1,-1,-1,-1,-1,-1,-1,-1,-1,-1,-1,-1,-1,-1,-1,-1,-1,-1,-1,-1,-1,-1,-1,-1,-1,-1,-1,-1,-1,-1,-1,-1,-1,-1,-1,-1,-1,-1,-1,-1,-1,-1,-1,-1,-1,-1,-1,-1,-1,-1,-1,-1,-1,-1,-1,-1,-1,0,-1,-1,-1,-1,-1,-1,-1,-1,-1,-1,-1,-1,-1,-1,-1,-1,-1,-1,-1,-1,
-1,1,-1,-1,-1,-1,-1,-1,-1,1,-1,-1,-1,-1,-1,-1,-1,1,-1,-1,-1,-1,-1,-1,-1,-1,1,-1,-1,-1,-1,-1,-1,-1,-1,-1,-1,-1,-1,-1,-1,-1,-1,-1,-1,-1,-1,-1,-1,-1,-1,-1,-1,-1,-1,-1,-1,-1,-1,-1,-1,-1,-1,-1,-1,-1,-1,-1,-1,-1,-1,-1,-1,-1,-1,-1,-1,-1,-1,-1,-1,-1,-1,0,-1,-1,-1,-1,-1,-1,-1,-1,-1,-1,-1,-1,-1,-1,-1,-1,-1,-1,-1,
-1,1,-1,-1,-1,-1,-1,-1,-1,-1,-1,-1,-1,-1,-1,-1,1,1,-1,-1,-1,-1,-1,-1,-1,-1,-1,-1,-1,-1,-1,-1,-1,-1,-1,-1,-1,-1,-1,1,-1,-1,-1,-1,-1,-1,-1,-1,-1,-1,-1,-1,-1,-1,-1,-1,-1,-1,-1,-1,-1,-1,-1,-1,-1,-1,-1,-1,-1,-1,-1,-1,-1,-1,-1,-1,-1,-1,-1,-1,-1,-1,-1,-1,0,-1,-1,-1,-1,-1,-1,-1,-1,-1,-1,-1,-1,-1,-1,-1,-1,-1,-1,
-1,-1,-1,-1,-1,-1,-1,-1,-1,-1,-1,-1,-1,-1,1,-1,-1,-1,-1,-1,-1,-1,1,-1,-1,1,-1,-1,-1,-1,-1,-1,-1,-1,-1,-1,-1,-1,-1,1,-1,-1,-1,-1,-1,-1,-1,-1,-1,-1,-1,-1,-1,-1,-1,-1,-1,-1,-1,-1,-1,-1,-1,-1,-1,-1,-1,-1,-1,-1,-1,-1,-1,-1,-1,-1,-1,-1,-1,-1,-1,-1,-1,-1,-1,0,-1,-1,-1,-1,-1,-1,-1,-1,-1,-1,-1,-1,-1,-1,-1,-1,-1,
-1,-1,-1,-1,-1,-1,-1,-1,-1,-1,-1,-1,-1,-1,-1,-1,-1,-1,-1,-1,-1,-1,1,-1,-1,-1,-1,-1,-1,-1,-1,-1,-1,-1,-1,-1,-1,-1,-1,-1,-1,-1,1,-1,-1,-1,-1,-1,-1,-1,-1,-1,-1,-1,-1,-1,-1,-1,-1,-1,-1,-1,-1,-1,-1,-1,-1,-1,-1,-1,-1,-1,-1,-1,-1,-1,-1,-1,-1,-1,-1,-1,-1,-1,-1,-1,0,-1,-1,-1,-1,-1,-1,-1,-1,-1,-1,-1,-1,-1,-1,-1,-1,
-1,-1,-1,-1,-1,-1,-1,1,-1,-1,-1,-1,-1,-1,-1,-1,-1,-1,-1,-1,-1,-1,-1,-1,-1,-1,-1,-1,-1,-1,-1,1,-1,-1,-1,-1,1,-1,-1,-1,-1,-1,-1,-1,-1,-1,-1,-1,-1,-1,-1,-1,-1,-1,-1,-1,-1,-1,-1,-1,-1,-1,-1,-1,-1,-1,-1,-1,-1,-1,-1,-1,-1,-1,-1,-1,-1,-1,-1,-1,-1,-1,-1,-1,-1,-1,-1,0,-1,-1,-1,-1,-1,-1,-1,-1,-1,-1,-1,-1,-1,-1,-1,
-1,-1,1,-1,-1,-1,-1,-1,-1,1,-1,-1,-1,-1,1,-1,-1,-1,-1,-1,-1,-1,-1,-1,-1,-1,-1,-1,-1,-1,-1,-1,-1,-1,1,1,-1,-1,-1,-1,-1,1,-1,-1,-1,-1,-1,-1,-1,-1,-1,-1,-1,-1,-1,-1,-1,-1,-1,-1,-1,-1,-1,-1,-1,-1,-1,-1,-1,-1,-1,-1,-1,-1,-1,-1,-1,-1,-1,-1,-1,-1,-1,-1,-1,-1,-1,-1,0,-1,-1,-1,-1,-1,-1,-1,-1,-1,-1,-1,-1,-1,-1,
-1,1,-1,-1,-1,-1,-1,-1,-1,-1,-1,-1,-1,-1,1,-1,-1,-1,-1,-1,-1,-1,-1,-1,-1,1,1,-1,-1,1,-1,-1,-1,-1,-1,-1,-1,-1,-1,-1,-1,-1,-1,-1,-1,-1,-1,-1,-1,-1,-1,-1,-1,-1,-1,-1,-1,-1,-1,-1,-1,-1,-1,-1,-1,-1,-1,-1,-1,-1,-1,-1,-1,-1,-1,-1,-1,-1,-1,-1,-1,-1,-1,-1,-1,-1,-1,-1,-1,0,-1,-1,-1,-1,-1,-1,-1,-1,-1,-1,-1,-1,-1,
-1,-1,1,-1,-1,-1,-1,-1,-1,-1,1,-1,-1,-1,1,-1,-1,-1,-1,-1,-1,-1,-1,-1,1,-1,-1,-1,-1,-1,-1,-1,-1,-1,-1,-1,-1,-1,-1,-1,-1,-1,-1,-1,-1,-1,-1,-1,-1,-1,-1,-1,-1,-1,-1,-1,-1,-1,-1,-1,-1,-1,-1,-1,-1,-1,-1,-1,-1,-1,-1,-1,-1,-1,-1,-1,-1,-1,-1,-1,-1,-1,-1,-1,-1,-1,-1,-1,-1,-1,0,-1,-1,-1,-1,-1,-1,-1,1,-1,-1,-1,-1,
-1,-1,-1,-1,-1,-1,-1,-1,-1,-1,-1,-1,-1,-1,-1,-1,-1,-1,-1,-1,-1,-1,-1,-1,-1,-1,-1,-1,-1,-1,-1,-1,-1,-1,-1,-1,-1,-1,1,-1,-1,-1,-1,-1,-1,-1,-1,-1,-1,-1,-1,-1,-1,-1,-1,-1,-1,-1,-1,-1,-1,-1,-1,-1,-1,1,-1,-1,-1,-1,-1,-1,-1,-1,-1,-1,-1,-1,-1,-1,-1,-1,-1,-1,-1,-1,-1,-1,-1,-1,-1,0,-1,-1,-1,-1,-1,-1,-1,-1,-1,-1,-1,
-1,-1,-1,-1,-1,-1,-1,-1,-1,-1,-1,-1,-1,-1,1,-1,-1,-1,-1,-1,1,1,1,-1,-1,-1,-1,-1,-1,-1,-1,-1,-1,-1,-1,-1,-1,-1,-1,-1,-1,-1,-1,-1,-1,-1,-1,-1,-1,-1,-1,-1,-1,-1,-1,-1,-1,-1,-1,-1,-1,-1,-1,-1,-1,-1,-1,-1,-1,-1,-1,-1,-1,-1,-1,-1,-1,-1,-1,-1,-1,-1,-1,-1,-1,-1,-1,-1,-1,-1,-1,-1,0,-1,-1,-1,-1,-1,-1,-1,-1,-1,-1,
-1,1,-1,-1,-1,-1,-1,-1,-1,-1,1,-1,-1,1,-1,1,-1,-1,-1,-1,-1,-1,-1,-1,-1,1,-1,-1,-1,-1,-1,-1,-1,-1,-1,-1,-1,-1,-1,-1,-1,-1,1,-1,-1,-1,-1,-1,-1,-1,-1,-1,-1,-1,-1,-1,-1,-1,-1,-1,-1,-1,-1,-1,-1,-1,-1,-1,-1,-1,-1,-1,-1,-1,-1,-1,-1,-1,-1,-1,-1,-1,-1,-1,-1,-1,-1,-1,-1,-1,-1,-1,-1,0,-1,-1,-1,-1,-1,-1,-1,-1,-1,
-1,-1,1,-1,-1,-1,-1,-1,-1,-1,-1,-1,-1,-1,-1,-1,-1,-1,-1,-1,-1,-1,-1,-1,-1,-1,-1,-1,-1,-1,-1,-1,-1,-1,-1,-1,-1,1,-1,-1,-1,1,-1,-1,-1,-1,-1,-1,-1,-1,-1,-1,-1,-1,-1,-1,-1,-1,-1,-1,-1,-1,-1,-1,-1,-1,-1,-1,-1,-1,-1,-1,-1,-1,-1,-1,-1,-1,-1,-1,-1,-1,-1,-1,-1,-1,-1,-1,-1,-1,-1,-1,-1,-1,0,-1,-1,-1,-1,-1,-1,-1,-1,
-1,-1,-1,-1,-1,-1,-1,-1,-1,-1,-1,-1,-1,-1,-1,-1,-1,-1,-1,-1,-1,-1,-1,-1,-1,-1,-1,-1,-1,-1,-1,-1,-1,-1,-1,-1,-1,-1,-1,-1,1,-1,-1,-1,-1,-1,-1,-1,-1,-1,-1,-1,-1,-1,-1,-1,-1,-1,-1,-1,-1,-1,-1,-1,-1,-1,-1,1,-1,-1,-1,-1,-1,-1,-1,-1,-1,-1,-1,-1,-1,-1,-1,-1,-1,-1,-1,-1,-1,-1,-1,-1,-1,-1,-1,0,-1,-1,-1,-1,-1,-1,-1,
-1,-1,-1,-1,-1,-1,-1,1,-1,-1,-1,-1,-1,-1,-1,-1,-1,-1,-1,-1,-1,-1,-1,-1,-1,-1,-1,-1,-1,-1,-1,-1,-1,-1,-1,-1,-1,-1,-1,-1,-1,-1,-1,-1,-1,-1,-1,-1,-1,-1,-1,-1,-1,-1,-1,-1,-1,-1,-1,-1,-1,-1,-1,-1,-1,-1,-1,-1,-1,-1,-1,-1,-1,-1,-1,-1,-1,-1,-1,-1,-1,-1,-1,-1,-1,-1,-1,-1,-1,-1,-1,-1,-1,-1,-1,-1,0,-1,-1,-1,1,-1,-1,
-1,-1,-1,-1,1,-1,-1,-1,1,-1,-1,-1,-1,-1,-1,-1,-1,-1,-1,-1,-1,1,-1,-1,-1,-1,1,-1,-1,-1,-1,-1,-1,-1,-1,1,-1,-1,-1,-1,-1,-1,-1,-1,-1,-1,-1,-1,-1,-1,-1,-1,-1,-1,-1,-1,-1,-1,-1,-1,-1,-1,-1,-1,-1,-1,-1,-1,-1,-1,-1,-1,-1,-1,-1,-1,-1,-1,-1,-1,-1,-1,-1,-1,-1,-1,-1,-1,-1,-1,-1,-1,-1,-1,-1,-1,-1,0,-1,-1,-1,-1,-1,
-1,-1,-1,-1,-1,-1,-1,-1,-1,-1,-1,-1,-1,-1,-1,-1,-1,-1,-1,-1,-1,-1,-1,-1,-1,-1,-1,-1,-1,-1,-1,-1,-1,-1,-1,-1,-1,-1,-1,-1,-1,-1,-1,-1,-1,-1,-1,-1,-1,-1,-1,-1,-1,-1,-1,-1,-1,-1,-1,-1,-1,-1,-1,-1,-1,-1,-1,-1,-1,-1,-1,-1,-1,-1,-1,-1,-1,-1,-1,-1,1,-1,-1,-1,-1,-1,-1,-1,-1,-1,1,-1,-1,-1,-1,-1,-1,-1,0,-1,-1,-1,-1,
1,-1,-1,-1,-1,-1,-1,-1,-1,-1,-1,-1,-1,-1,-1,-1,-1,-1,-1,-1,-1,-1,-1,-1,-1,1,-1,-1,-1,-1,-1,-1,-1,-1,-1,-1,-1,-1,1,-1,-1,-1,-1,-1,-1,-1,-1,-1,-1,-1,-1,-1,-1,-1,-1,-1,-1,-1,-1,-1,-1,-1,-1,-1,-1,-1,-1,-1,-1,-1,-1,-1,-1,-1,-1,-1,-1,-1,-1,-1,-1,-1,-1,-1,-1,-1,-1,-1,-1,-1,-1,-1,-1,-1,-1,-1,-1,-1,-1,0,-1,-1,-1,
-1,-1,1,-1,-1,1,-1,-1,-1,-1,-1,-1,-1,1,-1,-1,-1,-1,-1,-1,-1,-1,-1,-1,-1,-1,-1,-1,-1,-1,-1,-1,-1,-1,-1,-1,-1,-1,-1,-1,-1,-1,-1,-1,-1,-1,-1,-1,-1,-1,-1,-1,-1,-1,-1,-1,-1,-1,-1,-1,-1,-1,-1,-1,-1,-1,-1,-1,-1,-1,-1,-1,-1,-1,-1,-1,-1,-1,-1,-1,-1,-1,-1,-1,-1,-1,-1,-1,-1,-1,-1,-1,-1,-1,-1,-1,1,-1,-1,-1,0,-1,-1,
1,-1,-1,-1,-1,-1,-1,-1,-1,-1,1,-1,-1,1,-1,-1,-1,-1,-1,-1,-1,-1,-1,-1,-1,-1,-1,-1,-1,-1,-1,-1,-1,-1,-1,-1,-1,-1,-1,-1,-1,-1,-1,-1,-1,-1,-1,-1,-1,-1,-1,-1,-1,-1,-1,-1,-1,-1,-1,-1,-1,-1,-1,-1,-1,-1,-1,-1,-1,-1,-1,-1,-1,-1,-1,-1,-1,-1,-1,-1,-1,-1,-1,-1,-1,-1,-1,-1,-1,-1,-1,-1,-1,-1,-1,-1,-1,-1,-1,-1,-1,0,-1,
-1,-1,-1,-1,-1,-1,1,-1,1,1,1,-1,1,-1,-1,1,-1,-1,-1,-1,-1,-1,-1,-1,-1,-1,-1,-1,-1,-1,-1,-1,-1,-1,-1,-1,-1,-1,-1,-1,-1,-1,-1,-1,-1,-1,-1,-1,-1,-1,-1,-1,-1,-1,-1,-1,-1,-1,-1,-1,-1,-1,-1,-1,-1,-1,-1,-1,-1,-1,-1,-1,-1,-1,-1,-1,-1,-1,-1,-1,-1,-1,-1,-1,-1,-1,-1,-1,-1,-1,-1,-1,-1,-1,-1,-1,-1,-1,-1,-1,-1,-1,0,

(41,0)
(41,1)
(41,2)
(41,3)
(41,4)
(42,5)
(41,6)
(40,7)
(41,8)
(42,9)
(42,10)
(40,11)
(42,12)
(40,13)
(41,14)
(42,15)
(41,16)
(42,17)
(42,18)
(42,19)
(102,8)
(63,15)
(56,1)
(56,5)
(61,0)
(33,14)
(101,2)
(82,1)
(26,1)
(49,16)
(95,15)
(39,8)
(95,8)
(79,9)
(44,10)
(61,3)
(90,17)
(90,9)
(55,14)
(69,18)
(58,1)
(82,16)
(88,18)
(94,18)
(96,17)
(86,16)
(73,9)
(33,3)
(63,6)
(25,7)
(91,5)
(20,0)
(59,7)
(55,13)
(51,7)
(44,3)
(63,4)
(65,8)
(52,1)
(88,1)
(59,7)
(58,19)
(48,16)
(29,0)
(58,5)
(94,3)
(74,4)
(82,1)
(71,7)
(26,4)
(92,0)
(74,3)
(81,2)
(46,1)
(37,0)
(36,1)
(36,14)
(50,8)
(96,19)
(67,2)
(60,0)
(74,9)
(56,16)
(70,5)
(73,1)
(69,5)
(36,0)
(86,15)
(61,5)
(50,6)
(71,14)
(89,15)
(48,6)
(81,8)
(41,15)
(38,10)
(27,8)
(22,6)
(98,14)
(72,5)
(44,12)
(64,11)
(91,12)
(76,15)
(43,17)
(48,3)
(78,9)
(26,18)
(40,19)
(50,10)
(92,1)
(68,16)
(66,13)
(20,8)
(37,12)
(77,6)
(99,1)
(67,1)
(26,5)
(66,19)
(99,19)
(86,5)
(60,5)
(50,0)
(66,7)
(92,2)
(81,19)
(53,2)
(101,1)
(81,19)
(69,0)
(36,1)
(29,8)
(100,1)
(95,17)
(89,1)
(39,11)
(99,14)
(84,7)
(58,12)
(87,4)
(58,1)
(24,6)
(23,6)
(54,10)
(97,16)
(61,0)
(36,13)
(79,1)
(100,17)
(44,16)
(96,0)
(33,11)
(87,10)
(94,8)
(74,15)
(28,17)
(74,14)
(85,11)
(48,7)
(91,13)
(70,11)
(42,9)
(54,6)
(70,17)
(45,15)
(95,11)
(29,18)
(46,10)
(28,8)
(73,9)
(32,8)
(63,9)
(100,14)
(28,7)
(57,11)
(32,16)
(86,3)
(100,4)
(60,9)
(102,2)
(27,0)
(91,1)
(52,4)
(44,3)
(23,1)
(26,1)
(86,8)
(43,9)
(34,16)
(36,1)
(58,15)
(33,9)
(94,6)
(64,0)
(61,7)
(45,18)
(51,4)
(35,4)
(66,5)
(42,5)
(21,10)
(39,8)
(67,14)
(63,2)
(37,7)
(90,7)
(23,1)
(52,8)
(80,3)
(55,3)
(26,3)
(75,17)
(97,6)
(33,8)
(49,19)
(51,8)
(80,0)
(57,14)
(95,5)
(27,2)
(100,7)
(91,16)
(51,1)
(58,11)
(29,15)
(44,14)
(31,1)
(20,10)
(34,19)
(99,18)
(43,0)
(28,2)
(64,1)
(29,13)
(70,1)
(80,3)
(38,1)
(90,3)
(26,19)
(87,11)
(26,4)
(41,6)
(20,6)
(31,7)
(62,5)
(101,15)
(85,16)
(84,17)
(90,1)
(37,2)
(71,4)
(67,13)
(75,14)
(22,11)
(81,0)
(55,10)
(52,1)
(21,0)
(98,10)
(96,12)
(81,0)
(56,1)
(22,18)
(94,10)
(96,1)
(69,17)
(70,11)
(60,16)
(44,17)
(63,12)
(28,0)
(65,5)
(90,17)
(32,11)
(83,9)
(54,4)
(32,17)
(95,14)
(102,13)
(77,5)
(26,2)
(36,3)
(87,14)
(62,18)
(96,0)
(100,13)
(44,11)
(63,19)
(73,0)
(89,8)
(67,18)
(71,5)
(100,11)
(22,3)
(44,5)
(59,0)
(83,9)
(48,8)
(21,15)
(62,1)
(22,3)
(24,11)
(64,4)
(20,1)
(21,15)
(74,8)
(23,19)
(98,0)
(49,9)
(61,4)
(20,10)
(70,0)
(73,16)
(53,19)
(85,1)
(51,9)
(55,1)
(80,14)
(98,10)
(81,17)
(66,3)
(97,17)
(33,0)
(85,4)
(33,9)
(32,6)
(31,4)
(53,1)
(98,19)
(86,16)
(60,1)
(100,10)
(69,1)
(79,7)
(58,4)
(41,2)
(25,0)
(60,5)
(81,3)
(52,0)
(38,3)
(51,2)
(101,1)
(57,18)
(39,2)
(30,12)
(73,18)
(49,0)
(61,1)
(40,2)
(31,8)
(21,6)
(100,0)
(91,11)
(89,16)
(86,17)
(102,4)
(41,1)
(64,6)
(46,2)
(21,14)
(101,1)
(52,2)
(70,1)
(67,1)
(34,2)
(79,18)
(96,16)
(39,15)
(95,6)
(26,13)
(59,1)
(49,11)
(76,4)
(44,4)
(31,1)
(43,15)
(65,8)
(67,15)
(55,14)
(42,17)
(92,0)
(32,7)
(88,1)
(41,10)
(57,4)
(62,2)
(69,19)
(56,2)
(37,8)
(46,8)
(72,6)
(33,2)
(85,19)
(94,15)
(25,11)
(83,2)
(68,17)
(39,7)
(88,0)
(67,15)
(95,6)
(83,0)
(89,16)
(67,1)
(73,16)
(89,0)
(102,14)
(84,0)
(97,9)
(78,0)
(88,3)
(35,16)
(20,6)
(86,2)
(70,2)
(97,1)
(65,6)
(42,2)
(32,9)
(91,0)
(86,3)
(44,5)
(64,14)
(49,9)
(82,9)
(95,9)
(92,7)
(62,1)
(89,17)
(46,19)
(96,16)
(84,9)
(99,3)
(34,7)
(91,0)
(87,16)
(22,2)
(49,3)
(94,2)
(102,10)
(88,11)
(69,4)
(80,17)
(35,15)
(102,10)
(29,0)
(73,10)
(62,1)
(46,13)
(43,12)
(75,10)
(83,2)
(94,8)
(83,4)
(68,7)
(92,9)
(25,8)
(86,11)
(71,0)
(39,10)
(72,16)
(65,9)
(46,1)
(74,2)
(81,19)
(88,3)
(21,13)
(51,2)
(86,1)
(68,4)
(80,18)
(45,2)
(59,18)
(79,3)
(76,0)
(71,12)
(54,16)
(52,16)
(86,11)
(44,5)
(43,15)
(75,10)
(42,14)
(59,3)
(73,19)
(102,4)
(50,12)
(22,12)
(58,0)
(35,11)
(23,3)
(54,19)
(60,11)
(64,10)
(55,2)
(96,0)
(73,12)
(61,16)
(59,6)
(98,16)
(72,3)
(26,15)
(24,5)
(97,17)
(35,13)
(50,0)
(67,18)
(60,13)
(53,19)
(51,1)
(48,9)
(40,14)
(80,10)
(30,11)
(75,11)
(47,9)
(88,1)
(51,14)
(73,12)
(20,3)
(43,8)
(24,12)
(28,1)
(87,0)
(66,0)
(87,0)
(86,13)
(49,1)
(84,7)
(81,6)
(33,11)
(86,12)
(54,15)
(88,5)
(61,11)
(90,5)
(59,18)
(93,10)
(28,18)
(70,18)
(86,11)
(54,6)
(83,5)
(66,12)
(94,13)
(96,16)
(62,0)
(35,14)
(47,1)
(85,5)
(49,4)
(74,1)
(36,1)
(92,7)
(49,15)
(52,13)
(41,4)
(32,6)
(41,11)
(49,14)
(36,5)
(87,4)
(51,2)
(93,0)
(80,4)
(64,10)
(35,3)
(30,17)
(32,19)
(31,1)
(36,0)
(65,17)
(63,3)
(86,16)
(41,13)
(98,14)
(39,3)
(68,11)
(39,2)
(76,5)
(49,1)
(90,8)
(71,2)
(64,10)
(38,1)
(35,2)
(45,0)
(80,16)
(56,0)
(71,8)
(37,7)
(22,4)
(36,9)
(39,6)
(97,14)
(83,9)
(94,19)
(44,6)
(65,4)
(37,6)
(78,13)
(46,0)
(81,10)
(29,6)
(21,4)
(29,14)
(38,4)
(98,9)
(99,16)
(92,10)
(77,4)
(64,8)
(26,3)
(32,18)
(65,1)
(38,2)
(86,5)
(89,7)
(100,6)
(36,3)
(25,2)
(23,4)
(68,7)
(82,13)
(27,4)
(90,3)
(72,10)
(47,10)
(74,1)
(66,15)
(99,7)
(80,5)
(74,10)
(93,15)
(39,2)
(51,4)
(30,3)
(51,1)
(97,14)
(59,11)
(30,15)
(43,12)
(29,16)
(92,9)
(102,16)
(82,10)
(32,5)
(72,18)
(68,1)
(40,2)
(59,3)
(101,15)
(76,12)
(53,7)
(37,9)
(80,0)
(55,5)
(52,11)
(62,2)
(84,8)
(72,5)
(27,2)
(25,5)
(30,0)
(82,3)
(68,6)
(26,2)
(23,7)
(43,19)
(56,15)
(83,12)
(97,5)
(45,7)
(93,3)
(56,18)
(55,8)
(20,11)
(38,11)
(54,0)
(61,1)
(98,1)
(37,1)
(39,14)
(68,0)
(42,3)
(42,0)
(55,18)
(45,11)
(81,13)
(93,11)
(22,17)
(45,3)
(46,13)
(79,12)
(91,18)
(44,3)
(67,19)
(101,14)
(78,14)
(83,19)
(62,5)
(82,16)
(74,13)
(20,3)
(65,6)
(60,0)
(69,2)
(68,2)
(32,0)
(29,1)
(36,16)
(96,0)
(100,7)
(42,19)
(93,6)
(47,5)
(101,5)
(70,4)
(89,13)
(26,19)
(23,6)
(50,0)
(31,9)
(83,4)
(83,0)
(53,19)
(48,5)
(81,8)
(66,5)
(95,3)
(71,17)
(34,4)
(90,10)
(54,1)
(79,7)
(70,16)
(47,19)
(51,9)
(94,17)
(33,3)
(26,13)
(52,3)
(78,5)
(64,3)
(64,6)
(84,2)
(80,12)
(48,5)
(59,3)
(84,2)
(85,8)
(101,18)
(41,0)
(97,12)
(99,5)
(66,9)
(100,4)
(43,9)
(73,13)
(101,0)
(68,3)
(46,16)
(90,0)
(88,3)
(28,1)
(45,6)
(53,14)
(70,17)
(94,5)
(37,12)
(80,12)
(64,16)
(44,4)
(75,1)
(70,12)
(66,19)
(51,19)
(24,0)
(53,11)
(47,0)
(52,11)
(75,5)
(60,4)
(88,8)
(38,1)
(94,4)
(80,8)
(39,5)
(57,16)
(57,14)
(92,9)
(34,10)
(96,7)
(21,11)
(79,18)
(87,17)
(87,10)
(40,1)
(44,1)
(91,10)
(89,6)
(71,8)
(48,15)
(85,13)
(52,5)
(35,2)
(67,5)
(47,11)
(68,3)
(76,11)
(94,18)
(60,0)
(95,8)
(42,0)
(51,14)
(52,11)
(99,19)
(94,9)
(32,17)
(84,3)
(82,17)
(46,9)
(22,3)
(47,6)
(65,11)
(99,12)
(79,4)
(71,2)
(59,3)
(84,9)
(100,8)
(44,14)
(70,9)
(31,0)
(34,0)
(80,0)
(81,16)
(43,8)
(47,0)
(70,17)
(64,4)
(20,13)
(86,8)
(43,15)
(44,7)
(39,3)
(48,17)
(51,2)
(77,2)
(25,7)
(92,11)
(92,4)
(102,14)
(59,0)
(92,1)
(22,3)
(86,0)
(42,0)
(26,5)
(98,13)
(83,8)
(23,0)
(89,2)
(43,15)
(74,14)
(98,0)
(66,3)
(87,5)
(64,4)
(35,18)
(32,2)
(61,2)
(74,8)
(53,0)
(67,5)
(61,11)
(89,3)
(66,13)
(95,13)
(40,0)
(84,2)
(81,2)
(22,17)
(38,0)
(44,4)
(81,7)
(99,1)
(78,7)
(48,11)
(102,2)
(88,3)
(52,12)
(78,4)
(64,9)
(37,0)
(94,8)
(31,11)
(93,7)
(37,6)
(96,1)
(58,16)
(60,4)
(82,4)
(85,0)
(59,11)
(85,4)
(33,14)
(62,7)
(89,1)
(98,7)
(59,1)
(23,6)
(90,13)
(59,0)
(86,0)
(79,0)
(47,9)
(79,9)
(82,16)
(98,9)
(44,5)
(59,14)
(67,19)
(64,1)
(72,6)
(69,9)
(58,0)
(24,19)
(71,12)
(70,0)
(22,10)
(51,7)
(102,6)
(35,18)
(80,17)
(74,0)
(79,0)
(43,16)
(89,14)
(95,7)
(75,7)
(29,0)
(42,8)
(78,1)
(93,19)
(25,2)
(86,13)
(89,13)
(64,6)
(76,3)
(61,2)
(89,2)
(93,18)
(43,11)
(84,2)
(70,18)
(49,5)
(77,1)
(76,9)
(96,0)
(67,10)
(75,4)
(59,11)
(75,8)
(21,14)
(24,2)
(42,9)
(49,11)
(30,17)
(80,18)
(55,6)
(89,16)
(45,12)
(62,10)
(100,8)
(64,9)
(90,18)
(56,2)
(35,0)
(93,7)
(38,5)
(33,16)
(63,6)
(21,14)
(85,2)
(68,3)
(29,17)
(24,1)
(26,16)
(101,11)
(84,18)
(50,0)
(80,5)
(34,14)
(79,5)
(98,7)
(98,2)
(27,16)
(55,3)
(55,9)
(97,1)
(29,1)
(93,10)
(31,0)
(43,2)
(39,6)
(54,10)
(97,3)
(83,18)
(65,2)
(82,19)
(93,6)
(39,19)
(29,10)
(80,8)
(40,0)
(43,13)
(66,14)
(73,5)
(81,18)
(91,3)
(84,1)
(32,6)
(50,13)
(50,6)
(52,16)
(97,6)
(66,0)
(27,0)
(32,6)
(99,8)
(61,5)
(86,5)
(59,9)
(82,12)
(34,4)
(41,16)
(98,16)
(58,0)
(50,3)
(57,7)
(59,14)
(45,13)
(52,10)
(29,9)
(82,7)
(59,2)
(56,0)
(83,8)
(36,1)
(51,14)
(32,6)
(78,1)
(49,16)
(45,7)
(82,9)
(44,19)
(41,18)
(25,6)
(63,18)
(28,0)
(70,19)
(69,2)
(33,18)
(61,15)
(80,3)
(41,5)
(20,16)
(89,0)
(28,3)
(31,0)
(52,7)
(21,8)
(28,10)
(49,16)
(21,12)
(52,3)
(31,0)
(100,2)
(57,6)
(84,9)
(86,16)
(93,0)
(52,0)
(98,1)
(85,8)
(80,2)
(100,12)
(39,4)
(93,17)
(86,11)
(22,3)
(33,6)
(67,0)
(71,0)
(26,0)
(51,15)
(31,15)
(83,11)
(74,3)
(40,0)
(55,6)
(52,13)
(101,1)
(43,0)
(56,17)
(42,2)
(72,2)
(86,4)
(44,12)
(53,11)
(68,19)
(66,12)
(39,10)
(69,12)
(91,19)
(93,6)
(32,3)
(64,17)
(95,17)
(83,8)
(33,5)
(86,0)
(100,13)
(91,8)
(59,6)
(40,6)
(100,12)
(99,5)
(71,14)
(51,6)
(74,4)
(62,6)
(45,0)
(79,16)
(69,4)
(69,5)
(75,9)
(21,15)
(71,16)
(80,14)
(102,4)
(92,16)
(54,6)
(76,0)
(38,0)
(34,6)
(91,13)
(86,4)
(20,19)
(102,4)
(47,4)
(53,1)
(97,2)
(69,6)
(90,7)
(91,6)
(101,10)
(100,1)
(51,2)
(61,2)
(49,0)
(74,11)
(59,12)
(21,14)
(21,9)
(35,13)
(55,3)
(95,1)
(65,2)
(40,14)
(71,6)
(94,18)
(27,8)
(46,9)
(21,8)
(36,8)
(97,0)
(34,0)
(100,6)
(24,18)
(69,11)
(71,13)
(30,0)
(87,16)
(99,6)
(56,3)
(72,3)
(84,4)
(51,4)
(76,2)
(32,1)
(97,0)
(52,0)
(57,3)
(24,17)
(81,0)
(86,3)
(27,10)
(35,7)
(45,3)
(38,16)
(72,19)
(31,0)
(37,14)
(49,19)
(40,0)
(49,3)
(36,3)
(71,2)
(24,2)
(60,4)
(58,15)
(38,14)
(47,9)
(28,12)
(79,0)
(73,1)
(73,3)
(71,2)
(43,16)
(34,6)
(86,5)
(27,4)
(35,0)
(73,1)
(51,12)
(61,18)
(36,5)
(68,14)
(67,14)
(40,5)
(63,6)
(82,6)
(29,14)
(93,14)
(26,4)
(85,3)
(61,0)
(67,3)
(25,0)
(72,1)
(30,14)
(34,4)
(35,2)
(82,0)
(91,17)
(83,3)
(27,1)
(80,12)
(61,10)
(81,12)
(99,3)
(48,8)
(102,17)
(98,12)
(38,13)
(89,17)
(69,5)
(24,1)
(102,6)
(67,6)
(58,0)
(22,4)
(58,1)
(34,17)
(26,3)
(93,8)
(98,13)
(79,3)
(49,15)
(24,19)
(99,3)
(87,0)
(79,12)
(64,16)
(90,7)
(41,18)
(80,5)
(56,11)
(59,14)
(56,7)
(25,19)
(48,12)
(34,16)
(82,9)
(35,8)
(61,0)
(43,7)
(88,3)
(74,4)
(72,18)
(80,2)
(102,9)
(87,5)
(47,11)
(48,13)
(52,8)
(98,6)
(28,0)
(93,17)
(73,8)
(100,19)
(49,13)
(102,0)
(41,14)
(30,15)
(37,14)
(45,18)
(91,2)
(76,2)
(72,6)
(37,9)
(74,0)
(91,19)
(87,17)
(87,4)
(22,8)
(97,12)
(98,16)
(27,11)
(50,5)
(97,5)
(77,18)
(75,4)
(81,4)
(39,14)
(102,0)
(73,7)
(41,1)
(89,1)
(98,18)
(78,19)
(62,6)
(96,15)
(42,18)
(73,10)
(67,16)
(79,8)
(22,10)
(75,1)
(25,1)
(67,3)
(65,19)
(39,2)
(53,15)
(56,15)
(38,17)
(96,12)
(37,4)
(57,9)
(39,15)
(89,1)
(32,9)
(21,4)
(39,9)
(78,0)
(68,3)
(43,0)
(41,13)
(101,9)
(33,3)
(26,0)
(48,3)
(20,8)
(63,1)
(25,4)
(71,13)
(31,4)
(65,13)
(93,13)
(62,5)
(88,7)
(56,16)
(60,0)
(97,15)
(42,0)
(43,7)
(96,19)
(99,17)
(85,6)
(40,5)
(24,11)
(87,14)
(76,11)
(98,17)
(95,9)
(22,2)
(94,3)
(97,17)
(72,9)
(80,0)
(40,10)
(71,0)
(66,18)
(91,19)
(27,2)
(69,14)
(54,13)
(58,12)
(90,18)
(77,2)
(99,1)
(94,6)
(30,11)
(80,7)
(76,14)
(92,17)
(58,14)
(77,14)
(35,14)
(96,1)
(79,7)
(80,0)
(43,18)
(42,11)
(32,17)
(102,11)
(38,18)
(66,8)
(32,8)
(47,13)
(80,16)
(31,1)
(78,16)
(61,13)
(91,2)
(75,0)
(55,1)
(86,19)
(20,16)
(84,9)
(22,2)
(21,8)
(100,16)
(90,13)
(74,8)
(30,0)
(65,8)
(94,15)
(50,14)
(41,5)
(86,7)
(54,2)
(56,17)
(24,11)
(31,18)
(60,0)
(62,19)
(55,14)
(58,8)
(74,1)
(45,6)
(35,9)
(37,15)
(72,9)
(37,19)
(29,11)
(38,19)
(20,1)
(93,17)
(98,18)
(78,3)
(51,19)
(74,0)
(31,1)
(53,6)
(70,19)
(29,1)
(48,9)
(31,14)
(42,1)
(94,8)
(35,7)
(84,8)
(95,4)
(96,9)
(68,17)
(36,0)
(62,11)
(37,0)
(45,2)
(54,10)
(58,12)
(71,10)
(53,2)
(61,12)
(55,6)
(28,4)
(20,1)
(76,10)
(39,9)
(30,1)
(92,18)
(27,18)
(56,0)
(61,5)
(55,15)
(85,10)
(44,19)
(23,8)
(25,12)
(50,6)
(37,7)
(51,3)
(65,19)
(51,3)
(69,17)
(21,4)
(100,12)
(37,17)
(71,18)
(76,19)
(101,2)
(71,6)
(32,18)
(29,16)
(53,0)
(41,5)
(62,10)
(88,2)
(90,1)
(67,4)
(24,5)
(76,16)
(21,7)
(66,8)
(62,11)
(45,19)
(42,10)
(91,1)
(49,11)
(86,9)
(49,1)
(23,7)
(71,8)
(35,6)
(23,19)
(78,5)
(97,11)
(83,16)
(23,7)
(90,9)
(46,2)
(24,12)
(21,0)
(33,16)
(42,3)
(82,4)
(55,1)
(54,4)
(27,16)
(59,18)
(60,10)
(78,10)
(33,4)
(69,0)
(75,0)
(70,6)
(27,1)
(86,1)
(61,11)
(28,14)
(96,17)
(70,11)
(74,0)
(77,7)
(35,6)
(30,19)
(87,6)
(52,1)
(90,4)
(35,6)
(30,17)
(78,16)
(52,8)
(58,18)
(27,18)
(61,0)
(70,9)
(39,2)
(47,13)
(46,3)
(41,5)
(31,5)
(37,19)
(98,12)
(67,1)
(96,3)
(32,2)
(88,2)
(49,6)
(67,3)
(36,5)
(85,0)
(65,18)
(39,13)
(49,15)
(66,0)
(82,3)
(34,7)
(88,14)
(50,5)
(30,9)
(68,2)
(33,8)
(81,0)
(29,6)
(73,0)
(36,6)
(90,0)
(35,7)
(50,17)
(25,0)
(80,1)
(42,11)
(97,8)
(91,12)
(29,18)
(65,9)
(38,1)
(47,16)
(56,14)
(97,3)
(60,10)
(50,0)
(77,7)
(77,2)
(30,0)
(99,19)
(21,0)
(52,15)
(67,15)
(83,13)
(90,5)
(38,2)
(54,3)
(22,5)
(102,1)
(68,3)
(85,4)
(62,2)
(43,3)
(94,14)
(56,4)
(97,11)
(52,0)
(55,0)
(31,18)
(33,0)
(33,5)
(95,2)
(58,18)
(21,1)
(95,8)
(22,1)
(21,2)
(35,14)
(90,17)
(34,7)
(45,3)
(37,16)
(57,3)
(59,19)
(79,9)
(30,2)
(88,11)
(89,6)
(54,14)
(21,2)
(25,0)
(65,15)
(40,10)
(59,15)
(23,12)
(57,16)
(63,2)
(45,1)
(66,16)
(36,1)
(50,14)
(20,6)
(32,5)
(32,2)
(96,0)
(68,2)
(24,9)
(94,9)
(22,2)
(98,0)
(88,9)
(77,5)
(61,15)
(91,4)
(85,10)
(31,5)
(34,6)
(88,6)
(83,9)
(102,15)
(64,17)
(76,3)
(59,1)
(27,11)
(48,15)
(22,1)
(54,17)
(42,16)
(89,16)
(64,7)
(70,10)
(37,6)
(44,0)
(29,7)
(72,3)
(34,2)
(52,16)
(35,5)
(76,3)
(56,4)
(85,13)
(37,6)
(32,5)
(43,5)
(26,4)
(61,7)
(64,4)
(32,14)
(57,0)
(67,7)
(45,13)
(60,4)
(92,14)
(35,1)
(34,16)
(30,19)
(65,14)
(47,6)
(70,17)
(50,14)
(41,10)
(25,3)
(63,7)
(21,14)
(68,14)
(84,1)
(86,7)
(70,6)
(58,0)
(21,2)
(23,5)
(47,18)
(57,14)
(79,7)
(83,5)
(60,3)
(78,4)
(42,0)
(65,10)
(95,6)
(34,0)
(69,11)
(46,18)
(68,11)
(87,18)
(99,16)
(94,7)
(98,2)
(45,3)
(100,10)
(49,0)
(26,19)
(74,13)
(82,0)
(86,2)
(46,8)
(23,13)
(46,1)
(43,14)
(76,9)
(67,8)
(98,6)
(62,1)
(83,19)
(35,6)
(75,0)
(93,8)
(70,12)
(90,18)
(70,0)
(72,15)
(55,1)
(66,7)
(63,9)
(72,0)
(59,5)
(86,3)
(54,0)
(67,11)
(59,10)
(22,9)
(66,10)
(82,13)
(74,8)
(81,5)
(95,6)
(58,3)
(70,3)
(99,14)
(76,6)
(36,3)
(90,9)
(84,17)
(65,0)
(40,16)
(49,3)
(66,1)
(21,5)
(44,13)
(38,1)
(54,10)
(54,2)
(62,4)
(99,6)
(60,0)
(79,7)
(61,7)
(96,1)
(65,0)
(40,4)
(63,5)
(45,1)
(39,13)
(101,18)
(46,16)
(97,19)
(85,6)
(65,2)
(27,15)
(59,4)
(50,14)
(42,7)
(65,15)
(96,10)
(22,1)
(31,1)
(21,3)
(68,3)
(94,8)
(44,1)
(73,9)
(81,1)
(90,18)
(90,12)
(64,1)
(86,1)
(23,2)
(79,1)
(29,17)
(66,0)
(87,0)
(23,18)
(37,5)
(95,0)
(25,1)
(37,1)
(40,18)
(88,13)
(90,0)
(22,7)
(86,1)
(33,15)
(91,11)
(84,18)
(93,5)
(61,8)
(46,12)
(24,2)
(24,15)
(96,10)
(50,14)
(95,0)
(26,12)
(74,13)
(41,2)
(39,0)
(86,19)
(81,12)
(63,4)
(46,8)
(54,10)
(61,12)
(29,17)
(81,2)
(80,4)
(81,2)
(38,19)
(47,15)
(22,1)
(88,5)
(66,18)
(98,16)
(52,11)
(62,5)
(61,4)
(54,14)
(31,18)
(66,8)
(31,1)
(97,8)
(85,18)
(32,1)
(44,11)
(24,6)
(41,6)
(101,10)
(95,6)
(51,18)
(42,2)
(70,12)
(23,5)
(47,1)
(39,19)
(68,16)
(61,18)
(91,13)
(62,10)
(40,1)
(90,0)
(71,9)
(56,8)
(87,10)
(27,1)
(92,12)
(58,10)
(68,1)
(97,4)
(94,18)
(26,5)
(36,4)
(87,19)
(86,5)
(78,17)
(98,7)
(32,6)
(35,6)
(48,4)
(86,10)
(100,1)
(73,19)
(31,15)
(95,5)
(66,7)
(71,4)
(95,9)
(65,4)
(67,10)
(60,13)
(34,1)
(51,12)
(25,19)
(45,4)
(100,0)
(35,1)
(44,11)
(25,4)
(98,5)
(35,9)
(24,13)
(38,0)
(77,0)
(94,0)
(49,8)
(36,2)
(58,11)
(79,2)
(52,10)
(88,11)
(72,0)
(47,1)
(31,1)
(21,19)
(32,7)
(30,9)
(35,11)
(28,19)
(47,17)
(69,1)
(48,12)
(92,19)
(82,17)
(66,11)
(23,18)
(83,17)
(42,14)
(28,2)
(23,15)
(54,18)
(30,15)
(39,11)
(43,3)
(60,15)
(25,19)
(50,2)
(90,9)
(58,5)
(43,5)
(72,10)
(43,5)
(52,9)
(20,17)
(63,4)
(49,13)
(54,4)
(91,5)
(80,0)
(71,0)
(21,0)
(64,3)
(72,8)
(102,0)
(74,3)
(31,4)
(45,0)
(100,2)
(71,0)
(64,19)
(45,0)
(40,13)
(81,5)
(59,4)
(37,0)
(23,17)
(57,6)
(41,0)
(26,11)
(80,13)
(95,16)
(36,1)
(33,10)
(76,11)
(27,14)
(64,6)
(34,5)
(102,0)
(53,5)
(42,18)
(30,8)
(96,8)
(52,4)
(81,5)
(76,11)
(33,13)
(27,5)
(42,1)
(22,10)
(58,13)
(99,0)
(49,12)
(95,11)
(37,3)
(85,11)
(33,9)
(81,6)
(32,12)
(83,12)
(33,6)
(67,13)
(23,6)
(74,2)
(52,17)
(54,2)
(75,8)
(35,17)
(28,3)
(47,13)
(44,1)
(45,3)
(89,2)
(45,5)
(43,11)
(87,4)
(48,3)
(70,12)
(92,12)
(99,19)
(21,11)
(80,8)
(89,1)
(53,14)
(87,3)
(65,17)
(31,3)
(20,17)
(97,11)
(34,6)
(33,18)
(34,3)
(38,3)
(101,4)
(61,7)
(70,3)
(99,12)
(33,4)
(36,13)
(43,5)
(78,5)
(40,5)
(48,8)
(38,18)
(89,18)
(38,1)
(73,4)
(57,3)
(33,7)
(68,6)
(70,2)
(53,6)
(24,8)
(37,18)
(49,5)
(87,14)
(93,0)
(90,18)
(82,5)
(58,8)
(32,7)
(41,0)
(74,12)
(96,12)
(27,5)
(48,0)
(20,0)
(82,5)
(23,15)
(95,18)
(99,5)
(55,13)
(76,10)
(34,8)
(24,6)
(78,3)
(36,1)
(25,5)
(20,1)
(36,3)
(63,10)
(51,4)
(39,0)
(99,6)
(70,13)
(101,11)
(59,9)
(83,9)
(74,0)
(26,5)
(31,3)
(62,6)
(21,8)
(75,6)
(93,4)
(50,14)
(92,1)
(66,10)
(66,11)
(47,2)
(48,16)
(102,7)
(28,14)
(62,16)
(84,9)
(24,1)
(68,10)
(85,6)
(30,2)
(76,4)
(59,8)
(72,14)
(67,0)
(86,5)
(48,19)
(30,2)
(39,16)
(48,12)
(89,7)
(24,1)
(64,1)
(83,13)
(89,1)
(91,9)
(100,1)
(81,6)
(38,19)
(54,2)
(27,12)
(60,11)
(54,6)
(30,7)
(29,16)
(71,9)
(80,1)
(72,11)
(75,8)
(79,0)
(83,3)
(68,17)
(78,4)
(53,13)
(72,7)
(33,17)
(86,4)
(47,0)
(101,9)
(69,7)
(50,19)
(67,15)
(93,13)
(24,12)
(39,0)
(49,8)
(48,11)
(55,18)
(45,7)
(92,1)
(48,11)
(47,10)
(80,4)
(87,13)
(57,1)
(91,1)
(72,15)
(41,3)
(98,17)
(48,3)
(83,5)
(57,14)
(42,9)
(36,1)
(69,19)
(93,15)
(87,8)
(20,7)
(56,7)
(81,18)
(60,12)
(92,4)
(36,6)
(34,13)

(41,0)
(41,1)
(41,2)
(41,3)
(41,4)
(42,5)
(41,6)
(40,7)
(41,8)
(42,9)
(42,10)
(40,11)
(42,12)
(40,13)
(41,14)
(42,15)
(41,16)
(42,17)
(42,18)
(42,19)
(102,8)
(63,15)
(56,1)
(56,5)
(61,0)
(33,14)
(101,2)
(82,1)
(26,1)
(49,16)
(95,15)
(39,8)
(95,8)
(79,9)
(44,10)
(61,3)
(90,17)
(90,9)
(55,14)
(69,18)
(58,1)
(82,16)
(88,18)
(94,18)
(96,17)
(86,16)
(73,9)
(33,3)
(63,6)
(25,7)
(91,5)
(20,0)
(59,7)
(55,13)
(51,7)
(44,3)
(63,4)
(65,8)
(52,1)
(88,1)
(59,7)
(58,19)
(48,16)
(29,0)
(58,5)
(94,3)
(74,4)
(82,1)
(71,7)
(26,4)
(92,0)
(74,3)
(81,2)
(46,1)
(37,0)
(36,1)
(36,14)
(50,8)
(96,19)
(67,2)
(60,0)
(74,9)
(56,16)
(70,5)
(73,1)
(69,5)
(36,0)
(86,15)
(61,5)
(50,6)
(71,14)
(89,15)
(48,6)
(81,8)
(41,15)
(38,10)
(27,8)
(22,6)
(98,14)
(72,5)
(44,12)
(64,11)
(91,12)
(76,15)
(43,17)
(48,3)
(78,9)
(26,18)
(40,19)
(50,10)
(92,1)
(68,16)
(66,13)
(20,8)
(37,12)
(77,6)
(99,1)
(67,1)
(26,5)
(66,19)
(99,19)
(86,5)
(60,5)
(50,0)
(66,7)
(92,2)
(81,19)
(53,2)
(101,1)
(81,19)
(69,0)
(36,1)
(29,8)
(100,1)
(95,17)
(89,1)
(39,11)
(99,14)
(84,7)
(58,12)
(87,4)
(58,1)
(24,6)
(23,6)
(54,10)
(97,16)
(61,0)
(36,13)
(79,1)
(100,17)
(44,16)
(96,0)
(33,11)
(87,10)
(94,8)
(74,15)
(28,17)
(74,14)
(85,11)
(48,7)
(91,13)
(70,11)
(42,9)
(54,6)
(70,17)
(45,15)
(95,11)
(29,18)
(46,10)
(28,8)
(73,9)
(32,8)
(63,9)
(100,14)
(28,7)
(57,11)
(32,16)
(86,3)
(100,4)
(60,9)
(102,2)
(27,0)
(91,1)
(52,4)
(44,3)
(23,1)
(26,1)
(86,8)
(43,9)
(34,16)
(36,1)
(58,15)
(33,9)
(94,6)
(64,0)
(61,7)
(45,18)
(51,4)
(35,4)
(66,5)
(42,5)
(21,10)
(39,8)
(67,14)
(63,2)
(37,7)
(90,7)
(23,1)
(52,8)
(80,3)
(55,3)
(26,3)
(75,17)
(97,6)
(33,8)
(49,19)
(51,8)
(80,0)
(57,14)
(95,5)
(27,2)
(100,7)
(91,16)
(51,1)
(58,11)
(29,15)
(44,14)
(31,1)
(20,10)
(34,19)
(99,18)
(43,0)
(28,2)
(64,1)
(29,13)
(70,1)
(80,3)
(38,1)
(90,3)
(26,19)
(87,11)
(26,4)
(41,6)
(20,6)
(31,7)
(62,5)
(101,15)
(85,16)
(84,17)
(90,1)
(37,2)
(71,4)
(67,13)
(75,14)
(22,11)
(81,0)
(55,10)
(52,1)
(21,0)
(98,10)
(96,12)
(81,0)
(56,1)
(22,18)
(94,10)
(96,1)
(69,17)
(70,11)
(60,16)
(44,17)
(63,12)
(28,0)
(65,5)
(90,17)
(32,11)
(83,9)
(54,4)
(32,17)
(95,14)
(102,13)
(77,5)
(26,2)
(36,3)
(87,14)
(62,18)
(96,0)
(100,13)
(44,11)
(63,19)
(73,0)
(89,8)
(67,18)
(71,5)
(100,11)
(22,3)
(44,5)
(59,0)
(83,9)
(48,8)
(21,15)
(62,1)
(22,3)
(24,11)
(64,4)
(20,1)
(21,15)
(74,8)
(23,19)
(98,0)
(49,9)
(61,4)
(20,10)
(70,0)
(73,16)
(53,19)
(85,1)
(51,9)
(55,1)
(80,14)
(98,10)
(81,17)
(66,3)
(97,17)
(33,0)
(85,4)
(33,9)
(32,6)
(31,4)
(53,1)
(98,19)
(86,16)
(60,1)
(100,10)
(69,1)
(79,7)
(58,4)
(41,2)
(25,0)
(60,5)
(81,3)
(52,0)
(38,3)
(51,2)
(101,1)
(57,18)
(39,2)
(30,12)
(73,18)
(49,0)
(61,1)
(40,2)
(31,8)
(21,6)
(100,0)
(91,11)
(89,16)
(86,17)
(102,4)
(41,1)
(64,6)
(46,2)
(21,14)
(101,1)
(52,2)
(70,1)
(67,1)
(34,2)
(79,18)
(96,16)
(39,15)
(95,6)
(26,13)
(59,1)
(49,11)
(76,4)
(44,4)
(31,1)
(43,15)
(65,8)
(67,15)
(55,14)
(42,17)
(92,0)
(32,7)
(88,1)
(41,10)
(57,4)
(62,2)
(69,19)
(56,2)
(37,8)
(46,8)
(72,6)
(33,2)
(85,19)
(94,15)
(25,11)
(83,2)
(68,17)
(39,7)
(88,0)
(67,15)
(95,6)
(83,0)
(89,16)
(67,1)
(73,16)
(89,0)
(102,14)
(84,0)
(97,9)
(78,0)
(88,3)
(35,16)
(20,6)
(86,2)
(70,2)
(97,1)
(65,6)
(42,2)
(32,9)
(91,0)
(86,3)
(44,5)
(64,14)
(49,9)
(82,9)
(95,9)
(92,7)
(62,1)
(89,17)
(46,19)
(96,16)
(84,9)
(99,3)
(34,7)
(91,0)
(87,16)
(22,2)
(49,3)
(94,2)
(102,10)
(88,11)
(69,4)
(80,17)
(35,15)
(102,10)
(29,0)
(73,10)
(62,1)
(46,13)
(43,12)
(75,10)
(83,2)
(94,8)
(83,4)
(68,7)
(92,9)
(25,8)
(86,11)
(71,0)
(39,10)
(72,16)
(65,9)
(46,1)
(74,2)
(81,19)
(88,3)
(21,13)
(51,2)
(86,1)
(68,4)
(80,18)
(45,2)
(59,18)
(79,3)
(76,0)
(71,12)
(54,16)
(52,16)
(86,11)
(44,5)
(43,15)
(75,10)
(42,14)
(59,3)
(73,19)
(102,4)
(50,12)
(22,12)
(58,0)
(35,11)
(23,3)
(54,19)
(60,11)
(64,10)
(55,2)
(96,0)
(73,12)
(61,16)
(59,6)
(98,16)
(72,3)
(26,15)
(24,5)
(97,17)
(35,13)
(50,0)
(67,18)
(60,13)
(53,19)
(51,1)
(48,9)
(40,14)
(80,10)
(30,11)
(75,11)
(47,9)
(88,1)
(51,14)
(73,12)
(20,3)
(43,8)
(24,12)
(28,1)
(87,0)
(66,0)
(87,0)
(86,13)
(49,1)
(84,7)
(81,6)
(33,11)
(86,12)
(54,15)
(88,5)
(61,11)
(90,5)
(59,18)
(93,10)
(28,18)
(70,18)
(86,11)
(54,6)
(83,5)
(66,12)
(94,13)
(96,16)
(62,0)
(35,14)
(47,1)
(85,5)
(49,4)
(74,1)
(36,1)
(92,7)
(49,15)
(52,13)
(41,4)
(32,6)
(41,11)
(49,14)
(36,5)
(87,4)
(51,2)
(93,0)
(80,4)
(64,10)
(35,3)
(30,17)
(32,19)
(31,1)
(36,0)
(65,17)
(63,3)
(86,16)
(41,13)
(98,14)
(39,3)
(68,11)
(39,2)
(76,5)
(49,1)
(90,8)
(71,2)
(64,10)
(38,1)
(35,2)
(45,0)
(80,16)
(56,0)
(71,8)
(37,7)
(22,4)
(36,9)
(39,6)
(97,14)
(83,9)
(94,19)
(44,6)
(65,4)
(37,6)
(78,13)
(46,0)
(81,10)
(29,6)
(21,4)
(29,14)
(38,4)
(98,9)
(99,16)
(92,10)
(77,4)
(64,8)
(26,3)
(32,18)
(65,1)
(38,2)
(86,5)
(89,7)
(100,6)
(36,3)
(25,2)
(23,4)
(68,7)
(82,13)
(27,4)
(90,3)
(72,10)
(47,10)
(74,1)
(66,15)
(99,7)
(80,5)
(74,10)
(93,15)
(39,2)
(51,4)
(30,3)
(51,1)
(97,14)
(59,11)
(30,15)
(43,12)
(29,16)
(92,9)
(102,16)
(82,10)
(32,5)
(72,18)
(68,1)
(40,2)
(59,3)
(101,15)
(76,12)
(53,7)
(37,9)
(80,0)
(55,5)
(52,11)
(62,2)
(84,8)
(72,5)
(27,2)
(25,5)
(30,0)
(82,3)
(68,6)
(26,2)
(23,7)
(43,19)
(56,15)
(83,12)
(97,5)
(45,7)
(93,3)
(56,18)
(55,8)
(20,11)
(38,11)
(54,0)
(61,1)
(98,1)
(37,1)
(39,14)
(68,0)
(42,3)
(42,0)
(55,18)
(45,11)
(81,13)
(93,11)
(22,17)
(45,3)
(46,13)
(79,12)
(91,18)
(44,3)
(67,19)
(101,14)
(78,14)
(83,19)
(62,5)
(82,16)
(74,13)
(20,3)
(65,6)
(60,0)
(69,2)
(68,2)
(32,0)
(29,1)
(36,16)
(96,0)
(100,7)
(42,19)
(93,6)
(47,5)
(101,5)
(70,4)
(89,13)
(26,19)
(23,6)
(50,0)
(31,9)
(83,4)
(83,0)
(53,19)
(48,5)
(81,8)
(66,5)
(95,3)
(71,17)
(34,4)
(90,10)
(54,1)
(79,7)
(70,16)
(47,19)
(51,9)
(94,17)
(33,3)
(26,13)
(52,3)
(78,5)
(64,3)
(64,6)
(84,2)
(80,12)
(48,5)
(59,3)
(84,2)
(85,8)
(101,18)
(41,0)
(97,12)
(99,5)
(66,9)
(100,4)
(43,9)
(73,13)
(101,0)
(68,3)
(46,16)
(90,0)
(88,3)
(28,1)
(45,6)
(53,14)
(70,17)
(94,5)
(37,12)
(80,12)
(64,16)
(44,4)
(75,1)
(70,12)
(66,19)
(51,19)
(24,0)
(53,11)
(47,0)
(52,11)
(75,5)
(60,4)
(88,8)
(38,1)
(94,4)
(80,8)
(39,5)
(57,16)
(57,14)
(92,9)
(34,10)
(96,7)
(21,11)
(79,18)
(87,17)
(87,10)
(40,1)
(44,1)
(91,10)
(89,6)
(71,8)
(48,15)
(85,13)
(52,5)
(35,2)
(67,5)
(47,11)
(68,3)
(76,11)
(94,18)
(60,0)
(95,8)
(42,0)
(51,14)
(52,11)
(99,19)
(94,9)
(32,17)
(84,3)
(82,17)
(46,9)
(22,3)
(47,6)
(65,11)
(99,12)
(79,4)
(71,2)
(59,3)
(84,9)
(100,8)
(44,14)
(70,9)
(31,0)
(34,0)
(80,0)
(81,16)
(43,8)
(47,0)
(70,17)
(64,4)
(20,13)
(86,8)
(43,15)
(44,7)
(39,3)
(48,17)
(51,2)
(77,2)
(25,7)
(92,11)
(92,4)
(102,14)
(59,0)
(92,1)
(22,3)
(86,0)
(42,0)
(26,5)
(98,13)
(83,8)
(23,0)
(89,2)
(43,15)
(74,14)
(98,0)
(66,3)
(87,5)
(64,4)
(35,18)
(32,2)
(61,2)
(74,8)
(53,0)
(67,5)
(61,11)
(89,3)
(66,13)
(95,13)
(40,0)
(84,2)
(81,2)
(22,17)
(38,0)
(44,4)
(81,7)
(99,1)
(78,7)
(48,11)
(102,2)
(88,3)
(52,12)
(78,4)
(64,9)
(37,0)
(94,8)
(31,11)
(93,7)
(37,6)
(96,1)
(58,16)
(60,4)
(82,4)
(85,0)
(59,11)
(85,4)
(33,14)
(62,7)
(89,1)
(98,7)
(59,1)
(23,6)
(90,13)
(59,0)
(86,0)
(79,0)
(47,9)
(79,9)
(82,16)
(98,9)
(44,5)
(59,14)
(67,19)
(64,1)
(72,6)
(69,9)
(58,0)
(24,19)
(71,12)
(70,0)
(22,10)
(51,7)
(102,6)
(35,18)
(80,17)
(74,0)
(79,0)
(43,16)
(89,14)
(95,7)
(75,7)
(29,0)
(42,8)
(78,1)
(93,19)
(25,2)
(86,13)
(89,13)
(64,6)
(76,3)
(61,2)
(89,2)
(93,18)
(43,11)
(84,2)
(70,18)
(49,5)
(77,1)
(76,9)
(96,0)
(67,10)
(75,4)
(59,11)
(75,8)
(21,14)
(24,2)
(42,9)
(49,11)
(30,17)
(80,18)
(55,6)
(89,16)
(45,12)
(62,10)
(100,8)
(64,9)
(90,18)
(56,2)
(35,0)
(93,7)
(38,5)
(33,16)
(63,6)
(21,14)
(85,2)
(68,3)
(29,17)
(24,1)
(26,16)
(101,11)
(84,18)
(50,0)
(80,5)
(34,14)
(79,5)
(98,7)
(98,2)
(27,16)
(55,3)
(55,9)
(97,1)
(29,1)
(93,10)
(31,0)
(43,2)
(39,6)
(54,10)
(97,3)
(83,18)
(65,2)
(82,19)
(93,6)
(39,19)
(29,10)
(80,8)
(40,0)
(43,13)
(66,14)
(73,5)
(81,18)
(91,3)
(84,1)
(32,6)
(50,13)
(50,6)
(52,16)
(97,6)
(66,0)
(27,0)
(32,6)
(99,8)
(61,5)
(86,5)
(59,9)
(82,12)
(34,4)
(41,16)
(98,16)
(58,0)
(50,3)
(57,7)
(59,14)
(45,13)
(52,10)
(29,9)
(82,7)
(59,2)
(56,0)
(83,8)
(36,1)
(51,14)
(32,6)
(78,1)
(49,16)
(45,7)
(82,9)
(44,19)
(41,18)
(25,6)
(63,18)
(28,0)
(70,19)
(69,2)
(33,18)
(61,15)
(80,3)
(41,5)
(20,16)
(89,0)
(28,3)
(31,0)
(52,7)
(21,8)
(28,10)
(49,16)
(21,12)
(52,3)
(31,0)
(100,2)
(57,6)
(84,9)
(86,16)
(93,0)
(52,0)
(98,1)
(85,8)
(80,2)
(100,12)
(39,4)
(93,17)
(86,11)
(22,3)
(33,6)
(67,0)
(71,0)
(26,0)
(51,15)
(31,15)
(83,11)
(74,3)
(40,0)
(55,6)
(52,13)
(101,1)
(43,0)
(56,17)
(42,2)
(72,2)
(86,4)
(44,12)
(53,11)
(68,19)
(66,12)
(39,10)
(69,12)
(91,19)
(93,6)
(32,3)
(64,17)
(95,17)
(83,8)
(33,5)
(86,0)
(100,13)
(91,8)
(59,6)
(40,6)
(100,12)
(99,5)
(71,14)
(51,6)
(74,4)
(62,6)
(45,0)
(79,16)
(69,4)
(69,5)
(75,9)
(21,15)
(71,16)
(80,14)
(102,4)
(92,16)
(54,6)
(76,0)
(38,0)
(34,6)
(91,13)
(86,4)
(20,19)
(102,4)
(47,4)
(53,1)
(97,2)
(69,6)
(90,7)
(91,6)
(101,10)
(100,1)
(51,2)
(61,2)
(49,0)
(74,11)
(59,12)
(21,14)
(21,9)
(35,13)
(55,3)
(95,1)
(65,2)
(40,14)
(71,6)
(94,18)
(27,8)
(46,9)
(21,8)
(36,8)
(97,0)
(34,0)
(100,6)
(24,18)
(69,11)
(71,13)
(30,0)
(87,16)
(99,6)
(56,3)
(72,3)
(84,4)
(51,4)
(76,2)
(32,1)
(97,0)
(52,0)
(57,3)
(24,17)
(81,0)
(86,3)
(27,10)
(35,7)
(45,3)
(38,16)
(72,19)
(31,0)
(37,14)
(49,19)
(40,0)
(49,3)
(36,3)
(71,2)
(24,2)
(60,4)
(58,15)
(38,14)
(47,9)
(28,12)
(79,0)
(73,1)
(73,3)
(71,2)
(43,16)
(34,6)
(86,5)
(27,4)
(35,0)
(73,1)
(51,12)
(61,18)
(36,5)
(68,14)
(67,14)
(40,5)
(63,6)
(82,6)
(29,14)
(93,14)
(26,4)
(85,3)
(61,0)
(67,3)
(25,0)
(72,1)
(30,14)
(34,4)
(35,2)
(82,0)
(91,17)
(83,3)
(27,1)
(80,12)
(61,10)
(81,12)
(99,3)
(48,8)
(102,17)
(98,12)
(38,13)
(89,17)
(69,5)
(24,1)
(102,6)
(67,6)
(58,0)
(22,4)
(58,1)
(34,17)
(26,3)
(93,8)
(98,13)
(79,3)
(49,15)
(24,19)
(99,3)
(87,0)
(79,12)
(64,16)
(90,7)
(41,18)
(80,5)
(56,11)
(59,14)
(56,7)
(25,19)
(48,12)
(34,16)
(82,9)
(35,8)
(61,0)
(43,7)
(88,3)
(74,4)
(72,18)
(80,2)
(102,9)
(87,5)
(47,11)
(48,13)
(52,8)
(98,6)
(28,0)
(93,17)
(73,8)
(100,19)
(49,13)
(102,0)
(41,14)
(30,15)
(37,14)
(45,18)
(91,2)
(76,2)
(72,6)
(37,9)
(74,0)
(91,19)
(87,17)
(87,4)
(22,8)
(97,12)
(98,16)
(27,11)
(50,5)
(97,5)
(77,18)
(75,4)
(81,4)
(39,14)
(102,0)
(73,7)
(41,1)
(89,1)
(98,18)
(78,19)
(62,6)
(96,15)
(42,18)
(73,10)
(67,16)
(79,8)
(22,10)
(75,1)
(25,1)
(67,3)
(65,19)
(39,2)
(53,15)
(56,15)
(38,17)
(96,12)
(37,4)
(57,9)
(39,15)
(89,1)
(32,9)
(21,4)
(39,9)
(78,0)
(68,3)
(43,0)
(41,13)
(101,9)
(33,3)
(26,0)
(48,3)
(20,8)
(63,1)
(25,4)
(71,13)
(31,4)
(65,13)
(93,13)
(62,5)
(88,7)
(56,16)
(60,0)
(97,15)
(42,0)
(43,7)
(96,19)
(99,17)
(85,6)
(40,5)
(24,11)
(87,14)
(76,11)
(98,17)
(95,9)
(22,2)
(94,3)
(97,17)
(72,9)
(80,0)
(40,10)
(71,0)
(66,18)
(91,19)
(27,2)
(69,14)
(54,13)
(58,12)
(90,18)
(77,2)
(99,1)
(94,6)
(30,11)
(80,7)
(76,14)
(92,17)
(58,14)
(77,14)
(35,14)
(96,1)
(79,7)
(80,0)
(43,18)
(42,11)
(32,17)
(102,11)
(38,18)
(66,8)
(32,8)
(47,13)
(80,16)
(31,1)
(78,16)
(61,13)
(91,2)
(75,0)
(55,1)
(86,19)
(20,16)
(84,9)
(22,2)
(21,8)
(100,16)
(90,13)
(74,8)
(30,0)
(65,8)
(94,15)
(50,14)
(41,5)
(86,7)
(54,2)
(56,17)
(24,11)
(31,18)
(60,0)
(62,19)
(55,14)
(58,8)
(74,1)
(45,6)
(35,9)
(37,15)
(72,9)
(37,19)
(29,11)
(38,19)
(20,1)
(93,17)
(98,18)
(78,3)
(51,19)
(74,0)
(31,1)
(53,6)
(70,19)
(29,1)
(48,9)
(31,14)
(42,1)
(94,8)
(35,7)
(84,8)
(95,4)
(96,9)
(68,17)
(36,0)
(62,11)
(37,0)
(45,2)
(54,10)
(58,12)
(71,10)
(53,2)
(61,12)
(55,6)
(28,4)
(20,1)
(76,10)
(39,9)
(30,1)
(92,18)
(27,18)
(56,0)
(61,5)
(55,15)
(85,10)
(44,19)
(23,8)
(25,12)
(50,6)
(37,7)
(51,3)
(65,19)
(51,3)
(69,17)
(21,4)
(100,12)
(37,17)
(71,18)
(76,19)
(101,2)
(71,6)
(32,18)
(29,16)
(53,0)
(41,5)
(62,10)
(88,2)
(90,1)
(67,4)
(24,5)
(76,16)
(21,7)
(66,8)
(62,11)
(45,19)
(42,10)
(91,1)
(49,11)
(86,9)
(49,1)
(23,7)
(71,8)
(35,6)
(23,19)
(78,5)
(97,11)
(83,16)
(23,7)
(90,9)
(46,2)
(24,12)
(21,0)
(33,16)
(42,3)
(82,4)
(55,1)
(54,4)
(27,16)
(59,18)
(60,10)
(78,10)
(33,4)
(69,0)
(75,0)
(70,6)
(27,1)
(86,1)
(61,11)
(28,14)
(96,17)
(70,11)
(74,0)
(77,7)
(35,6)
(30,19)
(87,6)
(52,1)
(90,4)
(35,6)
(30,17)
(78,16)
(52,8)
(58,18)
(27,18)
(61,0)
(70,9)
(39,2)
(47,13)
(46,3)
(41,5)
(31,5)
(37,19)
(98,12)
(67,1)
(96,3)
(32,2)
(88,2)
(49,6)
(67,3)
(36,5)
(85,0)
(65,18)
(39,13)
(49,15)
(66,0)
(82,3)
(34,7)
(88,14)
(50,5)
(30,9)
(68,2)
(33,8)
(81,0)
(29,6)
(73,0)
(36,6)
(90,0)
(35,7)
(50,17)
(25,0)
(80,1)
(42,11)
(97,8)
(91,12)
(29,18)
(65,9)
(38,1)
(47,16)
(56,14)
(97,3)
(60,10)
(50,0)
(77,7)
(77,2)
(30,0)
(99,19)
(21,0)
(52,15)
(67,15)
(83,13)
(90,5)
(38,2)
(54,3)
(22,5)
(102,1)
(68,3)
(85,4)
(62,2)
(43,3)
(94,14)
(56,4)
(97,11)
(52,0)
(55,0)
(31,18)
(33,0)
(33,5)
(95,2)
(58,18)
(21,1)
(95,8)
(22,1)
(21,2)
(35,14)
(90,17)
(34,7)
(45,3)
(37,16)
(57,3)
(59,19)
(79,9)
(30,2)
(88,11)
(89,6)
(54,14)
(21,2)
(25,0)
(65,15)
(40,10)
(59,15)
(23,12)
(57,16)
(63,2)
(45,1)
(66,16)
(36,1)
(50,14)
(20,6)
(32,5)
(32,2)
(96,0)
(68,2)
(24,9)
(94,9)
(22,2)
(98,0)
(88,9)
(77,5)
(61,15)
(91,4)
(85,10)
(31,5)
(34,6)
(88,6)
(83,9)
(102,15)
(64,17)
(76,3)
(59,1)
(27,11)
(48,15)
(22,1)
(54,17)
(42,16)
(89,16)
(64,7)
(70,10)
(37,6)
(44,0)
(29,7)
(72,3)
(34,2)
(52,16)
(35,5)
(76,3)
(56,4)
(85,13)
(37,6)
(32,5)
(43,5)
(26,4)
(61,7)
(64,4)
(32,14)
(57,0)
(67,7)
(45,13)
(60,4)
(92,14)
(35,1)
(34,16)
(30,19)
(65,14)
(47,6)
(70,17)
(50,14)
(41,10)
(25,3)
(63,7)
(21,14)
(68,14)
(84,1)
(86,7)
(70,6)
(58,0)
(21,2)
(23,5)
(47,18)
(57,14)
(79,7)
(83,5)
(60,3)
(78,4)
(42,0)
(65,10)
(95,6)
(34,0)
(69,11)
(46,18)
(68,11)
(87,18)
(99,16)
(94,7)
(98,2)
(45,3)
(100,10)
(49,0)
(26,19)
(74,13)
(82,0)
(86,2)
(46,8)
(23,13)
(46,1)
(43,14)
(76,9)
(67,8)
(98,6)
(62,1)
(83,19)
(35,6)
(75,0)
(93,8)
(70,12)
(90,18)
(70,0)
(72,15)
(55,1)
(66,7)
(63,9)
(72,0)
(59,5)
(86,3)
(54,0)
(67,11)
(59,10)
(22,9)
(66,10)
(82,13)
(74,8)
(81,5)
(95,6)
(58,3)
(70,3)
(99,14)
(76,6)
(36,3)
(90,9)
(84,17)
(65,0)
(40,16)
(49,3)
(66,1)
(21,5)
(44,13)
(38,1)
(54,10)
(54,2)
(62,4)
(99,6)
(60,0)
(79,7)
(61,7)
(96,1)
(65,0)
(40,4)
(63,5)
(45,1)
(39,13)
(101,18)
(46,16)
(97,19)
(85,6)
(65,2)
(27,15)
(59,4)
(50,14)
(42,7)
(65,15)
(96,10)
(22,1)
(31,1)
(21,3)
(68,3)
(94,8)
(44,1)
(73,9)
(81,1)
(90,18)
(90,12)
(64,1)
(86,1)
(23,2)
(79,1)
(29,17)
(66,0)
(87,0)
(23,18)
(37,5)
(95,0)
(25,1)
(37,1)
(40,18)
(88,13)
(90,0)
(22,7)
(86,1)
(33,15)
(91,11)
(84,18)
(93,5)
(61,8)
(46,12)
(24,2)
(24,15)
(96,10)
(50,14)
(95,0)
(26,12)
(74,13)
(41,2)
(39,0)
(86,19)
(81,12)
(63,4)
(46,8)
(54,10)
(61,12)
(29,17)
(81,2)
(80,4)
(81,2)
(38,19)
(47,15)
(22,1)
(88,5)
(66,18)
(98,16)
(52,11)
(62,5)
(61,4)
(54,14)
(31,18)
(66,8)
(31,1)
(97,8)
(85,18)
(32,1)
(44,11)
(24,6)
(41,6)
(101,10)
(95,6)
(51,18)
(42,2)
(70,12)
(23,5)
(47,1)
(39,19)
(68,16)
(61,18)
(91,13)
(62,10)
(40,1)
(90,0)
(71,9)
(56,8)
(87,10)
(27,1)
(92,12)
(58,10)
(68,1)
(97,4)
(94,18)
(26,5)
(36,4)
(87,19)
(86,5)
(78,17)
(98,7)
(32,6)
(35,6)
(48,4)
(86,10)
(100,1)
(73,19)
(31,15)
(95,5)
(66,7)
(71,4)
(95,9)
(65,4)
(67,10)
(60,13)
(34,1)
(51,12)
(25,19)
(45,4)
(100,0)
(35,1)
(44,11)
(25,4)
(98,5)
(35,9)
(24,13)
(38,0)
(77,0)
(94,0)
(49,8)
(36,2)
(58,11)
(79,2)
(52,10)
(88,11)
(72,0)
(47,1)
(31,1)
(21,19)
(32,7)
(30,9)
(35,11)
(28,19)
(47,17)
(69,1)
(48,12)
(92,19)
(82,17)
(66,11)
(23,18)
(83,17)
(42,14)
(28,2)
(23,15)
(54,18)
(30,15)
(39,11)
(43,3)
(60,15)
(25,19)
(50,2)
(90,9)
(58,5)
(43,5)
(72,10)
(43,5)
(52,9)
(20,17)
(63,4)
(49,13)
(54,4)
(91,5)
(80,0)
(71,0)
(21,0)
(64,3)
(72,8)
(102,0)
(74,3)
(31,4)
(45,0)
(100,2)
(71,0)
(64,19)
(45,0)
(40,13)
(81,5)
(59,4)
(37,0)
(23,17)
(57,6)
(41,0)
(26,11)
(80,13)
(95,16)
(36,1)
(33,10)
(76,11)
(27,14)
(64,6)
(34,5)
(102,0)
(53,5)
(42,18)
(30,8)
(96,8)
(52,4)
(81,5)
(76,11)
(33,13)
(27,5)
(42,1)
(22,10)
(58,13)
(99,0)
(49,12)
(95,11)
(37,3)
(85,11)
(33,9)
(81,6)
(32,12)
(83,12)
(33,6)
(67,13)
(23,6)
(74,2)
(52,17)
(54,2)
(75,8)
(35,17)
(28,3)
(47,13)
(44,1)
(45,3)
(89,2)
(45,5)
(43,11)
(87,4)
(48,3)
(70,12)
(92,12)
(99,19)
(21,11)
(80,8)
(89,1)
(53,14)
(87,3)
(65,17)
(31,3)
(20,17)
(97,11)
(34,6)
(33,18)
(34,3)
(38,3)
(101,4)
(61,7)
(70,3)
(99,12)
(33,4)
(36,13)
(43,5)
(78,5)
(40,5)
(48,8)
(38,18)
(89,18)
(38,1)
(73,4)
(57,3)
(33,7)
(68,6)
(70,2)
(53,6)
(24,8)
(37,18)
(49,5)
(87,14)
(93,0)
(90,18)
(82,5)
(58,8)
(32,7)
(41,0)
(74,12)
(96,12)
(27,5)
(48,0)
(20,0)
(82,5)
(23,15)
(95,18)
(99,5)
(55,13)
(76,10)
(34,8)
(24,6)
(78,3)
(36,1)
(25,5)
(20,1)
(36,3)
(63,10)
(51,4)
(39,0)
(99,6)
(70,13)
(101,11)
(59,9)
(83,9)
(74,0)
(26,5)
(31,3)
(62,6)
(21,8)
(75,6)
(93,4)
(50,14)
(92,1)
(66,10)
(66,11)
(47,2)
(48,16)
(102,7)
(28,14)
(62,16)
(84,9)
(24,1)
(68,10)
(85,6)
(30,2)
(76,4)
(59,8)
(72,14)
(67,0)
(86,5)
(48,19)
(30,2)
(39,16)
(48,12)
(89,7)
(24,1)
(64,1)
(83,13)
(89,1)
(91,9)
(100,1)
(81,6)
(38,19)
(54,2)
(27,12)
(60,11)
(54,6)
(30,7)
(29,16)
(71,9)
(80,1)
(72,11)
(75,8)
(79,0)
(83,3)
(68,17)
(78,4)
(53,13)
(72,7)
(33,17)
(86,4)
(47,0)
(101,9)
(69,7)
(50,19)
(67,15)
(93,13)
(24,12)
(39,0)
(49,8)
(48,11)
(55,18)
(45,7)
(92,1)
(48,11)
(47,10)
(80,4)
(87,13)
(57,1)
(91,1)
(72,15)
(41,3)
(98,17)
(48,3)
(83,5)
(57,14)
(42,9)
(36,1)
(69,19)
(93,15)
(87,8)
(20,7)
(56,7)
(81,18)
(60,12)
(92,4)
(36,6)
(34,13)
0.popular= 0.097778
1.popular= 0.084444
2.popular= 0.061333
3.popular= 0.062222
4.popular= 0.054667
5.popular= 0.057333
6.popular= 0.056444
7.popular= 0.043111
8.popular= 0.047111
9.popular= 0.045333
10.popular= 0.039111
11.popular= 0.046222
12.popular= 0.034667
13.popular= 0.037333
14.popular= 0.043556
15.popular= 0.030667
16.popular= 0.041778
17.popular= 0.036444
18.popular= 0.040889
19.popular= 0.039556

peer 0 neighbors is: 5, 54, 31, 49, 99, 70, 18, 25, 22, 101, 4, 24, 27, 37, 
peer 1 neighbors is: 89, 93, 17, 61, 83, 71, 55, 23, 15, 84, 2, 12, 
peer 2 neighbors is: 1, 90, 55, 46, 94, 88, 66, 100, 34, 13, 27, 28, 33, 
peer 3 neighbors is: 57, 21, 51, 37, 18, 22, 72, 74, 30, 31, 5, 13, 35, 78, 
peer 4 neighbors is: 56, 23, 0, 50, 97, 55, 82, 15, 53, 67, 11, 19, 20, 25, 27, 31, 32, 36, 
peer 5 neighbors is: 0, 82, 3, 100, 11, 17, 8, 50, 34, 22, 26, 
peer 6 neighbors is: 73, 56, 60, 40, 48, 70, 80, 44, 102, 23, 9, 32, 
peer 7 neighbors is: 53, 9, 75, 31, 62, 69, 25, 87, 96, 66, 14, 29, 
peer 8 neighbors is: 5, 102, 43, 27, 97, 40, 56, 59, 13, 32, 19, 28, 
peer 9 neighbors is: 7, 6, 16, 83, 69, 18, 63, 88, 102, 81, 24, 
peer 10 neighbors is: 102, 93, 75, 67, 30, 101, 37, 59, 90, 66, 19, 38, 
peer 11 neighbors is: 5, 48, 58, 66, 50, 4, 39, 38, 67, 28, 25, 34, 35, 
peer 12 neighbors is: 67, 20, 102, 40, 62, 49, 1, 37, 52, 76, 13, 15, 30, 
peer 13 neighbors is: 2, 8, 93, 12, 3, 57, 100, 101, 61, 46, 23, 26, 
peer 14 neighbors is: 92, 39, 90, 85, 89, 7, 88, 66, 28, 55, 17, 26, 27, 31, 35, 
peer 15 neighbors is: 1, 4, 37, 12, 38, 32, 16, 102, 45, 93, 24, 29, 35, 39, 
peer 16 neighbors is: 9, 15, 20, 62, 66, 60, 82, 17, 34, 84, 
peer 17 neighbors is: 1, 5, 16, 14, 21, 72, 30, 83, 84, 48, 37, 
peer 18 neighbors is: 0, 3, 9, 52, 54, 30, 59, 56, 79, 69, 40, 
peer 19 neighbors is: 4, 75, 10, 38, 66, 21, 8, 59, 46, 62, 42, 
peer 20 neighbors is: 12, 16, 29, 62, 55, 92, 45, 4, 66, 28, 36, 41, 
peer 21 neighbors is: 3, 17, 19, 58, 30, 31, 92, 72, 97, 75, 23, 
peer 22 neighbors is: 0, 3, 5, 57, 85, 76, 81, 86, 92, 51, 65, 
peer 23 neighbors is: 1, 4, 6, 68, 21, 41, 63, 13, 67, 51, 36, 38, 39, 
peer 24 neighbors is: 64, 57, 90, 69, 0, 9, 71, 77, 49, 15, 29, 30, 32, 33, 
peer 25 neighbors is: 0, 7, 85, 99, 89, 41, 4, 11, 93, 54, 27, 38, 
peer 26 neighbors is: 13, 14, 45, 5, 49, 89, 97, 58, 68, 83, 40, 
peer 27 neighbors is: 8, 14, 50, 25, 68, 2, 46, 0, 4, 81, 32, 39, 42, 
peer 28 neighbors is: 11, 14, 20, 2, 77, 40, 58, 59, 8, 53, 29, 38, 
peer 29 neighbors is: 20, 69, 7, 64, 51, 28, 44, 15, 89, 24, 33, 
peer 30 neighbors is: 3, 10, 17, 18, 21, 59, 12, 24, 50, 70, 
peer 31 neighbors is: 0, 3, 7, 21, 4, 87, 51, 14, 62, 45, 
peer 32 neighbors is: 8, 15, 53, 37, 27, 62, 69, 24, 4, 6, 
peer 33 neighbors is: 2, 47, 29, 77, 79, 24, 45, 80, 81, 57, 
peer 34 neighbors is: 2, 5, 16, 52, 41, 11, 71, 58, 63, 88, 
peer 35 neighbors is: 67, 88, 79, 15, 60, 14, 3, 76, 11, 97, 42, 
peer 36 neighbors is: 69, 20, 23, 87, 61, 41, 4, 71, 67, 48, 
peer 37 neighbors is: 3, 10, 12, 15, 32, 42, 17, 0, 94, 53, 
peer 38 neighbors is: 11, 15, 19, 48, 99, 10, 28, 91, 25, 23, 
peer 39 neighbors is: 11, 14, 85, 15, 46, 40, 23, 84, 74, 27, 
peer 40 neighbors is: 6, 8, 12, 28, 39, 53, 49, 95, 26, 18, 42, 
peer 41 neighbors is: 23, 25, 34, 36, 88, 61, 71, 20, 94, 70, 
peer 42 neighbors is: 37, 19, 40, 47, 48, 86, 27, 75, 35, 93, 43, 
peer 43 neighbors is: 8, 42, 
peer 44 neighbors is: 6, 29, 
peer 45 neighbors is: 15, 20, 26, 31, 33, 
peer 46 neighbors is: 2, 13, 19, 27, 39, 
peer 47 neighbors is: 33, 42, 
peer 48 neighbors is: 6, 11, 17, 36, 38, 42, 
peer 49 neighbors is: 0, 12, 24, 26, 40, 
peer 50 neighbors is: 4, 5, 11, 27, 30, 
peer 51 neighbors is: 3, 22, 23, 29, 31, 
peer 52 neighbors is: 12, 18, 34, 
peer 53 neighbors is: 4, 7, 28, 32, 37, 40, 
peer 54 neighbors is: 0, 18, 25, 
peer 55 neighbors is: 1, 2, 4, 14, 20, 65, 
peer 56 neighbors is: 4, 6, 8, 18, 
peer 57 neighbors is: 3, 13, 22, 24, 33, 
peer 58 neighbors is: 11, 21, 26, 28, 34, 
peer 59 neighbors is: 8, 10, 18, 19, 28, 30, 
peer 60 neighbors is: 6, 16, 35, 
peer 61 neighbors is: 1, 13, 36, 41, 
peer 62 neighbors is: 7, 12, 16, 19, 20, 31, 32, 
peer 63 neighbors is: 9, 23, 34, 
peer 64 neighbors is: 24, 29, 
peer 65 neighbors is: 55, 22, 91, 
peer 66 neighbors is: 2, 7, 10, 11, 14, 16, 19, 20, 
peer 67 neighbors is: 4, 10, 11, 12, 23, 35, 36, 73, 95, 
peer 68 neighbors is: 23, 26, 27, 
peer 69 neighbors is: 7, 9, 18, 24, 29, 32, 36, 
peer 70 neighbors is: 0, 6, 30, 41, 
peer 71 neighbors is: 1, 24, 34, 36, 41, 
peer 72 neighbors is: 3, 17, 21, 
peer 73 neighbors is: 6, 67, 
peer 74 neighbors is: 3, 39, 
peer 75 neighbors is: 7, 10, 19, 21, 42, 
peer 76 neighbors is: 12, 22, 35, 
peer 77 neighbors is: 24, 28, 33, 
peer 78 neighbors is: 3, 79, 
peer 79 neighbors is: 18, 33, 35, 78, 
peer 80 neighbors is: 6, 33, 98, 
peer 81 neighbors is: 9, 22, 27, 33, 
peer 82 neighbors is: 4, 5, 16, 
peer 83 neighbors is: 1, 9, 17, 26, 
peer 84 neighbors is: 1, 16, 17, 39, 
peer 85 neighbors is: 14, 22, 25, 39, 
peer 86 neighbors is: 22, 42, 
peer 87 neighbors is: 7, 31, 36, 
peer 88 neighbors is: 2, 9, 14, 34, 35, 41, 
peer 89 neighbors is: 1, 14, 25, 26, 29, 
peer 90 neighbors is: 2, 10, 14, 24, 98, 
peer 91 neighbors is: 38, 65, 
peer 92 neighbors is: 14, 20, 21, 22, 
peer 93 neighbors is: 1, 10, 13, 15, 25, 42, 
peer 94 neighbors is: 2, 37, 41, 
peer 95 neighbors is: 40, 67, 
peer 96 neighbors is: 7, 100, 
peer 97 neighbors is: 4, 8, 21, 26, 35, 
peer 98 neighbors is: 90, 80, 
peer 99 neighbors is: 0, 25, 38, 
peer 100 neighbors is: 2, 5, 13, 96, 
peer 101 neighbors is: 0, 10, 13, 
peer 102 neighbors is: 6, 8, 9, 10, 12, 15, 

