83 Users
20 Files
1500 Transactions
7 Maximum Connections
1 Cycle Length per Upload-Download
750 Warm-up Transactions
0.400000 Zipf constant
3 Pre-Trusted Users
60 Well-Behaved (Good) Users
23 Purely Malicious Users
0 Feedback Skewing Users
0 Malignant Providing Users
0 Disguised Malicous Users
0 Sybil Attack Users
true Intelligent Trans. Generation
1474142555048 Trace Generation Seed

(0.000000,0.000000,1,false)
(0.000000,0.000000,1,false)
(0.000000,0.000000,1,false)
(0.000000,0.000000,1,false)
(0.000000,0.000000,1,false)
(0.000000,0.000000,1,false)
(0.000000,0.000000,1,false)
(0.000000,0.000000,1,false)
(0.000000,0.000000,1,false)
(0.000000,0.000000,1,false)
(0.000000,0.000000,1,false)
(0.000000,0.000000,1,false)
(0.000000,0.000000,1,false)
(0.000000,0.000000,1,false)
(0.000000,0.000000,1,false)
(0.000000,0.000000,1,false)
(0.000000,0.000000,1,false)
(0.000000,0.000000,1,false)
(0.000000,0.000000,1,false)
(0.000000,0.000000,1,false)
(0.000000,0.000000,1,false)
(0.000000,0.000000,1,false)
(0.000000,0.000000,1,false)
(1.000000,1.000000,0,true)
(1.000000,1.000000,0,true)
(1.000000,1.000000,0,true)
(1.000000,1.000000,0,false)
(1.000000,1.000000,0,false)
(1.000000,1.000000,0,false)
(1.000000,1.000000,0,false)
(1.000000,1.000000,0,false)
(1.000000,1.000000,0,false)
(1.000000,1.000000,0,false)
(1.000000,1.000000,0,false)
(1.000000,1.000000,0,false)
(1.000000,1.000000,0,false)
(1.000000,1.000000,0,false)
(1.000000,1.000000,0,false)
(1.000000,1.000000,0,false)
(1.000000,1.000000,0,false)
(1.000000,1.000000,0,false)
(1.000000,1.000000,0,false)
(1.000000,1.000000,0,false)
(1.000000,1.000000,0,false)
(1.000000,1.000000,0,false)
(1.000000,1.000000,0,false)
(1.000000,1.000000,0,false)
(1.000000,1.000000,0,false)
(1.000000,1.000000,0,false)
(1.000000,1.000000,0,false)
(1.000000,1.000000,0,false)
(1.000000,1.000000,0,false)
(1.000000,1.000000,0,false)
(1.000000,1.000000,0,false)
(1.000000,1.000000,0,false)
(1.000000,1.000000,0,false)
(1.000000,1.000000,0,false)
(1.000000,1.000000,0,false)
(1.000000,1.000000,0,false)
(1.000000,1.000000,0,false)
(1.000000,1.000000,0,false)
(1.000000,1.000000,0,false)
(1.000000,1.000000,0,false)
(1.000000,1.000000,0,false)
(1.000000,1.000000,0,false)
(1.000000,1.000000,0,false)
(1.000000,1.000000,0,false)
(1.000000,1.000000,0,false)
(1.000000,1.000000,0,false)
(1.000000,1.000000,0,false)
(1.000000,1.000000,0,false)
(1.000000,1.000000,0,false)
(1.000000,1.000000,0,false)
(1.000000,1.000000,0,false)
(1.000000,1.000000,0,false)
(1.000000,1.000000,0,false)
(1.000000,1.000000,0,false)
(1.000000,1.000000,0,false)
(1.000000,1.000000,0,false)
(1.000000,1.000000,0,false)
(1.000000,1.000000,0,false)
(1.000000,1.000000,0,false)
(1.000000,1.000000,0,false)

(0,0,false)
(1,0,false)
(2,0,false)
(3,0,false)
(4,0,false)
(5,0,false)
(6,0,false)
(7,0,false)
(8,0,false)
(9,0,false)
(10,0,false)
(11,0,false)
(12,0,false)
(13,0,false)
(14,0,false)
(15,0,false)
(16,0,false)
(17,0,false)
(18,0,false)
(19,0,false)
(20,0,false)
(21,0,false)
(22,0,false)
(23,0,true)
(27,0,true)
(24,0,true)
(25,0,true)
(26,0,true)
(28,0,true)
(30,0,true)
(31,0,true)
(32,0,true)
(33,0,true)
(34,0,true)
(38,0,true)
(39,0,true)
(40,0,true)
(42,0,true)
(43,0,true)
(44,0,true)
(45,0,true)
(46,0,true)
(48,0,true)
(49,0,true)
(50,0,true)
(52,0,true)
(53,0,true)
(54,0,true)
(58,0,true)
(59,0,true)
(61,0,true)
(63,0,true)
(64,0,true)
(65,0,true)
(66,0,true)
(67,0,true)
(68,0,true)
(69,0,true)
(72,0,true)
(73,0,true)
(74,0,true)
(75,0,true)
(76,0,true)
(77,0,true)
(78,0,true)
(79,0,true)
(80,0,true)
(81,0,true)
(82,0,true)
(0,1,false)
(1,1,false)
(2,1,false)
(3,1,false)
(4,1,false)
(5,1,false)
(6,1,false)
(7,1,false)
(8,1,false)
(9,1,false)
(10,1,false)
(11,1,false)
(12,1,false)
(13,1,false)
(14,1,false)
(15,1,false)
(16,1,false)
(17,1,false)
(18,1,false)
(19,1,false)
(20,1,false)
(21,1,false)
(22,1,false)
(24,1,true)
(56,1,true)
(29,1,true)
(35,1,true)
(36,1,true)
(37,1,true)
(44,1,true)
(47,1,true)
(48,1,true)
(49,1,true)
(50,1,true)
(51,1,true)
(53,1,true)
(59,1,true)
(62,1,true)
(64,1,true)
(65,1,true)
(66,1,true)
(67,1,true)
(68,1,true)
(69,1,true)
(71,1,true)
(74,1,true)
(76,1,true)
(79,1,true)
(0,2,false)
(1,2,false)
(2,2,false)
(3,2,false)
(4,2,false)
(5,2,false)
(6,2,false)
(7,2,false)
(8,2,false)
(9,2,false)
(10,2,false)
(11,2,false)
(12,2,false)
(13,2,false)
(14,2,false)
(15,2,false)
(16,2,false)
(17,2,false)
(18,2,false)
(19,2,false)
(20,2,false)
(21,2,false)
(22,2,false)
(25,2,true)
(73,2,true)
(41,2,true)
(51,2,true)
(55,2,true)
(56,2,true)
(62,2,true)
(63,2,true)
(78,2,true)
(80,2,true)
(82,2,true)
(0,3,false)
(1,3,false)
(2,3,false)
(3,3,false)
(4,3,false)
(5,3,false)
(6,3,false)
(7,3,false)
(8,3,false)
(9,3,false)
(10,3,false)
(11,3,false)
(12,3,false)
(13,3,false)
(14,3,false)
(15,3,false)
(16,3,false)
(17,3,false)
(18,3,false)
(19,3,false)
(20,3,false)
(21,3,false)
(22,3,false)
(26,3,true)
(77,3,true)
(70,3,true)
(72,3,true)
(0,4,false)
(1,4,false)
(2,4,false)
(3,4,false)
(4,4,false)
(5,4,false)
(6,4,false)
(7,4,false)
(8,4,false)
(9,4,false)
(10,4,false)
(11,4,false)
(12,4,false)
(13,4,false)
(14,4,false)
(15,4,false)
(16,4,false)
(17,4,false)
(18,4,false)
(19,4,false)
(20,4,false)
(21,4,false)
(22,4,false)
(28,4,true)
(70,4,true)
(71,4,true)
(75,4,true)
(0,5,false)
(1,5,false)
(2,5,false)
(3,5,false)
(4,5,false)
(5,5,false)
(6,5,false)
(7,5,false)
(8,5,false)
(9,5,false)
(10,5,false)
(11,5,false)
(12,5,false)
(13,5,false)
(14,5,false)
(15,5,false)
(16,5,false)
(17,5,false)
(18,5,false)
(19,5,false)
(20,5,false)
(21,5,false)
(22,5,false)
(29,5,true)
(55,5,true)
(0,6,false)
(1,6,false)
(2,6,false)
(3,6,false)
(4,6,false)
(5,6,false)
(6,6,false)
(7,6,false)
(8,6,false)
(9,6,false)
(10,6,false)
(11,6,false)
(12,6,false)
(13,6,false)
(14,6,false)
(15,6,false)
(16,6,false)
(17,6,false)
(18,6,false)
(19,6,false)
(20,6,false)
(21,6,false)
(22,6,false)
(30,6,true)
(60,6,true)
(0,7,false)
(1,7,false)
(2,7,false)
(3,7,false)
(4,7,false)
(5,7,false)
(6,7,false)
(7,7,false)
(8,7,false)
(9,7,false)
(10,7,false)
(11,7,false)
(12,7,false)
(13,7,false)
(14,7,false)
(15,7,false)
(16,7,false)
(17,7,false)
(18,7,false)
(19,7,false)
(20,7,false)
(21,7,false)
(22,7,false)
(31,7,true)
(58,7,true)
(0,8,false)
(1,8,false)
(2,8,false)
(3,8,false)
(4,8,false)
(5,8,false)
(6,8,false)
(7,8,false)
(8,8,false)
(9,8,false)
(10,8,false)
(11,8,false)
(12,8,false)
(13,8,false)
(14,8,false)
(15,8,false)
(16,8,false)
(17,8,false)
(18,8,false)
(19,8,false)
(20,8,false)
(21,8,false)
(22,8,false)
(32,8,true)
(81,8,true)
(0,9,false)
(1,9,false)
(2,9,false)
(3,9,false)
(4,9,false)
(5,9,false)
(6,9,false)
(7,9,false)
(8,9,false)
(9,9,false)
(10,9,false)
(11,9,false)
(12,9,false)
(13,9,false)
(14,9,false)
(15,9,false)
(16,9,false)
(17,9,false)
(18,9,false)
(19,9,false)
(20,9,false)
(21,9,false)
(22,9,false)
(33,9,true)
(27,9,true)
(0,10,false)
(1,10,false)
(2,10,false)
(3,10,false)
(4,10,false)
(5,10,false)
(6,10,false)
(7,10,false)
(8,10,false)
(9,10,false)
(10,10,false)
(11,10,false)
(12,10,false)
(13,10,false)
(14,10,false)
(15,10,false)
(16,10,false)
(17,10,false)
(18,10,false)
(19,10,false)
(20,10,false)
(21,10,false)
(22,10,false)
(34,10,true)
(45,10,true)
(0,11,false)
(1,11,false)
(2,11,false)
(3,11,false)
(4,11,false)
(5,11,false)
(6,11,false)
(7,11,false)
(8,11,false)
(9,11,false)
(10,11,false)
(11,11,false)
(12,11,false)
(13,11,false)
(14,11,false)
(15,11,false)
(16,11,false)
(17,11,false)
(18,11,false)
(19,11,false)
(20,11,false)
(21,11,false)
(22,11,false)
(35,11,true)
(52,11,true)
(0,12,false)
(1,12,false)
(2,12,false)
(3,12,false)
(4,12,false)
(5,12,false)
(6,12,false)
(7,12,false)
(8,12,false)
(9,12,false)
(10,12,false)
(11,12,false)
(12,12,false)
(13,12,false)
(14,12,false)
(15,12,false)
(16,12,false)
(17,12,false)
(18,12,false)
(19,12,false)
(20,12,false)
(21,12,false)
(22,12,false)
(36,12,true)
(23,12,true)
(0,13,false)
(1,13,false)
(2,13,false)
(3,13,false)
(4,13,false)
(5,13,false)
(6,13,false)
(7,13,false)
(8,13,false)
(9,13,false)
(10,13,false)
(11,13,false)
(12,13,false)
(13,13,false)
(14,13,false)
(15,13,false)
(16,13,false)
(17,13,false)
(18,13,false)
(19,13,false)
(20,13,false)
(21,13,false)
(22,13,false)
(37,13,true)
(47,13,true)
(0,14,false)
(1,14,false)
(2,14,false)
(3,14,false)
(4,14,false)
(5,14,false)
(6,14,false)
(7,14,false)
(8,14,false)
(9,14,false)
(10,14,false)
(11,14,false)
(12,14,false)
(13,14,false)
(14,14,false)
(15,14,false)
(16,14,false)
(17,14,false)
(18,14,false)
(19,14,false)
(20,14,false)
(21,14,false)
(22,14,false)
(38,14,true)
(54,14,true)
(0,15,false)
(1,15,false)
(2,15,false)
(3,15,false)
(4,15,false)
(5,15,false)
(6,15,false)
(7,15,false)
(8,15,false)
(9,15,false)
(10,15,false)
(11,15,false)
(12,15,false)
(13,15,false)
(14,15,false)
(15,15,false)
(16,15,false)
(17,15,false)
(18,15,false)
(19,15,false)
(20,15,false)
(21,15,false)
(22,15,false)
(39,15,true)
(57,15,true)
(0,16,false)
(1,16,false)
(2,16,false)
(3,16,false)
(4,16,false)
(5,16,false)
(6,16,false)
(7,16,false)
(8,16,false)
(9,16,false)
(10,16,false)
(11,16,false)
(12,16,false)
(13,16,false)
(14,16,false)
(15,16,false)
(16,16,false)
(17,16,false)
(18,16,false)
(19,16,false)
(20,16,false)
(21,16,false)
(22,16,false)
(40,16,true)
(61,16,true)
(0,17,false)
(1,17,false)
(2,17,false)
(3,17,false)
(4,17,false)
(5,17,false)
(6,17,false)
(7,17,false)
(8,17,false)
(9,17,false)
(10,17,false)
(11,17,false)
(12,17,false)
(13,17,false)
(14,17,false)
(15,17,false)
(16,17,false)
(17,17,false)
(18,17,false)
(19,17,false)
(20,17,false)
(21,17,false)
(22,17,false)
(41,17,true)
(57,17,true)
(0,18,false)
(1,18,false)
(2,18,false)
(3,18,false)
(4,18,false)
(5,18,false)
(6,18,false)
(7,18,false)
(8,18,false)
(9,18,false)
(10,18,false)
(11,18,false)
(12,18,false)
(13,18,false)
(14,18,false)
(15,18,false)
(16,18,false)
(17,18,false)
(18,18,false)
(19,18,false)
(20,18,false)
(21,18,false)
(22,18,false)
(42,18,true)
(60,18,true)
(0,19,false)
(1,19,false)
(2,19,false)
(3,19,false)
(4,19,false)
(5,19,false)
(6,19,false)
(7,19,false)
(8,19,false)
(9,19,false)
(10,19,false)
(11,19,false)
(12,19,false)
(13,19,false)
(14,19,false)
(15,19,false)
(16,19,false)
(17,19,false)
(18,19,false)
(19,19,false)
(20,19,false)
(21,19,false)
(22,19,false)
(43,19,true)
(46,19,true)

0,-1,-1,1,1,-1,-1,-1,1,-1,-1,-1,-1,-1,1,-1,-1,1,1,-1,-1,-1,1,1,-1,-1,-1,-1,-1,-1,-1,-1,-1,-1,-1,-1,-1,-1,-1,-1,1,-1,-1,-1,-1,-1,1,-1,-1,-1,-1,-1,1,-1,-1,-1,-1,-1,1,-1,1,-1,-1,-1,-1,-1,-1,-1,-1,-1,-1,-1,1,-1,-1,-1,-1,-1,-1,-1,-1,-1,-1,
-1,0,-1,-1,1,-1,-1,-1,1,1,1,-1,-1,-1,-1,-1,-1,-1,-1,1,-1,-1,-1,-1,-1,-1,-1,-1,-1,1,1,-1,-1,1,-1,-1,-1,1,1,-1,-1,-1,-1,-1,-1,-1,-1,-1,-1,-1,-1,-1,-1,-1,-1,-1,-1,-1,-1,-1,-1,-1,-1,-1,-1,-1,-1,-1,1,-1,-1,-1,-1,-1,-1,1,-1,-1,-1,-1,-1,-1,-1,
-1,-1,0,-1,-1,1,-1,-1,-1,-1,1,-1,-1,-1,-1,1,-1,-1,-1,-1,-1,-1,-1,-1,1,1,1,1,-1,-1,-1,-1,-1,-1,-1,-1,-1,-1,-1,-1,-1,-1,-1,-1,-1,-1,-1,-1,-1,-1,-1,1,-1,-1,-1,-1,-1,-1,-1,1,-1,-1,1,-1,-1,-1,-1,-1,-1,-1,1,-1,1,-1,-1,-1,-1,-1,-1,-1,-1,-1,-1,
1,-1,-1,0,1,-1,-1,-1,-1,1,-1,1,1,-1,1,1,1,-1,1,-1,1,-1,-1,-1,-1,-1,-1,-1,-1,-1,-1,1,-1,1,-1,-1,-1,-1,1,-1,-1,-1,-1,-1,-1,-1,-1,-1,-1,-1,-1,-1,-1,-1,-1,-1,-1,1,-1,-1,-1,-1,-1,1,-1,-1,-1,-1,-1,-1,-1,-1,-1,-1,-1,-1,-1,-1,-1,-1,-1,1,-1,
1,1,-1,1,0,-1,-1,-1,-1,-1,-1,-1,-1,-1,-1,-1,-1,-1,-1,-1,-1,-1,-1,-1,-1,-1,-1,-1,-1,-1,-1,-1,-1,-1,-1,1,-1,-1,-1,-1,-1,-1,1,-1,-1,-1,-1,-1,-1,-1,-1,-1,-1,-1,-1,1,-1,-1,-1,-1,-1,-1,-1,-1,-1,1,-1,-1,-1,-1,-1,-1,-1,1,-1,-1,-1,1,-1,-1,1,-1,-1,
-1,-1,1,-1,-1,0,-1,-1,-1,-1,1,-1,1,-1,-1,1,-1,1,-1,-1,-1,-1,-1,-1,-1,-1,-1,-1,-1,-1,-1,-1,-1,-1,-1,-1,-1,-1,-1,-1,-1,-1,-1,-1,-1,-1,-1,-1,-1,-1,-1,-1,-1,1,-1,-1,-1,-1,1,-1,-1,-1,-1,-1,-1,-1,1,-1,-1,-1,-1,-1,-1,-1,-1,-1,1,-1,-1,1,-1,-1,-1,
-1,-1,-1,-1,-1,-1,0,-1,1,-1,-1,-1,-1,-1,-1,-1,-1,-1,-1,-1,-1,1,-1,1,-1,1,1,-1,-1,-1,-1,-1,-1,-1,-1,1,-1,-1,-1,-1,-1,-1,-1,-1,-1,-1,1,1,-1,-1,-1,-1,-1,-1,-1,-1,-1,-1,-1,-1,-1,-1,-1,1,-1,1,-1,-1,-1,-1,-1,-1,-1,-1,1,-1,-1,1,-1,-1,1,-1,-1,
-1,-1,-1,-1,-1,-1,-1,0,1,-1,-1,1,-1,-1,1,-1,-1,1,-1,-1,-1,1,1,1,-1,-1,-1,1,-1,-1,1,-1,-1,-1,-1,-1,-1,-1,1,-1,-1,-1,-1,-1,-1,1,-1,-1,-1,-1,-1,-1,-1,-1,-1,-1,1,-1,-1,-1,-1,-1,-1,-1,-1,-1,-1,-1,-1,-1,-1,-1,-1,-1,-1,-1,1,-1,-1,-1,-1,-1,-1,
1,1,-1,-1,-1,-1,1,1,0,-1,1,-1,1,1,-1,-1,-1,-1,-1,-1,1,-1,1,-1,-1,-1,-1,-1,-1,-1,-1,-1,-1,-1,-1,1,-1,-1,-1,-1,-1,-1,-1,-1,1,-1,-1,-1,-1,-1,-1,-1,-1,-1,-1,-1,-1,1,-1,-1,1,-1,1,-1,-1,-1,-1,-1,-1,-1,1,-1,-1,-1,-1,-1,-1,-1,-1,-1,-1,-1,-1,
-1,1,-1,1,-1,-1,-1,-1,-1,0,-1,-1,-1,-1,-1,-1,-1,1,-1,-1,-1,1,-1,-1,-1,1,-1,-1,1,-1,-1,-1,-1,-1,-1,-1,-1,-1,-1,-1,1,-1,-1,-1,-1,-1,-1,-1,1,-1,-1,-1,-1,1,-1,-1,-1,-1,-1,-1,-1,-1,-1,-1,1,-1,-1,-1,-1,-1,1,-1,-1,-1,-1,-1,-1,-1,-1,-1,-1,-1,-1,
-1,1,1,-1,-1,1,-1,-1,1,-1,0,-1,-1,-1,-1,-1,-1,-1,-1,1,-1,-1,-1,-1,-1,1,-1,1,-1,-1,-1,1,-1,-1,-1,-1,-1,-1,-1,-1,-1,-1,-1,-1,-1,-1,-1,-1,-1,-1,-1,-1,-1,-1,-1,-1,-1,1,-1,-1,-1,-1,-1,-1,-1,-1,-1,1,-1,-1,-1,-1,-1,-1,-1,-1,-1,1,-1,-1,-1,-1,-1,
-1,-1,-1,1,-1,-1,-1,1,-1,-1,-1,0,-1,-1,-1,-1,-1,-1,-1,1,-1,-1,-1,1,-1,-1,-1,-1,-1,-1,-1,-1,-1,-1,-1,-1,-1,-1,-1,-1,-1,-1,-1,-1,1,-1,1,-1,-1,-1,-1,-1,-1,-1,-1,1,-1,-1,-1,1,-1,-1,-1,-1,-1,-1,1,-1,-1,-1,-1,-1,-1,-1,1,-1,1,-1,-1,-1,-1,-1,-1,
-1,-1,-1,1,-1,1,-1,-1,1,-1,-1,-1,0,-1,-1,-1,1,-1,-1,-1,-1,1,-1,-1,-1,1,-1,-1,1,-1,-1,-1,-1,-1,-1,-1,-1,-1,-1,-1,-1,-1,-1,-1,-1,-1,-1,-1,1,1,-1,-1,-1,-1,1,-1,-1,1,-1,-1,-1,-1,1,-1,-1,-1,-1,-1,-1,-1,-1,-1,-1,-1,-1,-1,-1,-1,-1,-1,-1,-1,-1,
-1,-1,-1,-1,-1,-1,-1,-1,1,-1,-1,-1,-1,0,-1,-1,-1,-1,1,-1,-1,-1,1,-1,-1,-1,-1,-1,-1,1,-1,-1,-1,-1,-1,-1,1,-1,-1,-1,-1,-1,-1,1,-1,-1,1,-1,-1,-1,-1,-1,1,-1,-1,-1,-1,-1,-1,-1,-1,-1,-1,-1,-1,-1,-1,-1,-1,-1,-1,-1,-1,-1,1,1,-1,1,-1,-1,-1,1,-1,
1,-1,-1,1,-1,-1,-1,1,-1,-1,-1,-1,-1,-1,0,-1,-1,-1,-1,-1,-1,1,-1,-1,-1,-1,-1,-1,-1,-1,-1,-1,-1,-1,-1,-1,-1,-1,-1,1,-1,1,-1,-1,-1,-1,-1,1,-1,-1,-1,1,-1,-1,-1,1,-1,-1,-1,-1,-1,-1,-1,-1,-1,-1,-1,-1,-1,-1,1,1,-1,-1,-1,-1,-1,-1,-1,1,-1,-1,-1,
-1,-1,1,1,-1,1,-1,-1,-1,-1,-1,-1,-1,-1,-1,0,1,-1,-1,-1,-1,-1,-1,1,1,-1,-1,-1,-1,-1,1,-1,-1,-1,-1,-1,-1,1,-1,-1,-1,-1,-1,-1,-1,-1,-1,1,-1,-1,-1,-1,-1,-1,-1,-1,-1,-1,-1,-1,1,-1,-1,-1,-1,-1,1,-1,-1,-1,-1,-1,-1,1,-1,-1,-1,-1,-1,1,-1,-1,-1,
-1,-1,-1,1,-1,-1,-1,-1,-1,-1,-1,-1,1,-1,-1,1,0,-1,-1,-1,-1,-1,-1,1,1,1,1,-1,-1,-1,-1,-1,-1,-1,-1,-1,-1,-1,-1,-1,-1,1,-1,-1,-1,-1,-1,-1,-1,-1,-1,-1,-1,-1,1,-1,-1,1,-1,-1,-1,-1,-1,-1,-1,-1,-1,-1,-1,-1,-1,-1,-1,-1,-1,-1,-1,1,-1,-1,-1,-1,-1,
1,-1,-1,-1,-1,1,-1,1,-1,1,-1,-1,-1,-1,-1,-1,-1,0,-1,-1,-1,-1,-1,-1,-1,-1,1,-1,-1,-1,-1,-1,-1,1,-1,-1,-1,-1,-1,-1,-1,-1,-1,-1,-1,-1,-1,-1,1,-1,-1,-1,-1,-1,-1,-1,1,-1,-1,-1,-1,-1,1,-1,-1,1,-1,-1,-1,-1,-1,-1,-1,-1,-1,-1,-1,-1,-1,-1,-1,-1,-1,
1,-1,-1,1,-1,-1,-1,-1,-1,-1,-1,-1,-1,1,-1,-1,-1,-1,0,-1,-1,-1,-1,-1,-1,-1,1,-1,-1,-1,-1,-1,-1,-1,-1,-1,-1,-1,-1,-1,-1,-1,1,-1,-1,-1,-1,-1,-1,-1,-1,-1,-1,-1,1,-1,-1,-1,-1,-1,-1,-1,1,-1,-1,-1,-1,-1,-1,-1,-1,-1,1,1,-1,-1,-1,-1,-1,-1,1,-1,-1,
-1,1,-1,-1,-1,-1,-1,-1,-1,-1,1,1,-1,-1,-1,-1,-1,-1,-1,0,-1,-1,-1,1,-1,-1,-1,1,-1,-1,-1,-1,1,-1,-1,-1,-1,-1,-1,-1,-1,1,-1,-1,-1,-1,-1,-1,-1,-1,-1,-1,1,1,-1,-1,-1,1,-1,-1,-1,-1,-1,-1,-1,-1,-1,-1,-1,-1,-1,-1,-1,1,-1,-1,-1,-1,-1,-1,-1,-1,-1,
-1,-1,-1,1,-1,-1,-1,-1,1,-1,-1,-1,-1,-1,-1,-1,-1,-1,-1,-1,0,-1,-1,-1,-1,-1,1,-1,-1,1,-1,1,-1,-1,1,-1,-1,-1,1,-1,-1,1,-1,-1,-1,1,-1,-1,-1,-1,-1,-1,-1,-1,-1,-1,-1,1,-1,-1,-1,-1,-1,-1,-1,-1,-1,-1,-1,-1,-1,-1,-1,-1,-1,-1,-1,-1,-1,-1,-1,-1,-1,
-1,-1,-1,-1,-1,-1,1,1,-1,1,-1,-1,1,-1,1,-1,-1,-1,-1,-1,-1,0,-1,-1,-1,-1,-1,-1,-1,-1,-1,-1,-1,-1,-1,-1,-1,-1,-1,-1,-1,1,-1,-1,-1,-1,-1,-1,1,1,-1,-1,-1,-1,-1,-1,-1,-1,1,-1,-1,-1,-1,-1,-1,-1,-1,-1,-1,1,-1,-1,-1,-1,-1,-1,-1,-1,-1,-1,-1,-1,-1,
1,-1,-1,-1,-1,-1,-1,1,1,-1,-1,-1,-1,1,-1,-1,-1,-1,-1,-1,-1,-1,0,-1,1,-1,-1,-1,1,-1,-1,-1,-1,-1,-1,-1,-1,-1,-1,-1,-1,-1,-1,-1,-1,-1,-1,1,-1,-1,-1,-1,-1,-1,-1,-1,-1,-1,-1,1,-1,-1,-1,-1,-1,-1,-1,-1,-1,-1,-1,-1,1,-1,-1,-1,-1,-1,-1,-1,-1,-1,1,
1,-1,-1,-1,-1,-1,1,1,-1,-1,-1,1,-1,-1,-1,1,1,-1,-1,1,-1,-1,-1,0,-1,-1,-1,-1,-1,-1,-1,-1,-1,-1,-1,-1,-1,-1,-1,-1,-1,-1,-1,1,-1,1,-1,-1,-1,-1,-1,-1,-1,-1,-1,-1,-1,-1,-1,-1,-1,-1,-1,-1,-1,-1,-1,1,-1,-1,-1,-1,-1,-1,-1,-1,-1,-1,-1,-1,-1,-1,-1,
-1,-1,1,-1,-1,-1,-1,-1,-1,-1,-1,-1,-1,-1,-1,1,1,-1,-1,-1,-1,-1,1,-1,0,-1,-1,-1,-1,1,-1,-1,-1,-1,-1,-1,-1,-1,1,-1,-1,-1,1,-1,-1,-1,-1,-1,-1,-1,-1,-1,-1,-1,-1,-1,-1,-1,-1,1,-1,-1,-1,-1,-1,-1,-1,-1,-1,-1,-1,-1,-1,1,-1,-1,-1,-1,-1,-1,-1,-1,1,
-1,-1,1,-1,-1,-1,1,-1,-1,1,1,-1,1,-1,-1,-1,1,-1,-1,-1,-1,-1,-1,-1,-1,0,-1,-1,-1,-1,-1,-1,-1,-1,-1,-1,-1,-1,-1,1,-1,-1,-1,-1,-1,1,-1,-1,-1,-1,-1,-1,-1,-1,-1,-1,1,-1,1,-1,-1,-1,-1,-1,-1,-1,-1,-1,-1,-1,-1,-1,-1,-1,-1,-1,-1,-1,-1,-1,-1,-1,-1,
-1,-1,1,-1,-1,-1,1,-1,-1,-1,-1,-1,-1,-1,-1,-1,1,1,1,-1,1,-1,-1,-1,-1,-1,0,-1,-1,-1,-1,-1,-1,-1,-1,-1,-1,-1,-1,-1,-1,-1,-1,-1,-1,-1,-1,-1,-1,-1,-1,-1,-1,-1,-1,-1,-1,-1,-1,-1,-1,1,-1,-1,-1,-1,-1,-1,-1,-1,-1,-1,-1,-1,-1,-1,-1,-1,-1,-1,-1,-1,-1,
-1,-1,1,-1,-1,-1,-1,1,-1,-1,1,-1,-1,-1,-1,-1,-1,-1,-1,1,-1,-1,-1,-1,-1,-1,-1,0,-1,-1,-1,-1,-1,-1,-1,-1,-1,-1,-1,-1,-1,-1,-1,-1,-1,-1,-1,-1,-1,-1,-1,-1,-1,-1,-1,-1,-1,-1,-1,-1,-1,1,-1,-1,-1,-1,-1,-1,-1,-1,-1,-1,-1,-1,-1,-1,-1,-1,-1,-1,-1,-1,-1,
-1,-1,-1,-1,-1,-1,-1,-1,-1,1,-1,-1,1,-1,-1,-1,-1,-1,-1,-1,-1,-1,1,-1,-1,-1,-1,-1,0,-1,-1,-1,-1,-1,-1,-1,-1,-1,-1,-1,-1,-1,-1,-1,-1,-1,-1,-1,-1,-1,-1,-1,-1,-1,-1,-1,-1,-1,-1,-1,-1,-1,-1,-1,-1,-1,-1,-1,-1,-1,-1,-1,-1,-1,-1,-1,-1,-1,-1,-1,-1,-1,-1,
-1,1,-1,-1,-1,-1,-1,-1,-1,-1,-1,-1,-1,1,-1,-1,-1,-1,-1,-1,1,-1,-1,-1,1,-1,-1,-1,-1,0,-1,-1,-1,-1,-1,-1,-1,-1,-1,-1,-1,-1,-1,-1,-1,-1,-1,-1,-1,-1,-1,-1,-1,-1,-1,-1,-1,-1,-1,-1,-1,-1,-1,-1,-1,-1,-1,-1,-1,-1,-1,-1,-1,-1,-1,-1,-1,-1,-1,-1,-1,-1,-1,
-1,1,-1,-1,-1,-1,-1,1,-1,-1,-1,-1,-1,-1,-1,1,-1,-1,-1,-1,-1,-1,-1,-1,-1,-1,-1,-1,-1,-1,0,-1,-1,-1,-1,-1,-1,-1,-1,-1,-1,-1,-1,-1,-1,-1,-1,-1,-1,-1,-1,-1,-1,-1,-1,-1,-1,-1,-1,-1,-1,-1,-1,-1,1,-1,-1,-1,-1,-1,-1,-1,-1,-1,-1,-1,-1,-1,-1,-1,-1,-1,-1,
-1,-1,-1,1,-1,-1,-1,-1,-1,-1,1,-1,-1,-1,-1,-1,-1,-1,-1,-1,1,-1,-1,-1,-1,-1,-1,-1,-1,-1,-1,0,-1,-1,-1,-1,-1,-1,-1,-1,-1,-1,-1,-1,-1,-1,-1,-1,-1,-1,-1,-1,-1,-1,-1,-1,-1,-1,-1,-1,-1,-1,-1,-1,-1,-1,-1,-1,-1,-1,-1,-1,-1,-1,-1,-1,-1,-1,-1,-1,-1,-1,-1,
-1,-1,-1,-1,-1,-1,-1,-1,-1,-1,-1,-1,-1,-1,-1,-1,-1,-1,-1,1,-1,-1,-1,-1,-1,-1,-1,-1,-1,-1,-1,-1,0,-1,-1,-1,-1,-1,-1,-1,-1,-1,-1,-1,-1,-1,-1,-1,-1,-1,1,-1,-1,-1,-1,-1,-1,-1,-1,-1,-1,-1,-1,-1,-1,-1,-1,-1,-1,-1,-1,-1,-1,-1,-1,-1,-1,-1,-1,-1,-1,-1,-1,
-1,1,-1,1,-1,-1,-1,-1,-1,-1,-1,-1,-1,-1,-1,-1,-1,1,-1,-1,-1,-1,-1,-1,-1,-1,-1,-1,-1,-1,-1,-1,-1,0,-1,-1,-1,-1,-1,-1,-1,-1,-1,-1,-1,-1,-1,-1,-1,-1,-1,-1,-1,-1,-1,-1,-1,-1,-1,-1,-1,-1,-1,-1,-1,-1,-1,-1,-1,-1,-1,-1,-1,-1,-1,-1,-1,-1,1,-1,-1,-1,-1,
-1,-1,-1,-1,-1,-1,-1,-1,-1,-1,-1,-1,-1,-1,-1,-1,-1,-1,-1,-1,1,-1,-1,-1,-1,-1,-1,-1,-1,-1,-1,-1,-1,-1,0,-1,-1,-1,-1,-1,-1,-1,-1,-1,-1,-1,-1,-1,-1,-1,-1,-1,-1,-1,-1,-1,-1,-1,-1,-1,-1,-1,-1,-1,-1,-1,-1,-1,-1,-1,-1,-1,-1,-1,-1,-1,-1,-1,-1,-1,-1,1,-1,
-1,-1,-1,-1,1,-1,1,-1,1,-1,-1,-1,-1,-1,-1,-1,-1,-1,-1,-1,-1,-1,-1,-1,-1,-1,-1,-1,-1,-1,-1,-1,-1,-1,-1,0,-1,-1,-1,-1,-1,-1,-1,-1,-1,-1,-1,-1,-1,-1,-1,-1,-1,-1,-1,-1,-1,-1,-1,-1,-1,-1,-1,-1,-1,-1,-1,-1,-1,-1,-1,-1,-1,-1,-1,-1,-1,-1,-1,-1,-1,-1,-1,
-1,-1,-1,-1,-1,-1,-1,-1,-1,-1,-1,-1,-1,1,-1,-1,-1,-1,-1,-1,-1,-1,-1,-1,-1,-1,-1,-1,-1,-1,-1,-1,-1,-1,-1,-1,0,-1,-1,-1,-1,-1,-1,-1,-1,-1,-1,-1,-1,-1,-1,-1,-1,-1,-1,-1,-1,-1,-1,-1,-1,-1,-1,-1,-1,-1,-1,-1,-1,1,-1,-1,-1,-1,-1,-1,-1,-1,-1,-1,-1,-1,-1,
-1,1,-1,-1,-1,-1,-1,-1,-1,-1,-1,-1,-1,-1,-1,1,-1,-1,-1,-1,-1,-1,-1,-1,-1,-1,-1,-1,-1,-1,-1,-1,-1,-1,-1,-1,-1,0,-1,-1,-1,-1,-1,-1,-1,-1,-1,-1,-1,-1,-1,-1,-1,-1,-1,-1,-1,-1,-1,-1,-1,-1,-1,-1,-1,-1,-1,-1,-1,-1,-1,-1,-1,-1,-1,-1,-1,-1,-1,-1,-1,-1,-1,
-1,1,-1,1,-1,-1,-1,1,-1,-1,-1,-1,-1,-1,-1,-1,-1,-1,-1,-1,1,-1,-1,-1,1,-1,-1,-1,-1,-1,-1,-1,-1,-1,-1,-1,-1,-1,0,-1,-1,-1,-1,-1,-1,-1,-1,-1,-1,-1,-1,-1,-1,-1,-1,-1,-1,-1,-1,-1,-1,-1,-1,-1,-1,-1,-1,-1,-1,-1,-1,-1,-1,-1,-1,-1,-1,-1,-1,-1,-1,-1,-1,
-1,-1,-1,-1,-1,-1,-1,-1,-1,-1,-1,-1,-1,-1,1,-1,-1,-1,-1,-1,-1,-1,-1,-1,-1,1,-1,-1,-1,-1,-1,-1,-1,-1,-1,-1,-1,-1,-1,0,-1,-1,-1,-1,-1,-1,-1,-1,-1,-1,-1,-1,-1,-1,-1,-1,-1,-1,-1,-1,-1,-1,-1,-1,-1,-1,-1,-1,-1,-1,-1,-1,-1,-1,-1,-1,-1,-1,-1,-1,-1,-1,-1,
1,-1,-1,-1,-1,-1,-1,-1,-1,1,-1,-1,-1,-1,-1,-1,-1,-1,-1,-1,-1,-1,-1,-1,-1,-1,-1,-1,-1,-1,-1,-1,-1,-1,-1,-1,-1,-1,-1,-1,0,-1,-1,-1,-1,-1,-1,-1,-1,-1,-1,-1,-1,-1,-1,-1,-1,-1,-1,-1,-1,-1,-1,-1,-1,-1,-1,-1,-1,-1,-1,-1,-1,-1,-1,-1,-1,-1,-1,-1,-1,-1,-1,
-1,-1,-1,-1,-1,-1,-1,-1,-1,-1,-1,-1,-1,-1,1,-1,1,-1,-1,1,1,1,-1,-1,-1,-1,-1,-1,-1,-1,-1,-1,-1,-1,-1,-1,-1,-1,-1,-1,-1,0,-1,-1,-1,-1,-1,-1,-1,-1,-1,-1,-1,-1,-1,-1,-1,-1,-1,-1,-1,-1,-1,-1,-1,-1,-1,-1,-1,-1,-1,-1,-1,-1,-1,-1,-1,-1,-1,-1,-1,-1,-1,
-1,-1,-1,-1,1,-1,-1,-1,-1,-1,-1,-1,-1,-1,-1,-1,-1,-1,1,-1,-1,-1,-1,-1,1,-1,-1,-1,-1,-1,-1,-1,-1,-1,-1,-1,-1,-1,-1,-1,-1,-1,0,-1,-1,-1,-1,-1,-1,-1,-1,-1,-1,-1,-1,-1,-1,-1,-1,-1,-1,-1,-1,-1,-1,-1,-1,-1,-1,-1,-1,-1,-1,-1,-1,-1,-1,-1,-1,-1,-1,-1,-1,
-1,-1,-1,-1,-1,-1,-1,-1,-1,-1,-1,-1,-1,1,-1,-1,-1,-1,-1,-1,-1,-1,-1,1,-1,-1,-1,-1,-1,-1,-1,-1,-1,-1,-1,-1,-1,-1,-1,-1,-1,-1,-1,0,-1,-1,-1,-1,-1,-1,-1,-1,-1,-1,-1,-1,-1,-1,-1,-1,-1,-1,-1,-1,-1,-1,-1,-1,-1,-1,-1,-1,-1,-1,-1,-1,-1,-1,-1,-1,-1,-1,-1,
-1,-1,-1,-1,-1,-1,-1,-1,1,-1,-1,1,-1,-1,-1,-1,-1,-1,-1,-1,-1,-1,-1,-1,-1,-1,-1,-1,-1,-1,-1,-1,-1,-1,-1,-1,-1,-1,-1,-1,-1,-1,-1,-1,0,-1,-1,-1,-1,-1,-1,-1,-1,-1,-1,-1,-1,-1,-1,-1,-1,-1,-1,-1,-1,-1,-1,-1,-1,-1,-1,-1,-1,-1,-1,-1,-1,-1,-1,-1,-1,-1,-1,
-1,-1,-1,-1,-1,-1,-1,1,-1,-1,-1,-1,-1,-1,-1,-1,-1,-1,-1,-1,1,-1,-1,1,-1,1,-1,-1,-1,-1,-1,-1,-1,-1,-1,-1,-1,-1,-1,-1,-1,-1,-1,-1,-1,0,-1,-1,-1,-1,-1,-1,-1,-1,-1,-1,-1,-1,-1,-1,-1,-1,-1,-1,-1,-1,-1,-1,-1,-1,-1,-1,-1,-1,-1,-1,-1,-1,-1,-1,-1,-1,-1,
1,-1,-1,-1,-1,-1,1,-1,-1,-1,-1,1,-1,1,-1,-1,-1,-1,-1,-1,-1,-1,-1,-1,-1,-1,-1,-1,-1,-1,-1,-1,-1,-1,-1,-1,-1,-1,-1,-1,-1,-1,-1,-1,-1,-1,0,-1,-1,-1,-1,-1,-1,-1,-1,-1,-1,-1,-1,-1,-1,-1,-1,-1,-1,-1,-1,-1,1,-1,-1,-1,-1,-1,-1,-1,-1,-1,1,-1,-1,-1,-1,
-1,-1,-1,-1,-1,-1,1,-1,-1,-1,-1,-1,-1,-1,1,1,-1,-1,-1,-1,-1,-1,1,-1,-1,-1,-1,-1,-1,-1,-1,-1,-1,-1,-1,-1,-1,-1,-1,-1,-1,-1,-1,-1,-1,-1,-1,0,-1,-1,-1,-1,-1,-1,-1,-1,-1,-1,-1,-1,-1,-1,-1,-1,-1,-1,-1,-1,-1,-1,-1,-1,-1,-1,-1,-1,-1,-1,-1,-1,-1,-1,-1,
-1,-1,-1,-1,-1,-1,-1,-1,-1,1,-1,-1,1,-1,-1,-1,-1,1,-1,-1,-1,1,-1,-1,-1,-1,-1,-1,-1,-1,-1,-1,-1,-1,-1,-1,-1,-1,-1,-1,-1,-1,-1,-1,-1,-1,-1,-1,0,-1,-1,-1,-1,-1,-1,-1,-1,-1,-1,-1,-1,-1,-1,-1,-1,-1,-1,-1,-1,-1,-1,-1,-1,-1,-1,-1,-1,-1,-1,-1,-1,-1,-1,
-1,-1,-1,-1,-1,-1,-1,-1,-1,-1,-1,-1,1,-1,-1,-1,-1,-1,-1,-1,-1,1,-1,-1,-1,-1,-1,-1,-1,-1,-1,-1,-1,-1,-1,-1,-1,-1,-1,-1,-1,-1,-1,-1,-1,-1,-1,-1,-1,0,-1,-1,-1,-1,-1,-1,-1,-1,-1,-1,-1,-1,-1,-1,-1,-1,-1,-1,-1,-1,-1,-1,-1,-1,-1,-1,-1,-1,-1,-1,-1,-1,-1,
-1,-1,-1,-1,-1,-1,-1,-1,-1,-1,-1,-1,-1,-1,-1,-1,-1,-1,-1,-1,-1,-1,-1,-1,-1,-1,-1,-1,-1,-1,-1,-1,1,-1,-1,-1,-1,-1,-1,-1,-1,-1,-1,-1,-1,-1,-1,-1,-1,-1,0,-1,-1,-1,-1,-1,-1,-1,1,-1,-1,-1,-1,-1,-1,-1,-1,-1,-1,-1,-1,-1,-1,-1,-1,-1,-1,-1,-1,-1,-1,-1,-1,
-1,-1,1,-1,-1,-1,-1,-1,-1,-1,-1,-1,-1,-1,1,-1,-1,-1,-1,-1,-1,-1,-1,-1,-1,-1,-1,-1,-1,-1,-1,-1,-1,-1,-1,-1,-1,-1,-1,-1,-1,-1,-1,-1,-1,-1,-1,-1,-1,-1,-1,0,-1,-1,-1,-1,-1,-1,-1,-1,-1,-1,-1,-1,-1,-1,-1,-1,-1,-1,-1,-1,-1,-1,-1,-1,-1,-1,-1,-1,-1,-1,-1,
1,-1,-1,-1,-1,-1,-1,-1,-1,-1,-1,-1,-1,1,-1,-1,-1,-1,-1,1,-1,-1,-1,-1,-1,-1,-1,-1,-1,-1,-1,-1,-1,-1,-1,-1,-1,-1,-1,-1,-1,-1,-1,-1,-1,-1,-1,-1,-1,-1,-1,-1,0,-1,-1,-1,-1,-1,-1,-1,-1,-1,-1,-1,-1,-1,-1,-1,-1,-1,-1,-1,-1,-1,-1,-1,-1,-1,-1,-1,-1,-1,-1,
-1,-1,-1,-1,-1,1,-1,-1,-1,1,-1,-1,-1,-1,-1,-1,-1,-1,-1,1,-1,-1,-1,-1,-1,-1,-1,-1,-1,-1,-1,-1,-1,-1,-1,-1,-1,-1,-1,-1,-1,-1,-1,-1,-1,-1,-1,-1,-1,-1,-1,-1,-1,0,-1,-1,-1,-1,-1,-1,-1,-1,-1,-1,-1,-1,-1,-1,-1,-1,-1,-1,-1,-1,-1,-1,-1,-1,-1,-1,-1,-1,-1,
-1,-1,-1,-1,-1,-1,-1,-1,-1,-1,-1,-1,1,-1,-1,-1,1,-1,1,-1,-1,-1,-1,-1,-1,-1,-1,-1,-1,-1,-1,-1,-1,-1,-1,-1,-1,-1,-1,-1,-1,-1,-1,-1,-1,-1,-1,-1,-1,-1,-1,-1,-1,-1,0,-1,-1,-1,-1,-1,-1,-1,-1,-1,-1,-1,-1,-1,-1,-1,-1,-1,-1,-1,-1,-1,-1,-1,-1,-1,-1,-1,-1,
-1,-1,-1,-1,1,-1,-1,-1,-1,-1,-1,1,-1,-1,1,-1,-1,-1,-1,-1,-1,-1,-1,-1,-1,-1,-1,-1,-1,-1,-1,-1,-1,-1,-1,-1,-1,-1,-1,-1,-1,-1,-1,-1,-1,-1,-1,-1,-1,-1,-1,-1,-1,-1,-1,0,-1,-1,-1,-1,-1,-1,-1,-1,-1,-1,-1,-1,-1,-1,-1,-1,-1,-1,-1,-1,-1,-1,-1,-1,-1,-1,-1,
-1,-1,-1,-1,-1,-1,-1,1,-1,-1,-1,-1,-1,-1,-1,-1,-1,1,-1,-1,-1,-1,-1,-1,-1,1,-1,-1,-1,-1,-1,-1,-1,-1,-1,-1,-1,-1,-1,-1,-1,-1,-1,-1,-1,-1,-1,-1,-1,-1,-1,-1,-1,-1,-1,-1,0,-1,-1,-1,-1,-1,-1,-1,-1,-1,-1,-1,-1,-1,-1,-1,-1,-1,-1,-1,-1,-1,-1,-1,-1,-1,-1,
-1,-1,-1,1,-1,-1,-1,-1,1,-1,1,-1,1,-1,-1,-1,1,-1,-1,1,1,-1,-1,-1,-1,-1,-1,-1,-1,-1,-1,-1,-1,-1,-1,-1,-1,-1,-1,-1,-1,-1,-1,-1,-1,-1,-1,-1,-1,-1,-1,-1,-1,-1,-1,-1,-1,0,-1,-1,-1,-1,-1,-1,-1,-1,-1,-1,-1,-1,-1,-1,-1,-1,-1,-1,-1,-1,-1,-1,-1,-1,-1,
1,-1,-1,-1,-1,1,-1,-1,-1,-1,-1,-1,-1,-1,-1,-1,-1,-1,-1,-1,-1,1,-1,-1,-1,1,-1,-1,-1,-1,-1,-1,-1,-1,-1,-1,-1,-1,-1,-1,-1,-1,-1,-1,-1,-1,-1,-1,-1,-1,1,-1,-1,-1,-1,-1,-1,-1,0,-1,-1,-1,-1,-1,-1,-1,-1,-1,-1,-1,-1,-1,-1,-1,-1,-1,-1,-1,-1,-1,-1,-1,-1,
-1,-1,1,-1,-1,-1,-1,-1,-1,-1,-1,1,-1,-1,-1,-1,-1,-1,-1,-1,-1,-1,1,-1,1,-1,-1,-1,-1,-1,-1,-1,-1,-1,-1,-1,-1,-1,-1,-1,-1,-1,-1,-1,-1,-1,-1,-1,-1,-1,-1,-1,-1,-1,-1,-1,-1,-1,-1,0,-1,-1,-1,-1,-1,-1,-1,-1,-1,-1,-1,-1,-1,-1,-1,-1,-1,-1,-1,-1,-1,-1,-1,
1,-1,-1,-1,-1,-1,-1,-1,1,-1,-1,-1,-1,-1,-1,1,-1,-1,-1,-1,-1,-1,-1,-1,-1,-1,-1,-1,-1,-1,-1,-1,-1,-1,-1,-1,-1,-1,-1,-1,-1,-1,-1,-1,-1,-1,-1,-1,-1,-1,-1,-1,-1,-1,-1,-1,-1,-1,-1,-1,0,-1,-1,-1,-1,-1,-1,-1,-1,-1,-1,-1,-1,-1,-1,-1,-1,-1,-1,-1,-1,-1,-1,
-1,-1,-1,-1,-1,-1,-1,-1,-1,-1,-1,-1,-1,-1,-1,-1,-1,-1,-1,-1,-1,-1,-1,-1,-1,-1,1,1,-1,-1,-1,-1,-1,-1,-1,-1,-1,-1,-1,-1,-1,-1,-1,-1,-1,-1,-1,-1,-1,-1,-1,-1,-1,-1,-1,-1,-1,-1,-1,-1,-1,0,-1,-1,-1,-1,-1,-1,-1,-1,-1,-1,-1,-1,-1,-1,-1,-1,-1,-1,-1,-1,-1,
-1,-1,1,-1,-1,-1,-1,-1,1,-1,-1,-1,1,-1,-1,-1,-1,1,1,-1,-1,-1,-1,-1,-1,-1,-1,-1,-1,-1,-1,-1,-1,-1,-1,-1,-1,-1,-1,-1,-1,-1,-1,-1,-1,-1,-1,-1,-1,-1,-1,-1,-1,-1,-1,-1,-1,-1,-1,-1,-1,-1,0,-1,-1,-1,-1,-1,-1,-1,-1,-1,-1,-1,-1,-1,-1,-1,-1,-1,-1,-1,-1,
-1,-1,-1,1,-1,-1,1,-1,-1,-1,-1,-1,-1,-1,-1,-1,-1,-1,-1,-1,-1,-1,-1,-1,-1,-1,-1,-1,-1,-1,-1,-1,-1,-1,-1,-1,-1,-1,-1,-1,-1,-1,-1,-1,-1,-1,-1,-1,-1,-1,-1,-1,-1,-1,-1,-1,-1,-1,-1,-1,-1,-1,-1,0,-1,-1,-1,-1,-1,-1,-1,-1,-1,-1,-1,-1,-1,-1,-1,-1,-1,-1,-1,
-1,-1,-1,-1,-1,-1,-1,-1,-1,1,-1,-1,-1,-1,-1,-1,-1,-1,-1,-1,-1,-1,-1,-1,-1,-1,-1,-1,-1,-1,1,-1,-1,-1,-1,-1,-1,-1,-1,-1,-1,-1,-1,-1,-1,-1,-1,-1,-1,-1,-1,-1,-1,-1,-1,-1,-1,-1,-1,-1,-1,-1,-1,-1,0,-1,-1,-1,-1,-1,-1,-1,-1,-1,-1,-1,-1,-1,-1,-1,-1,-1,-1,
-1,-1,-1,-1,1,-1,1,-1,-1,-1,-1,-1,-1,-1,-1,-1,-1,1,-1,-1,-1,-1,-1,-1,-1,-1,-1,-1,-1,-1,-1,-1,-1,-1,-1,-1,-1,-1,-1,-1,-1,-1,-1,-1,-1,-1,-1,-1,-1,-1,-1,-1,-1,-1,-1,-1,-1,-1,-1,-1,-1,-1,-1,-1,-1,0,-1,-1,-1,-1,-1,-1,-1,-1,-1,-1,-1,-1,-1,-1,-1,-1,-1,
-1,-1,-1,-1,-1,1,-1,-1,-1,-1,-1,1,-1,-1,-1,1,-1,-1,-1,-1,-1,-1,-1,-1,-1,-1,-1,-1,-1,-1,-1,-1,-1,-1,-1,-1,-1,-1,-1,-1,-1,-1,-1,-1,-1,-1,-1,-1,-1,-1,-1,-1,-1,-1,-1,-1,-1,-1,-1,-1,-1,-1,-1,-1,-1,-1,0,-1,-1,-1,-1,-1,-1,-1,-1,-1,-1,-1,-1,-1,-1,-1,-1,
-1,-1,-1,-1,-1,-1,-1,-1,-1,-1,1,-1,-1,-1,-1,-1,-1,-1,-1,-1,-1,-1,-1,1,-1,-1,-1,-1,-1,-1,-1,-1,-1,-1,-1,-1,-1,-1,-1,-1,-1,-1,-1,-1,-1,-1,-1,-1,-1,-1,-1,-1,-1,-1,-1,-1,-1,-1,-1,-1,-1,-1,-1,-1,-1,-1,-1,0,-1,-1,-1,-1,-1,-1,-1,-1,-1,-1,-1,-1,-1,-1,-1,
-1,1,-1,-1,-1,-1,-1,-1,-1,-1,-1,-1,-1,-1,-1,-1,-1,-1,-1,-1,-1,-1,-1,-1,-1,-1,-1,-1,-1,-1,-1,-1,-1,-1,-1,-1,-1,-1,-1,-1,-1,-1,-1,-1,-1,-1,1,-1,-1,-1,-1,-1,-1,-1,-1,-1,-1,-1,-1,-1,-1,-1,-1,-1,-1,-1,-1,-1,0,-1,-1,-1,-1,-1,-1,-1,-1,-1,-1,-1,-1,-1,-1,
-1,-1,-1,-1,-1,-1,-1,-1,-1,-1,-1,-1,-1,-1,-1,-1,-1,-1,-1,-1,-1,1,-1,-1,-1,-1,-1,-1,-1,-1,-1,-1,-1,-1,-1,-1,1,-1,-1,-1,-1,-1,-1,-1,-1,-1,-1,-1,-1,-1,-1,-1,-1,-1,-1,-1,-1,-1,-1,-1,-1,-1,-1,-1,-1,-1,-1,-1,-1,0,-1,-1,-1,-1,-1,-1,-1,-1,-1,-1,-1,-1,-1,
-1,-1,1,-1,-1,-1,-1,-1,1,1,-1,-1,-1,-1,1,-1,-1,-1,-1,-1,-1,-1,-1,-1,-1,-1,-1,-1,-1,-1,-1,-1,-1,-1,-1,-1,-1,-1,-1,-1,-1,-1,-1,-1,-1,-1,-1,-1,-1,-1,-1,-1,-1,-1,-1,-1,-1,-1,-1,-1,-1,-1,-1,-1,-1,-1,-1,-1,-1,-1,0,-1,-1,-1,-1,-1,-1,-1,-1,-1,-1,-1,-1,
-1,-1,-1,-1,-1,-1,-1,-1,-1,-1,-1,-1,-1,-1,1,-1,-1,-1,-1,-1,-1,-1,-1,-1,-1,-1,-1,-1,-1,-1,-1,-1,-1,-1,-1,-1,-1,-1,-1,-1,-1,-1,-1,-1,-1,-1,-1,-1,-1,-1,-1,-1,-1,-1,-1,-1,-1,-1,-1,-1,-1,-1,-1,-1,-1,-1,-1,-1,-1,-1,-1,0,-1,-1,-1,-1,-1,-1,-1,1,-1,-1,-1,
1,-1,1,-1,-1,-1,-1,-1,-1,-1,-1,-1,-1,-1,-1,-1,-1,-1,1,-1,-1,-1,1,-1,-1,-1,-1,-1,-1,-1,-1,-1,-1,-1,-1,-1,-1,-1,-1,-1,-1,-1,-1,-1,-1,-1,-1,-1,-1,-1,-1,-1,-1,-1,-1,-1,-1,-1,-1,-1,-1,-1,-1,-1,-1,-1,-1,-1,-1,-1,-1,-1,0,-1,-1,-1,-1,-1,-1,-1,-1,-1,-1,
-1,-1,-1,-1,1,-1,-1,-1,-1,-1,-1,-1,-1,-1,-1,1,-1,-1,1,1,-1,-1,-1,-1,1,-1,-1,-1,-1,-1,-1,-1,-1,-1,-1,-1,-1,-1,-1,-1,-1,-1,-1,-1,-1,-1,-1,-1,-1,-1,-1,-1,-1,-1,-1,-1,-1,-1,-1,-1,-1,-1,-1,-1,-1,-1,-1,-1,-1,-1,-1,-1,-1,0,-1,-1,-1,-1,-1,-1,-1,-1,-1,
-1,-1,-1,-1,-1,-1,1,-1,-1,-1,-1,1,-1,1,-1,-1,-1,-1,-1,-1,-1,-1,-1,-1,-1,-1,-1,-1,-1,-1,-1,-1,-1,-1,-1,-1,-1,-1,-1,-1,-1,-1,-1,-1,-1,-1,-1,-1,-1,-1,-1,-1,-1,-1,-1,-1,-1,-1,-1,-1,-1,-1,-1,-1,-1,-1,-1,-1,-1,-1,-1,-1,-1,-1,0,-1,-1,-1,-1,-1,-1,-1,-1,
-1,1,-1,-1,-1,-1,-1,-1,-1,-1,-1,-1,-1,1,-1,-1,-1,-1,-1,-1,-1,-1,-1,-1,-1,-1,-1,-1,-1,-1,-1,-1,-1,-1,-1,-1,-1,-1,-1,-1,-1,-1,-1,-1,-1,-1,-1,-1,-1,-1,-1,-1,-1,-1,-1,-1,-1,-1,-1,-1,-1,-1,-1,-1,-1,-1,-1,-1,-1,-1,-1,-1,-1,-1,-1,0,-1,-1,-1,-1,-1,-1,-1,
-1,-1,-1,-1,-1,1,-1,1,-1,-1,-1,1,-1,-1,-1,-1,-1,-1,-1,-1,-1,-1,-1,-1,-1,-1,-1,-1,-1,-1,-1,-1,-1,-1,-1,-1,-1,-1,-1,-1,-1,-1,-1,-1,-1,-1,-1,-1,-1,-1,-1,-1,-1,-1,-1,-1,-1,-1,-1,-1,-1,-1,-1,-1,-1,-1,-1,-1,-1,-1,-1,-1,-1,-1,-1,-1,0,-1,-1,-1,-1,-1,-1,
-1,-1,-1,-1,1,-1,1,-1,-1,-1,1,-1,-1,1,-1,-1,1,-1,-1,-1,-1,-1,-1,-1,-1,-1,-1,-1,-1,-1,-1,-1,-1,-1,-1,-1,-1,-1,-1,-1,-1,-1,-1,-1,-1,-1,-1,-1,-1,-1,-1,-1,-1,-1,-1,-1,-1,-1,-1,-1,-1,-1,-1,-1,-1,-1,-1,-1,-1,-1,-1,-1,-1,-1,-1,-1,-1,0,-1,-1,-1,-1,-1,
-1,-1,-1,-1,-1,-1,-1,-1,-1,-1,-1,-1,-1,-1,-1,-1,-1,-1,-1,-1,-1,-1,-1,-1,-1,-1,-1,-1,-1,-1,-1,-1,-1,1,-1,-1,-1,-1,-1,-1,-1,-1,-1,-1,-1,-1,1,-1,-1,-1,-1,-1,-1,-1,-1,-1,-1,-1,-1,-1,-1,-1,-1,-1,-1,-1,-1,-1,-1,-1,-1,-1,-1,-1,-1,-1,-1,-1,0,-1,-1,-1,-1,
-1,-1,-1,-1,-1,1,-1,-1,-1,-1,-1,-1,-1,-1,1,1,-1,-1,-1,-1,-1,-1,-1,-1,-1,-1,-1,-1,-1,-1,-1,-1,-1,-1,-1,-1,-1,-1,-1,-1,-1,-1,-1,-1,-1,-1,-1,-1,-1,-1,-1,-1,-1,-1,-1,-1,-1,-1,-1,-1,-1,-1,-1,-1,-1,-1,-1,-1,-1,-1,-1,1,-1,-1,-1,-1,-1,-1,-1,0,-1,-1,-1,
-1,-1,-1,-1,1,-1,1,-1,-1,-1,-1,-1,-1,-1,-1,-1,-1,-1,1,-1,-1,-1,-1,-1,-1,-1,-1,-1,-1,-1,-1,-1,-1,-1,-1,-1,-1,-1,-1,-1,-1,-1,-1,-1,-1,-1,-1,-1,-1,-1,-1,-1,-1,-1,-1,-1,-1,-1,-1,-1,-1,-1,-1,-1,-1,-1,-1,-1,-1,-1,-1,-1,-1,-1,-1,-1,-1,-1,-1,-1,0,-1,-1,
-1,-1,-1,1,-1,-1,-1,-1,-1,-1,-1,-1,-1,1,-1,-1,-1,-1,-1,-1,-1,-1,-1,-1,-1,-1,-1,-1,-1,-1,-1,-1,-1,-1,1,-1,-1,-1,-1,-1,-1,-1,-1,-1,-1,-1,-1,-1,-1,-1,-1,-1,-1,-1,-1,-1,-1,-1,-1,-1,-1,-1,-1,-1,-1,-1,-1,-1,-1,-1,-1,-1,-1,-1,-1,-1,-1,-1,-1,-1,-1,0,-1,
-1,-1,-1,-1,-1,-1,-1,-1,-1,-1,-1,-1,-1,-1,-1,-1,-1,-1,-1,-1,-1,-1,1,-1,1,-1,-1,-1,-1,-1,-1,-1,-1,-1,-1,-1,-1,-1,-1,-1,-1,-1,-1,-1,-1,-1,-1,-1,-1,-1,-1,-1,-1,-1,-1,-1,-1,-1,-1,-1,-1,-1,-1,-1,-1,-1,-1,-1,-1,-1,-1,-1,-1,-1,-1,-1,-1,-1,-1,-1,-1,-1,0,

(23,0)
(23,1)
(23,2)
(23,3)
(24,4)
(23,5)
(25,6)
(25,7)
(25,8)
(23,9)
(25,10)
(24,11)
(25,12)
(23,13)
(24,14)
(23,15)
(23,16)
(25,17)
(24,18)
(23,19)
(38,16)
(70,15)
(23,0)
(65,18)
(80,2)
(38,11)
(64,6)
(55,2)
(81,16)
(63,9)
(66,8)
(51,11)
(41,9)
(50,2)
(54,8)
(34,6)
(77,12)
(50,14)
(79,1)
(35,16)
(57,1)
(74,10)
(39,2)
(49,9)
(34,18)
(49,13)
(66,16)
(43,16)
(55,8)
(54,11)
(31,18)
(70,18)
(36,16)
(76,16)
(76,3)
(70,1)
(70,0)
(78,10)
(38,7)
(43,6)
(81,18)
(33,6)
(45,13)
(76,4)
(40,18)
(72,6)
(32,6)
(40,5)
(60,4)
(70,6)
(55,18)
(54,5)
(70,10)
(34,2)
(29,18)
(51,2)
(36,0)
(42,3)
(61,15)
(69,2)
(42,1)
(42,16)
(67,17)
(52,11)
(36,17)
(32,11)
(26,12)
(72,4)
(74,8)
(48,0)
(58,6)
(75,8)
(46,0)
(54,5)
(42,5)
(24,15)
(62,1)
(25,9)
(50,0)
(27,15)
(71,14)
(63,15)
(76,19)
(50,9)
(36,15)
(48,19)
(50,11)
(28,5)
(76,8)
(48,0)
(37,2)
(44,16)
(49,0)
(61,17)
(62,0)
(82,15)
(64,19)
(27,19)
(53,6)
(69,17)
(39,2)
(80,6)
(45,7)
(27,8)
(68,18)
(78,11)
(25,12)
(38,6)
(37,4)
(79,6)
(80,0)
(24,9)
(34,6)
(34,8)
(45,4)
(48,4)
(60,14)
(24,10)
(80,1)
(57,10)
(69,1)
(68,4)
(79,16)
(60,4)
(30,3)
(64,5)
(49,16)
(37,7)
(68,10)
(33,5)
(24,4)
(48,4)
(37,19)
(32,16)
(34,12)
(81,0)
(59,7)
(41,13)
(50,3)
(50,11)
(77,4)
(75,6)
(27,16)
(77,3)
(36,1)
(27,13)
(31,3)
(75,4)
(49,14)
(27,1)
(24,0)
(61,2)
(29,2)
(29,3)
(46,12)
(47,14)
(51,7)
(56,2)
(37,16)
(64,11)
(42,2)
(51,18)
(78,16)
(40,8)
(44,3)
(80,7)
(51,18)
(25,2)
(30,8)
(61,8)
(55,14)
(73,0)
(79,0)
(80,13)
(51,8)
(66,1)
(60,13)
(42,3)
(48,0)
(45,8)
(62,10)
(82,12)
(50,19)
(37,16)
(40,18)
(59,6)
(42,7)
(53,7)
(61,12)
(65,10)
(67,14)
(52,4)
(49,8)
(34,3)
(75,5)
(27,6)
(71,1)
(42,5)
(62,10)
(48,8)
(54,1)
(72,12)
(71,9)
(25,3)
(54,1)
(53,14)
(70,4)
(28,11)
(80,0)
(33,9)
(63,0)
(44,19)
(71,0)
(52,12)
(75,9)
(28,12)
(58,19)
(66,6)
(77,19)
(24,8)
(61,0)
(61,2)
(36,4)
(31,2)
(54,1)
(53,13)
(63,6)
(50,11)
(71,4)
(37,0)
(55,4)
(40,2)
(76,5)
(51,8)
(53,15)
(73,2)
(77,1)
(54,11)
(45,16)
(77,12)
(40,5)
(78,5)
(52,0)
(45,7)
(29,16)
(70,6)
(51,3)
(61,14)
(26,6)
(47,11)
(63,0)
(40,13)
(80,6)
(30,0)
(53,1)
(56,5)
(33,7)
(51,2)
(36,1)
(78,9)
(47,15)
(66,1)
(69,7)
(35,13)
(48,2)
(70,7)
(81,15)
(51,0)
(64,4)
(55,0)
(73,1)
(81,11)
(36,7)
(73,12)
(32,16)
(49,17)
(75,7)
(62,6)
(31,15)
(54,8)
(71,1)
(37,4)
(32,11)
(48,3)
(26,7)
(49,16)
(80,2)
(69,16)
(51,11)
(64,3)
(33,18)
(31,17)
(68,13)
(57,12)
(37,15)
(72,10)
(48,3)
(56,1)
(60,11)
(43,7)
(37,2)
(74,16)
(61,5)
(26,9)
(49,1)
(60,11)
(24,17)
(32,17)
(48,4)
(81,18)
(53,1)
(63,18)
(63,4)
(74,8)
(27,13)
(62,4)
(47,1)
(47,14)
(78,9)
(54,14)
(27,14)
(42,11)
(51,7)
(59,15)
(59,0)
(33,6)
(76,6)
(31,10)
(38,17)
(56,1)
(27,12)
(41,14)
(23,3)
(41,3)
(82,9)
(64,6)
(37,13)
(48,5)
(41,16)
(75,17)
(71,12)
(40,0)
(64,8)
(52,14)
(49,1)
(52,10)
(27,0)
(70,12)
(79,1)
(62,6)
(38,1)
(62,15)
(80,1)
(71,8)
(35,5)
(56,10)
(80,8)
(63,6)
(72,17)
(68,9)
(30,18)
(33,3)
(50,5)
(73,19)
(35,15)
(72,12)
(35,10)
(41,0)
(66,2)
(48,1)
(47,0)
(50,11)
(65,0)
(51,2)
(37,2)
(24,15)
(76,18)
(66,2)
(71,4)
(48,12)
(30,2)
(81,1)
(75,2)
(34,6)
(29,4)
(30,4)
(64,18)
(54,6)
(70,3)
(30,6)
(70,5)
(42,19)
(72,15)
(31,1)
(65,7)
(51,4)
(37,4)
(44,3)
(23,11)
(28,10)
(54,19)
(45,1)
(23,11)
(64,19)
(59,7)
(23,2)
(48,3)
(58,1)
(43,6)
(43,19)
(36,18)
(65,4)
(52,12)
(73,2)
(33,0)
(44,0)
(57,2)
(70,3)
(31,3)
(54,19)
(82,10)
(60,16)
(72,18)
(58,14)
(35,17)
(48,19)
(29,17)
(36,0)
(80,4)
(37,1)
(58,6)
(46,15)
(79,5)
(46,17)
(80,1)
(48,17)
(80,3)
(75,12)
(31,13)
(32,11)
(36,17)
(46,14)
(44,7)
(64,7)
(76,4)
(54,17)
(34,16)
(23,0)
(42,15)
(46,14)
(37,14)
(66,7)
(62,13)
(31,15)
(79,17)
(80,5)
(81,0)
(67,3)
(40,1)
(47,4)
(42,1)
(64,19)
(73,0)
(33,8)
(35,16)
(26,8)
(73,4)
(51,6)
(53,9)
(47,3)
(65,10)
(54,16)
(27,8)
(56,3)
(35,17)
(68,19)
(65,8)
(44,19)
(26,3)
(41,3)
(31,2)
(74,14)
(28,4)
(59,3)
(58,0)
(82,7)
(78,3)
(24,11)
(41,4)
(59,15)
(43,0)
(47,3)
(43,8)
(60,9)
(36,16)
(39,16)
(36,6)
(56,10)
(45,15)
(47,14)
(26,7)
(54,8)
(47,13)
(25,15)
(41,10)
(38,7)
(73,7)
(71,3)
(28,19)
(59,8)
(60,1)
(30,13)
(75,11)
(80,12)
(41,19)
(27,14)
(28,14)
(45,7)
(67,4)
(55,5)
(72,6)
(82,14)
(61,19)
(67,6)
(34,5)
(61,7)
(60,3)
(62,6)
(39,7)
(47,2)
(80,8)
(80,7)
(73,7)
(59,15)
(74,2)
(32,2)
(42,12)
(50,11)
(69,17)
(29,3)
(42,0)
(23,0)
(40,8)
(47,5)
(48,7)
(79,18)
(39,4)
(41,13)
(76,3)
(23,16)
(76,14)
(77,2)
(46,17)
(40,11)
(24,19)
(77,13)
(47,18)
(64,19)
(36,13)
(50,5)
(46,9)
(29,2)
(70,15)
(47,1)
(54,11)
(80,12)
(39,3)
(62,0)
(26,15)
(82,17)
(56,13)
(23,2)
(35,11)
(44,9)
(57,8)
(60,3)
(78,9)
(26,4)
(71,10)
(35,3)
(48,3)
(26,14)
(82,4)
(49,6)
(72,7)
(50,8)
(26,11)
(75,15)
(37,14)
(65,17)
(43,3)
(29,17)
(51,10)
(26,18)
(55,10)
(42,17)
(69,8)
(81,15)
(82,3)
(66,7)
(40,10)
(50,7)
(37,16)
(78,7)
(51,16)
(23,10)
(36,1)
(75,11)
(50,9)
(60,8)
(64,5)
(72,15)
(31,2)
(73,19)
(74,12)
(73,3)
(43,12)
(64,11)
(80,10)
(57,9)
(54,8)
(71,18)
(31,14)
(65,8)
(28,6)
(28,12)
(39,0)
(25,3)
(23,2)
(39,16)
(32,10)
(30,3)
(45,11)
(51,4)
(72,5)
(42,17)
(33,1)
(28,6)
(45,8)
(34,6)
(45,15)
(56,14)
(68,0)
(69,18)
(82,14)
(57,10)
(54,1)
(34,2)
(25,1)
(77,10)
(68,11)
(65,1)
(49,12)
(36,11)
(26,16)
(45,3)
(71,0)
(49,3)
(65,1)
(78,8)
(50,12)
(80,5)
(31,13)
(41,15)
(63,13)
(51,0)
(73,9)
(37,3)
(81,10)
(74,4)
(29,9)
(34,3)
(33,4)
(63,0)
(36,6)
(72,8)
(50,12)
(51,14)
(32,3)
(44,2)
(75,14)
(44,10)
(33,8)
(23,0)
(35,0)
(80,17)
(52,12)
(27,12)
(65,10)
(52,14)
(74,1)
(77,4)
(38,1)
(69,2)
(29,16)
(24,4)
(40,9)
(48,15)
(50,3)
(26,5)
(48,16)
(30,6)
(29,17)
(57,0)
(58,12)
(46,6)
(33,17)
(62,15)
(64,9)
(39,12)
(45,1)
(30,16)
(60,16)
(57,14)
(38,8)
(71,13)
(66,1)
(35,2)
(70,9)
(46,3)
(28,6)
(48,4)
(47,1)
(53,19)
(82,15)
(38,15)
(78,2)
(63,9)
(57,5)
(34,0)
(42,2)
(56,13)
(73,9)
(78,4)
(63,4)
(81,14)
(77,10)
(82,9)
(70,6)
(74,9)
(75,16)
(40,1)
(39,0)
(44,0)
(80,15)
(48,7)
(74,11)
(54,19)
(68,3)
(30,16)
(35,0)
(35,4)
(82,2)
(38,5)
(64,1)
(72,17)
(55,4)
(69,3)
(29,7)
(48,13)
(25,1)
(41,0)
(40,12)
(81,2)
(77,1)
(79,17)
(70,0)
(70,12)
(62,15)
(71,17)
(81,12)
(42,6)
(29,1)
(57,14)
(54,18)
(42,13)
(28,7)
(82,8)
(43,2)
(80,17)
(46,16)
(23,4)
(48,10)
(53,0)
(26,4)
(31,13)
(39,0)
(40,0)
(38,15)
(75,7)
(41,17)
(35,11)
(81,6)
(27,3)
(80,19)
(62,7)
(53,1)
(47,7)
(38,1)
(26,7)
(32,7)
(61,9)
(35,19)
(25,15)
(60,3)
(23,2)
(74,10)
(81,17)
(45,6)
(48,8)
(80,2)
(25,7)
(74,2)
(56,8)
(52,3)
(66,19)
(70,8)
(33,5)
(64,5)
(24,8)
(40,6)
(34,0)
(41,18)
(31,0)
(39,4)
(50,6)
(48,16)
(24,9)
(75,2)
(77,13)
(35,7)
(43,13)
(64,14)
(50,10)
(42,16)
(45,5)
(27,2)
(23,17)
(51,3)
(69,7)
(76,18)
(53,2)
(58,7)
(50,6)
(39,6)
(50,7)
(45,4)
(55,0)
(72,9)
(57,15)
(23,6)
(72,7)
(40,5)
(54,6)
(70,2)
(23,10)
(31,7)
(66,0)
(47,2)
(54,2)
(66,18)
(37,3)
(80,7)
(57,12)
(74,9)
(29,11)
(53,9)
(80,8)
(78,6)
(76,1)
(56,14)
(23,0)
(29,1)
(40,0)
(47,12)
(65,14)
(80,5)
(34,9)
(69,9)
(59,14)
(27,2)
(57,1)
(28,9)
(60,15)
(39,5)
(51,12)
(60,13)
(27,17)
(29,6)
(71,13)
(55,14)
(72,0)
(55,12)
(74,11)
(81,11)
(70,5)
(23,1)
(55,2)
(40,1)
(56,17)
(28,3)
(73,19)
(55,8)
(81,11)
(24,13)
(68,0)
(60,16)
(53,9)
(24,12)
(27,1)
(63,8)
(40,9)
(77,14)
(50,8)
(49,17)
(68,5)
(44,13)
(61,9)
(58,8)
(54,1)
(71,19)
(27,13)
(41,8)
(25,7)
(28,6)
(74,10)
(27,2)
(47,2)
(28,2)
(56,10)
(35,7)
(81,18)
(66,4)
(73,10)
(69,13)
(80,5)
(64,14)
(48,18)
(48,16)
(77,8)
(77,15)
(47,3)
(45,14)
(58,13)
(25,12)
(53,1)
(64,3)
(30,16)
(31,0)
(43,16)
(63,1)
(44,1)
(61,8)
(80,9)
(57,0)
(47,9)
(61,4)
(76,0)
(64,3)
(47,5)
(34,3)
(37,0)
(64,10)
(57,0)
(40,0)
(50,7)
(25,0)
(59,10)
(80,3)
(35,12)
(37,16)
(43,10)
(40,10)
(67,2)
(52,9)
(55,0)
(70,16)
(64,3)
(69,1)
(47,7)
(41,2)
(31,3)
(25,7)
(75,0)
(39,18)
(32,7)
(37,1)
(82,8)
(59,6)
(47,9)
(77,6)
(80,3)
(76,7)
(50,11)
(82,19)
(30,11)
(36,2)
(27,4)
(47,14)
(66,0)
(57,11)
(24,16)
(61,8)
(40,15)
(67,16)
(32,13)
(74,13)
(47,7)
(80,19)
(29,12)
(66,2)
(36,0)
(56,15)
(49,4)
(73,4)
(38,2)
(59,0)
(46,16)
(58,11)
(32,19)
(36,1)
(43,3)
(49,0)
(67,17)
(75,18)
(77,1)
(28,11)
(44,2)
(57,3)
(66,6)
(81,13)
(53,3)
(48,14)
(54,16)
(79,5)
(54,2)
(43,3)
(39,12)
(49,6)
(46,1)
(66,7)
(50,15)
(58,7)
(77,9)
(77,3)
(63,13)
(39,7)
(67,9)
(32,0)
(50,15)
(45,11)
(82,15)
(25,5)
(73,18)
(53,1)
(39,14)
(47,17)
(81,17)
(33,13)
(69,0)
(66,16)
(82,0)
(44,7)
(59,1)
(29,4)
(63,12)
(46,11)
(36,13)
(31,0)
(57,8)
(39,17)
(81,13)
(33,18)
(36,5)
(80,11)
(38,10)
(75,7)
(35,3)
(24,3)
(52,16)
(54,13)
(46,1)
(59,13)
(52,0)
(30,13)
(56,4)
(50,19)
(31,12)
(78,5)
(35,5)
(65,6)
(64,19)
(55,4)
(73,17)
(51,1)
(74,0)
(56,3)
(36,7)
(53,4)
(39,12)
(44,11)
(40,2)
(50,7)
(62,6)
(71,7)
(40,13)
(38,6)
(61,10)
(63,17)
(72,9)
(45,12)
(23,6)
(77,1)
(82,5)
(75,7)
(24,18)
(68,11)
(29,5)
(50,4)
(73,4)
(75,19)
(31,19)
(53,11)
(32,17)
(29,0)
(64,0)
(41,0)
(30,0)
(73,3)
(31,1)
(61,13)
(37,8)
(78,4)
(43,13)
(34,7)
(68,11)
(66,4)
(79,0)
(48,0)
(42,1)
(70,1)
(56,1)
(57,9)
(70,15)
(30,0)
(42,7)
(25,0)
(67,12)
(79,19)
(82,0)
(24,6)
(44,2)
(77,19)
(27,2)
(54,16)
(45,13)
(69,6)
(72,12)
(50,1)
(24,13)
(74,19)
(39,10)
(44,16)
(45,5)
(23,15)
(42,17)
(52,0)
(23,3)
(50,0)
(64,13)
(69,18)
(59,16)
(26,0)
(74,1)
(63,5)
(46,15)
(79,14)
(32,2)
(77,1)
(61,16)
(73,6)
(44,14)
(45,18)
(78,3)
(40,2)
(45,0)
(60,9)
(79,14)
(75,9)
(54,17)
(32,9)
(58,6)
(73,17)
(58,10)
(56,5)
(46,8)
(75,13)
(60,4)
(37,2)
(66,12)
(76,5)
(30,10)
(50,1)
(66,19)
(77,8)
(77,8)
(81,4)
(81,19)
(45,2)
(73,1)
(38,5)
(32,5)
(55,4)
(30,0)
(29,11)
(67,11)
(37,5)
(24,2)
(47,15)
(25,3)
(48,15)
(26,1)
(63,18)
(37,16)
(43,13)
(49,10)
(23,5)
(26,1)
(52,5)
(37,10)
(42,8)
(71,6)
(76,12)
(44,13)
(32,18)
(35,13)
(67,2)
(59,11)
(58,8)
(48,1)
(31,0)
(30,18)
(61,18)
(79,15)
(73,5)
(54,11)
(41,16)
(79,10)
(58,8)
(32,6)
(31,15)
(80,18)
(80,8)
(66,0)
(33,13)
(51,17)
(43,3)
(58,11)
(39,1)
(44,8)
(80,17)
(40,0)
(26,11)
(81,2)
(74,3)
(42,17)
(76,8)
(79,1)
(41,8)
(52,10)
(59,6)
(68,14)
(56,2)
(76,11)
(41,10)
(35,3)
(82,2)
(68,2)
(71,11)
(71,6)
(35,9)
(29,1)
(26,1)
(61,11)
(58,4)
(24,15)
(81,1)
(31,10)
(69,10)
(68,4)
(75,15)
(46,4)
(80,19)
(41,14)
(73,16)
(77,4)
(72,10)
(33,7)
(33,13)
(36,3)
(81,19)
(67,13)
(70,9)
(56,9)
(34,11)
(55,3)
(51,6)
(55,1)
(28,7)
(41,5)
(67,6)
(36,14)
(31,6)
(38,9)
(73,6)
(63,17)
(60,1)
(25,6)
(38,16)
(34,9)
(60,10)
(32,0)
(60,10)
(50,1)
(27,3)
(51,8)
(23,8)
(35,17)
(23,18)
(73,11)
(55,16)
(65,19)
(71,16)
(43,14)
(58,5)
(52,0)
(38,16)
(68,0)
(41,19)
(62,4)
(28,4)
(67,3)
(76,14)
(61,18)
(43,9)
(39,17)
(50,15)
(46,6)
(51,15)
(82,9)
(76,4)
(74,3)
(73,3)
(42,1)
(74,19)
(63,0)
(71,8)
(41,17)
(57,3)
(72,18)
(37,16)
(78,1)
(34,0)
(28,1)
(29,2)
(48,0)
(62,0)
(32,18)
(64,3)
(42,13)
(76,11)
(68,0)
(23,0)
(40,11)
(74,17)
(82,5)
(81,2)
(80,19)
(73,4)
(64,2)
(80,8)
(53,7)
(38,14)
(37,2)
(60,1)
(46,13)
(64,11)
(29,5)
(56,1)
(40,1)
(71,8)
(65,2)
(52,4)
(49,2)
(80,3)
(29,7)
(31,13)
(23,15)
(44,12)
(44,16)
(33,10)
(23,17)
(37,3)
(77,9)
(40,0)
(82,5)
(65,5)
(81,6)
(32,3)
(51,2)
(56,1)
(76,13)
(29,3)
(45,6)
(78,18)
(25,4)
(31,19)
(62,11)
(71,5)
(77,18)
(56,16)
(55,14)
(27,17)
(41,15)
(75,15)
(24,11)
(52,18)
(59,9)
(80,7)
(48,0)
(52,0)
(74,3)
(62,2)
(80,1)
(77,11)
(40,0)
(66,18)
(36,9)
(23,0)
(39,2)
(34,1)
(31,10)
(25,16)
(71,18)
(33,10)
(73,2)
(46,10)
(79,12)
(60,13)
(46,3)
(24,0)
(57,15)
(62,0)
(81,11)
(74,13)
(31,15)
(54,8)
(80,4)
(26,7)
(27,2)
(36,1)
(75,8)
(61,3)
(25,9)
(36,0)
(71,6)
(24,13)
(56,9)
(30,7)
(55,11)
(58,4)
(78,14)
(74,0)
(80,5)
(56,16)
(71,6)
(28,9)
(63,4)
(82,4)
(52,16)
(57,0)
(38,3)
(53,12)
(30,1)
(39,12)
(63,8)
(38,3)
(60,1)
(52,17)
(64,9)
(46,4)
(74,8)
(61,0)
(60,15)
(43,3)
(49,14)
(73,4)
(34,3)
(33,1)
(50,7)
(62,1)
(65,4)
(73,14)
(76,0)
(55,2)
(65,17)
(35,9)
(27,16)
(26,15)
(24,6)
(57,12)
(41,8)
(42,8)
(26,15)
(45,17)
(32,0)
(73,4)
(47,9)
(29,5)
(37,0)
(36,12)
(24,14)
(81,18)
(68,9)
(27,7)
(35,5)
(65,13)
(59,9)
(47,7)
(41,8)
(81,17)
(49,0)
(60,4)
(60,10)
(55,10)
(55,4)
(31,9)
(30,11)
(30,2)
(28,18)
(58,9)
(80,4)
(66,12)
(82,4)
(67,9)
(34,5)
(27,2)
(43,0)
(75,9)
(46,0)
(32,14)
(81,7)
(49,10)
(75,14)
(28,1)
(59,3)
(48,3)
(48,13)
(57,5)
(29,15)
(78,4)
(55,0)
(62,5)
(47,16)
(66,10)
(68,11)
(24,10)
(41,1)
(26,7)
(34,3)
(25,1)
(75,10)
(59,0)
(25,4)
(60,15)
(68,7)
(32,0)
(55,19)
(54,8)
(48,6)
(82,0)
(70,0)
(60,3)
(72,8)
(49,18)
(32,13)
(26,1)
(69,0)
(52,5)
(72,14)
(28,15)
(59,19)
(52,9)
(50,13)
(81,7)
(68,2)
(50,5)
(28,1)
(71,6)
(67,12)
(28,10)
(49,2)
(37,12)
(53,6)
(44,0)
(71,10)
(59,4)
(49,0)
(65,16)
(31,12)
(40,1)
(57,7)
(67,0)
(26,9)
(38,18)
(43,19)
(65,8)
(73,9)
(34,9)
(36,4)
(75,13)
(28,1)
(65,17)
(55,7)
(44,1)
(66,5)
(74,14)
(38,4)
(70,11)
(29,13)
(54,4)
(58,2)
(65,0)
(68,5)
(24,12)
(66,13)
(42,16)
(74,4)
(79,16)
(29,0)
(55,4)
(56,13)
(68,1)
(63,12)
(30,15)
(33,4)
(60,2)
(37,2)
(42,12)
(26,1)
(71,9)
(74,18)
(79,17)
(52,17)
(32,1)
(60,6)
(62,9)
(51,9)
(69,11)
(73,0)
(46,10)
(35,16)
(46,5)
(68,8)
(24,3)
(62,1)
(36,8)
(58,6)
(35,17)
(53,10)
(49,12)
(62,17)
(78,3)
(37,1)
(29,14)
(80,6)
(38,18)
(64,10)
(73,3)
(49,0)
(59,7)
(75,0)
(75,18)
(56,6)
(35,1)
(73,0)
(28,6)
(72,6)
(60,0)
(35,14)
(81,19)
(34,11)
(59,9)
(38,19)
(39,18)
(32,19)
(34,16)
(65,1)
(27,12)
(29,0)
(35,4)
(42,14)
(24,13)
(73,0)
(66,8)
(57,2)
(61,15)
(46,6)
(23,5)
(64,1)
(44,9)
(61,3)
(63,2)
(63,4)
(66,17)
(28,16)
(66,0)
(64,4)
(79,10)
(40,4)
(48,19)
(79,12)
(67,5)
(37,4)
(64,12)
(43,7)
(64,5)
(30,19)
(72,9)
(60,18)
(56,3)
(56,0)
(73,12)
(79,0)
(25,12)
(36,4)
(81,2)
(31,19)
(66,9)
(47,18)
(33,19)
(59,4)
(78,15)
(48,7)
(64,15)
(53,14)
(69,11)
(46,5)
(69,9)
(54,15)
(61,1)
(74,15)
(57,11)
(59,10)
(71,4)
(42,5)
(37,18)
(27,0)
(39,3)
(49,10)
(70,3)
(82,9)
(30,14)
(26,2)
(34,17)
(79,18)
(65,16)
(41,7)
(39,4)
(27,0)
(78,5)
(57,6)
(74,3)
(61,6)
(32,12)
(67,8)
(82,0)
(40,9)
(38,9)
(38,0)
(68,0)
(45,11)
(66,15)
(35,18)
(60,1)
(68,18)
(68,1)
(30,1)
(54,15)
(73,17)
(36,9)
(43,5)
(81,7)
(39,14)
(81,16)
(71,19)
(38,15)
(67,19)
(56,5)
(32,0)
(24,6)
(60,13)
(60,9)
(73,7)
(74,6)
(68,5)
(37,5)
(54,8)
(25,3)
(47,14)
(48,14)
(30,5)
(68,4)
(57,4)
(31,1)
(63,19)
(26,1)
(31,10)
(59,6)
(57,5)
(76,15)
(38,3)
(29,0)
(27,19)
(58,7)
(46,17)
(72,4)
(29,8)
(33,4)
(50,14)
(39,1)
(61,7)
(61,5)
(80,0)
(57,9)
(57,0)
(33,2)
(43,2)
(46,5)
(27,17)
(39,0)
(51,18)
(63,17)
(52,2)
(64,3)
(80,18)
(46,11)
(66,10)
(81,13)
(44,3)
(30,3)
(60,10)
(37,2)
(60,14)
(57,5)
(60,12)
(33,3)
(58,11)
(74,9)
(24,0)
(64,4)
(73,7)
(70,8)
(67,3)
(49,8)
(43,3)
(25,1)
(65,15)
(53,4)
(75,8)
(37,10)
(58,13)
(63,7)
(68,16)
(25,0)
(50,6)
(25,2)
(29,10)
(58,2)
(45,10)
(47,15)
(63,10)
(31,3)
(34,5)
(49,8)
(69,4)
(50,6)
(57,4)
(52,13)
(32,10)
(34,11)
(71,11)
(27,6)
(79,17)
(45,11)
(47,16)
(61,9)
(25,7)
(36,2)
(29,18)
(56,6)
(64,4)
(40,4)
(75,9)
(38,7)
(50,9)
(70,6)
(70,17)
(72,18)
(26,6)
(55,11)
(31,2)
(82,1)
(45,7)
(61,13)
(62,14)
(49,1)
(58,12)
(44,17)
(64,7)
(41,6)
(34,0)
(73,13)
(45,3)
(56,12)
(63,7)
(66,16)
(74,4)
(58,11)
(53,8)
(59,9)
(80,18)
(80,18)
(66,2)
(73,2)
(44,5)
(54,6)
(48,8)
(47,16)
(33,15)
(80,18)
(50,13)
(82,15)
(64,11)
(48,10)
(66,0)
(68,3)
(81,17)
(78,16)
(24,4)
(32,13)
(59,8)
(33,7)
(67,7)
(60,19)
(44,19)
(51,4)
(47,1)
(35,9)
(51,13)
(39,10)
(82,15)
(51,3)
(59,4)
(56,7)
(62,16)
(77,1)
(23,9)
(58,12)
(55,10)
(82,2)
(34,1)
(30,5)
(71,6)
(36,0)
(25,12)
(29,12)
(56,9)
(39,1)
(31,13)
(23,15)
(43,17)
(32,0)
(34,4)
(40,1)
(64,6)
(39,8)
(36,0)
(62,2)
(63,5)
(30,12)
(82,4)
(77,9)
(50,12)
(28,5)
(55,5)
(55,14)
(82,14)
(77,2)
(39,17)
(34,16)
(71,18)
(67,16)
(46,8)
(71,14)
(47,3)
(40,19)
(75,19)
(25,0)
(31,7)
(33,14)
(33,3)
(38,3)
(29,3)
(58,18)
(79,1)
(64,12)
(77,11)
(52,2)
(55,15)
(66,19)
(42,12)
(24,13)
(50,13)
(27,1)
(55,15)
(49,8)
(69,13)
(40,2)
(71,16)
(27,11)
(52,2)
(35,8)
(67,10)
(66,2)
(71,0)
(30,15)
(63,5)
(39,9)
(44,10)
(79,18)
(55,19)
(77,0)
(78,2)
(79,19)
(71,12)
(44,4)
(36,10)
(54,5)
(74,1)
(47,3)
(56,2)
(81,2)
(63,1)
(26,17)
(59,10)
(27,8)
(68,4)
(66,16)
(70,13)
(75,7)
(82,10)
(39,7)
(29,0)
(58,9)
(27,18)
(69,11)
(52,12)
(53,16)
(25,3)
(63,16)
(34,10)
(36,6)
(61,17)
(24,14)
(41,8)
(48,1)
(77,15)
(69,0)
(58,2)
(33,17)
(26,1)
(60,3)
(64,5)
(35,12)
(54,1)
(29,14)
(78,0)
(39,15)
(47,14)
(63,11)
(38,17)
(62,17)
(42,6)
(73,13)
(25,12)
(39,18)
(77,11)
(44,7)
(70,17)
(30,15)
(79,13)
(70,5)
(76,12)
(79,5)
(29,13)
(76,0)
(81,7)
(58,10)
(31,3)
(63,16)
(82,12)
(82,4)
(58,19)
(23,1)
(76,1)
(73,8)
(71,14)
(55,7)
(77,1)
(65,15)
(62,5)
(27,4)
(60,9)
(76,0)
(46,17)
(73,10)
(50,11)
(47,11)
(27,13)
(63,6)
(64,3)
(36,12)
(23,7)
(65,12)
(79,1)
(24,3)
(32,5)
(80,19)
(39,1)
(41,17)
(65,4)
(41,15)
(70,4)
(33,8)
(70,3)
(28,0)
(82,18)
(25,18)
(32,8)
(73,1)
(29,0)
(78,9)
(23,13)
(35,0)
(25,10)
(55,9)
(61,0)
(81,15)
(47,11)
(28,3)
(77,9)
(29,16)
(69,18)
(47,19)
(78,15)
(49,1)
(55,3)
(63,5)
(58,16)
(74,1)
(32,3)
(33,3)
(63,3)
(31,1)
(55,0)
(69,1)
(33,0)
(29,7)
(23,3)
(33,1)
(42,0)
(58,19)
(41,6)
(50,7)
(50,6)
(33,7)
(55,4)
(49,12)
(30,0)
(40,3)
(41,13)
(66,10)
(30,0)
(59,2)
(43,0)
(37,6)
(45,12)
(80,17)
(47,6)
(76,0)
(77,4)
(34,1)
(53,10)
(78,7)
(74,16)
(65,19)
(36,0)
(36,2)
(38,13)
(56,2)
(82,4)
(33,4)
(50,5)
(78,17)
(58,14)
(28,0)
(64,18)
(35,1)
(58,6)
(65,6)
(57,1)
(70,14)
(25,2)
(52,18)
(26,4)
(59,16)
(32,18)
(71,3)
(56,7)

(23,0)
(23,1)
(23,2)
(23,3)
(24,4)
(23,5)
(25,6)
(25,7)
(25,8)
(23,9)
(25,10)
(24,11)
(25,12)
(23,13)
(24,14)
(23,15)
(23,16)
(25,17)
(24,18)
(23,19)
(38,16)
(70,15)
(23,0)
(65,18)
(80,2)
(38,11)
(64,6)
(55,2)
(81,16)
(63,9)
(66,8)
(51,11)
(41,9)
(50,2)
(54,8)
(34,6)
(77,12)
(50,14)
(79,1)
(35,16)
(57,1)
(74,10)
(39,2)
(49,9)
(34,18)
(49,13)
(66,16)
(43,16)
(55,8)
(54,11)
(31,18)
(70,18)
(36,16)
(76,16)
(76,3)
(70,1)
(70,0)
(78,10)
(38,7)
(43,6)
(81,18)
(33,6)
(45,13)
(76,4)
(40,18)
(72,6)
(32,6)
(40,5)
(60,4)
(70,6)
(55,18)
(54,5)
(70,10)
(34,2)
(29,18)
(51,2)
(36,0)
(42,3)
(61,15)
(69,2)
(42,1)
(42,16)
(67,17)
(52,11)
(36,17)
(32,11)
(26,12)
(72,4)
(74,8)
(48,0)
(58,6)
(75,8)
(46,0)
(54,5)
(42,5)
(24,15)
(62,1)
(25,9)
(50,0)
(27,15)
(71,14)
(63,15)
(76,19)
(50,9)
(36,15)
(48,19)
(50,11)
(28,5)
(76,8)
(48,0)
(37,2)
(44,16)
(49,0)
(61,17)
(62,0)
(82,15)
(64,19)
(27,19)
(53,6)
(69,17)
(39,2)
(80,6)
(45,7)
(27,8)
(68,18)
(78,11)
(25,12)
(38,6)
(37,4)
(79,6)
(80,0)
(24,9)
(34,6)
(34,8)
(45,4)
(48,4)
(60,14)
(24,10)
(80,1)
(57,10)
(69,1)
(68,4)
(79,16)
(60,4)
(30,3)
(64,5)
(49,16)
(37,7)
(68,10)
(33,5)
(24,4)
(48,4)
(37,19)
(32,16)
(34,12)
(81,0)
(59,7)
(41,13)
(50,3)
(50,11)
(77,4)
(75,6)
(27,16)
(77,3)
(36,1)
(27,13)
(31,3)
(75,4)
(49,14)
(27,1)
(24,0)
(61,2)
(29,2)
(29,3)
(46,12)
(47,14)
(51,7)
(56,2)
(37,16)
(64,11)
(42,2)
(51,18)
(78,16)
(40,8)
(44,3)
(80,7)
(51,18)
(25,2)
(30,8)
(61,8)
(55,14)
(73,0)
(79,0)
(80,13)
(51,8)
(66,1)
(60,13)
(42,3)
(48,0)
(45,8)
(62,10)
(82,12)
(50,19)
(37,16)
(40,18)
(59,6)
(42,7)
(53,7)
(61,12)
(65,10)
(67,14)
(52,4)
(49,8)
(34,3)
(75,5)
(27,6)
(71,1)
(42,5)
(62,10)
(48,8)
(54,1)
(72,12)
(71,9)
(25,3)
(54,1)
(53,14)
(70,4)
(28,11)
(80,0)
(33,9)
(63,0)
(44,19)
(71,0)
(52,12)
(75,9)
(28,12)
(58,19)
(66,6)
(77,19)
(24,8)
(61,0)
(61,2)
(36,4)
(31,2)
(54,1)
(53,13)
(63,6)
(50,11)
(71,4)
(37,0)
(55,4)
(40,2)
(76,5)
(51,8)
(53,15)
(73,2)
(77,1)
(54,11)
(45,16)
(77,12)
(40,5)
(78,5)
(52,0)
(45,7)
(29,16)
(70,6)
(51,3)
(61,14)
(26,6)
(47,11)
(63,0)
(40,13)
(80,6)
(30,0)
(53,1)
(56,5)
(33,7)
(51,2)
(36,1)
(78,9)
(47,15)
(66,1)
(69,7)
(35,13)
(48,2)
(70,7)
(81,15)
(51,0)
(64,4)
(55,0)
(73,1)
(81,11)
(36,7)
(73,12)
(32,16)
(49,17)
(75,7)
(62,6)
(31,15)
(54,8)
(71,1)
(37,4)
(32,11)
(48,3)
(26,7)
(49,16)
(80,2)
(69,16)
(51,11)
(64,3)
(33,18)
(31,17)
(68,13)
(57,12)
(37,15)
(72,10)
(48,3)
(56,1)
(60,11)
(43,7)
(37,2)
(74,16)
(61,5)
(26,9)
(49,1)
(60,11)
(24,17)
(32,17)
(48,4)
(81,18)
(53,1)
(63,18)
(63,4)
(74,8)
(27,13)
(62,4)
(47,1)
(47,14)
(78,9)
(54,14)
(27,14)
(42,11)
(51,7)
(59,15)
(59,0)
(33,6)
(76,6)
(31,10)
(38,17)
(56,1)
(27,12)
(41,14)
(23,3)
(41,3)
(82,9)
(64,6)
(37,13)
(48,5)
(41,16)
(75,17)
(71,12)
(40,0)
(64,8)
(52,14)
(49,1)
(52,10)
(27,0)
(70,12)
(79,1)
(62,6)
(38,1)
(62,15)
(80,1)
(71,8)
(35,5)
(56,10)
(80,8)
(63,6)
(72,17)
(68,9)
(30,18)
(33,3)
(50,5)
(73,19)
(35,15)
(72,12)
(35,10)
(41,0)
(66,2)
(48,1)
(47,0)
(50,11)
(65,0)
(51,2)
(37,2)
(24,15)
(76,18)
(66,2)
(71,4)
(48,12)
(30,2)
(81,1)
(75,2)
(34,6)
(29,4)
(30,4)
(64,18)
(54,6)
(70,3)
(30,6)
(70,5)
(42,19)
(72,15)
(31,1)
(65,7)
(51,4)
(37,4)
(44,3)
(23,11)
(28,10)
(54,19)
(45,1)
(23,11)
(64,19)
(59,7)
(23,2)
(48,3)
(58,1)
(43,6)
(43,19)
(36,18)
(65,4)
(52,12)
(73,2)
(33,0)
(44,0)
(57,2)
(70,3)
(31,3)
(54,19)
(82,10)
(60,16)
(72,18)
(58,14)
(35,17)
(48,19)
(29,17)
(36,0)
(80,4)
(37,1)
(58,6)
(46,15)
(79,5)
(46,17)
(80,1)
(48,17)
(80,3)
(75,12)
(31,13)
(32,11)
(36,17)
(46,14)
(44,7)
(64,7)
(76,4)
(54,17)
(34,16)
(23,0)
(42,15)
(46,14)
(37,14)
(66,7)
(62,13)
(31,15)
(79,17)
(80,5)
(81,0)
(67,3)
(40,1)
(47,4)
(42,1)
(64,19)
(73,0)
(33,8)
(35,16)
(26,8)
(73,4)
(51,6)
(53,9)
(47,3)
(65,10)
(54,16)
(27,8)
(56,3)
(35,17)
(68,19)
(65,8)
(44,19)
(26,3)
(41,3)
(31,2)
(74,14)
(28,4)
(59,3)
(58,0)
(82,7)
(78,3)
(24,11)
(41,4)
(59,15)
(43,0)
(47,3)
(43,8)
(60,9)
(36,16)
(39,16)
(36,6)
(56,10)
(45,15)
(47,14)
(26,7)
(54,8)
(47,13)
(25,15)
(41,10)
(38,7)
(73,7)
(71,3)
(28,19)
(59,8)
(60,1)
(30,13)
(75,11)
(80,12)
(41,19)
(27,14)
(28,14)
(45,7)
(67,4)
(55,5)
(72,6)
(82,14)
(61,19)
(67,6)
(34,5)
(61,7)
(60,3)
(62,6)
(39,7)
(47,2)
(80,8)
(80,7)
(73,7)
(59,15)
(74,2)
(32,2)
(42,12)
(50,11)
(69,17)
(29,3)
(42,0)
(23,0)
(40,8)
(47,5)
(48,7)
(79,18)
(39,4)
(41,13)
(76,3)
(23,16)
(76,14)
(77,2)
(46,17)
(40,11)
(24,19)
(77,13)
(47,18)
(64,19)
(36,13)
(50,5)
(46,9)
(29,2)
(70,15)
(47,1)
(54,11)
(80,12)
(39,3)
(62,0)
(26,15)
(82,17)
(56,13)
(23,2)
(35,11)
(44,9)
(57,8)
(60,3)
(78,9)
(26,4)
(71,10)
(35,3)
(48,3)
(26,14)
(82,4)
(49,6)
(72,7)
(50,8)
(26,11)
(75,15)
(37,14)
(65,17)
(43,3)
(29,17)
(51,10)
(26,18)
(55,10)
(42,17)
(69,8)
(81,15)
(82,3)
(66,7)
(40,10)
(50,7)
(37,16)
(78,7)
(51,16)
(23,10)
(36,1)
(75,11)
(50,9)
(60,8)
(64,5)
(72,15)
(31,2)
(73,19)
(74,12)
(73,3)
(43,12)
(64,11)
(80,10)
(57,9)
(54,8)
(71,18)
(31,14)
(65,8)
(28,6)
(28,12)
(39,0)
(25,3)
(23,2)
(39,16)
(32,10)
(30,3)
(45,11)
(51,4)
(72,5)
(42,17)
(33,1)
(28,6)
(45,8)
(34,6)
(45,15)
(56,14)
(68,0)
(69,18)
(82,14)
(57,10)
(54,1)
(34,2)
(25,1)
(77,10)
(68,11)
(65,1)
(49,12)
(36,11)
(26,16)
(45,3)
(71,0)
(49,3)
(65,1)
(78,8)
(50,12)
(80,5)
(31,13)
(41,15)
(63,13)
(51,0)
(73,9)
(37,3)
(81,10)
(74,4)
(29,9)
(34,3)
(33,4)
(63,0)
(36,6)
(72,8)
(50,12)
(51,14)
(32,3)
(44,2)
(75,14)
(44,10)
(33,8)
(23,0)
(35,0)
(80,17)
(52,12)
(27,12)
(65,10)
(52,14)
(74,1)
(77,4)
(38,1)
(69,2)
(29,16)
(24,4)
(40,9)
(48,15)
(50,3)
(26,5)
(48,16)
(30,6)
(29,17)
(57,0)
(58,12)
(46,6)
(33,17)
(62,15)
(64,9)
(39,12)
(45,1)
(30,16)
(60,16)
(57,14)
(38,8)
(71,13)
(66,1)
(35,2)
(70,9)
(46,3)
(28,6)
(48,4)
(47,1)
(53,19)
(82,15)
(38,15)
(78,2)
(63,9)
(57,5)
(34,0)
(42,2)
(56,13)
(73,9)
(78,4)
(63,4)
(81,14)
(77,10)
(82,9)
(70,6)
(74,9)
(75,16)
(40,1)
(39,0)
(44,0)
(80,15)
(48,7)
(74,11)
(54,19)
(68,3)
(30,16)
(35,0)
(35,4)
(82,2)
(38,5)
(64,1)
(72,17)
(55,4)
(69,3)
(29,7)
(48,13)
(25,1)
(41,0)
(40,12)
(81,2)
(77,1)
(79,17)
(70,0)
(70,12)
(62,15)
(71,17)
(81,12)
(42,6)
(29,1)
(57,14)
(54,18)
(42,13)
(28,7)
(82,8)
(43,2)
(80,17)
(46,16)
(23,4)
(48,10)
(53,0)
(26,4)
(31,13)
(39,0)
(40,0)
(38,15)
(75,7)
(41,17)
(35,11)
(81,6)
(27,3)
(80,19)
(62,7)
(53,1)
(47,7)
(38,1)
(26,7)
(32,7)
(61,9)
(35,19)
(25,15)
(60,3)
(23,2)
(74,10)
(81,17)
(45,6)
(48,8)
(80,2)
(25,7)
(74,2)
(56,8)
(52,3)
(66,19)
(70,8)
(33,5)
(64,5)
(24,8)
(40,6)
(34,0)
(41,18)
(31,0)
(39,4)
(50,6)
(48,16)
(24,9)
(75,2)
(77,13)
(35,7)
(43,13)
(64,14)
(50,10)
(42,16)
(45,5)
(27,2)
(23,17)
(51,3)
(69,7)
(76,18)
(53,2)
(58,7)
(50,6)
(39,6)
(50,7)
(45,4)
(55,0)
(72,9)
(57,15)
(23,6)
(72,7)
(40,5)
(54,6)
(70,2)
(23,10)
(31,7)
(66,0)
(47,2)
(54,2)
(66,18)
(37,3)
(80,7)
(57,12)
(74,9)
(29,11)
(53,9)
(80,8)
(78,6)
(76,1)
(56,14)
(23,0)
(29,1)
(40,0)
(47,12)
(65,14)
(80,5)
(34,9)
(69,9)
(59,14)
(27,2)
(57,1)
(28,9)
(60,15)
(39,5)
(51,12)
(60,13)
(27,17)
(29,6)
(71,13)
(55,14)
(72,0)
(55,12)
(74,11)
(81,11)
(70,5)
(23,1)
(55,2)
(40,1)
(56,17)
(28,3)
(73,19)
(55,8)
(81,11)
(24,13)
(68,0)
(60,16)
(53,9)
(24,12)
(27,1)
(63,8)
(40,9)
(77,14)
(50,8)
(49,17)
(68,5)
(44,13)
(61,9)
(58,8)
(54,1)
(71,19)
(27,13)
(41,8)
(25,7)
(28,6)
(74,10)
(27,2)
(47,2)
(28,2)
(56,10)
(35,7)
(81,18)
(66,4)
(73,10)
(69,13)
(80,5)
(64,14)
(48,18)
(48,16)
(77,8)
(77,15)
(47,3)
(45,14)
(58,13)
(25,12)
(53,1)
(64,3)
(30,16)
(31,0)
(43,16)
(63,1)
(44,1)
(61,8)
(80,9)
(57,0)
(47,9)
(61,4)
(76,0)
(64,3)
(47,5)
(34,3)
(37,0)
(64,10)
(57,0)
(40,0)
(50,7)
(25,0)
(59,10)
(80,3)
(35,12)
(37,16)
(43,10)
(40,10)
(67,2)
(52,9)
(55,0)
(70,16)
(64,3)
(69,1)
(47,7)
(41,2)
(31,3)
(25,7)
(75,0)
(39,18)
(32,7)
(37,1)
(82,8)
(59,6)
(47,9)
(77,6)
(80,3)
(76,7)
(50,11)
(82,19)
(30,11)
(36,2)
(27,4)
(47,14)
(66,0)
(57,11)
(24,16)
(61,8)
(40,15)
(67,16)
(32,13)
(74,13)
(47,7)
(80,19)
(29,12)
(66,2)
(36,0)
(56,15)
(49,4)
(73,4)
(38,2)
(59,0)
(46,16)
(58,11)
(32,19)
(36,1)
(43,3)
(49,0)
(67,17)
(75,18)
(77,1)
(28,11)
(44,2)
(57,3)
(66,6)
(81,13)
(53,3)
(48,14)
(54,16)
(79,5)
(54,2)
(43,3)
(39,12)
(49,6)
(46,1)
(66,7)
(50,15)
(58,7)
(77,9)
(77,3)
(63,13)
(39,7)
(67,9)
(32,0)
(50,15)
(45,11)
(82,15)
(25,5)
(73,18)
(53,1)
(39,14)
(47,17)
(81,17)
(33,13)
(69,0)
(66,16)
(82,0)
(44,7)
(59,1)
(29,4)
(63,12)
(46,11)
(36,13)
(31,0)
(57,8)
(39,17)
(81,13)
(33,18)
(36,5)
(80,11)
(38,10)
(75,7)
(35,3)
(24,3)
(52,16)
(54,13)
(46,1)
(59,13)
(52,0)
(30,13)
(56,4)
(50,19)
(31,12)
(78,5)
(35,5)
(65,6)
(64,19)
(55,4)
(73,17)
(51,1)
(74,0)
(56,3)
(36,7)
(53,4)
(39,12)
(44,11)
(40,2)
(50,7)
(62,6)
(71,7)
(40,13)
(38,6)
(61,10)
(63,17)
(72,9)
(45,12)
(23,6)
(77,1)
(82,5)
(75,7)
(24,18)
(68,11)
(29,5)
(50,4)
(73,4)
(75,19)
(31,19)
(53,11)
(32,17)
(29,0)
(64,0)
(41,0)
(30,0)
(73,3)
(31,1)
(61,13)
(37,8)
(78,4)
(43,13)
(34,7)
(68,11)
(66,4)
(79,0)
(48,0)
(42,1)
(70,1)
(56,1)
(57,9)
(70,15)
(30,0)
(42,7)
(25,0)
(67,12)
(79,19)
(82,0)
(24,6)
(44,2)
(77,19)
(27,2)
(54,16)
(45,13)
(69,6)
(72,12)
(50,1)
(24,13)
(74,19)
(39,10)
(44,16)
(45,5)
(23,15)
(42,17)
(52,0)
(23,3)
(50,0)
(64,13)
(69,18)
(59,16)
(26,0)
(74,1)
(63,5)
(46,15)
(79,14)
(32,2)
(77,1)
(61,16)
(73,6)
(44,14)
(45,18)
(78,3)
(40,2)
(45,0)
(60,9)
(79,14)
(75,9)
(54,17)
(32,9)
(58,6)
(73,17)
(58,10)
(56,5)
(46,8)
(75,13)
(60,4)
(37,2)
(66,12)
(76,5)
(30,10)
(50,1)
(66,19)
(77,8)
(77,8)
(81,4)
(81,19)
(45,2)
(73,1)
(38,5)
(32,5)
(55,4)
(30,0)
(29,11)
(67,11)
(37,5)
(24,2)
(47,15)
(25,3)
(48,15)
(26,1)
(63,18)
(37,16)
(43,13)
(49,10)
(23,5)
(26,1)
(52,5)
(37,10)
(42,8)
(71,6)
(76,12)
(44,13)
(32,18)
(35,13)
(67,2)
(59,11)
(58,8)
(48,1)
(31,0)
(30,18)
(61,18)
(79,15)
(73,5)
(54,11)
(41,16)
(79,10)
(58,8)
(32,6)
(31,15)
(80,18)
(80,8)
(66,0)
(33,13)
(51,17)
(43,3)
(58,11)
(39,1)
(44,8)
(80,17)
(40,0)
(26,11)
(81,2)
(74,3)
(42,17)
(76,8)
(79,1)
(41,8)
(52,10)
(59,6)
(68,14)
(56,2)
(76,11)
(41,10)
(35,3)
(82,2)
(68,2)
(71,11)
(71,6)
(35,9)
(29,1)
(26,1)
(61,11)
(58,4)
(24,15)
(81,1)
(31,10)
(69,10)
(68,4)
(75,15)
(46,4)
(80,19)
(41,14)
(73,16)
(77,4)
(72,10)
(33,7)
(33,13)
(36,3)
(81,19)
(67,13)
(70,9)
(56,9)
(34,11)
(55,3)
(51,6)
(55,1)
(28,7)
(41,5)
(67,6)
(36,14)
(31,6)
(38,9)
(73,6)
(63,17)
(60,1)
(25,6)
(38,16)
(34,9)
(60,10)
(32,0)
(60,10)
(50,1)
(27,3)
(51,8)
(23,8)
(35,17)
(23,18)
(73,11)
(55,16)
(65,19)
(71,16)
(43,14)
(58,5)
(52,0)
(38,16)
(68,0)
(41,19)
(62,4)
(28,4)
(67,3)
(76,14)
(61,18)
(43,9)
(39,17)
(50,15)
(46,6)
(51,15)
(82,9)
(76,4)
(74,3)
(73,3)
(42,1)
(74,19)
(63,0)
(71,8)
(41,17)
(57,3)
(72,18)
(37,16)
(78,1)
(34,0)
(28,1)
(29,2)
(48,0)
(62,0)
(32,18)
(64,3)
(42,13)
(76,11)
(68,0)
(23,0)
(40,11)
(74,17)
(82,5)
(81,2)
(80,19)
(73,4)
(64,2)
(80,8)
(53,7)
(38,14)
(37,2)
(60,1)
(46,13)
(64,11)
(29,5)
(56,1)
(40,1)
(71,8)
(65,2)
(52,4)
(49,2)
(80,3)
(29,7)
(31,13)
(23,15)
(44,12)
(44,16)
(33,10)
(23,17)
(37,3)
(77,9)
(40,0)
(82,5)
(65,5)
(81,6)
(32,3)
(51,2)
(56,1)
(76,13)
(29,3)
(45,6)
(78,18)
(25,4)
(31,19)
(62,11)
(71,5)
(77,18)
(56,16)
(55,14)
(27,17)
(41,15)
(75,15)
(24,11)
(52,18)
(59,9)
(80,7)
(48,0)
(52,0)
(74,3)
(62,2)
(80,1)
(77,11)
(40,0)
(66,18)
(36,9)
(23,0)
(39,2)
(34,1)
(31,10)
(25,16)
(71,18)
(33,10)
(73,2)
(46,10)
(79,12)
(60,13)
(46,3)
(24,0)
(57,15)
(62,0)
(81,11)
(74,13)
(31,15)
(54,8)
(80,4)
(26,7)
(27,2)
(36,1)
(75,8)
(61,3)
(25,9)
(36,0)
(71,6)
(24,13)
(56,9)
(30,7)
(55,11)
(58,4)
(78,14)
(74,0)
(80,5)
(56,16)
(71,6)
(28,9)
(63,4)
(82,4)
(52,16)
(57,0)
(38,3)
(53,12)
(30,1)
(39,12)
(63,8)
(38,3)
(60,1)
(52,17)
(64,9)
(46,4)
(74,8)
(61,0)
(60,15)
(43,3)
(49,14)
(73,4)
(34,3)
(33,1)
(50,7)
(62,1)
(65,4)
(73,14)
(76,0)
(55,2)
(65,17)
(35,9)
(27,16)
(26,15)
(24,6)
(57,12)
(41,8)
(42,8)
(26,15)
(45,17)
(32,0)
(73,4)
(47,9)
(29,5)
(37,0)
(36,12)
(24,14)
(81,18)
(68,9)
(27,7)
(35,5)
(65,13)
(59,9)
(47,7)
(41,8)
(81,17)
(49,0)
(60,4)
(60,10)
(55,10)
(55,4)
(31,9)
(30,11)
(30,2)
(28,18)
(58,9)
(80,4)
(66,12)
(82,4)
(67,9)
(34,5)
(27,2)
(43,0)
(75,9)
(46,0)
(32,14)
(81,7)
(49,10)
(75,14)
(28,1)
(59,3)
(48,3)
(48,13)
(57,5)
(29,15)
(78,4)
(55,0)
(62,5)
(47,16)
(66,10)
(68,11)
(24,10)
(41,1)
(26,7)
(34,3)
(25,1)
(75,10)
(59,0)
(25,4)
(60,15)
(68,7)
(32,0)
(55,19)
(54,8)
(48,6)
(82,0)
(70,0)
(60,3)
(72,8)
(49,18)
(32,13)
(26,1)
(69,0)
(52,5)
(72,14)
(28,15)
(59,19)
(52,9)
(50,13)
(81,7)
(68,2)
(50,5)
(28,1)
(71,6)
(67,12)
(28,10)
(49,2)
(37,12)
(53,6)
(44,0)
(71,10)
(59,4)
(49,0)
(65,16)
(31,12)
(40,1)
(57,7)
(67,0)
(26,9)
(38,18)
(43,19)
(65,8)
(73,9)
(34,9)
(36,4)
(75,13)
(28,1)
(65,17)
(55,7)
(44,1)
(66,5)
(74,14)
(38,4)
(70,11)
(29,13)
(54,4)
(58,2)
(65,0)
(68,5)
(24,12)
(66,13)
(42,16)
(74,4)
(79,16)
(29,0)
(55,4)
(56,13)
(68,1)
(63,12)
(30,15)
(33,4)
(60,2)
(37,2)
(42,12)
(26,1)
(71,9)
(74,18)
(79,17)
(52,17)
(32,1)
(60,6)
(62,9)
(51,9)
(69,11)
(73,0)
(46,10)
(35,16)
(46,5)
(68,8)
(24,3)
(62,1)
(36,8)
(58,6)
(35,17)
(53,10)
(49,12)
(62,17)
(78,3)
(37,1)
(29,14)
(80,6)
(38,18)
(64,10)
(73,3)
(49,0)
(59,7)
(75,0)
(75,18)
(56,6)
(35,1)
(73,0)
(28,6)
(72,6)
(60,0)
(35,14)
(81,19)
(34,11)
(59,9)
(38,19)
(39,18)
(32,19)
(34,16)
(65,1)
(27,12)
(29,0)
(35,4)
(42,14)
(24,13)
(73,0)
(66,8)
(57,2)
(61,15)
(46,6)
(23,5)
(64,1)
(44,9)
(61,3)
(63,2)
(63,4)
(66,17)
(28,16)
(66,0)
(64,4)
(79,10)
(40,4)
(48,19)
(79,12)
(67,5)
(37,4)
(64,12)
(43,7)
(64,5)
(30,19)
(72,9)
(60,18)
(56,3)
(56,0)
(73,12)
(79,0)
(25,12)
(36,4)
(81,2)
(31,19)
(66,9)
(47,18)
(33,19)
(59,4)
(78,15)
(48,7)
(64,15)
(53,14)
(69,11)
(46,5)
(69,9)
(54,15)
(61,1)
(74,15)
(57,11)
(59,10)
(71,4)
(42,5)
(37,18)
(27,0)
(39,3)
(49,10)
(70,3)
(82,9)
(30,14)
(26,2)
(34,17)
(79,18)
(65,16)
(41,7)
(39,4)
(27,0)
(78,5)
(57,6)
(74,3)
(61,6)
(32,12)
(67,8)
(82,0)
(40,9)
(38,9)
(38,0)
(68,0)
(45,11)
(66,15)
(35,18)
(60,1)
(68,18)
(68,1)
(30,1)
(54,15)
(73,17)
(36,9)
(43,5)
(81,7)
(39,14)
(81,16)
(71,19)
(38,15)
(67,19)
(56,5)
(32,0)
(24,6)
(60,13)
(60,9)
(73,7)
(74,6)
(68,5)
(37,5)
(54,8)
(25,3)
(47,14)
(48,14)
(30,5)
(68,4)
(57,4)
(31,1)
(63,19)
(26,1)
(31,10)
(59,6)
(57,5)
(76,15)
(38,3)
(29,0)
(27,19)
(58,7)
(46,17)
(72,4)
(29,8)
(33,4)
(50,14)
(39,1)
(61,7)
(61,5)
(80,0)
(57,9)
(57,0)
(33,2)
(43,2)
(46,5)
(27,17)
(39,0)
(51,18)
(63,17)
(52,2)
(64,3)
(80,18)
(46,11)
(66,10)
(81,13)
(44,3)
(30,3)
(60,10)
(37,2)
(60,14)
(57,5)
(60,12)
(33,3)
(58,11)
(74,9)
(24,0)
(64,4)
(73,7)
(70,8)
(67,3)
(49,8)
(43,3)
(25,1)
(65,15)
(53,4)
(75,8)
(37,10)
(58,13)
(63,7)
(68,16)
(25,0)
(50,6)
(25,2)
(29,10)
(58,2)
(45,10)
(47,15)
(63,10)
(31,3)
(34,5)
(49,8)
(69,4)
(50,6)
(57,4)
(52,13)
(32,10)
(34,11)
(71,11)
(27,6)
(79,17)
(45,11)
(47,16)
(61,9)
(25,7)
(36,2)
(29,18)
(56,6)
(64,4)
(40,4)
(75,9)
(38,7)
(50,9)
(70,6)
(70,17)
(72,18)
(26,6)
(55,11)
(31,2)
(82,1)
(45,7)
(61,13)
(62,14)
(49,1)
(58,12)
(44,17)
(64,7)
(41,6)
(34,0)
(73,13)
(45,3)
(56,12)
(63,7)
(66,16)
(74,4)
(58,11)
(53,8)
(59,9)
(80,18)
(80,18)
(66,2)
(73,2)
(44,5)
(54,6)
(48,8)
(47,16)
(33,15)
(80,18)
(50,13)
(82,15)
(64,11)
(48,10)
(66,0)
(68,3)
(81,17)
(78,16)
(24,4)
(32,13)
(59,8)
(33,7)
(67,7)
(60,19)
(44,19)
(51,4)
(47,1)
(35,9)
(51,13)
(39,10)
(82,15)
(51,3)
(59,4)
(56,7)
(62,16)
(77,1)
(23,9)
(58,12)
(55,10)
(82,2)
(34,1)
(30,5)
(71,6)
(36,0)
(25,12)
(29,12)
(56,9)
(39,1)
(31,13)
(23,15)
(43,17)
(32,0)
(34,4)
(40,1)
(64,6)
(39,8)
(36,0)
(62,2)
(63,5)
(30,12)
(82,4)
(77,9)
(50,12)
(28,5)
(55,5)
(55,14)
(82,14)
(77,2)
(39,17)
(34,16)
(71,18)
(67,16)
(46,8)
(71,14)
(47,3)
(40,19)
(75,19)
(25,0)
(31,7)
(33,14)
(33,3)
(38,3)
(29,3)
(58,18)
(79,1)
(64,12)
(77,11)
(52,2)
(55,15)
(66,19)
(42,12)
(24,13)
(50,13)
(27,1)
(55,15)
(49,8)
(69,13)
(40,2)
(71,16)
(27,11)
(52,2)
(35,8)
(67,10)
(66,2)
(71,0)
(30,15)
(63,5)
(39,9)
(44,10)
(79,18)
(55,19)
(77,0)
(78,2)
(79,19)
(71,12)
(44,4)
(36,10)
(54,5)
(74,1)
(47,3)
(56,2)
(81,2)
(63,1)
(26,17)
(59,10)
(27,8)
(68,4)
(66,16)
(70,13)
(75,7)
(82,10)
(39,7)
(29,0)
(58,9)
(27,18)
(69,11)
(52,12)
(53,16)
(25,3)
(63,16)
(34,10)
(36,6)
(61,17)
(24,14)
(41,8)
(48,1)
(77,15)
(69,0)
(58,2)
(33,17)
(26,1)
(60,3)
(64,5)
(35,12)
(54,1)
(29,14)
(78,0)
(39,15)
(47,14)
(63,11)
(38,17)
(62,17)
(42,6)
(73,13)
(25,12)
(39,18)
(77,11)
(44,7)
(70,17)
(30,15)
(79,13)
(70,5)
(76,12)
(79,5)
(29,13)
(76,0)
(81,7)
(58,10)
(31,3)
(63,16)
(82,12)
(82,4)
(58,19)
(23,1)
(76,1)
(73,8)
(71,14)
(55,7)
(77,1)
(65,15)
(62,5)
(27,4)
(60,9)
(76,0)
(46,17)
(73,10)
(50,11)
(47,11)
(27,13)
(63,6)
(64,3)
(36,12)
(23,7)
(65,12)
(79,1)
(24,3)
(32,5)
(80,19)
(39,1)
(41,17)
(65,4)
(41,15)
(70,4)
(33,8)
(70,3)
(28,0)
(82,18)
(25,18)
(32,8)
(73,1)
(29,0)
(78,9)
(23,13)
(35,0)
(25,10)
(55,9)
(61,0)
(81,15)
(47,11)
(28,3)
(77,9)
(29,16)
(69,18)
(47,19)
(78,15)
(49,1)
(55,3)
(63,5)
(58,16)
(74,1)
(32,3)
(33,3)
(63,3)
(31,1)
(55,0)
(69,1)
(33,0)
(29,7)
(23,3)
(33,1)
(42,0)
(58,19)
(41,6)
(50,7)
(50,6)
(33,7)
(55,4)
(49,12)
(30,0)
(40,3)
(41,13)
(66,10)
(30,0)
(59,2)
(43,0)
(37,6)
(45,12)
(80,17)
(47,6)
(76,0)
(77,4)
(34,1)
(53,10)
(78,7)
(74,16)
(65,19)
(36,0)
(36,2)
(38,13)
(56,2)
(82,4)
(33,4)
(50,5)
(78,17)
(58,14)
(28,0)
(64,18)
(35,1)
(58,6)
(65,6)
(57,1)
(70,14)
(25,2)
(52,18)
(26,4)
(59,16)
(32,18)
(71,3)
(56,7)
0.popular= 0.084000
1.popular= 0.073333
2.popular= 0.058667
3.popular= 0.064889
4.popular= 0.060444
5.popular= 0.047111
6.popular= 0.053333
7.popular= 0.052444
8.popular= 0.047556
9.popular= 0.048000
10.popular= 0.044000
11.popular= 0.043111
12.popular= 0.041778
13.popular= 0.043111
14.popular= 0.038222
15.popular= 0.042667
16.popular= 0.044444
17.popular= 0.040444
18.popular= 0.037778
19.popular= 0.034667

peer 0 neighbors is: 60, 46, 14, 22, 72, 52, 4, 58, 23, 40, 3, 8, 17, 18, 
peer 1 neighbors is: 29, 33, 4, 38, 30, 10, 9, 8, 68, 75, 19, 37, 
peer 2 neighbors is: 25, 15, 59, 70, 26, 27, 72, 51, 24, 62, 5, 10, 
peer 3 neighbors is: 38, 33, 31, 81, 15, 0, 4, 57, 63, 20, 9, 11, 12, 14, 16, 18, 
peer 4 neighbors is: 0, 1, 3, 42, 55, 77, 80, 65, 73, 35, 
peer 5 neighbors is: 12, 2, 66, 15, 53, 79, 17, 10, 58, 76, 
peer 6 neighbors is: 35, 46, 47, 25, 63, 77, 74, 80, 65, 26, 8, 21, 23, 
peer 7 neighbors is: 27, 56, 30, 11, 38, 45, 76, 21, 14, 17, 8, 22, 23, 
peer 8 neighbors is: 1, 57, 70, 60, 7, 35, 6, 62, 20, 0, 10, 12, 13, 22, 44, 
peer 9 neighbors is: 1, 64, 28, 25, 70, 48, 40, 3, 53, 17, 21, 
peer 10 neighbors is: 1, 5, 31, 27, 67, 19, 77, 57, 8, 2, 25, 
peer 11 neighbors is: 7, 55, 44, 76, 59, 3, 74, 19, 66, 46, 23, 
peer 12 neighbors is: 5, 28, 57, 8, 62, 49, 54, 3, 48, 25, 16, 21, 
peer 13 neighbors is: 52, 77, 29, 43, 46, 75, 74, 36, 8, 81, 18, 22, 
peer 14 neighbors is: 0, 7, 47, 39, 79, 51, 3, 41, 70, 55, 21, 71, 
peer 15 neighbors is: 2, 3, 5, 60, 30, 47, 66, 37, 73, 79, 16, 23, 24, 
peer 16 neighbors is: 23, 3, 26, 24, 77, 57, 54, 12, 15, 41, 25, 
peer 17 neighbors is: 5, 7, 9, 56, 26, 33, 48, 62, 65, 0, 
peer 18 neighbors is: 73, 80, 42, 13, 3, 0, 26, 62, 54, 72, 
peer 19 neighbors is: 10, 11, 1, 57, 32, 53, 27, 52, 73, 41, 23, 
peer 20 neighbors is: 3, 8, 45, 34, 41, 38, 29, 26, 31, 57, 
peer 21 neighbors is: 7, 12, 49, 9, 69, 48, 14, 6, 58, 41, 
peer 22 neighbors is: 0, 13, 24, 8, 47, 7, 72, 82, 28, 59, 
peer 23 neighbors is: 0, 16, 7, 6, 45, 11, 15, 67, 19, 43, 
peer 24 neighbors is: 2, 16, 22, 59, 73, 29, 82, 38, 42, 15, 
peer 25 neighbors is: 2, 6, 9, 12, 45, 58, 39, 10, 56, 16, 
peer 26 neighbors is: 2, 6, 16, 17, 18, 20, 61, 
peer 27 neighbors is: 2, 7, 10, 19, 61, 
peer 28 neighbors is: 9, 12, 22, 
peer 29 neighbors is: 1, 13, 20, 24, 
peer 30 neighbors is: 1, 7, 15, 64, 
peer 31 neighbors is: 3, 10, 20, 
peer 32 neighbors is: 19, 50, 
peer 33 neighbors is: 1, 3, 17, 78, 
peer 34 neighbors is: 20, 81, 
peer 35 neighbors is: 4, 6, 8, 
peer 36 neighbors is: 13, 69, 
peer 37 neighbors is: 15, 1, 
peer 38 neighbors is: 1, 3, 7, 20, 24, 
peer 39 neighbors is: 14, 25, 
peer 40 neighbors is: 0, 9, 
peer 41 neighbors is: 14, 16, 19, 20, 21, 
peer 42 neighbors is: 4, 18, 24, 
peer 43 neighbors is: 13, 23, 
peer 44 neighbors is: 11, 8, 
peer 45 neighbors is: 7, 20, 23, 25, 
peer 46 neighbors is: 0, 6, 11, 13, 68, 78, 
peer 47 neighbors is: 6, 14, 15, 22, 
peer 48 neighbors is: 9, 12, 17, 21, 
peer 49 neighbors is: 12, 21, 
peer 50 neighbors is: 32, 58, 
peer 51 neighbors is: 2, 14, 
peer 52 neighbors is: 0, 13, 19, 
peer 53 neighbors is: 5, 9, 19, 
peer 54 neighbors is: 12, 16, 18, 
peer 55 neighbors is: 4, 11, 14, 
peer 56 neighbors is: 7, 17, 25, 
peer 57 neighbors is: 3, 8, 10, 12, 16, 19, 20, 
peer 58 neighbors is: 0, 5, 21, 25, 50, 
peer 59 neighbors is: 2, 11, 22, 24, 
peer 60 neighbors is: 0, 8, 15, 
peer 61 neighbors is: 27, 26, 
peer 62 neighbors is: 2, 8, 12, 17, 18, 
peer 63 neighbors is: 3, 6, 
peer 64 neighbors is: 9, 30, 
peer 65 neighbors is: 4, 6, 17, 
peer 66 neighbors is: 5, 11, 15, 
peer 67 neighbors is: 10, 23, 
peer 68 neighbors is: 1, 46, 
peer 69 neighbors is: 21, 36, 
peer 70 neighbors is: 2, 8, 9, 14, 
peer 71 neighbors is: 79, 14, 
peer 72 neighbors is: 0, 2, 18, 22, 
peer 73 neighbors is: 4, 15, 18, 19, 24, 
peer 74 neighbors is: 6, 11, 13, 
peer 75 neighbors is: 1, 13, 
peer 76 neighbors is: 5, 7, 11, 
peer 77 neighbors is: 4, 6, 10, 13, 16, 
peer 78 neighbors is: 33, 46, 
peer 79 neighbors is: 5, 14, 15, 71, 
peer 80 neighbors is: 4, 6, 18, 
peer 81 neighbors is: 3, 13, 34, 
peer 82 neighbors is: 22, 24, 

