73 Users
20 Files
1500 Transactions
7 Maximum Connections
1 Cycle Length per Upload-Download
750 Warm-up Transactions
0.400000 Zipf constant
3 Pre-Trusted Users
53 Well-Behaved (Good) Users
0 Purely Malicious Users
0 Feedback Skewing Users
0 Malignant Providing Users
20 Disguised Malicous Users
0 Sybil Attack Users
true Intelligent Trans. Generation
1474142739252 Trace Generation Seed
0.8 F_PERC

(1.000000,0.000000,4,false)
(1.000000,0.000000,4,false)
(1.000000,0.000000,4,false)
(1.000000,0.000000,4,false)
(1.000000,0.000000,4,false)
(1.000000,0.000000,4,false)
(1.000000,0.000000,4,false)
(1.000000,0.000000,4,false)
(1.000000,0.000000,4,false)
(1.000000,0.000000,4,false)
(1.000000,0.000000,4,false)
(1.000000,0.000000,4,false)
(1.000000,0.000000,4,false)
(1.000000,0.000000,4,false)
(1.000000,0.000000,4,false)
(1.000000,0.000000,4,false)
(1.000000,0.000000,4,false)
(1.000000,0.000000,4,false)
(1.000000,0.000000,4,false)
(1.000000,0.000000,4,false)
(1.000000,1.000000,0,true)
(1.000000,1.000000,0,true)
(1.000000,1.000000,0,true)
(1.000000,1.000000,0,false)
(1.000000,1.000000,0,false)
(1.000000,1.000000,0,false)
(1.000000,1.000000,0,false)
(1.000000,1.000000,0,false)
(1.000000,1.000000,0,false)
(1.000000,1.000000,0,false)
(1.000000,1.000000,0,false)
(1.000000,1.000000,0,false)
(1.000000,1.000000,0,false)
(1.000000,1.000000,0,false)
(1.000000,1.000000,0,false)
(1.000000,1.000000,0,false)
(1.000000,1.000000,0,false)
(1.000000,1.000000,0,false)
(1.000000,1.000000,0,false)
(1.000000,1.000000,0,false)
(1.000000,1.000000,0,false)
(1.000000,1.000000,0,false)
(1.000000,1.000000,0,false)
(1.000000,1.000000,0,false)
(1.000000,1.000000,0,false)
(1.000000,1.000000,0,false)
(1.000000,1.000000,0,false)
(1.000000,1.000000,0,false)
(1.000000,1.000000,0,false)
(1.000000,1.000000,0,false)
(1.000000,1.000000,0,false)
(1.000000,1.000000,0,false)
(1.000000,1.000000,0,false)
(1.000000,1.000000,0,false)
(1.000000,1.000000,0,false)
(1.000000,1.000000,0,false)
(1.000000,1.000000,0,false)
(1.000000,1.000000,0,false)
(1.000000,1.000000,0,false)
(1.000000,1.000000,0,false)
(1.000000,1.000000,0,false)
(1.000000,1.000000,0,false)
(1.000000,1.000000,0,false)
(1.000000,1.000000,0,false)
(1.000000,1.000000,0,false)
(1.000000,1.000000,0,false)
(1.000000,1.000000,0,false)
(1.000000,1.000000,0,false)
(1.000000,1.000000,0,false)
(1.000000,1.000000,0,false)
(1.000000,1.000000,0,false)
(1.000000,1.000000,0,false)
(1.000000,1.000000,0,false)

(0,0,true)
(1,0,true)
(2,0,true)
(3,0,true)
(4,0,true)
(5,0,true)
(6,0,true)
(7,0,true)
(8,0,true)
(9,0,true)
(10,0,true)
(11,0,true)
(12,0,true)
(13,0,true)
(14,0,true)
(15,0,true)
(16,0,true)
(17,0,true)
(18,0,true)
(19,0,true)
(20,0,true)
(48,0,true)
(21,0,true)
(22,0,true)
(23,0,true)
(25,0,true)
(26,0,true)
(27,0,true)
(28,0,true)
(30,0,true)
(31,0,true)
(33,0,true)
(35,0,true)
(36,0,true)
(37,0,true)
(40,0,true)
(41,0,true)
(42,0,true)
(43,0,true)
(44,0,true)
(45,0,true)
(46,0,true)
(49,0,true)
(51,0,true)
(52,0,true)
(54,0,true)
(56,0,true)
(57,0,true)
(58,0,true)
(60,0,true)
(61,0,true)
(62,0,true)
(63,0,true)
(64,0,true)
(65,0,true)
(66,0,true)
(68,0,true)
(69,0,true)
(70,0,true)
(71,0,true)
(72,0,true)
(0,1,true)
(1,1,true)
(2,1,true)
(3,1,true)
(4,1,true)
(5,1,true)
(6,1,true)
(7,1,true)
(8,1,true)
(9,1,true)
(10,1,true)
(11,1,true)
(12,1,true)
(13,1,true)
(14,1,true)
(15,1,true)
(16,1,true)
(17,1,true)
(18,1,true)
(19,1,true)
(21,1,true)
(60,1,true)
(20,1,true)
(29,1,true)
(43,1,true)
(44,1,true)
(47,1,true)
(49,1,true)
(50,1,true)
(55,1,true)
(58,1,true)
(66,1,true)
(67,1,true)
(71,1,true)
(0,2,true)
(1,2,true)
(2,2,true)
(3,2,true)
(4,2,true)
(5,2,true)
(6,2,true)
(7,2,true)
(8,2,true)
(9,2,true)
(10,2,true)
(11,2,true)
(12,2,true)
(13,2,true)
(14,2,true)
(15,2,true)
(16,2,true)
(17,2,true)
(18,2,true)
(19,2,true)
(22,2,true)
(65,2,true)
(38,2,true)
(40,2,true)
(50,2,true)
(52,2,true)
(53,2,true)
(59,2,true)
(61,2,true)
(70,2,true)
(0,3,true)
(1,3,true)
(2,3,true)
(3,3,true)
(4,3,true)
(5,3,true)
(6,3,true)
(7,3,true)
(8,3,true)
(9,3,true)
(10,3,true)
(11,3,true)
(12,3,true)
(13,3,true)
(14,3,true)
(15,3,true)
(16,3,true)
(17,3,true)
(18,3,true)
(19,3,true)
(23,3,true)
(39,3,true)
(47,3,true)
(56,3,true)
(67,3,true)
(72,3,true)
(0,4,true)
(1,4,true)
(2,4,true)
(3,4,true)
(4,4,true)
(5,4,true)
(6,4,true)
(7,4,true)
(8,4,true)
(9,4,true)
(10,4,true)
(11,4,true)
(12,4,true)
(13,4,true)
(14,4,true)
(15,4,true)
(16,4,true)
(17,4,true)
(18,4,true)
(19,4,true)
(24,4,true)
(32,4,true)
(51,4,true)
(0,5,true)
(1,5,true)
(2,5,true)
(3,5,true)
(4,5,true)
(5,5,true)
(6,5,true)
(7,5,true)
(8,5,true)
(9,5,true)
(10,5,true)
(11,5,true)
(12,5,true)
(13,5,true)
(14,5,true)
(15,5,true)
(16,5,true)
(17,5,true)
(18,5,true)
(19,5,true)
(25,5,true)
(48,5,true)
(59,5,true)
(0,6,true)
(1,6,true)
(2,6,true)
(3,6,true)
(4,6,true)
(5,6,true)
(6,6,true)
(7,6,true)
(8,6,true)
(9,6,true)
(10,6,true)
(11,6,true)
(12,6,true)
(13,6,true)
(14,6,true)
(15,6,true)
(16,6,true)
(17,6,true)
(18,6,true)
(19,6,true)
(26,6,true)
(62,6,true)
(53,6,true)
(0,7,true)
(1,7,true)
(2,7,true)
(3,7,true)
(4,7,true)
(5,7,true)
(6,7,true)
(7,7,true)
(8,7,true)
(9,7,true)
(10,7,true)
(11,7,true)
(12,7,true)
(13,7,true)
(14,7,true)
(15,7,true)
(16,7,true)
(17,7,true)
(18,7,true)
(19,7,true)
(27,7,true)
(41,7,true)
(0,8,true)
(1,8,true)
(2,8,true)
(3,8,true)
(4,8,true)
(5,8,true)
(6,8,true)
(7,8,true)
(8,8,true)
(9,8,true)
(10,8,true)
(11,8,true)
(12,8,true)
(13,8,true)
(14,8,true)
(15,8,true)
(16,8,true)
(17,8,true)
(18,8,true)
(19,8,true)
(28,8,true)
(57,8,true)
(0,9,true)
(1,9,true)
(2,9,true)
(3,9,true)
(4,9,true)
(5,9,true)
(6,9,true)
(7,9,true)
(8,9,true)
(9,9,true)
(10,9,true)
(11,9,true)
(12,9,true)
(13,9,true)
(14,9,true)
(15,9,true)
(16,9,true)
(17,9,true)
(18,9,true)
(19,9,true)
(29,9,true)
(69,9,true)
(0,10,true)
(1,10,true)
(2,10,true)
(3,10,true)
(4,10,true)
(5,10,true)
(6,10,true)
(7,10,true)
(8,10,true)
(9,10,true)
(10,10,true)
(11,10,true)
(12,10,true)
(13,10,true)
(14,10,true)
(15,10,true)
(16,10,true)
(17,10,true)
(18,10,true)
(19,10,true)
(30,10,true)
(42,10,true)
(31,11,true)
(54,11,true)
(32,12,true)
(55,12,true)
(33,13,true)
(46,13,true)
(34,14,true)
(64,14,true)
(35,15,true)
(45,15,true)
(36,16,true)
(68,16,true)
(37,17,true)
(34,17,true)
(38,18,true)
(63,18,true)
(39,19,true)
(24,19,true)

0,-1,-1,-1,-1,-1,-1,-1,1,1,1,-1,-1,1,1,-1,-1,-1,-1,-1,-1,-1,-1,-1,-1,1,1,-1,-1,-1,1,-1,-1,-1,-1,-1,-1,-1,-1,-1,-1,-1,-1,-1,-1,-1,-1,-1,-1,-1,1,-1,-1,-1,-1,-1,-1,-1,1,-1,-1,1,-1,-1,1,-1,-1,-1,-1,-1,-1,-1,1,
-1,0,-1,-1,-1,-1,-1,-1,-1,-1,-1,-1,-1,-1,1,-1,1,-1,-1,1,-1,-1,-1,-1,-1,-1,-1,-1,-1,-1,-1,-1,-1,-1,-1,1,-1,1,-1,-1,-1,-1,-1,1,-1,1,-1,1,-1,-1,-1,-1,-1,-1,-1,-1,1,-1,1,-1,-1,-1,-1,-1,-1,1,-1,-1,-1,-1,-1,-1,1,
-1,-1,0,-1,-1,-1,-1,-1,1,-1,-1,-1,1,-1,-1,-1,-1,-1,-1,-1,-1,-1,-1,1,-1,1,-1,-1,-1,-1,-1,-1,-1,1,-1,1,-1,-1,-1,-1,-1,-1,-1,-1,1,-1,-1,-1,-1,-1,-1,-1,-1,-1,-1,-1,-1,-1,-1,-1,-1,-1,-1,1,1,-1,-1,-1,-1,1,1,-1,-1,
-1,-1,-1,0,1,1,-1,-1,-1,1,-1,-1,-1,-1,-1,-1,-1,-1,-1,-1,-1,-1,-1,-1,-1,1,-1,1,1,-1,-1,-1,-1,-1,-1,1,-1,-1,-1,-1,-1,-1,-1,-1,1,-1,-1,-1,-1,1,-1,-1,-1,-1,-1,-1,-1,-1,-1,1,-1,-1,-1,-1,-1,-1,-1,-1,-1,-1,1,1,-1,
-1,-1,-1,1,0,-1,-1,-1,1,1,-1,-1,-1,-1,-1,-1,-1,-1,-1,-1,-1,1,-1,-1,-1,-1,-1,-1,-1,-1,-1,-1,-1,1,-1,-1,-1,-1,-1,-1,-1,-1,1,1,-1,-1,-1,-1,1,-1,-1,-1,-1,-1,1,-1,-1,-1,-1,-1,-1,-1,-1,-1,1,-1,-1,1,-1,-1,-1,-1,-1,
-1,-1,-1,1,-1,0,-1,-1,1,-1,-1,-1,-1,1,1,-1,-1,-1,-1,-1,1,1,-1,-1,-1,1,-1,-1,-1,-1,-1,-1,-1,-1,-1,-1,-1,-1,-1,-1,-1,-1,-1,-1,-1,-1,-1,-1,-1,-1,-1,-1,-1,-1,-1,1,1,1,-1,1,-1,-1,-1,-1,-1,-1,-1,1,1,-1,-1,-1,-1,
-1,-1,-1,-1,-1,-1,0,-1,1,-1,-1,1,-1,-1,-1,1,1,1,-1,-1,1,-1,1,-1,-1,-1,-1,1,-1,-1,-1,1,-1,-1,-1,-1,-1,-1,-1,-1,-1,-1,-1,-1,-1,-1,-1,-1,1,-1,-1,1,-1,-1,-1,-1,-1,-1,-1,-1,-1,-1,-1,1,1,-1,-1,-1,-1,-1,-1,-1,-1,
-1,-1,-1,-1,-1,-1,-1,0,-1,-1,1,-1,-1,-1,-1,-1,-1,1,1,-1,-1,-1,-1,-1,-1,-1,-1,-1,-1,-1,-1,-1,-1,-1,-1,-1,1,-1,-1,-1,-1,-1,-1,-1,-1,1,-1,-1,-1,-1,1,-1,1,-1,-1,-1,-1,-1,-1,-1,-1,-1,-1,-1,-1,-1,1,-1,-1,-1,-1,1,1,
1,-1,1,-1,1,1,1,-1,0,-1,-1,-1,-1,1,-1,-1,1,-1,1,-1,-1,-1,1,-1,1,-1,-1,-1,-1,-1,-1,-1,-1,-1,-1,-1,-1,-1,-1,-1,-1,1,-1,1,-1,-1,-1,-1,-1,-1,-1,-1,-1,-1,-1,1,-1,-1,-1,-1,-1,-1,-1,1,-1,-1,-1,-1,-1,-1,-1,-1,-1,
1,-1,-1,1,1,-1,-1,-1,-1,0,-1,-1,-1,-1,-1,1,-1,-1,-1,-1,1,-1,-1,-1,-1,-1,-1,-1,-1,-1,-1,-1,-1,-1,-1,1,1,-1,1,-1,-1,-1,-1,-1,-1,1,-1,-1,-1,-1,-1,-1,-1,-1,-1,-1,-1,-1,-1,-1,-1,-1,-1,1,-1,-1,-1,-1,1,-1,-1,-1,1,
1,-1,-1,-1,-1,-1,-1,1,-1,-1,0,-1,-1,-1,-1,1,-1,1,-1,-1,-1,-1,-1,-1,-1,-1,-1,-1,-1,-1,1,-1,-1,-1,1,-1,-1,-1,-1,1,-1,-1,-1,-1,-1,-1,-1,-1,-1,-1,-1,-1,-1,-1,-1,1,-1,-1,-1,-1,-1,-1,-1,-1,1,-1,-1,-1,-1,1,-1,-1,-1,
-1,-1,-1,-1,-1,-1,1,-1,-1,-1,-1,0,-1,-1,-1,1,-1,1,-1,-1,-1,1,-1,-1,-1,-1,-1,1,-1,-1,-1,-1,-1,-1,-1,-1,1,1,-1,1,-1,-1,-1,-1,-1,-1,1,-1,-1,-1,1,-1,-1,-1,-1,-1,-1,-1,-1,-1,-1,-1,-1,-1,-1,-1,-1,-1,-1,1,-1,-1,-1,
-1,-1,1,-1,-1,-1,-1,-1,-1,-1,-1,-1,0,-1,-1,-1,1,-1,1,-1,-1,1,-1,1,1,-1,-1,-1,-1,-1,-1,-1,-1,-1,-1,-1,-1,-1,-1,-1,-1,-1,1,-1,-1,-1,-1,-1,1,-1,-1,-1,-1,-1,-1,1,-1,-1,-1,-1,-1,-1,-1,1,-1,-1,-1,-1,-1,-1,-1,1,1,
1,-1,-1,-1,-1,1,-1,-1,1,-1,-1,-1,-1,0,-1,-1,-1,-1,-1,-1,-1,-1,1,1,-1,-1,-1,-1,-1,-1,-1,-1,-1,-1,-1,-1,-1,1,-1,-1,-1,-1,-1,-1,-1,-1,-1,-1,-1,1,-1,-1,-1,-1,1,1,-1,-1,-1,-1,-1,-1,-1,-1,-1,-1,-1,-1,1,-1,-1,-1,-1,
1,1,-1,-1,-1,1,-1,-1,-1,-1,-1,-1,-1,-1,0,-1,1,-1,-1,-1,-1,-1,-1,-1,-1,-1,-1,-1,1,-1,-1,-1,-1,-1,-1,-1,1,-1,-1,-1,-1,-1,-1,-1,1,-1,-1,-1,-1,-1,-1,-1,-1,-1,-1,-1,1,-1,1,-1,-1,-1,-1,-1,1,-1,-1,-1,-1,-1,-1,-1,-1,
-1,-1,-1,-1,-1,-1,1,-1,-1,1,1,1,-1,-1,-1,0,-1,-1,-1,-1,-1,1,1,-1,-1,-1,-1,-1,-1,-1,1,-1,-1,-1,-1,1,-1,-1,-1,-1,-1,-1,-1,-1,-1,-1,-1,-1,-1,1,1,1,-1,-1,-1,-1,-1,-1,-1,-1,-1,-1,-1,-1,-1,-1,-1,-1,1,-1,-1,-1,-1,
-1,1,-1,-1,-1,-1,1,-1,1,-1,-1,-1,1,-1,1,-1,0,-1,-1,-1,-1,-1,-1,-1,1,-1,-1,-1,-1,1,-1,-1,-1,-1,-1,-1,-1,-1,-1,-1,-1,-1,-1,-1,-1,-1,-1,-1,-1,-1,-1,-1,-1,-1,-1,1,-1,-1,-1,-1,1,-1,-1,-1,-1,-1,-1,-1,-1,-1,-1,1,-1,
-1,-1,-1,-1,-1,-1,1,1,-1,-1,1,1,-1,-1,-1,-1,-1,0,1,-1,-1,-1,1,-1,-1,1,-1,1,-1,-1,-1,-1,-1,-1,-1,-1,-1,-1,-1,-1,-1,-1,-1,-1,-1,-1,-1,-1,1,-1,-1,-1,-1,-1,-1,-1,-1,-1,-1,-1,-1,-1,-1,-1,-1,-1,-1,-1,-1,-1,-1,-1,1,
-1,-1,-1,-1,-1,-1,-1,1,1,-1,-1,-1,1,-1,-1,-1,-1,1,0,-1,-1,-1,-1,1,-1,-1,1,-1,-1,-1,-1,-1,1,-1,1,-1,1,-1,-1,-1,-1,-1,-1,-1,-1,-1,-1,-1,1,-1,-1,-1,-1,-1,-1,1,-1,-1,-1,-1,-1,-1,-1,-1,-1,-1,-1,-1,-1,-1,-1,-1,-1,
-1,1,-1,-1,-1,-1,-1,-1,-1,-1,-1,-1,-1,-1,-1,-1,-1,-1,-1,0,1,1,1,-1,-1,-1,-1,-1,-1,-1,1,-1,-1,-1,-1,-1,-1,-1,-1,-1,-1,-1,-1,-1,-1,-1,1,-1,1,1,1,-1,-1,-1,-1,1,-1,-1,-1,-1,-1,-1,-1,-1,1,-1,-1,-1,-1,-1,-1,-1,-1,
-1,-1,-1,-1,-1,1,1,-1,-1,1,-1,-1,-1,-1,-1,-1,-1,-1,-1,1,0,-1,-1,-1,-1,-1,-1,-1,-1,-1,-1,-1,-1,-1,-1,-1,-1,1,1,-1,-1,-1,-1,-1,-1,1,-1,-1,-1,-1,-1,-1,-1,-1,1,-1,-1,-1,-1,-1,-1,-1,-1,-1,-1,1,-1,-1,-1,1,-1,-1,-1,
-1,-1,-1,-1,1,1,-1,-1,-1,-1,-1,1,1,-1,-1,1,-1,-1,-1,1,-1,0,-1,1,-1,-1,1,-1,-1,-1,-1,-1,-1,-1,-1,-1,-1,-1,-1,-1,1,-1,-1,-1,-1,-1,-1,-1,-1,-1,-1,-1,-1,-1,-1,-1,-1,-1,1,-1,-1,-1,-1,-1,-1,-1,-1,-1,-1,-1,-1,-1,-1,
-1,-1,-1,-1,-1,-1,1,-1,1,-1,-1,-1,-1,1,-1,1,-1,1,-1,1,-1,-1,0,-1,-1,-1,-1,-1,-1,1,-1,-1,-1,-1,-1,-1,-1,-1,-1,-1,-1,1,-1,-1,1,-1,-1,-1,-1,-1,-1,-1,-1,-1,-1,-1,-1,1,-1,-1,-1,-1,-1,-1,-1,-1,-1,-1,-1,-1,-1,-1,-1,
-1,-1,1,-1,-1,-1,-1,-1,-1,-1,-1,-1,1,1,-1,-1,-1,-1,1,-1,-1,1,-1,0,-1,-1,-1,-1,-1,-1,-1,-1,-1,-1,-1,-1,-1,-1,-1,-1,-1,-1,-1,-1,-1,-1,-1,-1,-1,-1,-1,-1,-1,-1,-1,-1,-1,-1,-1,-1,-1,-1,-1,-1,-1,-1,-1,-1,-1,-1,-1,-1,-1,
-1,-1,-1,-1,-1,-1,-1,-1,1,-1,-1,-1,1,-1,-1,-1,1,-1,-1,-1,-1,-1,-1,-1,0,-1,-1,-1,-1,-1,-1,-1,-1,-1,-1,-1,-1,-1,-1,-1,-1,-1,-1,-1,-1,-1,-1,-1,-1,-1,-1,-1,-1,-1,-1,-1,-1,-1,-1,-1,-1,-1,-1,-1,-1,-1,-1,-1,-1,-1,-1,-1,-1,
1,-1,1,1,-1,1,-1,-1,-1,-1,-1,-1,-1,-1,-1,-1,-1,1,-1,-1,-1,-1,-1,-1,-1,0,-1,-1,-1,-1,-1,-1,-1,-1,-1,-1,-1,-1,-1,-1,-1,-1,-1,-1,-1,-1,-1,-1,-1,-1,-1,-1,-1,-1,-1,-1,-1,-1,-1,-1,-1,-1,-1,-1,-1,-1,-1,-1,-1,-1,-1,-1,-1,
1,-1,-1,-1,-1,-1,-1,-1,-1,-1,-1,-1,-1,-1,-1,-1,-1,-1,1,-1,-1,1,-1,-1,-1,-1,0,-1,-1,-1,-1,-1,-1,-1,-1,-1,-1,-1,-1,-1,-1,-1,-1,-1,-1,-1,-1,-1,-1,-1,-1,-1,-1,-1,-1,-1,-1,-1,-1,-1,-1,-1,-1,-1,-1,-1,-1,-1,-1,-1,-1,-1,-1,
-1,-1,-1,1,-1,-1,1,-1,-1,-1,-1,1,-1,-1,-1,-1,-1,1,-1,-1,-1,-1,-1,-1,-1,-1,-1,0,-1,-1,-1,-1,-1,-1,-1,-1,-1,-1,-1,-1,-1,-1,-1,-1,-1,-1,-1,-1,-1,-1,-1,-1,-1,-1,-1,-1,-1,-1,-1,-1,-1,-1,-1,-1,-1,-1,-1,-1,-1,-1,-1,-1,-1,
-1,-1,-1,1,-1,-1,-1,-1,-1,-1,-1,-1,-1,-1,1,-1,-1,-1,-1,-1,-1,-1,-1,-1,-1,-1,-1,-1,0,-1,-1,-1,-1,-1,-1,-1,-1,-1,-1,-1,-1,-1,-1,-1,-1,-1,-1,-1,-1,-1,-1,-1,-1,-1,-1,-1,-1,-1,-1,-1,-1,-1,-1,-1,-1,-1,-1,-1,-1,-1,-1,-1,-1,
-1,-1,-1,-1,-1,-1,-1,-1,-1,-1,-1,-1,-1,-1,-1,-1,1,-1,-1,-1,-1,-1,1,-1,-1,-1,-1,-1,-1,0,-1,-1,-1,-1,-1,-1,-1,-1,-1,-1,-1,-1,-1,-1,-1,-1,-1,-1,-1,-1,-1,-1,-1,-1,-1,-1,-1,-1,-1,-1,-1,-1,1,-1,-1,-1,-1,-1,-1,-1,-1,-1,-1,
1,-1,-1,-1,-1,-1,-1,-1,-1,-1,1,-1,-1,-1,-1,1,-1,-1,-1,1,-1,-1,-1,-1,-1,-1,-1,-1,-1,-1,0,-1,-1,-1,-1,-1,-1,-1,-1,-1,-1,-1,-1,-1,-1,-1,-1,-1,-1,-1,-1,-1,-1,-1,-1,-1,-1,-1,-1,-1,-1,-1,-1,-1,-1,-1,-1,-1,-1,-1,-1,-1,-1,
-1,-1,-1,-1,-1,-1,1,-1,-1,-1,-1,-1,-1,-1,-1,-1,-1,-1,-1,-1,-1,-1,-1,-1,-1,-1,-1,-1,-1,-1,-1,0,-1,-1,-1,-1,-1,-1,-1,-1,-1,-1,-1,-1,-1,-1,-1,-1,-1,1,-1,-1,-1,-1,-1,-1,-1,-1,-1,-1,-1,-1,-1,-1,-1,-1,-1,-1,-1,-1,-1,-1,-1,
-1,-1,-1,-1,-1,-1,-1,-1,-1,-1,-1,-1,-1,-1,-1,-1,-1,-1,1,-1,-1,-1,-1,-1,-1,-1,-1,-1,-1,-1,-1,-1,0,-1,-1,1,-1,-1,-1,-1,-1,-1,-1,-1,-1,-1,-1,-1,-1,-1,-1,-1,-1,-1,-1,-1,-1,-1,-1,-1,-1,-1,-1,-1,-1,-1,-1,-1,-1,-1,-1,-1,-1,
-1,-1,1,-1,1,-1,-1,-1,-1,-1,-1,-1,-1,-1,-1,-1,-1,-1,-1,-1,-1,-1,-1,-1,-1,-1,-1,-1,-1,-1,-1,-1,-1,0,-1,-1,-1,-1,-1,-1,-1,-1,-1,-1,-1,-1,-1,-1,-1,-1,-1,-1,-1,-1,-1,-1,-1,-1,-1,-1,-1,-1,-1,-1,-1,-1,-1,-1,-1,-1,-1,-1,-1,
-1,-1,-1,-1,-1,-1,-1,-1,-1,-1,1,-1,-1,-1,-1,-1,-1,-1,1,-1,-1,-1,-1,-1,-1,-1,-1,-1,-1,-1,-1,-1,-1,-1,0,-1,-1,-1,-1,-1,-1,-1,-1,-1,-1,-1,-1,1,-1,-1,-1,-1,-1,-1,-1,-1,-1,-1,-1,-1,-1,-1,-1,-1,-1,-1,-1,-1,-1,-1,-1,-1,-1,
-1,1,1,1,-1,-1,-1,-1,-1,1,-1,-1,-1,-1,-1,1,-1,-1,-1,-1,-1,-1,-1,-1,-1,-1,-1,-1,-1,-1,-1,-1,1,-1,-1,0,-1,-1,-1,-1,-1,-1,-1,-1,-1,-1,-1,-1,-1,-1,-1,-1,-1,-1,-1,-1,-1,-1,-1,-1,-1,1,-1,-1,-1,-1,-1,-1,-1,-1,-1,-1,-1,
-1,-1,-1,-1,-1,-1,-1,1,-1,1,-1,1,-1,-1,1,-1,-1,-1,1,-1,-1,-1,-1,-1,-1,-1,-1,-1,-1,-1,-1,-1,-1,-1,-1,-1,0,-1,-1,-1,-1,-1,-1,-1,-1,-1,-1,-1,-1,-1,-1,-1,-1,-1,-1,-1,-1,-1,-1,-1,-1,-1,-1,-1,-1,-1,-1,-1,-1,-1,-1,-1,-1,
-1,1,-1,-1,-1,-1,-1,-1,-1,-1,-1,1,-1,1,-1,-1,-1,-1,-1,-1,1,-1,-1,-1,-1,-1,-1,-1,-1,-1,-1,-1,-1,-1,-1,-1,-1,0,-1,-1,-1,-1,-1,-1,-1,-1,-1,-1,-1,-1,-1,-1,-1,-1,-1,-1,-1,-1,-1,-1,-1,-1,-1,-1,-1,-1,-1,-1,-1,-1,-1,-1,-1,
-1,-1,-1,-1,-1,-1,-1,-1,-1,1,-1,-1,-1,-1,-1,-1,-1,-1,-1,-1,1,-1,-1,-1,-1,-1,-1,-1,-1,-1,-1,-1,-1,-1,-1,-1,-1,-1,0,-1,-1,-1,-1,-1,-1,-1,-1,-1,-1,-1,-1,-1,-1,-1,-1,-1,-1,-1,-1,-1,-1,-1,-1,-1,-1,-1,-1,-1,-1,-1,-1,-1,-1,
-1,-1,-1,-1,-1,-1,-1,-1,-1,-1,1,1,-1,-1,-1,-1,-1,-1,-1,-1,-1,-1,-1,-1,-1,-1,-1,-1,-1,-1,-1,-1,-1,-1,-1,-1,-1,-1,-1,0,-1,-1,-1,-1,-1,-1,-1,-1,-1,-1,-1,-1,-1,-1,-1,-1,-1,-1,-1,-1,-1,-1,-1,-1,-1,-1,-1,-1,-1,-1,-1,-1,-1,
-1,-1,-1,-1,-1,-1,-1,-1,-1,-1,-1,-1,-1,-1,-1,-1,-1,-1,-1,-1,-1,1,-1,-1,-1,-1,-1,-1,-1,-1,-1,-1,-1,-1,-1,-1,-1,-1,-1,-1,0,-1,-1,-1,-1,-1,-1,-1,-1,-1,-1,-1,-1,-1,-1,-1,-1,-1,-1,-1,-1,-1,-1,-1,-1,-1,-1,-1,-1,-1,1,-1,-1,
-1,-1,-1,-1,-1,-1,-1,-1,1,-1,-1,-1,-1,-1,-1,-1,-1,-1,-1,-1,-1,-1,1,-1,-1,-1,-1,-1,-1,-1,-1,-1,-1,-1,-1,-1,-1,-1,-1,-1,-1,0,-1,-1,-1,-1,-1,-1,-1,-1,-1,-1,-1,-1,-1,-1,-1,-1,-1,-1,-1,-1,-1,-1,-1,-1,-1,-1,-1,-1,-1,-1,-1,
-1,-1,-1,-1,1,-1,-1,-1,-1,-1,-1,-1,1,-1,-1,-1,-1,-1,-1,-1,-1,-1,-1,-1,-1,-1,-1,-1,-1,-1,-1,-1,-1,-1,-1,-1,-1,-1,-1,-1,-1,-1,0,-1,-1,-1,-1,-1,-1,-1,-1,-1,-1,-1,-1,-1,-1,-1,-1,-1,-1,-1,1,-1,-1,-1,-1,-1,-1,-1,-1,-1,-1,
-1,1,-1,-1,1,-1,-1,-1,1,-1,-1,-1,-1,-1,-1,-1,-1,-1,-1,-1,-1,-1,-1,-1,-1,-1,-1,-1,-1,-1,-1,-1,-1,-1,-1,-1,-1,-1,-1,-1,-1,-1,-1,0,-1,-1,-1,-1,-1,-1,-1,-1,-1,-1,-1,-1,-1,-1,-1,-1,-1,-1,-1,-1,-1,-1,-1,-1,-1,-1,-1,-1,-1,
-1,-1,1,1,-1,-1,-1,-1,-1,-1,-1,-1,-1,-1,1,-1,-1,-1,-1,-1,-1,-1,1,-1,-1,-1,-1,-1,-1,-1,-1,-1,-1,-1,-1,-1,-1,-1,-1,-1,-1,-1,-1,-1,0,-1,-1,-1,-1,-1,-1,-1,-1,-1,-1,-1,-1,-1,-1,-1,-1,-1,-1,-1,-1,-1,-1,-1,-1,-1,-1,-1,-1,
-1,1,-1,-1,-1,-1,-1,1,-1,1,-1,-1,-1,-1,-1,-1,-1,-1,-1,-1,1,-1,-1,-1,-1,-1,-1,-1,-1,-1,-1,-1,-1,-1,-1,-1,-1,-1,-1,-1,-1,-1,-1,-1,-1,0,-1,-1,-1,-1,-1,-1,-1,-1,-1,-1,-1,-1,-1,-1,-1,-1,-1,-1,-1,-1,-1,-1,-1,-1,-1,-1,-1,
-1,-1,-1,-1,-1,-1,-1,-1,-1,-1,-1,1,-1,-1,-1,-1,-1,-1,-1,1,-1,-1,-1,-1,-1,-1,-1,-1,-1,-1,-1,-1,-1,-1,-1,-1,-1,-1,-1,-1,-1,-1,-1,-1,-1,-1,0,-1,-1,-1,-1,-1,-1,-1,-1,-1,-1,-1,-1,-1,-1,-1,-1,-1,-1,-1,-1,-1,-1,-1,-1,-1,-1,
-1,1,-1,-1,-1,-1,-1,-1,-1,-1,-1,-1,-1,-1,-1,-1,-1,-1,-1,-1,-1,-1,-1,-1,-1,-1,-1,-1,-1,-1,-1,-1,-1,-1,1,-1,-1,-1,-1,-1,-1,-1,-1,-1,-1,-1,-1,0,-1,-1,-1,-1,-1,-1,-1,-1,-1,-1,-1,-1,-1,-1,-1,-1,-1,-1,-1,-1,-1,-1,-1,-1,-1,
-1,-1,-1,-1,1,-1,1,-1,-1,-1,-1,-1,1,-1,-1,-1,-1,1,1,1,-1,-1,-1,-1,-1,-1,-1,-1,-1,-1,-1,-1,-1,-1,-1,-1,-1,-1,-1,-1,-1,-1,-1,-1,-1,-1,-1,-1,0,-1,-1,-1,-1,-1,-1,-1,-1,-1,-1,-1,-1,-1,-1,-1,-1,-1,-1,-1,-1,-1,-1,-1,-1,
-1,-1,-1,1,-1,-1,-1,-1,-1,-1,-1,-1,-1,1,-1,1,-1,-1,-1,1,-1,-1,-1,-1,-1,-1,-1,-1,-1,-1,-1,1,-1,-1,-1,-1,-1,-1,-1,-1,-1,-1,-1,-1,-1,-1,-1,-1,-1,0,-1,-1,-1,-1,-1,-1,-1,-1,-1,-1,-1,-1,-1,-1,-1,-1,-1,-1,-1,-1,-1,-1,-1,
1,-1,-1,-1,-1,-1,-1,1,-1,-1,-1,1,-1,-1,-1,1,-1,-1,-1,1,-1,-1,-1,-1,-1,-1,-1,-1,-1,-1,-1,-1,-1,-1,-1,-1,-1,-1,-1,-1,-1,-1,-1,-1,-1,-1,-1,-1,-1,-1,0,-1,-1,-1,-1,-1,-1,-1,-1,-1,-1,-1,-1,-1,-1,-1,-1,-1,-1,-1,-1,-1,-1,
-1,-1,-1,-1,-1,-1,1,-1,-1,-1,-1,-1,-1,-1,-1,1,-1,-1,-1,-1,-1,-1,-1,-1,-1,-1,-1,-1,-1,-1,-1,-1,-1,-1,-1,-1,-1,-1,-1,-1,-1,-1,-1,-1,-1,-1,-1,-1,-1,-1,-1,0,-1,-1,-1,-1,-1,-1,-1,-1,-1,-1,-1,-1,-1,-1,-1,-1,-1,-1,-1,-1,-1,
-1,-1,-1,-1,-1,-1,-1,1,-1,-1,-1,-1,-1,-1,-1,-1,-1,-1,-1,-1,-1,-1,-1,-1,-1,-1,-1,-1,-1,-1,-1,-1,-1,-1,-1,-1,-1,-1,-1,-1,-1,-1,-1,-1,-1,-1,-1,-1,-1,-1,-1,-1,0,-1,1,-1,-1,-1,-1,-1,-1,-1,-1,-1,-1,-1,-1,-1,-1,-1,-1,-1,-1,
-1,-1,-1,-1,-1,-1,-1,-1,-1,-1,-1,-1,-1,-1,-1,-1,-1,-1,-1,-1,-1,-1,-1,-1,-1,-1,-1,-1,-1,-1,-1,-1,-1,-1,-1,-1,-1,-1,-1,-1,-1,-1,-1,-1,-1,-1,-1,-1,-1,-1,-1,-1,-1,0,-1,1,-1,-1,-1,-1,-1,-1,-1,-1,-1,-1,-1,-1,-1,1,-1,-1,-1,
-1,-1,-1,-1,1,-1,-1,-1,-1,-1,-1,-1,-1,1,-1,-1,-1,-1,-1,-1,1,-1,-1,-1,-1,-1,-1,-1,-1,-1,-1,-1,-1,-1,-1,-1,-1,-1,-1,-1,-1,-1,-1,-1,-1,-1,-1,-1,-1,-1,-1,-1,1,-1,0,-1,-1,-1,-1,-1,-1,-1,-1,-1,-1,-1,-1,-1,-1,-1,-1,-1,-1,
-1,-1,-1,-1,-1,1,-1,-1,1,-1,1,-1,1,1,-1,-1,1,-1,1,1,-1,-1,-1,-1,-1,-1,-1,-1,-1,-1,-1,-1,-1,-1,-1,-1,-1,-1,-1,-1,-1,-1,-1,-1,-1,-1,-1,-1,-1,-1,-1,-1,-1,1,-1,0,-1,-1,-1,-1,-1,-1,-1,-1,-1,-1,-1,-1,-1,-1,-1,-1,-1,
-1,1,-1,-1,-1,1,-1,-1,-1,-1,-1,-1,-1,-1,1,-1,-1,-1,-1,-1,-1,-1,-1,-1,-1,-1,-1,-1,-1,-1,-1,-1,-1,-1,-1,-1,-1,-1,-1,-1,-1,-1,-1,-1,-1,-1,-1,-1,-1,-1,-1,-1,-1,-1,-1,-1,0,-1,-1,-1,-1,-1,-1,-1,-1,-1,-1,-1,-1,-1,-1,-1,-1,
-1,-1,-1,-1,-1,1,-1,-1,-1,-1,-1,-1,-1,-1,-1,-1,-1,-1,-1,-1,-1,-1,1,-1,-1,-1,-1,-1,-1,-1,-1,-1,-1,-1,-1,-1,-1,-1,-1,-1,-1,-1,-1,-1,-1,-1,-1,-1,-1,-1,-1,-1,-1,-1,-1,-1,-1,0,-1,-1,-1,-1,-1,-1,-1,-1,-1,-1,-1,-1,-1,-1,-1,
1,1,-1,-1,-1,-1,-1,-1,-1,-1,-1,-1,-1,-1,1,-1,-1,-1,-1,-1,-1,1,-1,-1,-1,-1,-1,-1,-1,-1,-1,-1,-1,-1,-1,-1,-1,-1,-1,-1,-1,-1,-1,-1,-1,-1,-1,-1,-1,-1,-1,-1,-1,-1,-1,-1,-1,-1,0,-1,-1,-1,-1,-1,-1,-1,-1,-1,-1,-1,-1,-1,-1,
-1,-1,-1,1,-1,1,-1,-1,-1,-1,-1,-1,-1,-1,-1,-1,-1,-1,-1,-1,-1,-1,-1,-1,-1,-1,-1,-1,-1,-1,-1,-1,-1,-1,-1,-1,-1,-1,-1,-1,-1,-1,-1,-1,-1,-1,-1,-1,-1,-1,-1,-1,-1,-1,-1,-1,-1,-1,-1,0,-1,-1,-1,-1,-1,-1,-1,-1,-1,-1,-1,-1,-1,
-1,-1,-1,-1,-1,-1,-1,-1,-1,-1,-1,-1,-1,-1,-1,-1,1,-1,-1,-1,-1,-1,-1,-1,-1,-1,-1,-1,-1,-1,-1,-1,-1,-1,-1,-1,-1,-1,-1,-1,-1,-1,-1,-1,-1,-1,-1,-1,-1,-1,-1,-1,-1,-1,-1,-1,-1,-1,-1,-1,0,-1,-1,-1,-1,-1,-1,-1,-1,-1,-1,-1,1,
1,-1,-1,-1,-1,-1,-1,-1,-1,-1,-1,-1,-1,-1,-1,-1,-1,-1,-1,-1,-1,-1,-1,-1,-1,-1,-1,-1,-1,-1,-1,-1,-1,-1,-1,1,-1,-1,-1,-1,-1,-1,-1,-1,-1,-1,-1,-1,-1,-1,-1,-1,-1,-1,-1,-1,-1,-1,-1,-1,-1,0,-1,-1,-1,-1,-1,-1,-1,-1,-1,-1,-1,
-1,-1,-1,-1,-1,-1,-1,-1,-1,-1,-1,-1,-1,-1,-1,-1,-1,-1,-1,-1,-1,-1,-1,-1,-1,-1,-1,-1,-1,1,-1,-1,-1,-1,-1,-1,-1,-1,-1,-1,-1,-1,1,-1,-1,-1,-1,-1,-1,-1,-1,-1,-1,-1,-1,-1,-1,-1,-1,-1,-1,-1,0,-1,-1,-1,-1,-1,-1,-1,-1,-1,-1,
-1,-1,1,-1,-1,-1,1,-1,1,1,-1,-1,1,-1,-1,-1,-1,-1,-1,-1,-1,-1,-1,-1,-1,-1,-1,-1,-1,-1,-1,-1,-1,-1,-1,-1,-1,-1,-1,-1,-1,-1,-1,-1,-1,-1,-1,-1,-1,-1,-1,-1,-1,-1,-1,-1,-1,-1,-1,-1,-1,-1,-1,0,-1,-1,-1,-1,-1,-1,-1,-1,-1,
1,-1,1,-1,1,-1,1,-1,-1,-1,1,-1,-1,-1,1,-1,-1,-1,-1,1,-1,-1,-1,-1,-1,-1,-1,-1,-1,-1,-1,-1,-1,-1,-1,-1,-1,-1,-1,-1,-1,-1,-1,-1,-1,-1,-1,-1,-1,-1,-1,-1,-1,-1,-1,-1,-1,-1,-1,-1,-1,-1,-1,-1,0,-1,-1,-1,-1,-1,-1,-1,-1,
-1,1,-1,-1,-1,-1,-1,-1,-1,-1,-1,-1,-1,-1,-1,-1,-1,-1,-1,-1,1,-1,-1,-1,-1,-1,-1,-1,-1,-1,-1,-1,-1,-1,-1,-1,-1,-1,-1,-1,-1,-1,-1,-1,-1,-1,-1,-1,-1,-1,-1,-1,-1,-1,-1,-1,-1,-1,-1,-1,-1,-1,-1,-1,-1,0,-1,-1,-1,-1,-1,-1,-1,
-1,-1,-1,-1,-1,-1,-1,1,-1,-1,-1,-1,-1,-1,-1,-1,-1,-1,-1,-1,-1,-1,-1,-1,-1,-1,-1,-1,-1,-1,-1,-1,-1,-1,-1,-1,-1,-1,-1,-1,-1,-1,-1,-1,-1,-1,-1,-1,-1,-1,-1,-1,-1,-1,-1,-1,-1,-1,-1,-1,-1,-1,-1,-1,-1,-1,0,-1,-1,-1,1,-1,-1,
-1,-1,-1,-1,1,1,-1,-1,-1,-1,-1,-1,-1,-1,-1,-1,-1,-1,-1,-1,-1,-1,-1,-1,-1,-1,-1,-1,-1,-1,-1,-1,-1,-1,-1,-1,-1,-1,-1,-1,-1,-1,-1,-1,-1,-1,-1,-1,-1,-1,-1,-1,-1,-1,-1,-1,-1,-1,-1,-1,-1,-1,-1,-1,-1,-1,-1,0,-1,-1,-1,-1,-1,
-1,-1,-1,-1,-1,1,-1,-1,-1,1,-1,-1,-1,1,-1,1,-1,-1,-1,-1,-1,-1,-1,-1,-1,-1,-1,-1,-1,-1,-1,-1,-1,-1,-1,-1,-1,-1,-1,-1,-1,-1,-1,-1,-1,-1,-1,-1,-1,-1,-1,-1,-1,-1,-1,-1,-1,-1,-1,-1,-1,-1,-1,-1,-1,-1,-1,-1,0,-1,-1,-1,-1,
-1,-1,1,-1,-1,-1,-1,-1,-1,-1,1,1,-1,-1,-1,-1,-1,-1,-1,-1,1,-1,-1,-1,-1,-1,-1,-1,-1,-1,-1,-1,-1,-1,-1,-1,-1,-1,-1,-1,-1,-1,-1,-1,-1,-1,-1,-1,-1,-1,-1,-1,-1,1,-1,-1,-1,-1,-1,-1,-1,-1,-1,-1,-1,-1,-1,-1,-1,0,-1,-1,-1,
-1,-1,1,1,-1,-1,-1,-1,-1,-1,-1,-1,-1,-1,-1,-1,-1,-1,-1,-1,-1,-1,-1,-1,-1,-1,-1,-1,-1,-1,-1,-1,-1,-1,-1,-1,-1,-1,-1,-1,1,-1,-1,-1,-1,-1,-1,-1,-1,-1,-1,-1,-1,-1,-1,-1,-1,-1,-1,-1,-1,-1,-1,-1,-1,-1,1,-1,-1,-1,0,-1,-1,
-1,-1,-1,1,-1,-1,-1,1,-1,-1,-1,-1,1,-1,-1,-1,1,-1,-1,-1,-1,-1,-1,-1,-1,-1,-1,-1,-1,-1,-1,-1,-1,-1,-1,-1,-1,-1,-1,-1,-1,-1,-1,-1,-1,-1,-1,-1,-1,-1,-1,-1,-1,-1,-1,-1,-1,-1,-1,-1,-1,-1,-1,-1,-1,-1,-1,-1,-1,-1,-1,0,-1,
1,1,-1,-1,-1,-1,-1,1,-1,1,-1,-1,1,-1,-1,-1,-1,1,-1,-1,-1,-1,-1,-1,-1,-1,-1,-1,-1,-1,-1,-1,-1,-1,-1,-1,-1,-1,-1,-1,-1,-1,-1,-1,-1,-1,-1,-1,-1,-1,-1,-1,-1,-1,-1,-1,-1,-1,-1,-1,1,-1,-1,-1,-1,-1,-1,-1,-1,-1,-1,-1,0,

(21,0)
(22,1)
(21,2)
(22,3)
(20,4)
(22,5)
(22,6)
(22,7)
(22,8)
(21,9)
(22,10)
(21,11)
(20,12)
(21,13)
(21,14)
(20,15)
(20,16)
(22,17)
(20,18)
(21,19)
(45,19)
(38,16)
(29,6)
(11,15)
(25,0)
(10,3)
(4,2)
(4,18)
(8,3)
(3,1)
(19,6)
(2,8)
(37,16)
(28,17)
(72,4)
(4,14)
(62,2)
(52,10)
(26,7)
(9,17)
(56,8)
(13,14)
(46,10)
(65,0)
(2,6)
(40,13)
(43,6)
(61,2)
(2,13)
(37,16)
(18,3)
(28,9)
(7,3)
(18,7)
(65,1)
(57,9)
(68,17)
(28,3)
(62,11)
(57,0)
(59,17)
(68,14)
(25,9)
(62,2)
(59,15)
(5,0)
(46,18)
(49,18)
(70,19)
(56,16)
(35,16)
(7,5)
(4,10)
(12,4)
(63,4)
(29,1)
(8,3)
(70,6)
(61,1)
(61,19)
(51,3)
(51,1)
(41,13)
(49,9)
(27,0)
(27,2)
(35,14)
(46,8)
(24,10)
(51,17)
(33,12)
(63,8)
(39,19)
(18,11)
(3,0)
(60,18)
(45,8)
(28,10)
(11,10)
(26,2)
(12,4)
(26,4)
(7,5)
(25,16)
(33,15)
(61,1)
(45,3)
(9,9)
(11,2)
(38,13)
(42,11)
(14,0)
(47,1)
(60,3)
(6,7)
(44,19)
(40,9)
(65,9)
(61,14)
(53,15)
(20,2)
(54,16)
(57,13)
(52,1)
(30,13)
(65,0)
(18,0)
(19,4)
(3,11)
(12,2)
(51,12)
(35,2)
(14,7)
(40,1)
(49,10)
(70,13)
(56,16)
(26,2)
(58,2)
(47,13)
(51,9)
(35,10)
(55,4)
(0,3)
(20,16)
(37,1)
(19,1)
(7,12)
(13,11)
(43,13)
(46,5)
(62,1)
(8,2)
(61,12)
(37,8)
(40,0)
(60,19)
(48,7)
(44,2)
(22,14)
(54,0)
(58,11)
(15,2)
(23,0)
(12,4)
(23,1)
(16,9)
(48,0)
(55,0)
(4,13)
(70,12)
(48,1)
(2,14)
(51,19)
(63,0)
(70,0)
(69,9)
(61,3)
(45,8)
(70,0)
(33,0)
(38,4)
(25,17)
(45,8)
(54,11)
(18,4)
(25,11)
(49,14)
(22,16)
(50,19)
(9,1)
(3,6)
(9,6)
(55,0)
(37,6)
(19,12)
(8,2)
(43,1)
(46,1)
(60,2)
(4,7)
(25,5)
(29,8)
(44,10)
(46,14)
(42,15)
(58,16)
(68,1)
(33,10)
(61,0)
(54,12)
(22,15)
(18,9)
(21,11)
(65,14)
(5,17)
(12,9)
(62,16)
(70,17)
(32,18)
(43,18)
(65,7)
(54,3)
(7,6)
(15,11)
(22,12)
(54,8)
(27,1)
(48,4)
(20,1)
(30,7)
(14,0)
(48,19)
(57,6)
(5,14)
(61,8)
(66,6)
(70,0)
(14,1)
(38,14)
(17,15)
(25,15)
(4,9)
(35,0)
(25,3)
(36,0)
(44,18)
(48,6)
(23,0)
(7,1)
(2,10)
(8,11)
(51,5)
(48,12)
(69,17)
(47,15)
(70,3)
(17,7)
(37,2)
(7,9)
(31,2)
(6,7)
(38,8)
(28,8)
(27,10)
(53,13)
(22,0)
(9,3)
(44,8)
(10,9)
(23,6)
(51,4)
(32,7)
(12,7)
(65,1)
(39,3)
(24,0)
(35,6)
(70,19)
(14,1)
(43,17)
(64,13)
(38,6)
(43,1)
(62,4)
(60,1)
(32,1)
(45,2)
(49,10)
(55,9)
(45,0)
(36,2)
(9,19)
(47,0)
(15,1)
(58,13)
(47,16)
(26,6)
(22,9)
(10,4)
(24,14)
(19,15)
(71,1)
(56,7)
(44,14)
(49,4)
(61,6)
(3,5)
(63,0)
(26,0)
(67,19)
(59,6)
(35,11)
(55,16)
(15,17)
(28,9)
(70,6)
(3,0)
(58,12)
(12,16)
(63,3)
(67,5)
(12,3)
(29,12)
(63,6)
(11,16)
(35,2)
(51,7)
(26,12)
(13,13)
(63,4)
(22,10)
(70,19)
(0,11)
(9,10)
(19,14)
(53,8)
(10,13)
(63,16)
(67,1)
(17,5)
(46,9)
(47,14)
(53,16)
(33,3)
(58,1)
(66,11)
(34,8)
(42,17)
(58,8)
(72,4)
(21,1)
(45,7)
(31,11)
(30,6)
(11,0)
(11,4)
(7,1)
(69,13)
(72,7)
(7,7)
(59,14)
(35,9)
(45,3)
(33,14)
(50,18)
(20,14)
(3,12)
(23,15)
(62,2)
(1,9)
(65,4)
(34,14)
(8,17)
(3,3)
(51,2)
(56,10)
(70,16)
(52,11)
(55,15)
(24,7)
(43,10)
(68,3)
(0,1)
(65,3)
(33,0)
(1,2)
(23,13)
(20,6)
(9,6)
(22,15)
(33,10)
(34,11)
(54,0)
(37,2)
(58,7)
(30,6)
(58,3)
(57,1)
(53,2)
(21,7)
(53,2)
(49,1)
(44,19)
(22,1)
(51,1)
(52,4)
(14,19)
(37,10)
(44,7)
(20,5)
(65,13)
(22,11)
(13,0)
(0,0)
(18,0)
(40,14)
(34,5)
(50,8)
(57,9)
(36,6)
(29,11)
(47,0)
(36,2)
(54,14)
(21,15)
(31,5)
(12,18)
(40,2)
(18,2)
(31,1)
(50,9)
(8,18)
(40,9)
(63,14)
(39,6)
(20,4)
(45,14)
(63,10)
(54,8)
(33,12)
(6,11)
(38,18)
(18,0)
(25,12)
(54,11)
(25,5)
(26,5)
(7,0)
(32,18)
(19,17)
(59,12)
(39,5)
(68,1)
(60,6)
(32,4)
(23,6)
(62,2)
(52,17)
(15,0)
(70,2)
(22,0)
(10,2)
(18,10)
(50,17)
(24,8)
(26,11)
(49,18)
(28,4)
(12,6)
(44,4)
(25,12)
(32,1)
(56,5)
(53,5)
(1,5)
(25,0)
(45,3)
(67,15)
(22,18)
(28,17)
(27,5)
(35,17)
(38,13)
(26,4)
(38,7)
(33,16)
(24,11)
(49,11)
(52,18)
(60,5)
(45,19)
(72,14)
(43,14)
(63,13)
(40,0)
(24,18)
(71,7)
(56,13)
(70,10)
(42,3)
(50,11)
(11,8)
(70,4)
(41,14)
(19,9)
(61,6)
(2,1)
(50,9)
(67,12)
(62,11)
(33,11)
(37,12)
(34,3)
(66,9)
(12,4)
(10,19)
(2,11)
(72,1)
(3,6)
(71,3)
(3,1)
(62,9)
(43,12)
(11,10)
(28,5)
(7,5)
(10,0)
(38,8)
(50,3)
(61,2)
(41,13)
(11,1)
(59,0)
(46,0)
(23,19)
(18,8)
(51,1)
(9,4)
(52,4)
(30,8)
(1,3)
(8,18)
(9,10)
(27,15)
(70,9)
(36,5)
(66,14)
(45,2)
(22,1)
(9,7)
(49,9)
(57,8)
(48,16)
(71,13)
(19,5)
(17,19)
(41,2)
(51,2)
(42,14)
(42,14)
(34,9)
(65,2)
(40,11)
(1,5)
(59,19)
(12,10)
(62,11)
(2,0)
(25,15)
(11,13)
(54,14)
(72,3)
(49,8)
(10,17)
(18,0)
(33,3)
(11,1)
(60,2)
(54,16)
(63,1)
(3,0)
(58,4)
(63,10)
(45,4)
(3,19)
(42,9)
(28,17)
(10,10)
(23,2)
(41,9)
(70,17)
(47,9)
(49,9)
(35,17)
(30,15)
(53,12)
(0,17)
(70,1)
(22,3)
(26,7)
(42,19)
(46,17)
(65,0)
(45,15)
(4,5)
(68,3)
(25,19)
(4,2)
(43,5)
(58,15)
(9,0)
(27,0)
(63,5)
(47,10)
(8,18)
(13,19)
(44,11)
(26,11)
(72,4)
(1,14)
(39,9)
(30,11)
(63,11)
(51,0)
(70,0)
(49,9)
(45,13)
(7,2)
(67,7)
(64,3)
(29,8)
(69,5)
(61,19)
(12,1)
(23,16)
(51,10)
(15,2)
(11,9)
(41,17)
(52,8)
(34,14)
(64,18)
(71,1)
(8,14)
(2,5)
(44,0)
(27,2)
(7,0)
(48,1)
(29,8)
(26,1)
(55,1)
(56,0)
(21,0)
(2,9)
(69,0)
(38,7)
(9,15)
(66,3)
(55,8)
(23,8)
(0,13)
(59,6)
(18,12)
(24,15)
(70,8)
(25,8)
(8,5)
(43,12)
(12,0)
(56,16)
(43,1)
(33,10)
(53,8)
(44,16)
(19,2)
(47,3)
(34,14)
(19,8)
(71,5)
(68,8)
(61,4)
(13,0)
(31,19)
(17,16)
(39,1)
(47,3)
(20,10)
(23,14)
(30,5)
(0,0)
(21,1)
(63,0)
(32,3)
(0,2)
(13,18)
(6,5)
(4,8)
(60,0)
(9,9)
(17,0)
(37,0)
(45,3)
(48,18)
(13,8)
(70,7)
(23,13)
(31,1)
(47,4)
(8,14)
(69,14)
(42,19)
(29,8)
(45,10)
(21,9)
(23,8)
(56,13)
(30,15)
(64,14)
(41,10)
(28,0)
(21,10)
(61,16)
(1,2)
(7,19)
(50,0)
(4,8)
(15,2)
(1,9)
(14,2)
(7,2)
(38,15)
(2,8)
(46,8)
(50,10)
(43,6)
(19,9)
(24,10)
(44,0)
(32,0)
(26,3)
(35,7)
(38,1)
(70,12)
(67,14)
(9,5)
(6,6)
(24,5)
(51,1)
(47,12)
(64,4)
(40,5)
(34,6)
(1,3)
(14,2)
(12,16)
(59,0)
(49,11)
(49,1)
(11,9)
(39,4)
(48,1)
(29,13)
(20,8)
(1,0)
(44,17)
(54,14)
(67,2)
(50,1)
(29,17)
(25,6)
(56,6)
(14,0)
(33,0)
(70,6)
(15,13)
(35,10)
(36,7)
(52,4)
(32,16)
(55,8)
(12,1)
(24,9)
(48,8)
(42,16)
(69,7)
(0,15)
(41,3)
(64,17)
(3,16)
(20,19)
(24,4)
(39,9)
(12,11)
(53,0)
(43,18)
(2,2)
(9,9)
(22,10)
(44,17)
(40,18)
(60,5)
(66,11)
(69,8)
(54,11)
(13,19)
(2,5)
(66,3)
(19,10)
(0,19)
(62,0)
(2,12)
(44,5)
(51,1)
(17,4)
(63,6)
(6,11)
(53,2)
(34,16)
(3,4)
(64,10)
(71,16)
(56,19)
(24,15)
(43,13)
(37,3)
(69,1)
(10,12)
(29,19)
(10,7)
(22,1)
(12,19)
(28,0)
(14,0)
(0,2)
(47,5)
(20,13)
(31,0)
(55,2)
(39,3)
(65,11)
(23,16)
(37,0)
(48,8)
(27,13)
(15,11)
(72,7)
(30,11)
(6,4)
(55,9)
(35,5)
(40,18)
(8,13)
(57,5)
(18,4)
(64,5)
(32,8)
(72,9)
(72,16)
(45,7)
(26,6)
(56,13)
(62,4)
(25,8)
(66,0)
(65,4)
(43,13)
(43,10)
(34,7)
(14,19)
(55,17)
(28,19)
(64,12)
(61,12)
(24,6)
(55,2)
(70,3)
(64,7)
(54,3)
(7,1)
(38,18)
(69,11)
(72,0)
(55,1)
(37,2)
(70,8)
(2,11)
(58,2)
(13,16)
(63,7)
(32,9)
(10,4)
(50,3)
(49,3)
(47,10)
(0,5)
(35,7)
(58,17)
(51,13)
(15,2)
(28,6)
(22,3)
(64,0)
(40,7)
(6,2)
(72,3)
(16,1)
(43,13)
(57,2)
(47,17)
(58,17)
(28,0)
(43,0)
(34,2)
(39,3)
(26,19)
(8,16)
(42,4)
(14,5)
(28,1)
(10,7)
(38,18)
(12,8)
(71,12)
(56,6)
(22,5)
(24,3)
(26,8)
(59,8)
(46,11)
(46,4)
(66,12)
(64,3)
(53,7)
(13,1)
(27,16)
(59,10)
(48,8)
(69,1)
(47,14)
(8,7)
(65,0)
(16,9)
(16,17)
(28,7)
(69,3)
(17,1)
(54,10)
(45,9)
(67,7)
(62,5)
(59,1)
(51,8)
(24,5)
(35,2)
(28,12)
(68,1)
(50,12)
(38,11)
(41,4)
(36,2)
(32,12)
(37,17)
(4,3)
(16,19)
(43,7)
(23,3)
(70,10)
(61,6)
(42,1)
(57,6)
(35,1)
(70,6)
(68,16)
(34,2)
(61,14)
(53,11)
(11,14)
(15,8)
(10,0)
(46,1)
(30,16)
(29,11)
(55,2)
(57,14)
(58,0)
(50,14)
(16,14)
(13,5)
(16,9)
(46,12)
(60,12)
(44,2)
(20,3)
(60,14)
(67,16)
(5,4)
(25,7)
(55,4)
(35,5)
(9,7)
(53,1)
(64,3)
(37,1)
(24,11)
(9,7)
(59,2)
(52,8)
(12,0)
(58,13)
(57,11)
(56,4)
(28,8)
(38,2)
(46,6)
(6,5)
(18,2)
(25,0)
(55,18)
(5,12)
(40,2)
(33,2)
(52,13)
(28,2)
(24,6)
(22,2)
(12,1)
(10,9)
(50,8)
(6,13)
(48,19)
(31,19)
(3,13)
(58,13)
(15,1)
(54,3)
(60,13)
(59,13)
(65,9)
(49,1)
(9,12)
(61,13)
(37,7)
(39,13)
(42,3)
(49,15)
(36,17)
(44,4)
(43,12)
(66,17)
(50,0)
(21,10)
(21,9)
(18,3)
(65,14)
(2,6)
(14,5)
(7,1)
(61,4)
(42,19)
(63,11)
(2,2)
(69,10)
(48,9)
(19,0)
(13,16)
(23,9)
(64,14)
(51,16)
(45,1)
(71,2)
(8,14)
(8,6)
(1,5)
(5,1)
(71,4)
(38,1)
(55,15)
(27,6)
(58,1)
(54,2)
(35,11)
(0,10)
(29,8)
(48,19)
(0,13)
(10,12)
(14,7)
(68,1)
(20,0)
(31,6)
(39,18)
(64,13)
(61,7)
(46,10)
(5,10)
(34,7)
(32,2)
(0,10)
(14,3)
(70,4)
(59,4)
(50,15)
(51,15)
(66,3)
(21,5)
(46,16)
(14,1)
(30,12)
(47,0)
(22,4)
(51,9)
(32,3)
(58,4)
(41,15)
(68,6)
(62,10)
(44,1)
(67,7)
(13,5)
(59,0)
(0,19)
(56,3)
(9,1)
(36,2)
(37,1)
(35,17)
(39,8)
(65,0)
(52,19)
(5,0)
(40,4)
(22,9)
(53,17)
(27,0)
(0,7)
(14,8)
(2,0)
(16,1)
(18,2)
(5,19)
(67,13)
(67,4)
(71,9)
(34,14)
(29,0)
(70,16)
(18,1)
(45,2)
(44,6)
(26,14)
(61,4)
(44,1)
(68,12)
(22,4)
(11,10)
(45,17)
(64,17)
(3,4)
(14,10)
(32,1)
(53,7)
(29,0)
(70,7)
(1,4)
(45,8)
(28,13)
(66,18)
(69,14)
(55,3)
(25,4)
(24,13)
(49,6)
(58,2)
(31,16)
(47,5)
(42,12)
(53,6)
(72,9)
(44,15)
(21,6)
(12,6)
(51,16)
(69,11)
(16,2)
(1,7)
(71,8)
(38,11)
(13,4)
(16,7)
(2,4)
(38,1)
(22,17)
(46,0)
(8,8)
(20,3)
(3,4)
(33,5)
(64,10)
(9,5)
(45,0)
(48,7)
(21,15)
(46,2)
(28,1)
(24,7)
(65,3)
(21,3)
(39,8)
(53,13)
(7,2)
(69,5)
(54,3)
(38,11)
(56,2)
(52,8)
(44,9)
(38,2)
(12,9)
(27,14)
(43,15)
(56,2)
(0,2)
(63,14)
(48,0)
(54,7)
(2,12)
(4,19)
(1,1)
(32,17)
(71,7)
(49,4)
(16,9)
(13,3)
(72,11)
(40,1)
(40,11)
(58,7)
(37,7)
(40,15)
(61,1)
(9,0)
(16,3)
(8,10)
(58,9)
(15,19)
(2,0)
(67,4)
(61,10)
(70,12)
(10,0)
(6,7)
(12,9)
(1,0)
(51,0)
(44,2)
(31,14)
(48,10)
(59,1)
(72,16)
(26,19)
(26,0)
(10,0)
(32,0)
(39,11)
(64,11)
(68,5)
(20,0)
(51,6)
(57,0)
(65,0)
(35,17)
(16,0)
(12,12)
(63,6)
(1,9)
(61,2)
(31,6)
(19,3)
(39,0)
(27,18)
(10,5)
(5,17)
(13,16)
(7,11)
(61,9)
(24,1)
(65,1)
(25,15)
(63,7)
(0,3)
(50,16)
(54,8)
(28,5)
(30,5)
(26,1)
(21,5)
(7,3)
(25,3)
(26,9)
(44,6)
(64,0)
(44,5)
(9,18)
(45,3)
(16,13)
(24,3)
(47,4)
(69,5)
(8,8)
(24,19)
(62,7)
(54,19)
(18,17)
(68,6)
(42,2)
(36,12)
(31,9)
(5,12)
(17,8)
(51,9)
(65,2)
(33,11)
(23,3)
(6,2)
(60,12)
(36,0)
(31,1)
(42,17)
(53,9)
(62,18)
(39,3)
(24,19)
(54,6)
(27,4)
(38,7)
(72,2)
(72,16)
(64,7)
(62,19)
(14,9)
(37,18)
(0,1)
(58,6)
(46,1)
(10,14)
(6,2)
(39,14)
(58,12)
(52,3)
(5,12)
(2,6)
(29,4)
(13,16)
(38,15)
(50,18)
(36,11)
(3,7)
(13,1)
(15,16)
(14,5)
(67,0)
(20,1)
(60,15)
(46,9)
(17,2)
(35,8)
(13,2)
(30,1)
(70,16)
(2,8)
(67,2)
(22,7)
(22,8)
(40,5)
(2,18)
(55,13)
(2,14)
(17,0)
(71,19)
(23,9)
(72,5)
(58,10)
(19,5)
(1,16)
(54,15)
(66,9)
(69,0)
(19,17)
(47,6)
(2,12)
(7,10)
(13,1)
(69,0)
(16,19)
(18,11)
(17,11)
(65,13)
(46,16)
(47,4)
(1,1)
(0,11)
(53,16)
(25,1)
(61,7)
(17,6)
(20,0)
(27,19)
(64,5)
(62,2)
(25,15)
(1,12)
(15,6)
(19,9)
(37,6)
(12,2)
(4,9)
(67,11)
(68,14)
(52,5)
(46,17)
(56,6)
(24,6)
(6,16)
(46,12)
(50,3)
(72,17)
(1,0)
(61,2)
(12,2)
(20,6)
(5,7)
(70,2)
(31,2)
(8,13)
(32,6)
(70,0)
(24,11)
(1,5)
(15,8)
(48,6)
(4,3)
(70,18)
(30,11)
(15,14)
(28,15)
(4,13)
(18,16)
(22,9)
(69,16)
(46,1)
(58,4)
(54,17)
(1,17)
(69,14)
(26,14)
(39,7)
(68,3)
(23,12)
(11,4)
(51,10)
(27,7)
(2,0)
(34,5)
(1,18)
(59,0)
(0,11)
(49,9)
(29,5)
(71,17)
(5,6)
(7,15)
(57,6)
(27,13)
(38,5)
(29,10)
(13,12)
(50,17)
(20,11)
(64,9)
(39,0)
(66,3)
(58,12)
(48,1)
(16,5)
(57,16)
(72,9)
(6,4)
(44,13)
(25,15)
(36,1)
(59,9)
(16,10)
(49,4)
(71,17)
(52,1)
(72,0)
(3,12)
(62,17)
(56,19)
(43,19)
(27,1)
(11,2)
(35,0)
(55,15)
(40,1)
(29,3)
(27,9)
(34,3)
(31,5)
(1,5)
(70,10)
(35,12)
(37,3)
(31,14)
(29,14)
(60,16)
(62,9)
(11,8)
(24,2)
(27,7)
(57,1)
(24,11)
(31,2)
(46,14)
(38,14)
(71,3)
(35,2)
(33,18)
(39,17)
(30,18)
(31,0)
(22,8)
(33,8)
(36,19)
(34,3)
(58,3)
(45,3)
(39,0)
(60,4)
(57,2)
(34,16)
(15,0)
(53,11)
(24,4)
(51,9)
(30,0)
(72,8)
(2,2)
(69,0)
(30,2)
(17,19)
(66,12)
(72,1)
(5,4)
(28,17)
(45,18)
(6,11)
(24,16)
(6,2)
(36,15)
(3,8)
(6,12)
(69,1)
(50,18)
(57,7)
(5,0)
(47,17)
(3,0)
(9,7)
(31,17)
(18,15)
(40,8)
(7,9)
(53,2)
(23,2)
(58,13)
(48,11)
(60,6)
(63,4)
(5,9)
(57,4)
(16,11)
(20,9)
(2,14)
(62,13)
(12,3)
(21,11)
(61,11)
(26,15)
(65,18)
(57,13)
(65,1)
(38,1)
(29,13)
(40,10)
(46,0)
(53,8)
(40,18)
(17,0)
(7,8)
(66,0)
(20,18)
(9,1)
(3,0)
(56,4)
(28,14)
(27,19)
(21,11)
(63,1)
(43,5)
(42,13)
(72,19)
(21,5)
(65,15)
(14,19)
(2,8)
(16,10)
(67,8)
(28,12)
(16,0)
(19,8)
(61,5)
(24,16)
(15,19)
(45,11)
(46,8)
(12,19)
(36,13)
(12,14)
(39,14)
(60,19)
(62,17)
(61,18)
(24,10)
(7,14)
(62,19)
(4,0)
(7,15)
(17,0)
(36,15)
(45,6)
(43,5)
(66,15)
(71,5)
(60,3)
(22,16)
(3,17)
(26,8)
(62,7)
(21,2)
(49,4)
(27,2)
(7,1)
(53,4)
(70,7)
(50,0)
(37,13)
(0,4)
(17,6)
(2,12)
(12,12)
(49,13)
(14,4)
(41,10)
(55,1)
(29,6)
(2,2)
(53,1)
(22,11)
(4,3)
(22,2)
(3,8)
(64,8)
(53,9)
(60,14)
(10,11)
(45,8)
(53,10)
(36,3)
(9,10)
(48,8)
(58,15)
(3,0)
(12,9)
(55,19)
(3,8)
(29,14)
(51,0)
(14,4)
(46,13)
(14,5)
(44,3)
(9,9)
(7,0)
(33,11)
(62,3)
(25,8)
(62,14)
(55,13)
(65,6)
(25,6)
(17,4)
(23,6)
(46,1)
(71,0)
(3,1)
(14,16)
(42,10)
(61,13)
(26,1)
(60,16)
(42,3)
(25,6)
(42,5)
(30,2)
(66,4)
(5,15)
(23,16)
(28,15)
(71,16)
(29,6)
(52,0)
(19,18)
(20,3)
(38,2)
(32,6)
(49,2)
(45,6)
(68,7)
(21,2)
(7,14)
(72,13)
(0,0)
(33,16)
(40,19)
(49,0)
(2,14)
(63,2)
(37,13)
(5,3)
(33,6)
(42,1)
(40,10)
(24,5)
(39,1)
(37,5)
(0,12)
(3,4)
(53,6)
(2,5)
(9,8)
(10,12)
(57,0)
(13,12)
(66,3)
(38,4)
(3,14)
(72,0)
(44,3)
(22,4)
(17,17)
(12,18)
(9,2)
(31,14)
(23,0)
(24,11)
(0,14)
(56,17)
(41,5)
(24,2)
(29,3)
(32,1)
(35,16)
(8,6)
(13,16)
(18,17)
(5,8)
(56,3)
(35,7)
(60,15)
(10,6)
(35,13)
(38,12)
(70,10)
(14,17)
(36,7)
(63,6)
(18,12)
(8,1)
(57,5)
(54,12)
(61,17)
(38,12)
(10,16)
(1,6)
(54,19)
(27,8)
(66,3)
(42,4)
(58,18)
(34,11)
(5,2)
(0,0)
(69,1)
(57,12)
(3,17)
(69,11)
(21,11)
(52,1)
(45,11)
(63,12)
(21,12)
(65,2)
(58,2)
(4,14)
(62,5)
(39,8)
(61,6)
(72,18)
(1,10)
(22,10)
(68,2)
(35,9)
(16,1)
(61,17)
(24,0)
(71,0)
(25,18)
(24,0)
(55,7)
(37,2)
(72,0)
(15,9)
(62,13)
(35,9)
(72,7)
(47,14)
(1,9)
(67,17)
(19,19)
(25,18)
(4,3)
(51,9)
(38,4)
(6,17)
(57,3)
(54,16)
(68,7)
(44,8)
(63,0)
(49,15)
(20,3)
(53,5)
(6,1)
(26,2)
(41,7)
(53,14)
(32,0)
(22,0)
(23,13)
(33,0)
(33,1)
(72,16)
(69,1)
(22,12)
(22,1)
(10,19)
(15,12)
(31,13)
(21,1)
(22,5)
(72,17)
(55,17)
(47,4)
(21,1)
(65,9)
(67,14)
(46,1)
(46,4)
(55,3)
(10,4)
(43,0)
(56,10)
(35,5)
(59,7)
(67,0)
(41,8)
(51,4)
(18,18)
(45,4)
(17,10)
(62,6)
(61,5)
(69,0)
(9,13)
(69,16)
(0,0)
(38,2)
(23,3)
(11,9)
(14,3)
(37,5)
(64,6)
(25,9)
(18,1)
(64,11)
(37,0)
(59,1)
(23,3)
(19,6)
(3,3)
(56,0)
(20,13)
(19,9)
(66,8)
(71,8)
(58,7)
(18,3)
(23,17)
(39,15)
(55,9)
(10,16)
(32,5)
(10,10)
(65,1)
(42,3)
(48,6)
(5,10)
(64,15)
(10,14)
(49,10)
(52,8)
(39,14)
(50,4)
(39,13)
(64,7)
(51,13)
(53,18)
(34,17)
(11,15)
(8,10)
(41,3)
(19,13)
(0,11)
(44,13)
(11,13)
(33,5)
(46,13)
(41,12)
(25,15)
(14,2)
(0,9)
(45,7)
(19,5)
(22,14)
(0,2)
(24,3)
(47,12)
(2,11)
(67,15)
(65,17)
(13,12)
(70,0)
(0,0)
(41,5)
(63,12)
(41,13)
(15,2)
(35,3)
(60,13)
(72,1)
(54,7)
(20,10)
(35,4)
(64,18)
(37,5)
(55,0)
(18,9)
(55,11)
(35,7)
(11,1)
(54,3)
(18,15)
(60,7)
(24,8)
(64,4)
(68,16)
(42,17)
(12,4)
(59,2)
(36,10)
(59,6)
(6,0)
(18,0)
(26,19)
(35,2)
(11,15)
(50,12)
(20,0)
(60,17)
(11,6)
(43,2)
(39,5)
(70,4)
(34,19)
(57,4)
(5,0)
(65,0)
(11,13)
(40,17)
(72,0)
(58,9)
(23,17)
(47,8)
(34,6)
(35,3)
(35,15)
(71,2)
(61,11)
(28,5)
(58,0)
(29,7)
(15,7)
(42,12)
(55,5)
(18,5)
(34,2)
(5,0)
(56,14)
(56,8)
(23,19)
(5,2)
(54,6)
(5,14)
(32,4)
(9,10)
(62,9)
(41,11)
(4,2)
(61,13)
(9,18)
(20,1)
(56,12)
(60,5)
(59,14)
(24,0)
(65,8)
(57,9)
(26,10)
(16,11)
(21,7)
(31,1)
(24,12)
(61,6)
(65,16)
(21,0)
(18,5)
(20,0)
(13,17)
(71,19)
(52,7)
(62,6)
(20,1)
(38,6)
(41,7)
(40,3)
(63,1)
(38,14)
(41,1)
(29,9)
(27,9)
(17,11)
(49,6)
(61,7)
(17,6)
(69,9)
(6,8)
(0,15)
(0,3)
(72,8)
(28,5)
(35,3)
(22,5)
(62,8)
(57,4)
(10,2)
(26,1)
(15,1)
(70,4)
(58,6)
(18,19)
(18,6)
(23,16)
(18,7)
(27,5)
(21,6)
(20,9)
(9,1)
(1,0)
(28,19)
(71,0)
(61,2)
(1,12)
(2,12)
(23,2)
(35,3)
(71,4)
(15,0)
(0,19)
(62,8)
(70,2)
(50,2)
(8,1)
(30,13)
(43,7)
(62,1)
(66,8)
(58,10)
(3,0)
(63,12)
(59,12)
(43,19)
(32,1)
(69,0)
(57,12)
(28,15)
(8,2)
(60,4)
(35,13)
(22,1)
(23,7)
(20,12)
(67,19)
(16,4)
(42,0)
(72,4)
(28,5)
(67,7)
(50,16)
(68,0)
(37,0)
(41,17)
(61,19)
(41,0)
(35,4)
(57,2)
(52,2)
(36,0)
(27,2)
(14,3)
(23,15)
(63,19)
(46,3)
(25,2)
(16,14)
(4,14)
(14,15)
(53,13)
(57,11)
(50,6)
(23,9)
(49,1)
(67,5)
(43,12)
(21,7)
(63,5)
(33,19)
(37,12)
(9,11)
(33,12)
(13,14)
(0,12)
(7,8)
(29,10)
(35,19)
(43,0)
(26,2)
(11,16)
(54,9)
(22,8)
(5,12)
(61,12)
(34,8)
(46,13)
(36,12)
(52,4)
(50,3)
(2,18)
(60,9)
(30,7)
(48,5)
(70,6)
(13,13)
(8,7)
(36,16)
(67,11)
(47,5)
(67,0)
(38,11)
(17,11)
(36,4)
(59,18)
(50,13)
(16,9)
(63,0)
(21,0)
(5,3)
(37,9)
(20,1)
(33,6)
(13,14)
(11,0)
(61,14)
(35,1)
(2,5)
(2,8)
(43,4)
(31,15)
(0,6)
(16,4)
(32,7)
(56,6)
(66,12)
(27,13)
(52,16)
(1,17)
(45,18)
(67,16)
(68,11)
(25,10)
(62,0)
(50,7)
(9,3)
(20,19)
(4,12)
(56,17)
(54,2)
(41,11)
(6,8)
(8,7)
(5,6)
(24,0)
(42,14)
(64,2)
(58,11)
(21,5)
(27,1)
(14,8)

(21,0)
(22,1)
(21,2)
(22,3)
(20,4)
(22,5)
(22,6)
(22,7)
(22,8)
(21,9)
(22,10)
(21,11)
(20,12)
(21,13)
(21,14)
(20,15)
(20,16)
(22,17)
(20,18)
(21,19)
(45,19)
(38,16)
(29,6)
(11,15)
(25,0)
(10,3)
(4,2)
(4,18)
(8,3)
(3,1)
(19,6)
(2,8)
(37,16)
(28,17)
(72,4)
(4,14)
(62,2)
(52,10)
(26,7)
(9,17)
(56,8)
(13,14)
(46,10)
(65,0)
(2,6)
(40,13)
(43,6)
(61,2)
(2,13)
(37,16)
(18,3)
(28,9)
(7,3)
(18,7)
(65,1)
(57,9)
(68,17)
(28,3)
(62,11)
(57,0)
(59,17)
(68,14)
(25,9)
(62,2)
(59,15)
(5,0)
(46,18)
(49,18)
(70,19)
(56,16)
(35,16)
(7,5)
(4,10)
(12,4)
(63,4)
(29,1)
(8,3)
(70,6)
(61,1)
(61,19)
(51,3)
(51,1)
(41,13)
(49,9)
(27,0)
(27,2)
(35,14)
(46,8)
(24,10)
(51,17)
(33,12)
(63,8)
(39,19)
(18,11)
(3,0)
(60,18)
(45,8)
(28,10)
(11,10)
(26,2)
(12,4)
(26,4)
(7,5)
(25,16)
(33,15)
(61,1)
(45,3)
(9,9)
(11,2)
(38,13)
(42,11)
(14,0)
(47,1)
(60,3)
(6,7)
(44,19)
(40,9)
(65,9)
(61,14)
(53,15)
(20,2)
(54,16)
(57,13)
(52,1)
(30,13)
(65,0)
(18,0)
(19,4)
(3,11)
(12,2)
(51,12)
(35,2)
(14,7)
(40,1)
(49,10)
(70,13)
(56,16)
(26,2)
(58,2)
(47,13)
(51,9)
(35,10)
(55,4)
(0,3)
(20,16)
(37,1)
(19,1)
(7,12)
(13,11)
(43,13)
(46,5)
(62,1)
(8,2)
(61,12)
(37,8)
(40,0)
(60,19)
(48,7)
(44,2)
(22,14)
(54,0)
(58,11)
(15,2)
(23,0)
(12,4)
(23,1)
(16,9)
(48,0)
(55,0)
(4,13)
(70,12)
(48,1)
(2,14)
(51,19)
(63,0)
(70,0)
(69,9)
(61,3)
(45,8)
(70,0)
(33,0)
(38,4)
(25,17)
(45,8)
(54,11)
(18,4)
(25,11)
(49,14)
(22,16)
(50,19)
(9,1)
(3,6)
(9,6)
(55,0)
(37,6)
(19,12)
(8,2)
(43,1)
(46,1)
(60,2)
(4,7)
(25,5)
(29,8)
(44,10)
(46,14)
(42,15)
(58,16)
(68,1)
(33,10)
(61,0)
(54,12)
(22,15)
(18,9)
(21,11)
(65,14)
(5,17)
(12,9)
(62,16)
(70,17)
(32,18)
(43,18)
(65,7)
(54,3)
(7,6)
(15,11)
(22,12)
(54,8)
(27,1)
(48,4)
(20,1)
(30,7)
(14,0)
(48,19)
(57,6)
(5,14)
(61,8)
(66,6)
(70,0)
(14,1)
(38,14)
(17,15)
(25,15)
(4,9)
(35,0)
(25,3)
(36,0)
(44,18)
(48,6)
(23,0)
(7,1)
(2,10)
(8,11)
(51,5)
(48,12)
(69,17)
(47,15)
(70,3)
(17,7)
(37,2)
(7,9)
(31,2)
(6,7)
(38,8)
(28,8)
(27,10)
(53,13)
(22,0)
(9,3)
(44,8)
(10,9)
(23,6)
(51,4)
(32,7)
(12,7)
(65,1)
(39,3)
(24,0)
(35,6)
(70,19)
(14,1)
(43,17)
(64,13)
(38,6)
(43,1)
(62,4)
(60,1)
(32,1)
(45,2)
(49,10)
(55,9)
(45,0)
(36,2)
(9,19)
(47,0)
(15,1)
(58,13)
(47,16)
(26,6)
(22,9)
(10,4)
(24,14)
(19,15)
(71,1)
(56,7)
(44,14)
(49,4)
(61,6)
(3,5)
(63,0)
(26,0)
(67,19)
(59,6)
(35,11)
(55,16)
(15,17)
(28,9)
(70,6)
(3,0)
(58,12)
(12,16)
(63,3)
(67,5)
(12,3)
(29,12)
(63,6)
(11,16)
(35,2)
(51,7)
(26,12)
(13,13)
(63,4)
(22,10)
(70,19)
(0,11)
(9,10)
(19,14)
(53,8)
(10,13)
(63,16)
(67,1)
(17,5)
(46,9)
(47,14)
(53,16)
(33,3)
(58,1)
(66,11)
(34,8)
(42,17)
(58,8)
(72,4)
(21,1)
(45,7)
(31,11)
(30,6)
(11,0)
(11,4)
(7,1)
(69,13)
(72,7)
(7,7)
(59,14)
(35,9)
(45,3)
(33,14)
(50,18)
(20,14)
(3,12)
(23,15)
(62,2)
(1,9)
(65,4)
(34,14)
(8,17)
(3,3)
(51,2)
(56,10)
(70,16)
(52,11)
(55,15)
(24,7)
(43,10)
(68,3)
(0,1)
(65,3)
(33,0)
(1,2)
(23,13)
(20,6)
(9,6)
(22,15)
(33,10)
(34,11)
(54,0)
(37,2)
(58,7)
(30,6)
(58,3)
(57,1)
(53,2)
(21,7)
(53,2)
(49,1)
(44,19)
(22,1)
(51,1)
(52,4)
(14,19)
(37,10)
(44,7)
(20,5)
(65,13)
(22,11)
(13,0)
(0,0)
(18,0)
(40,14)
(34,5)
(50,8)
(57,9)
(36,6)
(29,11)
(47,0)
(36,2)
(54,14)
(21,15)
(31,5)
(12,18)
(40,2)
(18,2)
(31,1)
(50,9)
(8,18)
(40,9)
(63,14)
(39,6)
(20,4)
(45,14)
(63,10)
(54,8)
(33,12)
(6,11)
(38,18)
(18,0)
(25,12)
(54,11)
(25,5)
(26,5)
(7,0)
(32,18)
(19,17)
(59,12)
(39,5)
(68,1)
(60,6)
(32,4)
(23,6)
(62,2)
(52,17)
(15,0)
(70,2)
(22,0)
(10,2)
(18,10)
(50,17)
(24,8)
(26,11)
(49,18)
(28,4)
(12,6)
(44,4)
(25,12)
(32,1)
(56,5)
(53,5)
(1,5)
(25,0)
(45,3)
(67,15)
(22,18)
(28,17)
(27,5)
(35,17)
(38,13)
(26,4)
(38,7)
(33,16)
(24,11)
(49,11)
(52,18)
(60,5)
(45,19)
(72,14)
(43,14)
(63,13)
(40,0)
(24,18)
(71,7)
(56,13)
(70,10)
(42,3)
(50,11)
(11,8)
(70,4)
(41,14)
(19,9)
(61,6)
(2,1)
(50,9)
(67,12)
(62,11)
(33,11)
(37,12)
(34,3)
(66,9)
(12,4)
(10,19)
(2,11)
(72,1)
(3,6)
(71,3)
(3,1)
(62,9)
(43,12)
(11,10)
(28,5)
(7,5)
(10,0)
(38,8)
(50,3)
(61,2)
(41,13)
(11,1)
(59,0)
(46,0)
(23,19)
(18,8)
(51,1)
(9,4)
(52,4)
(30,8)
(1,3)
(8,18)
(9,10)
(27,15)
(70,9)
(36,5)
(66,14)
(45,2)
(22,1)
(9,7)
(49,9)
(57,8)
(48,16)
(71,13)
(19,5)
(17,19)
(41,2)
(51,2)
(42,14)
(42,14)
(34,9)
(65,2)
(40,11)
(1,5)
(59,19)
(12,10)
(62,11)
(2,0)
(25,15)
(11,13)
(54,14)
(72,3)
(49,8)
(10,17)
(18,0)
(33,3)
(11,1)
(60,2)
(54,16)
(63,1)
(3,0)
(58,4)
(63,10)
(45,4)
(3,19)
(42,9)
(28,17)
(10,10)
(23,2)
(41,9)
(70,17)
(47,9)
(49,9)
(35,17)
(30,15)
(53,12)
(0,17)
(70,1)
(22,3)
(26,7)
(42,19)
(46,17)
(65,0)
(45,15)
(4,5)
(68,3)
(25,19)
(4,2)
(43,5)
(58,15)
(9,0)
(27,0)
(63,5)
(47,10)
(8,18)
(13,19)
(44,11)
(26,11)
(72,4)
(1,14)
(39,9)
(30,11)
(63,11)
(51,0)
(70,0)
(49,9)
(45,13)
(7,2)
(67,7)
(64,3)
(29,8)
(69,5)
(61,19)
(12,1)
(23,16)
(51,10)
(15,2)
(11,9)
(41,17)
(52,8)
(34,14)
(64,18)
(71,1)
(8,14)
(2,5)
(44,0)
(27,2)
(7,0)
(48,1)
(29,8)
(26,1)
(55,1)
(56,0)
(21,0)
(2,9)
(69,0)
(38,7)
(9,15)
(66,3)
(55,8)
(23,8)
(0,13)
(59,6)
(18,12)
(24,15)
(70,8)
(25,8)
(8,5)
(43,12)
(12,0)
(56,16)
(43,1)
(33,10)
(53,8)
(44,16)
(19,2)
(47,3)
(34,14)
(19,8)
(71,5)
(68,8)
(61,4)
(13,0)
(31,19)
(17,16)
(39,1)
(47,3)
(20,10)
(23,14)
(30,5)
(0,0)
(21,1)
(63,0)
(32,3)
(0,2)
(13,18)
(6,5)
(4,8)
(60,0)
(9,9)
(17,0)
(37,0)
(45,3)
(48,18)
(13,8)
(70,7)
(23,13)
(31,1)
(47,4)
(8,14)
(69,14)
(42,19)
(29,8)
(45,10)
(21,9)
(23,8)
(56,13)
(30,15)
(64,14)
(41,10)
(28,0)
(21,10)
(61,16)
(1,2)
(7,19)
(50,0)
(4,8)
(15,2)
(1,9)
(14,2)
(7,2)
(38,15)
(2,8)
(46,8)
(50,10)
(43,6)
(19,9)
(24,10)
(44,0)
(32,0)
(26,3)
(35,7)
(38,1)
(70,12)
(67,14)
(9,5)
(6,6)
(24,5)
(51,1)
(47,12)
(64,4)
(40,5)
(34,6)
(1,3)
(14,2)
(12,16)
(59,0)
(49,11)
(49,1)
(11,9)
(39,4)
(48,1)
(29,13)
(20,8)
(1,0)
(44,17)
(54,14)
(67,2)
(50,1)
(29,17)
(25,6)
(56,6)
(14,0)
(33,0)
(70,6)
(15,13)
(35,10)
(36,7)
(52,4)
(32,16)
(55,8)
(12,1)
(24,9)
(48,8)
(42,16)
(69,7)
(0,15)
(41,3)
(64,17)
(3,16)
(20,19)
(24,4)
(39,9)
(12,11)
(53,0)
(43,18)
(2,2)
(9,9)
(22,10)
(44,17)
(40,18)
(60,5)
(66,11)
(69,8)
(54,11)
(13,19)
(2,5)
(66,3)
(19,10)
(0,19)
(62,0)
(2,12)
(44,5)
(51,1)
(17,4)
(63,6)
(6,11)
(53,2)
(34,16)
(3,4)
(64,10)
(71,16)
(56,19)
(24,15)
(43,13)
(37,3)
(69,1)
(10,12)
(29,19)
(10,7)
(22,1)
(12,19)
(28,0)
(14,0)
(0,2)
(47,5)
(20,13)
(31,0)
(55,2)
(39,3)
(65,11)
(23,16)
(37,0)
(48,8)
(27,13)
(15,11)
(72,7)
(30,11)
(6,4)
(55,9)
(35,5)
(40,18)
(8,13)
(57,5)
(18,4)
(64,5)
(32,8)
(72,9)
(72,16)
(45,7)
(26,6)
(56,13)
(62,4)
(25,8)
(66,0)
(65,4)
(43,13)
(43,10)
(34,7)
(14,19)
(55,17)
(28,19)
(64,12)
(61,12)
(24,6)
(55,2)
(70,3)
(64,7)
(54,3)
(7,1)
(38,18)
(69,11)
(72,0)
(55,1)
(37,2)
(70,8)
(2,11)
(58,2)
(13,16)
(63,7)
(32,9)
(10,4)
(50,3)
(49,3)
(47,10)
(0,5)
(35,7)
(58,17)
(51,13)
(15,2)
(28,6)
(22,3)
(64,0)
(40,7)
(6,2)
(72,3)
(16,1)
(43,13)
(57,2)
(47,17)
(58,17)
(28,0)
(43,0)
(34,2)
(39,3)
(26,19)
(8,16)
(42,4)
(14,5)
(28,1)
(10,7)
(38,18)
(12,8)
(71,12)
(56,6)
(22,5)
(24,3)
(26,8)
(59,8)
(46,11)
(46,4)
(66,12)
(64,3)
(53,7)
(13,1)
(27,16)
(59,10)
(48,8)
(69,1)
(47,14)
(8,7)
(65,0)
(16,9)
(16,17)
(28,7)
(69,3)
(17,1)
(54,10)
(45,9)
(67,7)
(62,5)
(59,1)
(51,8)
(24,5)
(35,2)
(28,12)
(68,1)
(50,12)
(38,11)
(41,4)
(36,2)
(32,12)
(37,17)
(4,3)
(16,19)
(43,7)
(23,3)
(70,10)
(61,6)
(42,1)
(57,6)
(35,1)
(70,6)
(68,16)
(34,2)
(61,14)
(53,11)
(11,14)
(15,8)
(10,0)
(46,1)
(30,16)
(29,11)
(55,2)
(57,14)
(58,0)
(50,14)
(16,14)
(13,5)
(16,9)
(46,12)
(60,12)
(44,2)
(20,3)
(60,14)
(67,16)
(5,4)
(25,7)
(55,4)
(35,5)
(9,7)
(53,1)
(64,3)
(37,1)
(24,11)
(9,7)
(59,2)
(52,8)
(12,0)
(58,13)
(57,11)
(56,4)
(28,8)
(38,2)
(46,6)
(6,5)
(18,2)
(25,0)
(55,18)
(5,12)
(40,2)
(33,2)
(52,13)
(28,2)
(24,6)
(22,2)
(12,1)
(10,9)
(50,8)
(6,13)
(48,19)
(31,19)
(3,13)
(58,13)
(15,1)
(54,3)
(60,13)
(59,13)
(65,9)
(49,1)
(9,12)
(61,13)
(37,7)
(39,13)
(42,3)
(49,15)
(36,17)
(44,4)
(43,12)
(66,17)
(50,0)
(21,10)
(21,9)
(18,3)
(65,14)
(2,6)
(14,5)
(7,1)
(61,4)
(42,19)
(63,11)
(2,2)
(69,10)
(48,9)
(19,0)
(13,16)
(23,9)
(64,14)
(51,16)
(45,1)
(71,2)
(8,14)
(8,6)
(1,5)
(5,1)
(71,4)
(38,1)
(55,15)
(27,6)
(58,1)
(54,2)
(35,11)
(0,10)
(29,8)
(48,19)
(0,13)
(10,12)
(14,7)
(68,1)
(20,0)
(31,6)
(39,18)
(64,13)
(61,7)
(46,10)
(5,10)
(34,7)
(32,2)
(0,10)
(14,3)
(70,4)
(59,4)
(50,15)
(51,15)
(66,3)
(21,5)
(46,16)
(14,1)
(30,12)
(47,0)
(22,4)
(51,9)
(32,3)
(58,4)
(41,15)
(68,6)
(62,10)
(44,1)
(67,7)
(13,5)
(59,0)
(0,19)
(56,3)
(9,1)
(36,2)
(37,1)
(35,17)
(39,8)
(65,0)
(52,19)
(5,0)
(40,4)
(22,9)
(53,17)
(27,0)
(0,7)
(14,8)
(2,0)
(16,1)
(18,2)
(5,19)
(67,13)
(67,4)
(71,9)
(34,14)
(29,0)
(70,16)
(18,1)
(45,2)
(44,6)
(26,14)
(61,4)
(44,1)
(68,12)
(22,4)
(11,10)
(45,17)
(64,17)
(3,4)
(14,10)
(32,1)
(53,7)
(29,0)
(70,7)
(1,4)
(45,8)
(28,13)
(66,18)
(69,14)
(55,3)
(25,4)
(24,13)
(49,6)
(58,2)
(31,16)
(47,5)
(42,12)
(53,6)
(72,9)
(44,15)
(21,6)
(12,6)
(51,16)
(69,11)
(16,2)
(1,7)
(71,8)
(38,11)
(13,4)
(16,7)
(2,4)
(38,1)
(22,17)
(46,0)
(8,8)
(20,3)
(3,4)
(33,5)
(64,10)
(9,5)
(45,0)
(48,7)
(21,15)
(46,2)
(28,1)
(24,7)
(65,3)
(21,3)
(39,8)
(53,13)
(7,2)
(69,5)
(54,3)
(38,11)
(56,2)
(52,8)
(44,9)
(38,2)
(12,9)
(27,14)
(43,15)
(56,2)
(0,2)
(63,14)
(48,0)
(54,7)
(2,12)
(4,19)
(1,1)
(32,17)
(71,7)
(49,4)
(16,9)
(13,3)
(72,11)
(40,1)
(40,11)
(58,7)
(37,7)
(40,15)
(61,1)
(9,0)
(16,3)
(8,10)
(58,9)
(15,19)
(2,0)
(67,4)
(61,10)
(70,12)
(10,0)
(6,7)
(12,9)
(1,0)
(51,0)
(44,2)
(31,14)
(48,10)
(59,1)
(72,16)
(26,19)
(26,0)
(10,0)
(32,0)
(39,11)
(64,11)
(68,5)
(20,0)
(51,6)
(57,0)
(65,0)
(35,17)
(16,0)
(12,12)
(63,6)
(1,9)
(61,2)
(31,6)
(19,3)
(39,0)
(27,18)
(10,5)
(5,17)
(13,16)
(7,11)
(61,9)
(24,1)
(65,1)
(25,15)
(63,7)
(0,3)
(50,16)
(54,8)
(28,5)
(30,5)
(26,1)
(21,5)
(7,3)
(25,3)
(26,9)
(44,6)
(64,0)
(44,5)
(9,18)
(45,3)
(16,13)
(24,3)
(47,4)
(69,5)
(8,8)
(24,19)
(62,7)
(54,19)
(18,17)
(68,6)
(42,2)
(36,12)
(31,9)
(5,12)
(17,8)
(51,9)
(65,2)
(33,11)
(23,3)
(6,2)
(60,12)
(36,0)
(31,1)
(42,17)
(53,9)
(62,18)
(39,3)
(24,19)
(54,6)
(27,4)
(38,7)
(72,2)
(72,16)
(64,7)
(62,19)
(14,9)
(37,18)
(0,1)
(58,6)
(46,1)
(10,14)
(6,2)
(39,14)
(58,12)
(52,3)
(5,12)
(2,6)
(29,4)
(13,16)
(38,15)
(50,18)
(36,11)
(3,7)
(13,1)
(15,16)
(14,5)
(67,0)
(20,1)
(60,15)
(46,9)
(17,2)
(35,8)
(13,2)
(30,1)
(70,16)
(2,8)
(67,2)
(22,7)
(22,8)
(40,5)
(2,18)
(55,13)
(2,14)
(17,0)
(71,19)
(23,9)
(72,5)
(58,10)
(19,5)
(1,16)
(54,15)
(66,9)
(69,0)
(19,17)
(47,6)
(2,12)
(7,10)
(13,1)
(69,0)
(16,19)
(18,11)
(17,11)
(65,13)
(46,16)
(47,4)
(1,1)
(0,11)
(53,16)
(25,1)
(61,7)
(17,6)
(20,0)
(27,19)
(64,5)
(62,2)
(25,15)
(1,12)
(15,6)
(19,9)
(37,6)
(12,2)
(4,9)
(67,11)
(68,14)
(52,5)
(46,17)
(56,6)
(24,6)
(6,16)
(46,12)
(50,3)
(72,17)
(1,0)
(61,2)
(12,2)
(20,6)
(5,7)
(70,2)
(31,2)
(8,13)
(32,6)
(70,0)
(24,11)
(1,5)
(15,8)
(48,6)
(4,3)
(70,18)
(30,11)
(15,14)
(28,15)
(4,13)
(18,16)
(22,9)
(69,16)
(46,1)
(58,4)
(54,17)
(1,17)
(69,14)
(26,14)
(39,7)
(68,3)
(23,12)
(11,4)
(51,10)
(27,7)
(2,0)
(34,5)
(1,18)
(59,0)
(0,11)
(49,9)
(29,5)
(71,17)
(5,6)
(7,15)
(57,6)
(27,13)
(38,5)
(29,10)
(13,12)
(50,17)
(20,11)
(64,9)
(39,0)
(66,3)
(58,12)
(48,1)
(16,5)
(57,16)
(72,9)
(6,4)
(44,13)
(25,15)
(36,1)
(59,9)
(16,10)
(49,4)
(71,17)
(52,1)
(72,0)
(3,12)
(62,17)
(56,19)
(43,19)
(27,1)
(11,2)
(35,0)
(55,15)
(40,1)
(29,3)
(27,9)
(34,3)
(31,5)
(1,5)
(70,10)
(35,12)
(37,3)
(31,14)
(29,14)
(60,16)
(62,9)
(11,8)
(24,2)
(27,7)
(57,1)
(24,11)
(31,2)
(46,14)
(38,14)
(71,3)
(35,2)
(33,18)
(39,17)
(30,18)
(31,0)
(22,8)
(33,8)
(36,19)
(34,3)
(58,3)
(45,3)
(39,0)
(60,4)
(57,2)
(34,16)
(15,0)
(53,11)
(24,4)
(51,9)
(30,0)
(72,8)
(2,2)
(69,0)
(30,2)
(17,19)
(66,12)
(72,1)
(5,4)
(28,17)
(45,18)
(6,11)
(24,16)
(6,2)
(36,15)
(3,8)
(6,12)
(69,1)
(50,18)
(57,7)
(5,0)
(47,17)
(3,0)
(9,7)
(31,17)
(18,15)
(40,8)
(7,9)
(53,2)
(23,2)
(58,13)
(48,11)
(60,6)
(63,4)
(5,9)
(57,4)
(16,11)
(20,9)
(2,14)
(62,13)
(12,3)
(21,11)
(61,11)
(26,15)
(65,18)
(57,13)
(65,1)
(38,1)
(29,13)
(40,10)
(46,0)
(53,8)
(40,18)
(17,0)
(7,8)
(66,0)
(20,18)
(9,1)
(3,0)
(56,4)
(28,14)
(27,19)
(21,11)
(63,1)
(43,5)
(42,13)
(72,19)
(21,5)
(65,15)
(14,19)
(2,8)
(16,10)
(67,8)
(28,12)
(16,0)
(19,8)
(61,5)
(24,16)
(15,19)
(45,11)
(46,8)
(12,19)
(36,13)
(12,14)
(39,14)
(60,19)
(62,17)
(61,18)
(24,10)
(7,14)
(62,19)
(4,0)
(7,15)
(17,0)
(36,15)
(45,6)
(43,5)
(66,15)
(71,5)
(60,3)
(22,16)
(3,17)
(26,8)
(62,7)
(21,2)
(49,4)
(27,2)
(7,1)
(53,4)
(70,7)
(50,0)
(37,13)
(0,4)
(17,6)
(2,12)
(12,12)
(49,13)
(14,4)
(41,10)
(55,1)
(29,6)
(2,2)
(53,1)
(22,11)
(4,3)
(22,2)
(3,8)
(64,8)
(53,9)
(60,14)
(10,11)
(45,8)
(53,10)
(36,3)
(9,10)
(48,8)
(58,15)
(3,0)
(12,9)
(55,19)
(3,8)
(29,14)
(51,0)
(14,4)
(46,13)
(14,5)
(44,3)
(9,9)
(7,0)
(33,11)
(62,3)
(25,8)
(62,14)
(55,13)
(65,6)
(25,6)
(17,4)
(23,6)
(46,1)
(71,0)
(3,1)
(14,16)
(42,10)
(61,13)
(26,1)
(60,16)
(42,3)
(25,6)
(42,5)
(30,2)
(66,4)
(5,15)
(23,16)
(28,15)
(71,16)
(29,6)
(52,0)
(19,18)
(20,3)
(38,2)
(32,6)
(49,2)
(45,6)
(68,7)
(21,2)
(7,14)
(72,13)
(0,0)
(33,16)
(40,19)
(49,0)
(2,14)
(63,2)
(37,13)
(5,3)
(33,6)
(42,1)
(40,10)
(24,5)
(39,1)
(37,5)
(0,12)
(3,4)
(53,6)
(2,5)
(9,8)
(10,12)
(57,0)
(13,12)
(66,3)
(38,4)
(3,14)
(72,0)
(44,3)
(22,4)
(17,17)
(12,18)
(9,2)
(31,14)
(23,0)
(24,11)
(0,14)
(56,17)
(41,5)
(24,2)
(29,3)
(32,1)
(35,16)
(8,6)
(13,16)
(18,17)
(5,8)
(56,3)
(35,7)
(60,15)
(10,6)
(35,13)
(38,12)
(70,10)
(14,17)
(36,7)
(63,6)
(18,12)
(8,1)
(57,5)
(54,12)
(61,17)
(38,12)
(10,16)
(1,6)
(54,19)
(27,8)
(66,3)
(42,4)
(58,18)
(34,11)
(5,2)
(0,0)
(69,1)
(57,12)
(3,17)
(69,11)
(21,11)
(52,1)
(45,11)
(63,12)
(21,12)
(65,2)
(58,2)
(4,14)
(62,5)
(39,8)
(61,6)
(72,18)
(1,10)
(22,10)
(68,2)
(35,9)
(16,1)
(61,17)
(24,0)
(71,0)
(25,18)
(24,0)
(55,7)
(37,2)
(72,0)
(15,9)
(62,13)
(35,9)
(72,7)
(47,14)
(1,9)
(67,17)
(19,19)
(25,18)
(4,3)
(51,9)
(38,4)
(6,17)
(57,3)
(54,16)
(68,7)
(44,8)
(63,0)
(49,15)
(20,3)
(53,5)
(6,1)
(26,2)
(41,7)
(53,14)
(32,0)
(22,0)
(23,13)
(33,0)
(33,1)
(72,16)
(69,1)
(22,12)
(22,1)
(10,19)
(15,12)
(31,13)
(21,1)
(22,5)
(72,17)
(55,17)
(47,4)
(21,1)
(65,9)
(67,14)
(46,1)
(46,4)
(55,3)
(10,4)
(43,0)
(56,10)
(35,5)
(59,7)
(67,0)
(41,8)
(51,4)
(18,18)
(45,4)
(17,10)
(62,6)
(61,5)
(69,0)
(9,13)
(69,16)
(0,0)
(38,2)
(23,3)
(11,9)
(14,3)
(37,5)
(64,6)
(25,9)
(18,1)
(64,11)
(37,0)
(59,1)
(23,3)
(19,6)
(3,3)
(56,0)
(20,13)
(19,9)
(66,8)
(71,8)
(58,7)
(18,3)
(23,17)
(39,15)
(55,9)
(10,16)
(32,5)
(10,10)
(65,1)
(42,3)
(48,6)
(5,10)
(64,15)
(10,14)
(49,10)
(52,8)
(39,14)
(50,4)
(39,13)
(64,7)
(51,13)
(53,18)
(34,17)
(11,15)
(8,10)
(41,3)
(19,13)
(0,11)
(44,13)
(11,13)
(33,5)
(46,13)
(41,12)
(25,15)
(14,2)
(0,9)
(45,7)
(19,5)
(22,14)
(0,2)
(24,3)
(47,12)
(2,11)
(67,15)
(65,17)
(13,12)
(70,0)
(0,0)
(41,5)
(63,12)
(41,13)
(15,2)
(35,3)
(60,13)
(72,1)
(54,7)
(20,10)
(35,4)
(64,18)
(37,5)
(55,0)
(18,9)
(55,11)
(35,7)
(11,1)
(54,3)
(18,15)
(60,7)
(24,8)
(64,4)
(68,16)
(42,17)
(12,4)
(59,2)
(36,10)
(59,6)
(6,0)
(18,0)
(26,19)
(35,2)
(11,15)
(50,12)
(20,0)
(60,17)
(11,6)
(43,2)
(39,5)
(70,4)
(34,19)
(57,4)
(5,0)
(65,0)
(11,13)
(40,17)
(72,0)
(58,9)
(23,17)
(47,8)
(34,6)
(35,3)
(35,15)
(71,2)
(61,11)
(28,5)
(58,0)
(29,7)
(15,7)
(42,12)
(55,5)
(18,5)
(34,2)
(5,0)
(56,14)
(56,8)
(23,19)
(5,2)
(54,6)
(5,14)
(32,4)
(9,10)
(62,9)
(41,11)
(4,2)
(61,13)
(9,18)
(20,1)
(56,12)
(60,5)
(59,14)
(24,0)
(65,8)
(57,9)
(26,10)
(16,11)
(21,7)
(31,1)
(24,12)
(61,6)
(65,16)
(21,0)
(18,5)
(20,0)
(13,17)
(71,19)
(52,7)
(62,6)
(20,1)
(38,6)
(41,7)
(40,3)
(63,1)
(38,14)
(41,1)
(29,9)
(27,9)
(17,11)
(49,6)
(61,7)
(17,6)
(69,9)
(6,8)
(0,15)
(0,3)
(72,8)
(28,5)
(35,3)
(22,5)
(62,8)
(57,4)
(10,2)
(26,1)
(15,1)
(70,4)
(58,6)
(18,19)
(18,6)
(23,16)
(18,7)
(27,5)
(21,6)
(20,9)
(9,1)
(1,0)
(28,19)
(71,0)
(61,2)
(1,12)
(2,12)
(23,2)
(35,3)
(71,4)
(15,0)
(0,19)
(62,8)
(70,2)
(50,2)
(8,1)
(30,13)
(43,7)
(62,1)
(66,8)
(58,10)
(3,0)
(63,12)
(59,12)
(43,19)
(32,1)
(69,0)
(57,12)
(28,15)
(8,2)
(60,4)
(35,13)
(22,1)
(23,7)
(20,12)
(67,19)
(16,4)
(42,0)
(72,4)
(28,5)
(67,7)
(50,16)
(68,0)
(37,0)
(41,17)
(61,19)
(41,0)
(35,4)
(57,2)
(52,2)
(36,0)
(27,2)
(14,3)
(23,15)
(63,19)
(46,3)
(25,2)
(16,14)
(4,14)
(14,15)
(53,13)
(57,11)
(50,6)
(23,9)
(49,1)
(67,5)
(43,12)
(21,7)
(63,5)
(33,19)
(37,12)
(9,11)
(33,12)
(13,14)
(0,12)
(7,8)
(29,10)
(35,19)
(43,0)
(26,2)
(11,16)
(54,9)
(22,8)
(5,12)
(61,12)
(34,8)
(46,13)
(36,12)
(52,4)
(50,3)
(2,18)
(60,9)
(30,7)
(48,5)
(70,6)
(13,13)
(8,7)
(36,16)
(67,11)
(47,5)
(67,0)
(38,11)
(17,11)
(36,4)
(59,18)
(50,13)
(16,9)
(63,0)
(21,0)
(5,3)
(37,9)
(20,1)
(33,6)
(13,14)
(11,0)
(61,14)
(35,1)
(2,5)
(2,8)
(43,4)
(31,15)
(0,6)
(16,4)
(32,7)
(56,6)
(66,12)
(27,13)
(52,16)
(1,17)
(45,18)
(67,16)
(68,11)
(25,10)
(62,0)
(50,7)
(9,3)
(20,19)
(4,12)
(56,17)
(54,2)
(41,11)
(6,8)
(8,7)
(5,6)
(24,0)
(42,14)
(64,2)
(58,11)
(21,5)
(27,1)
(14,8)
0.popular= 0.091111
1.popular= 0.076444
2.popular= 0.070667
3.popular= 0.059111
4.popular= 0.053333
5.popular= 0.052889
6.popular= 0.052444
7.popular= 0.049333
8.popular= 0.052889
9.popular= 0.052444
10.popular= 0.039556
11.popular= 0.046222
12.popular= 0.044444
13.popular= 0.043111
14.popular= 0.044000
15.popular= 0.031111
16.popular= 0.038667
17.popular= 0.037778
18.popular= 0.026222
19.popular= 0.038222

peer 0 neighbors is: 30, 26, 61, 9, 25, 64, 50, 14, 58, 72, 8, 10, 13, 
peer 1 neighbors is: 56, 47, 65, 72, 58, 45, 35, 16, 37, 43, 14, 19, 
peer 2 neighbors is: 8, 44, 70, 25, 35, 23, 63, 69, 64, 33, 12, 
peer 3 neighbors is: 71, 59, 70, 35, 25, 5, 27, 44, 28, 49, 4, 9, 
peer 4 neighbors is: 43, 64, 33, 54, 48, 9, 42, 8, 3, 67, 21, 
peer 5 neighbors is: 3, 59, 14, 57, 20, 25, 68, 56, 55, 67, 8, 13, 21, 
peer 6 neighbors is: 48, 63, 31, 64, 15, 16, 22, 51, 27, 20, 8, 11, 17, 
peer 7 neighbors is: 10, 66, 36, 50, 52, 71, 45, 72, 18, 17, 
peer 8 neighbors is: 2, 4, 5, 24, 0, 43, 55, 6, 41, 63, 13, 16, 18, 22, 
peer 9 neighbors is: 0, 4, 72, 35, 45, 63, 36, 20, 68, 3, 15, 38, 
peer 10 neighbors is: 7, 39, 0, 34, 30, 69, 15, 64, 17, 55, 
peer 11 neighbors is: 39, 27, 21, 36, 69, 17, 50, 37, 6, 46, 15, 
peer 12 neighbors is: 55, 21, 24, 23, 72, 2, 63, 71, 42, 48, 16, 18, 
peer 13 neighbors is: 0, 55, 37, 23, 8, 22, 49, 5, 54, 68, 
peer 14 neighbors is: 0, 5, 36, 16, 64, 1, 56, 44, 28, 58, 
peer 15 neighbors is: 6, 10, 35, 30, 68, 51, 11, 9, 50, 49, 21, 22, 
peer 16 neighbors is: 1, 6, 14, 71, 24, 55, 60, 12, 8, 29, 
peer 17 neighbors is: 7, 10, 11, 72, 48, 6, 22, 27, 18, 25, 
peer 18 neighbors is: 7, 17, 36, 26, 8, 34, 12, 55, 23, 48, 32, 
peer 19 neighbors is: 55, 21, 49, 30, 1, 50, 48, 46, 64, 22, 20, 
peer 20 neighbors is: 5, 6, 9, 54, 65, 38, 19, 69, 45, 37, 
peer 21 neighbors is: 11, 12, 19, 15, 58, 5, 26, 40, 23, 4, 
peer 22 neighbors is: 6, 13, 17, 19, 15, 41, 57, 29, 8, 44, 
peer 23 neighbors is: 2, 12, 13, 18, 21, 
peer 24 neighbors is: 8, 12, 16, 
peer 25 neighbors is: 0, 2, 3, 5, 17, 
peer 26 neighbors is: 0, 18, 21, 
peer 27 neighbors is: 3, 6, 11, 17, 
peer 28 neighbors is: 3, 14, 
peer 29 neighbors is: 16, 22, 62, 
peer 30 neighbors is: 0, 10, 15, 19, 
peer 31 neighbors is: 6, 49, 
peer 32 neighbors is: 18, 35, 
peer 33 neighbors is: 2, 4, 
peer 34 neighbors is: 10, 18, 47, 
peer 35 neighbors is: 1, 2, 3, 9, 15, 32, 61, 
peer 36 neighbors is: 7, 9, 11, 14, 18, 
peer 37 neighbors is: 1, 11, 13, 20, 
peer 38 neighbors is: 20, 9, 
peer 39 neighbors is: 10, 11, 
peer 40 neighbors is: 21, 70, 
peer 41 neighbors is: 8, 22, 
peer 42 neighbors is: 4, 12, 62, 
peer 43 neighbors is: 1, 4, 8, 
peer 44 neighbors is: 2, 3, 14, 22, 
peer 45 neighbors is: 1, 7, 9, 20, 
peer 46 neighbors is: 11, 19, 
peer 47 neighbors is: 1, 34, 
peer 48 neighbors is: 4, 6, 12, 17, 18, 19, 
peer 49 neighbors is: 3, 13, 15, 19, 31, 
peer 50 neighbors is: 0, 7, 11, 15, 19, 
peer 51 neighbors is: 6, 15, 
peer 52 neighbors is: 7, 54, 
peer 53 neighbors is: 69, 55, 
peer 54 neighbors is: 4, 13, 20, 52, 
peer 55 neighbors is: 5, 8, 10, 12, 13, 16, 18, 19, 53, 
peer 56 neighbors is: 1, 5, 14, 
peer 57 neighbors is: 5, 22, 
peer 58 neighbors is: 0, 1, 14, 21, 
peer 59 neighbors is: 3, 5, 
peer 60 neighbors is: 16, 72, 
peer 61 neighbors is: 0, 35, 
peer 62 neighbors is: 42, 29, 
peer 63 neighbors is: 2, 6, 8, 9, 12, 
peer 64 neighbors is: 0, 2, 4, 6, 10, 14, 19, 
peer 65 neighbors is: 1, 20, 
peer 66 neighbors is: 7, 70, 
peer 67 neighbors is: 4, 5, 
peer 68 neighbors is: 5, 9, 13, 15, 
peer 69 neighbors is: 2, 10, 11, 20, 53, 
peer 70 neighbors is: 2, 3, 40, 66, 
peer 71 neighbors is: 3, 7, 12, 16, 
peer 72 neighbors is: 0, 1, 7, 9, 12, 17, 60, 

