103 Users
20 Files
1500 Transactions
7 Maximum Connections
1 Cycle Length per Upload-Download
750 Warm-up Transactions
0.400000 Zipf constant
3 Pre-Trusted Users
63 Well-Behaved (Good) Users
5 Purely Malicious Users
0 Feedback Skewing Users
0 Malignant Providing Users
35 Disguised Malicous Users
0 Sybil Attack Users
true Intelligent Trans. Generation
1474142882164 Trace Generation Seed

(0.000000,0.000000,1,false)
(0.000000,0.000000,1,false)
(0.000000,0.000000,1,false)
(0.000000,0.000000,1,false)
(0.000000,0.000000,1,false)
(1.000000,0.000000,4,false)
(1.000000,0.000000,4,false)
(1.000000,0.000000,4,false)
(1.000000,0.000000,4,false)
(1.000000,0.000000,4,false)
(1.000000,0.000000,4,false)
(1.000000,0.000000,4,false)
(1.000000,0.000000,4,false)
(1.000000,0.000000,4,false)
(1.000000,0.000000,4,false)
(1.000000,0.000000,4,false)
(1.000000,0.000000,4,false)
(1.000000,0.000000,4,false)
(1.000000,0.000000,4,false)
(1.000000,0.000000,4,false)
(1.000000,0.000000,4,false)
(1.000000,0.000000,4,false)
(1.000000,0.000000,4,false)
(1.000000,0.000000,4,false)
(1.000000,0.000000,4,false)
(1.000000,0.000000,4,false)
(1.000000,0.000000,4,false)
(1.000000,0.000000,4,false)
(1.000000,0.000000,4,false)
(1.000000,0.000000,4,false)
(1.000000,0.000000,4,false)
(1.000000,0.000000,4,false)
(1.000000,0.000000,4,false)
(1.000000,0.000000,4,false)
(1.000000,0.000000,4,false)
(1.000000,0.000000,4,false)
(1.000000,0.000000,4,false)
(1.000000,0.000000,4,false)
(1.000000,0.000000,4,false)
(1.000000,0.000000,4,false)
(1.000000,1.000000,0,true)
(1.000000,1.000000,0,true)
(1.000000,1.000000,0,true)
(1.000000,1.000000,0,false)
(1.000000,1.000000,0,false)
(1.000000,1.000000,0,false)
(1.000000,1.000000,0,false)
(1.000000,1.000000,0,false)
(1.000000,1.000000,0,false)
(1.000000,1.000000,0,false)
(1.000000,1.000000,0,false)
(1.000000,1.000000,0,false)
(1.000000,1.000000,0,false)
(1.000000,1.000000,0,false)
(1.000000,1.000000,0,false)
(1.000000,1.000000,0,false)
(1.000000,1.000000,0,false)
(1.000000,1.000000,0,false)
(1.000000,1.000000,0,false)
(1.000000,1.000000,0,false)
(1.000000,1.000000,0,false)
(1.000000,1.000000,0,false)
(1.000000,1.000000,0,false)
(1.000000,1.000000,0,false)
(1.000000,1.000000,0,false)
(1.000000,1.000000,0,false)
(1.000000,1.000000,0,false)
(1.000000,1.000000,0,false)
(1.000000,1.000000,0,false)
(1.000000,1.000000,0,false)
(1.000000,1.000000,0,false)
(1.000000,1.000000,0,false)
(1.000000,1.000000,0,false)
(1.000000,1.000000,0,false)
(1.000000,1.000000,0,false)
(1.000000,1.000000,0,false)
(1.000000,1.000000,0,false)
(1.000000,1.000000,0,false)
(1.000000,1.000000,0,false)
(1.000000,1.000000,0,false)
(1.000000,1.000000,0,false)
(1.000000,1.000000,0,false)
(1.000000,1.000000,0,false)
(1.000000,1.000000,0,false)
(1.000000,1.000000,0,false)
(1.000000,1.000000,0,false)
(1.000000,1.000000,0,false)
(1.000000,1.000000,0,false)
(1.000000,1.000000,0,false)
(1.000000,1.000000,0,false)
(1.000000,1.000000,0,false)
(1.000000,1.000000,0,false)
(1.000000,1.000000,0,false)
(1.000000,1.000000,0,false)
(1.000000,1.000000,0,false)
(1.000000,1.000000,0,false)
(1.000000,1.000000,0,false)
(1.000000,1.000000,0,false)
(1.000000,1.000000,0,false)
(1.000000,1.000000,0,false)
(1.000000,1.000000,0,false)
(1.000000,1.000000,0,false)
(1.000000,1.000000,0,false)

(5,0,true)
(6,0,true)
(7,0,true)
(8,0,true)
(9,0,true)
(10,0,true)
(11,0,true)
(12,0,true)
(13,0,true)
(14,0,true)
(15,0,true)
(16,0,true)
(17,0,true)
(18,0,true)
(19,0,true)
(20,0,true)
(21,0,true)
(22,0,true)
(23,0,true)
(24,0,true)
(25,0,true)
(26,0,true)
(27,0,true)
(28,0,true)
(29,0,true)
(30,0,true)
(31,0,true)
(32,0,true)
(33,0,true)
(34,0,true)
(35,0,true)
(36,0,true)
(37,0,true)
(38,0,true)
(39,0,true)
(0,0,false)
(1,0,false)
(2,0,false)
(3,0,false)
(4,0,false)
(40,0,true)
(57,0,true)
(44,0,true)
(45,0,true)
(46,0,true)
(48,0,true)
(50,0,true)
(51,0,true)
(52,0,true)
(55,0,true)
(56,0,true)
(58,0,true)
(59,0,true)
(60,0,true)
(61,0,true)
(62,0,true)
(63,0,true)
(64,0,true)
(66,0,true)
(67,0,true)
(68,0,true)
(69,0,true)
(70,0,true)
(72,0,true)
(74,0,true)
(75,0,true)
(76,0,true)
(77,0,true)
(78,0,true)
(79,0,true)
(81,0,true)
(82,0,true)
(83,0,true)
(84,0,true)
(85,0,true)
(86,0,true)
(88,0,true)
(89,0,true)
(90,0,true)
(91,0,true)
(93,0,true)
(95,0,true)
(96,0,true)
(98,0,true)
(99,0,true)
(100,0,true)
(101,0,true)
(102,0,true)
(5,1,true)
(6,1,true)
(7,1,true)
(8,1,true)
(9,1,true)
(10,1,true)
(11,1,true)
(12,1,true)
(13,1,true)
(14,1,true)
(15,1,true)
(16,1,true)
(17,1,true)
(18,1,true)
(19,1,true)
(20,1,true)
(21,1,true)
(22,1,true)
(23,1,true)
(24,1,true)
(25,1,true)
(26,1,true)
(27,1,true)
(28,1,true)
(29,1,true)
(30,1,true)
(31,1,true)
(32,1,true)
(33,1,true)
(34,1,true)
(35,1,true)
(36,1,true)
(37,1,true)
(38,1,true)
(39,1,true)
(0,1,false)
(1,1,false)
(2,1,false)
(3,1,false)
(4,1,false)
(41,1,true)
(97,1,true)
(40,1,true)
(42,1,true)
(47,1,true)
(57,1,true)
(65,1,true)
(66,1,true)
(68,1,true)
(70,1,true)
(71,1,true)
(73,1,true)
(76,1,true)
(77,1,true)
(78,1,true)
(79,1,true)
(80,1,true)
(83,1,true)
(84,1,true)
(85,1,true)
(89,1,true)
(90,1,true)
(91,1,true)
(95,1,true)
(96,1,true)
(98,1,true)
(100,1,true)
(5,2,true)
(6,2,true)
(7,2,true)
(8,2,true)
(9,2,true)
(10,2,true)
(11,2,true)
(12,2,true)
(13,2,true)
(14,2,true)
(15,2,true)
(16,2,true)
(17,2,true)
(18,2,true)
(19,2,true)
(20,2,true)
(21,2,true)
(22,2,true)
(23,2,true)
(24,2,true)
(25,2,true)
(26,2,true)
(27,2,true)
(28,2,true)
(29,2,true)
(30,2,true)
(31,2,true)
(32,2,true)
(33,2,true)
(34,2,true)
(35,2,true)
(36,2,true)
(37,2,true)
(38,2,true)
(39,2,true)
(0,2,false)
(1,2,false)
(2,2,false)
(3,2,false)
(4,2,false)
(42,2,true)
(49,2,true)
(54,2,true)
(62,2,true)
(65,2,true)
(67,2,true)
(69,2,true)
(73,2,true)
(80,2,true)
(82,2,true)
(87,2,true)
(93,2,true)
(97,2,true)
(102,2,true)
(5,3,true)
(6,3,true)
(7,3,true)
(8,3,true)
(9,3,true)
(10,3,true)
(11,3,true)
(12,3,true)
(13,3,true)
(14,3,true)
(15,3,true)
(16,3,true)
(17,3,true)
(18,3,true)
(19,3,true)
(20,3,true)
(21,3,true)
(22,3,true)
(23,3,true)
(24,3,true)
(25,3,true)
(26,3,true)
(27,3,true)
(28,3,true)
(29,3,true)
(30,3,true)
(31,3,true)
(32,3,true)
(33,3,true)
(34,3,true)
(35,3,true)
(36,3,true)
(37,3,true)
(38,3,true)
(39,3,true)
(0,3,false)
(1,3,false)
(2,3,false)
(3,3,false)
(4,3,false)
(43,3,true)
(64,3,true)
(75,3,true)
(88,3,true)
(5,4,true)
(6,4,true)
(7,4,true)
(8,4,true)
(9,4,true)
(10,4,true)
(11,4,true)
(12,4,true)
(13,4,true)
(14,4,true)
(15,4,true)
(16,4,true)
(17,4,true)
(18,4,true)
(19,4,true)
(20,4,true)
(21,4,true)
(22,4,true)
(23,4,true)
(24,4,true)
(25,4,true)
(26,4,true)
(27,4,true)
(28,4,true)
(29,4,true)
(30,4,true)
(31,4,true)
(32,4,true)
(33,4,true)
(34,4,true)
(35,4,true)
(36,4,true)
(37,4,true)
(38,4,true)
(39,4,true)
(0,4,false)
(1,4,false)
(2,4,false)
(3,4,false)
(4,4,false)
(44,4,true)
(86,4,true)
(92,4,true)
(5,5,true)
(6,5,true)
(7,5,true)
(8,5,true)
(9,5,true)
(10,5,true)
(11,5,true)
(12,5,true)
(13,5,true)
(14,5,true)
(15,5,true)
(16,5,true)
(17,5,true)
(18,5,true)
(19,5,true)
(20,5,true)
(21,5,true)
(22,5,true)
(23,5,true)
(24,5,true)
(25,5,true)
(26,5,true)
(27,5,true)
(28,5,true)
(29,5,true)
(30,5,true)
(31,5,true)
(32,5,true)
(33,5,true)
(34,5,true)
(35,5,true)
(36,5,true)
(37,5,true)
(38,5,true)
(39,5,true)
(0,5,false)
(1,5,false)
(2,5,false)
(3,5,false)
(4,5,false)
(45,5,true)
(87,5,true)
(92,5,true)
(5,6,true)
(6,6,true)
(7,6,true)
(8,6,true)
(9,6,true)
(10,6,true)
(11,6,true)
(12,6,true)
(13,6,true)
(14,6,true)
(15,6,true)
(16,6,true)
(17,6,true)
(18,6,true)
(19,6,true)
(20,6,true)
(21,6,true)
(22,6,true)
(23,6,true)
(24,6,true)
(25,6,true)
(26,6,true)
(27,6,true)
(28,6,true)
(29,6,true)
(30,6,true)
(31,6,true)
(32,6,true)
(33,6,true)
(34,6,true)
(35,6,true)
(36,6,true)
(37,6,true)
(38,6,true)
(39,6,true)
(0,6,false)
(1,6,false)
(2,6,false)
(3,6,false)
(4,6,false)
(46,6,true)
(43,6,true)
(5,7,true)
(6,7,true)
(7,7,true)
(8,7,true)
(9,7,true)
(10,7,true)
(11,7,true)
(12,7,true)
(13,7,true)
(14,7,true)
(15,7,true)
(16,7,true)
(17,7,true)
(18,7,true)
(19,7,true)
(20,7,true)
(21,7,true)
(22,7,true)
(23,7,true)
(24,7,true)
(25,7,true)
(26,7,true)
(27,7,true)
(28,7,true)
(29,7,true)
(30,7,true)
(31,7,true)
(32,7,true)
(33,7,true)
(34,7,true)
(35,7,true)
(36,7,true)
(37,7,true)
(38,7,true)
(39,7,true)
(0,7,false)
(1,7,false)
(2,7,false)
(3,7,false)
(4,7,false)
(47,7,true)
(53,7,true)
(5,8,true)
(6,8,true)
(7,8,true)
(8,8,true)
(9,8,true)
(10,8,true)
(11,8,true)
(12,8,true)
(13,8,true)
(14,8,true)
(15,8,true)
(16,8,true)
(17,8,true)
(18,8,true)
(19,8,true)
(20,8,true)
(21,8,true)
(22,8,true)
(23,8,true)
(24,8,true)
(25,8,true)
(26,8,true)
(27,8,true)
(28,8,true)
(29,8,true)
(30,8,true)
(31,8,true)
(32,8,true)
(33,8,true)
(34,8,true)
(35,8,true)
(36,8,true)
(37,8,true)
(38,8,true)
(39,8,true)
(0,8,false)
(1,8,false)
(2,8,false)
(3,8,false)
(4,8,false)
(48,8,true)
(63,8,true)
(5,9,true)
(6,9,true)
(7,9,true)
(8,9,true)
(9,9,true)
(10,9,true)
(11,9,true)
(12,9,true)
(13,9,true)
(14,9,true)
(15,9,true)
(16,9,true)
(17,9,true)
(18,9,true)
(19,9,true)
(20,9,true)
(21,9,true)
(22,9,true)
(23,9,true)
(24,9,true)
(25,9,true)
(26,9,true)
(27,9,true)
(28,9,true)
(29,9,true)
(30,9,true)
(31,9,true)
(32,9,true)
(33,9,true)
(34,9,true)
(35,9,true)
(36,9,true)
(37,9,true)
(38,9,true)
(39,9,true)
(0,9,false)
(1,9,false)
(2,9,false)
(3,9,false)
(4,9,false)
(50,9,true)
(101,9,true)
(5,10,true)
(6,10,true)
(7,10,true)
(8,10,true)
(9,10,true)
(10,10,true)
(11,10,true)
(12,10,true)
(13,10,true)
(14,10,true)
(15,10,true)
(16,10,true)
(17,10,true)
(18,10,true)
(19,10,true)
(20,10,true)
(21,10,true)
(22,10,true)
(23,10,true)
(24,10,true)
(25,10,true)
(26,10,true)
(27,10,true)
(28,10,true)
(29,10,true)
(30,10,true)
(31,10,true)
(32,10,true)
(33,10,true)
(34,10,true)
(35,10,true)
(36,10,true)
(37,10,true)
(38,10,true)
(39,10,true)
(0,10,false)
(1,10,false)
(2,10,false)
(3,10,false)
(4,10,false)
(51,10,true)
(74,10,true)
(5,11,true)
(6,11,true)
(7,11,true)
(8,11,true)
(9,11,true)
(10,11,true)
(11,11,true)
(12,11,true)
(13,11,true)
(14,11,true)
(15,11,true)
(16,11,true)
(17,11,true)
(18,11,true)
(19,11,true)
(20,11,true)
(21,11,true)
(22,11,true)
(23,11,true)
(24,11,true)
(25,11,true)
(26,11,true)
(27,11,true)
(28,11,true)
(29,11,true)
(30,11,true)
(31,11,true)
(32,11,true)
(33,11,true)
(34,11,true)
(35,11,true)
(36,11,true)
(37,11,true)
(38,11,true)
(39,11,true)
(0,11,false)
(1,11,false)
(2,11,false)
(3,11,false)
(4,11,false)
(52,11,true)
(41,11,true)
(5,12,true)
(6,12,true)
(7,12,true)
(8,12,true)
(9,12,true)
(10,12,true)
(11,12,true)
(12,12,true)
(13,12,true)
(14,12,true)
(15,12,true)
(16,12,true)
(17,12,true)
(18,12,true)
(19,12,true)
(20,12,true)
(21,12,true)
(22,12,true)
(23,12,true)
(24,12,true)
(25,12,true)
(26,12,true)
(27,12,true)
(28,12,true)
(29,12,true)
(30,12,true)
(31,12,true)
(32,12,true)
(33,12,true)
(34,12,true)
(35,12,true)
(36,12,true)
(37,12,true)
(38,12,true)
(39,12,true)
(0,12,false)
(1,12,false)
(2,12,false)
(3,12,false)
(4,12,false)
(53,12,true)
(72,12,true)
(5,13,true)
(6,13,true)
(7,13,true)
(8,13,true)
(9,13,true)
(10,13,true)
(11,13,true)
(12,13,true)
(13,13,true)
(14,13,true)
(15,13,true)
(16,13,true)
(17,13,true)
(18,13,true)
(19,13,true)
(20,13,true)
(21,13,true)
(22,13,true)
(23,13,true)
(24,13,true)
(25,13,true)
(26,13,true)
(27,13,true)
(28,13,true)
(29,13,true)
(30,13,true)
(31,13,true)
(32,13,true)
(33,13,true)
(34,13,true)
(35,13,true)
(36,13,true)
(37,13,true)
(38,13,true)
(39,13,true)
(0,13,false)
(1,13,false)
(2,13,false)
(3,13,false)
(4,13,false)
(54,13,true)
(71,13,true)
(5,14,true)
(6,14,true)
(7,14,true)
(8,14,true)
(9,14,true)
(10,14,true)
(11,14,true)
(12,14,true)
(13,14,true)
(14,14,true)
(15,14,true)
(16,14,true)
(17,14,true)
(18,14,true)
(19,14,true)
(20,14,true)
(21,14,true)
(22,14,true)
(23,14,true)
(24,14,true)
(25,14,true)
(26,14,true)
(27,14,true)
(28,14,true)
(29,14,true)
(30,14,true)
(31,14,true)
(32,14,true)
(33,14,true)
(34,14,true)
(35,14,true)
(36,14,true)
(37,14,true)
(38,14,true)
(39,14,true)
(0,14,false)
(1,14,false)
(2,14,false)
(3,14,false)
(4,14,false)
(55,14,true)
(41,14,true)
(5,15,true)
(6,15,true)
(7,15,true)
(8,15,true)
(9,15,true)
(10,15,true)
(11,15,true)
(12,15,true)
(13,15,true)
(14,15,true)
(15,15,true)
(16,15,true)
(17,15,true)
(18,15,true)
(19,15,true)
(20,15,true)
(21,15,true)
(22,15,true)
(23,15,true)
(24,15,true)
(25,15,true)
(26,15,true)
(27,15,true)
(28,15,true)
(29,15,true)
(30,15,true)
(31,15,true)
(32,15,true)
(33,15,true)
(34,15,true)
(35,15,true)
(36,15,true)
(37,15,true)
(38,15,true)
(39,15,true)
(0,15,false)
(1,15,false)
(2,15,false)
(3,15,false)
(4,15,false)
(56,15,true)
(99,15,true)
(5,16,true)
(6,16,true)
(7,16,true)
(8,16,true)
(9,16,true)
(10,16,true)
(11,16,true)
(12,16,true)
(13,16,true)
(14,16,true)
(15,16,true)
(16,16,true)
(17,16,true)
(18,16,true)
(19,16,true)
(20,16,true)
(21,16,true)
(22,16,true)
(23,16,true)
(24,16,true)
(25,16,true)
(26,16,true)
(27,16,true)
(28,16,true)
(29,16,true)
(30,16,true)
(31,16,true)
(32,16,true)
(33,16,true)
(34,16,true)
(35,16,true)
(36,16,true)
(37,16,true)
(38,16,true)
(39,16,true)
(0,16,false)
(1,16,false)
(2,16,false)
(3,16,false)
(4,16,false)
(58,16,true)
(81,16,true)
(5,17,true)
(6,17,true)
(7,17,true)
(8,17,true)
(9,17,true)
(10,17,true)
(11,17,true)
(12,17,true)
(13,17,true)
(14,17,true)
(15,17,true)
(16,17,true)
(17,17,true)
(18,17,true)
(19,17,true)
(20,17,true)
(21,17,true)
(22,17,true)
(23,17,true)
(24,17,true)
(25,17,true)
(26,17,true)
(27,17,true)
(28,17,true)
(29,17,true)
(30,17,true)
(31,17,true)
(32,17,true)
(33,17,true)
(34,17,true)
(35,17,true)
(36,17,true)
(37,17,true)
(38,17,true)
(39,17,true)
(0,17,false)
(1,17,false)
(2,17,false)
(3,17,false)
(4,17,false)
(59,17,true)
(49,17,true)
(5,18,true)
(6,18,true)
(7,18,true)
(8,18,true)
(9,18,true)
(10,18,true)
(11,18,true)
(12,18,true)
(13,18,true)
(14,18,true)
(15,18,true)
(16,18,true)
(17,18,true)
(18,18,true)
(19,18,true)
(20,18,true)
(21,18,true)
(22,18,true)
(23,18,true)
(24,18,true)
(25,18,true)
(26,18,true)
(27,18,true)
(28,18,true)
(29,18,true)
(30,18,true)
(31,18,true)
(32,18,true)
(33,18,true)
(34,18,true)
(35,18,true)
(36,18,true)
(37,18,true)
(38,18,true)
(39,18,true)
(0,18,false)
(1,18,false)
(2,18,false)
(3,18,false)
(4,18,false)
(60,18,true)
(94,18,true)
(5,19,true)
(6,19,true)
(7,19,true)
(8,19,true)
(9,19,true)
(10,19,true)
(11,19,true)
(12,19,true)
(13,19,true)
(14,19,true)
(15,19,true)
(16,19,true)
(17,19,true)
(18,19,true)
(19,19,true)
(20,19,true)
(21,19,true)
(22,19,true)
(23,19,true)
(24,19,true)
(25,19,true)
(26,19,true)
(27,19,true)
(28,19,true)
(29,19,true)
(30,19,true)
(31,19,true)
(32,19,true)
(33,19,true)
(34,19,true)
(35,19,true)
(36,19,true)
(37,19,true)
(38,19,true)
(39,19,true)
(0,19,false)
(1,19,false)
(2,19,false)
(3,19,false)
(4,19,false)
(61,19,true)
(94,19,true)

0,-1,-1,-1,-1,-1,-1,1,-1,-1,1,-1,1,-1,-1,-1,-1,-1,-1,-1,-1,1,1,-1,-1,1,-1,-1,-1,1,-1,1,-1,1,-1,-1,-1,-1,-1,1,-1,-1,-1,-1,-1,-1,-1,-1,-1,-1,-1,-1,1,-1,-1,-1,-1,-1,-1,-1,-1,-1,1,-1,-1,-1,-1,-1,-1,-1,-1,-1,-1,-1,-1,-1,-1,-1,1,-1,-1,-1,-1,-1,-1,-1,-1,-1,-1,-1,-1,-1,-1,-1,-1,-1,1,-1,-1,-1,1,-1,-1,
-1,0,-1,1,-1,1,-1,-1,-1,-1,-1,1,1,-1,-1,-1,-1,-1,-1,-1,-1,-1,-1,1,1,-1,-1,-1,-1,-1,-1,-1,-1,-1,-1,-1,-1,1,-1,-1,-1,-1,1,-1,-1,-1,-1,-1,-1,-1,-1,-1,1,1,-1,-1,-1,-1,-1,-1,1,1,-1,-1,-1,-1,-1,-1,-1,-1,1,-1,-1,-1,-1,-1,-1,-1,-1,-1,1,-1,-1,-1,-1,-1,-1,-1,-1,-1,-1,-1,-1,-1,-1,-1,-1,-1,-1,-1,-1,-1,-1,
-1,-1,0,-1,-1,-1,-1,-1,-1,1,-1,-1,-1,-1,-1,-1,-1,-1,-1,1,-1,-1,-1,1,-1,-1,-1,-1,-1,-1,-1,-1,-1,-1,-1,-1,-1,-1,-1,1,-1,-1,-1,-1,-1,-1,-1,-1,-1,-1,-1,-1,-1,-1,-1,1,-1,-1,-1,-1,-1,1,-1,1,-1,-1,-1,-1,-1,-1,-1,-1,-1,-1,-1,-1,-1,-1,1,-1,-1,-1,-1,-1,-1,-1,-1,-1,1,-1,-1,-1,-1,1,-1,-1,-1,-1,-1,1,-1,-1,-1,
-1,1,-1,0,-1,-1,-1,-1,-1,-1,-1,-1,-1,-1,-1,-1,-1,-1,1,-1,-1,-1,-1,-1,-1,-1,-1,-1,-1,-1,-1,1,-1,-1,-1,-1,-1,-1,-1,-1,-1,1,-1,-1,-1,-1,-1,-1,-1,-1,-1,1,-1,-1,-1,-1,-1,-1,-1,-1,-1,-1,-1,-1,1,-1,-1,-1,-1,-1,-1,-1,-1,-1,1,-1,-1,-1,-1,-1,-1,1,-1,-1,-1,-1,-1,-1,1,-1,-1,-1,-1,-1,-1,-1,-1,1,-1,1,-1,-1,-1,
-1,-1,-1,-1,0,-1,1,-1,-1,-1,-1,-1,-1,1,-1,-1,-1,-1,-1,-1,1,1,-1,-1,-1,1,-1,-1,-1,1,-1,-1,-1,1,-1,1,-1,-1,-1,-1,-1,-1,-1,-1,1,-1,-1,1,1,-1,-1,-1,-1,-1,-1,-1,-1,1,1,-1,-1,-1,-1,-1,1,-1,-1,-1,-1,-1,-1,-1,-1,-1,-1,-1,-1,-1,-1,-1,-1,-1,-1,-1,-1,-1,-1,-1,-1,-1,1,-1,-1,-1,-1,-1,-1,-1,-1,-1,-1,-1,-1,
-1,1,-1,-1,-1,0,-1,-1,-1,1,-1,-1,-1,1,-1,-1,-1,-1,-1,-1,-1,1,-1,-1,-1,-1,1,1,-1,-1,1,-1,1,-1,-1,1,-1,-1,-1,-1,-1,-1,-1,-1,-1,-1,-1,-1,-1,-1,-1,-1,-1,-1,-1,-1,-1,-1,-1,1,1,-1,1,-1,-1,1,-1,1,-1,-1,1,-1,1,-1,-1,-1,-1,-1,-1,-1,-1,-1,-1,-1,-1,-1,-1,-1,-1,-1,-1,-1,-1,-1,-1,-1,-1,-1,-1,-1,-1,-1,-1,
-1,-1,-1,-1,1,-1,0,1,-1,-1,-1,-1,-1,-1,1,-1,-1,1,-1,-1,-1,-1,-1,-1,-1,-1,-1,-1,1,-1,-1,-1,-1,-1,-1,1,-1,-1,-1,-1,1,-1,-1,-1,1,-1,-1,-1,-1,-1,-1,1,-1,-1,-1,-1,-1,1,1,-1,-1,-1,-1,-1,-1,-1,-1,-1,-1,-1,-1,-1,1,-1,-1,-1,-1,-1,1,-1,-1,-1,-1,-1,-1,-1,-1,-1,-1,-1,-1,-1,-1,-1,-1,-1,-1,-1,-1,-1,-1,1,-1,
1,-1,-1,-1,-1,-1,1,0,-1,-1,-1,-1,-1,-1,-1,-1,-1,-1,-1,-1,-1,-1,-1,-1,1,-1,-1,-1,-1,-1,-1,-1,-1,-1,-1,-1,-1,-1,-1,-1,1,1,-1,1,-1,-1,-1,-1,-1,1,-1,-1,-1,-1,-1,-1,-1,-1,-1,-1,-1,-1,-1,-1,-1,-1,-1,-1,-1,-1,-1,-1,-1,-1,-1,-1,-1,-1,-1,1,1,1,-1,-1,-1,-1,-1,-1,-1,-1,-1,-1,-1,-1,-1,-1,-1,-1,-1,-1,-1,-1,-1,
-1,-1,-1,-1,-1,-1,-1,-1,0,1,-1,-1,1,-1,-1,-1,-1,1,-1,-1,-1,-1,-1,-1,-1,-1,-1,-1,1,-1,1,-1,-1,-1,-1,-1,-1,-1,1,-1,1,-1,1,-1,-1,-1,-1,-1,1,-1,1,-1,-1,-1,-1,-1,-1,-1,-1,-1,-1,-1,-1,-1,1,-1,-1,-1,-1,-1,-1,-1,-1,-1,-1,1,-1,-1,-1,-1,-1,-1,-1,-1,-1,1,-1,-1,-1,-1,1,-1,-1,-1,-1,-1,-1,-1,-1,-1,-1,-1,-1,
-1,-1,1,-1,-1,1,-1,-1,1,0,-1,-1,1,-1,-1,1,-1,-1,-1,-1,-1,-1,-1,-1,-1,-1,-1,-1,1,-1,1,-1,-1,-1,-1,1,1,-1,-1,-1,-1,-1,1,-1,-1,-1,-1,-1,-1,-1,-1,-1,-1,1,-1,-1,-1,1,-1,-1,-1,-1,-1,-1,-1,-1,-1,-1,-1,-1,1,-1,-1,-1,-1,-1,-1,-1,-1,-1,-1,-1,-1,-1,-1,-1,-1,-1,-1,-1,-1,-1,-1,-1,-1,-1,-1,-1,-1,-1,-1,-1,1,
1,-1,-1,-1,-1,-1,-1,-1,-1,-1,0,-1,-1,-1,-1,-1,-1,-1,-1,-1,1,-1,-1,-1,-1,1,-1,-1,-1,-1,-1,-1,-1,-1,-1,-1,-1,-1,-1,1,-1,-1,-1,-1,-1,-1,1,1,-1,-1,-1,-1,-1,1,-1,-1,-1,1,-1,-1,-1,-1,-1,-1,-1,-1,-1,-1,-1,1,-1,-1,-1,-1,-1,-1,-1,-1,-1,-1,-1,1,1,-1,-1,-1,-1,-1,-1,-1,-1,1,-1,-1,-1,-1,-1,-1,-1,-1,-1,-1,-1,
-1,1,-1,-1,-1,-1,-1,-1,-1,-1,-1,0,-1,-1,-1,1,-1,-1,-1,-1,-1,1,-1,-1,-1,-1,-1,1,-1,-1,1,-1,1,-1,-1,-1,-1,-1,-1,-1,-1,-1,-1,-1,1,-1,-1,-1,-1,1,1,-1,-1,-1,-1,-1,1,-1,-1,-1,-1,-1,-1,-1,-1,-1,-1,-1,-1,-1,-1,-1,-1,-1,-1,-1,-1,-1,-1,-1,-1,-1,-1,-1,-1,-1,-1,-1,-1,-1,-1,-1,-1,-1,-1,-1,-1,-1,-1,-1,-1,-1,-1,
1,1,-1,-1,-1,-1,-1,-1,1,1,-1,-1,0,-1,-1,-1,-1,-1,-1,-1,-1,-1,-1,-1,-1,-1,-1,-1,-1,-1,-1,-1,-1,-1,-1,-1,-1,-1,1,-1,-1,-1,1,-1,-1,-1,1,-1,-1,-1,-1,-1,-1,-1,-1,-1,-1,-1,-1,-1,-1,-1,-1,-1,-1,-1,-1,-1,-1,1,-1,-1,-1,-1,-1,-1,-1,-1,-1,1,1,-1,-1,-1,1,-1,-1,-1,-1,-1,-1,-1,-1,-1,-1,-1,-1,-1,-1,-1,-1,-1,-1,
-1,-1,-1,-1,1,1,-1,-1,-1,-1,-1,-1,-1,0,-1,-1,-1,-1,-1,-1,-1,-1,1,-1,-1,-1,-1,1,-1,-1,-1,-1,-1,-1,-1,-1,-1,-1,-1,-1,1,-1,-1,-1,-1,-1,-1,1,-1,-1,-1,-1,-1,-1,-1,-1,-1,-1,-1,-1,-1,1,-1,-1,-1,-1,-1,1,1,-1,-1,-1,-1,-1,-1,-1,-1,1,-1,-1,-1,-1,-1,-1,-1,-1,1,-1,-1,-1,-1,-1,-1,-1,-1,-1,-1,-1,-1,-1,-1,-1,-1,
-1,-1,-1,-1,-1,-1,1,-1,-1,-1,-1,-1,-1,-1,0,1,1,-1,1,-1,-1,-1,1,-1,-1,-1,-1,-1,-1,1,-1,-1,-1,-1,-1,-1,-1,-1,-1,-1,-1,-1,-1,-1,-1,-1,1,-1,-1,-1,-1,-1,-1,-1,-1,-1,-1,-1,-1,-1,-1,-1,-1,-1,-1,-1,-1,-1,-1,-1,-1,1,-1,-1,-1,-1,-1,1,-1,-1,-1,-1,-1,-1,-1,-1,-1,-1,-1,-1,-1,-1,-1,-1,1,-1,-1,1,-1,-1,-1,-1,-1,
-1,-1,-1,-1,-1,-1,-1,-1,-1,1,-1,1,-1,-1,1,0,-1,-1,1,-1,-1,-1,-1,-1,-1,-1,-1,-1,-1,1,-1,-1,-1,-1,-1,-1,1,-1,-1,-1,1,-1,-1,1,-1,-1,-1,-1,1,-1,-1,-1,-1,-1,-1,-1,-1,-1,-1,-1,1,1,-1,-1,-1,-1,-1,-1,-1,-1,-1,-1,-1,-1,-1,-1,-1,-1,-1,1,-1,-1,-1,-1,-1,-1,-1,-1,-1,-1,-1,-1,-1,-1,-1,-1,1,-1,-1,-1,-1,-1,-1,
-1,-1,-1,-1,-1,-1,-1,-1,-1,-1,-1,-1,-1,-1,1,-1,0,-1,-1,-1,-1,-1,1,1,-1,1,1,-1,-1,-1,-1,-1,1,-1,1,-1,-1,-1,-1,-1,1,-1,-1,-1,1,-1,-1,-1,-1,-1,-1,-1,-1,-1,-1,-1,-1,-1,-1,-1,-1,-1,-1,-1,-1,-1,-1,1,-1,-1,-1,-1,-1,-1,-1,1,-1,-1,-1,1,-1,-1,-1,-1,-1,-1,-1,1,-1,-1,-1,-1,-1,-1,-1,-1,-1,-1,-1,-1,-1,1,-1,
-1,-1,-1,-1,-1,-1,1,-1,1,-1,-1,-1,-1,-1,-1,-1,-1,0,-1,-1,-1,-1,-1,-1,-1,-1,-1,1,1,-1,-1,-1,-1,-1,1,-1,-1,-1,-1,-1,-1,-1,-1,-1,-1,-1,-1,-1,-1,-1,-1,-1,-1,-1,1,-1,1,-1,-1,-1,-1,-1,-1,-1,-1,-1,-1,-1,-1,-1,-1,1,-1,-1,-1,-1,-1,-1,-1,-1,-1,-1,-1,-1,-1,-1,-1,1,-1,-1,-1,-1,-1,-1,1,-1,-1,-1,-1,-1,-1,-1,-1,
-1,-1,-1,1,-1,-1,-1,-1,-1,-1,-1,-1,-1,-1,1,1,-1,-1,0,-1,-1,-1,-1,-1,-1,-1,-1,-1,-1,-1,-1,-1,-1,1,-1,-1,1,-1,1,1,-1,1,-1,-1,-1,-1,-1,-1,-1,-1,-1,-1,-1,-1,-1,-1,-1,-1,-1,-1,1,-1,-1,-1,-1,-1,-1,1,-1,-1,-1,1,1,-1,-1,-1,-1,-1,-1,-1,-1,-1,-1,-1,-1,-1,-1,-1,1,-1,-1,-1,-1,-1,-1,-1,-1,-1,-1,-1,-1,-1,-1,
-1,-1,1,-1,-1,-1,-1,-1,-1,-1,-1,-1,-1,-1,-1,-1,-1,-1,-1,0,1,-1,-1,1,1,-1,-1,-1,-1,-1,1,-1,-1,-1,-1,-1,-1,-1,-1,-1,1,-1,-1,-1,-1,-1,-1,-1,-1,-1,-1,-1,-1,-1,-1,-1,1,-1,-1,-1,-1,-1,-1,-1,-1,-1,-1,-1,-1,-1,-1,-1,-1,-1,-1,-1,-1,-1,-1,-1,1,-1,-1,-1,1,-1,-1,-1,-1,-1,-1,-1,1,-1,1,-1,-1,-1,-1,-1,1,-1,-1,
-1,-1,-1,-1,1,-1,-1,-1,-1,-1,1,-1,-1,-1,-1,-1,-1,-1,-1,1,0,1,-1,-1,-1,-1,-1,-1,-1,-1,-1,-1,-1,-1,-1,1,-1,-1,1,-1,-1,-1,-1,-1,-1,-1,-1,-1,-1,-1,-1,-1,1,1,1,-1,-1,-1,-1,-1,-1,-1,-1,-1,-1,-1,-1,-1,-1,-1,-1,-1,-1,-1,-1,-1,-1,-1,-1,-1,-1,-1,-1,-1,-1,-1,-1,-1,-1,-1,-1,-1,-1,-1,-1,1,-1,-1,-1,-1,-1,-1,-1,
1,-1,-1,-1,1,1,-1,-1,-1,-1,-1,1,-1,-1,-1,-1,-1,-1,-1,-1,1,0,-1,1,-1,-1,-1,1,-1,-1,-1,-1,-1,-1,-1,-1,-1,1,-1,-1,-1,-1,-1,-1,-1,-1,-1,1,-1,-1,-1,1,1,-1,-1,-1,-1,1,-1,-1,-1,-1,-1,-1,-1,-1,-1,-1,-1,-1,-1,-1,-1,-1,-1,-1,-1,-1,-1,-1,-1,-1,-1,-1,-1,-1,-1,-1,-1,-1,-1,-1,-1,-1,-1,-1,-1,-1,-1,-1,-1,-1,-1,
1,-1,-1,-1,-1,-1,-1,-1,-1,-1,-1,-1,-1,1,1,-1,1,-1,-1,-1,-1,-1,0,-1,1,-1,-1,-1,-1,-1,1,1,1,-1,-1,-1,-1,-1,-1,-1,-1,-1,-1,-1,-1,-1,-1,-1,-1,1,-1,-1,-1,-1,-1,-1,-1,-1,-1,-1,-1,-1,-1,-1,-1,-1,1,-1,-1,-1,-1,-1,-1,-1,-1,-1,-1,1,-1,-1,-1,-1,-1,-1,-1,-1,1,-1,-1,-1,-1,-1,-1,-1,-1,-1,-1,-1,-1,-1,-1,-1,-1,
-1,1,1,-1,-1,-1,-1,-1,-1,-1,-1,-1,-1,-1,-1,-1,1,-1,-1,1,-1,1,-1,0,-1,-1,-1,-1,-1,-1,-1,-1,-1,-1,-1,-1,-1,-1,-1,-1,-1,-1,-1,-1,-1,-1,-1,-1,-1,1,-1,-1,-1,-1,-1,-1,-1,1,-1,-1,-1,-1,1,-1,-1,-1,-1,-1,-1,-1,-1,-1,-1,-1,-1,-1,-1,-1,-1,-1,-1,-1,-1,-1,-1,-1,-1,-1,1,-1,-1,-1,-1,-1,-1,-1,-1,-1,-1,-1,-1,1,-1,
-1,1,-1,-1,-1,-1,-1,1,-1,-1,-1,-1,-1,-1,-1,-1,-1,-1,-1,1,-1,-1,1,-1,0,1,-1,-1,-1,-1,-1,-1,-1,-1,-1,-1,-1,-1,-1,-1,-1,-1,-1,-1,-1,-1,-1,-1,-1,-1,-1,-1,-1,-1,-1,-1,1,-1,-1,-1,-1,-1,-1,-1,1,-1,-1,-1,-1,-1,-1,-1,-1,-1,-1,-1,-1,-1,-1,-1,-1,-1,-1,-1,-1,1,-1,-1,-1,-1,-1,-1,-1,-1,-1,-1,-1,1,-1,-1,-1,-1,1,
1,-1,-1,-1,1,-1,-1,-1,-1,-1,1,-1,-1,-1,-1,-1,1,-1,-1,-1,-1,-1,-1,-1,1,0,-1,-1,-1,1,1,-1,-1,-1,-1,-1,-1,-1,-1,-1,-1,-1,-1,-1,-1,-1,-1,-1,-1,-1,-1,1,-1,-1,-1,-1,-1,-1,-1,-1,-1,-1,-1,-1,-1,-1,-1,-1,-1,-1,-1,-1,-1,-1,-1,-1,-1,-1,-1,-1,-1,-1,-1,-1,-1,-1,-1,-1,-1,-1,-1,-1,-1,-1,1,-1,-1,-1,1,-1,-1,-1,-1,
-1,-1,-1,-1,-1,1,-1,-1,-1,-1,-1,-1,-1,-1,-1,-1,1,-1,-1,-1,-1,-1,-1,-1,-1,-1,0,-1,-1,-1,-1,-1,-1,-1,-1,-1,-1,-1,-1,-1,-1,-1,-1,-1,1,1,1,-1,-1,-1,-1,-1,-1,1,-1,-1,-1,-1,-1,-1,-1,-1,1,-1,1,1,-1,-1,-1,-1,-1,-1,-1,-1,-1,-1,-1,1,-1,-1,-1,-1,-1,-1,-1,-1,-1,-1,-1,-1,-1,-1,-1,-1,-1,-1,-1,-1,-1,-1,-1,-1,1,
-1,-1,-1,-1,-1,1,-1,-1,-1,-1,-1,1,-1,1,-1,-1,-1,1,-1,-1,-1,1,-1,-1,-1,-1,-1,0,-1,1,-1,1,-1,-1,-1,-1,1,-1,1,-1,-1,-1,-1,-1,-1,-1,-1,-1,-1,-1,-1,-1,-1,-1,-1,-1,-1,-1,-1,-1,-1,-1,-1,-1,-1,-1,-1,-1,-1,-1,-1,-1,-1,-1,-1,-1,1,-1,-1,-1,-1,-1,-1,-1,-1,1,-1,-1,-1,-1,-1,-1,-1,-1,-1,-1,-1,-1,-1,-1,-1,-1,-1,
-1,-1,-1,-1,-1,-1,1,-1,1,1,-1,-1,-1,-1,-1,-1,-1,1,-1,-1,-1,-1,-1,-1,-1,-1,-1,-1,0,-1,1,-1,-1,-1,-1,-1,-1,-1,-1,-1,-1,-1,-1,-1,-1,-1,-1,-1,1,-1,-1,-1,-1,-1,-1,-1,-1,-1,-1,-1,-1,-1,-1,-1,-1,-1,-1,-1,-1,-1,1,-1,-1,-1,1,-1,1,-1,-1,-1,-1,-1,-1,-1,-1,-1,-1,-1,-1,-1,-1,-1,-1,-1,-1,-1,-1,-1,-1,1,-1,-1,-1,
1,-1,-1,-1,1,-1,-1,-1,-1,-1,-1,-1,-1,-1,1,1,-1,-1,-1,-1,-1,-1,-1,-1,-1,1,-1,1,-1,0,-1,-1,-1,-1,-1,1,-1,-1,1,-1,-1,-1,-1,-1,-1,1,-1,-1,-1,-1,-1,-1,-1,-1,-1,-1,-1,-1,-1,-1,-1,-1,-1,-1,-1,-1,-1,-1,-1,-1,-1,-1,-1,-1,-1,1,-1,-1,-1,-1,-1,-1,-1,-1,-1,-1,-1,-1,-1,-1,-1,-1,-1,-1,-1,-1,-1,-1,-1,-1,-1,-1,1,
-1,-1,-1,-1,-1,1,-1,-1,1,1,-1,1,-1,-1,-1,-1,-1,-1,-1,1,-1,-1,1,-1,-1,1,-1,-1,1,-1,0,-1,-1,-1,1,-1,-1,-1,-1,-1,-1,1,-1,-1,-1,-1,-1,-1,-1,-1,-1,-1,-1,-1,-1,-1,-1,-1,1,-1,-1,-1,-1,-1,-1,-1,-1,-1,-1,-1,-1,-1,-1,-1,-1,-1,-1,-1,-1,-1,-1,-1,-1,-1,-1,-1,-1,-1,-1,-1,-1,-1,-1,-1,-1,-1,-1,-1,-1,-1,-1,-1,-1,
1,-1,-1,1,-1,-1,-1,-1,-1,-1,-1,-1,-1,-1,-1,-1,-1,-1,-1,-1,-1,-1,1,-1,-1,-1,-1,1,-1,-1,-1,0,1,-1,-1,1,-1,-1,-1,-1,-1,-1,-1,-1,-1,-1,1,-1,-1,-1,-1,-1,-1,-1,-1,-1,-1,-1,-1,-1,-1,-1,-1,-1,-1,-1,-1,-1,-1,-1,-1,-1,-1,-1,-1,-1,-1,-1,1,-1,1,-1,-1,-1,-1,-1,1,-1,-1,1,-1,-1,-1,-1,-1,-1,-1,-1,-1,-1,-1,-1,-1,
-1,-1,-1,-1,-1,1,-1,-1,-1,-1,-1,1,-1,-1,-1,-1,1,-1,-1,-1,-1,-1,1,-1,-1,-1,-1,-1,-1,-1,-1,1,0,1,1,-1,-1,-1,-1,-1,-1,-1,-1,-1,1,-1,-1,-1,-1,-1,-1,-1,-1,-1,1,-1,-1,-1,-1,-1,-1,1,-1,-1,1,-1,-1,-1,-1,-1,-1,-1,-1,-1,-1,-1,-1,-1,-1,-1,-1,-1,-1,-1,-1,-1,-1,-1,-1,-1,-1,-1,-1,-1,-1,-1,-1,1,-1,-1,-1,-1,-1,
1,-1,-1,-1,1,-1,-1,-1,-1,-1,-1,-1,-1,-1,-1,-1,-1,-1,1,-1,-1,-1,-1,-1,-1,-1,-1,-1,-1,-1,-1,-1,1,0,-1,-1,-1,-1,-1,1,-1,-1,-1,-1,-1,-1,1,-1,-1,-1,-1,-1,-1,-1,-1,-1,-1,-1,-1,1,-1,-1,-1,-1,-1,-1,-1,-1,1,-1,-1,-1,-1,-1,-1,-1,-1,-1,1,-1,1,-1,-1,-1,-1,-1,-1,-1,-1,-1,-1,1,-1,-1,-1,-1,-1,-1,-1,-1,-1,-1,-1,
-1,-1,-1,-1,-1,-1,-1,-1,-1,-1,-1,-1,-1,-1,-1,-1,1,1,-1,-1,-1,-1,-1,-1,-1,-1,-1,-1,-1,-1,1,-1,1,-1,0,-1,-1,-1,-1,-1,-1,-1,-1,-1,-1,-1,-1,-1,-1,-1,-1,1,-1,-1,-1,-1,-1,-1,-1,-1,-1,-1,-1,-1,-1,-1,-1,-1,-1,-1,-1,-1,-1,1,-1,-1,-1,-1,-1,-1,-1,-1,-1,-1,-1,-1,-1,-1,-1,-1,1,1,-1,-1,1,-1,-1,-1,-1,-1,-1,-1,1,
-1,-1,-1,-1,1,1,1,-1,-1,1,-1,-1,-1,-1,-1,-1,-1,-1,-1,-1,1,-1,-1,-1,-1,-1,-1,-1,-1,1,-1,1,-1,-1,-1,0,-1,1,-1,-1,-1,-1,-1,-1,-1,-1,-1,-1,-1,-1,-1,-1,-1,-1,-1,-1,1,-1,-1,-1,-1,-1,-1,-1,-1,-1,-1,-1,-1,-1,-1,-1,-1,-1,-1,-1,-1,-1,-1,-1,-1,-1,-1,-1,-1,-1,-1,-1,-1,-1,-1,-1,-1,-1,-1,-1,1,-1,-1,-1,-1,-1,-1,
-1,-1,-1,-1,-1,-1,-1,-1,-1,1,-1,-1,-1,-1,-1,1,-1,-1,1,-1,-1,-1,-1,-1,-1,-1,-1,1,-1,-1,-1,-1,-1,-1,-1,-1,0,-1,-1,-1,-1,-1,1,-1,-1,-1,-1,1,-1,-1,-1,-1,-1,-1,1,-1,-1,-1,-1,-1,-1,-1,-1,1,-1,-1,-1,-1,1,-1,-1,-1,-1,-1,-1,-1,-1,-1,1,-1,-1,-1,-1,-1,-1,-1,-1,-1,-1,-1,-1,-1,1,-1,-1,-1,-1,-1,-1,-1,-1,-1,-1,
-1,1,-1,-1,-1,-1,-1,-1,-1,-1,-1,-1,-1,-1,-1,-1,-1,-1,-1,-1,-1,1,-1,-1,-1,-1,-1,-1,-1,-1,-1,-1,-1,-1,-1,1,-1,0,1,-1,-1,1,1,-1,1,-1,-1,-1,-1,1,-1,1,-1,-1,-1,-1,-1,-1,-1,-1,-1,-1,-1,-1,-1,-1,-1,-1,-1,-1,-1,-1,-1,-1,-1,-1,-1,-1,-1,-1,-1,1,-1,-1,-1,-1,-1,-1,1,-1,-1,-1,-1,-1,-1,-1,-1,-1,-1,-1,-1,-1,-1,
-1,-1,-1,-1,-1,-1,-1,-1,1,-1,-1,-1,1,-1,-1,-1,-1,-1,1,-1,1,-1,-1,-1,-1,-1,-1,1,-1,1,-1,-1,-1,-1,-1,-1,-1,1,0,-1,-1,-1,-1,-1,-1,-1,-1,-1,-1,-1,-1,-1,-1,-1,-1,-1,-1,-1,-1,-1,-1,-1,-1,-1,-1,-1,-1,-1,-1,-1,-1,-1,-1,-1,-1,-1,-1,-1,-1,-1,-1,-1,1,-1,-1,-1,-1,-1,-1,-1,-1,-1,-1,-1,-1,-1,-1,1,-1,-1,-1,-1,1,
1,-1,1,-1,-1,-1,-1,-1,-1,-1,1,-1,-1,-1,-1,-1,-1,-1,1,-1,-1,-1,-1,-1,-1,-1,-1,-1,-1,-1,-1,-1,-1,1,-1,-1,-1,-1,-1,0,1,1,-1,-1,-1,-1,-1,1,-1,1,-1,-1,-1,-1,-1,-1,-1,-1,-1,-1,-1,-1,-1,-1,-1,-1,-1,-1,-1,-1,1,-1,-1,-1,-1,-1,-1,-1,-1,-1,-1,-1,-1,1,-1,-1,-1,-1,-1,-1,-1,-1,1,-1,-1,-1,-1,-1,-1,-1,-1,-1,-1,
-1,-1,-1,-1,-1,-1,1,1,1,-1,-1,-1,-1,1,-1,1,1,-1,-1,1,-1,-1,-1,-1,-1,-1,-1,-1,-1,-1,-1,-1,-1,-1,-1,-1,-1,-1,-1,1,0,-1,-1,-1,-1,-1,-1,-1,-1,-1,-1,-1,-1,-1,-1,-1,-1,-1,-1,-1,-1,-1,-1,-1,-1,-1,1,-1,-1,-1,-1,-1,-1,-1,-1,-1,-1,-1,-1,1,-1,-1,-1,-1,-1,-1,-1,-1,-1,-1,-1,-1,-1,-1,-1,-1,-1,-1,-1,-1,-1,-1,-1,
-1,-1,-1,1,-1,-1,-1,1,-1,-1,-1,-1,-1,-1,-1,-1,-1,-1,1,-1,-1,-1,-1,-1,-1,-1,-1,-1,-1,-1,1,-1,-1,-1,-1,-1,-1,1,-1,1,-1,0,1,-1,-1,-1,-1,-1,1,-1,-1,-1,-1,-1,-1,-1,-1,-1,-1,-1,-1,-1,-1,-1,-1,-1,-1,-1,-1,-1,-1,-1,-1,1,1,-1,-1,-1,-1,-1,-1,-1,-1,-1,-1,-1,-1,-1,-1,-1,-1,-1,-1,-1,-1,-1,-1,-1,-1,-1,-1,-1,-1,
-1,1,-1,-1,-1,-1,-1,-1,1,1,-1,-1,1,-1,-1,-1,-1,-1,-1,-1,-1,-1,-1,-1,-1,-1,-1,-1,-1,-1,-1,-1,-1,-1,-1,-1,1,1,-1,-1,-1,1,0,-1,1,-1,-1,-1,-1,-1,-1,-1,-1,-1,-1,-1,-1,-1,-1,-1,-1,-1,-1,-1,-1,-1,-1,-1,-1,-1,-1,-1,-1,-1,-1,1,-1,-1,-1,-1,-1,-1,-1,-1,-1,-1,-1,-1,-1,-1,-1,-1,-1,-1,-1,1,-1,-1,-1,-1,-1,-1,-1,
-1,-1,-1,-1,-1,-1,-1,1,-1,-1,-1,-1,-1,-1,-1,1,-1,-1,-1,-1,-1,-1,-1,-1,-1,-1,-1,-1,-1,-1,-1,-1,-1,-1,-1,-1,-1,-1,-1,-1,-1,-1,-1,0,-1,-1,-1,-1,-1,-1,-1,-1,-1,-1,-1,-1,-1,-1,-1,-1,-1,-1,-1,-1,-1,-1,-1,-1,-1,-1,-1,-1,-1,-1,-1,-1,-1,-1,-1,-1,-1,-1,-1,-1,-1,-1,-1,-1,-1,-1,-1,-1,-1,-1,-1,-1,-1,-1,-1,-1,-1,-1,-1,
-1,-1,-1,-1,1,-1,1,-1,-1,-1,-1,1,-1,-1,-1,-1,1,-1,-1,-1,-1,-1,-1,-1,-1,-1,1,-1,-1,-1,-1,-1,1,-1,-1,-1,-1,1,-1,-1,-1,-1,1,-1,0,-1,-1,-1,-1,-1,-1,-1,-1,-1,-1,-1,-1,-1,-1,-1,-1,-1,-1,-1,-1,-1,-1,-1,-1,-1,-1,-1,-1,-1,-1,-1,-1,-1,-1,-1,-1,-1,-1,-1,-1,-1,-1,-1,-1,-1,-1,-1,-1,-1,-1,-1,-1,-1,-1,-1,-1,-1,-1,
-1,-1,-1,-1,-1,-1,-1,-1,-1,-1,-1,-1,-1,-1,-1,-1,-1,-1,-1,-1,-1,-1,-1,-1,-1,-1,1,-1,-1,1,-1,-1,-1,-1,-1,-1,-1,-1,-1,-1,-1,-1,-1,-1,-1,0,-1,-1,-1,-1,-1,-1,-1,-1,-1,-1,-1,-1,-1,-1,-1,-1,-1,-1,-1,-1,-1,-1,-1,-1,-1,-1,-1,-1,-1,-1,-1,-1,-1,-1,-1,-1,-1,-1,-1,-1,-1,-1,-1,-1,-1,-1,-1,-1,-1,-1,-1,-1,-1,-1,-1,-1,-1,
-1,-1,-1,-1,-1,-1,-1,-1,-1,-1,1,-1,1,-1,1,-1,-1,-1,-1,-1,-1,-1,-1,-1,-1,-1,1,-1,-1,-1,-1,1,-1,1,-1,-1,-1,-1,-1,-1,-1,-1,-1,-1,-1,-1,0,-1,-1,-1,-1,-1,-1,-1,-1,-1,-1,-1,-1,-1,-1,-1,-1,-1,-1,-1,-1,-1,-1,-1,-1,-1,-1,-1,-1,-1,-1,-1,-1,-1,-1,-1,-1,-1,-1,-1,-1,-1,-1,-1,-1,-1,-1,-1,-1,-1,-1,-1,-1,-1,-1,-1,-1,
-1,-1,-1,-1,1,-1,-1,-1,-1,-1,1,-1,-1,1,-1,-1,-1,-1,-1,-1,-1,1,-1,-1,-1,-1,-1,-1,-1,-1,-1,-1,-1,-1,-1,-1,1,-1,-1,1,-1,-1,-1,-1,-1,-1,-1,0,-1,-1,-1,-1,-1,-1,-1,-1,-1,-1,-1,-1,-1,-1,-1,-1,-1,-1,-1,-1,-1,-1,-1,-1,-1,-1,-1,-1,-1,-1,-1,-1,-1,-1,-1,-1,-1,-1,-1,-1,-1,-1,-1,-1,-1,-1,-1,-1,-1,-1,-1,-1,-1,-1,-1,
-1,-1,-1,-1,1,-1,-1,-1,1,-1,-1,-1,-1,-1,-1,1,-1,-1,-1,-1,-1,-1,-1,-1,-1,-1,-1,-1,1,-1,-1,-1,-1,-1,-1,-1,-1,-1,-1,-1,-1,1,-1,-1,-1,-1,-1,-1,0,-1,-1,-1,-1,-1,-1,-1,-1,-1,-1,-1,-1,-1,-1,-1,-1,-1,-1,-1,-1,-1,-1,-1,-1,-1,-1,-1,-1,-1,-1,-1,-1,-1,-1,-1,-1,-1,-1,-1,-1,-1,-1,-1,-1,-1,-1,-1,-1,-1,-1,-1,-1,-1,-1,
-1,-1,-1,-1,-1,-1,-1,1,-1,-1,-1,1,-1,-1,-1,-1,-1,-1,-1,-1,-1,-1,1,1,-1,-1,-1,-1,-1,-1,-1,-1,-1,-1,-1,-1,-1,1,-1,1,-1,-1,-1,-1,-1,-1,-1,-1,-1,0,-1,-1,-1,-1,-1,-1,-1,-1,-1,-1,-1,-1,-1,-1,-1,-1,-1,-1,-1,-1,-1,-1,-1,-1,-1,-1,-1,-1,-1,-1,-1,-1,-1,-1,-1,-1,-1,-1,-1,-1,-1,-1,-1,-1,-1,-1,-1,-1,-1,-1,-1,-1,-1,
-1,-1,-1,-1,-1,-1,-1,-1,1,-1,-1,1,-1,-1,-1,-1,-1,-1,-1,-1,-1,-1,-1,-1,-1,-1,-1,-1,-1,-1,-1,-1,-1,-1,-1,-1,-1,-1,-1,-1,-1,-1,-1,-1,-1,-1,-1,-1,-1,-1,0,-1,-1,-1,-1,-1,-1,-1,-1,-1,-1,-1,-1,-1,-1,-1,-1,-1,-1,-1,-1,-1,-1,-1,-1,-1,-1,-1,-1,-1,-1,-1,-1,-1,-1,-1,-1,-1,-1,-1,-1,-1,-1,-1,-1,-1,-1,-1,-1,-1,-1,-1,-1,
-1,-1,-1,1,-1,-1,1,-1,-1,-1,-1,-1,-1,-1,-1,-1,-1,-1,-1,-1,-1,1,-1,-1,-1,1,-1,-1,-1,-1,-1,-1,-1,-1,1,-1,-1,1,-1,-1,-1,-1,-1,-1,-1,-1,-1,-1,-1,-1,-1,0,-1,-1,-1,1,-1,-1,-1,-1,-1,-1,-1,-1,-1,-1,-1,-1,-1,-1,-1,-1,-1,-1,-1,-1,-1,-1,-1,-1,-1,-1,-1,-1,-1,-1,-1,-1,-1,-1,-1,-1,-1,-1,-1,-1,-1,-1,-1,-1,-1,-1,-1,
1,1,-1,-1,-1,-1,-1,-1,-1,-1,-1,-1,-1,-1,-1,-1,-1,-1,-1,-1,1,1,-1,-1,-1,-1,-1,-1,-1,-1,-1,-1,-1,-1,-1,-1,-1,-1,-1,-1,-1,-1,-1,-1,-1,-1,-1,-1,-1,-1,-1,-1,0,-1,-1,-1,-1,-1,-1,-1,-1,-1,-1,-1,-1,-1,-1,-1,-1,-1,-1,-1,-1,-1,-1,-1,-1,-1,-1,-1,-1,-1,-1,-1,-1,-1,-1,-1,-1,-1,-1,-1,-1,-1,-1,-1,-1,-1,-1,-1,-1,-1,-1,
-1,1,-1,-1,-1,-1,-1,-1,-1,1,1,-1,-1,-1,-1,-1,-1,-1,-1,-1,1,-1,-1,-1,-1,-1,1,-1,-1,-1,-1,-1,-1,-1,-1,-1,-1,-1,-1,-1,-1,-1,-1,-1,-1,-1,-1,-1,-1,-1,-1,-1,-1,0,-1,-1,-1,-1,-1,-1,-1,-1,-1,-1,-1,-1,-1,-1,-1,-1,-1,-1,-1,-1,-1,-1,-1,-1,-1,-1,-1,-1,-1,-1,-1,-1,-1,-1,-1,-1,-1,-1,-1,-1,-1,-1,-1,-1,-1,-1,-1,-1,-1,
-1,-1,-1,-1,-1,-1,-1,-1,-1,-1,-1,-1,-1,-1,-1,-1,-1,1,-1,-1,1,-1,-1,-1,-1,-1,-1,-1,-1,-1,-1,-1,1,-1,-1,-1,1,-1,-1,-1,-1,-1,-1,-1,-1,-1,-1,-1,-1,-1,-1,-1,-1,-1,0,-1,-1,-1,-1,-1,-1,-1,-1,-1,-1,-1,-1,-1,-1,-1,-1,-1,-1,-1,-1,-1,-1,-1,-1,-1,-1,-1,-1,-1,-1,-1,-1,-1,-1,-1,-1,-1,-1,-1,-1,-1,-1,-1,-1,-1,-1,-1,-1,
-1,-1,1,-1,-1,-1,-1,-1,-1,-1,-1,-1,-1,-1,-1,-1,-1,-1,-1,-1,-1,-1,-1,-1,-1,-1,-1,-1,-1,-1,-1,-1,-1,-1,-1,-1,-1,-1,-1,-1,-1,-1,-1,-1,-1,-1,-1,-1,-1,-1,-1,1,-1,-1,-1,0,-1,-1,-1,-1,-1,-1,-1,-1,-1,-1,-1,-1,-1,-1,-1,-1,-1,-1,-1,-1,-1,-1,-1,-1,-1,-1,-1,-1,-1,-1,-1,-1,-1,-1,-1,-1,-1,-1,-1,-1,-1,-1,-1,-1,-1,-1,-1,
-1,-1,-1,-1,-1,-1,-1,-1,-1,-1,-1,1,-1,-1,-1,-1,-1,1,-1,1,-1,-1,-1,-1,1,-1,-1,-1,-1,-1,-1,-1,-1,-1,-1,1,-1,-1,-1,-1,-1,-1,-1,-1,-1,-1,-1,-1,-1,-1,-1,-1,-1,-1,-1,-1,0,-1,-1,-1,-1,-1,-1,-1,-1,-1,-1,-1,-1,-1,-1,-1,-1,-1,-1,-1,-1,-1,-1,-1,-1,-1,-1,-1,-1,-1,-1,-1,-1,-1,-1,-1,-1,-1,-1,-1,-1,-1,-1,-1,-1,-1,-1,
-1,-1,-1,-1,1,-1,1,-1,-1,1,1,-1,-1,-1,-1,-1,-1,-1,-1,-1,-1,1,-1,1,-1,-1,-1,-1,-1,-1,-1,-1,-1,-1,-1,-1,-1,-1,-1,-1,-1,-1,-1,-1,-1,-1,-1,-1,-1,-1,-1,-1,-1,-1,-1,-1,-1,0,-1,-1,-1,-1,-1,-1,-1,-1,-1,-1,-1,-1,-1,-1,-1,-1,-1,-1,-1,-1,-1,-1,-1,-1,-1,-1,-1,-1,-1,-1,-1,-1,-1,-1,-1,-1,-1,-1,-1,-1,-1,-1,-1,-1,-1,
-1,-1,-1,-1,1,-1,1,-1,-1,-1,-1,-1,-1,-1,-1,-1,-1,-1,-1,-1,-1,-1,-1,-1,-1,-1,-1,-1,-1,-1,1,-1,-1,-1,-1,-1,-1,-1,-1,-1,-1,-1,-1,-1,-1,-1,-1,-1,-1,-1,-1,-1,-1,-1,-1,-1,-1,-1,0,-1,-1,-1,-1,-1,-1,-1,-1,-1,-1,-1,-1,-1,-1,-1,-1,-1,-1,-1,-1,-1,-1,-1,-1,-1,-1,-1,-1,-1,-1,-1,-1,-1,-1,-1,-1,-1,-1,-1,-1,-1,-1,-1,-1,
-1,-1,-1,-1,-1,1,-1,-1,-1,-1,-1,-1,-1,-1,-1,-1,-1,-1,-1,-1,-1,-1,-1,-1,-1,-1,-1,-1,-1,-1,-1,-1,-1,1,-1,-1,-1,-1,-1,-1,-1,-1,-1,-1,-1,-1,-1,-1,-1,-1,-1,-1,-1,-1,-1,-1,-1,-1,-1,0,-1,-1,-1,-1,-1,-1,-1,-1,-1,-1,-1,-1,-1,-1,-1,-1,-1,-1,-1,-1,-1,-1,-1,-1,-1,-1,-1,-1,-1,-1,-1,-1,-1,-1,-1,-1,-1,-1,-1,-1,-1,-1,-1,
-1,1,-1,-1,-1,1,-1,-1,-1,-1,-1,-1,-1,-1,-1,1,-1,-1,1,-1,-1,-1,-1,-1,-1,-1,-1,-1,-1,-1,-1,-1,-1,-1,-1,-1,-1,-1,-1,-1,-1,-1,-1,-1,-1,-1,-1,-1,-1,-1,-1,-1,-1,-1,-1,-1,-1,-1,-1,-1,0,-1,-1,-1,-1,-1,-1,-1,-1,-1,-1,-1,-1,-1,-1,-1,-1,-1,-1,-1,-1,-1,-1,-1,-1,-1,-1,-1,-1,-1,-1,-1,-1,-1,-1,-1,-1,-1,-1,-1,-1,-1,-1,
-1,1,1,-1,-1,-1,-1,-1,-1,-1,-1,-1,-1,1,-1,1,-1,-1,-1,-1,-1,-1,-1,-1,-1,-1,-1,-1,-1,-1,-1,-1,1,-1,-1,-1,-1,-1,-1,-1,-1,-1,-1,-1,-1,-1,-1,-1,-1,-1,-1,-1,-1,-1,-1,-1,-1,-1,-1,-1,-1,0,-1,-1,-1,-1,-1,-1,-1,-1,-1,-1,-1,-1,-1,-1,-1,-1,-1,-1,-1,-1,-1,-1,-1,-1,-1,-1,-1,-1,-1,-1,-1,-1,-1,-1,-1,-1,-1,-1,-1,-1,-1,
1,-1,-1,-1,-1,1,-1,-1,-1,-1,-1,-1,-1,-1,-1,-1,-1,-1,-1,-1,-1,-1,-1,1,-1,-1,1,-1,-1,-1,-1,-1,-1,-1,-1,-1,-1,-1,-1,-1,-1,-1,-1,-1,-1,-1,-1,-1,-1,-1,-1,-1,-1,-1,-1,-1,-1,-1,-1,-1,-1,-1,0,-1,-1,-1,-1,-1,-1,-1,-1,-1,-1,-1,-1,-1,-1,-1,-1,-1,-1,-1,-1,-1,-1,-1,-1,-1,-1,-1,-1,-1,-1,-1,-1,-1,-1,-1,-1,-1,-1,-1,-1,
-1,-1,1,-1,-1,-1,-1,-1,-1,-1,-1,-1,-1,-1,-1,-1,-1,-1,-1,-1,-1,-1,-1,-1,-1,-1,-1,-1,-1,-1,-1,-1,-1,-1,-1,-1,1,-1,-1,-1,-1,-1,-1,-1,-1,-1,-1,-1,-1,-1,-1,-1,-1,-1,-1,-1,-1,-1,-1,-1,-1,-1,-1,0,-1,-1,-1,-1,-1,-1,-1,-1,-1,-1,-1,-1,-1,-1,-1,-1,-1,-1,-1,-1,-1,-1,-1,-1,-1,-1,-1,-1,-1,-1,-1,-1,-1,-1,-1,-1,-1,-1,-1,
-1,-1,-1,1,1,-1,-1,-1,1,-1,-1,-1,-1,-1,-1,-1,-1,-1,-1,-1,-1,-1,-1,-1,1,-1,1,-1,-1,-1,-1,-1,1,-1,-1,-1,-1,-1,-1,-1,-1,-1,-1,-1,-1,-1,-1,-1,-1,-1,-1,-1,-1,-1,-1,-1,-1,-1,-1,-1,-1,-1,-1,-1,0,-1,-1,-1,-1,-1,-1,-1,-1,-1,-1,-1,-1,-1,-1,-1,-1,-1,-1,-1,-1,-1,-1,-1,-1,-1,-1,-1,-1,-1,-1,-1,-1,-1,-1,-1,-1,-1,-1,
-1,-1,-1,-1,-1,1,-1,-1,-1,-1,-1,-1,-1,-1,-1,-1,-1,-1,-1,-1,-1,-1,-1,-1,-1,-1,1,-1,-1,-1,-1,-1,-1,-1,-1,-1,-1,-1,-1,-1,-1,-1,-1,-1,-1,-1,-1,-1,-1,-1,-1,-1,-1,-1,-1,-1,-1,-1,-1,-1,-1,-1,-1,-1,-1,0,-1,-1,-1,-1,-1,-1,-1,-1,-1,-1,-1,-1,-1,-1,-1,-1,-1,-1,-1,-1,-1,-1,-1,-1,-1,-1,-1,-1,-1,-1,-1,-1,-1,-1,-1,-1,-1,
-1,-1,-1,-1,-1,-1,-1,-1,-1,-1,-1,-1,-1,-1,-1,-1,-1,-1,-1,-1,-1,-1,1,-1,-1,-1,-1,-1,-1,-1,-1,-1,-1,-1,-1,-1,-1,-1,-1,-1,1,-1,-1,-1,-1,-1,-1,-1,-1,-1,-1,-1,-1,-1,-1,-1,-1,-1,-1,-1,-1,-1,-1,-1,-1,-1,0,-1,-1,-1,-1,-1,-1,-1,-1,-1,-1,-1,-1,-1,-1,-1,-1,-1,-1,-1,-1,-1,-1,-1,-1,-1,-1,-1,-1,-1,-1,-1,-1,-1,-1,-1,-1,
-1,-1,-1,-1,-1,1,-1,-1,-1,-1,-1,-1,-1,1,-1,-1,1,-1,1,-1,-1,-1,-1,-1,-1,-1,-1,-1,-1,-1,-1,-1,-1,-1,-1,-1,-1,-1,-1,-1,-1,-1,-1,-1,-1,-1,-1,-1,-1,-1,-1,-1,-1,-1,-1,-1,-1,-1,-1,-1,-1,-1,-1,-1,-1,-1,-1,0,-1,-1,-1,-1,-1,-1,-1,-1,-1,-1,-1,-1,-1,-1,-1,-1,-1,-1,-1,-1,-1,-1,-1,-1,-1,-1,-1,-1,-1,-1,-1,-1,-1,-1,-1,
-1,-1,-1,-1,-1,-1,-1,-1,-1,-1,-1,-1,-1,1,-1,-1,-1,-1,-1,-1,-1,-1,-1,-1,-1,-1,-1,-1,-1,-1,-1,-1,-1,1,-1,-1,1,-1,-1,-1,-1,-1,-1,-1,-1,-1,-1,-1,-1,-1,-1,-1,-1,-1,-1,-1,-1,-1,-1,-1,-1,-1,-1,-1,-1,-1,-1,-1,0,-1,-1,-1,-1,-1,-1,-1,-1,-1,-1,-1,-1,-1,-1,-1,-1,-1,-1,-1,-1,-1,-1,-1,-1,-1,-1,-1,-1,-1,-1,-1,-1,-1,-1,
-1,-1,-1,-1,-1,-1,-1,-1,-1,-1,1,-1,1,-1,-1,-1,-1,-1,-1,-1,-1,-1,-1,-1,-1,-1,-1,-1,-1,-1,-1,-1,-1,-1,-1,-1,-1,-1,-1,-1,-1,-1,-1,-1,-1,-1,-1,-1,-1,-1,-1,-1,-1,-1,-1,-1,-1,-1,-1,-1,-1,-1,-1,-1,-1,-1,-1,-1,-1,0,-1,-1,-1,-1,-1,-1,-1,-1,-1,-1,-1,-1,-1,-1,-1,-1,-1,-1,-1,-1,-1,-1,-1,-1,-1,-1,-1,-1,-1,-1,-1,-1,-1,
-1,1,-1,-1,-1,1,-1,-1,-1,1,-1,-1,-1,-1,-1,-1,-1,-1,-1,-1,-1,-1,-1,-1,-1,-1,-1,-1,1,-1,-1,-1,-1,-1,-1,-1,-1,-1,-1,1,-1,-1,-1,-1,-1,-1,-1,-1,-1,-1,-1,-1,-1,-1,-1,-1,-1,-1,-1,-1,-1,-1,-1,-1,-1,-1,-1,-1,-1,-1,0,-1,-1,-1,-1,-1,-1,-1,-1,-1,-1,-1,-1,-1,-1,-1,-1,-1,-1,-1,-1,-1,-1,-1,-1,-1,-1,-1,-1,-1,-1,-1,-1,
-1,-1,-1,-1,-1,-1,-1,-1,-1,-1,-1,-1,-1,-1,1,-1,-1,1,1,-1,-1,-1,-1,-1,-1,-1,-1,-1,-1,-1,-1,-1,-1,-1,-1,-1,-1,-1,-1,-1,-1,-1,-1,-1,-1,-1,-1,-1,-1,-1,-1,-1,-1,-1,-1,-1,-1,-1,-1,-1,-1,-1,-1,-1,-1,-1,-1,-1,-1,-1,-1,0,-1,-1,-1,-1,-1,-1,-1,-1,-1,-1,-1,-1,-1,-1,-1,-1,-1,-1,-1,-1,-1,-1,-1,-1,-1,-1,-1,-1,-1,-1,-1,
-1,-1,-1,-1,-1,1,1,-1,-1,-1,-1,-1,-1,-1,-1,-1,-1,-1,1,-1,-1,-1,-1,-1,-1,-1,-1,-1,-1,-1,-1,-1,-1,-1,-1,-1,-1,-1,-1,-1,-1,-1,-1,-1,-1,-1,-1,-1,-1,-1,-1,-1,-1,-1,-1,-1,-1,-1,-1,-1,-1,-1,-1,-1,-1,-1,-1,-1,-1,-1,-1,-1,0,-1,-1,-1,-1,-1,-1,-1,-1,-1,-1,-1,-1,-1,-1,-1,-1,-1,-1,-1,-1,-1,-1,-1,-1,-1,-1,-1,-1,-1,-1,
-1,-1,-1,-1,-1,-1,-1,-1,-1,-1,-1,-1,-1,-1,-1,-1,-1,-1,-1,-1,-1,-1,-1,-1,-1,-1,-1,-1,-1,-1,-1,-1,-1,-1,1,-1,-1,-1,-1,-1,-1,1,-1,-1,-1,-1,-1,-1,-1,-1,-1,-1,-1,-1,-1,-1,-1,-1,-1,-1,-1,-1,-1,-1,-1,-1,-1,-1,-1,-1,-1,-1,-1,0,-1,-1,-1,-1,-1,-1,-1,-1,-1,-1,-1,-1,-1,-1,-1,-1,-1,-1,-1,1,-1,-1,-1,-1,-1,-1,-1,-1,-1,
-1,-1,-1,1,-1,-1,-1,-1,-1,-1,-1,-1,-1,-1,-1,-1,-1,-1,-1,-1,-1,-1,-1,-1,-1,-1,-1,-1,1,-1,-1,-1,-1,-1,-1,-1,-1,-1,-1,-1,-1,1,-1,-1,-1,-1,-1,-1,-1,-1,-1,-1,-1,-1,-1,-1,-1,-1,-1,-1,-1,-1,-1,-1,-1,-1,-1,-1,-1,-1,-1,-1,-1,-1,0,-1,-1,-1,-1,-1,-1,-1,-1,-1,-1,-1,-1,-1,-1,-1,-1,-1,-1,-1,-1,-1,-1,-1,-1,-1,-1,-1,-1,
-1,-1,-1,-1,-1,-1,-1,-1,1,-1,-1,-1,-1,-1,-1,-1,1,-1,-1,-1,-1,-1,-1,-1,-1,-1,-1,-1,-1,1,-1,-1,-1,-1,-1,-1,-1,-1,-1,-1,-1,-1,1,-1,-1,-1,-1,-1,-1,-1,-1,-1,-1,-1,-1,-1,-1,-1,-1,-1,-1,-1,-1,-1,-1,-1,-1,-1,-1,-1,-1,-1,-1,-1,-1,0,-1,-1,-1,-1,-1,-1,-1,-1,-1,-1,-1,-1,-1,1,-1,-1,-1,-1,-1,-1,-1,-1,-1,-1,-1,-1,-1,
-1,-1,-1,-1,-1,-1,-1,-1,-1,-1,-1,-1,-1,-1,-1,-1,-1,-1,-1,-1,-1,-1,-1,-1,-1,-1,-1,1,1,-1,-1,-1,-1,-1,-1,-1,-1,-1,-1,-1,-1,-1,-1,-1,-1,-1,-1,-1,-1,-1,-1,-1,-1,-1,-1,-1,-1,-1,-1,-1,-1,-1,-1,-1,-1,-1,-1,-1,-1,-1,-1,-1,-1,-1,-1,-1,0,-1,-1,-1,-1,-1,-1,1,-1,-1,-1,-1,-1,-1,-1,-1,-1,-1,-1,-1,-1,-1,-1,-1,-1,-1,-1,
-1,-1,-1,-1,-1,-1,-1,-1,-1,-1,-1,-1,-1,1,1,-1,-1,-1,-1,-1,-1,-1,1,-1,-1,-1,1,-1,-1,-1,-1,-1,-1,-1,-1,-1,-1,-1,-1,-1,-1,-1,-1,-1,-1,-1,-1,-1,-1,-1,-1,-1,-1,-1,-1,-1,-1,-1,-1,-1,-1,-1,-1,-1,-1,-1,-1,-1,-1,-1,-1,-1,-1,-1,-1,-1,-1,0,-1,-1,-1,-1,-1,-1,-1,-1,-1,-1,-1,-1,-1,-1,-1,-1,-1,-1,-1,-1,-1,-1,-1,-1,-1,
1,-1,1,-1,-1,-1,1,-1,-1,-1,-1,-1,-1,-1,-1,-1,-1,-1,-1,-1,-1,-1,-1,-1,-1,-1,-1,-1,-1,-1,-1,1,-1,1,-1,-1,1,-1,-1,-1,-1,-1,-1,-1,-1,-1,-1,-1,-1,-1,-1,-1,-1,-1,-1,-1,-1,-1,-1,-1,-1,-1,-1,-1,-1,-1,-1,-1,-1,-1,-1,-1,-1,-1,-1,-1,-1,-1,0,-1,-1,-1,-1,-1,-1,-1,-1,-1,-1,-1,-1,-1,-1,-1,-1,-1,-1,-1,-1,-1,-1,-1,-1,
-1,-1,-1,-1,-1,-1,-1,1,-1,-1,-1,-1,1,-1,-1,1,1,-1,-1,-1,-1,-1,-1,-1,-1,-1,-1,-1,-1,-1,-1,-1,-1,-1,-1,-1,-1,-1,-1,-1,1,-1,-1,-1,-1,-1,-1,-1,-1,-1,-1,-1,-1,-1,-1,-1,-1,-1,-1,-1,-1,-1,-1,-1,-1,-1,-1,-1,-1,-1,-1,-1,-1,-1,-1,-1,-1,-1,-1,0,-1,-1,-1,-1,-1,-1,-1,-1,-1,-1,-1,-1,-1,-1,-1,-1,-1,-1,-1,-1,-1,-1,-1,
-1,1,-1,-1,-1,-1,-1,1,-1,-1,-1,-1,1,-1,-1,-1,-1,-1,-1,1,-1,-1,-1,-1,-1,-1,-1,-1,-1,-1,-1,1,-1,1,-1,-1,-1,-1,-1,-1,-1,-1,-1,-1,-1,-1,-1,-1,-1,-1,-1,-1,-1,-1,-1,-1,-1,-1,-1,-1,-1,-1,-1,-1,-1,-1,-1,-1,-1,-1,-1,-1,-1,-1,-1,-1,-1,-1,-1,-1,0,-1,-1,-1,-1,-1,-1,-1,-1,-1,-1,-1,-1,-1,-1,-1,-1,-1,-1,-1,-1,-1,-1,
-1,-1,-1,1,-1,-1,-1,1,-1,-1,1,-1,-1,-1,-1,-1,-1,-1,-1,-1,-1,-1,-1,-1,-1,-1,-1,-1,-1,-1,-1,-1,-1,-1,-1,-1,-1,1,-1,-1,-1,-1,-1,-1,-1,-1,-1,-1,-1,-1,-1,-1,-1,-1,-1,-1,-1,-1,-1,-1,-1,-1,-1,-1,-1,-1,-1,-1,-1,-1,-1,-1,-1,-1,-1,-1,-1,-1,-1,-1,-1,0,-1,-1,-1,-1,-1,-1,-1,-1,-1,-1,-1,-1,-1,-1,-1,-1,-1,-1,-1,-1,-1,
-1,-1,-1,-1,-1,-1,-1,-1,-1,-1,1,-1,-1,-1,-1,-1,-1,-1,-1,-1,-1,-1,-1,-1,-1,-1,-1,-1,-1,-1,-1,-1,-1,-1,-1,-1,-1,-1,1,-1,-1,-1,-1,-1,-1,-1,-1,-1,-1,-1,-1,-1,-1,-1,-1,-1,-1,-1,-1,-1,-1,-1,-1,-1,-1,-1,-1,-1,-1,-1,-1,-1,-1,-1,-1,-1,-1,-1,-1,-1,-1,-1,0,-1,-1,-1,-1,-1,-1,-1,-1,-1,-1,-1,-1,-1,-1,-1,-1,-1,-1,-1,-1,
-1,-1,-1,-1,-1,-1,-1,-1,-1,-1,-1,-1,-1,-1,-1,-1,-1,-1,-1,-1,-1,-1,-1,-1,-1,-1,-1,-1,-1,-1,-1,-1,-1,-1,-1,-1,-1,-1,-1,1,-1,-1,-1,-1,-1,-1,-1,-1,-1,-1,-1,-1,-1,-1,-1,-1,-1,-1,-1,-1,-1,-1,-1,-1,-1,-1,-1,-1,-1,-1,-1,-1,-1,-1,-1,-1,1,-1,-1,-1,-1,-1,-1,0,-1,-1,-1,-1,-1,-1,-1,-1,-1,-1,-1,-1,-1,-1,-1,-1,-1,-1,-1,
-1,-1,-1,-1,-1,-1,-1,-1,-1,-1,-1,-1,1,-1,-1,-1,-1,-1,-1,1,-1,-1,-1,-1,-1,-1,-1,-1,-1,-1,-1,-1,-1,-1,-1,-1,-1,-1,-1,-1,-1,-1,-1,-1,-1,-1,-1,-1,-1,-1,-1,-1,-1,-1,-1,-1,-1,-1,-1,-1,-1,-1,-1,-1,-1,-1,-1,-1,-1,-1,-1,-1,-1,-1,-1,-1,-1,-1,-1,-1,-1,-1,-1,-1,0,-1,-1,-1,-1,-1,-1,-1,-1,-1,-1,-1,-1,-1,-1,-1,-1,-1,-1,
-1,-1,-1,-1,-1,-1,-1,-1,1,-1,-1,-1,-1,-1,-1,-1,-1,-1,-1,-1,-1,-1,-1,-1,1,-1,-1,1,-1,-1,-1,-1,-1,-1,-1,-1,-1,-1,-1,-1,-1,-1,-1,-1,-1,-1,-1,-1,-1,-1,-1,-1,-1,-1,-1,-1,-1,-1,-1,-1,-1,-1,-1,-1,-1,-1,-1,-1,-1,-1,-1,-1,-1,-1,-1,-1,-1,-1,-1,-1,-1,-1,-1,-1,-1,0,-1,-1,-1,-1,-1,-1,-1,-1,-1,-1,-1,-1,-1,-1,-1,-1,-1,
-1,-1,-1,-1,-1,-1,-1,-1,-1,-1,-1,-1,-1,1,-1,-1,-1,-1,-1,-1,-1,-1,1,-1,-1,-1,-1,-1,-1,-1,-1,1,-1,-1,-1,-1,-1,-1,-1,-1,-1,-1,-1,-1,-1,-1,-1,-1,-1,-1,-1,-1,-1,-1,-1,-1,-1,-1,-1,-1,-1,-1,-1,-1,-1,-1,-1,-1,-1,-1,-1,-1,-1,-1,-1,-1,-1,-1,-1,-1,-1,-1,-1,-1,-1,-1,0,-1,-1,-1,-1,-1,-1,-1,-1,-1,-1,-1,-1,-1,-1,-1,-1,
-1,-1,-1,-1,-1,-1,-1,-1,-1,-1,-1,-1,-1,-1,-1,-1,1,1,-1,-1,-1,-1,-1,-1,-1,-1,-1,-1,-1,-1,-1,-1,-1,-1,-1,-1,-1,-1,-1,-1,-1,-1,-1,-1,-1,-1,-1,-1,-1,-1,-1,-1,-1,-1,-1,-1,-1,-1,-1,-1,-1,-1,-1,-1,-1,-1,-1,-1,-1,-1,-1,-1,-1,-1,-1,-1,-1,-1,-1,-1,-1,-1,-1,-1,-1,-1,-1,0,-1,-1,-1,-1,-1,-1,-1,-1,-1,-1,-1,-1,-1,-1,-1,
-1,-1,1,1,-1,-1,-1,-1,-1,-1,-1,-1,-1,-1,-1,-1,-1,-1,1,-1,-1,-1,-1,1,-1,-1,-1,-1,-1,-1,-1,-1,-1,-1,-1,-1,-1,1,-1,-1,-1,-1,-1,-1,-1,-1,-1,-1,-1,-1,-1,-1,-1,-1,-1,-1,-1,-1,-1,-1,-1,-1,-1,-1,-1,-1,-1,-1,-1,-1,-1,-1,-1,-1,-1,-1,-1,-1,-1,-1,-1,-1,-1,-1,-1,-1,-1,-1,0,-1,-1,-1,-1,-1,-1,-1,-1,-1,1,-1,-1,-1,-1,
-1,-1,-1,-1,-1,-1,-1,-1,-1,-1,-1,-1,-1,-1,-1,-1,-1,-1,-1,-1,-1,-1,-1,-1,-1,-1,-1,-1,-1,-1,-1,1,-1,-1,-1,-1,-1,-1,-1,-1,-1,-1,-1,-1,-1,-1,-1,-1,-1,-1,-1,-1,-1,-1,-1,-1,-1,-1,-1,-1,-1,-1,-1,-1,-1,-1,-1,-1,-1,-1,-1,-1,-1,-1,-1,1,-1,-1,-1,-1,-1,-1,-1,-1,-1,-1,-1,-1,-1,0,-1,-1,-1,-1,-1,-1,-1,-1,-1,-1,-1,-1,-1,
-1,-1,-1,-1,1,-1,-1,-1,1,-1,-1,-1,-1,-1,-1,-1,-1,-1,-1,-1,-1,-1,-1,-1,-1,-1,-1,-1,-1,-1,-1,-1,-1,-1,1,-1,-1,-1,-1,-1,-1,-1,-1,-1,-1,-1,-1,-1,-1,-1,-1,-1,-1,-1,-1,-1,-1,-1,-1,-1,-1,-1,-1,-1,-1,-1,-1,-1,-1,-1,-1,-1,-1,-1,-1,-1,-1,-1,-1,-1,-1,-1,-1,-1,-1,-1,-1,-1,-1,-1,0,-1,-1,-1,-1,-1,-1,-1,-1,-1,-1,-1,-1,
-1,-1,-1,-1,-1,-1,-1,-1,-1,-1,1,-1,-1,-1,-1,-1,-1,-1,-1,-1,-1,-1,-1,-1,-1,-1,-1,-1,-1,-1,-1,-1,-1,1,1,-1,-1,-1,-1,-1,-1,-1,-1,-1,-1,-1,-1,-1,-1,-1,-1,-1,-1,-1,-1,-1,-1,-1,-1,-1,-1,-1,-1,-1,-1,-1,-1,-1,-1,-1,-1,-1,-1,-1,-1,-1,-1,-1,-1,-1,-1,-1,-1,-1,-1,-1,-1,-1,-1,-1,-1,0,-1,-1,-1,-1,-1,-1,-1,-1,-1,-1,-1,
-1,-1,-1,-1,-1,-1,-1,-1,-1,-1,-1,-1,-1,-1,-1,-1,-1,-1,-1,1,-1,-1,-1,-1,-1,-1,-1,-1,-1,-1,-1,-1,-1,-1,-1,-1,1,-1,-1,1,-1,-1,-1,-1,-1,-1,-1,-1,-1,-1,-1,-1,-1,-1,-1,-1,-1,-1,-1,-1,-1,-1,-1,-1,-1,-1,-1,-1,-1,-1,-1,-1,-1,-1,-1,-1,-1,-1,-1,-1,-1,-1,-1,-1,-1,-1,-1,-1,-1,-1,-1,-1,0,-1,-1,-1,-1,-1,-1,-1,-1,-1,-1,
-1,-1,1,-1,-1,-1,-1,-1,-1,-1,-1,-1,-1,-1,-1,-1,-1,-1,-1,-1,-1,-1,-1,-1,-1,-1,-1,-1,-1,-1,-1,-1,-1,-1,-1,-1,-1,-1,-1,-1,-1,-1,-1,-1,-1,-1,-1,-1,-1,-1,-1,-1,-1,-1,-1,-1,-1,-1,-1,-1,-1,-1,-1,-1,-1,-1,-1,-1,-1,-1,-1,-1,-1,1,-1,-1,-1,-1,-1,-1,-1,-1,-1,-1,-1,-1,-1,-1,-1,-1,-1,-1,-1,0,-1,-1,-1,-1,-1,-1,-1,-1,-1,
-1,-1,-1,-1,-1,-1,-1,-1,-1,-1,-1,-1,-1,-1,1,-1,-1,1,-1,1,-1,-1,-1,-1,-1,1,-1,-1,-1,-1,-1,-1,-1,-1,1,-1,-1,-1,-1,-1,-1,-1,-1,-1,-1,-1,-1,-1,-1,-1,-1,-1,-1,-1,-1,-1,-1,-1,-1,-1,-1,-1,-1,-1,-1,-1,-1,-1,-1,-1,-1,-1,-1,-1,-1,-1,-1,-1,-1,-1,-1,-1,-1,-1,-1,-1,-1,-1,-1,-1,-1,-1,-1,-1,0,-1,-1,-1,-1,-1,-1,-1,-1,
-1,-1,-1,-1,-1,-1,-1,-1,-1,-1,-1,-1,-1,-1,-1,-1,-1,-1,-1,-1,1,-1,-1,-1,-1,-1,-1,-1,-1,-1,-1,-1,-1,-1,-1,-1,-1,-1,-1,-1,-1,-1,1,-1,-1,-1,-1,-1,-1,-1,-1,-1,-1,-1,-1,-1,-1,-1,-1,-1,-1,-1,-1,-1,-1,-1,-1,-1,-1,-1,-1,-1,-1,-1,-1,-1,-1,-1,-1,-1,-1,-1,-1,-1,-1,-1,-1,-1,-1,-1,-1,-1,-1,-1,-1,0,-1,-1,-1,-1,-1,-1,-1,
1,-1,-1,-1,-1,-1,-1,-1,-1,-1,-1,-1,-1,-1,-1,1,-1,-1,-1,-1,-1,-1,-1,-1,-1,-1,-1,-1,-1,-1,-1,-1,-1,-1,-1,1,-1,-1,-1,-1,-1,-1,-1,-1,-1,-1,-1,-1,-1,-1,-1,-1,-1,-1,-1,-1,-1,-1,-1,-1,-1,-1,-1,-1,-1,-1,-1,-1,-1,-1,-1,-1,-1,-1,-1,-1,-1,-1,-1,-1,-1,-1,-1,-1,-1,-1,-1,-1,-1,-1,-1,-1,-1,-1,-1,-1,0,-1,-1,-1,-1,-1,-1,
-1,-1,-1,1,-1,-1,-1,-1,-1,-1,-1,-1,-1,-1,1,-1,-1,-1,-1,-1,-1,-1,-1,-1,1,-1,-1,-1,-1,-1,-1,-1,1,-1,-1,-1,-1,-1,1,-1,-1,-1,-1,-1,-1,-1,-1,-1,-1,-1,-1,-1,-1,-1,-1,-1,-1,-1,-1,-1,-1,-1,-1,-1,-1,-1,-1,-1,-1,-1,-1,-1,-1,-1,-1,-1,-1,-1,-1,-1,-1,-1,-1,-1,-1,-1,-1,-1,-1,-1,-1,-1,-1,-1,-1,-1,-1,0,-1,-1,-1,-1,-1,
-1,-1,-1,-1,-1,-1,-1,-1,-1,-1,-1,-1,-1,-1,-1,-1,-1,-1,-1,-1,-1,-1,-1,-1,-1,1,-1,-1,-1,-1,-1,-1,-1,-1,-1,-1,-1,-1,-1,-1,-1,-1,-1,-1,-1,-1,-1,-1,-1,-1,-1,-1,-1,-1,-1,-1,-1,-1,-1,-1,-1,-1,-1,-1,-1,-1,-1,-1,-1,-1,-1,-1,-1,-1,-1,-1,-1,-1,-1,-1,-1,-1,-1,-1,-1,-1,-1,-1,1,-1,-1,-1,-1,-1,-1,-1,-1,-1,0,-1,-1,-1,-1,
-1,-1,1,1,-1,-1,-1,-1,-1,-1,-1,-1,-1,-1,-1,-1,-1,-1,-1,-1,-1,-1,-1,-1,-1,-1,-1,-1,1,-1,-1,-1,-1,-1,-1,-1,-1,-1,-1,-1,-1,-1,-1,-1,-1,-1,-1,-1,-1,-1,-1,-1,-1,-1,-1,-1,-1,-1,-1,-1,-1,-1,-1,-1,-1,-1,-1,-1,-1,-1,-1,-1,-1,-1,-1,-1,-1,-1,-1,-1,-1,-1,-1,-1,-1,-1,-1,-1,-1,-1,-1,-1,-1,-1,-1,-1,-1,-1,-1,0,-1,-1,-1,
1,-1,-1,-1,-1,-1,-1,-1,-1,-1,-1,-1,-1,-1,-1,-1,-1,-1,-1,1,-1,-1,-1,-1,-1,-1,-1,-1,-1,-1,-1,-1,-1,-1,-1,-1,-1,-1,-1,-1,-1,-1,-1,-1,-1,-1,-1,-1,-1,-1,-1,-1,-1,-1,-1,-1,-1,-1,-1,-1,-1,-1,-1,-1,-1,-1,-1,-1,-1,-1,-1,-1,-1,-1,-1,-1,-1,-1,-1,-1,-1,-1,-1,-1,-1,-1,-1,-1,-1,-1,-1,-1,-1,-1,-1,-1,-1,-1,-1,-1,0,-1,-1,
-1,-1,-1,-1,-1,-1,1,-1,-1,-1,-1,-1,-1,-1,-1,-1,1,-1,-1,-1,-1,-1,-1,1,-1,-1,-1,-1,-1,-1,-1,-1,-1,-1,-1,-1,-1,-1,-1,-1,-1,-1,-1,-1,-1,-1,-1,-1,-1,-1,-1,-1,-1,-1,-1,-1,-1,-1,-1,-1,-1,-1,-1,-1,-1,-1,-1,-1,-1,-1,-1,-1,-1,-1,-1,-1,-1,-1,-1,-1,-1,-1,-1,-1,-1,-1,-1,-1,-1,-1,-1,-1,-1,-1,-1,-1,-1,-1,-1,-1,-1,0,-1,
-1,-1,-1,-1,-1,-1,-1,-1,-1,1,-1,-1,-1,-1,-1,-1,-1,-1,-1,-1,-1,-1,-1,-1,1,-1,1,-1,-1,1,-1,-1,-1,-1,1,-1,-1,-1,1,-1,-1,-1,-1,-1,-1,-1,-1,-1,-1,-1,-1,-1,-1,-1,-1,-1,-1,-1,-1,-1,-1,-1,-1,-1,-1,-1,-1,-1,-1,-1,-1,-1,-1,-1,-1,-1,-1,-1,-1,-1,-1,-1,-1,-1,-1,-1,-1,-1,-1,-1,-1,-1,-1,-1,-1,-1,-1,-1,-1,-1,-1,-1,0,

(42,0)
(40,1)
(40,2)
(40,3)
(40,4)
(41,5)
(40,6)
(41,7)
(40,8)
(41,9)
(40,10)
(42,11)
(40,12)
(40,13)
(41,14)
(41,15)
(42,16)
(42,17)
(42,18)
(42,19)
(53,2)
(19,18)
(46,19)
(78,12)
(26,1)
(66,8)
(30,9)
(81,15)
(44,2)
(91,7)
(53,9)
(73,5)
(12,2)
(18,16)
(84,0)
(65,7)
(18,10)
(15,18)
(53,15)
(27,6)
(41,7)
(97,16)
(23,9)
(80,11)
(85,4)
(39,5)
(100,16)
(49,11)
(36,0)
(61,5)
(92,2)
(22,2)
(93,3)
(78,5)
(73,6)
(15,6)
(36,19)
(57,0)
(95,11)
(96,18)
(72,13)
(45,9)
(15,1)
(38,9)
(78,15)
(74,1)
(46,11)
(83,8)
(59,14)
(56,4)
(57,3)
(6,9)
(30,7)
(61,12)
(30,19)
(48,1)
(36,9)
(28,1)
(101,6)
(48,13)
(94,8)
(23,3)
(48,5)
(59,3)
(57,2)
(33,9)
(82,2)
(13,17)
(45,7)
(101,7)
(38,15)
(58,6)
(91,6)
(26,15)
(75,13)
(30,0)
(27,14)
(65,16)
(62,11)
(11,1)
(16,15)
(98,10)
(30,2)
(15,17)
(38,3)
(65,18)
(12,2)
(93,11)
(26,0)
(40,13)
(90,19)
(36,7)
(78,2)
(43,2)
(21,15)
(22,2)
(76,4)
(78,0)
(80,4)
(39,9)
(95,8)
(98,6)
(100,17)
(90,19)
(31,5)
(24,16)
(67,3)
(64,0)
(15,2)
(5,4)
(67,0)
(76,2)
(102,2)
(49,2)
(78,4)
(88,14)
(53,6)
(70,2)
(17,6)
(55,11)
(77,16)
(13,2)
(12,3)
(43,12)
(57,19)
(60,11)
(81,18)
(34,9)
(70,17)
(50,3)
(24,8)
(66,13)
(78,18)
(54,7)
(60,5)
(48,4)
(69,16)
(13,9)
(94,1)
(83,5)
(32,5)
(23,12)
(48,0)
(85,1)
(9,8)
(54,14)
(49,9)
(71,0)
(49,13)
(92,2)
(98,9)
(44,11)
(20,17)
(10,0)
(18,16)
(8,6)
(85,15)
(17,7)
(80,4)
(84,8)
(56,2)
(58,2)
(57,4)
(24,12)
(50,9)
(13,2)
(17,5)
(96,16)
(18,11)
(26,19)
(89,15)
(58,2)
(32,10)
(100,10)
(34,1)
(43,11)
(100,6)
(62,0)
(55,11)
(78,14)
(81,6)
(25,14)
(36,0)
(43,0)
(7,12)
(25,6)
(41,1)
(76,14)
(46,8)
(102,4)
(46,3)
(90,2)
(44,18)
(77,18)
(38,2)
(27,3)
(11,10)
(101,8)
(41,0)
(36,17)
(62,3)
(16,11)
(102,14)
(35,6)
(65,2)
(30,4)
(16,10)
(86,12)
(11,0)
(41,8)
(99,0)
(90,1)
(37,0)
(15,4)
(100,4)
(48,17)
(17,10)
(30,5)
(70,7)
(5,11)
(43,12)
(97,10)
(102,7)
(32,0)
(61,17)
(57,3)
(31,8)
(87,18)
(27,9)
(21,3)
(24,4)
(18,4)
(85,1)
(15,1)
(101,12)
(79,15)
(15,16)
(31,19)
(73,9)
(65,11)
(26,18)
(80,2)
(94,3)
(34,10)
(19,11)
(79,10)
(38,15)
(67,19)
(15,12)
(94,3)
(27,10)
(47,9)
(19,0)
(68,5)
(16,1)
(34,18)
(95,1)
(45,5)
(5,19)
(26,7)
(6,18)
(29,18)
(39,4)
(19,3)
(16,0)
(66,5)
(28,3)
(50,1)
(33,16)
(48,3)
(43,0)
(52,7)
(47,7)
(61,4)
(33,0)
(82,9)
(41,1)
(55,6)
(26,18)
(58,6)
(6,8)
(19,1)
(75,7)
(85,4)
(96,10)
(63,5)
(21,6)
(40,9)
(87,16)
(99,1)
(31,6)
(52,1)
(26,1)
(48,13)
(39,14)
(92,3)
(50,4)
(92,10)
(55,16)
(26,7)
(34,6)
(16,1)
(15,16)
(16,13)
(10,5)
(94,17)
(5,18)
(67,1)
(74,3)
(96,4)
(78,16)
(48,12)
(102,3)
(24,19)
(78,0)
(61,15)
(62,3)
(35,7)
(9,7)
(28,13)
(90,0)
(80,19)
(70,8)
(44,7)
(33,15)
(8,6)
(64,4)
(45,0)
(13,4)
(51,16)
(95,11)
(80,1)
(92,15)
(40,3)
(31,3)
(89,16)
(22,0)
(70,4)
(24,14)
(57,17)
(44,1)
(44,15)
(28,8)
(12,19)
(30,3)
(84,16)
(60,5)
(61,10)
(31,10)
(43,16)
(96,9)
(98,10)
(57,6)
(50,2)
(79,15)
(21,2)
(77,7)
(49,2)
(28,7)
(35,9)
(64,4)
(98,8)
(65,15)
(14,10)
(22,17)
(10,0)
(25,10)
(84,2)
(81,19)
(29,13)
(6,10)
(15,11)
(33,0)
(69,8)
(98,11)
(91,4)
(82,16)
(14,8)
(35,2)
(41,12)
(54,2)
(60,14)
(72,19)
(76,1)
(17,9)
(101,14)
(91,19)
(45,19)
(31,1)
(16,12)
(73,4)
(65,16)
(19,1)
(74,9)
(67,3)
(55,6)
(22,15)
(66,18)
(102,14)
(8,5)
(16,12)
(55,1)
(33,16)
(99,6)
(66,10)
(77,19)
(47,0)
(37,11)
(39,6)
(59,16)
(94,2)
(99,0)
(76,10)
(42,9)
(84,4)
(78,6)
(7,11)
(38,9)
(44,16)
(96,4)
(101,5)
(53,0)
(93,9)
(73,0)
(34,6)
(13,0)
(100,2)
(98,8)
(100,1)
(97,19)
(78,3)
(96,1)
(82,17)
(89,10)
(90,1)
(91,9)
(48,3)
(27,14)
(42,0)
(37,16)
(71,3)
(53,6)
(47,12)
(44,1)
(70,16)
(50,7)
(76,7)
(20,17)
(87,1)
(53,5)
(82,1)
(98,8)
(77,0)
(99,4)
(14,14)
(51,13)
(41,6)
(31,2)
(87,4)
(35,1)
(33,13)
(86,0)
(100,8)
(78,3)
(94,16)
(63,0)
(96,11)
(55,4)
(46,12)
(33,4)
(71,18)
(43,11)
(89,11)
(45,5)
(63,15)
(25,5)
(77,6)
(48,12)
(96,7)
(5,4)
(81,11)
(49,5)
(95,3)
(53,7)
(88,18)
(10,0)
(33,19)
(18,7)
(29,5)
(27,14)
(83,1)
(65,9)
(91,8)
(52,19)
(24,9)
(15,12)
(36,18)
(59,13)
(90,0)
(80,9)
(45,6)
(63,6)
(89,16)
(7,15)
(64,7)
(30,6)
(85,17)
(33,9)
(48,19)
(35,15)
(46,4)
(24,19)
(26,2)
(58,0)
(74,4)
(64,2)
(15,8)
(12,11)
(41,1)
(48,4)
(24,1)
(93,2)
(41,9)
(59,16)
(26,7)
(13,4)
(58,4)
(34,7)
(84,5)
(65,0)
(5,0)
(61,17)
(76,0)
(52,9)
(61,13)
(39,16)
(69,1)
(35,15)
(85,2)
(88,10)
(57,0)
(47,18)
(9,5)
(90,10)
(74,11)
(44,1)
(58,4)
(22,4)
(37,16)
(65,8)
(19,7)
(35,2)
(21,5)
(52,8)
(26,10)
(94,17)
(66,6)
(43,14)
(91,13)
(96,14)
(31,7)
(43,6)
(89,1)
(69,0)
(88,9)
(52,7)
(86,14)
(82,18)
(75,12)
(21,7)
(77,15)
(95,3)
(82,4)
(54,9)
(69,8)
(15,11)
(26,15)
(75,0)
(67,18)
(64,19)
(22,14)
(88,12)
(17,3)
(22,5)
(19,19)
(51,13)
(20,0)
(81,11)
(47,11)
(29,4)
(44,8)
(96,4)
(94,1)
(31,19)
(98,16)
(94,19)
(23,16)
(6,16)
(20,4)
(13,2)
(24,14)
(99,14)
(87,19)
(15,2)
(23,7)
(41,1)
(49,9)
(37,19)
(15,8)
(6,0)
(33,3)
(46,10)
(63,1)
(79,1)
(49,10)
(6,2)
(96,18)
(64,3)
(48,10)
(72,1)
(25,6)
(87,5)
(90,3)
(94,0)
(76,4)
(53,4)
(14,19)
(35,16)
(96,12)
(29,5)
(39,0)
(51,3)
(93,5)
(92,0)
(8,17)
(20,3)
(9,2)
(17,19)
(73,0)
(27,5)
(52,6)
(29,7)
(94,1)
(91,14)
(85,3)
(96,17)
(59,10)
(31,10)
(13,12)
(32,12)
(100,15)
(91,1)
(83,11)
(14,9)
(30,1)
(31,12)
(26,15)
(17,3)
(25,2)
(84,3)
(65,15)
(83,16)
(55,13)
(86,19)
(27,5)
(88,12)
(29,5)
(25,2)
(88,0)
(69,18)
(71,12)
(92,10)
(36,2)
(34,10)
(91,19)
(10,0)
(53,15)
(89,15)
(75,6)
(43,10)
(97,14)
(78,3)
(25,11)
(90,11)
(42,4)
(5,5)
(100,5)
(12,1)
(79,2)
(92,3)
(98,2)
(26,9)
(90,14)
(53,3)
(16,13)
(49,14)
(24,0)
(43,16)
(63,6)
(52,16)
(92,3)
(20,18)
(71,16)
(70,2)
(15,6)
(78,15)
(21,4)
(69,2)
(92,5)
(39,4)
(67,18)
(81,3)
(38,6)
(20,5)
(56,13)
(46,3)
(91,10)
(12,14)
(77,10)
(56,2)
(12,14)
(75,2)
(101,11)
(35,11)
(56,3)
(52,5)
(67,13)
(10,13)
(40,16)
(45,6)
(21,12)
(57,4)
(98,5)
(19,12)
(93,6)
(19,7)
(63,6)
(14,3)
(18,14)
(38,1)
(35,3)
(35,2)
(93,0)
(37,4)
(21,7)
(19,14)
(22,1)
(82,6)
(59,2)
(99,14)
(24,0)
(62,2)
(92,1)
(43,17)
(14,3)
(24,9)
(19,11)
(22,0)
(80,18)
(63,18)
(20,3)
(59,17)
(63,0)
(8,0)
(50,0)
(92,6)
(45,8)
(8,1)
(47,0)
(9,6)
(77,1)
(62,6)
(10,13)
(25,1)
(95,3)
(54,14)
(83,4)
(85,1)
(93,12)
(27,0)
(45,0)
(32,1)
(7,19)
(74,14)
(54,0)
(37,2)
(43,3)
(95,12)
(72,3)
(64,12)
(87,16)
(88,5)
(95,11)
(11,16)
(83,11)
(74,5)
(35,5)
(62,8)
(15,1)
(83,5)
(42,0)
(91,6)
(12,16)
(23,11)
(100,5)
(35,12)
(75,7)
(61,13)
(71,0)
(74,3)
(9,1)
(21,10)
(30,7)
(25,13)
(71,10)
(28,6)
(83,17)
(87,3)
(8,16)
(70,2)
(61,19)
(73,10)
(16,13)
(29,1)
(56,8)
(74,0)
(62,14)
(99,8)
(88,0)
(17,7)
(18,15)
(88,10)
(86,9)
(33,9)
(67,18)
(78,8)
(34,2)
(81,12)
(12,12)
(13,19)
(36,3)
(42,5)
(95,19)
(82,18)
(49,7)
(47,15)
(44,17)
(32,1)
(11,6)
(78,15)
(13,14)
(68,18)
(99,19)
(91,0)
(77,16)
(65,4)
(82,10)
(90,4)
(82,0)
(9,10)
(27,12)
(87,18)
(26,6)
(21,0)
(29,9)
(82,11)
(97,9)
(36,9)
(8,5)
(41,1)
(77,4)
(13,9)
(97,12)
(28,13)
(63,0)
(80,8)
(13,2)
(35,12)
(100,3)
(74,18)
(84,9)
(59,2)
(71,2)
(60,14)
(92,16)
(35,14)
(52,9)
(100,3)
(15,18)
(95,2)
(26,7)
(30,2)
(84,4)
(68,3)
(48,1)
(40,2)
(76,3)
(32,0)
(31,14)
(90,11)
(63,0)
(28,15)
(66,3)
(97,4)
(56,5)
(29,13)
(72,7)
(67,13)
(30,1)
(23,1)
(30,3)
(31,1)
(101,13)
(28,15)
(36,18)
(33,17)
(47,1)
(7,10)
(61,14)
(35,2)
(99,15)
(70,3)
(47,4)
(18,10)
(92,12)
(31,7)
(59,1)
(87,1)
(96,15)
(42,16)
(36,11)
(62,2)
(21,2)
(53,10)
(74,10)
(89,0)
(39,19)
(79,4)
(90,0)
(26,0)
(29,16)
(76,8)
(78,7)
(65,4)
(62,5)
(44,17)
(14,13)
(26,9)
(51,12)
(87,5)
(6,17)
(61,4)
(24,15)
(89,1)
(62,17)
(94,0)
(76,5)
(87,8)
(80,4)
(33,9)
(41,1)
(70,9)
(19,3)
(89,1)
(45,9)
(101,5)
(90,14)
(27,9)
(15,7)
(57,19)
(75,18)
(99,1)
(43,15)
(33,7)
(26,19)
(93,14)
(96,2)
(8,7)
(6,9)
(86,11)
(22,9)
(23,6)
(87,6)
(28,1)
(89,2)
(63,19)
(42,1)
(24,6)
(91,18)
(99,5)
(93,19)
(58,19)
(31,19)
(74,8)
(24,8)
(35,10)
(40,2)
(58,3)
(34,15)
(98,17)
(60,17)
(21,7)
(18,15)
(35,6)
(60,2)
(95,13)
(46,6)
(93,3)
(68,10)
(25,0)
(71,6)
(42,1)
(58,5)
(41,16)
(49,4)
(68,10)
(66,13)
(23,16)
(88,0)
(35,2)
(34,12)
(76,7)
(26,3)
(84,3)
(78,15)
(13,8)
(102,2)
(92,1)
(36,1)
(57,19)
(59,2)
(38,17)
(98,1)
(41,19)
(101,13)
(6,10)
(58,4)
(88,13)
(14,12)
(69,15)
(46,0)
(59,8)
(41,0)
(90,9)
(15,2)
(90,2)
(99,11)
(81,0)
(84,5)
(42,3)
(73,0)
(26,5)
(73,18)
(53,0)
(25,6)
(66,4)
(16,2)
(83,2)
(18,6)
(49,9)
(72,7)
(78,1)
(91,8)
(100,18)
(101,1)
(39,18)
(96,15)
(6,1)
(23,3)
(82,11)
(62,1)
(28,2)
(77,4)
(40,2)
(12,1)
(92,6)
(29,5)
(61,0)
(54,5)
(68,7)
(73,16)
(16,18)
(61,9)
(88,3)
(83,1)
(77,9)
(72,8)
(49,19)
(59,16)
(81,9)
(64,9)
(72,7)
(21,0)
(99,16)
(89,16)
(72,6)
(31,15)
(82,11)
(17,2)
(61,6)
(43,0)
(34,5)
(82,19)
(95,0)
(36,15)
(64,12)
(93,8)
(83,15)
(95,14)
(50,3)
(29,7)
(90,0)
(68,0)
(17,10)
(8,10)
(58,17)
(11,9)
(81,13)
(97,2)
(69,9)
(94,7)
(88,11)
(69,13)
(22,12)
(29,19)
(26,0)
(54,5)
(56,4)
(7,8)
(78,5)
(7,12)
(19,0)
(73,0)
(60,3)
(7,10)
(22,14)
(102,14)
(77,0)
(77,18)
(22,18)
(91,10)
(77,9)
(44,6)
(84,6)
(68,5)
(77,10)
(58,15)
(34,1)
(58,4)
(76,6)
(9,5)
(83,11)
(19,2)
(54,7)
(56,17)
(68,16)
(58,11)
(29,16)
(21,11)
(86,11)
(40,0)
(14,2)
(46,17)
(16,4)
(62,19)
(15,1)
(101,2)
(10,4)
(86,12)
(12,1)
(40,17)
(77,13)
(65,5)
(83,17)
(87,1)
(89,2)
(31,13)
(65,8)
(97,14)
(54,15)
(95,19)
(14,12)
(37,0)
(92,17)
(11,15)
(22,0)
(98,9)
(47,0)
(93,19)
(62,6)
(15,0)
(54,5)
(100,7)
(53,11)
(72,10)
(44,0)
(27,0)
(19,8)
(69,5)
(63,0)
(9,10)
(13,13)
(93,9)
(85,7)
(102,3)
(69,12)
(60,3)
(38,19)
(6,5)
(85,19)
(21,0)
(18,11)
(32,15)
(31,17)
(19,10)
(21,10)
(68,0)
(94,16)
(30,19)
(21,15)
(44,8)
(55,5)
(39,4)
(29,5)
(88,10)
(70,5)
(97,15)
(86,9)
(80,4)
(66,8)
(19,12)
(64,13)
(39,3)
(17,18)
(67,13)
(73,4)
(93,4)
(37,17)
(53,4)
(10,4)
(86,19)
(21,3)
(99,1)
(11,16)
(81,9)
(59,5)
(71,16)
(101,0)
(74,17)
(39,14)
(18,15)
(88,17)
(55,2)
(7,7)
(35,0)
(68,0)
(53,11)
(51,14)
(70,6)
(10,0)
(20,6)
(50,10)
(58,0)
(49,7)
(80,2)
(80,15)
(11,13)
(85,1)
(15,0)
(99,19)
(32,0)
(13,2)
(9,5)
(60,17)
(85,6)
(41,15)
(73,3)
(73,3)
(73,5)
(101,0)
(31,17)
(59,0)
(95,14)
(57,9)
(85,12)
(7,8)
(67,18)
(83,9)
(41,17)
(83,0)
(19,18)
(65,8)
(53,18)
(68,5)
(55,11)
(98,0)
(96,2)
(97,1)
(66,14)
(50,0)
(48,11)
(48,2)
(17,17)
(52,12)
(28,10)
(6,12)
(13,19)
(46,5)
(28,18)
(80,1)
(82,16)
(48,4)
(21,3)
(91,15)
(71,12)
(37,3)
(75,16)
(18,10)
(46,3)
(40,5)
(21,13)
(49,12)
(24,7)
(15,7)
(9,12)
(19,5)
(67,4)
(27,18)
(7,2)
(10,2)
(17,2)
(14,2)
(85,18)
(5,1)
(70,3)
(54,3)
(94,10)
(10,7)
(92,2)
(19,13)
(60,12)
(34,9)
(34,4)
(79,1)
(78,7)
(93,1)
(96,8)
(6,13)
(86,4)
(102,2)
(67,2)
(35,1)
(8,3)
(86,7)
(55,5)
(8,6)
(70,6)
(39,7)
(96,5)
(70,5)
(96,4)
(28,10)
(32,4)
(100,15)
(68,18)
(99,13)
(43,5)
(54,7)
(10,16)
(18,8)
(53,1)
(29,14)
(11,18)
(11,17)
(6,15)
(62,0)
(58,4)
(60,0)
(100,0)
(84,10)
(8,10)
(5,5)
(42,6)
(17,0)
(80,0)
(83,19)
(27,0)
(78,8)
(62,5)
(33,4)
(6,8)
(15,10)
(17,12)
(18,3)
(23,19)
(54,11)
(62,5)
(96,0)
(69,5)
(27,0)
(6,15)
(67,19)
(60,18)
(37,15)
(14,3)
(28,17)
(85,8)
(25,17)
(53,0)
(60,6)
(42,12)
(69,13)
(99,6)
(78,12)
(70,8)
(62,13)
(39,5)
(77,11)
(15,11)
(83,7)
(31,13)
(82,14)
(60,10)
(73,15)
(90,11)
(8,1)
(30,0)
(62,11)
(74,7)
(23,7)
(70,5)
(9,13)
(45,6)
(15,12)
(98,1)
(87,7)
(17,8)
(67,3)
(40,0)
(94,12)
(54,19)
(65,17)
(13,1)
(71,16)
(6,11)
(77,10)
(62,4)
(30,6)
(21,9)
(7,1)
(89,12)
(31,2)
(93,4)
(58,16)
(96,13)
(78,5)
(30,14)
(67,14)
(5,19)
(98,0)
(66,16)
(75,1)
(83,13)
(43,1)
(67,10)
(50,3)
(59,16)
(16,4)
(49,18)
(66,5)
(102,11)
(34,18)
(15,10)
(34,5)
(36,0)
(62,2)
(97,17)
(51,8)
(13,12)
(100,0)
(69,5)
(80,2)
(46,6)
(97,13)
(38,4)
(13,6)
(15,16)
(21,18)
(8,1)
(48,7)
(35,0)
(59,3)
(28,17)
(77,3)
(54,3)
(8,2)
(19,1)
(5,6)
(84,5)
(53,11)
(31,8)
(13,10)
(42,8)
(60,5)
(66,19)
(37,7)
(22,6)
(26,2)
(92,8)
(71,10)
(101,5)
(21,1)
(11,7)
(24,17)
(88,13)
(64,1)
(18,6)
(85,1)
(75,2)
(36,16)
(20,0)
(22,10)
(39,3)
(99,8)
(82,16)
(19,4)
(47,11)
(47,2)
(100,11)
(60,6)
(51,1)
(16,14)
(69,4)
(91,2)
(48,10)
(91,6)
(26,6)
(76,8)
(73,14)
(58,8)
(94,0)
(97,3)
(9,1)
(41,1)
(89,1)
(92,9)
(5,8)
(51,1)
(36,19)
(87,2)
(68,0)
(16,14)
(71,8)
(30,11)
(17,6)
(100,9)
(88,8)
(60,11)
(38,0)
(65,4)
(64,1)
(23,9)
(23,13)
(71,2)
(32,10)
(42,5)
(62,14)
(68,7)
(29,13)
(14,12)
(84,8)
(91,5)
(88,2)
(20,19)
(80,0)
(56,6)
(26,11)
(20,10)
(68,17)
(86,18)
(98,8)
(38,0)
(33,0)
(19,3)
(29,8)
(102,7)
(99,2)
(12,10)
(16,18)
(47,16)
(30,10)
(101,18)
(60,10)
(76,0)
(96,0)
(67,7)
(38,5)
(21,2)
(67,19)
(54,6)
(100,5)
(10,2)
(40,8)
(96,7)
(14,2)
(58,11)
(7,1)
(99,4)
(84,11)
(16,11)
(31,0)
(99,4)
(78,18)
(8,11)
(38,18)
(50,4)
(75,3)
(22,2)
(92,12)
(64,15)
(44,10)
(37,9)
(14,10)
(89,3)
(58,2)
(20,5)
(28,7)
(69,6)
(84,13)
(84,9)
(33,14)
(11,11)
(102,9)
(52,1)
(66,1)
(23,13)
(69,5)
(40,8)
(88,0)
(8,3)
(16,11)
(58,0)
(7,7)
(69,9)
(84,7)
(51,2)
(7,4)
(83,6)
(53,1)
(6,10)
(70,0)
(26,7)
(6,10)
(41,5)
(62,0)
(76,15)
(51,10)
(52,9)
(78,3)
(11,17)
(51,10)
(72,1)
(31,10)
(23,1)
(100,15)
(70,18)
(20,5)
(39,8)
(94,14)
(47,16)
(38,6)
(71,7)
(52,1)
(85,0)
(44,7)
(48,15)
(72,13)
(64,15)
(88,1)
(24,2)
(26,11)
(73,10)
(80,1)
(64,0)
(51,13)
(58,5)
(35,17)
(68,0)
(55,3)
(23,14)
(57,10)
(86,5)
(98,11)
(36,5)
(7,2)
(82,3)
(24,9)
(24,14)
(33,18)
(71,5)
(18,1)
(102,6)
(17,2)
(72,0)
(93,8)
(51,5)
(102,18)
(26,5)
(44,18)
(33,11)
(29,4)
(31,4)
(91,6)
(29,3)
(78,5)
(62,10)
(7,10)
(52,13)
(86,0)
(53,17)
(52,0)
(32,9)
(73,2)
(63,6)
(9,9)
(76,8)
(97,5)
(37,9)
(75,11)
(47,15)
(68,18)
(22,10)
(95,5)
(12,7)
(57,0)
(63,1)
(60,19)
(71,5)
(24,3)
(88,16)
(95,14)
(57,2)
(94,10)
(78,19)
(55,8)
(47,14)
(95,1)
(40,4)
(66,2)
(22,4)
(16,12)
(60,1)
(95,12)
(46,8)
(69,19)
(7,2)
(10,4)
(72,15)
(74,8)
(26,17)
(13,6)
(13,2)
(88,14)
(23,8)
(8,7)
(20,6)
(25,0)
(85,13)
(30,15)
(21,8)
(80,7)
(90,19)
(93,8)
(76,18)
(15,15)
(40,17)
(91,7)
(8,2)
(95,13)
(44,3)
(46,12)
(63,18)
(100,5)
(65,19)
(67,8)
(36,0)
(53,3)
(95,1)
(87,2)
(57,1)
(12,5)
(94,2)
(24,5)
(30,8)
(70,3)
(44,3)
(62,6)
(41,5)
(85,13)
(98,12)
(70,11)
(17,18)
(11,1)
(22,9)
(86,11)
(34,1)
(26,3)
(39,7)
(42,5)
(98,0)
(48,0)
(44,4)
(84,1)
(23,1)
(34,0)
(21,2)
(33,4)
(69,1)
(92,4)
(55,2)
(63,3)
(25,4)
(43,5)
(16,3)
(83,9)
(91,3)
(17,7)
(23,19)
(39,18)
(26,9)
(93,10)
(32,0)
(54,3)
(91,2)
(5,12)
(95,4)
(47,13)
(18,16)
(98,2)
(60,12)
(51,18)
(47,7)
(87,3)
(43,5)
(89,10)
(66,14)
(33,17)
(6,5)
(78,15)
(99,6)
(58,6)
(35,1)
(43,6)
(30,15)
(98,3)
(62,15)
(41,7)
(53,14)
(97,16)
(78,5)
(32,0)
(5,19)
(87,18)
(81,3)
(39,3)
(51,13)
(17,8)
(7,4)
(5,1)
(84,2)
(47,11)
(50,2)
(44,8)
(21,0)
(100,1)
(20,1)
(63,11)
(64,10)
(12,3)
(33,16)
(20,17)
(90,10)
(51,19)
(88,4)
(54,1)
(7,14)
(63,18)
(78,0)
(77,18)
(23,3)
(88,3)
(61,0)
(51,1)
(22,3)
(89,3)
(58,13)
(49,8)
(42,11)
(35,11)
(58,3)
(29,12)
(79,7)
(88,1)
(14,0)
(47,2)
(56,6)
(24,0)
(53,3)
(37,12)
(78,16)
(85,8)
(74,6)
(59,13)
(101,6)
(92,6)
(84,5)
(55,0)
(76,12)
(7,1)
(24,6)
(28,1)
(66,0)
(75,6)
(63,2)
(48,4)
(31,5)
(16,8)
(32,0)
(80,15)
(37,8)
(56,1)
(86,9)
(50,5)
(33,16)
(71,2)
(12,3)
(31,6)
(8,5)
(27,1)
(7,10)
(10,9)
(94,4)
(49,4)
(57,13)
(75,6)
(64,7)
(102,1)
(100,1)
(60,8)
(59,18)
(100,1)
(96,16)
(84,13)
(38,19)
(29,13)
(86,6)
(70,5)
(60,1)
(68,3)
(51,19)
(33,8)
(68,10)
(79,3)
(9,14)
(76,2)
(90,2)
(49,7)
(64,17)
(18,15)
(51,18)
(74,3)
(26,7)
(77,6)
(90,18)
(30,8)
(56,1)
(58,11)
(92,3)
(35,17)
(37,8)
(41,7)
(26,5)
(69,18)
(97,3)
(17,15)
(53,12)
(97,5)
(90,0)
(22,1)
(59,5)
(72,1)
(55,18)
(99,18)
(11,1)
(45,18)
(99,15)
(28,13)
(47,11)
(46,10)
(38,5)
(79,9)
(37,0)
(89,1)
(48,18)
(29,7)
(82,9)
(36,0)
(13,19)
(49,11)
(24,5)
(35,13)
(11,17)
(43,1)
(64,11)
(86,3)
(8,2)
(86,9)
(91,7)
(67,3)
(69,4)
(8,1)
(91,6)
(44,18)
(56,14)
(35,0)
(61,19)
(53,13)
(20,10)
(47,5)
(49,15)
(93,12)
(68,4)
(48,4)
(12,15)
(17,3)
(72,5)
(30,17)
(92,11)
(56,17)
(101,16)
(31,0)
(59,3)
(47,19)
(87,10)
(35,4)
(24,4)
(31,19)
(41,8)
(82,7)
(28,1)
(79,5)
(57,2)
(50,0)
(55,10)
(71,4)
(57,2)
(90,13)
(95,6)
(87,18)
(70,14)
(6,12)
(16,9)
(71,3)
(19,3)
(22,11)
(28,0)
(75,0)
(33,5)
(82,8)
(31,10)
(15,1)
(48,2)
(33,7)
(47,10)
(86,1)
(86,3)
(85,13)
(6,9)
(55,18)
(48,5)
(95,8)
(19,8)
(42,3)
(19,1)
(73,14)
(55,10)
(101,8)
(25,10)
(28,13)
(12,16)
(67,5)
(89,17)
(72,15)
(24,0)
(87,12)
(41,17)
(85,1)
(22,1)
(43,3)
(14,4)
(92,14)
(75,4)
(93,0)
(14,10)
(43,10)
(55,13)
(24,11)
(35,17)
(89,19)
(61,0)
(70,4)
(11,19)
(62,11)
(20,1)
(81,2)
(34,3)
(32,4)
(47,14)
(32,1)
(84,0)
(65,6)
(82,1)
(54,8)
(73,8)
(99,9)
(102,19)
(24,0)
(7,11)
(30,18)
(18,16)
(99,0)
(100,11)
(45,6)
(59,9)
(33,3)
(26,2)
(62,9)
(21,0)
(79,1)
(35,1)
(74,19)
(42,3)
(83,5)
(101,11)
(12,9)
(95,3)
(73,14)
(12,9)
(36,10)
(62,8)
(90,7)
(62,9)
(102,7)
(45,16)
(87,15)
(28,3)
(96,3)
(84,15)
(69,13)
(101,9)
(102,9)
(10,0)
(21,7)
(47,1)
(78,0)
(8,10)
(31,8)
(22,10)
(39,0)
(53,13)
(70,2)
(74,10)
(78,19)
(7,18)
(91,17)
(73,12)
(11,14)
(34,2)
(17,0)
(27,2)
(97,1)
(100,18)
(98,17)
(49,18)
(15,18)
(98,14)
(60,1)
(21,2)
(45,1)
(44,19)
(40,0)
(97,4)
(69,2)
(54,5)
(36,3)
(83,5)
(51,11)
(34,2)
(10,6)
(68,8)
(56,1)
(91,9)
(20,6)
(31,0)
(85,1)
(55,1)
(19,5)
(73,3)
(44,2)
(32,18)
(91,4)
(53,3)
(70,12)
(82,15)
(8,17)
(86,5)
(67,14)
(92,2)
(42,4)
(58,4)
(21,3)
(90,9)
(89,6)
(71,0)
(92,12)
(29,9)
(90,7)
(19,6)
(68,6)
(100,12)

(42,0)
(40,1)
(40,2)
(40,3)
(40,4)
(41,5)
(40,6)
(41,7)
(40,8)
(41,9)
(40,10)
(42,11)
(40,12)
(40,13)
(41,14)
(41,15)
(42,16)
(42,17)
(42,18)
(42,19)
(53,2)
(19,18)
(46,19)
(78,12)
(26,1)
(66,8)
(30,9)
(81,15)
(44,2)
(91,7)
(53,9)
(73,5)
(12,2)
(18,16)
(84,0)
(65,7)
(18,10)
(15,18)
(53,15)
(27,6)
(41,7)
(97,16)
(23,9)
(80,11)
(85,4)
(39,5)
(100,16)
(49,11)
(36,0)
(61,5)
(92,2)
(22,2)
(93,3)
(78,5)
(73,6)
(15,6)
(36,19)
(57,0)
(95,11)
(96,18)
(72,13)
(45,9)
(15,1)
(38,9)
(78,15)
(74,1)
(46,11)
(83,8)
(59,14)
(56,4)
(57,3)
(6,9)
(30,7)
(61,12)
(30,19)
(48,1)
(36,9)
(28,1)
(101,6)
(48,13)
(94,8)
(23,3)
(48,5)
(59,3)
(57,2)
(33,9)
(82,2)
(13,17)
(45,7)
(101,7)
(38,15)
(58,6)
(91,6)
(26,15)
(75,13)
(30,0)
(27,14)
(65,16)
(62,11)
(11,1)
(16,15)
(98,10)
(30,2)
(15,17)
(38,3)
(65,18)
(12,2)
(93,11)
(26,0)
(40,13)
(90,19)
(36,7)
(78,2)
(43,2)
(21,15)
(22,2)
(76,4)
(78,0)
(80,4)
(39,9)
(95,8)
(98,6)
(100,17)
(90,19)
(31,5)
(24,16)
(67,3)
(64,0)
(15,2)
(5,4)
(67,0)
(76,2)
(102,2)
(49,2)
(78,4)
(88,14)
(53,6)
(70,2)
(17,6)
(55,11)
(77,16)
(13,2)
(12,3)
(43,12)
(57,19)
(60,11)
(81,18)
(34,9)
(70,17)
(50,3)
(24,8)
(66,13)
(78,18)
(54,7)
(60,5)
(48,4)
(69,16)
(13,9)
(94,1)
(83,5)
(32,5)
(23,12)
(48,0)
(85,1)
(9,8)
(54,14)
(49,9)
(71,0)
(49,13)
(92,2)
(98,9)
(44,11)
(20,17)
(10,0)
(18,16)
(8,6)
(85,15)
(17,7)
(80,4)
(84,8)
(56,2)
(58,2)
(57,4)
(24,12)
(50,9)
(13,2)
(17,5)
(96,16)
(18,11)
(26,19)
(89,15)
(58,2)
(32,10)
(100,10)
(34,1)
(43,11)
(100,6)
(62,0)
(55,11)
(78,14)
(81,6)
(25,14)
(36,0)
(43,0)
(7,12)
(25,6)
(41,1)
(76,14)
(46,8)
(102,4)
(46,3)
(90,2)
(44,18)
(77,18)
(38,2)
(27,3)
(11,10)
(101,8)
(41,0)
(36,17)
(62,3)
(16,11)
(102,14)
(35,6)
(65,2)
(30,4)
(16,10)
(86,12)
(11,0)
(41,8)
(99,0)
(90,1)
(37,0)
(15,4)
(100,4)
(48,17)
(17,10)
(30,5)
(70,7)
(5,11)
(43,12)
(97,10)
(102,7)
(32,0)
(61,17)
(57,3)
(31,8)
(87,18)
(27,9)
(21,3)
(24,4)
(18,4)
(85,1)
(15,1)
(101,12)
(79,15)
(15,16)
(31,19)
(73,9)
(65,11)
(26,18)
(80,2)
(94,3)
(34,10)
(19,11)
(79,10)
(38,15)
(67,19)
(15,12)
(94,3)
(27,10)
(47,9)
(19,0)
(68,5)
(16,1)
(34,18)
(95,1)
(45,5)
(5,19)
(26,7)
(6,18)
(29,18)
(39,4)
(19,3)
(16,0)
(66,5)
(28,3)
(50,1)
(33,16)
(48,3)
(43,0)
(52,7)
(47,7)
(61,4)
(33,0)
(82,9)
(41,1)
(55,6)
(26,18)
(58,6)
(6,8)
(19,1)
(75,7)
(85,4)
(96,10)
(63,5)
(21,6)
(40,9)
(87,16)
(99,1)
(31,6)
(52,1)
(26,1)
(48,13)
(39,14)
(92,3)
(50,4)
(92,10)
(55,16)
(26,7)
(34,6)
(16,1)
(15,16)
(16,13)
(10,5)
(94,17)
(5,18)
(67,1)
(74,3)
(96,4)
(78,16)
(48,12)
(102,3)
(24,19)
(78,0)
(61,15)
(62,3)
(35,7)
(9,7)
(28,13)
(90,0)
(80,19)
(70,8)
(44,7)
(33,15)
(8,6)
(64,4)
(45,0)
(13,4)
(51,16)
(95,11)
(80,1)
(92,15)
(40,3)
(31,3)
(89,16)
(22,0)
(70,4)
(24,14)
(57,17)
(44,1)
(44,15)
(28,8)
(12,19)
(30,3)
(84,16)
(60,5)
(61,10)
(31,10)
(43,16)
(96,9)
(98,10)
(57,6)
(50,2)
(79,15)
(21,2)
(77,7)
(49,2)
(28,7)
(35,9)
(64,4)
(98,8)
(65,15)
(14,10)
(22,17)
(10,0)
(25,10)
(84,2)
(81,19)
(29,13)
(6,10)
(15,11)
(33,0)
(69,8)
(98,11)
(91,4)
(82,16)
(14,8)
(35,2)
(41,12)
(54,2)
(60,14)
(72,19)
(76,1)
(17,9)
(101,14)
(91,19)
(45,19)
(31,1)
(16,12)
(73,4)
(65,16)
(19,1)
(74,9)
(67,3)
(55,6)
(22,15)
(66,18)
(102,14)
(8,5)
(16,12)
(55,1)
(33,16)
(99,6)
(66,10)
(77,19)
(47,0)
(37,11)
(39,6)
(59,16)
(94,2)
(99,0)
(76,10)
(42,9)
(84,4)
(78,6)
(7,11)
(38,9)
(44,16)
(96,4)
(101,5)
(53,0)
(93,9)
(73,0)
(34,6)
(13,0)
(100,2)
(98,8)
(100,1)
(97,19)
(78,3)
(96,1)
(82,17)
(89,10)
(90,1)
(91,9)
(48,3)
(27,14)
(42,0)
(37,16)
(71,3)
(53,6)
(47,12)
(44,1)
(70,16)
(50,7)
(76,7)
(20,17)
(87,1)
(53,5)
(82,1)
(98,8)
(77,0)
(99,4)
(14,14)
(51,13)
(41,6)
(31,2)
(87,4)
(35,1)
(33,13)
(86,0)
(100,8)
(78,3)
(94,16)
(63,0)
(96,11)
(55,4)
(46,12)
(33,4)
(71,18)
(43,11)
(89,11)
(45,5)
(63,15)
(25,5)
(77,6)
(48,12)
(96,7)
(5,4)
(81,11)
(49,5)
(95,3)
(53,7)
(88,18)
(10,0)
(33,19)
(18,7)
(29,5)
(27,14)
(83,1)
(65,9)
(91,8)
(52,19)
(24,9)
(15,12)
(36,18)
(59,13)
(90,0)
(80,9)
(45,6)
(63,6)
(89,16)
(7,15)
(64,7)
(30,6)
(85,17)
(33,9)
(48,19)
(35,15)
(46,4)
(24,19)
(26,2)
(58,0)
(74,4)
(64,2)
(15,8)
(12,11)
(41,1)
(48,4)
(24,1)
(93,2)
(41,9)
(59,16)
(26,7)
(13,4)
(58,4)
(34,7)
(84,5)
(65,0)
(5,0)
(61,17)
(76,0)
(52,9)
(61,13)
(39,16)
(69,1)
(35,15)
(85,2)
(88,10)
(57,0)
(47,18)
(9,5)
(90,10)
(74,11)
(44,1)
(58,4)
(22,4)
(37,16)
(65,8)
(19,7)
(35,2)
(21,5)
(52,8)
(26,10)
(94,17)
(66,6)
(43,14)
(91,13)
(96,14)
(31,7)
(43,6)
(89,1)
(69,0)
(88,9)
(52,7)
(86,14)
(82,18)
(75,12)
(21,7)
(77,15)
(95,3)
(82,4)
(54,9)
(69,8)
(15,11)
(26,15)
(75,0)
(67,18)
(64,19)
(22,14)
(88,12)
(17,3)
(22,5)
(19,19)
(51,13)
(20,0)
(81,11)
(47,11)
(29,4)
(44,8)
(96,4)
(94,1)
(31,19)
(98,16)
(94,19)
(23,16)
(6,16)
(20,4)
(13,2)
(24,14)
(99,14)
(87,19)
(15,2)
(23,7)
(41,1)
(49,9)
(37,19)
(15,8)
(6,0)
(33,3)
(46,10)
(63,1)
(79,1)
(49,10)
(6,2)
(96,18)
(64,3)
(48,10)
(72,1)
(25,6)
(87,5)
(90,3)
(94,0)
(76,4)
(53,4)
(14,19)
(35,16)
(96,12)
(29,5)
(39,0)
(51,3)
(93,5)
(92,0)
(8,17)
(20,3)
(9,2)
(17,19)
(73,0)
(27,5)
(52,6)
(29,7)
(94,1)
(91,14)
(85,3)
(96,17)
(59,10)
(31,10)
(13,12)
(32,12)
(100,15)
(91,1)
(83,11)
(14,9)
(30,1)
(31,12)
(26,15)
(17,3)
(25,2)
(84,3)
(65,15)
(83,16)
(55,13)
(86,19)
(27,5)
(88,12)
(29,5)
(25,2)
(88,0)
(69,18)
(71,12)
(92,10)
(36,2)
(34,10)
(91,19)
(10,0)
(53,15)
(89,15)
(75,6)
(43,10)
(97,14)
(78,3)
(25,11)
(90,11)
(42,4)
(5,5)
(100,5)
(12,1)
(79,2)
(92,3)
(98,2)
(26,9)
(90,14)
(53,3)
(16,13)
(49,14)
(24,0)
(43,16)
(63,6)
(52,16)
(92,3)
(20,18)
(71,16)
(70,2)
(15,6)
(78,15)
(21,4)
(69,2)
(92,5)
(39,4)
(67,18)
(81,3)
(38,6)
(20,5)
(56,13)
(46,3)
(91,10)
(12,14)
(77,10)
(56,2)
(12,14)
(75,2)
(101,11)
(35,11)
(56,3)
(52,5)
(67,13)
(10,13)
(40,16)
(45,6)
(21,12)
(57,4)
(98,5)
(19,12)
(93,6)
(19,7)
(63,6)
(14,3)
(18,14)
(38,1)
(35,3)
(35,2)
(93,0)
(37,4)
(21,7)
(19,14)
(22,1)
(82,6)
(59,2)
(99,14)
(24,0)
(62,2)
(92,1)
(43,17)
(14,3)
(24,9)
(19,11)
(22,0)
(80,18)
(63,18)
(20,3)
(59,17)
(63,0)
(8,0)
(50,0)
(92,6)
(45,8)
(8,1)
(47,0)
(9,6)
(77,1)
(62,6)
(10,13)
(25,1)
(95,3)
(54,14)
(83,4)
(85,1)
(93,12)
(27,0)
(45,0)
(32,1)
(7,19)
(74,14)
(54,0)
(37,2)
(43,3)
(95,12)
(72,3)
(64,12)
(87,16)
(88,5)
(95,11)
(11,16)
(83,11)
(74,5)
(35,5)
(62,8)
(15,1)
(83,5)
(42,0)
(91,6)
(12,16)
(23,11)
(100,5)
(35,12)
(75,7)
(61,13)
(71,0)
(74,3)
(9,1)
(21,10)
(30,7)
(25,13)
(71,10)
(28,6)
(83,17)
(87,3)
(8,16)
(70,2)
(61,19)
(73,10)
(16,13)
(29,1)
(56,8)
(74,0)
(62,14)
(99,8)
(88,0)
(17,7)
(18,15)
(88,10)
(86,9)
(33,9)
(67,18)
(78,8)
(34,2)
(81,12)
(12,12)
(13,19)
(36,3)
(42,5)
(95,19)
(82,18)
(49,7)
(47,15)
(44,17)
(32,1)
(11,6)
(78,15)
(13,14)
(68,18)
(99,19)
(91,0)
(77,16)
(65,4)
(82,10)
(90,4)
(82,0)
(9,10)
(27,12)
(87,18)
(26,6)
(21,0)
(29,9)
(82,11)
(97,9)
(36,9)
(8,5)
(41,1)
(77,4)
(13,9)
(97,12)
(28,13)
(63,0)
(80,8)
(13,2)
(35,12)
(100,3)
(74,18)
(84,9)
(59,2)
(71,2)
(60,14)
(92,16)
(35,14)
(52,9)
(100,3)
(15,18)
(95,2)
(26,7)
(30,2)
(84,4)
(68,3)
(48,1)
(40,2)
(76,3)
(32,0)
(31,14)
(90,11)
(63,0)
(28,15)
(66,3)
(97,4)
(56,5)
(29,13)
(72,7)
(67,13)
(30,1)
(23,1)
(30,3)
(31,1)
(101,13)
(28,15)
(36,18)
(33,17)
(47,1)
(7,10)
(61,14)
(35,2)
(99,15)
(70,3)
(47,4)
(18,10)
(92,12)
(31,7)
(59,1)
(87,1)
(96,15)
(42,16)
(36,11)
(62,2)
(21,2)
(53,10)
(74,10)
(89,0)
(39,19)
(79,4)
(90,0)
(26,0)
(29,16)
(76,8)
(78,7)
(65,4)
(62,5)
(44,17)
(14,13)
(26,9)
(51,12)
(87,5)
(6,17)
(61,4)
(24,15)
(89,1)
(62,17)
(94,0)
(76,5)
(87,8)
(80,4)
(33,9)
(41,1)
(70,9)
(19,3)
(89,1)
(45,9)
(101,5)
(90,14)
(27,9)
(15,7)
(57,19)
(75,18)
(99,1)
(43,15)
(33,7)
(26,19)
(93,14)
(96,2)
(8,7)
(6,9)
(86,11)
(22,9)
(23,6)
(87,6)
(28,1)
(89,2)
(63,19)
(42,1)
(24,6)
(91,18)
(99,5)
(93,19)
(58,19)
(31,19)
(74,8)
(24,8)
(35,10)
(40,2)
(58,3)
(34,15)
(98,17)
(60,17)
(21,7)
(18,15)
(35,6)
(60,2)
(95,13)
(46,6)
(93,3)
(68,10)
(25,0)
(71,6)
(42,1)
(58,5)
(41,16)
(49,4)
(68,10)
(66,13)
(23,16)
(88,0)
(35,2)
(34,12)
(76,7)
(26,3)
(84,3)
(78,15)
(13,8)
(102,2)
(92,1)
(36,1)
(57,19)
(59,2)
(38,17)
(98,1)
(41,19)
(101,13)
(6,10)
(58,4)
(88,13)
(14,12)
(69,15)
(46,0)
(59,8)
(41,0)
(90,9)
(15,2)
(90,2)
(99,11)
(81,0)
(84,5)
(42,3)
(73,0)
(26,5)
(73,18)
(53,0)
(25,6)
(66,4)
(16,2)
(83,2)
(18,6)
(49,9)
(72,7)
(78,1)
(91,8)
(100,18)
(101,1)
(39,18)
(96,15)
(6,1)
(23,3)
(82,11)
(62,1)
(28,2)
(77,4)
(40,2)
(12,1)
(92,6)
(29,5)
(61,0)
(54,5)
(68,7)
(73,16)
(16,18)
(61,9)
(88,3)
(83,1)
(77,9)
(72,8)
(49,19)
(59,16)
(81,9)
(64,9)
(72,7)
(21,0)
(99,16)
(89,16)
(72,6)
(31,15)
(82,11)
(17,2)
(61,6)
(43,0)
(34,5)
(82,19)
(95,0)
(36,15)
(64,12)
(93,8)
(83,15)
(95,14)
(50,3)
(29,7)
(90,0)
(68,0)
(17,10)
(8,10)
(58,17)
(11,9)
(81,13)
(97,2)
(69,9)
(94,7)
(88,11)
(69,13)
(22,12)
(29,19)
(26,0)
(54,5)
(56,4)
(7,8)
(78,5)
(7,12)
(19,0)
(73,0)
(60,3)
(7,10)
(22,14)
(102,14)
(77,0)
(77,18)
(22,18)
(91,10)
(77,9)
(44,6)
(84,6)
(68,5)
(77,10)
(58,15)
(34,1)
(58,4)
(76,6)
(9,5)
(83,11)
(19,2)
(54,7)
(56,17)
(68,16)
(58,11)
(29,16)
(21,11)
(86,11)
(40,0)
(14,2)
(46,17)
(16,4)
(62,19)
(15,1)
(101,2)
(10,4)
(86,12)
(12,1)
(40,17)
(77,13)
(65,5)
(83,17)
(87,1)
(89,2)
(31,13)
(65,8)
(97,14)
(54,15)
(95,19)
(14,12)
(37,0)
(92,17)
(11,15)
(22,0)
(98,9)
(47,0)
(93,19)
(62,6)
(15,0)
(54,5)
(100,7)
(53,11)
(72,10)
(44,0)
(27,0)
(19,8)
(69,5)
(63,0)
(9,10)
(13,13)
(93,9)
(85,7)
(102,3)
(69,12)
(60,3)
(38,19)
(6,5)
(85,19)
(21,0)
(18,11)
(32,15)
(31,17)
(19,10)
(21,10)
(68,0)
(94,16)
(30,19)
(21,15)
(44,8)
(55,5)
(39,4)
(29,5)
(88,10)
(70,5)
(97,15)
(86,9)
(80,4)
(66,8)
(19,12)
(64,13)
(39,3)
(17,18)
(67,13)
(73,4)
(93,4)
(37,17)
(53,4)
(10,4)
(86,19)
(21,3)
(99,1)
(11,16)
(81,9)
(59,5)
(71,16)
(101,0)
(74,17)
(39,14)
(18,15)
(88,17)
(55,2)
(7,7)
(35,0)
(68,0)
(53,11)
(51,14)
(70,6)
(10,0)
(20,6)
(50,10)
(58,0)
(49,7)
(80,2)
(80,15)
(11,13)
(85,1)
(15,0)
(99,19)
(32,0)
(13,2)
(9,5)
(60,17)
(85,6)
(41,15)
(73,3)
(73,3)
(73,5)
(101,0)
(31,17)
(59,0)
(95,14)
(57,9)
(85,12)
(7,8)
(67,18)
(83,9)
(41,17)
(83,0)
(19,18)
(65,8)
(53,18)
(68,5)
(55,11)
(98,0)
(96,2)
(97,1)
(66,14)
(50,0)
(48,11)
(48,2)
(17,17)
(52,12)
(28,10)
(6,12)
(13,19)
(46,5)
(28,18)
(80,1)
(82,16)
(48,4)
(21,3)
(91,15)
(71,12)
(37,3)
(75,16)
(18,10)
(46,3)
(40,5)
(21,13)
(49,12)
(24,7)
(15,7)
(9,12)
(19,5)
(67,4)
(27,18)
(7,2)
(10,2)
(17,2)
(14,2)
(85,18)
(5,1)
(70,3)
(54,3)
(94,10)
(10,7)
(92,2)
(19,13)
(60,12)
(34,9)
(34,4)
(79,1)
(78,7)
(93,1)
(96,8)
(6,13)
(86,4)
(102,2)
(67,2)
(35,1)
(8,3)
(86,7)
(55,5)
(8,6)
(70,6)
(39,7)
(96,5)
(70,5)
(96,4)
(28,10)
(32,4)
(100,15)
(68,18)
(99,13)
(43,5)
(54,7)
(10,16)
(18,8)
(53,1)
(29,14)
(11,18)
(11,17)
(6,15)
(62,0)
(58,4)
(60,0)
(100,0)
(84,10)
(8,10)
(5,5)
(42,6)
(17,0)
(80,0)
(83,19)
(27,0)
(78,8)
(62,5)
(33,4)
(6,8)
(15,10)
(17,12)
(18,3)
(23,19)
(54,11)
(62,5)
(96,0)
(69,5)
(27,0)
(6,15)
(67,19)
(60,18)
(37,15)
(14,3)
(28,17)
(85,8)
(25,17)
(53,0)
(60,6)
(42,12)
(69,13)
(99,6)
(78,12)
(70,8)
(62,13)
(39,5)
(77,11)
(15,11)
(83,7)
(31,13)
(82,14)
(60,10)
(73,15)
(90,11)
(8,1)
(30,0)
(62,11)
(74,7)
(23,7)
(70,5)
(9,13)
(45,6)
(15,12)
(98,1)
(87,7)
(17,8)
(67,3)
(40,0)
(94,12)
(54,19)
(65,17)
(13,1)
(71,16)
(6,11)
(77,10)
(62,4)
(30,6)
(21,9)
(7,1)
(89,12)
(31,2)
(93,4)
(58,16)
(96,13)
(78,5)
(30,14)
(67,14)
(5,19)
(98,0)
(66,16)
(75,1)
(83,13)
(43,1)
(67,10)
(50,3)
(59,16)
(16,4)
(49,18)
(66,5)
(102,11)
(34,18)
(15,10)
(34,5)
(36,0)
(62,2)
(97,17)
(51,8)
(13,12)
(100,0)
(69,5)
(80,2)
(46,6)
(97,13)
(38,4)
(13,6)
(15,16)
(21,18)
(8,1)
(48,7)
(35,0)
(59,3)
(28,17)
(77,3)
(54,3)
(8,2)
(19,1)
(5,6)
(84,5)
(53,11)
(31,8)
(13,10)
(42,8)
(60,5)
(66,19)
(37,7)
(22,6)
(26,2)
(92,8)
(71,10)
(101,5)
(21,1)
(11,7)
(24,17)
(88,13)
(64,1)
(18,6)
(85,1)
(75,2)
(36,16)
(20,0)
(22,10)
(39,3)
(99,8)
(82,16)
(19,4)
(47,11)
(47,2)
(100,11)
(60,6)
(51,1)
(16,14)
(69,4)
(91,2)
(48,10)
(91,6)
(26,6)
(76,8)
(73,14)
(58,8)
(94,0)
(97,3)
(9,1)
(41,1)
(89,1)
(92,9)
(5,8)
(51,1)
(36,19)
(87,2)
(68,0)
(16,14)
(71,8)
(30,11)
(17,6)
(100,9)
(88,8)
(60,11)
(38,0)
(65,4)
(64,1)
(23,9)
(23,13)
(71,2)
(32,10)
(42,5)
(62,14)
(68,7)
(29,13)
(14,12)
(84,8)
(91,5)
(88,2)
(20,19)
(80,0)
(56,6)
(26,11)
(20,10)
(68,17)
(86,18)
(98,8)
(38,0)
(33,0)
(19,3)
(29,8)
(102,7)
(99,2)
(12,10)
(16,18)
(47,16)
(30,10)
(101,18)
(60,10)
(76,0)
(96,0)
(67,7)
(38,5)
(21,2)
(67,19)
(54,6)
(100,5)
(10,2)
(40,8)
(96,7)
(14,2)
(58,11)
(7,1)
(99,4)
(84,11)
(16,11)
(31,0)
(99,4)
(78,18)
(8,11)
(38,18)
(50,4)
(75,3)
(22,2)
(92,12)
(64,15)
(44,10)
(37,9)
(14,10)
(89,3)
(58,2)
(20,5)
(28,7)
(69,6)
(84,13)
(84,9)
(33,14)
(11,11)
(102,9)
(52,1)
(66,1)
(23,13)
(69,5)
(40,8)
(88,0)
(8,3)
(16,11)
(58,0)
(7,7)
(69,9)
(84,7)
(51,2)
(7,4)
(83,6)
(53,1)
(6,10)
(70,0)
(26,7)
(6,10)
(41,5)
(62,0)
(76,15)
(51,10)
(52,9)
(78,3)
(11,17)
(51,10)
(72,1)
(31,10)
(23,1)
(100,15)
(70,18)
(20,5)
(39,8)
(94,14)
(47,16)
(38,6)
(71,7)
(52,1)
(85,0)
(44,7)
(48,15)
(72,13)
(64,15)
(88,1)
(24,2)
(26,11)
(73,10)
(80,1)
(64,0)
(51,13)
(58,5)
(35,17)
(68,0)
(55,3)
(23,14)
(57,10)
(86,5)
(98,11)
(36,5)
(7,2)
(82,3)
(24,9)
(24,14)
(33,18)
(71,5)
(18,1)
(102,6)
(17,2)
(72,0)
(93,8)
(51,5)
(102,18)
(26,5)
(44,18)
(33,11)
(29,4)
(31,4)
(91,6)
(29,3)
(78,5)
(62,10)
(7,10)
(52,13)
(86,0)
(53,17)
(52,0)
(32,9)
(73,2)
(63,6)
(9,9)
(76,8)
(97,5)
(37,9)
(75,11)
(47,15)
(68,18)
(22,10)
(95,5)
(12,7)
(57,0)
(63,1)
(60,19)
(71,5)
(24,3)
(88,16)
(95,14)
(57,2)
(94,10)
(78,19)
(55,8)
(47,14)
(95,1)
(40,4)
(66,2)
(22,4)
(16,12)
(60,1)
(95,12)
(46,8)
(69,19)
(7,2)
(10,4)
(72,15)
(74,8)
(26,17)
(13,6)
(13,2)
(88,14)
(23,8)
(8,7)
(20,6)
(25,0)
(85,13)
(30,15)
(21,8)
(80,7)
(90,19)
(93,8)
(76,18)
(15,15)
(40,17)
(91,7)
(8,2)
(95,13)
(44,3)
(46,12)
(63,18)
(100,5)
(65,19)
(67,8)
(36,0)
(53,3)
(95,1)
(87,2)
(57,1)
(12,5)
(94,2)
(24,5)
(30,8)
(70,3)
(44,3)
(62,6)
(41,5)
(85,13)
(98,12)
(70,11)
(17,18)
(11,1)
(22,9)
(86,11)
(34,1)
(26,3)
(39,7)
(42,5)
(98,0)
(48,0)
(44,4)
(84,1)
(23,1)
(34,0)
(21,2)
(33,4)
(69,1)
(92,4)
(55,2)
(63,3)
(25,4)
(43,5)
(16,3)
(83,9)
(91,3)
(17,7)
(23,19)
(39,18)
(26,9)
(93,10)
(32,0)
(54,3)
(91,2)
(5,12)
(95,4)
(47,13)
(18,16)
(98,2)
(60,12)
(51,18)
(47,7)
(87,3)
(43,5)
(89,10)
(66,14)
(33,17)
(6,5)
(78,15)
(99,6)
(58,6)
(35,1)
(43,6)
(30,15)
(98,3)
(62,15)
(41,7)
(53,14)
(97,16)
(78,5)
(32,0)
(5,19)
(87,18)
(81,3)
(39,3)
(51,13)
(17,8)
(7,4)
(5,1)
(84,2)
(47,11)
(50,2)
(44,8)
(21,0)
(100,1)
(20,1)
(63,11)
(64,10)
(12,3)
(33,16)
(20,17)
(90,10)
(51,19)
(88,4)
(54,1)
(7,14)
(63,18)
(78,0)
(77,18)
(23,3)
(88,3)
(61,0)
(51,1)
(22,3)
(89,3)
(58,13)
(49,8)
(42,11)
(35,11)
(58,3)
(29,12)
(79,7)
(88,1)
(14,0)
(47,2)
(56,6)
(24,0)
(53,3)
(37,12)
(78,16)
(85,8)
(74,6)
(59,13)
(101,6)
(92,6)
(84,5)
(55,0)
(76,12)
(7,1)
(24,6)
(28,1)
(66,0)
(75,6)
(63,2)
(48,4)
(31,5)
(16,8)
(32,0)
(80,15)
(37,8)
(56,1)
(86,9)
(50,5)
(33,16)
(71,2)
(12,3)
(31,6)
(8,5)
(27,1)
(7,10)
(10,9)
(94,4)
(49,4)
(57,13)
(75,6)
(64,7)
(102,1)
(100,1)
(60,8)
(59,18)
(100,1)
(96,16)
(84,13)
(38,19)
(29,13)
(86,6)
(70,5)
(60,1)
(68,3)
(51,19)
(33,8)
(68,10)
(79,3)
(9,14)
(76,2)
(90,2)
(49,7)
(64,17)
(18,15)
(51,18)
(74,3)
(26,7)
(77,6)
(90,18)
(30,8)
(56,1)
(58,11)
(92,3)
(35,17)
(37,8)
(41,7)
(26,5)
(69,18)
(97,3)
(17,15)
(53,12)
(97,5)
(90,0)
(22,1)
(59,5)
(72,1)
(55,18)
(99,18)
(11,1)
(45,18)
(99,15)
(28,13)
(47,11)
(46,10)
(38,5)
(79,9)
(37,0)
(89,1)
(48,18)
(29,7)
(82,9)
(36,0)
(13,19)
(49,11)
(24,5)
(35,13)
(11,17)
(43,1)
(64,11)
(86,3)
(8,2)
(86,9)
(91,7)
(67,3)
(69,4)
(8,1)
(91,6)
(44,18)
(56,14)
(35,0)
(61,19)
(53,13)
(20,10)
(47,5)
(49,15)
(93,12)
(68,4)
(48,4)
(12,15)
(17,3)
(72,5)
(30,17)
(92,11)
(56,17)
(101,16)
(31,0)
(59,3)
(47,19)
(87,10)
(35,4)
(24,4)
(31,19)
(41,8)
(82,7)
(28,1)
(79,5)
(57,2)
(50,0)
(55,10)
(71,4)
(57,2)
(90,13)
(95,6)
(87,18)
(70,14)
(6,12)
(16,9)
(71,3)
(19,3)
(22,11)
(28,0)
(75,0)
(33,5)
(82,8)
(31,10)
(15,1)
(48,2)
(33,7)
(47,10)
(86,1)
(86,3)
(85,13)
(6,9)
(55,18)
(48,5)
(95,8)
(19,8)
(42,3)
(19,1)
(73,14)
(55,10)
(101,8)
(25,10)
(28,13)
(12,16)
(67,5)
(89,17)
(72,15)
(24,0)
(87,12)
(41,17)
(85,1)
(22,1)
(43,3)
(14,4)
(92,14)
(75,4)
(93,0)
(14,10)
(43,10)
(55,13)
(24,11)
(35,17)
(89,19)
(61,0)
(70,4)
(11,19)
(62,11)
(20,1)
(81,2)
(34,3)
(32,4)
(47,14)
(32,1)
(84,0)
(65,6)
(82,1)
(54,8)
(73,8)
(99,9)
(102,19)
(24,0)
(7,11)
(30,18)
(18,16)
(99,0)
(100,11)
(45,6)
(59,9)
(33,3)
(26,2)
(62,9)
(21,0)
(79,1)
(35,1)
(74,19)
(42,3)
(83,5)
(101,11)
(12,9)
(95,3)
(73,14)
(12,9)
(36,10)
(62,8)
(90,7)
(62,9)
(102,7)
(45,16)
(87,15)
(28,3)
(96,3)
(84,15)
(69,13)
(101,9)
(102,9)
(10,0)
(21,7)
(47,1)
(78,0)
(8,10)
(31,8)
(22,10)
(39,0)
(53,13)
(70,2)
(74,10)
(78,19)
(7,18)
(91,17)
(73,12)
(11,14)
(34,2)
(17,0)
(27,2)
(97,1)
(100,18)
(98,17)
(49,18)
(15,18)
(98,14)
(60,1)
(21,2)
(45,1)
(44,19)
(40,0)
(97,4)
(69,2)
(54,5)
(36,3)
(83,5)
(51,11)
(34,2)
(10,6)
(68,8)
(56,1)
(91,9)
(20,6)
(31,0)
(85,1)
(55,1)
(19,5)
(73,3)
(44,2)
(32,18)
(91,4)
(53,3)
(70,12)
(82,15)
(8,17)
(86,5)
(67,14)
(92,2)
(42,4)
(58,4)
(21,3)
(90,9)
(89,6)
(71,0)
(92,12)
(29,9)
(90,7)
(19,6)
(68,6)
(100,12)
0.popular= 0.085778
1.popular= 0.079111
2.popular= 0.068889
3.popular= 0.067111
4.popular= 0.055556
5.popular= 0.063556
6.popular= 0.052889
7.popular= 0.047111
8.popular= 0.045778
9.popular= 0.046667
10.popular= 0.050667
11.popular= 0.043556
12.popular= 0.036444
13.popular= 0.036000
14.popular= 0.034667
15.popular= 0.037778
16.popular= 0.036889
17.popular= 0.031111
18.popular= 0.040889
19.popular= 0.039556

peer 0 neighbors is: 39, 100, 33, 62, 7, 52, 78, 96, 31, 21, 10, 12, 22, 25, 29, 
peer 1 neighbors is: 11, 3, 61, 70, 23, 52, 53, 60, 80, 12, 5, 24, 37, 42, 
peer 2 neighbors is: 39, 93, 88, 9, 63, 78, 99, 23, 61, 55, 19, 
peer 3 neighbors is: 1, 74, 51, 81, 99, 88, 97, 18, 31, 64, 41, 
peer 4 neighbors is: 6, 33, 48, 64, 47, 57, 90, 44, 29, 58, 13, 20, 21, 25, 35, 
peer 5 neighbors is: 65, 59, 9, 60, 62, 67, 1, 72, 32, 70, 13, 21, 26, 27, 30, 35, 
peer 6 neighbors is: 4, 44, 51, 57, 40, 78, 35, 58, 72, 101, 7, 14, 17, 28, 
peer 7 neighbors is: 0, 49, 6, 79, 24, 80, 41, 81, 43, 40, 
peer 8 neighbors is: 64, 12, 40, 17, 90, 75, 9, 48, 85, 50, 28, 30, 38, 42, 
peer 9 neighbors is: 2, 5, 8, 53, 70, 102, 57, 35, 36, 42, 12, 15, 28, 30, 
peer 10 neighbors is: 0, 69, 46, 82, 57, 53, 39, 81, 91, 47, 20, 25, 
peer 11 neighbors is: 1, 56, 49, 15, 50, 44, 27, 32, 21, 30, 
peer 12 neighbors is: 1, 8, 79, 0, 84, 46, 69, 80, 9, 42, 38, 
peer 13 neighbors is: 5, 77, 67, 86, 68, 61, 27, 22, 47, 4, 40, 
peer 14 neighbors is: 6, 97, 94, 15, 29, 71, 18, 77, 46, 22, 16, 
peer 15 neighbors is: 11, 14, 9, 60, 43, 61, 48, 79, 40, 96, 18, 29, 36, 
peer 16 neighbors is: 25, 44, 14, 23, 101, 75, 87, 32, 79, 67, 22, 26, 34, 40, 
peer 17 neighbors is: 8, 28, 34, 94, 87, 56, 54, 71, 27, 6, 
peer 18 neighbors is: 3, 14, 88, 60, 15, 71, 67, 38, 72, 41, 33, 36, 39, 
peer 19 neighbors is: 84, 94, 80, 23, 2, 56, 92, 30, 24, 100, 20, 40, 
peer 20 neighbors is: 19, 35, 54, 10, 4, 95, 52, 38, 21, 53, 
peer 21 neighbors is: 0, 11, 20, 27, 52, 5, 57, 51, 4, 47, 23, 37, 
peer 22 neighbors is: 13, 14, 32, 16, 77, 86, 0, 49, 30, 24, 31, 66, 
peer 23 neighbors is: 1, 2, 16, 19, 21, 62, 88, 101, 49, 57, 
peer 24 neighbors is: 7, 19, 22, 25, 85, 97, 56, 102, 64, 1, 
peer 25 neighbors is: 16, 24, 10, 98, 4, 51, 30, 0, 29, 94, 
peer 26 neighbors is: 62, 77, 46, 16, 102, 45, 53, 44, 5, 64, 65, 
peer 27 neighbors is: 11, 13, 17, 21, 85, 38, 31, 5, 76, 36, 29, 
peer 28 neighbors is: 17, 76, 6, 74, 70, 30, 99, 8, 48, 9, 
peer 29 neighbors is: 4, 14, 25, 27, 0, 75, 45, 15, 35, 102, 38, 
peer 30 neighbors is: 11, 19, 22, 25, 28, 9, 41, 5, 8, 58, 34, 
peer 31 neighbors is: 0, 3, 27, 80, 32, 86, 46, 78, 22, 35, 89, 
peer 32 neighbors is: 5, 11, 16, 22, 31, 54, 64, 97, 61, 44, 33, 34, 
peer 33 neighbors is: 0, 4, 59, 18, 78, 91, 80, 46, 68, 32, 39, 
peer 34 neighbors is: 17, 94, 90, 73, 16, 30, 32, 51, 91, 102, 
peer 35 neighbors is: 6, 9, 20, 29, 31, 37, 5, 56, 96, 4, 
peer 36 neighbors is: 9, 27, 92, 47, 54, 18, 68, 78, 15, 42, 63, 
peer 37 neighbors is: 35, 1, 38, 21, 81, 49, 44, 88, 51, 42, 41, 
peer 38 neighbors is: 18, 20, 27, 37, 102, 12, 82, 97, 29, 8, 
peer 39 neighbors is: 0, 2, 10, 49, 70, 92, 33, 18, 83, 47, 40, 41, 
peer 40 neighbors is: 6, 7, 8, 15, 13, 39, 66, 19, 79, 16, 
peer 41 neighbors is: 7, 18, 30, 3, 37, 39, 73, 42, 48, 74, 
peer 42 neighbors is: 9, 12, 36, 37, 41, 75, 95, 1, 44, 8, 
peer 43 neighbors is: 7, 15, 
peer 44 neighbors is: 4, 6, 11, 16, 26, 32, 37, 42, 
peer 45 neighbors is: 26, 29, 
peer 46 neighbors is: 10, 12, 14, 26, 31, 33, 
peer 47 neighbors is: 4, 10, 13, 21, 36, 39, 
peer 48 neighbors is: 4, 8, 15, 28, 41, 
peer 49 neighbors is: 7, 11, 22, 23, 37, 39, 
peer 50 neighbors is: 8, 11, 
peer 51 neighbors is: 3, 6, 21, 25, 34, 37, 55, 
peer 52 neighbors is: 0, 1, 20, 21, 
peer 53 neighbors is: 1, 9, 10, 20, 26, 
peer 54 neighbors is: 17, 20, 32, 36, 
peer 55 neighbors is: 2, 51, 
peer 56 neighbors is: 11, 17, 19, 24, 35, 
peer 57 neighbors is: 4, 6, 9, 10, 21, 23, 
peer 58 neighbors is: 4, 6, 30, 
peer 59 neighbors is: 5, 33, 
peer 60 neighbors is: 1, 5, 15, 18, 
peer 61 neighbors is: 1, 2, 13, 15, 32, 
peer 62 neighbors is: 0, 5, 23, 26, 
peer 63 neighbors is: 2, 36, 
peer 64 neighbors is: 3, 4, 8, 24, 26, 32, 
peer 65 neighbors is: 5, 26, 
peer 66 neighbors is: 40, 22, 
peer 67 neighbors is: 5, 13, 16, 18, 
peer 68 neighbors is: 13, 33, 36, 
peer 69 neighbors is: 10, 12, 
peer 70 neighbors is: 1, 5, 9, 28, 39, 
peer 71 neighbors is: 14, 17, 18, 
peer 72 neighbors is: 5, 6, 18, 
peer 73 neighbors is: 34, 41, 93, 
peer 74 neighbors is: 3, 28, 41, 
peer 75 neighbors is: 8, 16, 29, 42, 89, 
peer 76 neighbors is: 27, 28, 83, 
peer 77 neighbors is: 13, 14, 22, 26, 
peer 78 neighbors is: 0, 2, 6, 31, 33, 36, 
peer 79 neighbors is: 7, 12, 15, 16, 40, 
peer 80 neighbors is: 1, 7, 12, 19, 31, 33, 
peer 81 neighbors is: 3, 7, 10, 37, 
peer 82 neighbors is: 10, 38, 
peer 83 neighbors is: 39, 76, 
peer 84 neighbors is: 12, 19, 
peer 85 neighbors is: 8, 24, 27, 
peer 86 neighbors is: 13, 22, 31, 
peer 87 neighbors is: 16, 17, 
peer 88 neighbors is: 2, 3, 18, 23, 37, 98, 
peer 89 neighbors is: 31, 75, 
peer 90 neighbors is: 4, 8, 34, 
peer 91 neighbors is: 10, 33, 34, 
peer 92 neighbors is: 19, 36, 39, 
peer 93 neighbors is: 2, 73, 
peer 94 neighbors is: 14, 17, 19, 25, 34, 
peer 95 neighbors is: 20, 42, 
peer 96 neighbors is: 0, 15, 35, 
peer 97 neighbors is: 3, 14, 24, 32, 38, 
peer 98 neighbors is: 25, 88, 
peer 99 neighbors is: 2, 3, 28, 
peer 100 neighbors is: 0, 19, 
peer 101 neighbors is: 6, 16, 23, 
peer 102 neighbors is: 9, 24, 26, 29, 34, 38, 

