73 Users
20 Files
1500 Transactions
7 Maximum Connections
1 Cycle Length per Upload-Download
750 Warm-up Transactions
0.400000 Zipf constant
3 Pre-Trusted Users
53 Well-Behaved (Good) Users
0 Purely Malicious Users
0 Feedback Skewing Users
0 Malignant Providing Users
20 Disguised Malicous Users
0 Sybil Attack Users
true Intelligent Trans. Generation
1474142731872 Trace Generation Seed
0.2 F_PERC

(1.000000,0.000000,4,false)
(1.000000,0.000000,4,false)
(1.000000,0.000000,4,false)
(1.000000,0.000000,4,false)
(1.000000,0.000000,4,false)
(1.000000,0.000000,4,false)
(1.000000,0.000000,4,false)
(1.000000,0.000000,4,false)
(1.000000,0.000000,4,false)
(1.000000,0.000000,4,false)
(1.000000,0.000000,4,false)
(1.000000,0.000000,4,false)
(1.000000,0.000000,4,false)
(1.000000,0.000000,4,false)
(1.000000,0.000000,4,false)
(1.000000,0.000000,4,false)
(1.000000,0.000000,4,false)
(1.000000,0.000000,4,false)
(1.000000,0.000000,4,false)
(1.000000,0.000000,4,false)
(1.000000,1.000000,0,true)
(1.000000,1.000000,0,true)
(1.000000,1.000000,0,true)
(1.000000,1.000000,0,false)
(1.000000,1.000000,0,false)
(1.000000,1.000000,0,false)
(1.000000,1.000000,0,false)
(1.000000,1.000000,0,false)
(1.000000,1.000000,0,false)
(1.000000,1.000000,0,false)
(1.000000,1.000000,0,false)
(1.000000,1.000000,0,false)
(1.000000,1.000000,0,false)
(1.000000,1.000000,0,false)
(1.000000,1.000000,0,false)
(1.000000,1.000000,0,false)
(1.000000,1.000000,0,false)
(1.000000,1.000000,0,false)
(1.000000,1.000000,0,false)
(1.000000,1.000000,0,false)
(1.000000,1.000000,0,false)
(1.000000,1.000000,0,false)
(1.000000,1.000000,0,false)
(1.000000,1.000000,0,false)
(1.000000,1.000000,0,false)
(1.000000,1.000000,0,false)
(1.000000,1.000000,0,false)
(1.000000,1.000000,0,false)
(1.000000,1.000000,0,false)
(1.000000,1.000000,0,false)
(1.000000,1.000000,0,false)
(1.000000,1.000000,0,false)
(1.000000,1.000000,0,false)
(1.000000,1.000000,0,false)
(1.000000,1.000000,0,false)
(1.000000,1.000000,0,false)
(1.000000,1.000000,0,false)
(1.000000,1.000000,0,false)
(1.000000,1.000000,0,false)
(1.000000,1.000000,0,false)
(1.000000,1.000000,0,false)
(1.000000,1.000000,0,false)
(1.000000,1.000000,0,false)
(1.000000,1.000000,0,false)
(1.000000,1.000000,0,false)
(1.000000,1.000000,0,false)
(1.000000,1.000000,0,false)
(1.000000,1.000000,0,false)
(1.000000,1.000000,0,false)
(1.000000,1.000000,0,false)
(1.000000,1.000000,0,false)
(1.000000,1.000000,0,false)
(1.000000,1.000000,0,false)

(0,0,true)
(1,0,true)
(2,0,true)
(3,0,true)
(4,0,true)
(5,0,true)
(6,0,true)
(7,0,true)
(8,0,true)
(9,0,true)
(10,0,true)
(11,0,true)
(12,0,true)
(13,0,true)
(14,0,true)
(15,0,true)
(16,0,true)
(17,0,true)
(18,0,true)
(19,0,true)
(20,0,true)
(32,0,true)
(21,0,true)
(22,0,true)
(23,0,true)
(24,0,true)
(25,0,true)
(27,0,true)
(28,0,true)
(31,0,true)
(34,0,true)
(35,0,true)
(37,0,true)
(40,0,true)
(43,0,true)
(44,0,true)
(46,0,true)
(47,0,true)
(48,0,true)
(49,0,true)
(50,0,true)
(51,0,true)
(52,0,true)
(53,0,true)
(56,0,true)
(59,0,true)
(61,0,true)
(62,0,true)
(65,0,true)
(67,0,true)
(68,0,true)
(70,0,true)
(71,0,true)
(72,0,true)
(0,1,true)
(1,1,true)
(2,1,true)
(3,1,true)
(4,1,true)
(5,1,true)
(6,1,true)
(7,1,true)
(8,1,true)
(9,1,true)
(10,1,true)
(11,1,true)
(12,1,true)
(13,1,true)
(14,1,true)
(15,1,true)
(16,1,true)
(17,1,true)
(18,1,true)
(19,1,true)
(21,1,true)
(58,1,true)
(20,1,true)
(26,1,true)
(38,1,true)
(42,1,true)
(43,1,true)
(50,1,true)
(51,1,true)
(52,1,true)
(54,1,true)
(55,1,true)
(63,1,true)
(65,1,true)
(66,1,true)
(68,1,true)
(69,1,true)
(70,1,true)
(72,1,true)
(0,2,true)
(1,2,true)
(2,2,true)
(3,2,true)
(4,2,true)
(5,2,true)
(6,2,true)
(7,2,true)
(8,2,true)
(9,2,true)
(10,2,true)
(11,2,true)
(12,2,true)
(13,2,true)
(14,2,true)
(15,2,true)
(16,2,true)
(17,2,true)
(18,2,true)
(19,2,true)
(22,2,true)
(23,2,true)
(42,2,true)
(45,2,true)
(53,2,true)
(54,2,true)
(55,2,true)
(56,2,true)
(57,2,true)
(59,2,true)
(62,2,true)
(63,2,true)
(64,2,true)
(66,2,true)
(71,2,true)
(0,3,true)
(1,3,true)
(2,3,true)
(3,3,true)
(4,3,true)
(5,3,true)
(6,3,true)
(7,3,true)
(8,3,true)
(9,3,true)
(10,3,true)
(11,3,true)
(12,3,true)
(13,3,true)
(14,3,true)
(15,3,true)
(16,3,true)
(17,3,true)
(18,3,true)
(19,3,true)
(24,3,true)
(36,3,true)
(45,3,true)
(61,3,true)
(69,3,true)
(0,4,true)
(1,4,true)
(2,4,true)
(3,4,true)
(4,4,true)
(5,4,true)
(6,4,true)
(7,4,true)
(8,4,true)
(9,4,true)
(10,4,true)
(11,4,true)
(12,4,true)
(13,4,true)
(14,4,true)
(15,4,true)
(16,4,true)
(17,4,true)
(18,4,true)
(19,4,true)
(25,4,true)
(48,4,true)
(0,5,true)
(1,5,true)
(2,5,true)
(3,5,true)
(4,5,true)
(5,5,true)
(6,5,true)
(7,5,true)
(8,5,true)
(9,5,true)
(10,5,true)
(11,5,true)
(12,5,true)
(13,5,true)
(14,5,true)
(15,5,true)
(16,5,true)
(17,5,true)
(18,5,true)
(19,5,true)
(26,5,true)
(33,5,true)
(46,5,true)
(0,6,true)
(1,6,true)
(2,6,true)
(3,6,true)
(4,6,true)
(5,6,true)
(6,6,true)
(7,6,true)
(8,6,true)
(9,6,true)
(10,6,true)
(11,6,true)
(12,6,true)
(13,6,true)
(14,6,true)
(15,6,true)
(16,6,true)
(17,6,true)
(18,6,true)
(19,6,true)
(27,6,true)
(58,6,true)
(0,7,true)
(1,7,true)
(2,7,true)
(3,7,true)
(4,7,true)
(5,7,true)
(6,7,true)
(7,7,true)
(8,7,true)
(9,7,true)
(10,7,true)
(11,7,true)
(12,7,true)
(13,7,true)
(14,7,true)
(15,7,true)
(16,7,true)
(17,7,true)
(18,7,true)
(19,7,true)
(28,7,true)
(30,7,true)
(0,8,true)
(1,8,true)
(2,8,true)
(3,8,true)
(4,8,true)
(5,8,true)
(6,8,true)
(7,8,true)
(8,8,true)
(9,8,true)
(10,8,true)
(11,8,true)
(12,8,true)
(13,8,true)
(14,8,true)
(15,8,true)
(16,8,true)
(17,8,true)
(18,8,true)
(19,8,true)
(29,8,true)
(67,8,true)
(57,8,true)
(0,9,true)
(1,9,true)
(2,9,true)
(3,9,true)
(4,9,true)
(5,9,true)
(6,9,true)
(7,9,true)
(8,9,true)
(9,9,true)
(10,9,true)
(11,9,true)
(12,9,true)
(13,9,true)
(14,9,true)
(15,9,true)
(16,9,true)
(17,9,true)
(18,9,true)
(19,9,true)
(30,9,true)
(64,9,true)
(0,10,true)
(1,10,true)
(2,10,true)
(3,10,true)
(4,10,true)
(5,10,true)
(6,10,true)
(7,10,true)
(8,10,true)
(9,10,true)
(10,10,true)
(11,10,true)
(12,10,true)
(13,10,true)
(14,10,true)
(15,10,true)
(16,10,true)
(17,10,true)
(18,10,true)
(19,10,true)
(31,10,true)
(29,10,true)
(33,11,true)
(60,11,true)
(34,12,true)
(39,12,true)
(35,13,true)
(47,13,true)
(36,14,true)
(29,14,true)
(37,15,true)
(60,15,true)
(38,16,true)
(49,16,true)
(39,17,true)
(41,17,true)
(40,18,true)
(32,18,true)
(41,19,true)
(44,19,true)

0,-1,1,1,-1,-1,-1,1,-1,-1,-1,-1,-1,-1,1,-1,-1,-1,-1,-1,1,1,-1,-1,-1,1,1,-1,-1,1,1,-1,1,-1,-1,-1,-1,-1,-1,-1,-1,-1,-1,-1,-1,-1,-1,-1,-1,1,-1,-1,-1,-1,-1,-1,-1,-1,-1,-1,-1,1,-1,-1,-1,-1,-1,-1,-1,-1,-1,-1,-1,
-1,0,-1,-1,-1,-1,1,1,-1,-1,-1,-1,-1,-1,-1,-1,1,-1,1,-1,1,-1,-1,-1,-1,-1,-1,-1,-1,-1,-1,-1,-1,-1,-1,-1,-1,-1,-1,-1,-1,-1,-1,-1,-1,-1,-1,-1,-1,-1,-1,1,-1,-1,1,1,1,-1,1,-1,1,-1,-1,-1,-1,1,-1,-1,-1,-1,-1,-1,-1,
1,-1,0,-1,-1,1,1,-1,-1,1,-1,-1,-1,-1,-1,-1,-1,1,-1,-1,-1,-1,1,-1,-1,-1,1,-1,-1,-1,-1,-1,-1,-1,-1,-1,-1,-1,-1,-1,-1,-1,-1,-1,-1,1,-1,-1,-1,1,-1,-1,-1,-1,-1,-1,-1,1,-1,1,-1,-1,-1,-1,-1,-1,1,-1,-1,1,-1,-1,-1,
1,-1,-1,0,1,-1,-1,1,-1,-1,-1,1,1,-1,1,-1,1,-1,-1,-1,1,1,-1,-1,-1,1,-1,-1,-1,-1,-1,-1,-1,-1,-1,-1,-1,-1,-1,1,-1,-1,-1,-1,1,-1,-1,-1,-1,-1,-1,-1,-1,-1,-1,-1,1,-1,-1,-1,-1,-1,-1,-1,-1,-1,-1,-1,-1,1,-1,-1,-1,
-1,-1,-1,1,0,-1,-1,-1,-1,-1,1,-1,1,-1,-1,1,-1,1,1,-1,-1,1,-1,-1,1,-1,-1,-1,-1,-1,-1,-1,-1,-1,-1,-1,1,-1,-1,1,-1,1,-1,-1,-1,-1,-1,-1,-1,-1,-1,-1,-1,-1,-1,-1,-1,-1,-1,-1,-1,-1,-1,-1,-1,-1,-1,-1,-1,-1,-1,1,-1,
-1,-1,1,-1,-1,0,-1,-1,-1,-1,1,-1,-1,-1,-1,-1,-1,-1,1,-1,-1,-1,1,-1,-1,-1,-1,-1,-1,-1,-1,-1,-1,-1,1,-1,-1,1,-1,-1,-1,-1,1,-1,-1,-1,-1,1,-1,-1,-1,-1,1,-1,-1,-1,-1,-1,-1,1,-1,-1,1,-1,-1,1,-1,-1,-1,-1,-1,-1,-1,
-1,1,1,-1,-1,-1,0,-1,1,1,-1,-1,-1,-1,-1,-1,1,-1,-1,-1,-1,-1,-1,-1,-1,-1,-1,-1,-1,-1,-1,-1,1,-1,1,-1,1,-1,-1,-1,-1,-1,-1,-1,-1,-1,-1,-1,1,-1,-1,-1,-1,1,-1,-1,-1,-1,-1,1,-1,-1,-1,-1,-1,-1,-1,-1,-1,-1,-1,-1,-1,
1,1,-1,1,-1,-1,-1,0,-1,1,-1,-1,1,-1,-1,-1,-1,-1,-1,1,1,-1,-1,-1,-1,-1,1,-1,-1,-1,-1,1,-1,-1,-1,-1,-1,-1,-1,-1,-1,-1,1,-1,-1,-1,-1,-1,1,-1,-1,-1,-1,-1,-1,1,-1,-1,1,-1,-1,-1,-1,-1,-1,-1,-1,-1,-1,-1,-1,-1,-1,
-1,-1,-1,-1,-1,-1,1,-1,0,-1,-1,1,-1,1,1,-1,1,-1,1,-1,-1,-1,-1,-1,-1,-1,1,-1,1,-1,-1,1,-1,-1,-1,-1,-1,-1,-1,-1,-1,1,-1,-1,-1,-1,-1,-1,1,-1,-1,-1,-1,-1,1,-1,-1,-1,-1,-1,-1,1,-1,-1,-1,-1,-1,-1,-1,-1,-1,-1,-1,
-1,-1,1,-1,-1,-1,1,1,-1,0,-1,1,-1,-1,-1,-1,-1,-1,-1,-1,-1,-1,1,-1,1,1,-1,-1,-1,-1,1,-1,-1,-1,-1,-1,-1,-1,-1,-1,-1,-1,-1,-1,-1,-1,-1,-1,-1,-1,-1,-1,-1,-1,-1,-1,-1,-1,1,1,-1,-1,-1,-1,1,-1,-1,-1,-1,-1,-1,-1,-1,
-1,-1,-1,-1,1,1,-1,-1,-1,-1,0,-1,-1,1,-1,-1,1,-1,-1,1,-1,1,1,-1,-1,-1,1,-1,-1,-1,-1,-1,-1,1,-1,-1,-1,-1,-1,-1,-1,-1,1,-1,-1,-1,-1,-1,-1,-1,-1,-1,-1,-1,-1,1,1,-1,-1,-1,-1,-1,-1,-1,-1,-1,-1,-1,-1,-1,-1,-1,-1,
-1,-1,-1,1,-1,-1,-1,-1,1,1,-1,0,-1,-1,-1,-1,1,1,1,-1,-1,-1,-1,-1,-1,-1,1,-1,-1,-1,-1,-1,-1,-1,-1,-1,-1,-1,-1,1,-1,-1,-1,-1,-1,-1,-1,-1,-1,-1,1,-1,-1,1,-1,-1,-1,-1,-1,-1,-1,-1,-1,-1,-1,-1,-1,-1,-1,-1,-1,-1,1,
-1,-1,-1,1,1,-1,-1,1,-1,-1,-1,-1,0,-1,-1,1,-1,-1,-1,-1,-1,1,1,-1,-1,-1,-1,1,-1,-1,-1,-1,-1,-1,-1,-1,-1,-1,-1,-1,-1,-1,-1,-1,-1,-1,-1,-1,-1,-1,-1,-1,-1,1,-1,1,-1,1,-1,-1,-1,-1,-1,-1,-1,-1,-1,-1,1,-1,-1,1,-1,
-1,-1,-1,-1,-1,-1,-1,-1,1,-1,1,-1,-1,0,1,-1,-1,1,-1,-1,-1,-1,-1,-1,-1,-1,-1,-1,-1,-1,-1,-1,-1,1,-1,-1,1,-1,-1,1,-1,1,-1,-1,-1,-1,-1,-1,-1,1,-1,1,-1,-1,-1,-1,-1,-1,-1,-1,1,-1,-1,-1,-1,-1,-1,1,-1,-1,1,-1,1,
1,-1,-1,1,-1,-1,-1,-1,1,-1,-1,-1,-1,1,0,-1,-1,-1,-1,-1,-1,-1,1,-1,-1,-1,-1,-1,-1,-1,-1,1,-1,-1,-1,-1,-1,-1,-1,-1,-1,-1,-1,-1,-1,-1,-1,-1,-1,1,-1,-1,-1,-1,-1,-1,1,-1,-1,-1,-1,-1,-1,1,-1,-1,-1,-1,-1,-1,-1,1,-1,
-1,-1,-1,-1,1,-1,-1,-1,-1,-1,-1,-1,1,-1,-1,0,-1,-1,-1,1,-1,-1,-1,1,-1,-1,-1,-1,-1,-1,-1,-1,-1,-1,-1,-1,-1,-1,-1,-1,-1,1,-1,-1,-1,-1,1,-1,1,-1,-1,-1,-1,-1,-1,1,-1,-1,-1,-1,1,-1,-1,-1,1,-1,-1,-1,1,-1,-1,-1,-1,
-1,1,-1,1,-1,-1,1,-1,1,-1,1,1,-1,-1,-1,-1,0,-1,-1,-1,1,-1,-1,-1,-1,-1,-1,-1,-1,-1,-1,-1,-1,-1,-1,-1,-1,-1,-1,1,-1,-1,-1,-1,-1,-1,-1,-1,-1,-1,-1,-1,-1,-1,-1,-1,-1,-1,1,-1,-1,1,-1,-1,-1,-1,-1,-1,-1,-1,-1,-1,-1,
-1,-1,1,-1,1,-1,-1,-1,-1,-1,-1,1,-1,1,-1,-1,-1,0,1,-1,-1,1,-1,-1,-1,-1,-1,-1,-1,-1,-1,1,-1,-1,-1,1,-1,-1,1,-1,-1,-1,1,-1,-1,-1,-1,-1,-1,-1,-1,-1,-1,-1,-1,-1,-1,-1,-1,-1,-1,-1,1,1,-1,-1,-1,-1,-1,-1,-1,-1,1,
-1,1,-1,-1,1,1,-1,-1,1,-1,-1,1,-1,-1,-1,-1,-1,1,0,-1,-1,-1,-1,-1,-1,-1,-1,-1,-1,-1,1,-1,-1,-1,-1,-1,-1,-1,-1,-1,-1,-1,-1,1,-1,-1,-1,-1,-1,-1,-1,-1,-1,-1,-1,-1,-1,-1,-1,1,-1,1,-1,1,-1,-1,-1,-1,-1,-1,-1,-1,-1,
-1,-1,-1,-1,-1,-1,-1,1,-1,-1,1,-1,-1,-1,-1,1,-1,-1,-1,0,-1,1,-1,-1,-1,-1,1,-1,-1,-1,-1,-1,-1,-1,-1,-1,-1,1,-1,-1,1,-1,-1,-1,1,-1,-1,-1,-1,-1,1,-1,1,-1,-1,-1,-1,-1,-1,-1,-1,-1,-1,1,-1,-1,-1,-1,-1,-1,-1,-1,-1,
1,1,-1,1,-1,-1,-1,1,-1,-1,-1,-1,-1,-1,-1,-1,1,-1,-1,-1,0,-1,1,-1,-1,-1,-1,-1,-1,-1,-1,-1,-1,-1,1,-1,-1,1,-1,-1,-1,-1,-1,-1,-1,-1,1,-1,-1,-1,-1,-1,-1,-1,-1,-1,-1,-1,-1,-1,-1,-1,-1,-1,-1,-1,1,-1,-1,-1,-1,-1,-1,
1,-1,-1,1,1,-1,-1,-1,-1,-1,1,-1,1,-1,-1,-1,-1,1,-1,1,-1,0,-1,-1,-1,1,-1,-1,-1,-1,-1,-1,-1,-1,1,-1,-1,-1,-1,-1,-1,-1,-1,-1,-1,-1,-1,-1,-1,-1,-1,-1,-1,-1,-1,-1,-1,-1,-1,-1,-1,-1,-1,-1,1,-1,-1,-1,-1,-1,-1,-1,-1,
-1,-1,1,-1,-1,1,-1,-1,-1,1,1,-1,1,-1,1,-1,-1,-1,-1,-1,1,-1,0,-1,1,-1,-1,-1,-1,-1,-1,-1,-1,-1,-1,-1,-1,-1,-1,-1,-1,-1,-1,-1,-1,-1,-1,-1,-1,-1,-1,-1,-1,-1,-1,-1,-1,-1,1,-1,-1,-1,1,-1,-1,-1,-1,-1,-1,-1,-1,-1,-1,
-1,-1,-1,-1,-1,-1,-1,-1,-1,-1,-1,-1,-1,-1,-1,1,-1,-1,-1,-1,-1,-1,-1,0,-1,-1,-1,-1,-1,-1,-1,-1,-1,-1,-1,-1,-1,-1,1,-1,-1,-1,-1,-1,-1,-1,-1,-1,-1,-1,-1,-1,-1,1,-1,-1,-1,-1,-1,-1,-1,-1,-1,-1,-1,-1,-1,-1,-1,-1,-1,-1,-1,
-1,-1,-1,-1,1,-1,-1,-1,-1,1,-1,-1,-1,-1,-1,-1,-1,-1,-1,-1,-1,-1,1,-1,0,-1,-1,-1,-1,-1,-1,-1,-1,-1,-1,-1,-1,-1,-1,-1,-1,-1,-1,-1,-1,-1,-1,-1,-1,-1,-1,-1,-1,-1,-1,-1,-1,-1,-1,-1,-1,-1,-1,-1,-1,-1,-1,-1,-1,-1,-1,-1,-1,
1,-1,-1,1,-1,-1,-1,-1,-1,1,-1,-1,-1,-1,-1,-1,-1,-1,-1,-1,-1,1,-1,-1,-1,0,-1,-1,-1,-1,-1,-1,-1,-1,-1,-1,-1,-1,-1,-1,-1,-1,-1,-1,-1,-1,-1,-1,-1,-1,-1,-1,-1,-1,-1,-1,-1,-1,-1,-1,-1,-1,-1,-1,-1,-1,-1,-1,-1,-1,-1,-1,-1,
1,-1,1,-1,-1,-1,-1,1,1,-1,1,1,-1,-1,-1,-1,-1,-1,-1,1,-1,-1,-1,-1,-1,-1,0,-1,-1,-1,-1,-1,-1,-1,-1,-1,-1,-1,-1,-1,-1,-1,-1,-1,-1,-1,-1,-1,-1,-1,-1,-1,-1,-1,-1,-1,-1,-1,-1,-1,-1,-1,-1,-1,-1,-1,-1,-1,-1,-1,-1,-1,-1,
-1,-1,-1,-1,-1,-1,-1,-1,-1,-1,-1,-1,1,-1,-1,-1,-1,-1,-1,-1,-1,-1,-1,-1,-1,-1,-1,0,1,-1,-1,-1,-1,-1,-1,-1,-1,-1,-1,-1,-1,-1,-1,-1,-1,-1,-1,-1,-1,-1,-1,-1,-1,-1,-1,-1,-1,-1,-1,-1,-1,-1,-1,-1,-1,-1,-1,-1,-1,-1,-1,-1,-1,
-1,-1,-1,-1,-1,-1,-1,-1,1,-1,-1,-1,-1,-1,-1,-1,-1,-1,-1,-1,-1,-1,-1,-1,-1,-1,-1,1,0,-1,-1,-1,-1,-1,-1,-1,-1,-1,-1,-1,-1,-1,-1,-1,-1,-1,-1,-1,-1,-1,-1,-1,-1,-1,-1,-1,-1,-1,-1,-1,-1,-1,-1,-1,-1,-1,-1,-1,-1,-1,-1,-1,-1,
1,-1,-1,-1,-1,-1,-1,-1,-1,-1,-1,-1,-1,-1,-1,-1,-1,-1,-1,-1,-1,-1,-1,-1,-1,-1,-1,-1,-1,0,-1,-1,-1,-1,-1,-1,-1,-1,-1,-1,-1,-1,-1,-1,-1,-1,-1,-1,-1,-1,-1,-1,-1,-1,-1,-1,-1,-1,-1,-1,-1,-1,-1,-1,1,-1,-1,-1,-1,-1,-1,-1,-1,
1,-1,-1,-1,-1,-1,-1,-1,-1,1,-1,-1,-1,-1,-1,-1,-1,-1,1,-1,-1,-1,-1,-1,-1,-1,-1,-1,-1,-1,0,-1,-1,-1,-1,-1,-1,-1,-1,-1,-1,-1,-1,-1,-1,-1,-1,-1,-1,-1,-1,-1,-1,-1,-1,-1,-1,-1,-1,-1,-1,-1,-1,-1,-1,-1,-1,1,-1,-1,-1,-1,-1,
-1,-1,-1,-1,-1,-1,-1,1,1,-1,-1,-1,-1,-1,1,-1,-1,1,-1,-1,-1,-1,-1,-1,-1,-1,-1,-1,-1,-1,-1,0,-1,-1,-1,-1,-1,-1,-1,-1,-1,-1,-1,-1,-1,-1,-1,-1,-1,-1,-1,-1,-1,-1,-1,-1,-1,-1,-1,-1,-1,-1,-1,-1,-1,-1,-1,-1,-1,-1,-1,-1,-1,
1,-1,-1,-1,-1,-1,1,-1,-1,-1,-1,-1,-1,-1,-1,-1,-1,-1,-1,-1,-1,-1,-1,-1,-1,-1,-1,-1,-1,-1,-1,-1,0,-1,-1,-1,-1,-1,-1,-1,-1,-1,-1,-1,-1,-1,-1,-1,-1,-1,-1,-1,-1,-1,-1,-1,-1,-1,-1,-1,-1,-1,-1,-1,-1,-1,-1,-1,-1,-1,-1,-1,-1,
-1,-1,-1,-1,-1,-1,-1,-1,-1,-1,1,-1,-1,1,-1,-1,-1,-1,-1,-1,-1,-1,-1,-1,-1,-1,-1,-1,-1,-1,-1,-1,-1,0,-1,-1,-1,-1,-1,-1,-1,-1,-1,-1,-1,1,-1,-1,-1,-1,-1,-1,-1,-1,-1,-1,-1,-1,-1,-1,-1,-1,-1,-1,-1,-1,-1,-1,-1,-1,-1,-1,-1,
-1,-1,-1,-1,-1,1,1,-1,-1,-1,-1,-1,-1,-1,-1,-1,-1,-1,-1,-1,1,1,-1,-1,-1,-1,-1,-1,-1,-1,-1,-1,-1,-1,0,-1,-1,-1,-1,-1,-1,-1,-1,-1,-1,-1,-1,-1,-1,-1,-1,-1,-1,-1,-1,-1,-1,-1,-1,-1,-1,-1,-1,-1,-1,-1,-1,-1,-1,-1,-1,-1,-1,
-1,-1,-1,-1,-1,-1,-1,-1,-1,-1,-1,-1,-1,-1,-1,-1,-1,1,-1,-1,-1,-1,-1,-1,-1,-1,-1,-1,-1,-1,-1,-1,-1,-1,-1,0,-1,-1,-1,-1,-1,-1,-1,-1,-1,-1,-1,-1,-1,-1,-1,-1,-1,-1,-1,-1,-1,-1,-1,-1,-1,-1,-1,-1,-1,-1,1,-1,-1,-1,-1,-1,-1,
-1,-1,-1,-1,1,-1,1,-1,-1,-1,-1,-1,-1,1,-1,-1,-1,-1,-1,-1,-1,-1,-1,-1,-1,-1,-1,-1,-1,-1,-1,-1,-1,-1,-1,-1,0,-1,-1,-1,-1,-1,-1,-1,-1,-1,-1,-1,-1,-1,-1,-1,-1,-1,-1,-1,-1,-1,-1,-1,-1,-1,-1,-1,-1,-1,-1,-1,-1,-1,-1,-1,-1,
-1,-1,-1,-1,-1,1,-1,-1,-1,-1,-1,-1,-1,-1,-1,-1,-1,-1,-1,1,1,-1,-1,-1,-1,-1,-1,-1,-1,-1,-1,-1,-1,-1,-1,-1,-1,0,-1,-1,-1,-1,-1,-1,-1,-1,-1,-1,-1,-1,-1,-1,-1,-1,-1,-1,-1,-1,-1,-1,-1,-1,-1,-1,-1,-1,-1,-1,-1,-1,-1,-1,-1,
-1,-1,-1,-1,-1,-1,-1,-1,-1,-1,-1,-1,-1,-1,-1,-1,-1,1,-1,-1,-1,-1,-1,1,-1,-1,-1,-1,-1,-1,-1,-1,-1,-1,-1,-1,-1,-1,0,-1,-1,-1,-1,-1,-1,-1,-1,-1,-1,-1,-1,-1,-1,-1,-1,-1,-1,-1,-1,-1,-1,-1,-1,-1,-1,-1,-1,-1,-1,-1,-1,-1,-1,
-1,-1,-1,1,1,-1,-1,-1,-1,-1,-1,1,-1,1,-1,-1,1,-1,-1,-1,-1,-1,-1,-1,-1,-1,-1,-1,-1,-1,-1,-1,-1,-1,-1,-1,-1,-1,-1,0,-1,-1,-1,-1,-1,-1,-1,-1,-1,-1,-1,-1,-1,-1,-1,-1,-1,-1,-1,-1,-1,-1,-1,-1,-1,-1,-1,-1,-1,-1,-1,-1,-1,
-1,-1,-1,-1,-1,-1,-1,-1,-1,-1,-1,-1,-1,-1,-1,-1,-1,-1,-1,1,-1,-1,-1,-1,-1,-1,-1,-1,-1,-1,-1,-1,-1,-1,-1,-1,-1,-1,-1,-1,0,-1,-1,-1,-1,-1,-1,-1,-1,-1,1,-1,-1,-1,-1,-1,-1,-1,-1,-1,-1,-1,-1,-1,-1,-1,-1,-1,-1,-1,-1,-1,-1,
-1,-1,-1,-1,1,-1,-1,-1,1,-1,-1,-1,-1,1,-1,1,-1,-1,-1,-1,-1,-1,-1,-1,-1,-1,-1,-1,-1,-1,-1,-1,-1,-1,-1,-1,-1,-1,-1,-1,-1,0,-1,-1,-1,-1,-1,-1,-1,-1,-1,-1,-1,-1,-1,-1,-1,-1,-1,-1,-1,-1,-1,-1,-1,-1,-1,-1,-1,-1,-1,-1,-1,
-1,-1,-1,-1,-1,1,-1,1,-1,-1,1,-1,-1,-1,-1,-1,-1,1,-1,-1,-1,-1,-1,-1,-1,-1,-1,-1,-1,-1,-1,-1,-1,-1,-1,-1,-1,-1,-1,-1,-1,-1,0,-1,-1,-1,-1,-1,-1,-1,-1,-1,-1,-1,-1,-1,-1,-1,-1,-1,-1,-1,-1,-1,-1,-1,-1,-1,-1,-1,-1,-1,-1,
-1,-1,-1,-1,-1,-1,-1,-1,-1,-1,-1,-1,-1,-1,-1,-1,-1,-1,1,-1,-1,-1,-1,-1,-1,-1,-1,-1,-1,-1,-1,-1,-1,-1,-1,-1,-1,-1,-1,-1,-1,-1,-1,0,-1,-1,-1,-1,-1,-1,-1,-1,1,-1,-1,-1,-1,-1,-1,-1,-1,-1,-1,-1,-1,-1,-1,-1,-1,-1,-1,-1,-1,
-1,-1,-1,1,-1,-1,-1,-1,-1,-1,-1,-1,-1,-1,-1,-1,-1,-1,-1,1,-1,-1,-1,-1,-1,-1,-1,-1,-1,-1,-1,-1,-1,-1,-1,-1,-1,-1,-1,-1,-1,-1,-1,-1,0,-1,-1,-1,-1,-1,-1,-1,-1,-1,-1,-1,-1,-1,-1,-1,-1,-1,-1,-1,-1,-1,-1,-1,-1,-1,-1,-1,-1,
-1,-1,1,-1,-1,-1,-1,-1,-1,-1,-1,-1,-1,-1,-1,-1,-1,-1,-1,-1,-1,-1,-1,-1,-1,-1,-1,-1,-1,-1,-1,-1,-1,1,-1,-1,-1,-1,-1,-1,-1,-1,-1,-1,-1,0,-1,-1,-1,-1,-1,-1,-1,-1,-1,-1,-1,-1,-1,-1,-1,-1,-1,-1,-1,-1,-1,-1,-1,-1,-1,-1,-1,
-1,-1,-1,-1,-1,-1,-1,-1,-1,-1,-1,-1,-1,-1,-1,1,-1,-1,-1,-1,1,-1,-1,-1,-1,-1,-1,-1,-1,-1,-1,-1,-1,-1,-1,-1,-1,-1,-1,-1,-1,-1,-1,-1,-1,-1,0,-1,-1,-1,-1,-1,-1,-1,-1,-1,-1,-1,-1,-1,-1,-1,-1,-1,-1,-1,-1,-1,-1,-1,-1,-1,-1,
-1,-1,-1,-1,-1,1,-1,-1,-1,-1,-1,-1,-1,-1,-1,-1,-1,-1,-1,-1,-1,-1,-1,-1,-1,-1,-1,-1,-1,-1,-1,-1,-1,-1,-1,-1,-1,-1,-1,-1,-1,-1,-1,-1,-1,-1,-1,0,1,-1,-1,-1,-1,-1,-1,-1,-1,-1,-1,-1,-1,-1,-1,-1,-1,-1,-1,-1,-1,-1,-1,-1,-1,
-1,-1,-1,-1,-1,-1,1,1,1,-1,-1,-1,-1,-1,-1,1,-1,-1,-1,-1,-1,-1,-1,-1,-1,-1,-1,-1,-1,-1,-1,-1,-1,-1,-1,-1,-1,-1,-1,-1,-1,-1,-1,-1,-1,-1,-1,1,0,-1,-1,-1,-1,-1,-1,-1,-1,-1,-1,-1,-1,-1,-1,-1,-1,-1,-1,-1,-1,-1,-1,-1,-1,
1,-1,1,-1,-1,-1,-1,-1,-1,-1,-1,-1,-1,1,1,-1,-1,-1,-1,-1,-1,-1,-1,-1,-1,-1,-1,-1,-1,-1,-1,-1,-1,-1,-1,-1,-1,-1,-1,-1,-1,-1,-1,-1,-1,-1,-1,-1,-1,0,-1,-1,-1,-1,-1,-1,-1,-1,-1,-1,-1,-1,-1,-1,-1,-1,-1,-1,-1,-1,-1,-1,-1,
-1,-1,-1,-1,-1,-1,-1,-1,-1,-1,-1,1,-1,-1,-1,-1,-1,-1,-1,1,-1,-1,-1,-1,-1,-1,-1,-1,-1,-1,-1,-1,-1,-1,-1,-1,-1,-1,-1,-1,1,-1,-1,-1,-1,-1,-1,-1,-1,-1,0,-1,-1,-1,-1,-1,-1,-1,-1,-1,-1,-1,-1,-1,-1,-1,-1,-1,-1,-1,-1,-1,-1,
-1,1,-1,-1,-1,-1,-1,-1,-1,-1,-1,-1,-1,1,-1,-1,-1,-1,-1,-1,-1,-1,-1,-1,-1,-1,-1,-1,-1,-1,-1,-1,-1,-1,-1,-1,-1,-1,-1,-1,-1,-1,-1,-1,-1,-1,-1,-1,-1,-1,-1,0,-1,-1,-1,-1,-1,-1,-1,-1,-1,-1,-1,-1,-1,-1,-1,-1,-1,-1,-1,-1,-1,
-1,-1,-1,-1,-1,1,-1,-1,-1,-1,-1,-1,-1,-1,-1,-1,-1,-1,-1,1,-1,-1,-1,-1,-1,-1,-1,-1,-1,-1,-1,-1,-1,-1,-1,-1,-1,-1,-1,-1,-1,-1,-1,1,-1,-1,-1,-1,-1,-1,-1,-1,0,-1,-1,-1,-1,-1,-1,-1,-1,-1,-1,-1,-1,-1,-1,-1,-1,-1,-1,-1,-1,
-1,-1,-1,-1,-1,-1,1,-1,-1,-1,-1,1,1,-1,-1,-1,-1,-1,-1,-1,-1,-1,-1,1,-1,-1,-1,-1,-1,-1,-1,-1,-1,-1,-1,-1,-1,-1,-1,-1,-1,-1,-1,-1,-1,-1,-1,-1,-1,-1,-1,-1,-1,0,-1,-1,-1,-1,-1,-1,-1,-1,-1,-1,-1,-1,-1,-1,-1,-1,-1,-1,-1,
-1,1,-1,-1,-1,-1,-1,-1,1,-1,-1,-1,-1,-1,-1,-1,-1,-1,-1,-1,-1,-1,-1,-1,-1,-1,-1,-1,-1,-1,-1,-1,-1,-1,-1,-1,-1,-1,-1,-1,-1,-1,-1,-1,-1,-1,-1,-1,-1,-1,-1,-1,-1,-1,0,-1,-1,-1,-1,-1,-1,-1,-1,-1,-1,-1,-1,-1,-1,-1,-1,-1,-1,
-1,1,-1,-1,-1,-1,-1,1,-1,-1,1,-1,1,-1,-1,1,-1,-1,-1,-1,-1,-1,-1,-1,-1,-1,-1,-1,-1,-1,-1,-1,-1,-1,-1,-1,-1,-1,-1,-1,-1,-1,-1,-1,-1,-1,-1,-1,-1,-1,-1,-1,-1,-1,-1,0,-1,-1,-1,-1,-1,-1,-1,-1,-1,-1,-1,-1,-1,-1,-1,-1,-1,
-1,1,-1,1,-1,-1,-1,-1,-1,-1,1,-1,-1,-1,1,-1,-1,-1,-1,-1,-1,-1,-1,-1,-1,-1,-1,-1,-1,-1,-1,-1,-1,-1,-1,-1,-1,-1,-1,-1,-1,-1,-1,-1,-1,-1,-1,-1,-1,-1,-1,-1,-1,-1,-1,-1,0,-1,-1,-1,-1,-1,-1,-1,-1,-1,-1,-1,-1,-1,-1,-1,-1,
-1,-1,1,-1,-1,-1,-1,-1,-1,-1,-1,-1,1,-1,-1,-1,-1,-1,-1,-1,-1,-1,-1,-1,-1,-1,-1,-1,-1,-1,-1,-1,-1,-1,-1,-1,-1,-1,-1,-1,-1,-1,-1,-1,-1,-1,-1,-1,-1,-1,-1,-1,-1,-1,-1,-1,-1,0,-1,-1,-1,-1,-1,-1,-1,-1,-1,-1,-1,-1,-1,-1,-1,
-1,1,-1,-1,-1,-1,-1,1,-1,1,-1,-1,-1,-1,-1,-1,1,-1,-1,-1,-1,-1,1,-1,-1,-1,-1,-1,-1,-1,-1,-1,-1,-1,-1,-1,-1,-1,-1,-1,-1,-1,-1,-1,-1,-1,-1,-1,-1,-1,-1,-1,-1,-1,-1,-1,-1,-1,0,-1,-1,-1,-1,-1,-1,-1,-1,-1,-1,-1,-1,-1,-1,
-1,-1,1,-1,-1,1,1,-1,-1,1,-1,-1,-1,-1,-1,-1,-1,-1,1,-1,-1,-1,-1,-1,-1,-1,-1,-1,-1,-1,-1,-1,-1,-1,-1,-1,-1,-1,-1,-1,-1,-1,-1,-1,-1,-1,-1,-1,-1,-1,-1,-1,-1,-1,-1,-1,-1,-1,-1,0,-1,-1,-1,-1,-1,-1,-1,-1,-1,-1,-1,-1,-1,
-1,1,-1,-1,-1,-1,-1,-1,-1,-1,-1,-1,-1,1,-1,1,-1,-1,-1,-1,-1,-1,-1,-1,-1,-1,-1,-1,-1,-1,-1,-1,-1,-1,-1,-1,-1,-1,-1,-1,-1,-1,-1,-1,-1,-1,-1,-1,-1,-1,-1,-1,-1,-1,-1,-1,-1,-1,-1,-1,0,-1,-1,-1,-1,-1,-1,-1,-1,-1,-1,-1,-1,
1,-1,-1,-1,-1,-1,-1,-1,1,-1,-1,-1,-1,-1,-1,-1,1,-1,1,-1,-1,-1,-1,-1,-1,-1,-1,-1,-1,-1,-1,-1,-1,-1,-1,-1,-1,-1,-1,-1,-1,-1,-1,-1,-1,-1,-1,-1,-1,-1,-1,-1,-1,-1,-1,-1,-1,-1,-1,-1,-1,0,-1,-1,-1,-1,-1,-1,-1,-1,-1,-1,-1,
-1,-1,-1,-1,-1,1,-1,-1,-1,-1,-1,-1,-1,-1,-1,-1,-1,1,-1,-1,-1,-1,1,-1,-1,-1,-1,-1,-1,-1,-1,-1,-1,-1,-1,-1,-1,-1,-1,-1,-1,-1,-1,-1,-1,-1,-1,-1,-1,-1,-1,-1,-1,-1,-1,-1,-1,-1,-1,-1,-1,-1,0,-1,-1,-1,-1,-1,-1,-1,-1,-1,-1,
-1,-1,-1,-1,-1,-1,-1,-1,-1,-1,-1,-1,-1,-1,1,-1,-1,1,1,1,-1,-1,-1,-1,-1,-1,-1,-1,-1,-1,-1,-1,-1,-1,-1,-1,-1,-1,-1,-1,-1,-1,-1,-1,-1,-1,-1,-1,-1,-1,-1,-1,-1,-1,-1,-1,-1,-1,-1,-1,-1,-1,-1,0,-1,-1,-1,-1,-1,-1,-1,-1,-1,
-1,-1,-1,-1,-1,-1,-1,-1,-1,1,-1,-1,-1,-1,-1,1,-1,-1,-1,-1,-1,1,-1,-1,-1,-1,-1,-1,-1,1,-1,-1,-1,-1,-1,-1,-1,-1,-1,-1,-1,-1,-1,-1,-1,-1,-1,-1,-1,-1,-1,-1,-1,-1,-1,-1,-1,-1,-1,-1,-1,-1,-1,-1,0,-1,-1,-1,-1,-1,-1,-1,-1,
-1,1,-1,-1,-1,1,-1,-1,-1,-1,-1,-1,-1,-1,-1,-1,-1,-1,-1,-1,-1,-1,-1,-1,-1,-1,-1,-1,-1,-1,-1,-1,-1,-1,-1,-1,-1,-1,-1,-1,-1,-1,-1,-1,-1,-1,-1,-1,-1,-1,-1,-1,-1,-1,-1,-1,-1,-1,-1,-1,-1,-1,-1,-1,-1,0,-1,-1,-1,-1,-1,-1,-1,
-1,-1,1,-1,-1,-1,-1,-1,-1,-1,-1,-1,-1,-1,-1,-1,-1,-1,-1,-1,1,-1,-1,-1,-1,-1,-1,-1,-1,-1,-1,-1,-1,-1,-1,1,-1,-1,-1,-1,-1,-1,-1,-1,-1,-1,-1,-1,-1,-1,-1,-1,-1,-1,-1,-1,-1,-1,-1,-1,-1,-1,-1,-1,-1,-1,0,-1,-1,-1,-1,-1,-1,
-1,-1,-1,-1,-1,-1,-1,-1,-1,-1,-1,-1,-1,1,-1,-1,-1,-1,-1,-1,-1,-1,-1,-1,-1,-1,-1,-1,-1,-1,1,-1,-1,-1,-1,-1,-1,-1,-1,-1,-1,-1,-1,-1,-1,-1,-1,-1,-1,-1,-1,-1,-1,-1,-1,-1,-1,-1,-1,-1,-1,-1,-1,-1,-1,-1,-1,0,-1,-1,-1,-1,-1,
-1,-1,-1,-1,-1,-1,-1,-1,-1,-1,-1,-1,1,-1,-1,1,-1,-1,-1,-1,-1,-1,-1,-1,-1,-1,-1,-1,-1,-1,-1,-1,-1,-1,-1,-1,-1,-1,-1,-1,-1,-1,-1,-1,-1,-1,-1,-1,-1,-1,-1,-1,-1,-1,-1,-1,-1,-1,-1,-1,-1,-1,-1,-1,-1,-1,-1,-1,0,-1,1,-1,-1,
-1,-1,1,1,-1,-1,-1,-1,-1,-1,-1,-1,-1,-1,-1,-1,-1,-1,-1,-1,-1,-1,-1,-1,-1,-1,-1,-1,-1,-1,-1,-1,-1,-1,-1,-1,-1,-1,-1,-1,-1,-1,-1,-1,-1,-1,-1,-1,-1,-1,-1,-1,-1,-1,-1,-1,-1,-1,-1,-1,-1,-1,-1,-1,-1,-1,-1,-1,-1,0,-1,-1,-1,
-1,-1,-1,-1,-1,-1,-1,-1,-1,-1,-1,-1,-1,1,-1,-1,-1,-1,-1,-1,-1,-1,-1,-1,-1,-1,-1,-1,-1,-1,-1,-1,-1,-1,-1,-1,-1,-1,-1,-1,-1,-1,-1,-1,-1,-1,-1,-1,-1,-1,-1,-1,-1,-1,-1,-1,-1,-1,-1,-1,-1,-1,-1,-1,-1,-1,-1,-1,1,-1,0,-1,-1,
-1,-1,-1,-1,1,-1,-1,-1,-1,-1,-1,-1,1,-1,1,-1,-1,-1,-1,-1,-1,-1,-1,-1,-1,-1,-1,-1,-1,-1,-1,-1,-1,-1,-1,-1,-1,-1,-1,-1,-1,-1,-1,-1,-1,-1,-1,-1,-1,-1,-1,-1,-1,-1,-1,-1,-1,-1,-1,-1,-1,-1,-1,-1,-1,-1,-1,-1,-1,-1,-1,0,-1,
-1,-1,-1,-1,-1,-1,-1,-1,-1,-1,-1,1,-1,1,-1,-1,-1,1,-1,-1,-1,-1,-1,-1,-1,-1,-1,-1,-1,-1,-1,-1,-1,-1,-1,-1,-1,-1,-1,-1,-1,-1,-1,-1,-1,-1,-1,-1,-1,-1,-1,-1,-1,-1,-1,-1,-1,-1,-1,-1,-1,-1,-1,-1,-1,-1,-1,-1,-1,-1,-1,-1,0,

(21,0)
(22,1)
(21,2)
(21,3)
(21,4)
(22,5)
(21,6)
(21,7)
(20,8)
(20,9)
(20,10)
(22,11)
(22,12)
(20,13)
(22,14)
(20,15)
(21,16)
(22,17)
(21,18)
(21,19)
(3,17)
(43,16)
(32,12)
(38,0)
(58,5)
(14,16)
(51,0)
(32,0)
(58,15)
(24,9)
(29,15)
(10,6)
(54,1)
(25,14)
(9,17)
(10,11)
(67,12)
(3,18)
(0,6)
(4,5)
(50,7)
(44,12)
(7,2)
(17,0)
(26,3)
(0,9)
(3,2)
(34,8)
(10,2)
(59,3)
(64,9)
(61,4)
(61,7)
(54,11)
(14,9)
(7,12)
(3,17)
(8,18)
(20,13)
(71,16)
(18,5)
(19,8)
(21,8)
(54,0)
(34,10)
(47,18)
(48,17)
(26,4)
(8,4)
(49,7)
(49,6)
(42,13)
(32,12)
(36,8)
(66,0)
(43,5)
(14,8)
(59,17)
(69,4)
(15,1)
(64,16)
(67,16)
(34,12)
(34,2)
(14,7)
(4,0)
(34,17)
(48,17)
(4,6)
(20,9)
(55,7)
(56,15)
(43,6)
(46,1)
(54,0)
(58,7)
(34,19)
(11,16)
(64,17)
(32,7)
(57,8)
(45,6)
(33,0)
(13,3)
(36,0)
(6,9)
(52,16)
(39,2)
(26,5)
(39,2)
(25,14)
(4,6)
(59,3)
(47,5)
(67,3)
(60,9)
(27,10)
(36,4)
(51,8)
(72,5)
(46,4)
(40,1)
(71,17)
(3,3)
(26,10)
(53,10)
(33,17)
(56,0)
(45,10)
(52,19)
(3,5)
(17,0)
(72,19)
(45,9)
(38,17)
(50,11)
(30,12)
(48,10)
(49,3)
(49,2)
(60,1)
(14,5)
(32,2)
(71,7)
(59,19)
(36,1)
(25,2)
(0,13)
(8,1)
(67,4)
(22,18)
(62,8)
(28,13)
(56,7)
(57,0)
(49,15)
(22,5)
(12,2)
(27,11)
(0,13)
(47,17)
(19,9)
(18,11)
(31,0)
(11,18)
(46,2)
(25,8)
(19,6)
(20,8)
(25,6)
(5,19)
(71,1)
(45,11)
(48,10)
(17,12)
(51,3)
(2,17)
(17,13)
(29,14)
(14,3)
(38,0)
(6,16)
(62,14)
(43,18)
(12,6)
(32,0)
(33,14)
(39,1)
(45,1)
(17,18)
(2,4)
(11,1)
(12,10)
(52,5)
(29,11)
(5,11)
(56,1)
(25,1)
(68,6)
(36,18)
(1,3)
(9,8)
(3,5)
(64,13)
(55,0)
(37,15)
(69,17)
(50,12)
(52,5)
(19,4)
(54,15)
(4,1)
(1,7)
(51,14)
(62,14)
(64,6)
(45,3)
(35,19)
(62,8)
(19,14)
(26,6)
(60,13)
(36,0)
(22,14)
(50,4)
(10,14)
(61,5)
(2,5)
(72,13)
(55,5)
(23,18)
(9,8)
(10,7)
(28,11)
(56,2)
(16,0)
(12,3)
(0,4)
(28,15)
(61,12)
(57,18)
(7,8)
(56,19)
(26,2)
(71,0)
(43,17)
(57,2)
(6,19)
(3,2)
(58,9)
(2,2)
(2,4)
(7,4)
(61,3)
(69,17)
(29,0)
(7,9)
(27,9)
(20,8)
(32,15)
(71,1)
(0,10)
(13,7)
(54,1)
(34,1)
(16,17)
(64,14)
(34,6)
(68,8)
(10,2)
(41,12)
(25,7)
(2,2)
(39,5)
(18,18)
(5,3)
(25,2)
(15,9)
(68,0)
(38,12)
(43,11)
(4,10)
(8,11)
(22,8)
(24,3)
(16,1)
(48,6)
(21,0)
(59,10)
(46,13)
(17,19)
(71,2)
(68,3)
(46,15)
(61,17)
(9,13)
(40,7)
(60,2)
(70,3)
(37,2)
(59,16)
(9,9)
(34,0)
(17,2)
(28,3)
(64,4)
(23,4)
(48,7)
(27,1)
(7,19)
(38,7)
(32,2)
(26,7)
(64,15)
(4,8)
(68,1)
(60,17)
(23,3)
(12,3)
(65,15)
(70,16)
(50,2)
(58,13)
(9,2)
(47,9)
(6,17)
(59,9)
(56,15)
(35,3)
(25,14)
(6,0)
(16,15)
(0,2)
(14,11)
(28,10)
(63,9)
(45,5)
(39,3)
(41,9)
(38,16)
(37,5)
(36,18)
(32,1)
(27,0)
(59,19)
(23,18)
(4,2)
(55,2)
(26,6)
(16,5)
(4,2)
(34,1)
(36,9)
(65,15)
(70,3)
(54,9)
(39,6)
(61,2)
(37,3)
(64,9)
(4,0)
(52,2)
(19,11)
(15,8)
(63,16)
(49,14)
(54,14)
(67,17)
(35,12)
(51,0)
(29,5)
(49,10)
(21,10)
(69,0)
(69,6)
(18,1)
(48,4)
(58,12)
(72,12)
(65,7)
(9,1)
(19,16)
(20,1)
(55,15)
(25,13)
(43,2)
(32,3)
(46,2)
(22,17)
(30,11)
(28,16)
(45,7)
(66,13)
(28,17)
(67,3)
(48,0)
(66,2)
(52,11)
(21,4)
(13,9)
(57,0)
(58,9)
(17,12)
(42,15)
(46,18)
(58,2)
(71,0)
(37,7)
(52,3)
(51,7)
(56,6)
(23,10)
(46,12)
(33,13)
(26,3)
(22,6)
(36,0)
(14,0)
(22,13)
(51,0)
(35,7)
(60,17)
(32,2)
(9,4)
(3,7)
(50,10)
(51,9)
(61,13)
(61,10)
(2,18)
(24,18)
(47,3)
(8,16)
(27,17)
(36,17)
(54,1)
(45,10)
(68,7)
(37,0)
(58,2)
(10,13)
(46,0)
(9,7)
(6,11)
(62,3)
(52,1)
(69,15)
(21,8)
(61,12)
(43,5)
(10,11)
(14,3)
(51,1)
(14,11)
(55,1)
(5,11)
(27,18)
(17,0)
(66,2)
(55,9)
(29,17)
(69,15)
(63,3)
(0,7)
(45,4)
(61,15)
(45,9)
(57,1)
(11,2)
(22,5)
(62,13)
(68,14)
(40,2)
(29,0)
(0,5)
(47,7)
(66,10)
(65,10)
(46,11)
(9,14)
(15,14)
(5,1)
(35,2)
(21,6)
(63,1)
(55,9)
(54,7)
(24,17)
(47,16)
(24,19)
(22,16)
(71,5)
(43,10)
(4,14)
(12,0)
(49,9)
(38,13)
(47,18)
(8,10)
(59,12)
(69,0)
(2,16)
(7,19)
(63,2)
(12,1)
(24,19)
(36,19)
(57,6)
(24,6)
(22,3)
(25,14)
(45,8)
(60,5)
(2,4)
(44,19)
(28,9)
(23,0)
(71,14)
(28,9)
(24,1)
(50,17)
(52,1)
(45,5)
(6,13)
(27,12)
(43,0)
(53,6)
(56,10)
(22,0)
(41,5)
(37,7)
(21,9)
(34,6)
(64,14)
(14,6)
(62,5)
(32,14)
(20,15)
(2,6)
(27,1)
(35,1)
(52,18)
(19,13)
(30,8)
(23,17)
(64,6)
(34,15)
(43,3)
(66,17)
(18,7)
(50,4)
(64,14)
(62,5)
(59,7)
(17,2)
(20,13)
(60,10)
(20,12)
(25,1)
(49,8)
(72,0)
(35,1)
(38,0)
(36,2)
(50,9)
(69,14)
(32,16)
(42,14)
(68,8)
(39,14)
(20,5)
(45,13)
(42,11)
(23,15)
(18,8)
(17,10)
(64,7)
(26,9)
(71,0)
(24,14)
(35,7)
(12,0)
(0,13)
(62,8)
(3,0)
(26,5)
(65,16)
(71,2)
(9,4)
(23,4)
(57,19)
(61,5)
(17,2)
(59,2)
(70,19)
(24,19)
(36,12)
(23,3)
(10,13)
(1,4)
(69,7)
(48,17)
(62,15)
(72,9)
(1,10)
(56,1)
(38,0)
(64,14)
(44,4)
(21,9)
(24,12)
(24,11)
(24,14)
(49,0)
(0,9)
(63,12)
(27,11)
(29,6)
(55,9)
(65,0)
(40,1)
(1,8)
(21,5)
(35,17)
(37,13)
(48,19)
(35,3)
(16,0)
(71,19)
(0,13)
(57,15)
(68,9)
(6,9)
(30,3)
(56,10)
(70,12)
(58,2)
(19,17)
(56,1)
(27,0)
(27,0)
(0,5)
(34,10)
(68,10)
(71,11)
(49,0)
(70,14)
(70,12)
(2,13)
(13,18)
(14,6)
(19,3)
(68,1)
(49,4)
(52,0)
(38,4)
(7,12)
(71,1)
(14,17)
(44,0)
(6,4)
(70,13)
(26,19)
(38,11)
(12,11)
(9,19)
(71,14)
(11,7)
(13,13)
(11,16)
(19,9)
(22,9)
(35,15)
(32,5)
(27,1)
(5,12)
(17,2)
(30,2)
(50,11)
(14,8)
(12,0)
(2,10)
(24,16)
(61,0)
(9,9)
(71,6)
(23,5)
(54,16)
(41,17)
(18,3)
(31,3)
(23,1)
(49,1)
(7,7)
(41,8)
(64,6)
(60,0)
(11,2)
(31,5)
(13,5)
(38,3)
(9,13)
(38,11)
(57,15)
(3,1)
(6,6)
(60,7)
(53,5)
(59,14)
(30,16)
(7,7)
(13,15)
(27,0)
(3,7)
(20,11)
(21,16)
(30,12)
(63,10)
(68,6)
(70,15)
(6,3)
(59,5)
(38,4)
(58,10)
(54,0)
(0,0)
(72,0)
(60,10)
(42,4)
(12,1)
(0,11)
(59,13)
(8,2)
(53,5)
(5,10)
(48,3)
(36,5)
(66,9)
(32,1)
(9,7)
(54,5)
(25,18)
(52,1)
(7,2)
(19,11)
(21,18)
(17,3)
(55,15)
(19,0)
(4,8)
(39,5)
(48,6)
(32,6)
(71,7)
(53,0)
(69,3)
(11,8)
(37,6)
(11,13)
(60,2)
(28,8)
(6,11)
(17,5)
(48,8)
(37,4)
(41,12)
(54,18)
(29,7)
(22,5)
(33,6)
(29,16)
(0,19)
(6,16)
(5,17)
(25,13)
(28,1)
(40,9)
(7,7)
(9,0)
(46,13)
(49,13)
(8,16)
(7,2)
(32,11)
(36,10)
(50,12)
(60,14)
(51,8)
(64,11)
(50,0)
(20,2)
(22,0)
(53,16)
(26,1)
(64,11)
(17,6)
(24,0)
(59,12)
(51,6)
(51,15)
(51,5)
(62,10)
(36,17)
(45,16)
(70,3)
(47,7)
(53,10)
(22,15)
(59,2)
(43,3)
(14,10)
(63,6)
(7,9)
(24,12)
(66,5)
(6,4)
(29,16)
(3,12)
(61,8)
(62,10)
(32,5)
(11,7)
(38,15)
(58,5)
(63,13)
(42,8)
(23,11)
(61,11)
(14,0)
(61,18)
(35,11)
(2,11)
(43,4)
(37,13)
(68,4)
(55,18)
(69,1)
(30,2)
(66,6)
(25,19)
(35,2)
(40,8)
(42,2)
(63,3)
(38,13)
(19,3)
(51,10)
(9,2)
(50,12)
(20,4)
(4,3)
(68,5)
(41,7)
(4,9)
(68,1)
(35,4)
(65,3)
(2,16)
(6,6)
(51,0)
(55,18)
(33,0)
(23,17)
(1,6)
(61,13)
(41,17)
(68,12)
(66,3)
(41,3)
(44,6)
(28,14)
(49,5)
(28,7)
(63,1)
(45,7)
(60,15)
(34,3)
(13,12)
(53,2)
(55,0)
(27,6)
(53,4)
(64,0)
(17,16)
(50,11)
(28,16)
(37,18)
(10,11)
(20,6)
(43,8)
(50,4)
(39,2)
(35,19)
(23,9)
(59,2)
(32,15)
(64,8)
(65,8)
(20,10)
(16,10)
(61,16)
(52,3)
(2,19)
(23,11)
(47,13)
(41,4)
(41,9)
(67,4)
(16,3)
(31,6)
(10,1)
(37,16)
(17,5)
(4,18)
(45,5)
(11,15)
(45,14)
(67,17)
(24,5)
(5,6)
(44,3)
(43,2)
(56,6)
(51,1)
(1,1)
(48,0)
(60,6)
(58,19)
(12,8)
(26,11)
(60,3)
(65,0)
(37,7)
(24,13)
(54,2)
(70,8)
(47,7)
(59,9)
(17,16)
(32,17)
(34,2)
(5,2)
(13,17)
(41,12)
(28,16)
(5,7)
(55,2)
(47,1)
(7,5)
(2,3)
(60,6)
(15,8)
(61,3)
(56,10)
(9,1)
(28,0)
(14,17)
(24,13)
(29,0)
(72,16)
(14,2)
(59,1)
(3,0)
(31,19)
(13,11)
(11,19)
(9,6)
(28,5)
(37,4)
(52,7)
(72,12)
(51,0)
(0,14)
(36,10)
(59,16)
(20,1)
(56,3)
(57,12)
(26,2)
(8,6)
(34,0)
(32,0)
(19,2)
(65,0)
(69,10)
(12,7)
(50,2)
(47,2)
(20,9)
(9,14)
(27,1)
(5,6)
(24,16)
(20,0)
(51,4)
(61,19)
(71,8)
(15,10)
(62,0)
(13,10)
(67,14)
(53,10)
(70,5)
(19,0)
(20,1)
(45,17)
(64,19)
(12,11)
(25,17)
(36,0)
(5,5)
(69,10)
(55,8)
(2,3)
(8,5)
(47,5)
(26,7)
(11,4)
(6,3)
(27,4)
(43,17)
(25,15)
(9,14)
(59,14)
(37,6)
(66,9)
(16,5)
(49,9)
(69,18)
(68,5)
(36,5)
(28,19)
(35,14)
(35,17)
(4,13)
(46,16)
(63,5)
(37,16)
(6,4)
(1,17)
(16,12)
(68,3)
(54,6)
(24,11)
(0,6)
(54,10)
(32,10)
(44,10)
(31,6)
(55,3)
(30,7)
(47,5)
(11,11)
(27,16)
(70,19)
(69,14)
(66,11)
(18,1)
(3,17)
(18,5)
(7,1)
(5,18)
(54,0)
(31,17)
(8,8)
(36,6)
(69,10)
(6,1)
(4,15)
(60,6)
(47,6)
(21,1)
(55,13)
(57,7)
(32,0)
(67,15)
(16,8)
(28,5)
(62,19)
(48,3)
(19,3)
(28,4)
(72,1)
(48,14)
(62,3)
(0,18)
(66,15)
(2,3)
(6,3)
(27,0)
(2,12)
(14,13)
(62,3)
(2,0)
(53,14)
(21,6)
(18,0)
(10,0)
(32,5)
(64,9)
(5,1)
(28,2)
(66,0)
(10,6)
(24,6)
(51,2)
(14,10)
(55,12)
(13,8)
(39,6)
(0,2)
(5,9)
(53,5)
(29,4)
(52,18)
(69,6)
(44,19)
(14,9)
(22,17)
(10,12)
(65,3)
(32,10)
(17,13)
(70,3)
(34,0)
(63,17)
(9,2)
(16,2)
(2,10)
(60,13)
(68,11)
(41,6)
(21,10)
(32,0)
(5,12)
(24,9)
(38,2)
(36,5)
(8,10)
(33,14)
(8,8)
(36,2)
(25,4)
(51,17)
(64,0)
(11,13)
(55,3)
(52,2)
(49,1)
(24,11)
(35,17)
(65,16)
(51,12)
(63,4)
(38,3)
(20,9)
(44,2)
(70,2)
(65,14)
(19,10)
(56,19)
(60,0)
(51,16)
(68,12)
(72,7)
(9,2)
(70,8)
(22,12)
(49,0)
(51,19)
(1,12)
(50,0)
(29,3)
(41,3)
(23,1)
(17,0)
(27,6)
(12,5)
(44,5)
(70,8)
(3,1)
(13,2)
(47,17)
(38,1)
(0,2)
(62,11)
(41,5)
(4,17)
(26,1)
(43,9)
(19,0)
(67,4)
(44,2)
(23,7)
(42,19)
(2,5)
(8,17)
(8,10)
(70,13)
(70,1)
(40,17)
(37,18)
(26,10)
(67,5)
(27,17)
(32,1)
(53,10)
(24,10)
(69,8)
(39,1)
(63,17)
(50,17)
(42,0)
(58,11)
(7,3)
(27,4)
(36,12)
(35,9)
(20,8)
(4,0)
(51,8)
(70,5)
(43,0)
(7,2)
(2,17)
(47,5)
(22,6)
(53,17)
(23,10)
(68,5)
(64,14)
(18,8)
(21,18)
(20,15)
(5,15)
(14,6)
(43,0)
(32,0)
(15,3)
(43,7)
(49,2)
(19,4)
(6,6)
(47,5)
(48,12)
(21,3)
(36,14)
(65,8)
(8,7)
(58,1)
(41,12)
(56,14)
(48,6)
(19,3)
(5,1)
(30,12)
(34,1)
(33,6)
(41,5)
(48,0)
(58,0)
(50,3)
(1,18)
(43,3)
(61,10)
(41,7)
(58,16)
(24,3)
(69,4)
(70,6)
(7,15)
(44,4)
(14,17)
(52,12)
(11,11)
(52,14)
(30,19)
(57,8)
(1,1)
(7,0)
(64,5)
(5,1)
(61,14)
(16,9)
(60,8)
(33,15)
(64,7)
(14,7)
(65,2)
(31,16)
(24,11)
(9,4)
(50,3)
(65,11)
(58,15)
(0,9)
(28,1)
(51,13)
(35,2)
(41,1)
(4,0)
(64,3)
(8,11)
(43,10)
(35,1)
(15,16)
(57,9)
(67,1)
(70,1)
(68,14)
(43,18)
(5,1)
(7,16)
(18,6)
(59,17)
(46,3)
(21,10)
(13,6)
(69,19)
(48,9)
(65,3)
(61,16)
(20,8)
(46,5)
(56,15)
(17,8)
(37,4)
(69,7)
(27,10)
(37,7)
(60,19)
(67,5)
(45,14)
(37,12)
(46,13)
(31,19)
(71,16)
(32,3)
(29,8)
(58,1)
(32,15)
(66,7)
(66,16)
(25,11)
(0,1)
(18,15)
(16,8)
(70,0)
(20,12)
(15,8)
(46,8)
(42,15)
(52,10)
(15,11)
(43,3)
(9,8)
(9,19)
(70,8)
(47,2)
(9,10)
(20,14)
(35,1)
(69,7)
(37,6)
(48,2)
(16,5)
(28,16)
(49,13)
(24,13)
(65,11)
(9,4)
(55,3)
(26,13)
(31,2)
(33,15)
(27,7)
(25,13)
(39,3)
(48,0)
(37,11)
(10,1)
(18,0)
(25,9)
(44,3)
(59,17)
(53,5)
(50,5)
(34,11)
(39,2)
(50,0)
(69,10)
(67,6)
(8,10)
(42,1)
(68,2)
(48,13)
(72,2)
(27,2)
(21,12)
(72,10)
(14,11)
(25,5)
(67,2)
(65,18)
(45,6)
(68,3)
(24,1)
(38,3)
(69,0)
(6,15)
(42,9)
(15,10)
(39,17)
(6,5)
(2,14)
(54,18)
(18,16)
(43,19)
(63,18)
(0,7)
(69,6)
(38,0)
(6,7)
(23,5)
(8,2)
(2,0)
(45,0)
(52,19)
(24,1)
(49,11)
(34,4)
(71,6)
(3,8)
(39,18)
(21,14)
(14,11)
(36,0)
(23,2)
(58,1)
(5,3)
(18,15)
(16,12)
(28,18)
(6,5)
(9,14)
(71,8)
(27,11)
(21,11)
(47,3)
(52,6)
(27,2)
(3,5)
(42,7)
(27,0)
(48,1)
(9,3)
(40,7)
(45,9)
(42,8)
(9,6)
(1,10)
(42,17)
(69,17)
(54,0)
(1,0)
(39,7)
(39,11)
(60,19)
(60,8)
(48,9)
(4,6)
(13,15)
(15,12)
(27,0)
(62,2)
(70,7)
(21,2)
(29,9)
(35,1)
(38,14)
(22,7)
(11,16)
(38,5)
(19,11)
(34,3)
(4,1)
(51,0)
(21,8)
(40,4)
(13,1)
(53,16)
(12,15)
(31,18)
(44,17)
(58,12)
(3,0)
(9,2)
(15,0)
(17,4)
(6,1)
(58,9)
(6,5)
(40,12)
(69,14)
(15,4)
(67,8)
(50,13)
(19,10)
(45,1)
(69,10)
(55,8)
(63,12)
(22,12)
(49,9)
(32,3)
(59,9)
(4,12)
(26,2)
(48,16)
(35,2)
(36,5)
(49,7)
(42,0)
(54,7)
(59,13)
(35,5)
(19,5)
(0,0)
(63,1)
(43,14)
(52,5)
(53,10)
(7,2)
(9,16)
(62,0)
(52,9)
(38,0)
(72,2)
(59,18)
(24,9)
(21,11)
(32,7)
(59,6)
(3,12)
(33,17)
(15,3)
(38,12)
(63,0)
(29,14)
(26,7)
(29,6)
(26,17)
(60,0)
(66,0)
(56,8)
(54,3)
(67,10)
(62,4)
(3,0)
(5,11)
(32,10)
(40,3)
(70,19)
(67,10)
(62,3)
(35,9)
(4,19)
(7,8)
(61,1)
(34,16)
(20,2)
(63,10)
(3,15)
(23,15)
(72,12)
(62,16)
(4,0)
(39,1)
(48,0)
(12,2)
(37,6)
(65,12)
(4,8)
(59,4)
(22,0)
(19,3)
(17,0)
(19,12)
(58,1)
(47,3)
(49,1)
(7,7)
(7,5)
(28,10)
(17,8)
(28,16)
(55,18)
(49,1)
(23,3)
(51,9)
(0,3)
(32,4)
(0,9)
(69,2)
(21,13)
(57,11)
(58,2)
(72,15)
(64,5)
(15,6)
(19,1)
(21,16)
(24,12)
(30,0)
(3,12)
(65,6)
(7,5)
(47,1)
(22,1)
(34,10)
(26,18)
(53,12)
(58,5)
(54,4)
(50,0)
(21,10)
(67,7)
(48,16)
(24,3)
(0,19)
(38,8)
(0,17)
(59,4)
(32,13)
(22,18)
(67,10)
(50,16)
(17,2)
(2,7)
(52,8)
(63,8)
(37,15)
(58,14)
(50,6)
(68,12)
(54,2)
(47,18)
(20,13)
(18,12)
(60,17)
(3,18)
(57,1)
(58,17)
(52,1)
(56,0)
(48,0)
(5,8)
(39,7)
(19,0)
(15,0)
(1,12)
(66,9)
(1,10)
(52,7)
(6,2)
(21,2)
(69,6)
(37,11)
(61,17)
(32,4)
(46,2)
(33,3)
(18,12)
(42,9)
(1,1)
(57,1)
(15,7)
(70,3)
(50,11)
(43,18)
(10,15)
(7,10)
(46,16)
(28,0)
(13,18)
(14,1)
(48,15)
(65,0)
(50,6)
(18,2)
(54,3)
(27,5)
(41,11)
(19,5)
(43,10)
(11,3)
(30,10)
(30,1)
(65,9)
(14,5)
(68,13)
(14,0)
(0,4)
(24,2)
(28,14)
(70,0)
(29,0)
(13,13)
(36,6)
(72,17)
(19,1)
(64,1)
(72,19)
(48,17)
(45,17)
(39,4)
(0,12)
(44,9)
(71,16)
(1,3)
(22,17)
(70,6)
(3,0)
(61,16)
(27,19)
(34,12)
(49,16)
(68,19)
(16,17)
(57,2)
(44,15)
(45,6)
(43,16)
(19,1)
(69,11)
(2,1)
(59,1)
(30,2)
(6,17)
(21,18)
(62,0)
(17,15)
(33,3)
(38,4)
(68,6)
(5,18)
(49,7)
(23,13)
(66,0)
(33,9)
(27,8)
(28,11)
(12,4)
(24,6)
(45,3)
(39,14)
(53,4)
(59,7)
(20,15)
(32,0)
(55,13)
(28,8)
(53,11)
(32,13)
(12,15)
(32,0)
(59,18)
(38,1)
(16,19)
(51,2)
(69,15)
(65,12)
(44,3)
(0,17)
(33,19)
(60,5)
(19,1)
(61,11)
(16,5)
(29,10)
(48,11)
(52,9)
(22,13)
(52,18)
(40,11)
(17,1)
(54,4)
(36,5)
(57,5)
(28,4)
(34,2)
(61,12)
(4,4)
(41,16)
(32,5)
(15,5)
(19,2)
(10,10)
(66,19)
(7,14)
(45,15)
(67,18)
(54,5)
(31,15)
(10,11)
(59,1)
(68,17)
(59,8)
(42,0)
(13,3)
(36,2)
(60,0)
(33,8)
(60,11)
(64,3)
(18,19)
(71,9)
(64,14)
(60,2)
(27,16)
(15,5)
(49,19)
(21,3)
(52,9)
(0,5)
(70,8)
(48,13)
(28,12)
(57,7)
(66,13)
(9,19)
(7,10)
(28,4)
(13,19)
(42,18)
(16,4)
(65,11)
(69,13)
(62,14)
(64,19)
(68,5)
(42,3)
(63,19)
(39,1)
(7,11)
(6,8)
(30,10)
(22,0)
(7,12)
(0,11)
(52,8)
(27,1)
(19,0)
(6,6)
(42,0)
(36,0)
(4,3)
(63,6)
(41,1)
(55,17)
(25,8)
(27,2)
(64,10)
(28,18)
(18,1)
(56,1)
(15,5)
(71,19)
(40,6)
(11,4)
(54,5)
(66,6)
(26,17)
(38,0)
(2,10)
(60,11)
(10,10)
(26,3)
(20,12)
(40,11)
(5,0)
(11,16)
(38,12)
(60,4)
(0,9)
(4,17)
(46,8)
(18,11)
(7,1)
(49,9)
(11,0)
(38,0)
(62,9)
(37,6)
(9,10)
(15,18)
(44,10)
(17,5)
(65,8)
(30,2)
(16,19)
(65,17)
(40,19)
(45,12)
(0,10)
(34,6)
(1,1)
(58,1)
(9,19)
(12,18)
(39,5)
(67,15)
(27,0)
(13,3)
(29,1)
(23,18)
(55,4)
(32,6)
(25,18)
(59,4)
(53,6)
(24,5)
(61,2)
(8,2)
(54,18)
(49,15)
(70,11)
(45,4)
(1,14)
(54,1)
(66,2)
(16,11)
(71,3)
(24,10)
(12,12)
(46,1)
(57,5)
(49,4)
(15,0)
(7,4)
(30,16)
(44,14)
(36,2)
(70,6)
(63,8)
(68,12)
(38,9)
(23,2)
(28,19)
(63,16)
(8,8)
(47,0)
(45,12)
(21,13)
(67,7)
(48,1)
(64,5)
(32,7)
(8,8)
(26,16)
(10,2)
(66,11)
(54,19)
(69,5)
(4,0)
(19,8)
(19,6)
(43,6)
(43,13)
(34,16)
(34,3)
(5,14)
(38,17)
(19,1)
(57,14)
(21,11)
(59,3)
(50,0)
(54,10)
(69,14)
(50,15)
(21,16)
(32,16)
(8,10)
(9,19)
(61,10)
(36,8)
(4,1)
(20,4)
(53,11)
(12,3)
(5,5)
(43,2)
(54,6)
(72,2)
(67,2)
(71,8)
(28,0)
(23,7)
(32,16)
(46,4)
(65,0)
(54,0)
(35,14)
(60,13)
(20,19)
(55,15)
(69,11)
(70,0)
(48,17)
(65,0)
(17,2)
(60,8)
(71,14)
(35,12)
(44,1)
(3,13)
(64,0)
(51,8)
(9,5)
(55,9)
(35,2)
(43,5)
(46,3)
(3,4)
(33,2)
(11,0)
(1,4)
(34,2)
(16,9)
(55,10)
(53,6)
(39,3)
(70,0)
(12,10)
(8,16)
(32,0)
(15,3)
(9,7)
(23,8)
(14,8)
(65,15)
(8,6)
(43,7)
(23,10)
(52,0)
(25,13)
(11,6)
(67,19)
(31,10)
(24,17)
(62,12)
(15,6)
(29,18)
(7,15)
(3,0)
(53,4)
(12,14)
(30,1)
(31,15)
(25,15)
(2,1)
(41,2)
(72,5)
(45,12)
(60,4)
(47,13)
(57,18)
(50,12)
(65,1)
(42,13)
(17,3)
(46,14)
(36,17)
(5,5)
(68,0)
(36,17)
(39,0)
(6,0)
(41,0)
(1,6)
(21,5)
(9,8)
(29,10)
(60,12)
(19,5)
(24,2)
(49,12)
(60,7)
(23,3)
(59,15)
(25,8)
(36,3)
(11,18)
(13,4)
(17,0)
(59,13)
(65,12)
(33,13)
(3,4)
(70,11)
(61,17)
(58,3)
(38,0)
(14,18)
(34,19)
(37,1)
(4,19)
(9,7)
(14,0)
(2,0)
(65,2)
(43,17)
(31,5)
(50,5)
(72,7)
(55,18)
(26,1)
(50,12)
(31,18)
(1,1)
(41,18)
(37,6)
(29,4)
(72,10)
(64,12)
(33,12)
(68,6)
(16,9)
(67,16)
(61,1)
(61,7)
(59,14)
(54,6)
(65,7)
(48,6)
(20,2)
(20,3)
(30,4)
(39,8)
(54,5)
(61,17)
(24,8)
(26,4)
(45,1)
(23,1)
(12,1)
(22,1)
(36,1)
(17,12)
(40,0)
(17,7)
(31,3)
(66,0)
(35,7)
(30,5)
(8,13)
(51,0)
(40,13)
(11,1)
(49,1)
(9,4)
(44,5)
(6,12)
(16,3)
(50,18)
(72,13)
(25,12)
(52,4)
(31,1)
(58,3)
(14,8)
(64,8)
(3,7)
(68,5)
(42,6)
(57,0)
(70,16)
(41,10)
(47,2)
(28,4)
(39,7)
(62,3)
(26,7)
(20,8)
(47,7)
(10,19)
(37,14)
(45,9)
(56,14)
(40,3)
(36,1)
(46,18)
(66,15)
(51,8)
(70,8)
(70,14)
(67,0)
(54,17)
(50,13)
(14,8)
(58,7)
(16,19)
(24,11)
(8,0)
(67,12)
(60,1)
(59,14)
(70,3)
(42,9)
(52,16)
(11,12)
(18,19)
(16,1)
(4,17)
(22,3)
(46,1)
(38,1)
(23,4)
(40,2)
(21,0)
(41,0)
(35,4)
(53,9)
(71,7)
(43,3)
(11,6)
(65,1)
(0,16)
(2,0)
(53,14)
(40,0)
(36,16)
(53,5)
(26,8)
(29,1)
(29,3)
(8,0)
(34,15)
(36,5)
(36,5)
(32,2)
(5,1)
(70,2)
(25,2)
(51,0)
(67,11)
(41,1)
(4,9)
(3,3)

(21,0)
(22,1)
(21,2)
(21,3)
(21,4)
(22,5)
(21,6)
(21,7)
(20,8)
(20,9)
(20,10)
(22,11)
(22,12)
(20,13)
(22,14)
(20,15)
(21,16)
(22,17)
(21,18)
(21,19)
(3,17)
(43,16)
(32,12)
(38,0)
(58,5)
(14,16)
(51,0)
(32,0)
(58,15)
(24,9)
(29,15)
(10,6)
(54,1)
(25,14)
(9,17)
(10,11)
(67,12)
(3,18)
(0,6)
(4,5)
(50,7)
(44,12)
(7,2)
(17,0)
(26,3)
(0,9)
(3,2)
(34,8)
(10,2)
(59,3)
(64,9)
(61,4)
(61,7)
(54,11)
(14,9)
(7,12)
(3,17)
(8,18)
(20,13)
(71,16)
(18,5)
(19,8)
(21,8)
(54,0)
(34,10)
(47,18)
(48,17)
(26,4)
(8,4)
(49,7)
(49,6)
(42,13)
(32,12)
(36,8)
(66,0)
(43,5)
(14,8)
(59,17)
(69,4)
(15,1)
(64,16)
(67,16)
(34,12)
(34,2)
(14,7)
(4,0)
(34,17)
(48,17)
(4,6)
(20,9)
(55,7)
(56,15)
(43,6)
(46,1)
(54,0)
(58,7)
(34,19)
(11,16)
(64,17)
(32,7)
(57,8)
(45,6)
(33,0)
(13,3)
(36,0)
(6,9)
(52,16)
(39,2)
(26,5)
(39,2)
(25,14)
(4,6)
(59,3)
(47,5)
(67,3)
(60,9)
(27,10)
(36,4)
(51,8)
(72,5)
(46,4)
(40,1)
(71,17)
(3,3)
(26,10)
(53,10)
(33,17)
(56,0)
(45,10)
(52,19)
(3,5)
(17,0)
(72,19)
(45,9)
(38,17)
(50,11)
(30,12)
(48,10)
(49,3)
(49,2)
(60,1)
(14,5)
(32,2)
(71,7)
(59,19)
(36,1)
(25,2)
(0,13)
(8,1)
(67,4)
(22,18)
(62,8)
(28,13)
(56,7)
(57,0)
(49,15)
(22,5)
(12,2)
(27,11)
(0,13)
(47,17)
(19,9)
(18,11)
(31,0)
(11,18)
(46,2)
(25,8)
(19,6)
(20,8)
(25,6)
(5,19)
(71,1)
(45,11)
(48,10)
(17,12)
(51,3)
(2,17)
(17,13)
(29,14)
(14,3)
(38,0)
(6,16)
(62,14)
(43,18)
(12,6)
(32,0)
(33,14)
(39,1)
(45,1)
(17,18)
(2,4)
(11,1)
(12,10)
(52,5)
(29,11)
(5,11)
(56,1)
(25,1)
(68,6)
(36,18)
(1,3)
(9,8)
(3,5)
(64,13)
(55,0)
(37,15)
(69,17)
(50,12)
(52,5)
(19,4)
(54,15)
(4,1)
(1,7)
(51,14)
(62,14)
(64,6)
(45,3)
(35,19)
(62,8)
(19,14)
(26,6)
(60,13)
(36,0)
(22,14)
(50,4)
(10,14)
(61,5)
(2,5)
(72,13)
(55,5)
(23,18)
(9,8)
(10,7)
(28,11)
(56,2)
(16,0)
(12,3)
(0,4)
(28,15)
(61,12)
(57,18)
(7,8)
(56,19)
(26,2)
(71,0)
(43,17)
(57,2)
(6,19)
(3,2)
(58,9)
(2,2)
(2,4)
(7,4)
(61,3)
(69,17)
(29,0)
(7,9)
(27,9)
(20,8)
(32,15)
(71,1)
(0,10)
(13,7)
(54,1)
(34,1)
(16,17)
(64,14)
(34,6)
(68,8)
(10,2)
(41,12)
(25,7)
(2,2)
(39,5)
(18,18)
(5,3)
(25,2)
(15,9)
(68,0)
(38,12)
(43,11)
(4,10)
(8,11)
(22,8)
(24,3)
(16,1)
(48,6)
(21,0)
(59,10)
(46,13)
(17,19)
(71,2)
(68,3)
(46,15)
(61,17)
(9,13)
(40,7)
(60,2)
(70,3)
(37,2)
(59,16)
(9,9)
(34,0)
(17,2)
(28,3)
(64,4)
(23,4)
(48,7)
(27,1)
(7,19)
(38,7)
(32,2)
(26,7)
(64,15)
(4,8)
(68,1)
(60,17)
(23,3)
(12,3)
(65,15)
(70,16)
(50,2)
(58,13)
(9,2)
(47,9)
(6,17)
(59,9)
(56,15)
(35,3)
(25,14)
(6,0)
(16,15)
(0,2)
(14,11)
(28,10)
(63,9)
(45,5)
(39,3)
(41,9)
(38,16)
(37,5)
(36,18)
(32,1)
(27,0)
(59,19)
(23,18)
(4,2)
(55,2)
(26,6)
(16,5)
(4,2)
(34,1)
(36,9)
(65,15)
(70,3)
(54,9)
(39,6)
(61,2)
(37,3)
(64,9)
(4,0)
(52,2)
(19,11)
(15,8)
(63,16)
(49,14)
(54,14)
(67,17)
(35,12)
(51,0)
(29,5)
(49,10)
(21,10)
(69,0)
(69,6)
(18,1)
(48,4)
(58,12)
(72,12)
(65,7)
(9,1)
(19,16)
(20,1)
(55,15)
(25,13)
(43,2)
(32,3)
(46,2)
(22,17)
(30,11)
(28,16)
(45,7)
(66,13)
(28,17)
(67,3)
(48,0)
(66,2)
(52,11)
(21,4)
(13,9)
(57,0)
(58,9)
(17,12)
(42,15)
(46,18)
(58,2)
(71,0)
(37,7)
(52,3)
(51,7)
(56,6)
(23,10)
(46,12)
(33,13)
(26,3)
(22,6)
(36,0)
(14,0)
(22,13)
(51,0)
(35,7)
(60,17)
(32,2)
(9,4)
(3,7)
(50,10)
(51,9)
(61,13)
(61,10)
(2,18)
(24,18)
(47,3)
(8,16)
(27,17)
(36,17)
(54,1)
(45,10)
(68,7)
(37,0)
(58,2)
(10,13)
(46,0)
(9,7)
(6,11)
(62,3)
(52,1)
(69,15)
(21,8)
(61,12)
(43,5)
(10,11)
(14,3)
(51,1)
(14,11)
(55,1)
(5,11)
(27,18)
(17,0)
(66,2)
(55,9)
(29,17)
(69,15)
(63,3)
(0,7)
(45,4)
(61,15)
(45,9)
(57,1)
(11,2)
(22,5)
(62,13)
(68,14)
(40,2)
(29,0)
(0,5)
(47,7)
(66,10)
(65,10)
(46,11)
(9,14)
(15,14)
(5,1)
(35,2)
(21,6)
(63,1)
(55,9)
(54,7)
(24,17)
(47,16)
(24,19)
(22,16)
(71,5)
(43,10)
(4,14)
(12,0)
(49,9)
(38,13)
(47,18)
(8,10)
(59,12)
(69,0)
(2,16)
(7,19)
(63,2)
(12,1)
(24,19)
(36,19)
(57,6)
(24,6)
(22,3)
(25,14)
(45,8)
(60,5)
(2,4)
(44,19)
(28,9)
(23,0)
(71,14)
(28,9)
(24,1)
(50,17)
(52,1)
(45,5)
(6,13)
(27,12)
(43,0)
(53,6)
(56,10)
(22,0)
(41,5)
(37,7)
(21,9)
(34,6)
(64,14)
(14,6)
(62,5)
(32,14)
(20,15)
(2,6)
(27,1)
(35,1)
(52,18)
(19,13)
(30,8)
(23,17)
(64,6)
(34,15)
(43,3)
(66,17)
(18,7)
(50,4)
(64,14)
(62,5)
(59,7)
(17,2)
(20,13)
(60,10)
(20,12)
(25,1)
(49,8)
(72,0)
(35,1)
(38,0)
(36,2)
(50,9)
(69,14)
(32,16)
(42,14)
(68,8)
(39,14)
(20,5)
(45,13)
(42,11)
(23,15)
(18,8)
(17,10)
(64,7)
(26,9)
(71,0)
(24,14)
(35,7)
(12,0)
(0,13)
(62,8)
(3,0)
(26,5)
(65,16)
(71,2)
(9,4)
(23,4)
(57,19)
(61,5)
(17,2)
(59,2)
(70,19)
(24,19)
(36,12)
(23,3)
(10,13)
(1,4)
(69,7)
(48,17)
(62,15)
(72,9)
(1,10)
(56,1)
(38,0)
(64,14)
(44,4)
(21,9)
(24,12)
(24,11)
(24,14)
(49,0)
(0,9)
(63,12)
(27,11)
(29,6)
(55,9)
(65,0)
(40,1)
(1,8)
(21,5)
(35,17)
(37,13)
(48,19)
(35,3)
(16,0)
(71,19)
(0,13)
(57,15)
(68,9)
(6,9)
(30,3)
(56,10)
(70,12)
(58,2)
(19,17)
(56,1)
(27,0)
(27,0)
(0,5)
(34,10)
(68,10)
(71,11)
(49,0)
(70,14)
(70,12)
(2,13)
(13,18)
(14,6)
(19,3)
(68,1)
(49,4)
(52,0)
(38,4)
(7,12)
(71,1)
(14,17)
(44,0)
(6,4)
(70,13)
(26,19)
(38,11)
(12,11)
(9,19)
(71,14)
(11,7)
(13,13)
(11,16)
(19,9)
(22,9)
(35,15)
(32,5)
(27,1)
(5,12)
(17,2)
(30,2)
(50,11)
(14,8)
(12,0)
(2,10)
(24,16)
(61,0)
(9,9)
(71,6)
(23,5)
(54,16)
(41,17)
(18,3)
(31,3)
(23,1)
(49,1)
(7,7)
(41,8)
(64,6)
(60,0)
(11,2)
(31,5)
(13,5)
(38,3)
(9,13)
(38,11)
(57,15)
(3,1)
(6,6)
(60,7)
(53,5)
(59,14)
(30,16)
(7,7)
(13,15)
(27,0)
(3,7)
(20,11)
(21,16)
(30,12)
(63,10)
(68,6)
(70,15)
(6,3)
(59,5)
(38,4)
(58,10)
(54,0)
(0,0)
(72,0)
(60,10)
(42,4)
(12,1)
(0,11)
(59,13)
(8,2)
(53,5)
(5,10)
(48,3)
(36,5)
(66,9)
(32,1)
(9,7)
(54,5)
(25,18)
(52,1)
(7,2)
(19,11)
(21,18)
(17,3)
(55,15)
(19,0)
(4,8)
(39,5)
(48,6)
(32,6)
(71,7)
(53,0)
(69,3)
(11,8)
(37,6)
(11,13)
(60,2)
(28,8)
(6,11)
(17,5)
(48,8)
(37,4)
(41,12)
(54,18)
(29,7)
(22,5)
(33,6)
(29,16)
(0,19)
(6,16)
(5,17)
(25,13)
(28,1)
(40,9)
(7,7)
(9,0)
(46,13)
(49,13)
(8,16)
(7,2)
(32,11)
(36,10)
(50,12)
(60,14)
(51,8)
(64,11)
(50,0)
(20,2)
(22,0)
(53,16)
(26,1)
(64,11)
(17,6)
(24,0)
(59,12)
(51,6)
(51,15)
(51,5)
(62,10)
(36,17)
(45,16)
(70,3)
(47,7)
(53,10)
(22,15)
(59,2)
(43,3)
(14,10)
(63,6)
(7,9)
(24,12)
(66,5)
(6,4)
(29,16)
(3,12)
(61,8)
(62,10)
(32,5)
(11,7)
(38,15)
(58,5)
(63,13)
(42,8)
(23,11)
(61,11)
(14,0)
(61,18)
(35,11)
(2,11)
(43,4)
(37,13)
(68,4)
(55,18)
(69,1)
(30,2)
(66,6)
(25,19)
(35,2)
(40,8)
(42,2)
(63,3)
(38,13)
(19,3)
(51,10)
(9,2)
(50,12)
(20,4)
(4,3)
(68,5)
(41,7)
(4,9)
(68,1)
(35,4)
(65,3)
(2,16)
(6,6)
(51,0)
(55,18)
(33,0)
(23,17)
(1,6)
(61,13)
(41,17)
(68,12)
(66,3)
(41,3)
(44,6)
(28,14)
(49,5)
(28,7)
(63,1)
(45,7)
(60,15)
(34,3)
(13,12)
(53,2)
(55,0)
(27,6)
(53,4)
(64,0)
(17,16)
(50,11)
(28,16)
(37,18)
(10,11)
(20,6)
(43,8)
(50,4)
(39,2)
(35,19)
(23,9)
(59,2)
(32,15)
(64,8)
(65,8)
(20,10)
(16,10)
(61,16)
(52,3)
(2,19)
(23,11)
(47,13)
(41,4)
(41,9)
(67,4)
(16,3)
(31,6)
(10,1)
(37,16)
(17,5)
(4,18)
(45,5)
(11,15)
(45,14)
(67,17)
(24,5)
(5,6)
(44,3)
(43,2)
(56,6)
(51,1)
(1,1)
(48,0)
(60,6)
(58,19)
(12,8)
(26,11)
(60,3)
(65,0)
(37,7)
(24,13)
(54,2)
(70,8)
(47,7)
(59,9)
(17,16)
(32,17)
(34,2)
(5,2)
(13,17)
(41,12)
(28,16)
(5,7)
(55,2)
(47,1)
(7,5)
(2,3)
(60,6)
(15,8)
(61,3)
(56,10)
(9,1)
(28,0)
(14,17)
(24,13)
(29,0)
(72,16)
(14,2)
(59,1)
(3,0)
(31,19)
(13,11)
(11,19)
(9,6)
(28,5)
(37,4)
(52,7)
(72,12)
(51,0)
(0,14)
(36,10)
(59,16)
(20,1)
(56,3)
(57,12)
(26,2)
(8,6)
(34,0)
(32,0)
(19,2)
(65,0)
(69,10)
(12,7)
(50,2)
(47,2)
(20,9)
(9,14)
(27,1)
(5,6)
(24,16)
(20,0)
(51,4)
(61,19)
(71,8)
(15,10)
(62,0)
(13,10)
(67,14)
(53,10)
(70,5)
(19,0)
(20,1)
(45,17)
(64,19)
(12,11)
(25,17)
(36,0)
(5,5)
(69,10)
(55,8)
(2,3)
(8,5)
(47,5)
(26,7)
(11,4)
(6,3)
(27,4)
(43,17)
(25,15)
(9,14)
(59,14)
(37,6)
(66,9)
(16,5)
(49,9)
(69,18)
(68,5)
(36,5)
(28,19)
(35,14)
(35,17)
(4,13)
(46,16)
(63,5)
(37,16)
(6,4)
(1,17)
(16,12)
(68,3)
(54,6)
(24,11)
(0,6)
(54,10)
(32,10)
(44,10)
(31,6)
(55,3)
(30,7)
(47,5)
(11,11)
(27,16)
(70,19)
(69,14)
(66,11)
(18,1)
(3,17)
(18,5)
(7,1)
(5,18)
(54,0)
(31,17)
(8,8)
(36,6)
(69,10)
(6,1)
(4,15)
(60,6)
(47,6)
(21,1)
(55,13)
(57,7)
(32,0)
(67,15)
(16,8)
(28,5)
(62,19)
(48,3)
(19,3)
(28,4)
(72,1)
(48,14)
(62,3)
(0,18)
(66,15)
(2,3)
(6,3)
(27,0)
(2,12)
(14,13)
(62,3)
(2,0)
(53,14)
(21,6)
(18,0)
(10,0)
(32,5)
(64,9)
(5,1)
(28,2)
(66,0)
(10,6)
(24,6)
(51,2)
(14,10)
(55,12)
(13,8)
(39,6)
(0,2)
(5,9)
(53,5)
(29,4)
(52,18)
(69,6)
(44,19)
(14,9)
(22,17)
(10,12)
(65,3)
(32,10)
(17,13)
(70,3)
(34,0)
(63,17)
(9,2)
(16,2)
(2,10)
(60,13)
(68,11)
(41,6)
(21,10)
(32,0)
(5,12)
(24,9)
(38,2)
(36,5)
(8,10)
(33,14)
(8,8)
(36,2)
(25,4)
(51,17)
(64,0)
(11,13)
(55,3)
(52,2)
(49,1)
(24,11)
(35,17)
(65,16)
(51,12)
(63,4)
(38,3)
(20,9)
(44,2)
(70,2)
(65,14)
(19,10)
(56,19)
(60,0)
(51,16)
(68,12)
(72,7)
(9,2)
(70,8)
(22,12)
(49,0)
(51,19)
(1,12)
(50,0)
(29,3)
(41,3)
(23,1)
(17,0)
(27,6)
(12,5)
(44,5)
(70,8)
(3,1)
(13,2)
(47,17)
(38,1)
(0,2)
(62,11)
(41,5)
(4,17)
(26,1)
(43,9)
(19,0)
(67,4)
(44,2)
(23,7)
(42,19)
(2,5)
(8,17)
(8,10)
(70,13)
(70,1)
(40,17)
(37,18)
(26,10)
(67,5)
(27,17)
(32,1)
(53,10)
(24,10)
(69,8)
(39,1)
(63,17)
(50,17)
(42,0)
(58,11)
(7,3)
(27,4)
(36,12)
(35,9)
(20,8)
(4,0)
(51,8)
(70,5)
(43,0)
(7,2)
(2,17)
(47,5)
(22,6)
(53,17)
(23,10)
(68,5)
(64,14)
(18,8)
(21,18)
(20,15)
(5,15)
(14,6)
(43,0)
(32,0)
(15,3)
(43,7)
(49,2)
(19,4)
(6,6)
(47,5)
(48,12)
(21,3)
(36,14)
(65,8)
(8,7)
(58,1)
(41,12)
(56,14)
(48,6)
(19,3)
(5,1)
(30,12)
(34,1)
(33,6)
(41,5)
(48,0)
(58,0)
(50,3)
(1,18)
(43,3)
(61,10)
(41,7)
(58,16)
(24,3)
(69,4)
(70,6)
(7,15)
(44,4)
(14,17)
(52,12)
(11,11)
(52,14)
(30,19)
(57,8)
(1,1)
(7,0)
(64,5)
(5,1)
(61,14)
(16,9)
(60,8)
(33,15)
(64,7)
(14,7)
(65,2)
(31,16)
(24,11)
(9,4)
(50,3)
(65,11)
(58,15)
(0,9)
(28,1)
(51,13)
(35,2)
(41,1)
(4,0)
(64,3)
(8,11)
(43,10)
(35,1)
(15,16)
(57,9)
(67,1)
(70,1)
(68,14)
(43,18)
(5,1)
(7,16)
(18,6)
(59,17)
(46,3)
(21,10)
(13,6)
(69,19)
(48,9)
(65,3)
(61,16)
(20,8)
(46,5)
(56,15)
(17,8)
(37,4)
(69,7)
(27,10)
(37,7)
(60,19)
(67,5)
(45,14)
(37,12)
(46,13)
(31,19)
(71,16)
(32,3)
(29,8)
(58,1)
(32,15)
(66,7)
(66,16)
(25,11)
(0,1)
(18,15)
(16,8)
(70,0)
(20,12)
(15,8)
(46,8)
(42,15)
(52,10)
(15,11)
(43,3)
(9,8)
(9,19)
(70,8)
(47,2)
(9,10)
(20,14)
(35,1)
(69,7)
(37,6)
(48,2)
(16,5)
(28,16)
(49,13)
(24,13)
(65,11)
(9,4)
(55,3)
(26,13)
(31,2)
(33,15)
(27,7)
(25,13)
(39,3)
(48,0)
(37,11)
(10,1)
(18,0)
(25,9)
(44,3)
(59,17)
(53,5)
(50,5)
(34,11)
(39,2)
(50,0)
(69,10)
(67,6)
(8,10)
(42,1)
(68,2)
(48,13)
(72,2)
(27,2)
(21,12)
(72,10)
(14,11)
(25,5)
(67,2)
(65,18)
(45,6)
(68,3)
(24,1)
(38,3)
(69,0)
(6,15)
(42,9)
(15,10)
(39,17)
(6,5)
(2,14)
(54,18)
(18,16)
(43,19)
(63,18)
(0,7)
(69,6)
(38,0)
(6,7)
(23,5)
(8,2)
(2,0)
(45,0)
(52,19)
(24,1)
(49,11)
(34,4)
(71,6)
(3,8)
(39,18)
(21,14)
(14,11)
(36,0)
(23,2)
(58,1)
(5,3)
(18,15)
(16,12)
(28,18)
(6,5)
(9,14)
(71,8)
(27,11)
(21,11)
(47,3)
(52,6)
(27,2)
(3,5)
(42,7)
(27,0)
(48,1)
(9,3)
(40,7)
(45,9)
(42,8)
(9,6)
(1,10)
(42,17)
(69,17)
(54,0)
(1,0)
(39,7)
(39,11)
(60,19)
(60,8)
(48,9)
(4,6)
(13,15)
(15,12)
(27,0)
(62,2)
(70,7)
(21,2)
(29,9)
(35,1)
(38,14)
(22,7)
(11,16)
(38,5)
(19,11)
(34,3)
(4,1)
(51,0)
(21,8)
(40,4)
(13,1)
(53,16)
(12,15)
(31,18)
(44,17)
(58,12)
(3,0)
(9,2)
(15,0)
(17,4)
(6,1)
(58,9)
(6,5)
(40,12)
(69,14)
(15,4)
(67,8)
(50,13)
(19,10)
(45,1)
(69,10)
(55,8)
(63,12)
(22,12)
(49,9)
(32,3)
(59,9)
(4,12)
(26,2)
(48,16)
(35,2)
(36,5)
(49,7)
(42,0)
(54,7)
(59,13)
(35,5)
(19,5)
(0,0)
(63,1)
(43,14)
(52,5)
(53,10)
(7,2)
(9,16)
(62,0)
(52,9)
(38,0)
(72,2)
(59,18)
(24,9)
(21,11)
(32,7)
(59,6)
(3,12)
(33,17)
(15,3)
(38,12)
(63,0)
(29,14)
(26,7)
(29,6)
(26,17)
(60,0)
(66,0)
(56,8)
(54,3)
(67,10)
(62,4)
(3,0)
(5,11)
(32,10)
(40,3)
(70,19)
(67,10)
(62,3)
(35,9)
(4,19)
(7,8)
(61,1)
(34,16)
(20,2)
(63,10)
(3,15)
(23,15)
(72,12)
(62,16)
(4,0)
(39,1)
(48,0)
(12,2)
(37,6)
(65,12)
(4,8)
(59,4)
(22,0)
(19,3)
(17,0)
(19,12)
(58,1)
(47,3)
(49,1)
(7,7)
(7,5)
(28,10)
(17,8)
(28,16)
(55,18)
(49,1)
(23,3)
(51,9)
(0,3)
(32,4)
(0,9)
(69,2)
(21,13)
(57,11)
(58,2)
(72,15)
(64,5)
(15,6)
(19,1)
(21,16)
(24,12)
(30,0)
(3,12)
(65,6)
(7,5)
(47,1)
(22,1)
(34,10)
(26,18)
(53,12)
(58,5)
(54,4)
(50,0)
(21,10)
(67,7)
(48,16)
(24,3)
(0,19)
(38,8)
(0,17)
(59,4)
(32,13)
(22,18)
(67,10)
(50,16)
(17,2)
(2,7)
(52,8)
(63,8)
(37,15)
(58,14)
(50,6)
(68,12)
(54,2)
(47,18)
(20,13)
(18,12)
(60,17)
(3,18)
(57,1)
(58,17)
(52,1)
(56,0)
(48,0)
(5,8)
(39,7)
(19,0)
(15,0)
(1,12)
(66,9)
(1,10)
(52,7)
(6,2)
(21,2)
(69,6)
(37,11)
(61,17)
(32,4)
(46,2)
(33,3)
(18,12)
(42,9)
(1,1)
(57,1)
(15,7)
(70,3)
(50,11)
(43,18)
(10,15)
(7,10)
(46,16)
(28,0)
(13,18)
(14,1)
(48,15)
(65,0)
(50,6)
(18,2)
(54,3)
(27,5)
(41,11)
(19,5)
(43,10)
(11,3)
(30,10)
(30,1)
(65,9)
(14,5)
(68,13)
(14,0)
(0,4)
(24,2)
(28,14)
(70,0)
(29,0)
(13,13)
(36,6)
(72,17)
(19,1)
(64,1)
(72,19)
(48,17)
(45,17)
(39,4)
(0,12)
(44,9)
(71,16)
(1,3)
(22,17)
(70,6)
(3,0)
(61,16)
(27,19)
(34,12)
(49,16)
(68,19)
(16,17)
(57,2)
(44,15)
(45,6)
(43,16)
(19,1)
(69,11)
(2,1)
(59,1)
(30,2)
(6,17)
(21,18)
(62,0)
(17,15)
(33,3)
(38,4)
(68,6)
(5,18)
(49,7)
(23,13)
(66,0)
(33,9)
(27,8)
(28,11)
(12,4)
(24,6)
(45,3)
(39,14)
(53,4)
(59,7)
(20,15)
(32,0)
(55,13)
(28,8)
(53,11)
(32,13)
(12,15)
(32,0)
(59,18)
(38,1)
(16,19)
(51,2)
(69,15)
(65,12)
(44,3)
(0,17)
(33,19)
(60,5)
(19,1)
(61,11)
(16,5)
(29,10)
(48,11)
(52,9)
(22,13)
(52,18)
(40,11)
(17,1)
(54,4)
(36,5)
(57,5)
(28,4)
(34,2)
(61,12)
(4,4)
(41,16)
(32,5)
(15,5)
(19,2)
(10,10)
(66,19)
(7,14)
(45,15)
(67,18)
(54,5)
(31,15)
(10,11)
(59,1)
(68,17)
(59,8)
(42,0)
(13,3)
(36,2)
(60,0)
(33,8)
(60,11)
(64,3)
(18,19)
(71,9)
(64,14)
(60,2)
(27,16)
(15,5)
(49,19)
(21,3)
(52,9)
(0,5)
(70,8)
(48,13)
(28,12)
(57,7)
(66,13)
(9,19)
(7,10)
(28,4)
(13,19)
(42,18)
(16,4)
(65,11)
(69,13)
(62,14)
(64,19)
(68,5)
(42,3)
(63,19)
(39,1)
(7,11)
(6,8)
(30,10)
(22,0)
(7,12)
(0,11)
(52,8)
(27,1)
(19,0)
(6,6)
(42,0)
(36,0)
(4,3)
(63,6)
(41,1)
(55,17)
(25,8)
(27,2)
(64,10)
(28,18)
(18,1)
(56,1)
(15,5)
(71,19)
(40,6)
(11,4)
(54,5)
(66,6)
(26,17)
(38,0)
(2,10)
(60,11)
(10,10)
(26,3)
(20,12)
(40,11)
(5,0)
(11,16)
(38,12)
(60,4)
(0,9)
(4,17)
(46,8)
(18,11)
(7,1)
(49,9)
(11,0)
(38,0)
(62,9)
(37,6)
(9,10)
(15,18)
(44,10)
(17,5)
(65,8)
(30,2)
(16,19)
(65,17)
(40,19)
(45,12)
(0,10)
(34,6)
(1,1)
(58,1)
(9,19)
(12,18)
(39,5)
(67,15)
(27,0)
(13,3)
(29,1)
(23,18)
(55,4)
(32,6)
(25,18)
(59,4)
(53,6)
(24,5)
(61,2)
(8,2)
(54,18)
(49,15)
(70,11)
(45,4)
(1,14)
(54,1)
(66,2)
(16,11)
(71,3)
(24,10)
(12,12)
(46,1)
(57,5)
(49,4)
(15,0)
(7,4)
(30,16)
(44,14)
(36,2)
(70,6)
(63,8)
(68,12)
(38,9)
(23,2)
(28,19)
(63,16)
(8,8)
(47,0)
(45,12)
(21,13)
(67,7)
(48,1)
(64,5)
(32,7)
(8,8)
(26,16)
(10,2)
(66,11)
(54,19)
(69,5)
(4,0)
(19,8)
(19,6)
(43,6)
(43,13)
(34,16)
(34,3)
(5,14)
(38,17)
(19,1)
(57,14)
(21,11)
(59,3)
(50,0)
(54,10)
(69,14)
(50,15)
(21,16)
(32,16)
(8,10)
(9,19)
(61,10)
(36,8)
(4,1)
(20,4)
(53,11)
(12,3)
(5,5)
(43,2)
(54,6)
(72,2)
(67,2)
(71,8)
(28,0)
(23,7)
(32,16)
(46,4)
(65,0)
(54,0)
(35,14)
(60,13)
(20,19)
(55,15)
(69,11)
(70,0)
(48,17)
(65,0)
(17,2)
(60,8)
(71,14)
(35,12)
(44,1)
(3,13)
(64,0)
(51,8)
(9,5)
(55,9)
(35,2)
(43,5)
(46,3)
(3,4)
(33,2)
(11,0)
(1,4)
(34,2)
(16,9)
(55,10)
(53,6)
(39,3)
(70,0)
(12,10)
(8,16)
(32,0)
(15,3)
(9,7)
(23,8)
(14,8)
(65,15)
(8,6)
(43,7)
(23,10)
(52,0)
(25,13)
(11,6)
(67,19)
(31,10)
(24,17)
(62,12)
(15,6)
(29,18)
(7,15)
(3,0)
(53,4)
(12,14)
(30,1)
(31,15)
(25,15)
(2,1)
(41,2)
(72,5)
(45,12)
(60,4)
(47,13)
(57,18)
(50,12)
(65,1)
(42,13)
(17,3)
(46,14)
(36,17)
(5,5)
(68,0)
(36,17)
(39,0)
(6,0)
(41,0)
(1,6)
(21,5)
(9,8)
(29,10)
(60,12)
(19,5)
(24,2)
(49,12)
(60,7)
(23,3)
(59,15)
(25,8)
(36,3)
(11,18)
(13,4)
(17,0)
(59,13)
(65,12)
(33,13)
(3,4)
(70,11)
(61,17)
(58,3)
(38,0)
(14,18)
(34,19)
(37,1)
(4,19)
(9,7)
(14,0)
(2,0)
(65,2)
(43,17)
(31,5)
(50,5)
(72,7)
(55,18)
(26,1)
(50,12)
(31,18)
(1,1)
(41,18)
(37,6)
(29,4)
(72,10)
(64,12)
(33,12)
(68,6)
(16,9)
(67,16)
(61,1)
(61,7)
(59,14)
(54,6)
(65,7)
(48,6)
(20,2)
(20,3)
(30,4)
(39,8)
(54,5)
(61,17)
(24,8)
(26,4)
(45,1)
(23,1)
(12,1)
(22,1)
(36,1)
(17,12)
(40,0)
(17,7)
(31,3)
(66,0)
(35,7)
(30,5)
(8,13)
(51,0)
(40,13)
(11,1)
(49,1)
(9,4)
(44,5)
(6,12)
(16,3)
(50,18)
(72,13)
(25,12)
(52,4)
(31,1)
(58,3)
(14,8)
(64,8)
(3,7)
(68,5)
(42,6)
(57,0)
(70,16)
(41,10)
(47,2)
(28,4)
(39,7)
(62,3)
(26,7)
(20,8)
(47,7)
(10,19)
(37,14)
(45,9)
(56,14)
(40,3)
(36,1)
(46,18)
(66,15)
(51,8)
(70,8)
(70,14)
(67,0)
(54,17)
(50,13)
(14,8)
(58,7)
(16,19)
(24,11)
(8,0)
(67,12)
(60,1)
(59,14)
(70,3)
(42,9)
(52,16)
(11,12)
(18,19)
(16,1)
(4,17)
(22,3)
(46,1)
(38,1)
(23,4)
(40,2)
(21,0)
(41,0)
(35,4)
(53,9)
(71,7)
(43,3)
(11,6)
(65,1)
(0,16)
(2,0)
(53,14)
(40,0)
(36,16)
(53,5)
(26,8)
(29,1)
(29,3)
(8,0)
(34,15)
(36,5)
(36,5)
(32,2)
(5,1)
(70,2)
(25,2)
(51,0)
(67,11)
(41,1)
(4,9)
(3,3)
0.popular= 0.090667
1.popular= 0.074667
2.popular= 0.068444
3.popular= 0.065333
4.popular= 0.044889
5.popular= 0.062667
6.popular= 0.054222
7.popular= 0.047556
8.popular= 0.050222
9.popular= 0.042667
10.popular= 0.049778
11.popular= 0.043556
12.popular= 0.046222
13.popular= 0.038222
14.popular= 0.036889
15.popular= 0.034667
16.popular= 0.038667
17.popular= 0.044444
18.popular= 0.032000
19.popular= 0.034222

peer 0 neighbors is: 30, 61, 20, 32, 3, 25, 29, 49, 2, 26, 7, 14, 21, 
peer 1 neighbors is: 65, 54, 51, 58, 60, 56, 55, 7, 20, 6, 16, 18, 
peer 2 neighbors is: 0, 49, 57, 6, 59, 69, 45, 26, 22, 66, 5, 9, 17, 
peer 3 neighbors is: 0, 25, 21, 7, 56, 14, 69, 44, 39, 4, 11, 12, 16, 20, 
peer 4 neighbors is: 3, 24, 18, 10, 71, 17, 39, 41, 36, 15, 12, 21, 
peer 5 neighbors is: 34, 62, 2, 10, 52, 37, 59, 47, 65, 42, 18, 22, 
peer 6 neighbors is: 1, 2, 34, 59, 16, 36, 8, 48, 32, 53, 9, 
peer 7 neighbors is: 1, 3, 31, 42, 26, 48, 0, 20, 58, 55, 9, 12, 19, 
peer 8 neighbors is: 6, 26, 61, 18, 11, 48, 28, 31, 41, 14, 13, 16, 54, 
peer 9 neighbors is: 58, 2, 24, 64, 30, 59, 22, 25, 6, 7, 11, 
peer 10 neighbors is: 4, 5, 33, 21, 42, 16, 26, 55, 19, 56, 13, 22, 
peer 11 neighbors is: 8, 26, 18, 72, 50, 16, 3, 53, 9, 39, 17, 
peer 12 neighbors is: 21, 4, 71, 22, 7, 3, 53, 57, 27, 55, 15, 68, 
peer 13 neighbors is: 41, 33, 36, 8, 10, 72, 60, 51, 49, 39, 14, 17, 67, 70, 
peer 14 neighbors is: 3, 8, 63, 49, 0, 71, 56, 22, 31, 13, 
peer 15 neighbors is: 4, 41, 60, 12, 46, 23, 64, 55, 48, 68, 19, 
peer 16 neighbors is: 6, 10, 11, 39, 58, 20, 61, 1, 8, 3, 
peer 17 neighbors is: 4, 31, 63, 2, 62, 13, 38, 42, 11, 72, 18, 21, 35, 
peer 18 neighbors is: 4, 8, 11, 17, 1, 59, 5, 63, 61, 30, 43, 
peer 19 neighbors is: 10, 63, 37, 40, 7, 44, 50, 26, 52, 15, 21, 
peer 20 neighbors is: 0, 1, 7, 16, 37, 34, 22, 46, 3, 66, 
peer 21 neighbors is: 3, 10, 12, 17, 64, 4, 0, 19, 34, 25, 
peer 22 neighbors is: 2, 9, 12, 14, 20, 24, 10, 5, 62, 58, 
peer 23 neighbors is: 15, 53, 38, 
peer 24 neighbors is: 4, 9, 22, 
peer 25 neighbors is: 0, 3, 9, 21, 
peer 26 neighbors is: 0, 2, 7, 8, 10, 11, 19, 
peer 27 neighbors is: 12, 28, 
peer 28 neighbors is: 8, 27, 
peer 29 neighbors is: 0, 64, 
peer 30 neighbors is: 0, 9, 18, 67, 
peer 31 neighbors is: 7, 8, 14, 17, 
peer 32 neighbors is: 0, 6, 
peer 33 neighbors is: 10, 13, 45, 
peer 34 neighbors is: 5, 6, 20, 21, 
peer 35 neighbors is: 17, 66, 
peer 36 neighbors is: 4, 6, 13, 
peer 37 neighbors is: 5, 19, 20, 
peer 38 neighbors is: 17, 23, 
peer 39 neighbors is: 3, 4, 11, 13, 16, 
peer 40 neighbors is: 19, 50, 
peer 41 neighbors is: 4, 8, 13, 15, 
peer 42 neighbors is: 5, 7, 10, 17, 
peer 43 neighbors is: 52, 18, 
peer 44 neighbors is: 3, 19, 
peer 45 neighbors is: 2, 33, 
peer 46 neighbors is: 15, 20, 
peer 47 neighbors is: 5, 48, 
peer 48 neighbors is: 6, 7, 8, 15, 47, 
peer 49 neighbors is: 0, 2, 13, 14, 
peer 50 neighbors is: 11, 19, 40, 
peer 51 neighbors is: 1, 13, 
peer 52 neighbors is: 5, 19, 43, 
peer 53 neighbors is: 6, 11, 12, 23, 
peer 54 neighbors is: 1, 8, 
peer 55 neighbors is: 1, 7, 10, 12, 15, 
peer 56 neighbors is: 1, 3, 10, 14, 
peer 57 neighbors is: 2, 12, 
peer 58 neighbors is: 1, 7, 9, 16, 22, 
peer 59 neighbors is: 2, 5, 6, 9, 18, 
peer 60 neighbors is: 1, 13, 15, 
peer 61 neighbors is: 0, 8, 16, 18, 
peer 62 neighbors is: 5, 17, 22, 
peer 63 neighbors is: 14, 17, 18, 19, 
peer 64 neighbors is: 9, 15, 21, 29, 
peer 65 neighbors is: 1, 5, 
peer 66 neighbors is: 2, 20, 35, 
peer 67 neighbors is: 30, 13, 
peer 68 neighbors is: 15, 12, 70, 
peer 69 neighbors is: 2, 3, 
peer 70 neighbors is: 68, 13, 
peer 71 neighbors is: 4, 12, 14, 
peer 72 neighbors is: 11, 13, 17, 

