73 Users
20 Files
1500 Transactions
7 Maximum Connections
1 Cycle Length per Upload-Download
750 Warm-up Transactions
0.400000 Zipf constant
3 Pre-Trusted Users
53 Well-Behaved (Good) Users
0 Purely Malicious Users
0 Feedback Skewing Users
0 Malignant Providing Users
20 Disguised Malicous Users
0 Sybil Attack Users
true Intelligent Trans. Generation
1474142716952 Trace Generation Seed
0.1 F_PERC

(1.000000,0.000000,4,false)
(1.000000,0.000000,4,false)
(1.000000,0.000000,4,false)
(1.000000,0.000000,4,false)
(1.000000,0.000000,4,false)
(1.000000,0.000000,4,false)
(1.000000,0.000000,4,false)
(1.000000,0.000000,4,false)
(1.000000,0.000000,4,false)
(1.000000,0.000000,4,false)
(1.000000,0.000000,4,false)
(1.000000,0.000000,4,false)
(1.000000,0.000000,4,false)
(1.000000,0.000000,4,false)
(1.000000,0.000000,4,false)
(1.000000,0.000000,4,false)
(1.000000,0.000000,4,false)
(1.000000,0.000000,4,false)
(1.000000,0.000000,4,false)
(1.000000,0.000000,4,false)
(1.000000,1.000000,0,true)
(1.000000,1.000000,0,true)
(1.000000,1.000000,0,true)
(1.000000,1.000000,0,false)
(1.000000,1.000000,0,false)
(1.000000,1.000000,0,false)
(1.000000,1.000000,0,false)
(1.000000,1.000000,0,false)
(1.000000,1.000000,0,false)
(1.000000,1.000000,0,false)
(1.000000,1.000000,0,false)
(1.000000,1.000000,0,false)
(1.000000,1.000000,0,false)
(1.000000,1.000000,0,false)
(1.000000,1.000000,0,false)
(1.000000,1.000000,0,false)
(1.000000,1.000000,0,false)
(1.000000,1.000000,0,false)
(1.000000,1.000000,0,false)
(1.000000,1.000000,0,false)
(1.000000,1.000000,0,false)
(1.000000,1.000000,0,false)
(1.000000,1.000000,0,false)
(1.000000,1.000000,0,false)
(1.000000,1.000000,0,false)
(1.000000,1.000000,0,false)
(1.000000,1.000000,0,false)
(1.000000,1.000000,0,false)
(1.000000,1.000000,0,false)
(1.000000,1.000000,0,false)
(1.000000,1.000000,0,false)
(1.000000,1.000000,0,false)
(1.000000,1.000000,0,false)
(1.000000,1.000000,0,false)
(1.000000,1.000000,0,false)
(1.000000,1.000000,0,false)
(1.000000,1.000000,0,false)
(1.000000,1.000000,0,false)
(1.000000,1.000000,0,false)
(1.000000,1.000000,0,false)
(1.000000,1.000000,0,false)
(1.000000,1.000000,0,false)
(1.000000,1.000000,0,false)
(1.000000,1.000000,0,false)
(1.000000,1.000000,0,false)
(1.000000,1.000000,0,false)
(1.000000,1.000000,0,false)
(1.000000,1.000000,0,false)
(1.000000,1.000000,0,false)
(1.000000,1.000000,0,false)
(1.000000,1.000000,0,false)
(1.000000,1.000000,0,false)
(1.000000,1.000000,0,false)

(0,0,true)
(1,0,true)
(2,0,true)
(3,0,true)
(4,0,true)
(5,0,true)
(6,0,true)
(7,0,true)
(8,0,true)
(9,0,true)
(10,0,true)
(11,0,true)
(12,0,true)
(13,0,true)
(14,0,true)
(15,0,true)
(16,0,true)
(17,0,true)
(18,0,true)
(19,0,true)
(20,0,true)
(63,0,true)
(24,0,true)
(25,0,true)
(26,0,true)
(27,0,true)
(28,0,true)
(32,0,true)
(33,0,true)
(36,0,true)
(37,0,true)
(41,0,true)
(42,0,true)
(43,0,true)
(44,0,true)
(45,0,true)
(47,0,true)
(48,0,true)
(49,0,true)
(51,0,true)
(52,0,true)
(53,0,true)
(54,0,true)
(56,0,true)
(57,0,true)
(58,0,true)
(59,0,true)
(60,0,true)
(61,0,true)
(62,0,true)
(65,0,true)
(66,0,true)
(67,0,true)
(69,0,true)
(70,0,true)
(71,0,true)
(72,0,true)
(0,1,true)
(1,1,true)
(2,1,true)
(3,1,true)
(4,1,true)
(5,1,true)
(6,1,true)
(7,1,true)
(8,1,true)
(9,1,true)
(10,1,true)
(11,1,true)
(12,1,true)
(13,1,true)
(14,1,true)
(15,1,true)
(16,1,true)
(17,1,true)
(18,1,true)
(19,1,true)
(21,1,true)
(66,1,true)
(29,1,true)
(31,1,true)
(40,1,true)
(41,1,true)
(44,1,true)
(46,1,true)
(47,1,true)
(48,1,true)
(51,1,true)
(52,1,true)
(53,1,true)
(55,1,true)
(56,1,true)
(59,1,true)
(61,1,true)
(62,1,true)
(67,1,true)
(68,1,true)
(70,1,true)
(72,1,true)
(0,2,true)
(1,2,true)
(2,2,true)
(3,2,true)
(4,2,true)
(5,2,true)
(6,2,true)
(7,2,true)
(8,2,true)
(9,2,true)
(10,2,true)
(11,2,true)
(12,2,true)
(13,2,true)
(14,2,true)
(15,2,true)
(16,2,true)
(17,2,true)
(18,2,true)
(19,2,true)
(22,2,true)
(45,2,true)
(20,2,true)
(42,2,true)
(46,2,true)
(55,2,true)
(64,2,true)
(68,2,true)
(71,2,true)
(0,3,true)
(1,3,true)
(2,3,true)
(3,3,true)
(4,3,true)
(5,3,true)
(6,3,true)
(7,3,true)
(8,3,true)
(9,3,true)
(10,3,true)
(11,3,true)
(12,3,true)
(13,3,true)
(14,3,true)
(15,3,true)
(16,3,true)
(17,3,true)
(18,3,true)
(19,3,true)
(23,3,true)
(34,3,true)
(50,3,true)
(54,3,true)
(0,4,true)
(1,4,true)
(2,4,true)
(3,4,true)
(4,4,true)
(5,4,true)
(6,4,true)
(7,4,true)
(8,4,true)
(9,4,true)
(10,4,true)
(11,4,true)
(12,4,true)
(13,4,true)
(14,4,true)
(15,4,true)
(16,4,true)
(17,4,true)
(18,4,true)
(19,4,true)
(24,4,true)
(65,4,true)
(63,4,true)
(0,5,true)
(1,5,true)
(2,5,true)
(3,5,true)
(4,5,true)
(5,5,true)
(6,5,true)
(7,5,true)
(8,5,true)
(9,5,true)
(10,5,true)
(11,5,true)
(12,5,true)
(13,5,true)
(14,5,true)
(15,5,true)
(16,5,true)
(17,5,true)
(18,5,true)
(19,5,true)
(25,5,true)
(22,5,true)
(49,5,true)
(50,5,true)
(60,5,true)
(0,6,true)
(1,6,true)
(2,6,true)
(3,6,true)
(4,6,true)
(5,6,true)
(6,6,true)
(7,6,true)
(8,6,true)
(9,6,true)
(10,6,true)
(11,6,true)
(12,6,true)
(13,6,true)
(14,6,true)
(15,6,true)
(16,6,true)
(17,6,true)
(18,6,true)
(19,6,true)
(26,6,true)
(23,6,true)
(0,7,true)
(1,7,true)
(2,7,true)
(3,7,true)
(4,7,true)
(5,7,true)
(6,7,true)
(7,7,true)
(8,7,true)
(9,7,true)
(10,7,true)
(11,7,true)
(12,7,true)
(13,7,true)
(14,7,true)
(15,7,true)
(16,7,true)
(17,7,true)
(18,7,true)
(19,7,true)
(27,7,true)
(39,7,true)
(0,8,true)
(1,8,true)
(2,8,true)
(3,8,true)
(4,8,true)
(5,8,true)
(6,8,true)
(7,8,true)
(8,8,true)
(9,8,true)
(10,8,true)
(11,8,true)
(12,8,true)
(13,8,true)
(14,8,true)
(15,8,true)
(16,8,true)
(17,8,true)
(18,8,true)
(19,8,true)
(28,8,true)
(30,8,true)
(0,9,true)
(1,9,true)
(2,9,true)
(3,9,true)
(4,9,true)
(5,9,true)
(6,9,true)
(7,9,true)
(8,9,true)
(9,9,true)
(10,9,true)
(11,9,true)
(12,9,true)
(13,9,true)
(14,9,true)
(15,9,true)
(16,9,true)
(17,9,true)
(18,9,true)
(19,9,true)
(29,9,true)
(43,9,true)
(0,10,true)
(1,10,true)
(2,10,true)
(3,10,true)
(4,10,true)
(5,10,true)
(6,10,true)
(7,10,true)
(8,10,true)
(9,10,true)
(10,10,true)
(11,10,true)
(12,10,true)
(13,10,true)
(14,10,true)
(15,10,true)
(16,10,true)
(17,10,true)
(18,10,true)
(19,10,true)
(30,10,true)
(35,10,true)
(31,11,true)
(40,11,true)
(32,12,true)
(58,12,true)
(33,13,true)
(23,13,true)
(34,14,true)
(30,14,true)
(35,15,true)
(69,15,true)
(36,16,true)
(64,16,true)
(37,17,true)
(57,17,true)
(38,18,true)
(21,18,true)
(39,19,true)
(38,19,true)

0,-1,-1,-1,-1,-1,-1,-1,-1,-1,-1,1,-1,-1,1,-1,-1,-1,1,-1,-1,-1,-1,-1,-1,-1,-1,-1,-1,-1,-1,-1,-1,1,-1,-1,-1,-1,1,-1,-1,-1,-1,-1,-1,1,1,-1,-1,-1,-1,-1,-1,-1,-1,1,-1,-1,-1,-1,-1,1,-1,-1,-1,1,-1,-1,-1,-1,-1,-1,1,
-1,0,-1,-1,-1,-1,-1,-1,-1,-1,-1,-1,-1,-1,-1,1,-1,-1,1,1,-1,1,-1,1,-1,-1,1,-1,-1,-1,-1,-1,-1,-1,-1,-1,1,-1,-1,-1,-1,-1,1,-1,-1,-1,-1,-1,-1,-1,1,-1,-1,-1,-1,-1,-1,-1,-1,1,-1,-1,-1,-1,-1,-1,-1,-1,1,-1,-1,-1,-1,
-1,-1,0,-1,1,-1,-1,-1,1,1,-1,-1,-1,1,-1,-1,-1,1,-1,-1,-1,1,-1,-1,-1,-1,-1,-1,-1,-1,-1,1,-1,-1,-1,-1,-1,-1,-1,-1,1,-1,-1,1,-1,-1,-1,-1,-1,-1,-1,-1,-1,-1,-1,-1,1,-1,1,1,-1,-1,-1,-1,-1,-1,-1,-1,-1,-1,-1,-1,-1,
-1,-1,-1,0,1,-1,-1,-1,1,-1,1,-1,-1,1,-1,-1,-1,-1,-1,-1,-1,1,-1,-1,-1,1,-1,-1,-1,-1,-1,-1,1,-1,-1,-1,-1,-1,1,-1,-1,-1,-1,1,-1,-1,-1,-1,-1,-1,-1,-1,1,-1,-1,-1,-1,-1,-1,-1,-1,-1,-1,-1,-1,-1,-1,1,-1,-1,-1,-1,-1,
-1,-1,1,1,0,-1,-1,-1,-1,1,-1,-1,-1,-1,-1,-1,-1,-1,-1,-1,1,-1,-1,1,-1,-1,-1,1,-1,-1,-1,-1,-1,-1,1,-1,-1,-1,-1,-1,-1,-1,-1,-1,1,-1,-1,-1,-1,-1,-1,-1,-1,-1,-1,-1,-1,-1,-1,-1,-1,-1,-1,-1,-1,-1,-1,-1,-1,1,-1,-1,1,
-1,-1,-1,-1,-1,0,-1,-1,-1,-1,-1,-1,-1,1,-1,1,-1,1,-1,1,-1,-1,-1,1,-1,-1,-1,-1,-1,-1,-1,-1,-1,1,1,-1,-1,-1,-1,-1,-1,-1,-1,-1,1,-1,-1,-1,-1,-1,-1,-1,-1,-1,-1,1,-1,-1,-1,1,-1,-1,-1,-1,-1,-1,-1,-1,-1,1,-1,1,-1,
-1,-1,-1,-1,-1,-1,0,-1,-1,-1,-1,1,-1,-1,-1,-1,-1,-1,-1,-1,-1,1,-1,-1,-1,-1,-1,-1,-1,-1,-1,-1,-1,1,-1,-1,-1,-1,-1,-1,-1,-1,-1,-1,1,-1,-1,-1,-1,-1,-1,-1,-1,-1,-1,1,1,-1,-1,-1,-1,-1,1,-1,-1,-1,-1,-1,-1,1,1,1,-1,
-1,-1,-1,-1,-1,-1,-1,0,-1,1,1,-1,-1,-1,-1,1,-1,-1,-1,-1,-1,-1,-1,-1,-1,-1,-1,-1,-1,-1,-1,-1,-1,-1,-1,-1,-1,-1,-1,-1,-1,1,-1,1,-1,-1,-1,1,-1,-1,-1,-1,1,1,-1,-1,-1,-1,-1,-1,-1,-1,-1,-1,-1,1,-1,1,-1,1,-1,1,-1,
-1,-1,1,1,-1,-1,-1,-1,0,-1,1,-1,-1,-1,-1,-1,-1,-1,-1,1,1,-1,-1,-1,1,-1,-1,-1,-1,-1,1,1,-1,-1,-1,-1,-1,-1,-1,-1,-1,-1,1,-1,-1,-1,-1,-1,-1,-1,-1,1,-1,-1,-1,-1,-1,-1,-1,-1,-1,-1,-1,-1,-1,-1,-1,-1,-1,-1,-1,-1,1,
-1,-1,1,-1,1,-1,-1,1,-1,0,-1,-1,-1,-1,-1,1,-1,-1,1,-1,-1,-1,1,-1,-1,-1,-1,-1,-1,-1,-1,1,-1,-1,-1,-1,1,1,-1,-1,-1,-1,-1,-1,-1,-1,-1,-1,-1,-1,-1,-1,1,-1,-1,-1,-1,-1,-1,-1,-1,-1,-1,-1,-1,-1,-1,-1,-1,-1,-1,1,-1,
-1,-1,-1,1,-1,-1,-1,1,1,-1,0,1,-1,1,-1,-1,-1,-1,-1,1,-1,-1,1,-1,-1,-1,-1,-1,-1,1,-1,-1,1,-1,-1,-1,-1,-1,-1,-1,1,-1,-1,-1,-1,-1,1,-1,-1,-1,-1,-1,-1,-1,-1,-1,-1,-1,-1,-1,-1,1,-1,-1,-1,-1,-1,-1,-1,1,-1,-1,-1,
1,-1,-1,-1,-1,-1,1,-1,-1,-1,1,0,1,1,-1,-1,-1,1,1,-1,-1,1,-1,1,-1,-1,-1,-1,-1,-1,-1,-1,-1,-1,-1,-1,1,-1,-1,-1,-1,-1,-1,-1,-1,-1,-1,-1,-1,-1,-1,-1,-1,-1,-1,-1,-1,-1,-1,-1,-1,1,-1,-1,1,-1,-1,-1,-1,-1,-1,-1,-1,
-1,-1,-1,-1,-1,-1,-1,-1,-1,-1,-1,1,0,-1,-1,-1,1,-1,1,-1,-1,-1,-1,-1,-1,-1,1,-1,1,-1,-1,-1,1,-1,-1,-1,1,-1,-1,1,-1,-1,-1,-1,-1,-1,-1,-1,-1,-1,-1,-1,-1,-1,-1,-1,-1,-1,-1,1,-1,-1,-1,1,-1,-1,-1,-1,1,-1,-1,-1,-1,
-1,-1,1,1,-1,1,-1,-1,-1,-1,1,1,-1,0,-1,-1,-1,1,-1,-1,-1,-1,-1,-1,-1,-1,-1,-1,-1,-1,-1,-1,1,-1,-1,-1,-1,-1,-1,-1,-1,-1,1,-1,1,-1,-1,-1,-1,-1,-1,-1,-1,-1,-1,-1,-1,-1,-1,1,-1,-1,-1,-1,-1,-1,-1,-1,-1,-1,-1,-1,1,
1,-1,-1,-1,-1,-1,-1,-1,-1,-1,-1,-1,-1,-1,0,-1,-1,-1,-1,-1,-1,-1,-1,-1,1,-1,-1,-1,-1,-1,-1,-1,-1,-1,-1,-1,-1,1,-1,-1,-1,-1,-1,1,-1,-1,-1,-1,-1,1,1,-1,-1,-1,-1,-1,-1,-1,1,1,-1,-1,-1,1,1,-1,-1,-1,-1,-1,-1,-1,-1,
-1,1,-1,-1,-1,1,-1,1,-1,1,-1,-1,-1,-1,-1,0,1,-1,-1,-1,-1,1,-1,-1,-1,-1,1,-1,-1,-1,-1,-1,-1,-1,-1,-1,-1,1,-1,-1,-1,-1,-1,-1,-1,-1,-1,-1,-1,-1,-1,-1,-1,1,-1,-1,-1,-1,-1,-1,-1,-1,-1,-1,-1,-1,-1,-1,-1,-1,-1,1,-1,
-1,-1,-1,-1,-1,-1,-1,-1,-1,-1,-1,-1,1,-1,-1,1,0,-1,1,-1,-1,1,-1,-1,-1,-1,-1,-1,-1,1,-1,-1,-1,-1,-1,-1,-1,1,-1,1,-1,-1,-1,-1,1,-1,-1,-1,-1,-1,-1,-1,1,-1,-1,-1,-1,1,-1,-1,-1,-1,-1,-1,-1,-1,-1,-1,-1,-1,-1,-1,-1,
-1,-1,1,-1,-1,1,-1,-1,-1,-1,-1,1,-1,1,-1,-1,-1,0,-1,-1,-1,-1,-1,-1,-1,-1,-1,-1,1,-1,-1,-1,1,-1,-1,-1,-1,-1,-1,-1,-1,-1,-1,-1,-1,-1,-1,-1,-1,-1,-1,-1,-1,-1,-1,1,-1,-1,-1,-1,-1,-1,-1,-1,1,-1,1,-1,-1,1,-1,-1,-1,
1,1,-1,-1,-1,-1,-1,-1,-1,1,-1,1,1,-1,-1,-1,1,-1,0,-1,-1,-1,-1,-1,-1,-1,-1,-1,-1,-1,-1,-1,-1,-1,-1,-1,-1,1,-1,-1,-1,-1,-1,-1,-1,-1,-1,1,-1,-1,-1,-1,-1,-1,1,-1,-1,-1,-1,-1,-1,-1,-1,-1,-1,1,-1,-1,-1,-1,-1,-1,-1,
-1,1,-1,-1,-1,1,-1,-1,1,-1,1,-1,-1,-1,-1,-1,-1,-1,-1,0,1,-1,-1,-1,-1,-1,-1,-1,-1,-1,-1,-1,-1,-1,-1,-1,-1,-1,-1,-1,-1,-1,-1,-1,-1,-1,-1,-1,-1,1,1,1,-1,-1,-1,-1,1,-1,-1,-1,1,-1,-1,-1,-1,-1,-1,-1,-1,-1,-1,-1,-1,
-1,-1,-1,-1,1,-1,-1,-1,1,-1,-1,-1,-1,-1,-1,-1,-1,-1,-1,1,0,-1,-1,-1,-1,-1,-1,-1,-1,-1,-1,-1,-1,-1,-1,-1,-1,1,-1,-1,-1,-1,-1,1,-1,1,-1,-1,1,-1,-1,-1,-1,-1,-1,1,-1,-1,-1,-1,-1,-1,-1,-1,1,-1,-1,-1,-1,-1,1,-1,-1,
-1,1,1,1,-1,-1,1,-1,-1,-1,-1,1,-1,-1,-1,1,1,-1,-1,-1,-1,0,-1,-1,-1,-1,-1,-1,-1,-1,-1,-1,-1,-1,-1,-1,-1,-1,-1,-1,-1,-1,1,-1,-1,-1,-1,-1,-1,-1,-1,-1,1,1,-1,-1,-1,-1,-1,-1,-1,-1,-1,-1,-1,-1,-1,-1,-1,-1,-1,-1,-1,
-1,-1,-1,-1,-1,-1,-1,-1,-1,1,1,-1,-1,-1,-1,-1,-1,-1,-1,-1,-1,-1,0,-1,-1,-1,-1,-1,-1,-1,1,-1,1,1,-1,-1,-1,1,-1,-1,-1,-1,-1,-1,-1,1,-1,-1,-1,-1,-1,-1,-1,-1,-1,-1,1,-1,-1,-1,-1,-1,-1,-1,-1,1,-1,-1,-1,1,-1,-1,-1,
-1,1,-1,-1,1,1,-1,-1,-1,-1,-1,1,-1,-1,-1,-1,-1,-1,-1,-1,-1,-1,-1,0,-1,-1,-1,-1,-1,-1,-1,-1,-1,-1,-1,-1,-1,-1,-1,-1,-1,-1,-1,-1,-1,-1,-1,-1,-1,-1,-1,-1,-1,-1,-1,-1,-1,-1,-1,-1,-1,-1,-1,-1,-1,-1,-1,-1,-1,-1,-1,-1,-1,
-1,-1,-1,-1,-1,-1,-1,-1,1,-1,-1,-1,-1,-1,1,-1,-1,-1,-1,-1,-1,-1,-1,-1,0,-1,-1,-1,-1,-1,-1,-1,-1,-1,-1,-1,-1,-1,-1,-1,-1,-1,-1,-1,-1,-1,-1,-1,-1,-1,-1,-1,-1,-1,-1,-1,-1,-1,-1,-1,-1,-1,-1,-1,-1,-1,-1,-1,-1,-1,-1,-1,-1,
-1,-1,-1,1,-1,-1,-1,-1,-1,-1,-1,-1,-1,-1,-1,-1,-1,-1,-1,-1,-1,-1,-1,-1,-1,0,-1,-1,-1,-1,-1,-1,-1,-1,-1,-1,-1,-1,-1,-1,-1,-1,-1,-1,-1,-1,-1,-1,1,-1,-1,-1,-1,-1,-1,-1,-1,-1,-1,1,-1,-1,-1,-1,-1,-1,-1,-1,-1,-1,-1,-1,-1,
-1,1,-1,-1,-1,-1,-1,-1,-1,-1,-1,-1,1,-1,-1,1,-1,-1,-1,-1,-1,-1,-1,-1,-1,-1,0,-1,-1,-1,-1,-1,-1,-1,-1,-1,-1,-1,-1,-1,-1,-1,-1,-1,-1,-1,-1,-1,-1,-1,-1,-1,-1,-1,-1,-1,-1,-1,-1,-1,-1,-1,-1,-1,-1,-1,-1,-1,-1,-1,-1,-1,-1,
-1,-1,-1,-1,1,-1,-1,-1,-1,-1,-1,-1,-1,-1,-1,-1,-1,-1,-1,-1,-1,-1,-1,-1,-1,-1,-1,0,-1,-1,-1,-1,-1,-1,-1,1,-1,-1,-1,-1,-1,-1,-1,-1,-1,-1,-1,-1,-1,-1,-1,-1,-1,-1,-1,-1,-1,-1,-1,-1,-1,-1,-1,-1,-1,-1,-1,-1,-1,-1,-1,-1,-1,
-1,-1,-1,-1,-1,-1,-1,-1,-1,-1,-1,-1,1,-1,-1,-1,-1,1,-1,-1,-1,-1,-1,-1,-1,-1,-1,-1,0,-1,-1,-1,-1,-1,-1,-1,-1,-1,-1,-1,-1,-1,-1,-1,-1,-1,-1,-1,-1,-1,-1,-1,-1,-1,-1,-1,-1,-1,-1,-1,-1,-1,-1,-1,-1,-1,-1,-1,-1,-1,-1,-1,-1,
-1,-1,-1,-1,-1,-1,-1,-1,-1,-1,1,-1,-1,-1,-1,-1,1,-1,-1,-1,-1,-1,-1,-1,-1,-1,-1,-1,-1,0,-1,-1,-1,-1,-1,-1,-1,-1,-1,-1,-1,-1,-1,-1,-1,-1,-1,-1,-1,-1,-1,-1,-1,-1,-1,-1,-1,-1,-1,-1,-1,-1,-1,-1,-1,-1,-1,-1,-1,-1,-1,-1,-1,
-1,-1,-1,-1,-1,-1,-1,-1,1,-1,-1,-1,-1,-1,-1,-1,-1,-1,-1,-1,-1,-1,1,-1,-1,-1,-1,-1,-1,-1,0,-1,-1,-1,-1,-1,-1,-1,-1,-1,-1,-1,-1,-1,-1,-1,-1,-1,-1,-1,-1,-1,-1,-1,-1,-1,-1,-1,-1,-1,-1,-1,-1,-1,-1,-1,-1,-1,-1,-1,-1,-1,-1,
-1,-1,1,-1,-1,-1,-1,-1,1,1,-1,-1,-1,-1,-1,-1,-1,-1,-1,-1,-1,-1,-1,-1,-1,-1,-1,-1,-1,-1,-1,0,-1,-1,-1,-1,-1,-1,-1,-1,-1,-1,-1,-1,-1,-1,-1,-1,-1,-1,-1,-1,-1,-1,-1,-1,-1,-1,-1,-1,-1,-1,-1,-1,-1,-1,-1,-1,-1,-1,-1,-1,-1,
-1,-1,-1,1,-1,-1,-1,-1,-1,-1,1,-1,1,1,-1,-1,-1,1,-1,-1,-1,-1,1,-1,-1,-1,-1,-1,-1,-1,-1,-1,0,-1,-1,-1,-1,-1,-1,-1,-1,-1,-1,-1,-1,-1,-1,-1,-1,-1,-1,-1,-1,-1,-1,-1,-1,-1,-1,-1,-1,-1,-1,-1,-1,-1,-1,-1,-1,-1,-1,-1,-1,
1,-1,-1,-1,-1,1,1,-1,-1,-1,-1,-1,-1,-1,-1,-1,-1,-1,-1,-1,-1,-1,1,-1,-1,-1,-1,-1,-1,-1,-1,-1,-1,0,-1,-1,-1,-1,-1,-1,-1,-1,-1,-1,-1,-1,-1,-1,-1,-1,-1,-1,-1,-1,-1,-1,-1,-1,-1,-1,-1,-1,-1,-1,-1,-1,-1,-1,-1,-1,-1,-1,-1,
-1,-1,-1,-1,1,1,-1,-1,-1,-1,-1,-1,-1,-1,-1,-1,-1,-1,-1,-1,-1,-1,-1,-1,-1,-1,-1,-1,-1,-1,-1,-1,-1,-1,0,-1,-1,-1,-1,-1,-1,-1,-1,-1,-1,-1,-1,-1,-1,-1,-1,-1,-1,-1,-1,-1,-1,-1,-1,-1,-1,-1,-1,-1,-1,-1,-1,-1,-1,-1,-1,-1,-1,
-1,-1,-1,-1,-1,-1,-1,-1,-1,-1,-1,-1,-1,-1,-1,-1,-1,-1,-1,-1,-1,-1,-1,-1,-1,-1,-1,1,-1,-1,-1,-1,-1,-1,-1,0,-1,-1,-1,-1,-1,-1,-1,-1,-1,-1,-1,-1,-1,-1,-1,-1,-1,-1,1,-1,-1,-1,-1,-1,-1,-1,-1,-1,-1,-1,-1,-1,-1,-1,-1,-1,-1,
-1,1,-1,-1,-1,-1,-1,-1,-1,1,-1,1,1,-1,-1,-1,-1,-1,-1,-1,-1,-1,-1,-1,-1,-1,-1,-1,-1,-1,-1,-1,-1,-1,-1,-1,0,-1,-1,-1,-1,-1,-1,-1,-1,-1,-1,-1,-1,-1,-1,-1,-1,-1,-1,-1,-1,-1,-1,-1,-1,-1,-1,-1,-1,-1,-1,-1,-1,-1,-1,-1,-1,
-1,-1,-1,-1,-1,-1,-1,-1,-1,1,-1,-1,-1,-1,1,1,1,-1,1,-1,1,-1,1,-1,-1,-1,-1,-1,-1,-1,-1,-1,-1,-1,-1,-1,-1,0,-1,-1,-1,-1,-1,-1,-1,-1,-1,-1,-1,-1,-1,-1,-1,-1,-1,-1,-1,-1,-1,-1,-1,-1,-1,-1,-1,-1,-1,-1,-1,-1,-1,-1,-1,
1,-1,-1,1,-1,-1,-1,-1,-1,-1,-1,-1,-1,-1,-1,-1,-1,-1,-1,-1,-1,-1,-1,-1,-1,-1,-1,-1,-1,-1,-1,-1,-1,-1,-1,-1,-1,-1,0,-1,-1,-1,-1,-1,-1,-1,-1,-1,-1,-1,-1,-1,-1,-1,-1,-1,-1,-1,-1,-1,-1,-1,-1,-1,-1,-1,-1,-1,-1,-1,-1,-1,-1,
-1,-1,-1,-1,-1,-1,-1,-1,-1,-1,-1,-1,1,-1,-1,-1,1,-1,-1,-1,-1,-1,-1,-1,-1,-1,-1,-1,-1,-1,-1,-1,-1,-1,-1,-1,-1,-1,-1,0,-1,-1,-1,-1,-1,-1,-1,-1,-1,-1,-1,-1,-1,-1,-1,-1,-1,-1,-1,-1,-1,-1,1,-1,-1,-1,-1,-1,-1,-1,-1,-1,-1,
-1,-1,1,-1,-1,-1,-1,-1,-1,-1,1,-1,-1,-1,-1,-1,-1,-1,-1,-1,-1,-1,-1,-1,-1,-1,-1,-1,-1,-1,-1,-1,-1,-1,-1,-1,-1,-1,-1,-1,0,-1,-1,-1,-1,-1,-1,-1,-1,-1,-1,-1,-1,-1,-1,-1,-1,-1,-1,-1,-1,-1,-1,-1,-1,-1,-1,-1,-1,-1,-1,-1,-1,
-1,-1,-1,-1,-1,-1,-1,1,-1,-1,-1,-1,-1,-1,-1,-1,-1,-1,-1,-1,-1,-1,-1,-1,-1,-1,-1,-1,-1,-1,-1,-1,-1,-1,-1,-1,-1,-1,-1,-1,-1,0,-1,-1,-1,-1,-1,-1,-1,-1,-1,-1,-1,-1,-1,-1,-1,-1,1,-1,-1,-1,-1,-1,-1,-1,-1,-1,-1,-1,-1,-1,-1,
-1,1,-1,-1,-1,-1,-1,-1,1,-1,-1,-1,-1,1,-1,-1,-1,-1,-1,-1,-1,1,-1,-1,-1,-1,-1,-1,-1,-1,-1,-1,-1,-1,-1,-1,-1,-1,-1,-1,-1,-1,0,-1,-1,-1,-1,-1,-1,-1,-1,-1,-1,-1,-1,-1,-1,-1,-1,-1,-1,-1,-1,-1,-1,-1,-1,-1,-1,-1,-1,-1,-1,
-1,-1,1,1,-1,-1,-1,1,-1,-1,-1,-1,-1,-1,1,-1,-1,-1,-1,-1,1,-1,-1,-1,-1,-1,-1,-1,-1,-1,-1,-1,-1,-1,-1,-1,-1,-1,-1,-1,-1,-1,-1,0,-1,-1,-1,-1,-1,-1,-1,-1,-1,-1,-1,-1,-1,-1,-1,-1,-1,-1,-1,-1,-1,-1,-1,-1,-1,-1,-1,-1,-1,
-1,-1,-1,-1,1,1,1,-1,-1,-1,-1,-1,-1,1,-1,-1,1,-1,-1,-1,-1,-1,-1,-1,-1,-1,-1,-1,-1,-1,-1,-1,-1,-1,-1,-1,-1,-1,-1,-1,-1,-1,-1,-1,0,-1,-1,-1,-1,-1,-1,-1,-1,-1,-1,-1,-1,-1,-1,-1,-1,-1,-1,-1,-1,-1,-1,-1,-1,-1,-1,-1,-1,
1,-1,-1,-1,-1,-1,-1,-1,-1,-1,-1,-1,-1,-1,-1,-1,-1,-1,-1,-1,1,-1,1,-1,-1,-1,-1,-1,-1,-1,-1,-1,-1,-1,-1,-1,-1,-1,-1,-1,-1,-1,-1,-1,-1,0,-1,-1,-1,-1,-1,-1,-1,-1,-1,-1,-1,-1,-1,-1,-1,-1,-1,-1,-1,-1,-1,-1,-1,-1,-1,-1,-1,
1,-1,-1,-1,-1,-1,-1,-1,-1,-1,1,-1,-1,-1,-1,-1,-1,-1,-1,-1,-1,-1,-1,-1,-1,-1,-1,-1,-1,-1,-1,-1,-1,-1,-1,-1,-1,-1,-1,-1,-1,-1,-1,-1,-1,-1,0,-1,-1,-1,-1,-1,-1,-1,-1,-1,-1,-1,-1,-1,-1,-1,-1,-1,-1,-1,-1,-1,-1,-1,-1,-1,-1,
-1,-1,-1,-1,-1,-1,-1,1,-1,-1,-1,-1,-1,-1,-1,-1,-1,-1,1,-1,-1,-1,-1,-1,-1,-1,-1,-1,-1,-1,-1,-1,-1,-1,-1,-1,-1,-1,-1,-1,-1,-1,-1,-1,-1,-1,-1,0,-1,-1,-1,-1,-1,-1,-1,-1,-1,-1,-1,-1,-1,-1,-1,-1,-1,-1,-1,-1,-1,-1,-1,-1,-1,
-1,-1,-1,-1,-1,-1,-1,-1,-1,-1,-1,-1,-1,-1,-1,-1,-1,-1,-1,-1,1,-1,-1,-1,-1,1,-1,-1,-1,-1,-1,-1,-1,-1,-1,-1,-1,-1,-1,-1,-1,-1,-1,-1,-1,-1,-1,-1,0,-1,-1,-1,-1,-1,-1,-1,-1,-1,-1,-1,-1,-1,-1,-1,-1,-1,-1,-1,-1,-1,-1,-1,-1,
-1,-1,-1,-1,-1,-1,-1,-1,-1,-1,-1,-1,-1,-1,1,-1,-1,-1,-1,1,-1,-1,-1,-1,-1,-1,-1,-1,-1,-1,-1,-1,-1,-1,-1,-1,-1,-1,-1,-1,-1,-1,-1,-1,-1,-1,-1,-1,-1,0,-1,-1,-1,-1,-1,-1,-1,-1,-1,-1,-1,-1,-1,-1,-1,-1,-1,-1,-1,-1,-1,-1,-1,
-1,1,-1,-1,-1,-1,-1,-1,-1,-1,-1,-1,-1,-1,1,-1,-1,-1,-1,1,-1,-1,-1,-1,-1,-1,-1,-1,-1,-1,-1,-1,-1,-1,-1,-1,-1,-1,-1,-1,-1,-1,-1,-1,-1,-1,-1,-1,-1,-1,0,-1,-1,-1,-1,-1,-1,-1,-1,-1,-1,-1,-1,-1,-1,-1,-1,-1,-1,-1,-1,-1,-1,
-1,-1,-1,-1,-1,-1,-1,-1,1,-1,-1,-1,-1,-1,-1,-1,-1,-1,-1,1,-1,-1,-1,-1,-1,-1,-1,-1,-1,-1,-1,-1,-1,-1,-1,-1,-1,-1,-1,-1,-1,-1,-1,-1,-1,-1,-1,-1,-1,-1,-1,0,-1,-1,-1,-1,-1,-1,-1,-1,1,-1,-1,-1,-1,-1,-1,-1,-1,-1,-1,-1,-1,
-1,-1,-1,1,-1,-1,-1,1,-1,1,-1,-1,-1,-1,-1,-1,1,-1,-1,-1,-1,1,-1,-1,-1,-1,-1,-1,-1,-1,-1,-1,-1,-1,-1,-1,-1,-1,-1,-1,-1,-1,-1,-1,-1,-1,-1,-1,-1,-1,-1,-1,0,-1,-1,-1,-1,-1,-1,-1,-1,-1,-1,-1,-1,-1,-1,-1,-1,-1,-1,-1,-1,
-1,-1,-1,-1,-1,-1,-1,1,-1,-1,-1,-1,-1,-1,-1,1,-1,-1,-1,-1,-1,1,-1,-1,-1,-1,-1,-1,-1,-1,-1,-1,-1,-1,-1,-1,-1,-1,-1,-1,-1,-1,-1,-1,-1,-1,-1,-1,-1,-1,-1,-1,-1,0,-1,-1,-1,-1,-1,-1,-1,-1,-1,-1,-1,-1,-1,-1,-1,-1,-1,-1,-1,
-1,-1,-1,-1,-1,-1,-1,-1,-1,-1,-1,-1,-1,-1,-1,-1,-1,-1,1,-1,-1,-1,-1,-1,-1,-1,-1,-1,-1,-1,-1,-1,-1,-1,-1,1,-1,-1,-1,-1,-1,-1,-1,-1,-1,-1,-1,-1,-1,-1,-1,-1,-1,-1,0,-1,-1,-1,-1,-1,-1,-1,-1,-1,-1,-1,-1,-1,-1,-1,-1,-1,-1,
1,-1,-1,-1,-1,1,1,-1,-1,-1,-1,-1,-1,-1,-1,-1,-1,1,-1,-1,1,-1,-1,-1,-1,-1,-1,-1,-1,-1,-1,-1,-1,-1,-1,-1,-1,-1,-1,-1,-1,-1,-1,-1,-1,-1,-1,-1,-1,-1,-1,-1,-1,-1,-1,0,-1,-1,-1,-1,-1,-1,-1,-1,-1,-1,-1,-1,-1,-1,-1,-1,-1,
-1,-1,1,-1,-1,-1,1,-1,-1,-1,-1,-1,-1,-1,-1,-1,-1,-1,-1,1,-1,-1,1,-1,-1,-1,-1,-1,-1,-1,-1,-1,-1,-1,-1,-1,-1,-1,-1,-1,-1,-1,-1,-1,-1,-1,-1,-1,-1,-1,-1,-1,-1,-1,-1,-1,0,-1,-1,-1,-1,-1,-1,-1,-1,-1,-1,-1,-1,-1,-1,-1,-1,
-1,-1,-1,-1,-1,-1,-1,-1,-1,-1,-1,-1,-1,-1,-1,-1,1,-1,-1,-1,-1,-1,-1,-1,-1,-1,-1,-1,-1,-1,-1,-1,-1,-1,-1,-1,-1,-1,-1,-1,-1,-1,-1,-1,-1,-1,-1,-1,-1,-1,-1,-1,-1,-1,-1,-1,-1,0,-1,-1,-1,-1,-1,-1,-1,-1,1,-1,-1,-1,-1,-1,-1,
-1,-1,1,-1,-1,-1,-1,-1,-1,-1,-1,-1,-1,-1,1,-1,-1,-1,-1,-1,-1,-1,-1,-1,-1,-1,-1,-1,-1,-1,-1,-1,-1,-1,-1,-1,-1,-1,-1,-1,-1,1,-1,-1,-1,-1,-1,-1,-1,-1,-1,-1,-1,-1,-1,-1,-1,-1,0,-1,-1,-1,-1,-1,-1,-1,-1,-1,-1,-1,-1,-1,-1,
-1,1,1,-1,-1,1,-1,-1,-1,-1,-1,-1,1,1,1,-1,-1,-1,-1,-1,-1,-1,-1,-1,-1,1,-1,-1,-1,-1,-1,-1,-1,-1,-1,-1,-1,-1,-1,-1,-1,-1,-1,-1,-1,-1,-1,-1,-1,-1,-1,-1,-1,-1,-1,-1,-1,-1,-1,0,-1,-1,-1,-1,-1,-1,-1,-1,-1,-1,-1,-1,-1,
-1,-1,-1,-1,-1,-1,-1,-1,-1,-1,-1,-1,-1,-1,-1,-1,-1,-1,-1,1,-1,-1,-1,-1,-1,-1,-1,-1,-1,-1,-1,-1,-1,-1,-1,-1,-1,-1,-1,-1,-1,-1,-1,-1,-1,-1,-1,-1,-1,-1,-1,1,-1,-1,-1,-1,-1,-1,-1,-1,0,-1,-1,-1,-1,-1,-1,-1,-1,-1,-1,-1,-1,
1,-1,-1,-1,-1,-1,-1,-1,-1,-1,1,1,-1,-1,-1,-1,-1,-1,-1,-1,-1,-1,-1,-1,-1,-1,-1,-1,-1,-1,-1,-1,-1,-1,-1,-1,-1,-1,-1,-1,-1,-1,-1,-1,-1,-1,-1,-1,-1,-1,-1,-1,-1,-1,-1,-1,-1,-1,-1,-1,-1,0,-1,-1,-1,-1,-1,-1,-1,-1,-1,-1,-1,
-1,-1,-1,-1,-1,-1,1,-1,-1,-1,-1,-1,-1,-1,-1,-1,-1,-1,-1,-1,-1,-1,-1,-1,-1,-1,-1,-1,-1,-1,-1,-1,-1,-1,-1,-1,-1,-1,-1,1,-1,-1,-1,-1,-1,-1,-1,-1,-1,-1,-1,-1,-1,-1,-1,-1,-1,-1,-1,-1,-1,-1,0,-1,-1,-1,-1,-1,-1,-1,-1,-1,-1,
-1,-1,-1,-1,-1,-1,-1,-1,-1,-1,-1,-1,1,-1,1,-1,-1,-1,-1,-1,-1,-1,-1,-1,-1,-1,-1,-1,-1,-1,-1,-1,-1,-1,-1,-1,-1,-1,-1,-1,-1,-1,-1,-1,-1,-1,-1,-1,-1,-1,-1,-1,-1,-1,-1,-1,-1,-1,-1,-1,-1,-1,-1,0,-1,-1,-1,-1,-1,-1,-1,-1,-1,
-1,-1,-1,-1,-1,-1,-1,-1,-1,-1,-1,1,-1,-1,1,-1,-1,1,-1,-1,1,-1,-1,-1,-1,-1,-1,-1,-1,-1,-1,-1,-1,-1,-1,-1,-1,-1,-1,-1,-1,-1,-1,-1,-1,-1,-1,-1,-1,-1,-1,-1,-1,-1,-1,-1,-1,-1,-1,-1,-1,-1,-1,-1,0,-1,-1,-1,-1,-1,-1,-1,-1,
1,-1,-1,-1,-1,-1,-1,1,-1,-1,-1,-1,-1,-1,-1,-1,-1,-1,1,-1,-1,-1,1,-1,-1,-1,-1,-1,-1,-1,-1,-1,-1,-1,-1,-1,-1,-1,-1,-1,-1,-1,-1,-1,-1,-1,-1,-1,-1,-1,-1,-1,-1,-1,-1,-1,-1,-1,-1,-1,-1,-1,-1,-1,-1,0,-1,-1,-1,-1,-1,-1,-1,
-1,-1,-1,-1,-1,-1,-1,-1,-1,-1,-1,-1,-1,-1,-1,-1,-1,1,-1,-1,-1,-1,-1,-1,-1,-1,-1,-1,-1,-1,-1,-1,-1,-1,-1,-1,-1,-1,-1,-1,-1,-1,-1,-1,-1,-1,-1,-1,-1,-1,-1,-1,-1,-1,-1,-1,-1,1,-1,-1,-1,-1,-1,-1,-1,-1,0,-1,-1,-1,-1,-1,-1,
-1,-1,-1,1,-1,-1,-1,1,-1,-1,-1,-1,-1,-1,-1,-1,-1,-1,-1,-1,-1,-1,-1,-1,-1,-1,-1,-1,-1,-1,-1,-1,-1,-1,-1,-1,-1,-1,-1,-1,-1,-1,-1,-1,-1,-1,-1,-1,-1,-1,-1,-1,-1,-1,-1,-1,-1,-1,-1,-1,-1,-1,-1,-1,-1,-1,-1,0,-1,-1,-1,-1,-1,
-1,1,-1,-1,-1,-1,-1,-1,-1,-1,-1,-1,1,-1,-1,-1,-1,-1,-1,-1,-1,-1,-1,-1,-1,-1,-1,-1,-1,-1,-1,-1,-1,-1,-1,-1,-1,-1,-1,-1,-1,-1,-1,-1,-1,-1,-1,-1,-1,-1,-1,-1,-1,-1,-1,-1,-1,-1,-1,-1,-1,-1,-1,-1,-1,-1,-1,-1,0,-1,-1,-1,-1,
-1,-1,-1,-1,1,1,1,1,-1,-1,1,-1,-1,-1,-1,-1,-1,1,-1,-1,-1,-1,1,-1,-1,-1,-1,-1,-1,-1,-1,-1,-1,-1,-1,-1,-1,-1,-1,-1,-1,-1,-1,-1,-1,-1,-1,-1,-1,-1,-1,-1,-1,-1,-1,-1,-1,-1,-1,-1,-1,-1,-1,-1,-1,-1,-1,-1,-1,0,-1,-1,-1,
-1,-1,-1,-1,-1,-1,1,-1,-1,-1,-1,-1,-1,-1,-1,-1,-1,-1,-1,-1,1,-1,-1,-1,-1,-1,-1,-1,-1,-1,-1,-1,-1,-1,-1,-1,-1,-1,-1,-1,-1,-1,-1,-1,-1,-1,-1,-1,-1,-1,-1,-1,-1,-1,-1,-1,-1,-1,-1,-1,-1,-1,-1,-1,-1,-1,-1,-1,-1,-1,0,-1,-1,
-1,-1,-1,-1,-1,1,1,1,-1,1,-1,-1,-1,-1,-1,1,-1,-1,-1,-1,-1,-1,-1,-1,-1,-1,-1,-1,-1,-1,-1,-1,-1,-1,-1,-1,-1,-1,-1,-1,-1,-1,-1,-1,-1,-1,-1,-1,-1,-1,-1,-1,-1,-1,-1,-1,-1,-1,-1,-1,-1,-1,-1,-1,-1,-1,-1,-1,-1,-1,-1,0,-1,
1,-1,-1,-1,1,-1,-1,-1,1,-1,-1,-1,-1,1,-1,-1,-1,-1,-1,-1,-1,-1,-1,-1,-1,-1,-1,-1,-1,-1,-1,-1,-1,-1,-1,-1,-1,-1,-1,-1,-1,-1,-1,-1,-1,-1,-1,-1,-1,-1,-1,-1,-1,-1,-1,-1,-1,-1,-1,-1,-1,-1,-1,-1,-1,-1,-1,-1,-1,-1,-1,-1,0,

(20,0)
(21,1)
(21,2)
(20,3)
(22,4)
(21,5)
(22,6)
(20,7)
(22,8)
(20,9)
(21,10)
(22,11)
(20,12)
(21,13)
(20,14)
(20,15)
(20,16)
(22,17)
(22,18)
(22,19)
(28,4)
(29,15)
(51,6)
(45,1)
(22,8)
(59,8)
(20,12)
(28,13)
(4,7)
(58,14)
(17,4)
(20,12)
(44,6)
(42,3)
(18,14)
(6,8)
(14,6)
(54,7)
(37,0)
(9,8)
(60,18)
(23,0)
(8,2)
(27,14)
(66,16)
(37,14)
(66,4)
(59,4)
(36,15)
(43,2)
(28,5)
(65,2)
(62,7)
(61,0)
(57,3)
(10,13)
(49,2)
(27,5)
(66,10)
(20,14)
(13,12)
(48,0)
(30,13)
(5,1)
(15,0)
(20,1)
(2,9)
(34,10)
(52,17)
(37,14)
(2,18)
(44,11)
(34,3)
(26,17)
(16,5)
(29,6)
(28,12)
(53,2)
(21,18)
(28,2)
(72,1)
(42,2)
(8,17)
(65,0)
(65,10)
(65,2)
(67,19)
(44,9)
(55,14)
(1,1)
(40,2)
(65,18)
(28,14)
(52,14)
(39,15)
(42,18)
(67,5)
(47,8)
(13,6)
(17,14)
(64,12)
(34,7)
(6,4)
(32,0)
(67,9)
(54,4)
(15,9)
(47,10)
(0,12)
(52,16)
(1,13)
(64,7)
(64,11)
(17,6)
(17,14)
(55,9)
(55,6)
(71,3)
(33,2)
(7,17)
(34,8)
(63,6)
(4,5)
(4,10)
(12,0)
(16,14)
(14,1)
(25,15)
(71,19)
(28,12)
(43,3)
(26,1)
(71,0)
(29,7)
(19,14)
(36,8)
(46,3)
(70,4)
(21,15)
(20,3)
(60,18)
(1,4)
(59,1)
(63,16)
(17,6)
(27,17)
(12,2)
(31,10)
(58,5)
(15,2)
(60,8)
(19,12)
(72,0)
(43,12)
(44,5)
(27,5)
(10,0)
(42,13)
(46,11)
(20,6)
(50,5)
(24,0)
(25,3)
(65,15)
(13,7)
(4,8)
(23,4)
(72,11)
(38,0)
(15,5)
(38,17)
(9,11)
(42,12)
(8,17)
(4,0)
(16,4)
(49,4)
(37,16)
(20,13)
(58,5)
(1,3)
(44,5)
(34,2)
(53,7)
(47,16)
(67,1)
(8,17)
(7,4)
(68,2)
(36,6)
(67,1)
(66,0)
(72,13)
(21,2)
(39,4)
(64,9)
(12,16)
(23,2)
(55,6)
(63,12)
(3,1)
(12,14)
(8,18)
(34,3)
(46,17)
(36,4)
(56,5)
(19,1)
(56,3)
(60,2)
(18,6)
(38,11)
(53,2)
(52,9)
(11,2)
(25,0)
(18,9)
(11,0)
(27,18)
(12,5)
(4,19)
(50,2)
(34,11)
(45,6)
(39,1)
(24,10)
(69,0)
(60,4)
(43,15)
(4,9)
(48,11)
(27,1)
(49,0)
(56,2)
(42,3)
(17,12)
(65,1)
(20,14)
(26,4)
(49,10)
(11,14)
(2,1)
(48,18)
(14,7)
(26,11)
(14,4)
(20,15)
(65,4)
(61,4)
(59,1)
(38,8)
(36,6)
(5,15)
(36,19)
(41,14)
(40,3)
(48,17)
(61,3)
(23,12)
(44,14)
(59,5)
(53,19)
(39,5)
(3,18)
(47,4)
(45,6)
(50,3)
(18,8)
(45,4)
(4,10)
(16,18)
(45,0)
(11,19)
(2,17)
(44,15)
(46,11)
(9,11)
(63,5)
(36,19)
(38,5)
(64,1)
(15,6)
(35,15)
(70,5)
(41,9)
(56,1)
(42,1)
(48,3)
(55,5)
(61,3)
(10,8)
(57,3)
(35,7)
(70,8)
(8,12)
(13,12)
(59,2)
(29,0)
(62,7)
(15,18)
(7,9)
(53,13)
(59,10)
(65,12)
(25,5)
(23,4)
(45,3)
(46,15)
(67,8)
(4,12)
(5,8)
(11,5)
(18,19)
(34,4)
(52,1)
(53,10)
(27,8)
(18,5)
(50,6)
(45,5)
(43,3)
(39,19)
(53,3)
(27,2)
(56,6)
(40,9)
(30,0)
(36,17)
(29,7)
(44,10)
(66,18)
(56,4)
(50,0)
(3,12)
(70,1)
(34,3)
(26,9)
(57,17)
(70,0)
(16,13)
(53,8)
(28,1)
(59,10)
(24,17)
(58,2)
(5,5)
(72,14)
(45,0)
(19,2)
(57,2)
(24,8)
(52,4)
(47,0)
(28,1)
(66,19)
(69,14)
(27,3)
(15,12)
(72,0)
(6,14)
(70,18)
(22,0)
(24,4)
(69,10)
(47,8)
(24,1)
(31,9)
(13,2)
(65,0)
(5,2)
(48,9)
(8,4)
(28,14)
(25,10)
(54,0)
(26,6)
(16,16)
(27,6)
(65,5)
(68,2)
(56,4)
(44,3)
(7,4)
(26,5)
(3,13)
(46,18)
(37,1)
(67,0)
(47,6)
(7,5)
(16,18)
(25,10)
(54,6)
(36,9)
(59,1)
(44,9)
(32,12)
(6,5)
(64,0)
(15,0)
(0,11)
(17,4)
(12,8)
(69,2)
(29,9)
(55,4)
(70,6)
(0,8)
(13,0)
(18,12)
(26,0)
(65,12)
(0,11)
(71,10)
(58,4)
(11,3)
(48,4)
(43,13)
(49,0)
(70,9)
(39,3)
(62,0)
(71,15)
(0,14)
(48,3)
(56,15)
(10,16)
(72,6)
(21,17)
(64,10)
(71,6)
(1,7)
(54,7)
(6,0)
(18,9)
(34,5)
(67,8)
(71,13)
(71,1)
(49,10)
(28,0)
(9,0)
(1,8)
(31,16)
(70,9)
(55,9)
(70,7)
(32,11)
(43,8)
(27,11)
(27,0)
(66,13)
(15,4)
(47,12)
(15,9)
(25,4)
(56,0)
(72,8)
(16,9)
(8,1)
(23,9)
(37,16)
(65,17)
(39,8)
(62,11)
(58,18)
(5,2)
(17,14)
(66,8)
(54,5)
(34,0)
(25,18)
(57,13)
(45,12)
(18,0)
(23,4)
(23,12)
(50,13)
(39,5)
(18,17)
(41,14)
(43,3)
(56,2)
(60,3)
(18,9)
(5,19)
(11,12)
(44,16)
(49,2)
(40,3)
(29,11)
(13,0)
(53,4)
(57,2)
(27,4)
(60,0)
(67,4)
(45,7)
(41,9)
(46,14)
(64,1)
(29,2)
(38,4)
(26,11)
(63,2)
(63,1)
(28,14)
(19,8)
(37,8)
(70,14)
(49,4)
(30,15)
(22,1)
(55,3)
(36,9)
(40,3)
(41,13)
(13,7)
(36,5)
(58,7)
(53,12)
(48,17)
(70,1)
(40,2)
(1,6)
(28,5)
(37,6)
(22,11)
(29,10)
(31,12)
(19,9)
(22,13)
(37,0)
(34,10)
(49,11)
(22,0)
(31,1)
(28,1)
(53,11)
(56,11)
(52,8)
(17,15)
(17,16)
(21,2)
(62,3)
(15,15)
(3,9)
(29,2)
(64,13)
(0,1)
(15,4)
(17,11)
(54,19)
(47,12)
(10,15)
(12,0)
(37,8)
(19,17)
(66,17)
(12,19)
(33,6)
(11,14)
(17,5)
(4,5)
(70,16)
(71,19)
(16,13)
(14,6)
(65,0)
(61,18)
(2,8)
(54,7)
(24,9)
(16,6)
(72,7)
(63,0)
(33,5)
(60,16)
(3,7)
(28,14)
(47,0)
(38,0)
(44,13)
(57,9)
(7,6)
(15,3)
(26,16)
(50,3)
(37,2)
(40,15)
(43,1)
(71,0)
(14,9)
(4,2)
(70,1)
(28,15)
(65,12)
(2,1)
(5,11)
(14,1)
(18,1)
(26,8)
(67,6)
(15,8)
(9,2)
(62,12)
(63,4)
(61,7)
(60,3)
(7,1)
(5,5)
(66,8)
(55,0)
(49,2)
(32,10)
(63,2)
(50,6)
(30,8)
(34,1)
(53,18)
(44,15)
(64,2)
(3,16)
(66,1)
(12,19)
(37,3)
(33,18)
(66,11)
(21,6)
(66,6)
(24,13)
(64,4)
(16,1)
(50,0)
(70,13)
(52,10)
(33,8)
(27,7)
(61,11)
(7,8)
(48,4)
(45,11)
(43,18)
(57,7)
(30,18)
(4,7)
(61,7)
(35,0)
(37,12)
(30,11)
(69,11)
(59,11)
(3,7)
(53,8)
(2,15)
(16,2)
(32,17)
(22,4)
(18,18)
(62,12)
(55,11)
(42,5)
(58,0)
(29,9)
(17,8)
(26,4)
(8,2)
(8,2)
(48,16)
(39,17)
(62,1)
(64,11)
(72,0)
(60,10)
(15,2)
(1,3)
(26,14)
(13,12)
(45,3)
(46,4)
(46,0)
(14,6)
(15,4)
(62,14)
(41,3)
(53,0)
(22,5)
(67,4)
(24,18)
(2,17)
(12,5)
(59,8)
(20,3)
(4,8)
(53,18)
(39,5)
(50,9)
(48,8)
(62,6)
(6,5)
(7,16)
(26,0)
(16,12)
(52,7)
(16,2)
(30,19)
(60,0)
(10,15)
(66,15)
(3,8)
(19,13)
(71,18)
(11,4)
(36,4)
(56,9)
(66,5)
(10,10)
(49,19)
(56,4)
(41,9)
(8,13)
(22,3)
(41,9)
(1,8)
(35,3)
(68,12)
(24,0)
(63,12)
(49,10)
(59,19)
(6,19)
(6,19)
(70,6)
(13,15)
(55,7)
(69,6)
(47,0)
(19,7)
(15,18)
(72,11)
(29,16)
(15,6)
(0,1)
(44,0)
(6,18)
(19,8)
(2,1)
(0,7)
(67,7)
(42,9)
(33,17)
(7,9)
(25,11)
(61,11)
(67,13)
(40,1)
(35,3)
(65,7)
(25,4)
(24,5)
(18,4)
(46,18)
(51,4)
(5,10)
(2,4)
(61,17)
(10,10)
(27,4)
(60,5)
(25,17)
(9,8)
(51,9)
(7,15)
(21,1)
(70,5)
(35,10)
(3,3)
(46,8)
(29,12)
(20,0)
(2,17)
(7,5)
(53,5)
(25,3)
(24,6)
(51,17)
(34,6)
(69,4)
(64,9)
(15,7)
(8,19)
(7,5)
(3,0)
(42,3)
(65,4)
(63,9)
(37,8)
(61,2)
(23,4)
(50,2)
(47,5)
(40,2)
(56,12)
(10,11)
(19,10)
(34,17)
(38,0)
(54,10)
(34,6)
(25,16)
(28,14)
(25,7)
(18,2)
(34,7)
(72,0)
(59,10)
(47,1)
(0,18)
(19,0)
(67,5)
(48,15)
(19,5)
(22,9)
(17,4)
(41,6)
(8,2)
(9,5)
(1,6)
(54,1)
(18,9)
(61,11)
(40,4)
(9,8)
(32,12)
(57,13)
(11,4)
(60,1)
(8,4)
(42,1)
(11,3)
(61,5)
(39,0)
(59,16)
(69,17)
(22,17)
(43,16)
(34,16)
(33,3)
(53,5)
(24,13)
(68,1)
(39,7)
(35,19)
(52,2)
(49,1)
(34,15)
(71,2)
(41,8)
(42,19)
(71,14)
(58,11)
(28,6)
(43,10)
(36,1)
(3,9)
(66,2)
(43,0)
(23,8)
(39,5)
(29,18)
(42,13)
(24,1)
(38,7)
(69,19)
(43,14)
(67,2)
(48,1)
(31,19)
(56,18)
(41,4)
(43,0)
(48,0)
(15,10)
(15,5)
(49,16)
(0,4)
(39,1)
(36,15)
(48,17)
(63,19)
(11,1)
(32,9)
(70,18)
(59,18)
(48,18)
(37,3)
(15,8)
(25,3)
(30,10)
(71,8)
(27,12)
(5,3)
(59,8)
(6,1)
(71,0)
(2,5)
(9,14)
(1,6)
(51,16)
(8,1)
(33,2)
(51,2)
(72,5)
(48,19)
(52,17)
(11,0)
(13,0)
(7,7)
(40,1)
(63,1)
(37,0)
(63,14)
(70,4)
(21,4)
(62,15)
(62,1)
(47,0)
(43,5)
(48,12)
(24,9)
(21,14)
(23,17)
(53,4)
(22,12)
(69,4)
(19,7)
(13,2)
(20,6)
(28,13)
(54,13)
(33,0)
(26,10)
(15,0)
(37,8)
(29,6)
(19,15)
(28,16)
(5,2)
(6,2)
(4,7)
(37,4)
(27,2)
(41,1)
(51,11)
(49,19)
(65,0)
(31,8)
(38,0)
(0,4)
(21,11)
(21,1)
(44,6)
(64,5)
(1,16)
(8,7)
(40,12)
(6,19)
(63,2)
(45,12)
(18,5)
(9,4)
(57,3)
(62,18)
(26,0)
(45,3)
(43,9)
(51,3)
(22,10)
(7,16)
(56,0)
(64,6)
(34,5)
(1,6)
(18,15)
(10,14)
(22,11)
(54,19)
(2,4)
(32,0)
(47,14)
(16,4)
(50,16)
(52,7)
(34,0)
(65,2)
(14,7)
(46,6)
(18,15)
(56,12)
(63,13)
(25,0)
(40,6)
(38,9)
(28,14)
(38,5)
(10,3)
(13,10)
(46,3)
(23,9)
(63,16)
(47,0)
(24,4)
(57,6)
(21,8)
(13,2)
(53,9)
(32,19)
(26,1)
(6,6)
(5,7)
(17,6)
(1,13)
(17,18)
(50,15)
(31,1)
(34,1)
(26,0)
(35,12)
(41,9)
(36,9)
(46,8)
(38,0)
(30,2)
(61,0)
(31,6)
(25,11)
(37,2)
(2,0)
(18,0)
(19,17)
(24,0)
(27,7)
(70,19)
(62,7)
(69,4)
(51,19)
(5,17)
(51,5)
(57,11)
(7,10)
(25,0)
(44,5)
(23,1)
(60,18)
(60,13)
(29,8)
(47,0)
(54,4)
(66,1)
(4,13)
(68,8)
(27,19)
(20,14)
(16,13)
(15,9)
(50,9)
(36,13)
(50,4)
(72,16)
(41,3)
(13,7)
(25,15)
(16,1)
(18,15)
(54,6)
(3,4)
(23,14)
(58,18)
(55,5)
(8,5)
(40,14)
(18,17)
(63,14)
(56,12)
(47,19)
(29,12)
(33,9)
(3,16)
(47,3)
(52,1)
(9,1)
(24,6)
(4,9)
(37,17)
(26,18)
(4,5)
(10,1)
(7,10)
(7,3)
(44,10)
(48,2)
(21,5)
(66,16)
(13,15)
(67,5)
(60,3)
(10,7)
(11,3)
(57,2)
(4,0)
(54,8)
(70,13)
(49,2)
(58,7)
(50,5)
(20,13)
(70,1)
(11,0)
(1,3)
(50,17)
(27,6)
(2,0)
(71,14)
(67,5)
(18,6)
(7,16)
(53,1)
(39,7)
(12,10)
(2,15)
(6,2)
(28,17)
(0,8)
(0,7)
(72,8)
(27,12)
(28,5)
(14,0)
(71,12)
(17,19)
(17,0)
(7,15)
(33,2)
(50,0)
(69,1)
(57,5)
(63,6)
(13,16)
(52,11)
(12,13)
(61,10)
(2,1)
(54,3)
(55,8)
(35,10)
(39,2)
(16,13)
(45,9)
(45,14)
(3,1)
(58,18)
(37,13)
(66,10)
(31,15)
(35,1)
(5,3)
(12,7)
(59,7)
(13,1)
(12,3)
(51,8)
(66,0)
(37,8)
(18,6)
(71,9)
(69,13)
(71,5)
(38,11)
(29,2)
(47,16)
(25,2)
(4,7)
(36,6)
(62,2)
(44,4)
(5,12)
(6,13)
(5,17)
(31,2)
(5,18)
(42,4)
(6,18)
(41,18)
(40,8)
(43,6)
(48,5)
(29,5)
(14,12)
(5,12)
(71,0)
(16,7)
(59,10)
(43,3)
(19,10)
(6,16)
(54,1)
(23,7)
(19,2)
(19,1)
(55,8)
(18,15)
(72,11)
(11,17)
(41,9)
(48,0)
(17,16)
(60,1)
(68,5)
(48,2)
(58,19)
(55,10)
(1,2)
(14,2)
(61,0)
(25,10)
(58,5)
(13,5)
(18,17)
(57,7)
(31,1)
(11,0)
(32,5)
(2,7)
(43,7)
(66,10)
(10,1)
(3,1)
(17,4)
(46,2)
(25,15)
(68,9)
(45,0)
(46,19)
(49,11)
(60,10)
(56,18)
(25,0)
(28,0)
(40,16)
(32,2)
(68,14)
(6,15)
(61,15)
(59,0)
(72,4)
(25,1)
(70,1)
(25,18)
(63,14)
(39,3)
(14,4)
(28,2)
(38,11)
(57,12)
(23,7)
(41,8)
(32,3)
(19,0)
(43,9)
(66,18)
(64,11)
(52,1)
(54,8)
(38,0)
(11,4)
(17,10)
(48,2)
(15,0)
(48,6)
(72,2)
(2,5)
(17,7)
(71,10)
(52,7)
(33,7)
(5,9)
(55,0)
(25,2)
(16,11)
(17,3)
(41,3)
(56,9)
(45,7)
(21,0)
(62,8)
(33,5)
(68,10)
(12,4)
(6,15)
(58,0)
(28,8)
(11,8)
(54,1)
(20,4)
(28,19)
(71,9)
(42,14)
(7,8)
(58,0)
(51,3)
(64,1)
(11,4)
(54,14)
(72,10)
(67,0)
(29,17)
(53,0)
(46,10)
(24,0)
(61,2)
(49,6)
(34,13)
(14,9)
(23,0)
(33,1)
(28,9)
(66,8)
(33,0)
(59,6)
(44,2)
(35,2)
(8,19)
(65,17)
(0,5)
(59,1)
(28,16)
(19,11)
(24,18)
(51,12)
(26,8)
(66,2)
(38,9)
(29,0)
(22,2)
(3,2)
(18,14)
(7,7)
(28,13)
(16,9)
(26,0)
(7,13)
(41,9)
(25,7)
(17,8)
(47,17)
(37,0)
(55,6)
(4,10)
(54,12)
(35,9)
(22,2)
(49,4)
(48,0)
(21,16)
(60,12)
(31,14)
(65,0)
(8,2)
(0,9)
(4,2)
(42,5)
(34,19)
(69,2)
(33,1)
(56,0)
(9,2)
(59,3)
(22,6)
(31,9)
(6,0)
(38,13)
(9,1)
(60,19)
(46,17)
(13,9)
(0,0)
(14,15)
(5,10)
(31,5)
(26,11)
(51,8)
(30,17)
(72,14)
(23,18)
(17,0)
(50,17)
(65,18)
(24,14)
(36,18)
(53,11)
(4,17)
(39,15)
(39,1)
(56,19)
(66,18)
(53,0)
(1,0)
(40,7)
(4,1)
(28,16)
(16,0)
(41,1)
(63,18)
(11,14)
(0,15)
(69,5)
(70,0)
(16,10)
(38,14)
(46,19)
(22,7)
(59,5)
(0,0)
(40,13)
(27,10)
(32,5)
(1,8)
(70,0)
(54,15)
(31,2)
(24,13)
(38,11)
(35,16)
(57,5)
(20,0)
(64,0)
(37,11)
(0,17)
(44,6)
(16,1)
(53,3)
(17,6)
(63,6)
(72,13)
(20,14)
(22,11)
(37,12)
(10,4)
(58,12)
(9,6)
(9,9)
(69,2)
(48,10)
(60,16)
(61,6)
(28,11)
(65,5)
(16,5)
(10,16)
(7,9)
(5,12)
(30,9)
(2,17)
(2,0)
(52,19)
(68,3)
(52,5)
(17,11)
(36,1)
(58,1)
(34,5)
(10,3)
(56,14)
(19,13)
(27,18)
(10,4)
(55,10)
(47,16)
(3,2)
(68,4)
(50,12)
(29,10)
(23,7)
(43,18)
(38,5)
(67,6)
(71,1)
(51,0)
(1,3)
(9,4)
(72,14)
(10,3)
(41,11)
(64,7)
(63,2)
(6,13)
(63,11)
(41,4)
(22,2)
(66,2)
(61,8)
(47,2)
(71,0)
(61,3)
(60,2)
(4,3)
(65,7)
(61,2)
(50,0)
(12,4)
(27,10)
(9,11)
(2,0)
(28,8)
(6,6)
(5,14)
(44,14)
(62,1)
(34,3)
(70,0)
(51,12)
(29,1)
(42,4)
(0,17)
(43,12)
(38,6)
(40,14)
(69,0)
(44,11)
(15,0)
(0,3)
(30,0)
(67,18)
(56,13)
(8,6)
(4,18)
(24,5)
(1,13)
(19,17)
(41,7)
(58,13)
(30,3)
(1,3)
(34,8)
(48,2)
(67,13)
(5,14)
(14,5)
(69,16)
(39,10)
(16,13)
(38,15)
(21,11)
(52,5)
(13,13)
(71,17)
(37,4)
(65,3)
(18,14)
(70,15)
(63,5)
(14,4)
(10,18)
(30,14)
(65,13)
(45,12)
(40,15)
(2,12)
(45,3)
(44,3)
(27,1)
(21,3)
(35,9)
(37,2)
(51,5)
(44,16)
(59,5)
(71,15)
(1,19)
(57,14)
(62,7)
(53,0)
(48,17)
(54,3)
(70,0)
(14,7)
(30,8)
(66,12)
(49,13)
(57,0)
(3,0)
(7,6)
(57,8)
(52,6)
(11,7)
(44,6)
(9,12)
(45,9)
(25,0)
(44,16)
(63,5)
(55,1)
(10,10)
(47,13)
(67,13)
(11,6)
(63,13)
(6,0)
(39,12)
(53,12)
(62,7)
(14,7)
(70,3)
(40,8)
(23,1)
(10,0)
(31,2)
(36,17)
(43,18)
(36,0)
(16,1)
(21,0)
(16,13)
(25,1)
(2,11)
(50,13)
(23,13)
(71,13)
(11,0)
(5,10)
(32,19)
(50,8)
(68,0)
(28,3)
(0,7)
(59,17)
(35,18)
(21,13)
(51,18)
(63,2)
(59,9)
(34,1)
(70,1)
(67,12)
(8,3)
(7,14)
(58,6)
(69,6)
(67,2)
(47,18)
(42,15)
(5,10)
(24,4)
(47,0)
(38,7)
(69,3)
(67,8)
(12,18)
(70,8)
(7,0)
(61,0)
(26,7)
(71,14)
(72,18)
(67,3)
(70,4)
(15,0)
(34,7)
(17,2)
(47,1)
(69,15)
(13,1)
(60,2)
(37,1)
(42,1)
(51,15)
(11,8)
(19,1)
(17,3)
(42,1)
(24,17)
(40,0)
(26,1)
(53,11)
(70,12)
(71,8)
(64,10)
(38,0)
(36,1)
(15,0)
(49,2)
(35,16)
(15,19)
(46,1)
(46,7)
(39,1)
(21,13)
(4,10)
(29,10)
(40,16)
(19,3)
(31,19)
(12,17)
(39,12)
(70,4)
(62,0)
(37,14)
(44,6)
(32,12)
(65,8)
(12,12)
(41,9)
(56,10)
(10,6)
(20,0)
(19,17)
(43,3)
(50,12)
(11,17)
(27,19)
(59,12)
(65,8)
(13,4)
(24,3)
(60,9)
(21,17)
(6,15)
(38,7)
(29,4)
(36,0)
(34,1)
(57,15)
(60,9)
(53,4)
(17,15)
(51,1)
(36,13)
(4,11)
(26,6)
(13,5)
(26,4)
(21,18)
(0,4)
(20,8)
(3,0)
(53,17)
(66,13)
(44,0)
(54,17)
(57,10)
(53,18)
(64,4)
(7,9)
(16,7)
(7,8)
(28,8)
(22,11)
(1,8)
(20,11)
(61,10)
(44,0)
(59,0)
(60,5)
(20,12)
(2,17)
(54,1)
(26,6)
(16,1)
(51,14)
(38,2)
(51,19)
(72,4)
(54,0)
(1,8)
(58,11)
(70,5)
(12,19)
(24,12)
(53,1)
(47,13)
(72,8)
(27,6)
(47,9)
(65,10)
(6,12)
(28,12)
(28,4)
(24,5)
(4,3)
(21,18)
(41,8)
(57,1)
(15,3)
(44,0)
(50,14)
(62,3)
(65,14)
(57,0)
(22,6)
(34,2)
(34,3)
(52,11)
(57,16)
(63,16)
(14,5)
(27,13)
(43,13)
(10,3)
(33,3)
(52,1)
(6,7)
(30,6)
(46,2)
(6,3)
(42,11)
(46,7)
(0,2)
(29,17)
(16,7)
(72,5)
(66,14)
(9,10)
(32,1)
(40,19)
(46,12)
(36,6)
(52,3)
(37,2)
(54,14)
(68,9)
(21,2)
(17,2)
(68,13)
(58,1)
(45,6)
(26,15)
(62,2)
(0,12)
(17,9)
(24,18)
(40,12)
(39,9)
(9,8)
(8,1)
(56,7)
(28,12)
(14,1)
(37,11)
(9,16)
(28,0)
(34,5)
(13,10)
(34,0)
(49,7)
(70,5)
(28,2)
(61,13)
(5,1)
(16,2)
(66,0)
(3,0)
(7,1)
(67,3)
(30,11)
(65,3)
(68,13)
(1,15)
(7,14)
(0,19)
(5,9)
(67,15)
(47,0)
(18,16)
(60,4)
(37,0)
(66,10)
(71,8)
(64,1)
(69,13)
(33,8)
(29,10)
(64,6)
(53,18)
(8,3)
(20,17)
(71,13)
(64,12)
(27,6)
(33,6)
(41,7)
(25,3)
(38,17)
(65,7)
(61,19)
(8,9)
(16,0)
(64,4)
(19,19)
(35,13)
(61,17)
(38,14)
(51,7)
(69,10)
(22,7)
(23,0)
(52,3)
(41,16)
(49,9)
(9,0)
(36,3)
(9,2)
(72,19)
(59,2)
(60,0)
(56,4)
(44,11)
(11,0)
(39,4)
(19,8)
(65,0)
(5,4)
(59,3)
(36,3)
(55,5)
(55,11)
(14,11)
(0,2)
(72,6)
(2,19)
(32,12)
(63,3)
(4,5)
(35,16)
(57,17)
(19,6)
(3,17)
(53,11)
(34,3)
(46,12)
(65,0)
(39,11)
(62,9)
(54,8)
(15,1)
(25,11)
(21,18)
(1,3)
(52,11)
(60,1)
(71,7)
(14,3)
(45,3)
(11,1)
(6,10)
(4,16)
(19,8)
(8,15)
(9,15)
(24,7)
(30,11)
(13,5)
(35,18)
(14,11)
(5,13)
(8,4)
(16,4)
(45,1)
(19,10)
(42,12)
(39,10)
(63,0)
(56,14)
(51,16)
(8,13)
(62,18)
(27,2)
(32,9)
(16,14)
(0,6)
(45,15)
(30,10)
(28,10)
(31,5)
(44,13)
(57,2)
(16,16)
(26,16)
(48,2)
(22,14)
(34,1)
(55,3)
(16,8)
(51,9)
(38,14)
(57,2)
(33,18)
(25,18)
(6,4)
(17,1)
(25,3)
(62,17)
(63,15)
(24,6)
(57,4)
(45,1)
(23,11)
(30,2)
(68,14)
(26,5)
(53,14)
(70,17)
(68,17)
(11,15)
(61,11)
(52,3)
(2,14)
(65,0)
(63,17)
(19,9)
(21,0)
(58,9)
(27,12)
(12,19)
(50,2)
(3,3)
(7,2)
(34,15)
(36,11)
(44,7)
(6,3)
(62,4)
(61,4)
(14,12)
(62,14)
(45,18)
(54,4)
(42,18)
(20,13)
(10,4)
(52,15)
(51,19)
(10,14)
(2,2)
(6,4)
(2,6)
(13,19)
(17,16)
(42,0)
(70,11)
(62,14)
(50,1)
(49,0)
(38,2)
(32,16)
(31,13)
(8,5)
(20,9)
(50,12)
(27,8)
(26,1)
(71,19)
(2,8)
(17,15)
(19,1)
(24,18)
(64,3)
(15,8)
(28,11)
(59,9)
(19,17)
(34,18)
(33,9)
(69,10)
(47,11)
(29,2)
(54,12)
(32,8)
(16,8)
(38,5)
(61,11)
(4,16)
(71,4)
(34,18)
(29,19)
(62,2)
(62,17)
(46,7)
(36,6)
(53,9)
(29,14)
(14,3)
(24,12)
(35,9)
(57,3)
(20,0)
(28,14)
(10,4)
(3,9)
(43,0)
(5,15)
(30,1)
(17,11)
(1,6)
(41,8)
(12,10)
(26,3)
(23,19)
(24,18)
(12,8)
(52,3)
(21,3)
(63,9)
(8,11)
(53,9)
(18,8)
(11,16)
(8,0)
(70,2)
(49,0)
(36,4)
(65,9)
(21,0)
(72,7)
(63,2)
(6,0)
(38,5)
(42,4)
(43,16)
(62,2)
(25,18)
(44,2)
(20,10)
(70,8)
(45,18)
(38,9)
(56,1)
(61,3)
(28,5)
(66,8)
(33,8)
(69,2)
(14,2)
(16,4)
(65,2)
(47,11)
(40,1)
(57,4)
(14,12)
(39,1)
(36,4)
(47,9)
(39,8)
(71,2)
(43,3)
(67,7)
(44,3)
(49,2)
(32,1)
(10,11)
(7,0)
(11,10)
(22,12)
(38,1)
(51,8)
(48,0)
(62,5)
(5,1)
(12,0)
(61,6)
(4,3)
(19,3)
(25,8)
(1,1)
(34,0)
(37,8)
(31,12)
(27,2)
(40,16)
(3,2)
(27,7)
(66,2)
(69,0)
(30,17)
(27,0)
(54,5)
(27,11)
(66,18)
(51,1)
(71,17)
(52,1)
(44,15)
(20,13)
(65,16)
(62,5)
(19,1)
(8,3)
(26,13)
(56,6)
(48,7)
(39,12)
(49,3)
(23,2)
(59,0)
(4,19)
(60,13)
(11,0)
(45,14)
(66,14)
(14,11)
(54,0)
(18,0)
(68,0)
(65,17)
(6,9)
(57,17)
(41,8)
(33,12)
(39,15)
(43,7)
(41,5)
(34,3)
(1,18)
(45,5)
(51,1)
(49,13)
(24,18)
(67,7)
(1,3)
(1,0)
(2,4)
(52,10)
(51,3)
(52,8)
(70,2)
(5,7)
(37,10)
(18,0)
(58,7)
(33,16)
(21,12)
(2,16)
(20,1)
(3,0)
(25,4)
(18,3)
(1,3)
(27,6)
(27,0)
(7,4)
(60,4)

(20,0)
(21,1)
(21,2)
(20,3)
(22,4)
(21,5)
(22,6)
(20,7)
(22,8)
(20,9)
(21,10)
(22,11)
(20,12)
(21,13)
(20,14)
(20,15)
(20,16)
(22,17)
(22,18)
(22,19)
(28,4)
(29,15)
(51,6)
(45,1)
(22,8)
(59,8)
(20,12)
(28,13)
(4,7)
(58,14)
(17,4)
(20,12)
(44,6)
(42,3)
(18,14)
(6,8)
(14,6)
(54,7)
(37,0)
(9,8)
(60,18)
(23,0)
(8,2)
(27,14)
(66,16)
(37,14)
(66,4)
(59,4)
(36,15)
(43,2)
(28,5)
(65,2)
(62,7)
(61,0)
(57,3)
(10,13)
(49,2)
(27,5)
(66,10)
(20,14)
(13,12)
(48,0)
(30,13)
(5,1)
(15,0)
(20,1)
(2,9)
(34,10)
(52,17)
(37,14)
(2,18)
(44,11)
(34,3)
(26,17)
(16,5)
(29,6)
(28,12)
(53,2)
(21,18)
(28,2)
(72,1)
(42,2)
(8,17)
(65,0)
(65,10)
(65,2)
(67,19)
(44,9)
(55,14)
(1,1)
(40,2)
(65,18)
(28,14)
(52,14)
(39,15)
(42,18)
(67,5)
(47,8)
(13,6)
(17,14)
(64,12)
(34,7)
(6,4)
(32,0)
(67,9)
(54,4)
(15,9)
(47,10)
(0,12)
(52,16)
(1,13)
(64,7)
(64,11)
(17,6)
(17,14)
(55,9)
(55,6)
(71,3)
(33,2)
(7,17)
(34,8)
(63,6)
(4,5)
(4,10)
(12,0)
(16,14)
(14,1)
(25,15)
(71,19)
(28,12)
(43,3)
(26,1)
(71,0)
(29,7)
(19,14)
(36,8)
(46,3)
(70,4)
(21,15)
(20,3)
(60,18)
(1,4)
(59,1)
(63,16)
(17,6)
(27,17)
(12,2)
(31,10)
(58,5)
(15,2)
(60,8)
(19,12)
(72,0)
(43,12)
(44,5)
(27,5)
(10,0)
(42,13)
(46,11)
(20,6)
(50,5)
(24,0)
(25,3)
(65,15)
(13,7)
(4,8)
(23,4)
(72,11)
(38,0)
(15,5)
(38,17)
(9,11)
(42,12)
(8,17)
(4,0)
(16,4)
(49,4)
(37,16)
(20,13)
(58,5)
(1,3)
(44,5)
(34,2)
(53,7)
(47,16)
(67,1)
(8,17)
(7,4)
(68,2)
(36,6)
(67,1)
(66,0)
(72,13)
(21,2)
(39,4)
(64,9)
(12,16)
(23,2)
(55,6)
(63,12)
(3,1)
(12,14)
(8,18)
(34,3)
(46,17)
(36,4)
(56,5)
(19,1)
(56,3)
(60,2)
(18,6)
(38,11)
(53,2)
(52,9)
(11,2)
(25,0)
(18,9)
(11,0)
(27,18)
(12,5)
(4,19)
(50,2)
(34,11)
(45,6)
(39,1)
(24,10)
(69,0)
(60,4)
(43,15)
(4,9)
(48,11)
(27,1)
(49,0)
(56,2)
(42,3)
(17,12)
(65,1)
(20,14)
(26,4)
(49,10)
(11,14)
(2,1)
(48,18)
(14,7)
(26,11)
(14,4)
(20,15)
(65,4)
(61,4)
(59,1)
(38,8)
(36,6)
(5,15)
(36,19)
(41,14)
(40,3)
(48,17)
(61,3)
(23,12)
(44,14)
(59,5)
(53,19)
(39,5)
(3,18)
(47,4)
(45,6)
(50,3)
(18,8)
(45,4)
(4,10)
(16,18)
(45,0)
(11,19)
(2,17)
(44,15)
(46,11)
(9,11)
(63,5)
(36,19)
(38,5)
(64,1)
(15,6)
(35,15)
(70,5)
(41,9)
(56,1)
(42,1)
(48,3)
(55,5)
(61,3)
(10,8)
(57,3)
(35,7)
(70,8)
(8,12)
(13,12)
(59,2)
(29,0)
(62,7)
(15,18)
(7,9)
(53,13)
(59,10)
(65,12)
(25,5)
(23,4)
(45,3)
(46,15)
(67,8)
(4,12)
(5,8)
(11,5)
(18,19)
(34,4)
(52,1)
(53,10)
(27,8)
(18,5)
(50,6)
(45,5)
(43,3)
(39,19)
(53,3)
(27,2)
(56,6)
(40,9)
(30,0)
(36,17)
(29,7)
(44,10)
(66,18)
(56,4)
(50,0)
(3,12)
(70,1)
(34,3)
(26,9)
(57,17)
(70,0)
(16,13)
(53,8)
(28,1)
(59,10)
(24,17)
(58,2)
(5,5)
(72,14)
(45,0)
(19,2)
(57,2)
(24,8)
(52,4)
(47,0)
(28,1)
(66,19)
(69,14)
(27,3)
(15,12)
(72,0)
(6,14)
(70,18)
(22,0)
(24,4)
(69,10)
(47,8)
(24,1)
(31,9)
(13,2)
(65,0)
(5,2)
(48,9)
(8,4)
(28,14)
(25,10)
(54,0)
(26,6)
(16,16)
(27,6)
(65,5)
(68,2)
(56,4)
(44,3)
(7,4)
(26,5)
(3,13)
(46,18)
(37,1)
(67,0)
(47,6)
(7,5)
(16,18)
(25,10)
(54,6)
(36,9)
(59,1)
(44,9)
(32,12)
(6,5)
(64,0)
(15,0)
(0,11)
(17,4)
(12,8)
(69,2)
(29,9)
(55,4)
(70,6)
(0,8)
(13,0)
(18,12)
(26,0)
(65,12)
(0,11)
(71,10)
(58,4)
(11,3)
(48,4)
(43,13)
(49,0)
(70,9)
(39,3)
(62,0)
(71,15)
(0,14)
(48,3)
(56,15)
(10,16)
(72,6)
(21,17)
(64,10)
(71,6)
(1,7)
(54,7)
(6,0)
(18,9)
(34,5)
(67,8)
(71,13)
(71,1)
(49,10)
(28,0)
(9,0)
(1,8)
(31,16)
(70,9)
(55,9)
(70,7)
(32,11)
(43,8)
(27,11)
(27,0)
(66,13)
(15,4)
(47,12)
(15,9)
(25,4)
(56,0)
(72,8)
(16,9)
(8,1)
(23,9)
(37,16)
(65,17)
(39,8)
(62,11)
(58,18)
(5,2)
(17,14)
(66,8)
(54,5)
(34,0)
(25,18)
(57,13)
(45,12)
(18,0)
(23,4)
(23,12)
(50,13)
(39,5)
(18,17)
(41,14)
(43,3)
(56,2)
(60,3)
(18,9)
(5,19)
(11,12)
(44,16)
(49,2)
(40,3)
(29,11)
(13,0)
(53,4)
(57,2)
(27,4)
(60,0)
(67,4)
(45,7)
(41,9)
(46,14)
(64,1)
(29,2)
(38,4)
(26,11)
(63,2)
(63,1)
(28,14)
(19,8)
(37,8)
(70,14)
(49,4)
(30,15)
(22,1)
(55,3)
(36,9)
(40,3)
(41,13)
(13,7)
(36,5)
(58,7)
(53,12)
(48,17)
(70,1)
(40,2)
(1,6)
(28,5)
(37,6)
(22,11)
(29,10)
(31,12)
(19,9)
(22,13)
(37,0)
(34,10)
(49,11)
(22,0)
(31,1)
(28,1)
(53,11)
(56,11)
(52,8)
(17,15)
(17,16)
(21,2)
(62,3)
(15,15)
(3,9)
(29,2)
(64,13)
(0,1)
(15,4)
(17,11)
(54,19)
(47,12)
(10,15)
(12,0)
(37,8)
(19,17)
(66,17)
(12,19)
(33,6)
(11,14)
(17,5)
(4,5)
(70,16)
(71,19)
(16,13)
(14,6)
(65,0)
(61,18)
(2,8)
(54,7)
(24,9)
(16,6)
(72,7)
(63,0)
(33,5)
(60,16)
(3,7)
(28,14)
(47,0)
(38,0)
(44,13)
(57,9)
(7,6)
(15,3)
(26,16)
(50,3)
(37,2)
(40,15)
(43,1)
(71,0)
(14,9)
(4,2)
(70,1)
(28,15)
(65,12)
(2,1)
(5,11)
(14,1)
(18,1)
(26,8)
(67,6)
(15,8)
(9,2)
(62,12)
(63,4)
(61,7)
(60,3)
(7,1)
(5,5)
(66,8)
(55,0)
(49,2)
(32,10)
(63,2)
(50,6)
(30,8)
(34,1)
(53,18)
(44,15)
(64,2)
(3,16)
(66,1)
(12,19)
(37,3)
(33,18)
(66,11)
(21,6)
(66,6)
(24,13)
(64,4)
(16,1)
(50,0)
(70,13)
(52,10)
(33,8)
(27,7)
(61,11)
(7,8)
(48,4)
(45,11)
(43,18)
(57,7)
(30,18)
(4,7)
(61,7)
(35,0)
(37,12)
(30,11)
(69,11)
(59,11)
(3,7)
(53,8)
(2,15)
(16,2)
(32,17)
(22,4)
(18,18)
(62,12)
(55,11)
(42,5)
(58,0)
(29,9)
(17,8)
(26,4)
(8,2)
(8,2)
(48,16)
(39,17)
(62,1)
(64,11)
(72,0)
(60,10)
(15,2)
(1,3)
(26,14)
(13,12)
(45,3)
(46,4)
(46,0)
(14,6)
(15,4)
(62,14)
(41,3)
(53,0)
(22,5)
(67,4)
(24,18)
(2,17)
(12,5)
(59,8)
(20,3)
(4,8)
(53,18)
(39,5)
(50,9)
(48,8)
(62,6)
(6,5)
(7,16)
(26,0)
(16,12)
(52,7)
(16,2)
(30,19)
(60,0)
(10,15)
(66,15)
(3,8)
(19,13)
(71,18)
(11,4)
(36,4)
(56,9)
(66,5)
(10,10)
(49,19)
(56,4)
(41,9)
(8,13)
(22,3)
(41,9)
(1,8)
(35,3)
(68,12)
(24,0)
(63,12)
(49,10)
(59,19)
(6,19)
(6,19)
(70,6)
(13,15)
(55,7)
(69,6)
(47,0)
(19,7)
(15,18)
(72,11)
(29,16)
(15,6)
(0,1)
(44,0)
(6,18)
(19,8)
(2,1)
(0,7)
(67,7)
(42,9)
(33,17)
(7,9)
(25,11)
(61,11)
(67,13)
(40,1)
(35,3)
(65,7)
(25,4)
(24,5)
(18,4)
(46,18)
(51,4)
(5,10)
(2,4)
(61,17)
(10,10)
(27,4)
(60,5)
(25,17)
(9,8)
(51,9)
(7,15)
(21,1)
(70,5)
(35,10)
(3,3)
(46,8)
(29,12)
(20,0)
(2,17)
(7,5)
(53,5)
(25,3)
(24,6)
(51,17)
(34,6)
(69,4)
(64,9)
(15,7)
(8,19)
(7,5)
(3,0)
(42,3)
(65,4)
(63,9)
(37,8)
(61,2)
(23,4)
(50,2)
(47,5)
(40,2)
(56,12)
(10,11)
(19,10)
(34,17)
(38,0)
(54,10)
(34,6)
(25,16)
(28,14)
(25,7)
(18,2)
(34,7)
(72,0)
(59,10)
(47,1)
(0,18)
(19,0)
(67,5)
(48,15)
(19,5)
(22,9)
(17,4)
(41,6)
(8,2)
(9,5)
(1,6)
(54,1)
(18,9)
(61,11)
(40,4)
(9,8)
(32,12)
(57,13)
(11,4)
(60,1)
(8,4)
(42,1)
(11,3)
(61,5)
(39,0)
(59,16)
(69,17)
(22,17)
(43,16)
(34,16)
(33,3)
(53,5)
(24,13)
(68,1)
(39,7)
(35,19)
(52,2)
(49,1)
(34,15)
(71,2)
(41,8)
(42,19)
(71,14)
(58,11)
(28,6)
(43,10)
(36,1)
(3,9)
(66,2)
(43,0)
(23,8)
(39,5)
(29,18)
(42,13)
(24,1)
(38,7)
(69,19)
(43,14)
(67,2)
(48,1)
(31,19)
(56,18)
(41,4)
(43,0)
(48,0)
(15,10)
(15,5)
(49,16)
(0,4)
(39,1)
(36,15)
(48,17)
(63,19)
(11,1)
(32,9)
(70,18)
(59,18)
(48,18)
(37,3)
(15,8)
(25,3)
(30,10)
(71,8)
(27,12)
(5,3)
(59,8)
(6,1)
(71,0)
(2,5)
(9,14)
(1,6)
(51,16)
(8,1)
(33,2)
(51,2)
(72,5)
(48,19)
(52,17)
(11,0)
(13,0)
(7,7)
(40,1)
(63,1)
(37,0)
(63,14)
(70,4)
(21,4)
(62,15)
(62,1)
(47,0)
(43,5)
(48,12)
(24,9)
(21,14)
(23,17)
(53,4)
(22,12)
(69,4)
(19,7)
(13,2)
(20,6)
(28,13)
(54,13)
(33,0)
(26,10)
(15,0)
(37,8)
(29,6)
(19,15)
(28,16)
(5,2)
(6,2)
(4,7)
(37,4)
(27,2)
(41,1)
(51,11)
(49,19)
(65,0)
(31,8)
(38,0)
(0,4)
(21,11)
(21,1)
(44,6)
(64,5)
(1,16)
(8,7)
(40,12)
(6,19)
(63,2)
(45,12)
(18,5)
(9,4)
(57,3)
(62,18)
(26,0)
(45,3)
(43,9)
(51,3)
(22,10)
(7,16)
(56,0)
(64,6)
(34,5)
(1,6)
(18,15)
(10,14)
(22,11)
(54,19)
(2,4)
(32,0)
(47,14)
(16,4)
(50,16)
(52,7)
(34,0)
(65,2)
(14,7)
(46,6)
(18,15)
(56,12)
(63,13)
(25,0)
(40,6)
(38,9)
(28,14)
(38,5)
(10,3)
(13,10)
(46,3)
(23,9)
(63,16)
(47,0)
(24,4)
(57,6)
(21,8)
(13,2)
(53,9)
(32,19)
(26,1)
(6,6)
(5,7)
(17,6)
(1,13)
(17,18)
(50,15)
(31,1)
(34,1)
(26,0)
(35,12)
(41,9)
(36,9)
(46,8)
(38,0)
(30,2)
(61,0)
(31,6)
(25,11)
(37,2)
(2,0)
(18,0)
(19,17)
(24,0)
(27,7)
(70,19)
(62,7)
(69,4)
(51,19)
(5,17)
(51,5)
(57,11)
(7,10)
(25,0)
(44,5)
(23,1)
(60,18)
(60,13)
(29,8)
(47,0)
(54,4)
(66,1)
(4,13)
(68,8)
(27,19)
(20,14)
(16,13)
(15,9)
(50,9)
(36,13)
(50,4)
(72,16)
(41,3)
(13,7)
(25,15)
(16,1)
(18,15)
(54,6)
(3,4)
(23,14)
(58,18)
(55,5)
(8,5)
(40,14)
(18,17)
(63,14)
(56,12)
(47,19)
(29,12)
(33,9)
(3,16)
(47,3)
(52,1)
(9,1)
(24,6)
(4,9)
(37,17)
(26,18)
(4,5)
(10,1)
(7,10)
(7,3)
(44,10)
(48,2)
(21,5)
(66,16)
(13,15)
(67,5)
(60,3)
(10,7)
(11,3)
(57,2)
(4,0)
(54,8)
(70,13)
(49,2)
(58,7)
(50,5)
(20,13)
(70,1)
(11,0)
(1,3)
(50,17)
(27,6)
(2,0)
(71,14)
(67,5)
(18,6)
(7,16)
(53,1)
(39,7)
(12,10)
(2,15)
(6,2)
(28,17)
(0,8)
(0,7)
(72,8)
(27,12)
(28,5)
(14,0)
(71,12)
(17,19)
(17,0)
(7,15)
(33,2)
(50,0)
(69,1)
(57,5)
(63,6)
(13,16)
(52,11)
(12,13)
(61,10)
(2,1)
(54,3)
(55,8)
(35,10)
(39,2)
(16,13)
(45,9)
(45,14)
(3,1)
(58,18)
(37,13)
(66,10)
(31,15)
(35,1)
(5,3)
(12,7)
(59,7)
(13,1)
(12,3)
(51,8)
(66,0)
(37,8)
(18,6)
(71,9)
(69,13)
(71,5)
(38,11)
(29,2)
(47,16)
(25,2)
(4,7)
(36,6)
(62,2)
(44,4)
(5,12)
(6,13)
(5,17)
(31,2)
(5,18)
(42,4)
(6,18)
(41,18)
(40,8)
(43,6)
(48,5)
(29,5)
(14,12)
(5,12)
(71,0)
(16,7)
(59,10)
(43,3)
(19,10)
(6,16)
(54,1)
(23,7)
(19,2)
(19,1)
(55,8)
(18,15)
(72,11)
(11,17)
(41,9)
(48,0)
(17,16)
(60,1)
(68,5)
(48,2)
(58,19)
(55,10)
(1,2)
(14,2)
(61,0)
(25,10)
(58,5)
(13,5)
(18,17)
(57,7)
(31,1)
(11,0)
(32,5)
(2,7)
(43,7)
(66,10)
(10,1)
(3,1)
(17,4)
(46,2)
(25,15)
(68,9)
(45,0)
(46,19)
(49,11)
(60,10)
(56,18)
(25,0)
(28,0)
(40,16)
(32,2)
(68,14)
(6,15)
(61,15)
(59,0)
(72,4)
(25,1)
(70,1)
(25,18)
(63,14)
(39,3)
(14,4)
(28,2)
(38,11)
(57,12)
(23,7)
(41,8)
(32,3)
(19,0)
(43,9)
(66,18)
(64,11)
(52,1)
(54,8)
(38,0)
(11,4)
(17,10)
(48,2)
(15,0)
(48,6)
(72,2)
(2,5)
(17,7)
(71,10)
(52,7)
(33,7)
(5,9)
(55,0)
(25,2)
(16,11)
(17,3)
(41,3)
(56,9)
(45,7)
(21,0)
(62,8)
(33,5)
(68,10)
(12,4)
(6,15)
(58,0)
(28,8)
(11,8)
(54,1)
(20,4)
(28,19)
(71,9)
(42,14)
(7,8)
(58,0)
(51,3)
(64,1)
(11,4)
(54,14)
(72,10)
(67,0)
(29,17)
(53,0)
(46,10)
(24,0)
(61,2)
(49,6)
(34,13)
(14,9)
(23,0)
(33,1)
(28,9)
(66,8)
(33,0)
(59,6)
(44,2)
(35,2)
(8,19)
(65,17)
(0,5)
(59,1)
(28,16)
(19,11)
(24,18)
(51,12)
(26,8)
(66,2)
(38,9)
(29,0)
(22,2)
(3,2)
(18,14)
(7,7)
(28,13)
(16,9)
(26,0)
(7,13)
(41,9)
(25,7)
(17,8)
(47,17)
(37,0)
(55,6)
(4,10)
(54,12)
(35,9)
(22,2)
(49,4)
(48,0)
(21,16)
(60,12)
(31,14)
(65,0)
(8,2)
(0,9)
(4,2)
(42,5)
(34,19)
(69,2)
(33,1)
(56,0)
(9,2)
(59,3)
(22,6)
(31,9)
(6,0)
(38,13)
(9,1)
(60,19)
(46,17)
(13,9)
(0,0)
(14,15)
(5,10)
(31,5)
(26,11)
(51,8)
(30,17)
(72,14)
(23,18)
(17,0)
(50,17)
(65,18)
(24,14)
(36,18)
(53,11)
(4,17)
(39,15)
(39,1)
(56,19)
(66,18)
(53,0)
(1,0)
(40,7)
(4,1)
(28,16)
(16,0)
(41,1)
(63,18)
(11,14)
(0,15)
(69,5)
(70,0)
(16,10)
(38,14)
(46,19)
(22,7)
(59,5)
(0,0)
(40,13)
(27,10)
(32,5)
(1,8)
(70,0)
(54,15)
(31,2)
(24,13)
(38,11)
(35,16)
(57,5)
(20,0)
(64,0)
(37,11)
(0,17)
(44,6)
(16,1)
(53,3)
(17,6)
(63,6)
(72,13)
(20,14)
(22,11)
(37,12)
(10,4)
(58,12)
(9,6)
(9,9)
(69,2)
(48,10)
(60,16)
(61,6)
(28,11)
(65,5)
(16,5)
(10,16)
(7,9)
(5,12)
(30,9)
(2,17)
(2,0)
(52,19)
(68,3)
(52,5)
(17,11)
(36,1)
(58,1)
(34,5)
(10,3)
(56,14)
(19,13)
(27,18)
(10,4)
(55,10)
(47,16)
(3,2)
(68,4)
(50,12)
(29,10)
(23,7)
(43,18)
(38,5)
(67,6)
(71,1)
(51,0)
(1,3)
(9,4)
(72,14)
(10,3)
(41,11)
(64,7)
(63,2)
(6,13)
(63,11)
(41,4)
(22,2)
(66,2)
(61,8)
(47,2)
(71,0)
(61,3)
(60,2)
(4,3)
(65,7)
(61,2)
(50,0)
(12,4)
(27,10)
(9,11)
(2,0)
(28,8)
(6,6)
(5,14)
(44,14)
(62,1)
(34,3)
(70,0)
(51,12)
(29,1)
(42,4)
(0,17)
(43,12)
(38,6)
(40,14)
(69,0)
(44,11)
(15,0)
(0,3)
(30,0)
(67,18)
(56,13)
(8,6)
(4,18)
(24,5)
(1,13)
(19,17)
(41,7)
(58,13)
(30,3)
(1,3)
(34,8)
(48,2)
(67,13)
(5,14)
(14,5)
(69,16)
(39,10)
(16,13)
(38,15)
(21,11)
(52,5)
(13,13)
(71,17)
(37,4)
(65,3)
(18,14)
(70,15)
(63,5)
(14,4)
(10,18)
(30,14)
(65,13)
(45,12)
(40,15)
(2,12)
(45,3)
(44,3)
(27,1)
(21,3)
(35,9)
(37,2)
(51,5)
(44,16)
(59,5)
(71,15)
(1,19)
(57,14)
(62,7)
(53,0)
(48,17)
(54,3)
(70,0)
(14,7)
(30,8)
(66,12)
(49,13)
(57,0)
(3,0)
(7,6)
(57,8)
(52,6)
(11,7)
(44,6)
(9,12)
(45,9)
(25,0)
(44,16)
(63,5)
(55,1)
(10,10)
(47,13)
(67,13)
(11,6)
(63,13)
(6,0)
(39,12)
(53,12)
(62,7)
(14,7)
(70,3)
(40,8)
(23,1)
(10,0)
(31,2)
(36,17)
(43,18)
(36,0)
(16,1)
(21,0)
(16,13)
(25,1)
(2,11)
(50,13)
(23,13)
(71,13)
(11,0)
(5,10)
(32,19)
(50,8)
(68,0)
(28,3)
(0,7)
(59,17)
(35,18)
(21,13)
(51,18)
(63,2)
(59,9)
(34,1)
(70,1)
(67,12)
(8,3)
(7,14)
(58,6)
(69,6)
(67,2)
(47,18)
(42,15)
(5,10)
(24,4)
(47,0)
(38,7)
(69,3)
(67,8)
(12,18)
(70,8)
(7,0)
(61,0)
(26,7)
(71,14)
(72,18)
(67,3)
(70,4)
(15,0)
(34,7)
(17,2)
(47,1)
(69,15)
(13,1)
(60,2)
(37,1)
(42,1)
(51,15)
(11,8)
(19,1)
(17,3)
(42,1)
(24,17)
(40,0)
(26,1)
(53,11)
(70,12)
(71,8)
(64,10)
(38,0)
(36,1)
(15,0)
(49,2)
(35,16)
(15,19)
(46,1)
(46,7)
(39,1)
(21,13)
(4,10)
(29,10)
(40,16)
(19,3)
(31,19)
(12,17)
(39,12)
(70,4)
(62,0)
(37,14)
(44,6)
(32,12)
(65,8)
(12,12)
(41,9)
(56,10)
(10,6)
(20,0)
(19,17)
(43,3)
(50,12)
(11,17)
(27,19)
(59,12)
(65,8)
(13,4)
(24,3)
(60,9)
(21,17)
(6,15)
(38,7)
(29,4)
(36,0)
(34,1)
(57,15)
(60,9)
(53,4)
(17,15)
(51,1)
(36,13)
(4,11)
(26,6)
(13,5)
(26,4)
(21,18)
(0,4)
(20,8)
(3,0)
(53,17)
(66,13)
(44,0)
(54,17)
(57,10)
(53,18)
(64,4)
(7,9)
(16,7)
(7,8)
(28,8)
(22,11)
(1,8)
(20,11)
(61,10)
(44,0)
(59,0)
(60,5)
(20,12)
(2,17)
(54,1)
(26,6)
(16,1)
(51,14)
(38,2)
(51,19)
(72,4)
(54,0)
(1,8)
(58,11)
(70,5)
(12,19)
(24,12)
(53,1)
(47,13)
(72,8)
(27,6)
(47,9)
(65,10)
(6,12)
(28,12)
(28,4)
(24,5)
(4,3)
(21,18)
(41,8)
(57,1)
(15,3)
(44,0)
(50,14)
(62,3)
(65,14)
(57,0)
(22,6)
(34,2)
(34,3)
(52,11)
(57,16)
(63,16)
(14,5)
(27,13)
(43,13)
(10,3)
(33,3)
(52,1)
(6,7)
(30,6)
(46,2)
(6,3)
(42,11)
(46,7)
(0,2)
(29,17)
(16,7)
(72,5)
(66,14)
(9,10)
(32,1)
(40,19)
(46,12)
(36,6)
(52,3)
(37,2)
(54,14)
(68,9)
(21,2)
(17,2)
(68,13)
(58,1)
(45,6)
(26,15)
(62,2)
(0,12)
(17,9)
(24,18)
(40,12)
(39,9)
(9,8)
(8,1)
(56,7)
(28,12)
(14,1)
(37,11)
(9,16)
(28,0)
(34,5)
(13,10)
(34,0)
(49,7)
(70,5)
(28,2)
(61,13)
(5,1)
(16,2)
(66,0)
(3,0)
(7,1)
(67,3)
(30,11)
(65,3)
(68,13)
(1,15)
(7,14)
(0,19)
(5,9)
(67,15)
(47,0)
(18,16)
(60,4)
(37,0)
(66,10)
(71,8)
(64,1)
(69,13)
(33,8)
(29,10)
(64,6)
(53,18)
(8,3)
(20,17)
(71,13)
(64,12)
(27,6)
(33,6)
(41,7)
(25,3)
(38,17)
(65,7)
(61,19)
(8,9)
(16,0)
(64,4)
(19,19)
(35,13)
(61,17)
(38,14)
(51,7)
(69,10)
(22,7)
(23,0)
(52,3)
(41,16)
(49,9)
(9,0)
(36,3)
(9,2)
(72,19)
(59,2)
(60,0)
(56,4)
(44,11)
(11,0)
(39,4)
(19,8)
(65,0)
(5,4)
(59,3)
(36,3)
(55,5)
(55,11)
(14,11)
(0,2)
(72,6)
(2,19)
(32,12)
(63,3)
(4,5)
(35,16)
(57,17)
(19,6)
(3,17)
(53,11)
(34,3)
(46,12)
(65,0)
(39,11)
(62,9)
(54,8)
(15,1)
(25,11)
(21,18)
(1,3)
(52,11)
(60,1)
(71,7)
(14,3)
(45,3)
(11,1)
(6,10)
(4,16)
(19,8)
(8,15)
(9,15)
(24,7)
(30,11)
(13,5)
(35,18)
(14,11)
(5,13)
(8,4)
(16,4)
(45,1)
(19,10)
(42,12)
(39,10)
(63,0)
(56,14)
(51,16)
(8,13)
(62,18)
(27,2)
(32,9)
(16,14)
(0,6)
(45,15)
(30,10)
(28,10)
(31,5)
(44,13)
(57,2)
(16,16)
(26,16)
(48,2)
(22,14)
(34,1)
(55,3)
(16,8)
(51,9)
(38,14)
(57,2)
(33,18)
(25,18)
(6,4)
(17,1)
(25,3)
(62,17)
(63,15)
(24,6)
(57,4)
(45,1)
(23,11)
(30,2)
(68,14)
(26,5)
(53,14)
(70,17)
(68,17)
(11,15)
(61,11)
(52,3)
(2,14)
(65,0)
(63,17)
(19,9)
(21,0)
(58,9)
(27,12)
(12,19)
(50,2)
(3,3)
(7,2)
(34,15)
(36,11)
(44,7)
(6,3)
(62,4)
(61,4)
(14,12)
(62,14)
(45,18)
(54,4)
(42,18)
(20,13)
(10,4)
(52,15)
(51,19)
(10,14)
(2,2)
(6,4)
(2,6)
(13,19)
(17,16)
(42,0)
(70,11)
(62,14)
(50,1)
(49,0)
(38,2)
(32,16)
(31,13)
(8,5)
(20,9)
(50,12)
(27,8)
(26,1)
(71,19)
(2,8)
(17,15)
(19,1)
(24,18)
(64,3)
(15,8)
(28,11)
(59,9)
(19,17)
(34,18)
(33,9)
(69,10)
(47,11)
(29,2)
(54,12)
(32,8)
(16,8)
(38,5)
(61,11)
(4,16)
(71,4)
(34,18)
(29,19)
(62,2)
(62,17)
(46,7)
(36,6)
(53,9)
(29,14)
(14,3)
(24,12)
(35,9)
(57,3)
(20,0)
(28,14)
(10,4)
(3,9)
(43,0)
(5,15)
(30,1)
(17,11)
(1,6)
(41,8)
(12,10)
(26,3)
(23,19)
(24,18)
(12,8)
(52,3)
(21,3)
(63,9)
(8,11)
(53,9)
(18,8)
(11,16)
(8,0)
(70,2)
(49,0)
(36,4)
(65,9)
(21,0)
(72,7)
(63,2)
(6,0)
(38,5)
(42,4)
(43,16)
(62,2)
(25,18)
(44,2)
(20,10)
(70,8)
(45,18)
(38,9)
(56,1)
(61,3)
(28,5)
(66,8)
(33,8)
(69,2)
(14,2)
(16,4)
(65,2)
(47,11)
(40,1)
(57,4)
(14,12)
(39,1)
(36,4)
(47,9)
(39,8)
(71,2)
(43,3)
(67,7)
(44,3)
(49,2)
(32,1)
(10,11)
(7,0)
(11,10)
(22,12)
(38,1)
(51,8)
(48,0)
(62,5)
(5,1)
(12,0)
(61,6)
(4,3)
(19,3)
(25,8)
(1,1)
(34,0)
(37,8)
(31,12)
(27,2)
(40,16)
(3,2)
(27,7)
(66,2)
(69,0)
(30,17)
(27,0)
(54,5)
(27,11)
(66,18)
(51,1)
(71,17)
(52,1)
(44,15)
(20,13)
(65,16)
(62,5)
(19,1)
(8,3)
(26,13)
(56,6)
(48,7)
(39,12)
(49,3)
(23,2)
(59,0)
(4,19)
(60,13)
(11,0)
(45,14)
(66,14)
(14,11)
(54,0)
(18,0)
(68,0)
(65,17)
(6,9)
(57,17)
(41,8)
(33,12)
(39,15)
(43,7)
(41,5)
(34,3)
(1,18)
(45,5)
(51,1)
(49,13)
(24,18)
(67,7)
(1,3)
(1,0)
(2,4)
(52,10)
(51,3)
(52,8)
(70,2)
(5,7)
(37,10)
(18,0)
(58,7)
(33,16)
(21,12)
(2,16)
(20,1)
(3,0)
(25,4)
(18,3)
(1,3)
(27,6)
(27,0)
(7,4)
(60,4)
0.popular= 0.097333
1.popular= 0.072444
2.popular= 0.069778
3.popular= 0.063556
4.popular= 0.060889
5.popular= 0.056444
6.popular= 0.048889
7.popular= 0.047556
8.popular= 0.055556
9.popular= 0.048889
10.popular= 0.040889
11.popular= 0.042667
12.popular= 0.044889
13.popular= 0.040000
14.popular= 0.040889
15.popular= 0.032889
16.popular= 0.031556
17.popular= 0.036889
18.popular= 0.038667
19.popular= 0.029333

peer 0 neighbors is: 38, 72, 65, 18, 61, 14, 45, 55, 33, 46, 11, 
peer 1 neighbors is: 36, 68, 50, 21, 26, 18, 42, 23, 59, 19, 15, 
peer 2 neighbors is: 13, 31, 58, 56, 9, 59, 21, 8, 43, 40, 4, 17, 
peer 3 neighbors is: 8, 25, 32, 13, 67, 10, 21, 43, 52, 38, 4, 
peer 4 neighbors is: 23, 9, 69, 44, 72, 34, 3, 2, 20, 27, 
peer 5 neighbors is: 44, 69, 13, 33, 55, 23, 71, 19, 59, 34, 15, 17, 
peer 6 neighbors is: 21, 71, 56, 55, 44, 62, 70, 69, 33, 11, 
peer 7 neighbors is: 69, 65, 10, 71, 53, 67, 52, 43, 47, 41, 9, 15, 
peer 8 neighbors is: 2, 3, 42, 72, 51, 10, 24, 19, 31, 30, 20, 
peer 9 neighbors is: 2, 4, 31, 71, 15, 36, 7, 22, 52, 37, 18, 
peer 10 neighbors is: 3, 7, 8, 29, 40, 69, 19, 61, 32, 13, 11, 22, 46, 
peer 11 neighbors is: 6, 12, 10, 21, 64, 36, 61, 23, 13, 0, 17, 18, 
peer 12 neighbors is: 11, 32, 68, 28, 63, 59, 39, 36, 18, 26, 16, 
peer 13 neighbors is: 2, 3, 5, 10, 11, 44, 72, 59, 42, 32, 17, 
peer 14 neighbors is: 0, 63, 43, 50, 49, 64, 58, 37, 59, 24, 
peer 15 neighbors is: 9, 16, 53, 21, 26, 71, 37, 5, 1, 7, 
peer 16 neighbors is: 15, 29, 52, 12, 37, 21, 18, 57, 39, 44, 
peer 17 neighbors is: 5, 64, 11, 66, 28, 32, 69, 55, 13, 2, 
peer 18 neighbors is: 0, 1, 12, 16, 37, 47, 65, 9, 11, 54, 
peer 19 neighbors is: 1, 5, 8, 10, 51, 49, 56, 60, 50, 20, 
peer 20 neighbors is: 4, 19, 48, 70, 64, 45, 8, 55, 43, 37, 
peer 21 neighbors is: 1, 2, 3, 6, 11, 15, 16, 42, 53, 52, 
peer 22 neighbors is: 9, 45, 30, 69, 65, 32, 33, 10, 56, 37, 
peer 23 neighbors is: 1, 4, 5, 11, 
peer 24 neighbors is: 8, 14, 
peer 25 neighbors is: 3, 59, 48, 
peer 26 neighbors is: 1, 12, 15, 
peer 27 neighbors is: 4, 35, 
peer 28 neighbors is: 12, 17, 
peer 29 neighbors is: 10, 16, 
peer 30 neighbors is: 8, 22, 
peer 31 neighbors is: 2, 8, 9, 
peer 32 neighbors is: 3, 10, 12, 13, 17, 22, 
peer 33 neighbors is: 0, 5, 6, 22, 
peer 34 neighbors is: 4, 5, 
peer 35 neighbors is: 27, 54, 
peer 36 neighbors is: 1, 9, 11, 12, 
peer 37 neighbors is: 9, 14, 15, 16, 18, 20, 22, 
peer 38 neighbors is: 0, 3, 
peer 39 neighbors is: 12, 16, 62, 
peer 40 neighbors is: 2, 10, 
peer 41 neighbors is: 7, 58, 
peer 42 neighbors is: 1, 8, 13, 21, 
peer 43 neighbors is: 2, 3, 7, 14, 20, 
peer 44 neighbors is: 4, 5, 6, 13, 16, 
peer 45 neighbors is: 0, 20, 22, 
peer 46 neighbors is: 0, 10, 
peer 47 neighbors is: 7, 18, 
peer 48 neighbors is: 20, 25, 
peer 49 neighbors is: 14, 19, 
peer 50 neighbors is: 1, 14, 19, 
peer 51 neighbors is: 8, 19, 60, 
peer 52 neighbors is: 3, 7, 9, 16, 21, 
peer 53 neighbors is: 7, 15, 21, 
peer 54 neighbors is: 18, 35, 
peer 55 neighbors is: 0, 5, 6, 17, 20, 
peer 56 neighbors is: 2, 6, 19, 22, 
peer 57 neighbors is: 16, 66, 
peer 58 neighbors is: 2, 14, 41, 
peer 59 neighbors is: 1, 2, 5, 12, 13, 14, 25, 
peer 60 neighbors is: 19, 51, 
peer 61 neighbors is: 0, 10, 11, 
peer 62 neighbors is: 6, 39, 
peer 63 neighbors is: 12, 14, 
peer 64 neighbors is: 11, 14, 17, 20, 
peer 65 neighbors is: 0, 7, 18, 22, 
peer 66 neighbors is: 17, 57, 
peer 67 neighbors is: 3, 7, 
peer 68 neighbors is: 1, 12, 
peer 69 neighbors is: 4, 5, 6, 7, 10, 17, 22, 
peer 70 neighbors is: 6, 20, 
peer 71 neighbors is: 5, 6, 7, 9, 15, 
peer 72 neighbors is: 0, 4, 8, 13, 

