73 Users
20 Files
1500 Transactions
7 Maximum Connections
1 Cycle Length per Upload-Download
750 Warm-up Transactions
0.400000 Zipf constant
3 Pre-Trusted Users
53 Well-Behaved (Good) Users
0 Purely Malicious Users
0 Feedback Skewing Users
0 Malignant Providing Users
20 Disguised Malicous Users
0 Sybil Attack Users
true Intelligent Trans. Generation
1474142743517 Trace Generation Seed
0.5 F_PERC

(1.000000,0.000000,4,false)
(1.000000,0.000000,4,false)
(1.000000,0.000000,4,false)
(1.000000,0.000000,4,false)
(1.000000,0.000000,4,false)
(1.000000,0.000000,4,false)
(1.000000,0.000000,4,false)
(1.000000,0.000000,4,false)
(1.000000,0.000000,4,false)
(1.000000,0.000000,4,false)
(1.000000,0.000000,4,false)
(1.000000,0.000000,4,false)
(1.000000,0.000000,4,false)
(1.000000,0.000000,4,false)
(1.000000,0.000000,4,false)
(1.000000,0.000000,4,false)
(1.000000,0.000000,4,false)
(1.000000,0.000000,4,false)
(1.000000,0.000000,4,false)
(1.000000,0.000000,4,false)
(1.000000,1.000000,0,true)
(1.000000,1.000000,0,true)
(1.000000,1.000000,0,true)
(1.000000,1.000000,0,false)
(1.000000,1.000000,0,false)
(1.000000,1.000000,0,false)
(1.000000,1.000000,0,false)
(1.000000,1.000000,0,false)
(1.000000,1.000000,0,false)
(1.000000,1.000000,0,false)
(1.000000,1.000000,0,false)
(1.000000,1.000000,0,false)
(1.000000,1.000000,0,false)
(1.000000,1.000000,0,false)
(1.000000,1.000000,0,false)
(1.000000,1.000000,0,false)
(1.000000,1.000000,0,false)
(1.000000,1.000000,0,false)
(1.000000,1.000000,0,false)
(1.000000,1.000000,0,false)
(1.000000,1.000000,0,false)
(1.000000,1.000000,0,false)
(1.000000,1.000000,0,false)
(1.000000,1.000000,0,false)
(1.000000,1.000000,0,false)
(1.000000,1.000000,0,false)
(1.000000,1.000000,0,false)
(1.000000,1.000000,0,false)
(1.000000,1.000000,0,false)
(1.000000,1.000000,0,false)
(1.000000,1.000000,0,false)
(1.000000,1.000000,0,false)
(1.000000,1.000000,0,false)
(1.000000,1.000000,0,false)
(1.000000,1.000000,0,false)
(1.000000,1.000000,0,false)
(1.000000,1.000000,0,false)
(1.000000,1.000000,0,false)
(1.000000,1.000000,0,false)
(1.000000,1.000000,0,false)
(1.000000,1.000000,0,false)
(1.000000,1.000000,0,false)
(1.000000,1.000000,0,false)
(1.000000,1.000000,0,false)
(1.000000,1.000000,0,false)
(1.000000,1.000000,0,false)
(1.000000,1.000000,0,false)
(1.000000,1.000000,0,false)
(1.000000,1.000000,0,false)
(1.000000,1.000000,0,false)
(1.000000,1.000000,0,false)
(1.000000,1.000000,0,false)
(1.000000,1.000000,0,false)

(0,0,true)
(1,0,true)
(2,0,true)
(3,0,true)
(4,0,true)
(5,0,true)
(6,0,true)
(7,0,true)
(8,0,true)
(9,0,true)
(10,0,true)
(11,0,true)
(12,0,true)
(13,0,true)
(14,0,true)
(15,0,true)
(16,0,true)
(17,0,true)
(18,0,true)
(19,0,true)
(20,0,true)
(29,0,true)
(21,0,true)
(22,0,true)
(25,0,true)
(27,0,true)
(28,0,true)
(30,0,true)
(31,0,true)
(32,0,true)
(35,0,true)
(36,0,true)
(37,0,true)
(38,0,true)
(42,0,true)
(44,0,true)
(45,0,true)
(46,0,true)
(48,0,true)
(49,0,true)
(50,0,true)
(52,0,true)
(54,0,true)
(55,0,true)
(56,0,true)
(58,0,true)
(59,0,true)
(60,0,true)
(61,0,true)
(64,0,true)
(65,0,true)
(66,0,true)
(67,0,true)
(71,0,true)
(72,0,true)
(0,1,true)
(1,1,true)
(2,1,true)
(3,1,true)
(4,1,true)
(5,1,true)
(6,1,true)
(7,1,true)
(8,1,true)
(9,1,true)
(10,1,true)
(11,1,true)
(12,1,true)
(13,1,true)
(14,1,true)
(15,1,true)
(16,1,true)
(17,1,true)
(18,1,true)
(19,1,true)
(21,1,true)
(47,1,true)
(24,1,true)
(41,1,true)
(46,1,true)
(49,1,true)
(52,1,true)
(53,1,true)
(58,1,true)
(62,1,true)
(66,1,true)
(68,1,true)
(69,1,true)
(70,1,true)
(0,2,true)
(1,2,true)
(2,2,true)
(3,2,true)
(4,2,true)
(5,2,true)
(6,2,true)
(7,2,true)
(8,2,true)
(9,2,true)
(10,2,true)
(11,2,true)
(12,2,true)
(13,2,true)
(14,2,true)
(15,2,true)
(16,2,true)
(17,2,true)
(18,2,true)
(19,2,true)
(22,2,true)
(38,2,true)
(34,2,true)
(43,2,true)
(45,2,true)
(47,2,true)
(50,2,true)
(51,2,true)
(61,2,true)
(62,2,true)
(65,2,true)
(67,2,true)
(70,2,true)
(0,3,true)
(1,3,true)
(2,3,true)
(3,3,true)
(4,3,true)
(5,3,true)
(6,3,true)
(7,3,true)
(8,3,true)
(9,3,true)
(10,3,true)
(11,3,true)
(12,3,true)
(13,3,true)
(14,3,true)
(15,3,true)
(16,3,true)
(17,3,true)
(18,3,true)
(19,3,true)
(23,3,true)
(54,3,true)
(40,3,true)
(44,3,true)
(48,3,true)
(55,3,true)
(0,4,true)
(1,4,true)
(2,4,true)
(3,4,true)
(4,4,true)
(5,4,true)
(6,4,true)
(7,4,true)
(8,4,true)
(9,4,true)
(10,4,true)
(11,4,true)
(12,4,true)
(13,4,true)
(14,4,true)
(15,4,true)
(16,4,true)
(17,4,true)
(18,4,true)
(19,4,true)
(24,4,true)
(39,4,true)
(43,4,true)
(69,4,true)
(72,4,true)
(0,5,true)
(1,5,true)
(2,5,true)
(3,5,true)
(4,5,true)
(5,5,true)
(6,5,true)
(7,5,true)
(8,5,true)
(9,5,true)
(10,5,true)
(11,5,true)
(12,5,true)
(13,5,true)
(14,5,true)
(15,5,true)
(16,5,true)
(17,5,true)
(18,5,true)
(19,5,true)
(25,5,true)
(56,5,true)
(53,5,true)
(63,5,true)
(0,6,true)
(1,6,true)
(2,6,true)
(3,6,true)
(4,6,true)
(5,6,true)
(6,6,true)
(7,6,true)
(8,6,true)
(9,6,true)
(10,6,true)
(11,6,true)
(12,6,true)
(13,6,true)
(14,6,true)
(15,6,true)
(16,6,true)
(17,6,true)
(18,6,true)
(19,6,true)
(26,6,true)
(57,6,true)
(64,6,true)
(0,7,true)
(1,7,true)
(2,7,true)
(3,7,true)
(4,7,true)
(5,7,true)
(6,7,true)
(7,7,true)
(8,7,true)
(9,7,true)
(10,7,true)
(11,7,true)
(12,7,true)
(13,7,true)
(14,7,true)
(15,7,true)
(16,7,true)
(17,7,true)
(18,7,true)
(19,7,true)
(27,7,true)
(33,7,true)
(0,8,true)
(1,8,true)
(2,8,true)
(3,8,true)
(4,8,true)
(5,8,true)
(6,8,true)
(7,8,true)
(8,8,true)
(9,8,true)
(10,8,true)
(11,8,true)
(12,8,true)
(13,8,true)
(14,8,true)
(15,8,true)
(16,8,true)
(17,8,true)
(18,8,true)
(19,8,true)
(28,8,true)
(59,8,true)
(0,9,true)
(1,9,true)
(2,9,true)
(3,9,true)
(4,9,true)
(5,9,true)
(6,9,true)
(7,9,true)
(8,9,true)
(9,9,true)
(10,9,true)
(11,9,true)
(12,9,true)
(13,9,true)
(14,9,true)
(15,9,true)
(16,9,true)
(17,9,true)
(18,9,true)
(19,9,true)
(30,9,true)
(23,9,true)
(0,10,true)
(1,10,true)
(2,10,true)
(3,10,true)
(4,10,true)
(5,10,true)
(6,10,true)
(7,10,true)
(8,10,true)
(9,10,true)
(10,10,true)
(11,10,true)
(12,10,true)
(13,10,true)
(14,10,true)
(15,10,true)
(16,10,true)
(17,10,true)
(18,10,true)
(19,10,true)
(31,10,true)
(57,10,true)
(32,11,true)
(20,11,true)
(33,12,true)
(60,12,true)
(34,13,true)
(71,13,true)
(35,14,true)
(68,14,true)
(36,15,true)
(51,15,true)
(37,16,true)
(42,16,true)
(39,17,true)
(63,17,true)
(40,18,true)
(29,18,true)
(41,19,true)
(26,19,true)

0,-1,1,-1,-1,-1,-1,1,-1,-1,-1,-1,1,-1,1,-1,-1,-1,-1,-1,-1,-1,-1,-1,-1,-1,-1,-1,-1,1,-1,-1,-1,-1,1,-1,-1,-1,-1,-1,1,-1,-1,-1,1,-1,1,-1,-1,1,-1,-1,1,-1,-1,-1,-1,-1,-1,-1,-1,1,1,-1,-1,-1,-1,-1,-1,-1,-1,-1,-1,
-1,0,-1,-1,1,1,-1,-1,-1,-1,-1,-1,-1,-1,-1,-1,-1,-1,-1,-1,-1,1,-1,1,-1,-1,-1,-1,-1,-1,-1,-1,-1,-1,-1,-1,1,-1,-1,-1,-1,1,-1,-1,-1,-1,1,-1,-1,-1,-1,-1,-1,-1,1,1,-1,-1,1,-1,-1,-1,-1,-1,-1,-1,1,1,-1,1,-1,-1,-1,
1,-1,0,-1,-1,-1,1,1,1,1,-1,-1,-1,-1,-1,-1,-1,1,-1,-1,-1,-1,-1,-1,-1,-1,-1,-1,-1,-1,-1,-1,1,-1,1,-1,-1,-1,-1,-1,-1,-1,-1,-1,-1,1,-1,-1,-1,-1,1,-1,-1,-1,-1,-1,1,-1,-1,1,-1,-1,-1,-1,-1,-1,-1,-1,-1,-1,-1,1,-1,
-1,-1,-1,0,-1,-1,1,1,-1,-1,-1,1,-1,-1,-1,1,-1,-1,-1,-1,-1,-1,-1,-1,-1,-1,-1,-1,-1,-1,1,1,1,-1,-1,-1,-1,-1,-1,-1,1,-1,-1,-1,-1,1,-1,-1,-1,-1,-1,-1,-1,-1,-1,-1,1,-1,-1,-1,-1,1,-1,1,-1,-1,1,1,-1,-1,-1,-1,-1,
-1,1,-1,-1,0,-1,-1,-1,-1,-1,-1,1,-1,-1,-1,-1,-1,1,-1,-1,-1,1,-1,-1,-1,1,1,-1,-1,-1,-1,-1,-1,-1,-1,-1,-1,1,-1,-1,1,-1,1,-1,-1,-1,1,-1,-1,-1,-1,-1,-1,-1,-1,-1,1,-1,-1,-1,-1,-1,-1,-1,-1,-1,-1,-1,-1,-1,-1,-1,-1,
-1,1,-1,-1,-1,0,1,-1,-1,1,-1,-1,-1,-1,-1,-1,1,-1,-1,-1,-1,-1,-1,-1,1,-1,-1,-1,-1,-1,1,-1,-1,-1,-1,-1,-1,-1,-1,-1,-1,-1,-1,1,-1,-1,1,-1,-1,-1,-1,-1,-1,-1,-1,-1,-1,-1,-1,-1,1,-1,-1,-1,1,-1,-1,1,-1,-1,-1,-1,-1,
-1,-1,1,1,-1,1,0,-1,-1,1,1,-1,-1,-1,-1,-1,-1,-1,-1,-1,-1,-1,-1,-1,-1,-1,1,-1,-1,1,-1,-1,1,-1,-1,-1,-1,-1,-1,-1,-1,-1,1,-1,-1,-1,-1,-1,-1,-1,-1,1,-1,-1,-1,-1,-1,-1,-1,-1,-1,-1,-1,-1,1,-1,-1,-1,-1,-1,-1,-1,-1,
1,-1,1,1,-1,-1,-1,0,-1,-1,-1,-1,-1,-1,1,-1,-1,1,-1,1,-1,1,1,-1,-1,-1,-1,-1,-1,-1,-1,1,-1,-1,-1,1,-1,-1,-1,1,-1,-1,-1,-1,-1,-1,-1,-1,-1,-1,-1,-1,-1,-1,1,1,-1,-1,1,-1,-1,-1,-1,-1,-1,-1,-1,-1,-1,-1,-1,-1,-1,
-1,-1,1,-1,-1,-1,-1,-1,0,-1,1,-1,-1,1,-1,-1,1,-1,-1,1,-1,-1,-1,1,1,-1,1,1,-1,-1,-1,1,-1,-1,1,-1,-1,-1,1,-1,-1,-1,-1,-1,-1,-1,-1,1,-1,-1,-1,-1,-1,-1,-1,-1,-1,-1,-1,-1,-1,-1,-1,1,-1,-1,-1,-1,-1,-1,-1,-1,-1,
-1,-1,1,-1,-1,1,1,-1,-1,0,-1,-1,-1,-1,-1,-1,-1,1,-1,-1,-1,-1,1,-1,-1,-1,-1,-1,1,-1,-1,-1,-1,-1,-1,-1,-1,1,-1,-1,-1,-1,-1,-1,-1,-1,-1,-1,-1,1,-1,1,-1,-1,-1,-1,-1,-1,-1,-1,-1,-1,-1,-1,-1,-1,-1,-1,-1,-1,-1,-1,1,
-1,-1,-1,-1,-1,-1,1,-1,1,-1,0,1,-1,-1,-1,-1,-1,-1,-1,-1,-1,-1,1,-1,-1,-1,-1,1,-1,-1,-1,-1,-1,-1,-1,1,-1,-1,-1,-1,-1,-1,-1,-1,-1,1,-1,-1,-1,-1,-1,1,-1,-1,-1,-1,-1,-1,-1,1,-1,-1,-1,-1,-1,-1,1,-1,-1,-1,-1,1,-1,
-1,-1,-1,1,1,-1,-1,-1,-1,-1,1,0,-1,-1,-1,-1,1,-1,1,-1,1,-1,-1,-1,-1,-1,-1,-1,-1,-1,-1,-1,-1,-1,-1,1,-1,-1,-1,-1,-1,-1,-1,-1,-1,-1,-1,-1,1,1,-1,-1,1,-1,-1,-1,-1,-1,-1,-1,-1,-1,-1,-1,-1,1,-1,-1,-1,-1,-1,-1,-1,
1,-1,-1,-1,-1,-1,-1,-1,-1,-1,-1,-1,0,1,-1,1,-1,-1,1,-1,1,-1,-1,-1,-1,-1,-1,-1,-1,-1,-1,-1,-1,-1,-1,-1,-1,-1,-1,-1,1,-1,-1,-1,1,-1,-1,1,-1,-1,-1,-1,-1,-1,-1,-1,-1,-1,1,-1,-1,-1,-1,-1,1,-1,-1,-1,-1,-1,1,-1,-1,
-1,-1,-1,-1,-1,-1,-1,-1,1,-1,-1,-1,1,0,-1,-1,-1,1,-1,-1,-1,-1,-1,-1,-1,1,-1,-1,-1,1,-1,-1,-1,-1,1,-1,-1,-1,-1,-1,-1,-1,-1,-1,1,1,1,-1,-1,-1,-1,-1,-1,-1,-1,-1,-1,-1,-1,1,-1,-1,-1,-1,-1,-1,-1,-1,-1,-1,-1,-1,-1,
1,-1,-1,-1,-1,-1,-1,1,-1,-1,-1,-1,-1,-1,0,-1,1,-1,1,-1,-1,-1,-1,-1,-1,-1,1,-1,1,-1,-1,1,-1,-1,-1,-1,-1,-1,-1,1,-1,-1,-1,-1,-1,1,-1,-1,-1,-1,-1,-1,1,-1,-1,-1,-1,-1,-1,-1,-1,-1,-1,-1,-1,-1,-1,-1,-1,-1,-1,-1,-1,
-1,-1,-1,1,-1,-1,-1,-1,-1,-1,-1,-1,1,-1,-1,0,-1,-1,-1,-1,-1,-1,1,-1,1,-1,-1,-1,-1,-1,1,-1,-1,-1,-1,-1,-1,1,-1,-1,-1,-1,-1,-1,-1,-1,-1,-1,-1,-1,1,-1,-1,-1,-1,1,-1,-1,-1,-1,-1,-1,-1,-1,-1,-1,1,1,-1,-1,-1,1,-1,
-1,-1,-1,-1,-1,1,-1,-1,1,-1,-1,1,-1,-1,1,-1,0,-1,-1,-1,1,1,-1,1,-1,-1,-1,-1,1,1,-1,-1,-1,-1,-1,-1,-1,-1,-1,-1,-1,-1,1,-1,-1,-1,-1,-1,-1,-1,-1,-1,-1,-1,-1,-1,-1,-1,-1,-1,-1,-1,-1,-1,-1,1,-1,1,-1,-1,-1,-1,-1,
-1,-1,1,-1,1,-1,-1,1,-1,1,-1,-1,-1,1,-1,-1,-1,0,-1,-1,1,-1,-1,1,-1,-1,-1,-1,-1,1,-1,1,-1,-1,-1,-1,-1,-1,-1,-1,-1,-1,-1,-1,-1,-1,-1,-1,-1,-1,-1,-1,-1,-1,-1,1,-1,-1,-1,-1,-1,-1,-1,-1,-1,-1,-1,-1,-1,-1,-1,-1,1,
-1,-1,-1,-1,-1,-1,-1,-1,-1,-1,-1,1,1,-1,1,-1,-1,-1,0,-1,-1,-1,-1,-1,-1,-1,-1,-1,-1,-1,-1,1,-1,-1,-1,-1,-1,-1,-1,-1,-1,-1,-1,-1,1,-1,-1,-1,-1,-1,1,-1,-1,-1,-1,-1,-1,1,-1,-1,1,-1,1,-1,-1,-1,1,-1,-1,-1,-1,-1,-1,
-1,-1,-1,-1,-1,-1,-1,1,1,-1,-1,-1,-1,-1,-1,-1,-1,-1,-1,0,-1,1,1,-1,-1,-1,1,-1,-1,-1,-1,-1,-1,-1,-1,-1,1,-1,-1,-1,-1,-1,-1,1,-1,-1,-1,-1,-1,-1,1,-1,-1,-1,1,1,-1,-1,-1,-1,-1,1,-1,-1,-1,-1,-1,-1,-1,-1,1,-1,-1,
-1,-1,-1,-1,-1,-1,-1,-1,-1,-1,-1,1,1,-1,-1,-1,1,1,-1,-1,0,-1,-1,-1,1,-1,-1,-1,-1,-1,-1,-1,-1,-1,-1,-1,-1,-1,1,-1,-1,-1,-1,-1,-1,-1,-1,-1,-1,-1,1,-1,1,-1,-1,-1,-1,1,-1,-1,-1,-1,1,-1,-1,-1,-1,-1,-1,-1,-1,-1,-1,
-1,1,-1,-1,1,-1,-1,1,-1,-1,-1,-1,-1,-1,-1,-1,1,-1,-1,1,-1,0,1,-1,-1,-1,-1,-1,-1,-1,-1,-1,-1,1,-1,-1,-1,-1,1,-1,-1,-1,-1,-1,-1,1,-1,-1,1,-1,-1,-1,-1,-1,-1,-1,-1,-1,-1,-1,-1,1,-1,-1,-1,-1,-1,-1,-1,-1,-1,-1,-1,
-1,-1,-1,-1,-1,-1,-1,1,-1,1,1,-1,-1,-1,-1,1,-1,-1,-1,1,-1,1,0,1,-1,-1,-1,-1,-1,1,1,-1,-1,-1,-1,-1,-1,-1,-1,-1,-1,-1,-1,-1,-1,-1,-1,-1,-1,-1,-1,-1,-1,-1,-1,-1,-1,-1,-1,-1,1,-1,-1,-1,-1,-1,-1,-1,-1,-1,-1,-1,-1,
-1,1,-1,-1,-1,-1,-1,-1,1,-1,-1,-1,-1,-1,-1,-1,1,1,-1,-1,-1,-1,1,0,-1,-1,-1,-1,-1,-1,-1,-1,-1,-1,-1,-1,-1,-1,-1,-1,-1,-1,-1,-1,-1,-1,-1,-1,-1,-1,-1,-1,-1,-1,-1,-1,-1,-1,-1,-1,-1,-1,-1,-1,-1,-1,-1,-1,-1,-1,-1,-1,-1,
-1,-1,-1,-1,-1,1,-1,-1,1,-1,-1,-1,-1,-1,-1,1,-1,-1,-1,-1,1,-1,-1,-1,0,-1,-1,-1,-1,-1,-1,-1,-1,-1,-1,-1,-1,-1,-1,-1,-1,-1,-1,-1,-1,-1,-1,-1,-1,-1,-1,-1,-1,-1,-1,-1,-1,-1,-1,-1,-1,-1,-1,-1,-1,-1,-1,-1,-1,-1,-1,-1,-1,
-1,-1,-1,-1,1,-1,-1,-1,-1,-1,-1,-1,-1,1,-1,-1,-1,-1,-1,-1,-1,-1,-1,-1,-1,0,-1,-1,-1,-1,-1,-1,-1,-1,-1,-1,-1,-1,-1,-1,-1,-1,-1,-1,-1,-1,-1,-1,-1,-1,-1,-1,-1,-1,-1,-1,-1,-1,-1,-1,-1,-1,-1,-1,-1,-1,-1,-1,-1,-1,-1,-1,-1,
-1,-1,-1,-1,1,-1,1,-1,1,-1,-1,-1,-1,-1,1,-1,-1,-1,-1,1,-1,-1,-1,-1,-1,-1,0,-1,-1,-1,-1,-1,-1,-1,-1,-1,-1,-1,-1,-1,-1,-1,-1,-1,-1,-1,-1,-1,-1,-1,-1,-1,-1,-1,-1,-1,-1,-1,-1,-1,-1,-1,-1,-1,-1,-1,-1,-1,-1,-1,-1,-1,-1,
-1,-1,-1,-1,-1,-1,-1,-1,1,-1,1,-1,-1,-1,-1,-1,-1,-1,-1,-1,-1,-1,-1,-1,-1,-1,-1,0,-1,-1,-1,-1,-1,-1,-1,-1,-1,-1,-1,-1,-1,-1,-1,-1,-1,-1,-1,-1,-1,-1,-1,-1,-1,-1,-1,-1,-1,-1,-1,-1,-1,-1,-1,-1,-1,-1,-1,-1,-1,-1,-1,-1,-1,
-1,-1,-1,-1,-1,-1,-1,-1,-1,1,-1,-1,-1,-1,1,-1,1,-1,-1,-1,-1,-1,-1,-1,-1,-1,-1,-1,0,-1,-1,-1,-1,-1,-1,-1,-1,-1,-1,-1,-1,-1,-1,-1,-1,-1,-1,-1,-1,-1,-1,-1,-1,-1,-1,-1,-1,-1,-1,-1,-1,-1,-1,-1,-1,-1,-1,-1,-1,-1,-1,-1,-1,
1,-1,-1,-1,-1,-1,1,-1,-1,-1,-1,-1,-1,1,-1,-1,1,1,-1,-1,-1,-1,1,-1,-1,-1,-1,-1,-1,0,-1,-1,-1,-1,-1,-1,-1,-1,-1,-1,-1,-1,-1,-1,-1,-1,-1,-1,-1,-1,-1,-1,-1,-1,-1,-1,-1,-1,-1,-1,-1,-1,-1,-1,-1,-1,-1,-1,-1,-1,-1,-1,-1,
-1,-1,-1,1,-1,1,-1,-1,-1,-1,-1,-1,-1,-1,-1,1,-1,-1,-1,-1,-1,-1,1,-1,-1,-1,-1,-1,-1,-1,0,-1,-1,-1,-1,-1,-1,-1,-1,-1,-1,1,-1,-1,-1,-1,-1,-1,-1,-1,-1,-1,-1,-1,-1,-1,-1,-1,-1,-1,-1,-1,-1,-1,-1,-1,-1,-1,-1,-1,-1,-1,-1,
-1,-1,-1,1,-1,-1,-1,1,1,-1,-1,-1,-1,-1,1,-1,-1,1,1,-1,-1,-1,-1,-1,-1,-1,-1,-1,-1,-1,-1,0,-1,-1,-1,-1,-1,-1,-1,-1,-1,-1,-1,-1,-1,-1,-1,-1,-1,-1,-1,-1,-1,-1,-1,-1,-1,-1,-1,-1,-1,-1,-1,-1,-1,-1,-1,-1,1,-1,-1,-1,-1,
-1,-1,1,1,-1,-1,1,-1,-1,-1,-1,-1,-1,-1,-1,-1,-1,-1,-1,-1,-1,-1,-1,-1,-1,-1,-1,-1,-1,-1,-1,-1,0,1,-1,-1,-1,-1,-1,-1,-1,-1,-1,-1,-1,-1,-1,-1,-1,-1,-1,-1,-1,-1,-1,-1,-1,-1,-1,-1,-1,-1,-1,-1,-1,-1,-1,-1,-1,-1,-1,-1,-1,
-1,-1,-1,-1,-1,-1,-1,-1,-1,-1,-1,-1,-1,-1,-1,-1,-1,-1,-1,-1,-1,1,-1,-1,-1,-1,-1,-1,-1,-1,-1,-1,1,0,-1,-1,-1,-1,-1,-1,-1,-1,-1,-1,-1,-1,-1,-1,-1,-1,-1,-1,-1,-1,-1,-1,-1,-1,-1,-1,-1,-1,-1,-1,-1,-1,-1,-1,-1,-1,-1,-1,-1,
1,-1,1,-1,-1,-1,-1,-1,1,-1,-1,-1,-1,1,-1,-1,-1,-1,-1,-1,-1,-1,-1,-1,-1,-1,-1,-1,-1,-1,-1,-1,-1,-1,0,-1,-1,-1,-1,-1,-1,-1,-1,-1,-1,-1,-1,-1,-1,-1,-1,-1,-1,-1,-1,-1,-1,-1,-1,-1,-1,-1,-1,-1,-1,-1,-1,-1,-1,-1,-1,-1,-1,
-1,-1,-1,-1,-1,-1,-1,1,-1,-1,1,1,-1,-1,-1,-1,-1,-1,-1,-1,-1,-1,-1,-1,-1,-1,-1,-1,-1,-1,-1,-1,-1,-1,-1,0,-1,-1,-1,-1,-1,-1,-1,-1,-1,-1,-1,-1,-1,-1,-1,-1,-1,-1,-1,-1,-1,-1,-1,-1,-1,-1,-1,-1,-1,-1,-1,-1,-1,-1,-1,-1,-1,
-1,1,-1,-1,-1,-1,-1,-1,-1,-1,-1,-1,-1,-1,-1,-1,-1,-1,-1,1,-1,-1,-1,-1,-1,-1,-1,-1,-1,-1,-1,-1,-1,-1,-1,-1,0,-1,-1,-1,-1,-1,-1,-1,-1,-1,-1,-1,-1,-1,-1,-1,-1,-1,-1,-1,-1,-1,-1,-1,-1,-1,-1,-1,-1,-1,-1,-1,-1,-1,-1,-1,-1,
-1,-1,-1,-1,1,-1,-1,-1,-1,1,-1,-1,-1,-1,-1,1,-1,-1,-1,-1,-1,-1,-1,-1,-1,-1,-1,-1,-1,-1,-1,-1,-1,-1,-1,-1,-1,0,-1,-1,-1,-1,-1,-1,-1,-1,-1,-1,-1,-1,-1,-1,-1,-1,-1,-1,-1,-1,-1,-1,-1,-1,-1,-1,-1,-1,-1,-1,-1,-1,-1,-1,-1,
-1,-1,-1,-1,-1,-1,-1,-1,1,-1,-1,-1,-1,-1,-1,-1,-1,-1,-1,-1,1,1,-1,-1,-1,-1,-1,-1,-1,-1,-1,-1,-1,-1,-1,-1,-1,-1,0,-1,-1,-1,-1,-1,-1,-1,-1,-1,-1,-1,-1,-1,-1,-1,-1,-1,-1,-1,-1,-1,-1,-1,-1,-1,-1,-1,-1,-1,-1,-1,-1,-1,-1,
-1,-1,-1,-1,-1,-1,-1,1,-1,-1,-1,-1,-1,-1,1,-1,-1,-1,-1,-1,-1,-1,-1,-1,-1,-1,-1,-1,-1,-1,-1,-1,-1,-1,-1,-1,-1,-1,-1,0,-1,-1,-1,-1,-1,-1,-1,-1,-1,-1,-1,-1,-1,-1,-1,-1,-1,-1,-1,-1,-1,-1,-1,-1,-1,-1,-1,-1,-1,-1,-1,-1,-1,
1,-1,-1,1,1,-1,-1,-1,-1,-1,-1,-1,1,-1,-1,-1,-1,-1,-1,-1,-1,-1,-1,-1,-1,-1,-1,-1,-1,-1,-1,-1,-1,-1,-1,-1,-1,-1,-1,-1,0,-1,-1,-1,-1,-1,-1,-1,-1,-1,-1,-1,-1,-1,-1,-1,-1,-1,-1,-1,-1,-1,-1,-1,-1,-1,-1,-1,-1,-1,-1,-1,-1,
-1,1,-1,-1,-1,-1,-1,-1,-1,-1,-1,-1,-1,-1,-1,-1,-1,-1,-1,-1,-1,-1,-1,-1,-1,-1,-1,-1,-1,-1,1,-1,-1,-1,-1,-1,-1,-1,-1,-1,-1,0,-1,-1,-1,-1,-1,-1,-1,-1,-1,-1,-1,1,-1,-1,-1,-1,-1,-1,-1,-1,-1,-1,-1,-1,-1,-1,-1,-1,-1,-1,-1,
-1,-1,-1,-1,1,-1,1,-1,-1,-1,-1,-1,-1,-1,-1,-1,1,-1,-1,-1,-1,-1,-1,-1,-1,-1,-1,-1,-1,-1,-1,-1,-1,-1,-1,-1,-1,-1,-1,-1,-1,-1,0,-1,-1,-1,-1,-1,-1,-1,-1,-1,-1,-1,-1,-1,-1,-1,-1,-1,-1,-1,-1,-1,-1,-1,-1,-1,-1,-1,-1,-1,-1,
-1,-1,-1,-1,-1,1,-1,-1,-1,-1,-1,-1,-1,-1,-1,-1,-1,-1,-1,1,-1,-1,-1,-1,-1,-1,-1,-1,-1,-1,-1,-1,-1,-1,-1,-1,-1,-1,-1,-1,-1,-1,-1,0,-1,-1,-1,-1,-1,-1,-1,-1,-1,-1,-1,-1,-1,-1,-1,-1,-1,-1,-1,-1,-1,-1,-1,-1,-1,-1,-1,-1,-1,
1,-1,-1,-1,-1,-1,-1,-1,-1,-1,-1,-1,1,1,-1,-1,-1,-1,1,-1,-1,-1,-1,-1,-1,-1,-1,-1,-1,-1,-1,-1,-1,-1,-1,-1,-1,-1,-1,-1,-1,-1,-1,-1,0,-1,-1,-1,-1,-1,-1,-1,-1,-1,-1,-1,-1,-1,-1,-1,-1,-1,-1,-1,-1,-1,-1,-1,-1,-1,-1,-1,-1,
-1,-1,1,1,-1,-1,-1,-1,-1,-1,1,-1,-1,1,1,-1,-1,-1,-1,-1,-1,1,-1,-1,-1,-1,-1,-1,-1,-1,-1,-1,-1,-1,-1,-1,-1,-1,-1,-1,-1,-1,-1,-1,-1,0,-1,-1,-1,-1,-1,-1,-1,-1,-1,-1,-1,-1,-1,-1,-1,-1,-1,-1,-1,-1,-1,-1,-1,-1,-1,-1,-1,
1,1,-1,-1,1,1,-1,-1,-1,-1,-1,-1,-1,1,-1,-1,-1,-1,-1,-1,-1,-1,-1,-1,-1,-1,-1,-1,-1,-1,-1,-1,-1,-1,-1,-1,-1,-1,-1,-1,-1,-1,-1,-1,-1,-1,0,-1,-1,-1,-1,-1,-1,-1,-1,-1,-1,-1,-1,-1,-1,-1,-1,-1,-1,-1,-1,-1,-1,-1,-1,-1,-1,
-1,-1,-1,-1,-1,-1,-1,-1,1,-1,-1,-1,1,-1,-1,-1,-1,-1,-1,-1,-1,-1,-1,-1,-1,-1,-1,-1,-1,-1,-1,-1,-1,-1,-1,-1,-1,-1,-1,-1,-1,-1,-1,-1,-1,-1,-1,0,-1,-1,-1,-1,-1,-1,-1,-1,-1,-1,-1,-1,-1,-1,-1,-1,-1,-1,-1,-1,-1,-1,-1,-1,-1,
-1,-1,-1,-1,-1,-1,-1,-1,-1,-1,-1,1,-1,-1,-1,-1,-1,-1,-1,-1,-1,1,-1,-1,-1,-1,-1,-1,-1,-1,-1,-1,-1,-1,-1,-1,-1,-1,-1,-1,-1,-1,-1,-1,-1,-1,-1,-1,0,-1,-1,-1,-1,-1,-1,-1,-1,-1,-1,-1,-1,-1,-1,-1,-1,-1,-1,-1,-1,-1,-1,-1,-1,
1,-1,-1,-1,-1,-1,-1,-1,-1,1,-1,1,-1,-1,-1,-1,-1,-1,-1,-1,-1,-1,-1,-1,-1,-1,-1,-1,-1,-1,-1,-1,-1,-1,-1,-1,-1,-1,-1,-1,-1,-1,-1,-1,-1,-1,-1,-1,-1,0,-1,-1,-1,-1,-1,-1,-1,-1,-1,-1,-1,-1,-1,-1,-1,-1,-1,-1,-1,-1,-1,-1,-1,
-1,-1,1,-1,-1,-1,-1,-1,-1,-1,-1,-1,-1,-1,-1,1,-1,-1,1,1,1,-1,-1,-1,-1,-1,-1,-1,-1,-1,-1,-1,-1,-1,-1,-1,-1,-1,-1,-1,-1,-1,-1,-1,-1,-1,-1,-1,-1,-1,0,-1,-1,-1,-1,-1,-1,-1,-1,-1,-1,-1,-1,-1,-1,-1,-1,-1,-1,-1,-1,-1,-1,
-1,-1,-1,-1,-1,-1,1,-1,-1,1,1,-1,-1,-1,-1,-1,-1,-1,-1,-1,-1,-1,-1,-1,-1,-1,-1,-1,-1,-1,-1,-1,-1,-1,-1,-1,-1,-1,-1,-1,-1,-1,-1,-1,-1,-1,-1,-1,-1,-1,-1,0,-1,-1,-1,-1,-1,-1,-1,-1,-1,-1,-1,-1,-1,-1,-1,-1,-1,-1,-1,-1,-1,
1,-1,-1,-1,-1,-1,-1,-1,-1,-1,-1,1,-1,-1,1,-1,-1,-1,-1,-1,1,-1,-1,-1,-1,-1,-1,-1,-1,-1,-1,-1,-1,-1,-1,-1,-1,-1,-1,-1,-1,-1,-1,-1,-1,-1,-1,-1,-1,-1,-1,-1,0,-1,-1,-1,-1,-1,-1,-1,-1,-1,-1,-1,-1,-1,-1,-1,-1,-1,-1,-1,-1,
-1,-1,-1,-1,-1,-1,-1,-1,-1,-1,-1,-1,-1,-1,-1,-1,-1,-1,-1,-1,-1,-1,-1,-1,-1,-1,-1,-1,-1,-1,-1,-1,-1,-1,-1,-1,-1,-1,-1,-1,-1,1,-1,-1,-1,-1,-1,-1,-1,-1,-1,-1,-1,0,-1,-1,-1,-1,-1,-1,-1,-1,-1,-1,-1,-1,-1,-1,-1,1,-1,-1,-1,
-1,1,-1,-1,-1,-1,-1,1,-1,-1,-1,-1,-1,-1,-1,-1,-1,-1,-1,1,-1,-1,-1,-1,-1,-1,-1,-1,-1,-1,-1,-1,-1,-1,-1,-1,-1,-1,-1,-1,-1,-1,-1,-1,-1,-1,-1,-1,-1,-1,-1,-1,-1,-1,0,-1,-1,-1,-1,-1,-1,-1,-1,-1,-1,-1,-1,-1,-1,-1,-1,-1,-1,
-1,1,-1,-1,-1,-1,-1,1,-1,-1,-1,-1,-1,-1,-1,1,-1,1,-1,1,-1,-1,-1,-1,-1,-1,-1,-1,-1,-1,-1,-1,-1,-1,-1,-1,-1,-1,-1,-1,-1,-1,-1,-1,-1,-1,-1,-1,-1,-1,-1,-1,-1,-1,-1,0,-1,-1,-1,-1,-1,-1,-1,-1,-1,-1,-1,-1,1,-1,-1,-1,-1,
-1,-1,1,1,1,-1,-1,-1,-1,-1,-1,-1,-1,-1,-1,-1,-1,-1,-1,-1,-1,-1,-1,-1,-1,-1,-1,-1,-1,-1,-1,-1,-1,-1,-1,-1,-1,-1,-1,-1,-1,-1,-1,-1,-1,-1,-1,-1,-1,-1,-1,-1,-1,-1,-1,-1,0,-1,-1,-1,-1,-1,-1,-1,-1,-1,-1,-1,-1,-1,-1,-1,-1,
-1,-1,-1,-1,-1,-1,-1,-1,-1,-1,-1,-1,-1,-1,-1,-1,-1,-1,1,-1,1,-1,-1,-1,-1,-1,-1,-1,-1,-1,-1,-1,-1,-1,-1,-1,-1,-1,-1,-1,-1,-1,-1,-1,-1,-1,-1,-1,-1,-1,-1,-1,-1,-1,-1,-1,-1,0,-1,-1,-1,-1,-1,-1,-1,-1,-1,-1,-1,-1,-1,-1,-1,
-1,1,-1,-1,-1,-1,-1,1,-1,-1,-1,-1,1,-1,-1,-1,-1,-1,-1,-1,-1,-1,-1,-1,-1,-1,-1,-1,-1,-1,-1,-1,-1,-1,-1,-1,-1,-1,-1,-1,-1,-1,-1,-1,-1,-1,-1,-1,-1,-1,-1,-1,-1,-1,-1,-1,-1,-1,0,-1,-1,-1,-1,-1,-1,-1,-1,-1,-1,-1,-1,-1,-1,
-1,-1,1,-1,-1,-1,-1,-1,-1,-1,1,-1,-1,1,-1,-1,-1,-1,-1,-1,-1,-1,-1,-1,-1,-1,-1,-1,-1,-1,-1,-1,-1,-1,-1,-1,-1,-1,-1,-1,-1,-1,-1,-1,-1,-1,-1,-1,-1,-1,-1,-1,-1,-1,-1,-1,-1,-1,-1,0,-1,-1,-1,-1,-1,-1,-1,-1,-1,-1,-1,-1,-1,
-1,-1,-1,-1,-1,1,-1,-1,-1,-1,-1,-1,-1,-1,-1,-1,-1,-1,1,-1,-1,-1,1,-1,-1,-1,-1,-1,-1,-1,-1,-1,-1,-1,-1,-1,-1,-1,-1,-1,-1,-1,-1,-1,-1,-1,-1,-1,-1,-1,-1,-1,-1,-1,-1,-1,-1,-1,-1,-1,0,-1,-1,-1,-1,-1,-1,-1,-1,-1,-1,-1,-1,
1,-1,-1,1,-1,-1,-1,-1,-1,-1,-1,-1,-1,-1,-1,-1,-1,-1,-1,1,-1,1,-1,-1,-1,-1,-1,-1,-1,-1,-1,-1,-1,-1,-1,-1,-1,-1,-1,-1,-1,-1,-1,-1,-1,-1,-1,-1,-1,-1,-1,-1,-1,-1,-1,-1,-1,-1,-1,-1,-1,0,-1,-1,-1,-1,-1,-1,-1,-1,-1,-1,-1,
1,-1,-1,-1,-1,-1,-1,-1,-1,-1,-1,-1,-1,-1,-1,-1,-1,-1,1,-1,1,-1,-1,-1,-1,-1,-1,-1,-1,-1,-1,-1,-1,-1,-1,-1,-1,-1,-1,-1,-1,-1,-1,-1,-1,-1,-1,-1,-1,-1,-1,-1,-1,-1,-1,-1,-1,-1,-1,-1,-1,-1,0,-1,-1,-1,-1,-1,-1,-1,-1,-1,-1,
-1,-1,-1,1,-1,-1,-1,-1,1,-1,-1,-1,-1,-1,-1,-1,-1,-1,-1,-1,-1,-1,-1,-1,-1,-1,-1,-1,-1,-1,-1,-1,-1,-1,-1,-1,-1,-1,-1,-1,-1,-1,-1,-1,-1,-1,-1,-1,-1,-1,-1,-1,-1,-1,-1,-1,-1,-1,-1,-1,-1,-1,-1,0,-1,-1,-1,-1,-1,-1,-1,-1,-1,
-1,-1,-1,-1,-1,1,1,-1,-1,-1,-1,-1,1,-1,-1,-1,-1,-1,-1,-1,-1,-1,-1,-1,-1,-1,-1,-1,-1,-1,-1,-1,-1,-1,-1,-1,-1,-1,-1,-1,-1,-1,-1,-1,-1,-1,-1,-1,-1,-1,-1,-1,-1,-1,-1,-1,-1,-1,-1,-1,-1,-1,-1,-1,0,-1,-1,-1,-1,-1,-1,-1,-1,
-1,-1,-1,-1,-1,-1,-1,-1,-1,-1,-1,1,-1,-1,-1,-1,1,-1,-1,-1,-1,-1,-1,-1,-1,-1,-1,-1,-1,-1,-1,-1,-1,-1,-1,-1,-1,-1,-1,-1,-1,-1,-1,-1,-1,-1,-1,-1,-1,-1,-1,-1,-1,-1,-1,-1,-1,-1,-1,-1,-1,-1,-1,-1,-1,0,-1,-1,-1,-1,-1,-1,-1,
-1,1,-1,1,-1,-1,-1,-1,-1,-1,1,-1,-1,-1,-1,1,-1,-1,1,-1,-1,-1,-1,-1,-1,-1,-1,-1,-1,-1,-1,-1,-1,-1,-1,-1,-1,-1,-1,-1,-1,-1,-1,-1,-1,-1,-1,-1,-1,-1,-1,-1,-1,-1,-1,-1,-1,-1,-1,-1,-1,-1,-1,-1,-1,-1,0,-1,-1,-1,-1,-1,-1,
-1,1,-1,1,-1,1,-1,-1,-1,-1,-1,-1,-1,-1,-1,1,1,-1,-1,-1,-1,-1,-1,-1,-1,-1,-1,-1,-1,-1,-1,-1,-1,-1,-1,-1,-1,-1,-1,-1,-1,-1,-1,-1,-1,-1,-1,-1,-1,-1,-1,-1,-1,-1,-1,-1,-1,-1,-1,-1,-1,-1,-1,-1,-1,-1,-1,0,-1,-1,-1,-1,-1,
-1,-1,-1,-1,-1,-1,-1,-1,-1,-1,-1,-1,-1,-1,-1,-1,-1,-1,-1,-1,-1,-1,-1,-1,-1,-1,-1,-1,-1,-1,-1,1,-1,-1,-1,-1,-1,-1,-1,-1,-1,-1,-1,-1,-1,-1,-1,-1,-1,-1,-1,-1,-1,-1,-1,1,-1,-1,-1,-1,-1,-1,-1,-1,-1,-1,-1,-1,0,-1,-1,-1,-1,
-1,1,-1,-1,-1,-1,-1,-1,-1,-1,-1,-1,-1,-1,-1,-1,-1,-1,-1,-1,-1,-1,-1,-1,-1,-1,-1,-1,-1,-1,-1,-1,-1,-1,-1,-1,-1,-1,-1,-1,-1,-1,-1,-1,-1,-1,-1,-1,-1,-1,-1,-1,-1,1,-1,-1,-1,-1,-1,-1,-1,-1,-1,-1,-1,-1,-1,-1,-1,0,-1,-1,-1,
-1,-1,-1,-1,-1,-1,-1,-1,-1,-1,-1,-1,1,-1,-1,-1,-1,-1,-1,1,-1,-1,-1,-1,-1,-1,-1,-1,-1,-1,-1,-1,-1,-1,-1,-1,-1,-1,-1,-1,-1,-1,-1,-1,-1,-1,-1,-1,-1,-1,-1,-1,-1,-1,-1,-1,-1,-1,-1,-1,-1,-1,-1,-1,-1,-1,-1,-1,-1,-1,0,-1,-1,
-1,-1,1,-1,-1,-1,-1,-1,-1,-1,1,-1,-1,-1,-1,1,-1,-1,-1,-1,-1,-1,-1,-1,-1,-1,-1,-1,-1,-1,-1,-1,-1,-1,-1,-1,-1,-1,-1,-1,-1,-1,-1,-1,-1,-1,-1,-1,-1,-1,-1,-1,-1,-1,-1,-1,-1,-1,-1,-1,-1,-1,-1,-1,-1,-1,-1,-1,-1,-1,-1,0,-1,
-1,-1,-1,-1,-1,-1,-1,-1,-1,1,-1,-1,-1,-1,-1,-1,-1,1,-1,-1,-1,-1,-1,-1,-1,-1,-1,-1,-1,-1,-1,-1,-1,-1,-1,-1,-1,-1,-1,-1,-1,-1,-1,-1,-1,-1,-1,-1,-1,-1,-1,-1,-1,-1,-1,-1,-1,-1,-1,-1,-1,-1,-1,-1,-1,-1,-1,-1,-1,-1,-1,-1,0,

(20,0)
(22,1)
(20,2)
(21,3)
(22,4)
(20,5)
(20,6)
(20,7)
(21,8)
(21,9)
(21,10)
(22,11)
(20,12)
(20,13)
(21,14)
(21,15)
(21,16)
(21,17)
(21,18)
(22,19)
(55,16)
(50,15)
(31,8)
(69,10)
(31,12)
(17,15)
(48,8)
(63,1)
(58,0)
(39,2)
(61,10)
(3,10)
(40,19)
(67,0)
(38,4)
(60,3)
(41,14)
(66,1)
(49,18)
(50,4)
(9,0)
(26,17)
(23,7)
(43,9)
(48,17)
(6,10)
(26,8)
(63,13)
(12,6)
(23,15)
(64,15)
(32,17)
(21,7)
(18,12)
(51,2)
(9,0)
(2,4)
(22,19)
(45,17)
(46,12)
(22,2)
(51,1)
(71,16)
(15,10)
(8,16)
(44,2)
(19,10)
(40,19)
(21,4)
(39,8)
(34,0)
(34,5)
(1,11)
(17,19)
(29,5)
(18,2)
(53,9)
(52,2)
(59,5)
(32,9)
(37,17)
(34,2)
(16,7)
(15,3)
(26,1)
(19,7)
(23,3)
(68,19)
(46,4)
(39,19)
(42,13)
(11,0)
(21,11)
(42,2)
(11,12)
(42,16)
(24,12)
(42,15)
(1,10)
(10,1)
(69,7)
(69,17)
(55,18)
(57,5)
(17,8)
(34,11)
(8,12)
(52,6)
(13,8)
(35,0)
(54,9)
(36,8)
(66,0)
(45,2)
(19,6)
(22,18)
(64,12)
(2,0)
(49,7)
(6,17)
(2,17)
(25,6)
(53,6)
(17,4)
(17,8)
(31,15)
(45,19)
(31,16)
(2,1)
(46,16)
(67,0)
(1,10)
(14,8)
(38,5)
(57,10)
(46,18)
(8,11)
(42,4)
(13,5)
(42,2)
(70,2)
(39,14)
(44,12)
(57,9)
(47,0)
(62,9)
(28,11)
(13,11)
(29,12)
(63,8)
(7,17)
(1,6)
(45,0)
(69,3)
(37,5)
(52,8)
(10,1)
(72,19)
(47,18)
(0,0)
(43,15)
(9,3)
(5,8)
(8,4)
(16,7)
(32,1)
(45,2)
(21,5)
(22,5)
(64,8)
(46,16)
(50,18)
(50,1)
(13,7)
(67,4)
(24,0)
(46,4)
(70,7)
(61,10)
(66,11)
(39,15)
(61,18)
(36,13)
(9,7)
(23,6)
(16,8)
(54,15)
(10,1)
(33,0)
(72,1)
(40,11)
(55,8)
(4,17)
(8,15)
(33,2)
(29,19)
(23,10)
(17,7)
(21,8)
(46,2)
(38,11)
(28,13)
(21,1)
(30,3)
(4,7)
(19,10)
(35,7)
(32,0)
(32,12)
(54,3)
(51,10)
(14,6)
(36,2)
(69,8)
(16,13)
(50,5)
(48,8)
(31,2)
(52,11)
(5,12)
(62,1)
(31,2)
(18,14)
(64,1)
(58,6)
(1,0)
(69,14)
(40,1)
(60,11)
(63,0)
(52,6)
(41,12)
(24,13)
(6,0)
(3,1)
(22,0)
(5,14)
(48,14)
(39,4)
(18,1)
(59,4)
(56,16)
(28,2)
(8,12)
(27,0)
(58,17)
(35,9)
(49,9)
(61,4)
(34,12)
(33,13)
(62,9)
(28,15)
(71,3)
(3,0)
(71,15)
(53,11)
(34,12)
(18,10)
(71,10)
(51,4)
(44,11)
(61,19)
(45,19)
(25,1)
(5,3)
(9,6)
(40,5)
(71,12)
(11,0)
(72,1)
(57,0)
(54,14)
(11,7)
(41,10)
(22,16)
(34,4)
(46,6)
(38,18)
(68,16)
(13,7)
(54,6)
(63,14)
(53,3)
(0,5)
(56,13)
(67,9)
(60,17)
(63,14)
(8,19)
(22,12)
(39,18)
(59,11)
(51,14)
(30,5)
(12,9)
(14,3)
(35,12)
(72,14)
(56,3)
(1,16)
(65,19)
(30,19)
(43,4)
(52,19)
(21,10)
(52,5)
(48,6)
(4,12)
(20,6)
(27,14)
(19,19)
(7,9)
(31,10)
(22,9)
(47,12)
(19,2)
(19,0)
(21,13)
(67,1)
(58,3)
(43,1)
(57,2)
(36,1)
(30,11)
(0,3)
(52,0)
(40,10)
(6,11)
(22,1)
(29,19)
(23,0)
(29,12)
(26,9)
(59,11)
(59,15)
(27,5)
(64,11)
(15,17)
(49,1)
(30,6)
(44,13)
(33,0)
(56,5)
(36,5)
(41,1)
(12,6)
(37,1)
(58,2)
(67,1)
(52,11)
(71,6)
(66,17)
(3,7)
(51,12)
(40,15)
(52,3)
(30,3)
(72,4)
(53,16)
(36,0)
(30,7)
(26,12)
(44,11)
(62,0)
(31,4)
(5,7)
(15,2)
(13,12)
(68,11)
(66,1)
(24,16)
(14,3)
(36,4)
(38,8)
(41,18)
(49,13)
(17,19)
(57,10)
(0,7)
(24,12)
(5,18)
(48,3)
(62,12)
(23,15)
(60,19)
(2,16)
(68,13)
(62,8)
(35,13)
(36,2)
(65,4)
(51,6)
(23,19)
(0,8)
(39,14)
(46,13)
(11,0)
(45,7)
(62,9)
(67,18)
(41,15)
(29,15)
(60,19)
(52,14)
(55,4)
(42,1)
(50,2)
(53,0)
(26,0)
(36,4)
(40,2)
(28,6)
(19,17)
(16,11)
(56,3)
(10,12)
(14,13)
(41,9)
(15,6)
(54,7)
(54,10)
(40,2)
(39,4)
(26,4)
(2,2)
(20,6)
(31,8)
(13,19)
(10,4)
(44,1)
(20,1)
(0,1)
(16,0)
(31,3)
(48,2)
(17,8)
(29,5)
(59,0)
(10,1)
(16,17)
(11,11)
(5,19)
(52,18)
(22,4)
(26,9)
(22,7)
(36,13)
(66,13)
(38,12)
(17,3)
(16,11)
(4,4)
(46,7)
(32,0)
(59,7)
(63,4)
(53,4)
(21,0)
(23,2)
(18,10)
(11,15)
(59,1)
(70,6)
(68,19)
(40,1)
(21,3)
(29,5)
(43,3)
(69,5)
(6,11)
(71,2)
(27,9)
(36,5)
(50,15)
(9,1)
(28,0)
(54,6)
(1,5)
(16,4)
(64,13)
(22,3)
(27,13)
(49,6)
(57,17)
(50,1)
(4,1)
(25,8)
(20,15)
(72,15)
(61,19)
(56,16)
(0,8)
(19,13)
(23,4)
(33,11)
(55,3)
(7,0)
(8,0)
(47,14)
(26,16)
(50,2)
(70,4)
(1,1)
(66,13)
(66,9)
(37,7)
(63,5)
(7,6)
(72,8)
(42,12)
(28,9)
(22,12)
(24,9)
(66,13)
(71,11)
(5,6)
(39,8)
(23,7)
(63,18)
(25,0)
(58,8)
(0,3)
(53,1)
(39,7)
(52,14)
(1,3)
(1,7)
(55,2)
(58,15)
(51,16)
(52,2)
(63,4)
(6,5)
(72,0)
(67,2)
(44,17)
(55,13)
(72,9)
(19,10)
(25,19)
(21,1)
(59,2)
(57,11)
(31,2)
(57,14)
(15,19)
(52,15)
(32,2)
(58,14)
(29,8)
(17,0)
(23,9)
(54,4)
(51,4)
(28,1)
(61,2)
(16,7)
(71,9)
(47,15)
(40,5)
(53,4)
(4,11)
(1,0)
(63,19)
(59,7)
(48,11)
(34,0)
(41,13)
(21,6)
(45,2)
(19,10)
(2,16)
(51,3)
(70,11)
(9,4)
(30,3)
(53,3)
(4,7)
(57,2)
(12,2)
(52,2)
(55,2)
(68,15)
(38,5)
(56,8)
(14,3)
(59,2)
(69,11)
(33,13)
(44,17)
(31,8)
(31,11)
(42,17)
(43,13)
(16,17)
(25,11)
(55,6)
(59,7)
(6,4)
(10,13)
(17,0)
(3,13)
(57,7)
(19,3)
(1,13)
(12,17)
(23,3)
(69,0)
(39,15)
(12,0)
(4,14)
(43,15)
(69,2)
(0,19)
(17,5)
(32,19)
(70,4)
(31,3)
(46,0)
(20,0)
(15,9)
(16,1)
(26,4)
(62,0)
(3,19)
(70,0)
(64,10)
(10,14)
(59,9)
(59,11)
(40,7)
(17,17)
(20,4)
(3,17)
(8,2)
(36,5)
(26,12)
(12,2)
(72,19)
(72,17)
(44,18)
(50,3)
(1,8)
(7,11)
(22,1)
(11,9)
(6,8)
(51,14)
(52,6)
(56,13)
(27,6)
(17,8)
(70,3)
(14,12)
(13,0)
(33,19)
(64,17)
(0,0)
(70,6)
(24,7)
(36,4)
(18,7)
(10,0)
(65,19)
(17,14)
(15,4)
(10,3)
(12,3)
(51,4)
(57,6)
(34,6)
(68,5)
(48,19)
(8,9)
(36,7)
(4,1)
(5,13)
(37,12)
(71,9)
(38,6)
(19,9)
(53,13)
(72,10)
(63,8)
(53,12)
(1,13)
(25,19)
(31,0)
(71,5)
(67,16)
(11,0)
(61,2)
(54,9)
(66,8)
(42,11)
(21,2)
(25,7)
(46,12)
(71,10)
(53,10)
(23,14)
(24,0)
(56,17)
(15,3)
(10,9)
(4,4)
(12,5)
(60,5)
(4,11)
(64,8)
(36,7)
(60,8)
(41,1)
(8,4)
(15,9)
(1,8)
(71,12)
(71,3)
(55,1)
(59,1)
(22,10)
(19,5)
(35,9)
(53,7)
(65,2)
(69,10)
(15,15)
(57,16)
(11,1)
(48,5)
(69,13)
(50,6)
(46,13)
(48,3)
(70,9)
(41,5)
(25,12)
(62,8)
(40,16)
(34,17)
(48,11)
(16,15)
(50,15)
(46,5)
(57,9)
(38,8)
(25,7)
(1,0)
(1,1)
(59,18)
(60,19)
(27,14)
(15,17)
(39,17)
(1,8)
(51,4)
(34,0)
(28,16)
(11,14)
(54,3)
(42,2)
(45,12)
(17,14)
(32,6)
(39,0)
(1,5)
(25,2)
(45,1)
(44,15)
(16,0)
(43,19)
(44,3)
(71,15)
(1,8)
(11,6)
(35,18)
(44,19)
(39,8)
(48,1)
(18,12)
(53,2)
(62,14)
(32,16)
(60,16)
(14,3)
(21,4)
(26,17)
(57,15)
(18,3)
(69,17)
(54,18)
(4,19)
(47,2)
(17,1)
(15,4)
(1,0)
(65,17)
(62,9)
(58,0)
(10,16)
(11,19)
(11,11)
(24,2)
(5,0)
(61,0)
(43,15)
(61,1)
(34,11)
(0,0)
(7,13)
(46,15)
(42,1)
(70,9)
(41,1)
(67,9)
(15,19)
(48,17)
(23,13)
(28,17)
(31,9)
(45,14)
(2,15)
(48,1)
(20,1)
(38,3)
(30,5)
(20,6)
(0,18)
(6,8)
(6,4)
(25,13)
(44,14)
(72,1)
(34,14)
(66,16)
(27,7)
(62,3)
(52,8)
(18,1)
(42,12)
(7,5)
(40,14)
(41,2)
(39,11)
(6,11)
(49,3)
(55,6)
(49,1)
(33,10)
(20,19)
(14,0)
(30,13)
(57,4)
(29,1)
(62,1)
(64,6)
(54,0)
(23,6)
(9,12)
(2,16)
(3,15)
(7,2)
(3,17)
(17,7)
(43,0)
(25,17)
(26,8)
(6,1)
(42,0)
(51,6)
(13,12)
(5,19)
(48,11)
(27,15)
(27,5)
(45,17)
(27,10)
(25,2)
(42,19)
(11,4)
(23,2)
(55,3)
(60,7)
(72,9)
(18,8)
(67,0)
(28,12)
(5,6)
(45,0)
(67,5)
(71,15)
(24,2)
(14,3)
(0,8)
(4,18)
(45,0)
(35,14)
(46,14)
(19,0)
(27,3)
(33,1)
(55,3)
(59,14)
(45,0)
(7,0)
(24,11)
(43,4)
(67,14)
(26,3)
(64,19)
(49,8)
(30,14)
(67,12)
(45,14)
(68,8)
(19,3)
(62,0)
(56,2)
(45,1)
(66,1)
(26,1)
(70,15)
(3,5)
(25,19)
(69,7)
(54,3)
(53,6)
(37,0)
(71,16)
(36,5)
(18,9)
(38,4)
(38,3)
(56,6)
(3,15)
(52,4)
(14,2)
(37,7)
(51,8)
(49,15)
(27,11)
(50,0)
(33,12)
(52,4)
(71,2)
(28,15)
(4,10)
(42,10)
(60,1)
(4,0)
(60,1)
(60,10)
(36,12)
(58,1)
(24,14)
(39,1)
(19,1)
(28,9)
(47,0)
(27,1)
(6,10)
(24,1)
(50,12)
(3,14)
(25,12)
(28,11)
(51,14)
(49,17)
(26,2)
(41,4)
(39,2)
(42,11)
(31,4)
(26,10)
(44,12)
(15,6)
(41,8)
(40,0)
(33,6)
(0,18)
(69,1)
(60,10)
(8,5)
(66,6)
(68,19)
(14,3)
(26,13)
(3,1)
(14,1)
(3,5)
(36,1)
(50,18)
(5,0)
(55,4)
(36,7)
(56,5)
(27,19)
(61,18)
(14,10)
(40,1)
(43,15)
(68,4)
(37,8)
(33,8)
(59,15)
(44,3)
(70,19)
(40,11)
(24,2)
(20,19)
(69,0)
(30,15)
(71,14)
(14,3)
(61,9)
(21,1)
(1,5)
(44,0)
(13,19)
(28,2)
(55,15)
(39,8)
(48,15)
(45,17)
(38,8)
(16,2)
(31,12)
(11,8)
(47,5)
(12,2)
(54,1)
(50,3)
(31,6)
(60,6)
(22,5)
(30,8)
(39,11)
(1,13)
(8,13)
(38,8)
(42,9)
(66,14)
(53,14)
(57,2)
(40,2)
(27,6)
(32,12)
(38,7)
(69,1)
(48,1)
(53,11)
(61,16)
(54,14)
(58,16)
(36,0)
(5,17)
(18,2)
(19,6)
(55,14)
(17,16)
(61,9)
(68,17)
(18,5)
(69,17)
(8,4)
(38,17)
(48,19)
(8,11)
(51,5)
(59,9)
(36,15)
(40,0)
(31,6)
(6,2)
(62,4)
(58,4)
(62,12)
(33,13)
(60,2)
(28,15)
(25,7)
(30,4)
(50,11)
(50,5)
(10,7)
(26,5)
(14,5)
(53,12)
(41,2)
(54,7)
(20,19)
(23,8)
(50,7)
(30,2)
(54,8)
(7,11)
(42,11)
(46,7)
(26,13)
(36,15)
(22,18)
(60,17)
(17,10)
(11,1)
(41,4)
(12,2)
(21,4)
(27,4)
(23,17)
(24,19)
(57,1)
(12,8)
(25,9)
(53,10)
(19,0)
(72,2)
(1,3)
(15,0)
(49,0)
(36,7)
(66,1)
(5,7)
(54,13)
(69,5)
(1,3)
(16,11)
(53,13)
(48,10)
(8,5)
(38,1)
(4,4)
(6,1)
(19,12)
(47,7)
(44,0)
(10,8)
(62,10)
(47,15)
(6,17)
(68,7)
(37,8)
(48,15)
(34,10)
(50,5)
(64,6)
(11,17)
(9,18)
(32,15)
(50,14)
(41,0)
(21,8)
(29,13)
(15,3)
(71,15)
(64,3)
(10,16)
(36,4)
(40,4)
(14,9)
(44,19)
(39,14)
(5,2)
(33,0)
(53,7)
(48,8)
(8,16)
(49,14)
(6,5)
(27,3)
(64,4)
(8,10)
(1,15)
(2,16)
(61,15)
(57,2)
(55,14)
(58,17)
(62,15)
(39,19)
(34,9)
(52,18)
(35,18)
(47,1)
(52,10)
(43,0)
(28,0)
(57,4)
(46,14)
(56,4)
(36,15)
(61,0)
(69,8)
(61,6)
(52,4)
(25,13)
(1,1)
(71,1)
(47,7)
(30,14)
(18,14)
(71,11)
(46,11)
(55,0)
(6,1)
(30,12)
(45,17)
(68,10)
(61,12)
(71,1)
(59,4)
(30,3)
(52,13)
(57,12)
(36,10)
(62,12)
(16,7)
(59,0)
(22,11)
(48,15)
(37,5)
(17,3)
(59,4)
(38,10)
(42,2)
(62,0)
(63,14)
(69,7)
(45,3)
(49,17)
(64,2)
(11,10)
(56,9)
(69,13)
(42,6)
(9,7)
(3,13)
(21,13)
(35,11)
(36,11)
(39,16)
(55,1)
(30,8)
(7,8)
(39,10)
(8,11)
(22,5)
(16,5)
(70,5)
(51,9)
(54,16)
(69,0)
(40,4)
(46,19)
(51,17)
(52,3)
(38,13)
(12,19)
(68,1)
(61,6)
(49,4)
(1,1)
(67,6)
(15,9)
(49,15)
(22,1)
(27,7)
(33,2)
(12,10)
(46,1)
(31,13)
(70,1)
(7,18)
(28,0)
(47,0)
(43,4)
(9,9)
(65,3)
(11,17)
(61,1)
(40,3)
(3,10)
(17,5)
(40,1)
(42,2)
(11,12)
(0,16)
(26,0)
(57,14)
(40,7)
(15,11)
(25,7)
(25,14)
(31,5)
(64,15)
(25,18)
(25,13)
(19,1)
(23,5)
(26,9)
(66,8)
(37,1)
(62,7)
(38,14)
(2,14)
(47,14)
(44,12)
(40,4)
(0,10)
(19,18)
(9,1)
(61,7)
(50,2)
(50,14)
(38,4)
(58,10)
(51,4)
(1,2)
(11,11)
(41,7)
(2,4)
(28,18)
(21,2)
(0,16)
(22,13)
(38,14)
(21,17)
(31,6)
(3,12)
(53,19)
(8,3)
(70,9)
(30,4)
(4,8)
(9,5)
(2,8)
(52,2)
(37,4)
(9,4)
(36,8)
(56,2)
(2,5)
(6,5)
(20,9)
(53,0)
(68,18)
(65,2)
(11,0)
(35,4)
(27,16)
(33,2)
(69,12)
(15,0)
(51,1)
(43,12)
(16,7)
(49,4)
(71,1)
(14,1)
(4,15)
(25,4)
(51,17)
(0,6)
(10,10)
(34,2)
(12,8)
(19,7)
(47,12)
(36,1)
(6,5)
(70,13)
(51,1)
(11,3)
(37,11)
(15,12)
(54,14)
(24,0)
(69,19)
(17,12)
(34,0)
(10,9)
(46,7)
(19,5)
(22,3)
(19,13)
(25,2)
(41,14)
(70,4)
(42,2)
(50,19)
(15,6)
(62,12)
(32,6)
(1,6)
(20,0)
(11,0)
(44,1)
(69,0)
(3,8)
(25,2)
(44,8)
(11,7)
(38,15)
(36,3)
(72,7)
(56,1)
(46,3)
(45,14)
(50,5)
(2,3)
(49,7)
(63,4)
(70,17)
(9,2)
(53,3)
(66,15)
(50,0)
(10,11)
(14,17)
(60,10)
(14,6)
(20,10)
(64,0)
(20,9)
(12,12)
(42,7)
(10,0)
(44,1)
(54,18)
(4,0)
(10,4)
(50,14)
(1,12)
(66,11)
(64,19)
(18,0)
(18,6)
(67,5)
(44,3)
(47,2)
(71,1)
(27,1)
(49,14)
(43,13)
(71,6)
(19,3)
(35,3)
(17,12)
(26,4)
(42,9)
(22,12)
(8,15)
(44,3)
(39,4)
(30,9)
(1,3)
(59,11)
(35,18)
(56,14)
(42,0)
(25,19)
(63,2)
(50,13)
(59,12)
(34,1)
(18,19)
(3,13)
(3,5)
(27,18)
(35,1)
(64,1)
(64,6)
(52,2)
(10,3)
(41,3)
(11,18)
(63,3)
(7,8)
(49,10)
(61,5)
(20,5)
(65,6)
(62,11)
(56,3)
(20,8)
(32,5)
(72,15)
(43,9)
(66,3)
(40,0)
(43,3)
(23,15)
(49,15)
(54,5)
(68,10)
(63,1)
(7,19)
(33,4)
(54,16)
(52,15)
(5,4)
(5,1)
(3,8)
(25,1)
(31,4)
(27,0)
(66,19)
(49,10)
(26,9)
(53,14)
(58,15)
(46,3)
(12,15)
(70,6)
(51,3)
(1,2)
(16,0)
(41,5)
(3,2)
(64,6)
(27,0)
(0,18)
(33,8)
(43,0)
(7,5)
(67,19)
(20,2)
(54,12)
(38,15)
(20,9)
(61,0)
(9,6)
(71,3)
(65,11)
(58,15)
(33,11)
(51,8)
(53,2)
(25,3)
(31,18)
(9,10)
(53,16)
(60,13)
(7,3)
(11,2)
(20,18)
(18,10)
(35,1)
(21,14)
(66,15)
(1,1)
(65,1)
(31,3)
(71,6)
(66,16)
(12,9)
(16,17)
(61,19)
(13,11)
(46,10)
(1,2)
(7,14)
(6,5)
(53,1)
(44,9)
(71,19)
(49,4)
(42,11)
(5,5)
(28,1)
(29,0)
(3,0)
(22,10)
(38,3)
(63,19)
(59,17)
(56,15)
(43,7)
(7,6)
(6,5)
(54,4)
(42,2)
(12,16)
(47,0)
(24,2)
(20,0)
(0,11)
(40,14)
(72,18)
(9,5)
(51,1)
(63,17)
(26,7)
(71,3)
(2,1)
(21,8)
(37,5)
(45,17)
(5,8)
(36,3)
(36,6)
(22,0)
(0,17)
(0,2)
(67,14)
(23,6)
(11,5)
(31,3)
(19,3)
(12,1)
(41,14)
(64,9)
(16,0)
(29,18)
(9,16)
(54,12)
(21,5)
(66,0)
(25,12)
(70,6)
(62,15)
(53,3)
(46,14)
(10,19)
(69,0)
(45,14)
(4,2)
(1,4)
(26,15)
(12,8)
(36,6)
(33,6)
(57,4)
(25,14)
(31,7)
(39,5)
(25,10)
(42,0)
(14,8)
(2,9)
(47,18)
(45,13)
(4,0)
(53,0)
(5,13)
(23,4)
(36,18)
(55,19)
(58,18)
(70,0)
(53,0)
(60,4)
(25,2)
(65,16)
(71,0)
(13,2)
(19,6)
(37,3)
(6,17)
(14,10)
(60,11)
(58,6)
(24,6)
(25,6)
(72,0)
(34,12)
(65,13)
(46,1)
(34,3)
(28,12)
(6,4)
(47,0)
(29,9)
(15,10)
(38,16)
(19,18)
(33,11)
(44,5)
(62,14)
(67,16)
(12,3)
(56,8)
(15,2)
(26,10)
(49,7)
(20,16)
(58,3)
(72,16)
(72,11)
(0,15)
(70,6)
(70,3)
(48,8)
(45,8)
(38,7)
(10,9)
(11,7)
(29,0)
(39,4)
(21,15)
(2,0)
(52,0)
(22,15)
(8,12)
(40,2)
(63,17)
(23,4)
(18,6)
(10,7)
(41,15)
(44,3)
(38,13)
(8,3)
(53,10)
(17,3)
(62,3)
(30,1)
(13,15)
(61,3)
(71,10)
(30,10)
(45,4)
(29,0)
(66,9)
(61,16)
(7,4)
(55,4)
(17,6)
(16,9)
(68,12)
(41,12)
(23,0)
(48,2)
(53,19)
(17,3)
(72,1)
(72,8)
(62,4)
(44,9)
(6,14)
(15,1)
(0,5)
(1,0)
(1,12)
(5,0)
(35,14)
(10,0)
(60,10)
(12,12)
(6,4)
(69,12)
(7,1)
(41,6)
(5,7)
(64,13)
(38,3)
(4,2)
(64,3)
(9,10)
(61,0)
(28,16)
(36,15)
(58,18)
(26,2)
(12,7)
(58,11)
(0,1)
(9,15)
(7,3)
(62,8)
(5,11)
(35,2)
(70,19)
(34,2)
(14,2)
(43,14)
(2,17)
(64,2)
(33,19)
(68,11)
(23,3)
(51,0)
(23,0)
(64,19)
(30,13)
(68,0)
(19,13)
(63,12)
(17,1)
(68,3)
(57,1)
(9,2)
(13,18)
(14,18)
(51,3)
(50,2)
(23,13)
(59,17)
(10,14)
(65,16)
(16,17)
(36,15)
(30,1)
(29,7)
(13,2)
(68,7)
(31,9)
(54,7)
(34,16)
(34,7)
(37,16)
(38,1)
(9,0)
(36,7)
(36,0)
(52,3)
(68,9)
(28,1)
(72,11)
(27,3)
(29,6)
(63,6)
(12,14)
(15,0)
(1,10)
(5,5)
(50,8)
(34,0)
(64,0)
(42,1)
(40,15)
(37,6)
(29,2)
(59,0)
(24,13)
(20,7)
(11,0)
(8,0)
(53,11)
(16,12)
(50,1)
(50,4)
(50,1)
(23,0)
(45,3)
(47,18)
(11,16)
(60,18)
(4,3)
(34,2)
(22,4)
(2,9)
(16,4)
(46,0)
(43,1)
(64,8)
(39,1)
(12,13)
(39,3)
(22,4)
(64,10)
(61,1)
(72,3)
(33,2)
(3,10)
(5,18)
(7,1)
(14,4)
(71,15)
(28,15)
(29,9)
(11,12)
(28,11)
(27,1)
(69,2)
(28,10)
(63,0)
(28,12)
(39,2)
(36,4)
(41,3)
(7,6)
(47,11)
(6,1)
(54,3)
(51,0)
(51,19)
(65,7)
(25,14)
(30,11)
(5,0)
(70,3)
(46,7)
(56,0)
(30,1)
(48,4)
(53,16)
(9,12)
(23,4)
(67,14)
(11,13)
(40,15)
(56,0)
(7,8)
(45,16)
(56,10)
(31,0)
(7,0)
(51,10)
(8,4)
(33,10)
(23,18)
(35,11)
(4,4)
(8,0)
(49,15)
(6,9)
(69,17)
(25,3)
(29,1)
(66,15)
(22,16)
(37,12)
(29,19)
(15,4)
(17,8)
(8,18)
(19,5)
(40,8)
(63,0)
(46,3)
(10,7)
(29,4)
(63,16)
(11,19)
(59,1)
(62,5)
(18,1)
(6,6)
(32,13)
(45,8)
(70,7)
(24,1)
(11,8)
(68,11)
(27,9)
(70,14)
(66,14)
(13,18)
(18,5)
(25,2)
(54,5)
(7,15)
(29,14)
(65,14)
(16,3)
(56,0)
(18,0)
(0,7)
(8,2)
(64,1)
(43,14)
(12,11)
(42,4)
(28,1)
(8,13)
(9,6)
(0,11)
(70,16)
(70,3)
(40,18)
(62,10)
(7,18)
(13,7)
(9,15)
(63,0)
(64,14)
(46,8)
(6,1)
(43,11)
(66,11)
(59,0)
(60,2)
(67,2)
(13,16)
(13,5)
(32,9)
(31,2)
(4,0)
(19,3)
(37,16)
(15,19)
(26,5)
(37,5)
(71,16)
(47,2)
(25,4)
(40,9)
(58,2)
(14,5)
(40,1)
(23,14)
(63,3)
(4,0)
(40,17)
(65,8)
(53,18)
(67,18)
(21,19)
(30,5)
(33,18)
(49,9)
(58,1)
(53,11)
(11,1)
(44,19)
(35,13)
(62,0)
(38,9)
(29,5)
(47,4)
(18,17)
(24,8)
(2,19)
(57,15)
(1,6)
(9,4)
(69,15)
(25,13)
(66,18)
(5,3)
(13,6)
(2,12)
(51,13)
(42,0)
(59,2)
(2,0)
(20,16)
(37,0)
(0,0)
(10,1)
(25,2)
(12,11)
(56,2)
(62,3)
(55,7)
(18,9)
(61,7)
(13,14)
(53,14)
(38,5)
(45,2)
(69,15)
(17,6)
(63,9)
(48,7)
(28,0)
(6,0)
(47,16)
(50,7)
(25,4)
(72,3)
(19,1)
(18,17)
(2,9)
(20,12)
(20,16)
(11,2)
(7,2)
(45,14)
(57,16)
(31,14)
(21,15)
(41,4)
(1,13)
(65,1)
(69,11)
(39,8)
(21,1)
(25,1)
(33,5)
(62,5)
(0,9)
(70,0)
(2,3)
(23,2)
(55,12)
(9,2)
(8,0)
(22,0)
(46,18)
(27,0)
(46,1)
(60,18)
(2,15)
(19,16)
(64,3)
(30,19)
(70,5)
(36,8)
(70,10)
(54,0)
(34,1)
(2,15)
(55,11)
(4,1)
(63,2)
(49,1)
(10,8)
(7,13)
(21,10)
(63,15)
(36,2)
(42,3)
(7,8)
(14,1)
(70,8)
(17,8)
(55,19)
(63,17)
(59,4)
(54,1)
(30,6)
(27,15)
(34,3)
(58,7)
(14,7)
(10,7)
(64,2)
(72,8)
(58,2)
(71,14)
(71,5)
(17,8)
(49,7)
(31,10)
(1,5)
(32,8)
(7,11)
(41,3)
(56,2)
(45,1)
(19,16)
(4,14)
(18,12)
(39,14)
(25,7)
(42,1)
(69,4)
(50,7)
(63,3)
(66,1)
(62,3)
(7,0)
(61,9)
(5,4)
(39,10)
(61,1)
(46,1)
(66,3)
(6,4)
(5,0)
(41,12)
(10,10)
(60,17)
(22,4)
(53,3)
(9,17)
(31,8)
(17,2)
(39,5)
(33,13)
(49,1)
(23,5)
(40,16)
(70,0)
(38,9)
(32,9)
(8,17)
(37,3)
(63,15)
(18,2)
(54,16)
(45,0)
(38,10)
(5,5)
(59,0)
(19,12)
(27,10)
(5,1)
(14,12)
(53,7)
(16,11)
(66,1)
(57,7)
(2,0)
(28,0)
(71,0)
(30,0)
(41,4)
(60,7)
(27,8)
(3,15)
(52,15)
(70,17)
(31,0)
(0,19)
(49,16)
(49,0)
(6,5)
(4,0)
(39,12)
(0,11)
(36,8)
(63,15)
(43,0)
(1,11)
(43,2)
(7,9)
(54,11)
(20,3)
(27,2)
(60,2)
(33,15)
(23,2)
(39,4)
(48,3)
(36,6)
(45,2)
(21,5)
(0,9)
(14,0)
(56,11)
(51,8)
(60,6)
(57,3)
(71,2)
(40,15)
(45,6)
(52,17)
(18,12)
(68,9)
(1,19)
(59,16)
(8,8)
(56,8)
(6,2)
(17,1)
(20,16)
(15,16)

(20,0)
(22,1)
(20,2)
(21,3)
(22,4)
(20,5)
(20,6)
(20,7)
(21,8)
(21,9)
(21,10)
(22,11)
(20,12)
(20,13)
(21,14)
(21,15)
(21,16)
(21,17)
(21,18)
(22,19)
(55,16)
(50,15)
(31,8)
(69,10)
(31,12)
(17,15)
(48,8)
(63,1)
(58,0)
(39,2)
(61,10)
(3,10)
(40,19)
(67,0)
(38,4)
(60,3)
(41,14)
(66,1)
(49,18)
(50,4)
(9,0)
(26,17)
(23,7)
(43,9)
(48,17)
(6,10)
(26,8)
(63,13)
(12,6)
(23,15)
(64,15)
(32,17)
(21,7)
(18,12)
(51,2)
(9,0)
(2,4)
(22,19)
(45,17)
(46,12)
(22,2)
(51,1)
(71,16)
(15,10)
(8,16)
(44,2)
(19,10)
(40,19)
(21,4)
(39,8)
(34,0)
(34,5)
(1,11)
(17,19)
(29,5)
(18,2)
(53,9)
(52,2)
(59,5)
(32,9)
(37,17)
(34,2)
(16,7)
(15,3)
(26,1)
(19,7)
(23,3)
(68,19)
(46,4)
(39,19)
(42,13)
(11,0)
(21,11)
(42,2)
(11,12)
(42,16)
(24,12)
(42,15)
(1,10)
(10,1)
(69,7)
(69,17)
(55,18)
(57,5)
(17,8)
(34,11)
(8,12)
(52,6)
(13,8)
(35,0)
(54,9)
(36,8)
(66,0)
(45,2)
(19,6)
(22,18)
(64,12)
(2,0)
(49,7)
(6,17)
(2,17)
(25,6)
(53,6)
(17,4)
(17,8)
(31,15)
(45,19)
(31,16)
(2,1)
(46,16)
(67,0)
(1,10)
(14,8)
(38,5)
(57,10)
(46,18)
(8,11)
(42,4)
(13,5)
(42,2)
(70,2)
(39,14)
(44,12)
(57,9)
(47,0)
(62,9)
(28,11)
(13,11)
(29,12)
(63,8)
(7,17)
(1,6)
(45,0)
(69,3)
(37,5)
(52,8)
(10,1)
(72,19)
(47,18)
(0,0)
(43,15)
(9,3)
(5,8)
(8,4)
(16,7)
(32,1)
(45,2)
(21,5)
(22,5)
(64,8)
(46,16)
(50,18)
(50,1)
(13,7)
(67,4)
(24,0)
(46,4)
(70,7)
(61,10)
(66,11)
(39,15)
(61,18)
(36,13)
(9,7)
(23,6)
(16,8)
(54,15)
(10,1)
(33,0)
(72,1)
(40,11)
(55,8)
(4,17)
(8,15)
(33,2)
(29,19)
(23,10)
(17,7)
(21,8)
(46,2)
(38,11)
(28,13)
(21,1)
(30,3)
(4,7)
(19,10)
(35,7)
(32,0)
(32,12)
(54,3)
(51,10)
(14,6)
(36,2)
(69,8)
(16,13)
(50,5)
(48,8)
(31,2)
(52,11)
(5,12)
(62,1)
(31,2)
(18,14)
(64,1)
(58,6)
(1,0)
(69,14)
(40,1)
(60,11)
(63,0)
(52,6)
(41,12)
(24,13)
(6,0)
(3,1)
(22,0)
(5,14)
(48,14)
(39,4)
(18,1)
(59,4)
(56,16)
(28,2)
(8,12)
(27,0)
(58,17)
(35,9)
(49,9)
(61,4)
(34,12)
(33,13)
(62,9)
(28,15)
(71,3)
(3,0)
(71,15)
(53,11)
(34,12)
(18,10)
(71,10)
(51,4)
(44,11)
(61,19)
(45,19)
(25,1)
(5,3)
(9,6)
(40,5)
(71,12)
(11,0)
(72,1)
(57,0)
(54,14)
(11,7)
(41,10)
(22,16)
(34,4)
(46,6)
(38,18)
(68,16)
(13,7)
(54,6)
(63,14)
(53,3)
(0,5)
(56,13)
(67,9)
(60,17)
(63,14)
(8,19)
(22,12)
(39,18)
(59,11)
(51,14)
(30,5)
(12,9)
(14,3)
(35,12)
(72,14)
(56,3)
(1,16)
(65,19)
(30,19)
(43,4)
(52,19)
(21,10)
(52,5)
(48,6)
(4,12)
(20,6)
(27,14)
(19,19)
(7,9)
(31,10)
(22,9)
(47,12)
(19,2)
(19,0)
(21,13)
(67,1)
(58,3)
(43,1)
(57,2)
(36,1)
(30,11)
(0,3)
(52,0)
(40,10)
(6,11)
(22,1)
(29,19)
(23,0)
(29,12)
(26,9)
(59,11)
(59,15)
(27,5)
(64,11)
(15,17)
(49,1)
(30,6)
(44,13)
(33,0)
(56,5)
(36,5)
(41,1)
(12,6)
(37,1)
(58,2)
(67,1)
(52,11)
(71,6)
(66,17)
(3,7)
(51,12)
(40,15)
(52,3)
(30,3)
(72,4)
(53,16)
(36,0)
(30,7)
(26,12)
(44,11)
(62,0)
(31,4)
(5,7)
(15,2)
(13,12)
(68,11)
(66,1)
(24,16)
(14,3)
(36,4)
(38,8)
(41,18)
(49,13)
(17,19)
(57,10)
(0,7)
(24,12)
(5,18)
(48,3)
(62,12)
(23,15)
(60,19)
(2,16)
(68,13)
(62,8)
(35,13)
(36,2)
(65,4)
(51,6)
(23,19)
(0,8)
(39,14)
(46,13)
(11,0)
(45,7)
(62,9)
(67,18)
(41,15)
(29,15)
(60,19)
(52,14)
(55,4)
(42,1)
(50,2)
(53,0)
(26,0)
(36,4)
(40,2)
(28,6)
(19,17)
(16,11)
(56,3)
(10,12)
(14,13)
(41,9)
(15,6)
(54,7)
(54,10)
(40,2)
(39,4)
(26,4)
(2,2)
(20,6)
(31,8)
(13,19)
(10,4)
(44,1)
(20,1)
(0,1)
(16,0)
(31,3)
(48,2)
(17,8)
(29,5)
(59,0)
(10,1)
(16,17)
(11,11)
(5,19)
(52,18)
(22,4)
(26,9)
(22,7)
(36,13)
(66,13)
(38,12)
(17,3)
(16,11)
(4,4)
(46,7)
(32,0)
(59,7)
(63,4)
(53,4)
(21,0)
(23,2)
(18,10)
(11,15)
(59,1)
(70,6)
(68,19)
(40,1)
(21,3)
(29,5)
(43,3)
(69,5)
(6,11)
(71,2)
(27,9)
(36,5)
(50,15)
(9,1)
(28,0)
(54,6)
(1,5)
(16,4)
(64,13)
(22,3)
(27,13)
(49,6)
(57,17)
(50,1)
(4,1)
(25,8)
(20,15)
(72,15)
(61,19)
(56,16)
(0,8)
(19,13)
(23,4)
(33,11)
(55,3)
(7,0)
(8,0)
(47,14)
(26,16)
(50,2)
(70,4)
(1,1)
(66,13)
(66,9)
(37,7)
(63,5)
(7,6)
(72,8)
(42,12)
(28,9)
(22,12)
(24,9)
(66,13)
(71,11)
(5,6)
(39,8)
(23,7)
(63,18)
(25,0)
(58,8)
(0,3)
(53,1)
(39,7)
(52,14)
(1,3)
(1,7)
(55,2)
(58,15)
(51,16)
(52,2)
(63,4)
(6,5)
(72,0)
(67,2)
(44,17)
(55,13)
(72,9)
(19,10)
(25,19)
(21,1)
(59,2)
(57,11)
(31,2)
(57,14)
(15,19)
(52,15)
(32,2)
(58,14)
(29,8)
(17,0)
(23,9)
(54,4)
(51,4)
(28,1)
(61,2)
(16,7)
(71,9)
(47,15)
(40,5)
(53,4)
(4,11)
(1,0)
(63,19)
(59,7)
(48,11)
(34,0)
(41,13)
(21,6)
(45,2)
(19,10)
(2,16)
(51,3)
(70,11)
(9,4)
(30,3)
(53,3)
(4,7)
(57,2)
(12,2)
(52,2)
(55,2)
(68,15)
(38,5)
(56,8)
(14,3)
(59,2)
(69,11)
(33,13)
(44,17)
(31,8)
(31,11)
(42,17)
(43,13)
(16,17)
(25,11)
(55,6)
(59,7)
(6,4)
(10,13)
(17,0)
(3,13)
(57,7)
(19,3)
(1,13)
(12,17)
(23,3)
(69,0)
(39,15)
(12,0)
(4,14)
(43,15)
(69,2)
(0,19)
(17,5)
(32,19)
(70,4)
(31,3)
(46,0)
(20,0)
(15,9)
(16,1)
(26,4)
(62,0)
(3,19)
(70,0)
(64,10)
(10,14)
(59,9)
(59,11)
(40,7)
(17,17)
(20,4)
(3,17)
(8,2)
(36,5)
(26,12)
(12,2)
(72,19)
(72,17)
(44,18)
(50,3)
(1,8)
(7,11)
(22,1)
(11,9)
(6,8)
(51,14)
(52,6)
(56,13)
(27,6)
(17,8)
(70,3)
(14,12)
(13,0)
(33,19)
(64,17)
(0,0)
(70,6)
(24,7)
(36,4)
(18,7)
(10,0)
(65,19)
(17,14)
(15,4)
(10,3)
(12,3)
(51,4)
(57,6)
(34,6)
(68,5)
(48,19)
(8,9)
(36,7)
(4,1)
(5,13)
(37,12)
(71,9)
(38,6)
(19,9)
(53,13)
(72,10)
(63,8)
(53,12)
(1,13)
(25,19)
(31,0)
(71,5)
(67,16)
(11,0)
(61,2)
(54,9)
(66,8)
(42,11)
(21,2)
(25,7)
(46,12)
(71,10)
(53,10)
(23,14)
(24,0)
(56,17)
(15,3)
(10,9)
(4,4)
(12,5)
(60,5)
(4,11)
(64,8)
(36,7)
(60,8)
(41,1)
(8,4)
(15,9)
(1,8)
(71,12)
(71,3)
(55,1)
(59,1)
(22,10)
(19,5)
(35,9)
(53,7)
(65,2)
(69,10)
(15,15)
(57,16)
(11,1)
(48,5)
(69,13)
(50,6)
(46,13)
(48,3)
(70,9)
(41,5)
(25,12)
(62,8)
(40,16)
(34,17)
(48,11)
(16,15)
(50,15)
(46,5)
(57,9)
(38,8)
(25,7)
(1,0)
(1,1)
(59,18)
(60,19)
(27,14)
(15,17)
(39,17)
(1,8)
(51,4)
(34,0)
(28,16)
(11,14)
(54,3)
(42,2)
(45,12)
(17,14)
(32,6)
(39,0)
(1,5)
(25,2)
(45,1)
(44,15)
(16,0)
(43,19)
(44,3)
(71,15)
(1,8)
(11,6)
(35,18)
(44,19)
(39,8)
(48,1)
(18,12)
(53,2)
(62,14)
(32,16)
(60,16)
(14,3)
(21,4)
(26,17)
(57,15)
(18,3)
(69,17)
(54,18)
(4,19)
(47,2)
(17,1)
(15,4)
(1,0)
(65,17)
(62,9)
(58,0)
(10,16)
(11,19)
(11,11)
(24,2)
(5,0)
(61,0)
(43,15)
(61,1)
(34,11)
(0,0)
(7,13)
(46,15)
(42,1)
(70,9)
(41,1)
(67,9)
(15,19)
(48,17)
(23,13)
(28,17)
(31,9)
(45,14)
(2,15)
(48,1)
(20,1)
(38,3)
(30,5)
(20,6)
(0,18)
(6,8)
(6,4)
(25,13)
(44,14)
(72,1)
(34,14)
(66,16)
(27,7)
(62,3)
(52,8)
(18,1)
(42,12)
(7,5)
(40,14)
(41,2)
(39,11)
(6,11)
(49,3)
(55,6)
(49,1)
(33,10)
(20,19)
(14,0)
(30,13)
(57,4)
(29,1)
(62,1)
(64,6)
(54,0)
(23,6)
(9,12)
(2,16)
(3,15)
(7,2)
(3,17)
(17,7)
(43,0)
(25,17)
(26,8)
(6,1)
(42,0)
(51,6)
(13,12)
(5,19)
(48,11)
(27,15)
(27,5)
(45,17)
(27,10)
(25,2)
(42,19)
(11,4)
(23,2)
(55,3)
(60,7)
(72,9)
(18,8)
(67,0)
(28,12)
(5,6)
(45,0)
(67,5)
(71,15)
(24,2)
(14,3)
(0,8)
(4,18)
(45,0)
(35,14)
(46,14)
(19,0)
(27,3)
(33,1)
(55,3)
(59,14)
(45,0)
(7,0)
(24,11)
(43,4)
(67,14)
(26,3)
(64,19)
(49,8)
(30,14)
(67,12)
(45,14)
(68,8)
(19,3)
(62,0)
(56,2)
(45,1)
(66,1)
(26,1)
(70,15)
(3,5)
(25,19)
(69,7)
(54,3)
(53,6)
(37,0)
(71,16)
(36,5)
(18,9)
(38,4)
(38,3)
(56,6)
(3,15)
(52,4)
(14,2)
(37,7)
(51,8)
(49,15)
(27,11)
(50,0)
(33,12)
(52,4)
(71,2)
(28,15)
(4,10)
(42,10)
(60,1)
(4,0)
(60,1)
(60,10)
(36,12)
(58,1)
(24,14)
(39,1)
(19,1)
(28,9)
(47,0)
(27,1)
(6,10)
(24,1)
(50,12)
(3,14)
(25,12)
(28,11)
(51,14)
(49,17)
(26,2)
(41,4)
(39,2)
(42,11)
(31,4)
(26,10)
(44,12)
(15,6)
(41,8)
(40,0)
(33,6)
(0,18)
(69,1)
(60,10)
(8,5)
(66,6)
(68,19)
(14,3)
(26,13)
(3,1)
(14,1)
(3,5)
(36,1)
(50,18)
(5,0)
(55,4)
(36,7)
(56,5)
(27,19)
(61,18)
(14,10)
(40,1)
(43,15)
(68,4)
(37,8)
(33,8)
(59,15)
(44,3)
(70,19)
(40,11)
(24,2)
(20,19)
(69,0)
(30,15)
(71,14)
(14,3)
(61,9)
(21,1)
(1,5)
(44,0)
(13,19)
(28,2)
(55,15)
(39,8)
(48,15)
(45,17)
(38,8)
(16,2)
(31,12)
(11,8)
(47,5)
(12,2)
(54,1)
(50,3)
(31,6)
(60,6)
(22,5)
(30,8)
(39,11)
(1,13)
(8,13)
(38,8)
(42,9)
(66,14)
(53,14)
(57,2)
(40,2)
(27,6)
(32,12)
(38,7)
(69,1)
(48,1)
(53,11)
(61,16)
(54,14)
(58,16)
(36,0)
(5,17)
(18,2)
(19,6)
(55,14)
(17,16)
(61,9)
(68,17)
(18,5)
(69,17)
(8,4)
(38,17)
(48,19)
(8,11)
(51,5)
(59,9)
(36,15)
(40,0)
(31,6)
(6,2)
(62,4)
(58,4)
(62,12)
(33,13)
(60,2)
(28,15)
(25,7)
(30,4)
(50,11)
(50,5)
(10,7)
(26,5)
(14,5)
(53,12)
(41,2)
(54,7)
(20,19)
(23,8)
(50,7)
(30,2)
(54,8)
(7,11)
(42,11)
(46,7)
(26,13)
(36,15)
(22,18)
(60,17)
(17,10)
(11,1)
(41,4)
(12,2)
(21,4)
(27,4)
(23,17)
(24,19)
(57,1)
(12,8)
(25,9)
(53,10)
(19,0)
(72,2)
(1,3)
(15,0)
(49,0)
(36,7)
(66,1)
(5,7)
(54,13)
(69,5)
(1,3)
(16,11)
(53,13)
(48,10)
(8,5)
(38,1)
(4,4)
(6,1)
(19,12)
(47,7)
(44,0)
(10,8)
(62,10)
(47,15)
(6,17)
(68,7)
(37,8)
(48,15)
(34,10)
(50,5)
(64,6)
(11,17)
(9,18)
(32,15)
(50,14)
(41,0)
(21,8)
(29,13)
(15,3)
(71,15)
(64,3)
(10,16)
(36,4)
(40,4)
(14,9)
(44,19)
(39,14)
(5,2)
(33,0)
(53,7)
(48,8)
(8,16)
(49,14)
(6,5)
(27,3)
(64,4)
(8,10)
(1,15)
(2,16)
(61,15)
(57,2)
(55,14)
(58,17)
(62,15)
(39,19)
(34,9)
(52,18)
(35,18)
(47,1)
(52,10)
(43,0)
(28,0)
(57,4)
(46,14)
(56,4)
(36,15)
(61,0)
(69,8)
(61,6)
(52,4)
(25,13)
(1,1)
(71,1)
(47,7)
(30,14)
(18,14)
(71,11)
(46,11)
(55,0)
(6,1)
(30,12)
(45,17)
(68,10)
(61,12)
(71,1)
(59,4)
(30,3)
(52,13)
(57,12)
(36,10)
(62,12)
(16,7)
(59,0)
(22,11)
(48,15)
(37,5)
(17,3)
(59,4)
(38,10)
(42,2)
(62,0)
(63,14)
(69,7)
(45,3)
(49,17)
(64,2)
(11,10)
(56,9)
(69,13)
(42,6)
(9,7)
(3,13)
(21,13)
(35,11)
(36,11)
(39,16)
(55,1)
(30,8)
(7,8)
(39,10)
(8,11)
(22,5)
(16,5)
(70,5)
(51,9)
(54,16)
(69,0)
(40,4)
(46,19)
(51,17)
(52,3)
(38,13)
(12,19)
(68,1)
(61,6)
(49,4)
(1,1)
(67,6)
(15,9)
(49,15)
(22,1)
(27,7)
(33,2)
(12,10)
(46,1)
(31,13)
(70,1)
(7,18)
(28,0)
(47,0)
(43,4)
(9,9)
(65,3)
(11,17)
(61,1)
(40,3)
(3,10)
(17,5)
(40,1)
(42,2)
(11,12)
(0,16)
(26,0)
(57,14)
(40,7)
(15,11)
(25,7)
(25,14)
(31,5)
(64,15)
(25,18)
(25,13)
(19,1)
(23,5)
(26,9)
(66,8)
(37,1)
(62,7)
(38,14)
(2,14)
(47,14)
(44,12)
(40,4)
(0,10)
(19,18)
(9,1)
(61,7)
(50,2)
(50,14)
(38,4)
(58,10)
(51,4)
(1,2)
(11,11)
(41,7)
(2,4)
(28,18)
(21,2)
(0,16)
(22,13)
(38,14)
(21,17)
(31,6)
(3,12)
(53,19)
(8,3)
(70,9)
(30,4)
(4,8)
(9,5)
(2,8)
(52,2)
(37,4)
(9,4)
(36,8)
(56,2)
(2,5)
(6,5)
(20,9)
(53,0)
(68,18)
(65,2)
(11,0)
(35,4)
(27,16)
(33,2)
(69,12)
(15,0)
(51,1)
(43,12)
(16,7)
(49,4)
(71,1)
(14,1)
(4,15)
(25,4)
(51,17)
(0,6)
(10,10)
(34,2)
(12,8)
(19,7)
(47,12)
(36,1)
(6,5)
(70,13)
(51,1)
(11,3)
(37,11)
(15,12)
(54,14)
(24,0)
(69,19)
(17,12)
(34,0)
(10,9)
(46,7)
(19,5)
(22,3)
(19,13)
(25,2)
(41,14)
(70,4)
(42,2)
(50,19)
(15,6)
(62,12)
(32,6)
(1,6)
(20,0)
(11,0)
(44,1)
(69,0)
(3,8)
(25,2)
(44,8)
(11,7)
(38,15)
(36,3)
(72,7)
(56,1)
(46,3)
(45,14)
(50,5)
(2,3)
(49,7)
(63,4)
(70,17)
(9,2)
(53,3)
(66,15)
(50,0)
(10,11)
(14,17)
(60,10)
(14,6)
(20,10)
(64,0)
(20,9)
(12,12)
(42,7)
(10,0)
(44,1)
(54,18)
(4,0)
(10,4)
(50,14)
(1,12)
(66,11)
(64,19)
(18,0)
(18,6)
(67,5)
(44,3)
(47,2)
(71,1)
(27,1)
(49,14)
(43,13)
(71,6)
(19,3)
(35,3)
(17,12)
(26,4)
(42,9)
(22,12)
(8,15)
(44,3)
(39,4)
(30,9)
(1,3)
(59,11)
(35,18)
(56,14)
(42,0)
(25,19)
(63,2)
(50,13)
(59,12)
(34,1)
(18,19)
(3,13)
(3,5)
(27,18)
(35,1)
(64,1)
(64,6)
(52,2)
(10,3)
(41,3)
(11,18)
(63,3)
(7,8)
(49,10)
(61,5)
(20,5)
(65,6)
(62,11)
(56,3)
(20,8)
(32,5)
(72,15)
(43,9)
(66,3)
(40,0)
(43,3)
(23,15)
(49,15)
(54,5)
(68,10)
(63,1)
(7,19)
(33,4)
(54,16)
(52,15)
(5,4)
(5,1)
(3,8)
(25,1)
(31,4)
(27,0)
(66,19)
(49,10)
(26,9)
(53,14)
(58,15)
(46,3)
(12,15)
(70,6)
(51,3)
(1,2)
(16,0)
(41,5)
(3,2)
(64,6)
(27,0)
(0,18)
(33,8)
(43,0)
(7,5)
(67,19)
(20,2)
(54,12)
(38,15)
(20,9)
(61,0)
(9,6)
(71,3)
(65,11)
(58,15)
(33,11)
(51,8)
(53,2)
(25,3)
(31,18)
(9,10)
(53,16)
(60,13)
(7,3)
(11,2)
(20,18)
(18,10)
(35,1)
(21,14)
(66,15)
(1,1)
(65,1)
(31,3)
(71,6)
(66,16)
(12,9)
(16,17)
(61,19)
(13,11)
(46,10)
(1,2)
(7,14)
(6,5)
(53,1)
(44,9)
(71,19)
(49,4)
(42,11)
(5,5)
(28,1)
(29,0)
(3,0)
(22,10)
(38,3)
(63,19)
(59,17)
(56,15)
(43,7)
(7,6)
(6,5)
(54,4)
(42,2)
(12,16)
(47,0)
(24,2)
(20,0)
(0,11)
(40,14)
(72,18)
(9,5)
(51,1)
(63,17)
(26,7)
(71,3)
(2,1)
(21,8)
(37,5)
(45,17)
(5,8)
(36,3)
(36,6)
(22,0)
(0,17)
(0,2)
(67,14)
(23,6)
(11,5)
(31,3)
(19,3)
(12,1)
(41,14)
(64,9)
(16,0)
(29,18)
(9,16)
(54,12)
(21,5)
(66,0)
(25,12)
(70,6)
(62,15)
(53,3)
(46,14)
(10,19)
(69,0)
(45,14)
(4,2)
(1,4)
(26,15)
(12,8)
(36,6)
(33,6)
(57,4)
(25,14)
(31,7)
(39,5)
(25,10)
(42,0)
(14,8)
(2,9)
(47,18)
(45,13)
(4,0)
(53,0)
(5,13)
(23,4)
(36,18)
(55,19)
(58,18)
(70,0)
(53,0)
(60,4)
(25,2)
(65,16)
(71,0)
(13,2)
(19,6)
(37,3)
(6,17)
(14,10)
(60,11)
(58,6)
(24,6)
(25,6)
(72,0)
(34,12)
(65,13)
(46,1)
(34,3)
(28,12)
(6,4)
(47,0)
(29,9)
(15,10)
(38,16)
(19,18)
(33,11)
(44,5)
(62,14)
(67,16)
(12,3)
(56,8)
(15,2)
(26,10)
(49,7)
(20,16)
(58,3)
(72,16)
(72,11)
(0,15)
(70,6)
(70,3)
(48,8)
(45,8)
(38,7)
(10,9)
(11,7)
(29,0)
(39,4)
(21,15)
(2,0)
(52,0)
(22,15)
(8,12)
(40,2)
(63,17)
(23,4)
(18,6)
(10,7)
(41,15)
(44,3)
(38,13)
(8,3)
(53,10)
(17,3)
(62,3)
(30,1)
(13,15)
(61,3)
(71,10)
(30,10)
(45,4)
(29,0)
(66,9)
(61,16)
(7,4)
(55,4)
(17,6)
(16,9)
(68,12)
(41,12)
(23,0)
(48,2)
(53,19)
(17,3)
(72,1)
(72,8)
(62,4)
(44,9)
(6,14)
(15,1)
(0,5)
(1,0)
(1,12)
(5,0)
(35,14)
(10,0)
(60,10)
(12,12)
(6,4)
(69,12)
(7,1)
(41,6)
(5,7)
(64,13)
(38,3)
(4,2)
(64,3)
(9,10)
(61,0)
(28,16)
(36,15)
(58,18)
(26,2)
(12,7)
(58,11)
(0,1)
(9,15)
(7,3)
(62,8)
(5,11)
(35,2)
(70,19)
(34,2)
(14,2)
(43,14)
(2,17)
(64,2)
(33,19)
(68,11)
(23,3)
(51,0)
(23,0)
(64,19)
(30,13)
(68,0)
(19,13)
(63,12)
(17,1)
(68,3)
(57,1)
(9,2)
(13,18)
(14,18)
(51,3)
(50,2)
(23,13)
(59,17)
(10,14)
(65,16)
(16,17)
(36,15)
(30,1)
(29,7)
(13,2)
(68,7)
(31,9)
(54,7)
(34,16)
(34,7)
(37,16)
(38,1)
(9,0)
(36,7)
(36,0)
(52,3)
(68,9)
(28,1)
(72,11)
(27,3)
(29,6)
(63,6)
(12,14)
(15,0)
(1,10)
(5,5)
(50,8)
(34,0)
(64,0)
(42,1)
(40,15)
(37,6)
(29,2)
(59,0)
(24,13)
(20,7)
(11,0)
(8,0)
(53,11)
(16,12)
(50,1)
(50,4)
(50,1)
(23,0)
(45,3)
(47,18)
(11,16)
(60,18)
(4,3)
(34,2)
(22,4)
(2,9)
(16,4)
(46,0)
(43,1)
(64,8)
(39,1)
(12,13)
(39,3)
(22,4)
(64,10)
(61,1)
(72,3)
(33,2)
(3,10)
(5,18)
(7,1)
(14,4)
(71,15)
(28,15)
(29,9)
(11,12)
(28,11)
(27,1)
(69,2)
(28,10)
(63,0)
(28,12)
(39,2)
(36,4)
(41,3)
(7,6)
(47,11)
(6,1)
(54,3)
(51,0)
(51,19)
(65,7)
(25,14)
(30,11)
(5,0)
(70,3)
(46,7)
(56,0)
(30,1)
(48,4)
(53,16)
(9,12)
(23,4)
(67,14)
(11,13)
(40,15)
(56,0)
(7,8)
(45,16)
(56,10)
(31,0)
(7,0)
(51,10)
(8,4)
(33,10)
(23,18)
(35,11)
(4,4)
(8,0)
(49,15)
(6,9)
(69,17)
(25,3)
(29,1)
(66,15)
(22,16)
(37,12)
(29,19)
(15,4)
(17,8)
(8,18)
(19,5)
(40,8)
(63,0)
(46,3)
(10,7)
(29,4)
(63,16)
(11,19)
(59,1)
(62,5)
(18,1)
(6,6)
(32,13)
(45,8)
(70,7)
(24,1)
(11,8)
(68,11)
(27,9)
(70,14)
(66,14)
(13,18)
(18,5)
(25,2)
(54,5)
(7,15)
(29,14)
(65,14)
(16,3)
(56,0)
(18,0)
(0,7)
(8,2)
(64,1)
(43,14)
(12,11)
(42,4)
(28,1)
(8,13)
(9,6)
(0,11)
(70,16)
(70,3)
(40,18)
(62,10)
(7,18)
(13,7)
(9,15)
(63,0)
(64,14)
(46,8)
(6,1)
(43,11)
(66,11)
(59,0)
(60,2)
(67,2)
(13,16)
(13,5)
(32,9)
(31,2)
(4,0)
(19,3)
(37,16)
(15,19)
(26,5)
(37,5)
(71,16)
(47,2)
(25,4)
(40,9)
(58,2)
(14,5)
(40,1)
(23,14)
(63,3)
(4,0)
(40,17)
(65,8)
(53,18)
(67,18)
(21,19)
(30,5)
(33,18)
(49,9)
(58,1)
(53,11)
(11,1)
(44,19)
(35,13)
(62,0)
(38,9)
(29,5)
(47,4)
(18,17)
(24,8)
(2,19)
(57,15)
(1,6)
(9,4)
(69,15)
(25,13)
(66,18)
(5,3)
(13,6)
(2,12)
(51,13)
(42,0)
(59,2)
(2,0)
(20,16)
(37,0)
(0,0)
(10,1)
(25,2)
(12,11)
(56,2)
(62,3)
(55,7)
(18,9)
(61,7)
(13,14)
(53,14)
(38,5)
(45,2)
(69,15)
(17,6)
(63,9)
(48,7)
(28,0)
(6,0)
(47,16)
(50,7)
(25,4)
(72,3)
(19,1)
(18,17)
(2,9)
(20,12)
(20,16)
(11,2)
(7,2)
(45,14)
(57,16)
(31,14)
(21,15)
(41,4)
(1,13)
(65,1)
(69,11)
(39,8)
(21,1)
(25,1)
(33,5)
(62,5)
(0,9)
(70,0)
(2,3)
(23,2)
(55,12)
(9,2)
(8,0)
(22,0)
(46,18)
(27,0)
(46,1)
(60,18)
(2,15)
(19,16)
(64,3)
(30,19)
(70,5)
(36,8)
(70,10)
(54,0)
(34,1)
(2,15)
(55,11)
(4,1)
(63,2)
(49,1)
(10,8)
(7,13)
(21,10)
(63,15)
(36,2)
(42,3)
(7,8)
(14,1)
(70,8)
(17,8)
(55,19)
(63,17)
(59,4)
(54,1)
(30,6)
(27,15)
(34,3)
(58,7)
(14,7)
(10,7)
(64,2)
(72,8)
(58,2)
(71,14)
(71,5)
(17,8)
(49,7)
(31,10)
(1,5)
(32,8)
(7,11)
(41,3)
(56,2)
(45,1)
(19,16)
(4,14)
(18,12)
(39,14)
(25,7)
(42,1)
(69,4)
(50,7)
(63,3)
(66,1)
(62,3)
(7,0)
(61,9)
(5,4)
(39,10)
(61,1)
(46,1)
(66,3)
(6,4)
(5,0)
(41,12)
(10,10)
(60,17)
(22,4)
(53,3)
(9,17)
(31,8)
(17,2)
(39,5)
(33,13)
(49,1)
(23,5)
(40,16)
(70,0)
(38,9)
(32,9)
(8,17)
(37,3)
(63,15)
(18,2)
(54,16)
(45,0)
(38,10)
(5,5)
(59,0)
(19,12)
(27,10)
(5,1)
(14,12)
(53,7)
(16,11)
(66,1)
(57,7)
(2,0)
(28,0)
(71,0)
(30,0)
(41,4)
(60,7)
(27,8)
(3,15)
(52,15)
(70,17)
(31,0)
(0,19)
(49,16)
(49,0)
(6,5)
(4,0)
(39,12)
(0,11)
(36,8)
(63,15)
(43,0)
(1,11)
(43,2)
(7,9)
(54,11)
(20,3)
(27,2)
(60,2)
(33,15)
(23,2)
(39,4)
(48,3)
(36,6)
(45,2)
(21,5)
(0,9)
(14,0)
(56,11)
(51,8)
(60,6)
(57,3)
(71,2)
(40,15)
(45,6)
(52,17)
(18,12)
(68,9)
(1,19)
(59,16)
(8,8)
(56,8)
(6,2)
(17,1)
(20,16)
(15,16)
0.popular= 0.090667
1.popular= 0.080444
2.popular= 0.070222
3.popular= 0.066667
4.popular= 0.060889
5.popular= 0.049778
6.popular= 0.044889
7.popular= 0.048889
8.popular= 0.052000
9.popular= 0.041778
10.popular= 0.040000
11.popular= 0.045333
12.popular= 0.044000
13.popular= 0.036444
14.popular= 0.043556
15.popular= 0.048444
16.popular= 0.033778
17.popular= 0.034667
18.popular= 0.028000
19.popular= 0.039556

peer 0 neighbors is: 34, 40, 46, 61, 29, 44, 49, 62, 52, 14, 2, 7, 12, 
peer 1 neighbors is: 41, 58, 46, 23, 67, 55, 69, 66, 36, 54, 4, 5, 21, 
peer 2 neighbors is: 34, 0, 7, 56, 59, 71, 32, 6, 45, 50, 8, 9, 17, 
peer 3 neighbors is: 45, 61, 40, 32, 31, 56, 67, 63, 66, 30, 6, 7, 11, 15, 
peer 4 neighbors is: 46, 1, 42, 25, 26, 21, 40, 11, 56, 37, 17, 
peer 5 neighbors is: 6, 16, 46, 60, 24, 9, 1, 64, 67, 30, 43, 
peer 6 neighbors is: 2, 5, 64, 29, 32, 42, 51, 26, 3, 10, 9, 
peer 7 neighbors is: 2, 31, 19, 58, 39, 55, 54, 0, 3, 35, 14, 17, 21, 22, 
peer 8 neighbors is: 34, 63, 24, 23, 38, 31, 2, 47, 26, 10, 13, 16, 19, 27, 
peer 9 neighbors is: 5, 37, 72, 17, 28, 22, 6, 49, 51, 2, 
peer 10 neighbors is: 6, 8, 27, 66, 71, 45, 35, 51, 22, 59, 11, 
peer 11 neighbors is: 4, 18, 49, 65, 10, 3, 52, 35, 48, 16, 20, 
peer 12 neighbors is: 47, 0, 58, 40, 13, 18, 70, 20, 44, 64, 15, 
peer 13 neighbors is: 12, 59, 34, 17, 29, 8, 44, 25, 45, 46, 
peer 14 neighbors is: 0, 52, 28, 26, 45, 18, 7, 16, 39, 31, 
peer 15 neighbors is: 30, 67, 50, 55, 12, 24, 3, 37, 66, 71, 22, 
peer 16 neighbors is: 5, 11, 14, 67, 29, 23, 65, 8, 42, 28, 20, 21, 
peer 17 neighbors is: 9, 13, 7, 29, 55, 4, 31, 2, 72, 23, 20, 
peer 18 neighbors is: 11, 12, 14, 31, 57, 62, 60, 50, 44, 66, 
peer 19 neighbors is: 7, 8, 50, 54, 61, 55, 26, 36, 22, 43, 21, 70, 
peer 20 neighbors is: 12, 16, 50, 62, 57, 11, 52, 17, 24, 38, 
peer 21 neighbors is: 4, 38, 7, 33, 1, 45, 48, 16, 61, 19, 22, 
peer 22 neighbors is: 9, 10, 19, 23, 60, 7, 30, 15, 29, 21, 
peer 23 neighbors is: 1, 8, 16, 17, 22, 
peer 24 neighbors is: 5, 8, 15, 20, 
peer 25 neighbors is: 4, 13, 
peer 26 neighbors is: 4, 6, 8, 14, 19, 
peer 27 neighbors is: 10, 8, 
peer 28 neighbors is: 9, 14, 16, 
peer 29 neighbors is: 0, 6, 13, 16, 17, 22, 
peer 30 neighbors is: 3, 5, 15, 22, 41, 
peer 31 neighbors is: 3, 7, 8, 14, 17, 18, 68, 
peer 32 neighbors is: 2, 3, 6, 33, 
peer 33 neighbors is: 21, 32, 
peer 34 neighbors is: 0, 2, 8, 13, 
peer 35 neighbors is: 7, 10, 11, 
peer 36 neighbors is: 1, 19, 
peer 37 neighbors is: 4, 9, 15, 
peer 38 neighbors is: 8, 20, 21, 
peer 39 neighbors is: 7, 14, 
peer 40 neighbors is: 0, 3, 4, 12, 
peer 41 neighbors is: 1, 30, 53, 
peer 42 neighbors is: 4, 6, 16, 
peer 43 neighbors is: 19, 5, 
peer 44 neighbors is: 0, 12, 13, 18, 
peer 45 neighbors is: 2, 3, 10, 13, 14, 21, 
peer 46 neighbors is: 0, 1, 4, 5, 13, 
peer 47 neighbors is: 8, 12, 
peer 48 neighbors is: 11, 21, 
peer 49 neighbors is: 0, 9, 11, 
peer 50 neighbors is: 2, 15, 18, 19, 20, 
peer 51 neighbors is: 6, 9, 10, 
peer 52 neighbors is: 0, 11, 14, 20, 
peer 53 neighbors is: 69, 41, 
peer 54 neighbors is: 1, 7, 19, 
peer 55 neighbors is: 1, 7, 15, 17, 19, 68, 
peer 56 neighbors is: 2, 3, 4, 
peer 57 neighbors is: 18, 20, 
peer 58 neighbors is: 1, 7, 12, 
peer 59 neighbors is: 2, 10, 13, 
peer 60 neighbors is: 5, 18, 22, 
peer 61 neighbors is: 0, 3, 19, 21, 
peer 62 neighbors is: 0, 18, 20, 
peer 63 neighbors is: 3, 8, 
peer 64 neighbors is: 5, 6, 12, 
peer 65 neighbors is: 11, 16, 
peer 66 neighbors is: 1, 3, 10, 15, 18, 
peer 67 neighbors is: 1, 3, 5, 15, 16, 
peer 68 neighbors is: 55, 31, 
peer 69 neighbors is: 1, 53, 
peer 70 neighbors is: 12, 19, 
peer 71 neighbors is: 2, 10, 15, 
peer 72 neighbors is: 9, 17, 

