103 Users
20 Files
1500 Transactions
7 Maximum Connections
1 Cycle Length per Upload-Download
750 Warm-up Transactions
0.400000 Zipf constant
3 Pre-Trusted Users
63 Well-Behaved (Good) Users
39 Purely Malicious Users
0 Feedback Skewing Users
0 Malignant Providing Users
1 Disguised Malicous Users
0 Sybil Attack Users
true Intelligent Trans. Generation
1474142805851 Trace Generation Seed

(0.000000,0.000000,1,false)
(0.000000,0.000000,1,false)
(0.000000,0.000000,1,false)
(0.000000,0.000000,1,false)
(0.000000,0.000000,1,false)
(0.000000,0.000000,1,false)
(0.000000,0.000000,1,false)
(0.000000,0.000000,1,false)
(0.000000,0.000000,1,false)
(0.000000,0.000000,1,false)
(0.000000,0.000000,1,false)
(0.000000,0.000000,1,false)
(0.000000,0.000000,1,false)
(0.000000,0.000000,1,false)
(0.000000,0.000000,1,false)
(0.000000,0.000000,1,false)
(0.000000,0.000000,1,false)
(0.000000,0.000000,1,false)
(0.000000,0.000000,1,false)
(0.000000,0.000000,1,false)
(0.000000,0.000000,1,false)
(0.000000,0.000000,1,false)
(0.000000,0.000000,1,false)
(0.000000,0.000000,1,false)
(0.000000,0.000000,1,false)
(0.000000,0.000000,1,false)
(0.000000,0.000000,1,false)
(0.000000,0.000000,1,false)
(0.000000,0.000000,1,false)
(0.000000,0.000000,1,false)
(0.000000,0.000000,1,false)
(0.000000,0.000000,1,false)
(0.000000,0.000000,1,false)
(0.000000,0.000000,1,false)
(0.000000,0.000000,1,false)
(0.000000,0.000000,1,false)
(0.000000,0.000000,1,false)
(0.000000,0.000000,1,false)
(0.000000,0.000000,1,false)
(1.000000,0.000000,4,false)
(1.000000,1.000000,0,true)
(1.000000,1.000000,0,true)
(1.000000,1.000000,0,true)
(1.000000,1.000000,0,false)
(1.000000,1.000000,0,false)
(1.000000,1.000000,0,false)
(1.000000,1.000000,0,false)
(1.000000,1.000000,0,false)
(1.000000,1.000000,0,false)
(1.000000,1.000000,0,false)
(1.000000,1.000000,0,false)
(1.000000,1.000000,0,false)
(1.000000,1.000000,0,false)
(1.000000,1.000000,0,false)
(1.000000,1.000000,0,false)
(1.000000,1.000000,0,false)
(1.000000,1.000000,0,false)
(1.000000,1.000000,0,false)
(1.000000,1.000000,0,false)
(1.000000,1.000000,0,false)
(1.000000,1.000000,0,false)
(1.000000,1.000000,0,false)
(1.000000,1.000000,0,false)
(1.000000,1.000000,0,false)
(1.000000,1.000000,0,false)
(1.000000,1.000000,0,false)
(1.000000,1.000000,0,false)
(1.000000,1.000000,0,false)
(1.000000,1.000000,0,false)
(1.000000,1.000000,0,false)
(1.000000,1.000000,0,false)
(1.000000,1.000000,0,false)
(1.000000,1.000000,0,false)
(1.000000,1.000000,0,false)
(1.000000,1.000000,0,false)
(1.000000,1.000000,0,false)
(1.000000,1.000000,0,false)
(1.000000,1.000000,0,false)
(1.000000,1.000000,0,false)
(1.000000,1.000000,0,false)
(1.000000,1.000000,0,false)
(1.000000,1.000000,0,false)
(1.000000,1.000000,0,false)
(1.000000,1.000000,0,false)
(1.000000,1.000000,0,false)
(1.000000,1.000000,0,false)
(1.000000,1.000000,0,false)
(1.000000,1.000000,0,false)
(1.000000,1.000000,0,false)
(1.000000,1.000000,0,false)
(1.000000,1.000000,0,false)
(1.000000,1.000000,0,false)
(1.000000,1.000000,0,false)
(1.000000,1.000000,0,false)
(1.000000,1.000000,0,false)
(1.000000,1.000000,0,false)
(1.000000,1.000000,0,false)
(1.000000,1.000000,0,false)
(1.000000,1.000000,0,false)
(1.000000,1.000000,0,false)
(1.000000,1.000000,0,false)
(1.000000,1.000000,0,false)
(1.000000,1.000000,0,false)

(39,0,true)
(0,0,false)
(1,0,false)
(2,0,false)
(3,0,false)
(4,0,false)
(5,0,false)
(6,0,false)
(7,0,false)
(8,0,false)
(9,0,false)
(10,0,false)
(11,0,false)
(12,0,false)
(13,0,false)
(14,0,false)
(15,0,false)
(16,0,false)
(17,0,false)
(18,0,false)
(19,0,false)
(20,0,false)
(21,0,false)
(22,0,false)
(23,0,false)
(24,0,false)
(25,0,false)
(26,0,false)
(27,0,false)
(28,0,false)
(29,0,false)
(30,0,false)
(31,0,false)
(32,0,false)
(33,0,false)
(34,0,false)
(35,0,false)
(36,0,false)
(37,0,false)
(38,0,false)
(40,0,true)
(77,0,true)
(42,0,true)
(44,0,true)
(46,0,true)
(47,0,true)
(49,0,true)
(50,0,true)
(51,0,true)
(52,0,true)
(53,0,true)
(54,0,true)
(55,0,true)
(56,0,true)
(58,0,true)
(59,0,true)
(63,0,true)
(64,0,true)
(66,0,true)
(67,0,true)
(68,0,true)
(69,0,true)
(70,0,true)
(72,0,true)
(73,0,true)
(78,0,true)
(79,0,true)
(80,0,true)
(82,0,true)
(84,0,true)
(85,0,true)
(87,0,true)
(88,0,true)
(91,0,true)
(92,0,true)
(93,0,true)
(94,0,true)
(95,0,true)
(96,0,true)
(98,0,true)
(99,0,true)
(39,1,true)
(0,1,false)
(1,1,false)
(2,1,false)
(3,1,false)
(4,1,false)
(5,1,false)
(6,1,false)
(7,1,false)
(8,1,false)
(9,1,false)
(10,1,false)
(11,1,false)
(12,1,false)
(13,1,false)
(14,1,false)
(15,1,false)
(16,1,false)
(17,1,false)
(18,1,false)
(19,1,false)
(20,1,false)
(21,1,false)
(22,1,false)
(23,1,false)
(24,1,false)
(25,1,false)
(26,1,false)
(27,1,false)
(28,1,false)
(29,1,false)
(30,1,false)
(31,1,false)
(32,1,false)
(33,1,false)
(34,1,false)
(35,1,false)
(36,1,false)
(37,1,false)
(38,1,false)
(41,1,true)
(51,1,true)
(40,1,true)
(45,1,true)
(48,1,true)
(57,1,true)
(61,1,true)
(64,1,true)
(68,1,true)
(70,1,true)
(74,1,true)
(77,1,true)
(78,1,true)
(79,1,true)
(80,1,true)
(81,1,true)
(85,1,true)
(86,1,true)
(88,1,true)
(90,1,true)
(92,1,true)
(96,1,true)
(99,1,true)
(100,1,true)
(101,1,true)
(102,1,true)
(39,2,true)
(0,2,false)
(1,2,false)
(2,2,false)
(3,2,false)
(4,2,false)
(5,2,false)
(6,2,false)
(7,2,false)
(8,2,false)
(9,2,false)
(10,2,false)
(11,2,false)
(12,2,false)
(13,2,false)
(14,2,false)
(15,2,false)
(16,2,false)
(17,2,false)
(18,2,false)
(19,2,false)
(20,2,false)
(21,2,false)
(22,2,false)
(23,2,false)
(24,2,false)
(25,2,false)
(26,2,false)
(27,2,false)
(28,2,false)
(29,2,false)
(30,2,false)
(31,2,false)
(32,2,false)
(33,2,false)
(34,2,false)
(35,2,false)
(36,2,false)
(37,2,false)
(38,2,false)
(42,2,true)
(65,2,true)
(62,2,true)
(75,2,true)
(82,2,true)
(89,2,true)
(90,2,true)
(100,2,true)
(39,3,true)
(0,3,false)
(1,3,false)
(2,3,false)
(3,3,false)
(4,3,false)
(5,3,false)
(6,3,false)
(7,3,false)
(8,3,false)
(9,3,false)
(10,3,false)
(11,3,false)
(12,3,false)
(13,3,false)
(14,3,false)
(15,3,false)
(16,3,false)
(17,3,false)
(18,3,false)
(19,3,false)
(20,3,false)
(21,3,false)
(22,3,false)
(23,3,false)
(24,3,false)
(25,3,false)
(26,3,false)
(27,3,false)
(28,3,false)
(29,3,false)
(30,3,false)
(31,3,false)
(32,3,false)
(33,3,false)
(34,3,false)
(35,3,false)
(36,3,false)
(37,3,false)
(38,3,false)
(43,3,true)
(65,3,true)
(62,3,true)
(73,3,true)
(74,3,true)
(81,3,true)
(83,3,true)
(86,3,true)
(89,3,true)
(91,3,true)
(95,3,true)
(39,4,true)
(0,4,false)
(1,4,false)
(2,4,false)
(3,4,false)
(4,4,false)
(5,4,false)
(6,4,false)
(7,4,false)
(8,4,false)
(9,4,false)
(10,4,false)
(11,4,false)
(12,4,false)
(13,4,false)
(14,4,false)
(15,4,false)
(16,4,false)
(17,4,false)
(18,4,false)
(19,4,false)
(20,4,false)
(21,4,false)
(22,4,false)
(23,4,false)
(24,4,false)
(25,4,false)
(26,4,false)
(27,4,false)
(28,4,false)
(29,4,false)
(30,4,false)
(31,4,false)
(32,4,false)
(33,4,false)
(34,4,false)
(35,4,false)
(36,4,false)
(37,4,false)
(38,4,false)
(44,4,true)
(43,4,true)
(63,4,true)
(71,4,true)
(72,4,true)
(75,4,true)
(83,4,true)
(98,4,true)
(101,4,true)
(39,5,true)
(0,5,false)
(1,5,false)
(2,5,false)
(3,5,false)
(4,5,false)
(5,5,false)
(6,5,false)
(7,5,false)
(8,5,false)
(9,5,false)
(10,5,false)
(11,5,false)
(12,5,false)
(13,5,false)
(14,5,false)
(15,5,false)
(16,5,false)
(17,5,false)
(18,5,false)
(19,5,false)
(20,5,false)
(21,5,false)
(22,5,false)
(23,5,false)
(24,5,false)
(25,5,false)
(26,5,false)
(27,5,false)
(28,5,false)
(29,5,false)
(30,5,false)
(31,5,false)
(32,5,false)
(33,5,false)
(34,5,false)
(35,5,false)
(36,5,false)
(37,5,false)
(38,5,false)
(45,5,true)
(76,5,true)
(39,6,true)
(0,6,false)
(1,6,false)
(2,6,false)
(3,6,false)
(4,6,false)
(5,6,false)
(6,6,false)
(7,6,false)
(8,6,false)
(9,6,false)
(10,6,false)
(11,6,false)
(12,6,false)
(13,6,false)
(14,6,false)
(15,6,false)
(16,6,false)
(17,6,false)
(18,6,false)
(19,6,false)
(20,6,false)
(21,6,false)
(22,6,false)
(23,6,false)
(24,6,false)
(25,6,false)
(26,6,false)
(27,6,false)
(28,6,false)
(29,6,false)
(30,6,false)
(31,6,false)
(32,6,false)
(33,6,false)
(34,6,false)
(35,6,false)
(36,6,false)
(37,6,false)
(38,6,false)
(46,6,true)
(71,6,true)
(39,7,true)
(0,7,false)
(1,7,false)
(2,7,false)
(3,7,false)
(4,7,false)
(5,7,false)
(6,7,false)
(7,7,false)
(8,7,false)
(9,7,false)
(10,7,false)
(11,7,false)
(12,7,false)
(13,7,false)
(14,7,false)
(15,7,false)
(16,7,false)
(17,7,false)
(18,7,false)
(19,7,false)
(20,7,false)
(21,7,false)
(22,7,false)
(23,7,false)
(24,7,false)
(25,7,false)
(26,7,false)
(27,7,false)
(28,7,false)
(29,7,false)
(30,7,false)
(31,7,false)
(32,7,false)
(33,7,false)
(34,7,false)
(35,7,false)
(36,7,false)
(37,7,false)
(38,7,false)
(47,7,true)
(41,7,true)
(67,7,true)
(39,8,true)
(0,8,false)
(1,8,false)
(2,8,false)
(3,8,false)
(4,8,false)
(5,8,false)
(6,8,false)
(7,8,false)
(8,8,false)
(9,8,false)
(10,8,false)
(11,8,false)
(12,8,false)
(13,8,false)
(14,8,false)
(15,8,false)
(16,8,false)
(17,8,false)
(18,8,false)
(19,8,false)
(20,8,false)
(21,8,false)
(22,8,false)
(23,8,false)
(24,8,false)
(25,8,false)
(26,8,false)
(27,8,false)
(28,8,false)
(29,8,false)
(30,8,false)
(31,8,false)
(32,8,false)
(33,8,false)
(34,8,false)
(35,8,false)
(36,8,false)
(37,8,false)
(38,8,false)
(48,8,true)
(84,8,true)
(39,9,true)
(0,9,false)
(1,9,false)
(2,9,false)
(3,9,false)
(4,9,false)
(5,9,false)
(6,9,false)
(7,9,false)
(8,9,false)
(9,9,false)
(10,9,false)
(11,9,false)
(12,9,false)
(13,9,false)
(14,9,false)
(15,9,false)
(16,9,false)
(17,9,false)
(18,9,false)
(19,9,false)
(20,9,false)
(21,9,false)
(22,9,false)
(23,9,false)
(24,9,false)
(25,9,false)
(26,9,false)
(27,9,false)
(28,9,false)
(29,9,false)
(30,9,false)
(31,9,false)
(32,9,false)
(33,9,false)
(34,9,false)
(35,9,false)
(36,9,false)
(37,9,false)
(38,9,false)
(49,9,true)
(60,9,true)
(39,10,true)
(0,10,false)
(1,10,false)
(2,10,false)
(3,10,false)
(4,10,false)
(5,10,false)
(6,10,false)
(7,10,false)
(8,10,false)
(9,10,false)
(10,10,false)
(11,10,false)
(12,10,false)
(13,10,false)
(14,10,false)
(15,10,false)
(16,10,false)
(17,10,false)
(18,10,false)
(19,10,false)
(20,10,false)
(21,10,false)
(22,10,false)
(23,10,false)
(24,10,false)
(25,10,false)
(26,10,false)
(27,10,false)
(28,10,false)
(29,10,false)
(30,10,false)
(31,10,false)
(32,10,false)
(33,10,false)
(34,10,false)
(35,10,false)
(36,10,false)
(37,10,false)
(38,10,false)
(50,10,true)
(94,10,true)
(61,10,true)
(39,11,true)
(0,11,false)
(1,11,false)
(2,11,false)
(3,11,false)
(4,11,false)
(5,11,false)
(6,11,false)
(7,11,false)
(8,11,false)
(9,11,false)
(10,11,false)
(11,11,false)
(12,11,false)
(13,11,false)
(14,11,false)
(15,11,false)
(16,11,false)
(17,11,false)
(18,11,false)
(19,11,false)
(20,11,false)
(21,11,false)
(22,11,false)
(23,11,false)
(24,11,false)
(25,11,false)
(26,11,false)
(27,11,false)
(28,11,false)
(29,11,false)
(30,11,false)
(31,11,false)
(32,11,false)
(33,11,false)
(34,11,false)
(35,11,false)
(36,11,false)
(37,11,false)
(38,11,false)
(52,11,true)
(102,11,true)
(39,12,true)
(0,12,false)
(1,12,false)
(2,12,false)
(3,12,false)
(4,12,false)
(5,12,false)
(6,12,false)
(7,12,false)
(8,12,false)
(9,12,false)
(10,12,false)
(11,12,false)
(12,12,false)
(13,12,false)
(14,12,false)
(15,12,false)
(16,12,false)
(17,12,false)
(18,12,false)
(19,12,false)
(20,12,false)
(21,12,false)
(22,12,false)
(23,12,false)
(24,12,false)
(25,12,false)
(26,12,false)
(27,12,false)
(28,12,false)
(29,12,false)
(30,12,false)
(31,12,false)
(32,12,false)
(33,12,false)
(34,12,false)
(35,12,false)
(36,12,false)
(37,12,false)
(38,12,false)
(53,12,true)
(93,12,true)
(39,13,true)
(0,13,false)
(1,13,false)
(2,13,false)
(3,13,false)
(4,13,false)
(5,13,false)
(6,13,false)
(7,13,false)
(8,13,false)
(9,13,false)
(10,13,false)
(11,13,false)
(12,13,false)
(13,13,false)
(14,13,false)
(15,13,false)
(16,13,false)
(17,13,false)
(18,13,false)
(19,13,false)
(20,13,false)
(21,13,false)
(22,13,false)
(23,13,false)
(24,13,false)
(25,13,false)
(26,13,false)
(27,13,false)
(28,13,false)
(29,13,false)
(30,13,false)
(31,13,false)
(32,13,false)
(33,13,false)
(34,13,false)
(35,13,false)
(36,13,false)
(37,13,false)
(38,13,false)
(54,13,true)
(87,13,true)
(39,14,true)
(0,14,false)
(1,14,false)
(2,14,false)
(3,14,false)
(4,14,false)
(5,14,false)
(6,14,false)
(7,14,false)
(8,14,false)
(9,14,false)
(10,14,false)
(11,14,false)
(12,14,false)
(13,14,false)
(14,14,false)
(15,14,false)
(16,14,false)
(17,14,false)
(18,14,false)
(19,14,false)
(20,14,false)
(21,14,false)
(22,14,false)
(23,14,false)
(24,14,false)
(25,14,false)
(26,14,false)
(27,14,false)
(28,14,false)
(29,14,false)
(30,14,false)
(31,14,false)
(32,14,false)
(33,14,false)
(34,14,false)
(35,14,false)
(36,14,false)
(37,14,false)
(38,14,false)
(55,14,true)
(76,14,true)
(39,15,true)
(0,15,false)
(1,15,false)
(2,15,false)
(3,15,false)
(4,15,false)
(5,15,false)
(6,15,false)
(7,15,false)
(8,15,false)
(9,15,false)
(10,15,false)
(11,15,false)
(12,15,false)
(13,15,false)
(14,15,false)
(15,15,false)
(16,15,false)
(17,15,false)
(18,15,false)
(19,15,false)
(20,15,false)
(21,15,false)
(22,15,false)
(23,15,false)
(24,15,false)
(25,15,false)
(26,15,false)
(27,15,false)
(28,15,false)
(29,15,false)
(30,15,false)
(31,15,false)
(32,15,false)
(33,15,false)
(34,15,false)
(35,15,false)
(36,15,false)
(37,15,false)
(38,15,false)
(56,15,true)
(69,15,true)
(39,16,true)
(0,16,false)
(1,16,false)
(2,16,false)
(3,16,false)
(4,16,false)
(5,16,false)
(6,16,false)
(7,16,false)
(8,16,false)
(9,16,false)
(10,16,false)
(11,16,false)
(12,16,false)
(13,16,false)
(14,16,false)
(15,16,false)
(16,16,false)
(17,16,false)
(18,16,false)
(19,16,false)
(20,16,false)
(21,16,false)
(22,16,false)
(23,16,false)
(24,16,false)
(25,16,false)
(26,16,false)
(27,16,false)
(28,16,false)
(29,16,false)
(30,16,false)
(31,16,false)
(32,16,false)
(33,16,false)
(34,16,false)
(35,16,false)
(36,16,false)
(37,16,false)
(38,16,false)
(57,16,true)
(97,16,true)
(39,17,true)
(0,17,false)
(1,17,false)
(2,17,false)
(3,17,false)
(4,17,false)
(5,17,false)
(6,17,false)
(7,17,false)
(8,17,false)
(9,17,false)
(10,17,false)
(11,17,false)
(12,17,false)
(13,17,false)
(14,17,false)
(15,17,false)
(16,17,false)
(17,17,false)
(18,17,false)
(19,17,false)
(20,17,false)
(21,17,false)
(22,17,false)
(23,17,false)
(24,17,false)
(25,17,false)
(26,17,false)
(27,17,false)
(28,17,false)
(29,17,false)
(30,17,false)
(31,17,false)
(32,17,false)
(33,17,false)
(34,17,false)
(35,17,false)
(36,17,false)
(37,17,false)
(38,17,false)
(58,17,true)
(97,17,true)
(39,18,true)
(0,18,false)
(1,18,false)
(2,18,false)
(3,18,false)
(4,18,false)
(5,18,false)
(6,18,false)
(7,18,false)
(8,18,false)
(9,18,false)
(10,18,false)
(11,18,false)
(12,18,false)
(13,18,false)
(14,18,false)
(15,18,false)
(16,18,false)
(17,18,false)
(18,18,false)
(19,18,false)
(20,18,false)
(21,18,false)
(22,18,false)
(23,18,false)
(24,18,false)
(25,18,false)
(26,18,false)
(27,18,false)
(28,18,false)
(29,18,false)
(30,18,false)
(31,18,false)
(32,18,false)
(33,18,false)
(34,18,false)
(35,18,false)
(36,18,false)
(37,18,false)
(38,18,false)
(59,18,true)
(60,18,true)
(39,19,true)
(0,19,false)
(1,19,false)
(2,19,false)
(3,19,false)
(4,19,false)
(5,19,false)
(6,19,false)
(7,19,false)
(8,19,false)
(9,19,false)
(10,19,false)
(11,19,false)
(12,19,false)
(13,19,false)
(14,19,false)
(15,19,false)
(16,19,false)
(17,19,false)
(18,19,false)
(19,19,false)
(20,19,false)
(21,19,false)
(22,19,false)
(23,19,false)
(24,19,false)
(25,19,false)
(26,19,false)
(27,19,false)
(28,19,false)
(29,19,false)
(30,19,false)
(31,19,false)
(32,19,false)
(33,19,false)
(34,19,false)
(35,19,false)
(36,19,false)
(37,19,false)
(38,19,false)
(60,19,true)
(66,19,true)

0,-1,-1,-1,-1,-1,-1,-1,-1,-1,-1,-1,-1,-1,-1,-1,-1,-1,-1,-1,-1,-1,-1,-1,1,-1,-1,-1,1,-1,1,-1,1,-1,-1,-1,-1,-1,1,-1,1,-1,-1,-1,-1,-1,-1,-1,-1,-1,-1,-1,-1,-1,-1,-1,1,-1,-1,-1,-1,-1,-1,-1,-1,1,-1,-1,-1,1,-1,-1,-1,-1,-1,-1,1,-1,-1,-1,-1,-1,-1,-1,-1,-1,-1,-1,-1,-1,-1,-1,-1,-1,-1,-1,-1,-1,-1,1,-1,-1,-1,
-1,0,-1,-1,1,-1,-1,-1,-1,-1,-1,-1,-1,1,1,-1,-1,-1,1,-1,-1,-1,-1,-1,-1,-1,-1,-1,-1,-1,-1,-1,1,1,-1,-1,-1,-1,-1,-1,-1,-1,-1,-1,-1,-1,-1,-1,1,-1,-1,-1,-1,-1,-1,-1,-1,-1,1,-1,-1,-1,-1,-1,-1,-1,-1,-1,-1,-1,-1,-1,1,-1,-1,-1,1,-1,-1,-1,-1,-1,-1,-1,-1,-1,-1,1,-1,-1,-1,-1,1,-1,-1,-1,-1,-1,-1,-1,-1,-1,-1,
-1,-1,0,1,1,-1,-1,-1,-1,-1,-1,-1,-1,-1,-1,1,-1,-1,-1,-1,-1,-1,-1,-1,1,-1,1,1,-1,-1,-1,-1,-1,-1,-1,-1,-1,-1,-1,1,-1,-1,-1,-1,-1,-1,-1,-1,-1,1,-1,-1,-1,-1,-1,-1,-1,-1,-1,-1,-1,1,-1,-1,-1,-1,-1,-1,-1,-1,-1,-1,-1,1,-1,-1,-1,-1,1,1,-1,-1,-1,-1,-1,-1,1,-1,-1,-1,-1,-1,-1,-1,-1,-1,-1,-1,-1,1,-1,-1,1,
-1,-1,1,0,-1,-1,-1,-1,-1,-1,-1,-1,-1,-1,1,-1,-1,-1,-1,-1,-1,-1,-1,-1,-1,-1,-1,-1,-1,-1,-1,-1,1,1,-1,-1,-1,-1,-1,-1,-1,-1,1,-1,-1,1,-1,-1,-1,-1,-1,-1,1,-1,-1,-1,-1,-1,-1,-1,-1,-1,-1,1,-1,-1,-1,-1,-1,-1,-1,-1,-1,-1,-1,-1,-1,-1,-1,-1,-1,-1,-1,-1,-1,-1,-1,-1,-1,-1,-1,-1,-1,-1,-1,-1,-1,-1,-1,-1,1,1,-1,
-1,1,1,-1,0,-1,-1,-1,-1,-1,-1,-1,-1,-1,-1,-1,1,-1,-1,-1,-1,-1,-1,-1,-1,-1,-1,-1,-1,-1,-1,-1,-1,-1,-1,-1,1,-1,-1,-1,-1,-1,1,-1,1,-1,-1,-1,-1,-1,-1,-1,-1,-1,-1,-1,-1,-1,-1,-1,1,-1,-1,-1,1,1,-1,-1,-1,1,-1,1,-1,-1,-1,-1,-1,-1,-1,1,-1,-1,-1,-1,-1,-1,-1,-1,-1,-1,-1,-1,-1,-1,-1,1,-1,-1,-1,-1,-1,-1,-1,
-1,-1,-1,-1,-1,0,-1,-1,-1,-1,1,-1,-1,-1,-1,-1,-1,-1,-1,1,-1,-1,-1,-1,-1,-1,1,-1,1,1,-1,1,-1,-1,1,-1,-1,-1,-1,-1,-1,-1,-1,-1,-1,-1,-1,-1,-1,-1,-1,-1,-1,-1,1,-1,-1,-1,-1,-1,-1,-1,-1,-1,1,-1,-1,-1,-1,1,-1,-1,-1,-1,-1,-1,1,-1,-1,-1,-1,-1,-1,-1,1,-1,-1,-1,-1,-1,-1,-1,1,-1,-1,-1,-1,1,-1,-1,-1,-1,-1,
-1,-1,-1,-1,-1,-1,0,-1,1,-1,1,-1,-1,1,-1,-1,-1,-1,-1,1,-1,1,1,-1,-1,-1,1,-1,-1,-1,-1,-1,-1,-1,-1,1,-1,-1,-1,-1,-1,1,-1,-1,-1,-1,-1,-1,-1,-1,-1,-1,-1,-1,-1,-1,-1,-1,1,-1,1,-1,-1,-1,-1,-1,-1,-1,-1,-1,-1,-1,-1,-1,-1,-1,-1,-1,-1,-1,-1,-1,-1,-1,-1,-1,-1,-1,-1,-1,1,-1,-1,-1,1,-1,-1,1,-1,-1,-1,-1,-1,
-1,-1,-1,-1,-1,-1,-1,0,-1,-1,-1,-1,-1,1,1,1,-1,-1,-1,-1,-1,1,-1,-1,-1,1,-1,-1,-1,-1,-1,-1,-1,-1,-1,-1,-1,-1,-1,1,-1,-1,-1,-1,-1,-1,1,-1,-1,-1,-1,-1,-1,-1,-1,-1,-1,1,-1,-1,-1,-1,-1,-1,-1,-1,-1,-1,-1,-1,-1,-1,-1,-1,-1,-1,-1,-1,1,-1,-1,-1,-1,-1,-1,-1,-1,-1,-1,-1,-1,-1,-1,1,-1,-1,-1,-1,-1,-1,-1,1,-1,
-1,-1,-1,-1,-1,-1,1,-1,0,-1,-1,-1,-1,1,-1,-1,-1,-1,-1,-1,-1,1,-1,-1,1,-1,-1,-1,-1,-1,1,-1,-1,1,-1,-1,-1,-1,-1,-1,-1,-1,1,-1,-1,-1,1,-1,-1,-1,-1,-1,-1,-1,-1,-1,-1,-1,-1,-1,-1,-1,1,-1,1,1,-1,-1,-1,-1,-1,-1,-1,-1,-1,-1,-1,-1,-1,-1,-1,-1,-1,-1,-1,-1,-1,1,-1,-1,-1,-1,-1,-1,-1,-1,-1,-1,-1,-1,-1,-1,-1,
-1,-1,-1,-1,-1,-1,-1,-1,-1,0,-1,-1,-1,-1,1,-1,-1,-1,-1,-1,-1,-1,-1,-1,-1,-1,-1,-1,-1,-1,-1,-1,-1,1,-1,1,-1,-1,-1,-1,-1,-1,-1,-1,-1,-1,-1,-1,-1,-1,-1,-1,-1,-1,-1,1,-1,-1,-1,-1,-1,-1,-1,-1,-1,-1,-1,1,-1,1,-1,-1,-1,-1,-1,1,-1,-1,-1,-1,-1,-1,-1,-1,-1,-1,1,-1,-1,1,-1,-1,-1,-1,-1,-1,1,-1,-1,-1,-1,-1,-1,
-1,-1,-1,-1,-1,1,1,-1,-1,-1,0,-1,-1,-1,1,-1,-1,-1,1,-1,-1,-1,1,-1,-1,-1,-1,-1,-1,-1,-1,-1,-1,-1,-1,-1,-1,-1,-1,-1,-1,1,-1,-1,-1,-1,-1,-1,1,-1,-1,-1,-1,-1,-1,-1,-1,-1,-1,-1,-1,1,-1,-1,-1,-1,-1,-1,-1,-1,-1,1,-1,-1,-1,-1,-1,-1,1,-1,-1,-1,-1,1,-1,-1,-1,-1,-1,-1,-1,-1,-1,-1,-1,-1,-1,-1,-1,-1,-1,1,-1,
-1,-1,-1,-1,-1,-1,-1,-1,-1,-1,-1,0,-1,-1,-1,-1,1,-1,-1,-1,1,-1,-1,-1,-1,-1,-1,1,-1,-1,-1,-1,-1,-1,1,-1,1,-1,-1,-1,1,-1,-1,1,-1,1,-1,-1,-1,-1,-1,-1,1,-1,-1,-1,-1,-1,-1,-1,1,-1,-1,-1,-1,-1,-1,-1,-1,-1,-1,-1,-1,-1,-1,-1,-1,-1,-1,-1,-1,-1,1,-1,-1,-1,-1,-1,-1,-1,-1,-1,-1,1,-1,-1,-1,-1,-1,-1,-1,-1,-1,
-1,-1,-1,-1,-1,-1,-1,-1,-1,-1,-1,-1,0,-1,-1,-1,-1,1,-1,-1,-1,-1,-1,-1,-1,-1,-1,-1,-1,-1,-1,-1,-1,-1,-1,-1,1,1,-1,-1,-1,1,-1,-1,-1,-1,-1,-1,-1,1,-1,-1,-1,-1,1,-1,-1,1,-1,-1,-1,-1,-1,1,-1,-1,1,-1,-1,-1,-1,-1,1,-1,-1,-1,-1,-1,-1,-1,-1,-1,-1,-1,-1,-1,-1,-1,-1,-1,-1,-1,1,-1,-1,-1,-1,-1,-1,-1,-1,-1,-1,
-1,1,-1,-1,-1,-1,1,1,1,-1,-1,-1,-1,0,-1,1,-1,-1,-1,-1,-1,-1,1,-1,-1,-1,1,-1,-1,-1,-1,-1,-1,-1,1,-1,-1,1,-1,-1,-1,-1,-1,-1,-1,-1,-1,-1,-1,-1,-1,-1,-1,-1,1,-1,-1,-1,-1,-1,-1,1,-1,-1,-1,-1,-1,-1,-1,-1,-1,-1,-1,-1,-1,-1,-1,-1,-1,-1,-1,-1,-1,1,-1,-1,-1,-1,-1,-1,-1,-1,-1,-1,1,-1,-1,-1,-1,-1,-1,-1,-1,
-1,1,-1,1,-1,-1,-1,1,-1,1,1,-1,-1,-1,0,-1,-1,-1,-1,-1,-1,-1,-1,-1,-1,-1,1,-1,-1,-1,-1,-1,-1,-1,-1,-1,-1,-1,-1,-1,-1,-1,-1,-1,-1,-1,-1,1,-1,-1,-1,-1,-1,-1,-1,-1,-1,-1,-1,-1,-1,-1,-1,-1,-1,-1,-1,1,-1,-1,-1,-1,-1,-1,-1,-1,-1,-1,-1,-1,-1,-1,-1,-1,-1,1,-1,1,-1,-1,-1,-1,-1,-1,-1,-1,-1,-1,-1,-1,-1,-1,1,
-1,-1,1,-1,-1,-1,-1,1,-1,-1,-1,-1,-1,1,-1,0,-1,-1,-1,-1,1,-1,-1,-1,-1,1,-1,-1,-1,-1,-1,1,1,-1,-1,-1,-1,-1,-1,-1,-1,-1,-1,-1,-1,-1,-1,-1,-1,-1,-1,-1,-1,-1,-1,-1,-1,-1,-1,-1,-1,-1,-1,-1,-1,-1,1,-1,-1,-1,1,1,-1,-1,-1,-1,-1,-1,-1,-1,-1,-1,-1,-1,-1,-1,-1,-1,-1,-1,-1,-1,-1,-1,-1,-1,-1,-1,-1,-1,-1,-1,-1,
-1,-1,-1,-1,1,-1,-1,-1,-1,-1,-1,1,-1,-1,-1,-1,0,1,-1,-1,-1,-1,1,-1,-1,-1,-1,1,-1,-1,-1,-1,-1,-1,-1,-1,-1,-1,-1,-1,1,-1,-1,-1,-1,-1,-1,-1,-1,-1,1,-1,-1,1,-1,-1,-1,-1,-1,-1,-1,-1,-1,-1,-1,-1,1,-1,1,-1,-1,-1,-1,-1,-1,-1,-1,-1,-1,-1,1,-1,-1,-1,-1,-1,-1,-1,-1,-1,-1,-1,-1,-1,-1,-1,-1,-1,-1,-1,1,-1,1,
-1,-1,-1,-1,-1,-1,-1,-1,-1,-1,-1,-1,1,-1,-1,-1,1,0,-1,-1,-1,-1,-1,-1,1,1,-1,1,-1,-1,-1,-1,-1,-1,-1,-1,1,-1,1,-1,-1,-1,-1,-1,1,-1,-1,-1,-1,-1,-1,-1,1,1,-1,-1,-1,-1,-1,-1,-1,-1,-1,-1,-1,-1,-1,-1,-1,-1,-1,-1,-1,-1,-1,-1,-1,-1,-1,-1,-1,-1,-1,-1,-1,-1,-1,-1,-1,-1,-1,-1,-1,1,-1,-1,-1,-1,-1,-1,-1,-1,-1,
-1,1,-1,-1,-1,-1,-1,-1,-1,-1,1,-1,-1,-1,-1,-1,-1,-1,0,1,-1,-1,-1,-1,-1,1,-1,1,1,-1,-1,-1,-1,-1,1,-1,1,-1,-1,-1,-1,-1,1,-1,-1,-1,-1,-1,-1,1,-1,-1,-1,-1,-1,1,-1,-1,-1,-1,-1,-1,-1,-1,-1,-1,-1,-1,-1,-1,-1,-1,-1,-1,-1,-1,-1,-1,-1,-1,-1,-1,-1,-1,-1,-1,-1,-1,-1,-1,-1,-1,-1,-1,-1,-1,-1,-1,1,-1,1,-1,-1,
-1,-1,-1,-1,-1,1,1,-1,-1,-1,-1,-1,-1,-1,-1,-1,-1,-1,1,0,-1,-1,-1,-1,-1,-1,-1,-1,-1,1,-1,-1,-1,-1,-1,-1,-1,-1,-1,-1,-1,1,-1,-1,-1,-1,-1,-1,-1,-1,-1,-1,-1,-1,-1,-1,-1,-1,-1,-1,-1,-1,1,-1,1,-1,-1,-1,-1,-1,-1,-1,-1,-1,-1,-1,-1,-1,-1,-1,1,-1,-1,-1,-1,-1,-1,-1,-1,-1,1,-1,-1,1,-1,-1,-1,-1,-1,-1,-1,-1,-1,
-1,-1,-1,-1,-1,-1,-1,-1,-1,-1,-1,1,-1,-1,-1,1,-1,-1,-1,-1,0,1,-1,-1,-1,1,-1,-1,-1,-1,1,-1,-1,-1,-1,-1,-1,-1,-1,-1,-1,-1,1,-1,-1,-1,-1,-1,-1,-1,-1,1,1,1,-1,-1,-1,-1,-1,-1,-1,-1,-1,-1,1,-1,-1,-1,-1,1,-1,-1,-1,-1,-1,-1,-1,-1,-1,-1,-1,-1,-1,-1,-1,-1,-1,-1,-1,-1,-1,-1,-1,-1,-1,1,-1,-1,-1,-1,-1,-1,-1,
-1,-1,-1,-1,-1,-1,1,1,1,-1,-1,-1,-1,-1,-1,-1,-1,-1,-1,-1,1,0,-1,-1,-1,-1,-1,-1,-1,-1,1,1,-1,-1,-1,-1,-1,1,-1,-1,-1,-1,-1,-1,-1,-1,-1,-1,-1,1,-1,-1,-1,-1,-1,-1,-1,-1,-1,-1,-1,-1,-1,-1,-1,-1,-1,-1,-1,-1,-1,-1,1,-1,-1,-1,-1,-1,-1,-1,-1,-1,-1,1,1,-1,-1,-1,-1,-1,-1,-1,-1,-1,-1,-1,-1,-1,-1,-1,1,-1,-1,
-1,-1,-1,-1,-1,-1,1,-1,-1,-1,1,-1,-1,1,-1,-1,1,-1,-1,-1,-1,-1,0,1,-1,1,-1,-1,-1,-1,1,-1,-1,-1,-1,-1,-1,-1,-1,-1,-1,-1,-1,1,-1,-1,-1,-1,-1,-1,-1,-1,-1,1,-1,-1,-1,-1,-1,-1,-1,-1,-1,-1,-1,-1,-1,-1,-1,-1,-1,-1,-1,-1,-1,-1,-1,-1,-1,-1,-1,1,-1,-1,-1,-1,-1,-1,-1,-1,-1,-1,-1,-1,-1,-1,1,-1,-1,-1,1,-1,-1,
-1,-1,-1,-1,-1,-1,-1,-1,-1,-1,-1,-1,-1,-1,-1,-1,-1,-1,-1,-1,-1,-1,1,0,-1,-1,-1,-1,-1,-1,-1,-1,-1,-1,1,-1,1,-1,-1,-1,-1,1,-1,-1,-1,-1,-1,1,-1,-1,-1,-1,-1,-1,-1,-1,-1,-1,-1,1,-1,-1,-1,-1,-1,-1,-1,-1,-1,-1,1,-1,-1,-1,-1,-1,-1,-1,-1,-1,1,-1,-1,-1,-1,-1,-1,-1,-1,-1,-1,-1,-1,-1,-1,-1,1,-1,-1,-1,1,-1,1,
1,-1,1,-1,-1,-1,-1,-1,1,-1,-1,-1,-1,-1,-1,-1,-1,1,-1,-1,-1,-1,-1,-1,0,-1,-1,-1,1,-1,-1,-1,-1,-1,-1,-1,-1,-1,-1,-1,-1,-1,-1,-1,-1,-1,-1,-1,-1,-1,-1,-1,-1,-1,-1,-1,1,-1,-1,-1,-1,-1,1,-1,-1,-1,-1,-1,-1,-1,-1,1,-1,-1,-1,-1,-1,-1,1,-1,-1,-1,-1,-1,-1,-1,-1,-1,-1,1,-1,-1,-1,-1,-1,-1,-1,-1,-1,-1,1,-1,-1,
-1,-1,-1,-1,-1,-1,-1,1,-1,-1,-1,-1,-1,-1,-1,1,-1,1,1,-1,1,-1,1,-1,-1,0,-1,1,-1,1,-1,1,-1,-1,-1,-1,-1,-1,-1,-1,-1,-1,-1,-1,-1,-1,-1,1,-1,-1,-1,-1,-1,-1,-1,-1,-1,-1,-1,-1,-1,-1,1,-1,-1,-1,1,-1,-1,-1,-1,-1,-1,-1,-1,-1,-1,-1,-1,-1,-1,-1,-1,-1,-1,-1,-1,-1,-1,-1,-1,-1,-1,-1,-1,-1,-1,-1,-1,-1,-1,-1,-1,
-1,-1,1,-1,-1,1,1,-1,-1,-1,-1,-1,-1,1,1,-1,-1,-1,-1,-1,-1,-1,-1,-1,-1,-1,0,-1,-1,-1,-1,1,-1,-1,-1,1,-1,1,-1,1,-1,-1,-1,-1,-1,-1,-1,-1,-1,-1,-1,-1,-1,-1,1,-1,-1,-1,-1,-1,-1,-1,-1,-1,-1,-1,-1,1,-1,-1,-1,-1,-1,-1,-1,-1,-1,-1,-1,-1,-1,-1,-1,-1,-1,-1,-1,-1,-1,-1,-1,-1,-1,-1,-1,-1,-1,-1,-1,-1,-1,-1,-1,
-1,-1,1,-1,-1,-1,-1,-1,-1,-1,-1,1,-1,-1,-1,-1,1,1,1,-1,-1,-1,-1,-1,-1,1,-1,0,-1,1,-1,-1,-1,-1,-1,-1,-1,-1,-1,-1,1,-1,-1,-1,-1,-1,-1,-1,-1,-1,-1,-1,-1,1,-1,-1,-1,-1,-1,-1,-1,1,-1,-1,-1,1,-1,-1,-1,-1,-1,-1,-1,-1,-1,-1,-1,-1,-1,-1,-1,-1,-1,-1,-1,-1,-1,-1,-1,-1,-1,-1,-1,-1,-1,-1,-1,-1,-1,-1,-1,-1,-1,
1,-1,-1,-1,-1,1,-1,-1,-1,-1,-1,-1,-1,-1,-1,-1,-1,-1,1,-1,-1,-1,-1,-1,1,-1,-1,-1,0,1,-1,-1,-1,-1,-1,-1,-1,-1,-1,1,-1,-1,-1,-1,-1,-1,-1,-1,-1,-1,-1,-1,-1,-1,-1,-1,-1,-1,-1,-1,-1,-1,-1,-1,-1,-1,-1,-1,-1,-1,-1,-1,-1,-1,1,1,-1,-1,-1,-1,-1,-1,-1,-1,-1,-1,-1,-1,-1,1,-1,-1,-1,1,-1,-1,-1,-1,-1,-1,-1,-1,-1,
-1,-1,-1,-1,-1,1,-1,-1,-1,-1,-1,-1,-1,-1,-1,-1,-1,-1,-1,1,-1,-1,-1,-1,-1,1,-1,1,1,0,-1,-1,-1,-1,-1,-1,-1,-1,1,-1,-1,-1,-1,-1,-1,-1,-1,-1,-1,-1,-1,-1,-1,-1,-1,-1,-1,-1,-1,-1,-1,-1,-1,-1,-1,-1,-1,-1,-1,-1,-1,-1,1,1,-1,-1,-1,-1,-1,-1,-1,-1,-1,-1,-1,-1,-1,-1,-1,-1,-1,1,-1,-1,-1,-1,1,-1,-1,-1,-1,-1,-1,
1,-1,-1,-1,-1,-1,-1,-1,1,-1,-1,-1,-1,-1,-1,-1,-1,-1,-1,-1,1,1,1,-1,-1,-1,-1,-1,-1,-1,0,-1,-1,-1,-1,-1,-1,-1,1,-1,-1,-1,-1,-1,-1,-1,-1,-1,1,-1,-1,-1,-1,-1,-1,-1,-1,-1,-1,-1,-1,-1,-1,-1,1,-1,-1,-1,-1,-1,-1,-1,-1,-1,-1,-1,-1,-1,-1,-1,-1,-1,-1,-1,-1,-1,-1,-1,-1,1,-1,1,-1,1,-1,-1,-1,-1,-1,-1,-1,-1,-1,
-1,-1,-1,-1,-1,1,-1,-1,-1,-1,-1,-1,-1,-1,-1,1,-1,-1,-1,-1,-1,1,-1,-1,-1,1,1,-1,-1,-1,-1,0,-1,-1,-1,-1,-1,-1,1,-1,-1,-1,-1,1,-1,-1,-1,-1,-1,-1,-1,-1,-1,-1,-1,-1,-1,-1,-1,-1,-1,-1,-1,-1,1,-1,-1,-1,-1,-1,1,-1,-1,-1,-1,-1,-1,-1,-1,-1,-1,-1,-1,-1,-1,-1,1,-1,-1,-1,-1,-1,-1,-1,-1,-1,-1,1,-1,-1,-1,-1,-1,
1,1,-1,1,-1,-1,-1,-1,-1,-1,-1,-1,-1,-1,-1,1,-1,-1,-1,-1,-1,-1,-1,-1,-1,-1,-1,-1,-1,-1,-1,-1,0,-1,-1,-1,-1,-1,-1,-1,-1,1,-1,-1,-1,-1,-1,-1,-1,-1,-1,1,-1,-1,-1,-1,-1,-1,-1,-1,-1,-1,-1,1,-1,-1,-1,1,-1,-1,-1,-1,-1,-1,-1,-1,-1,-1,-1,-1,-1,-1,-1,-1,-1,1,1,-1,-1,-1,-1,-1,-1,-1,-1,-1,-1,-1,-1,-1,-1,1,-1,
-1,1,-1,1,-1,-1,-1,-1,1,1,-1,-1,-1,-1,-1,-1,-1,-1,-1,-1,-1,-1,-1,-1,-1,-1,-1,-1,-1,-1,-1,-1,-1,0,-1,-1,-1,-1,-1,1,-1,-1,-1,-1,-1,-1,-1,-1,-1,-1,-1,-1,-1,-1,1,-1,-1,-1,-1,-1,1,-1,-1,-1,-1,-1,-1,-1,-1,-1,-1,-1,-1,-1,-1,-1,1,-1,-1,-1,-1,1,-1,-1,-1,-1,-1,-1,-1,-1,-1,-1,-1,-1,1,-1,-1,-1,-1,-1,-1,-1,-1,
-1,-1,-1,-1,-1,1,-1,-1,-1,-1,-1,1,-1,1,-1,-1,-1,-1,1,-1,-1,-1,-1,1,-1,-1,-1,-1,-1,-1,-1,-1,-1,-1,0,-1,-1,-1,1,-1,-1,-1,-1,-1,-1,-1,-1,1,-1,-1,-1,-1,-1,-1,-1,-1,-1,-1,-1,-1,-1,-1,-1,-1,1,1,-1,-1,-1,-1,-1,-1,-1,-1,-1,-1,-1,-1,-1,-1,-1,-1,-1,-1,-1,-1,-1,-1,-1,-1,1,-1,-1,-1,-1,-1,1,-1,-1,-1,-1,-1,-1,
-1,-1,-1,-1,-1,-1,1,-1,-1,1,-1,-1,-1,-1,-1,-1,-1,-1,-1,-1,-1,-1,-1,-1,-1,-1,1,-1,-1,-1,-1,-1,-1,-1,-1,0,-1,-1,-1,-1,1,-1,-1,-1,-1,-1,-1,-1,-1,1,-1,-1,-1,-1,-1,-1,-1,-1,-1,-1,1,-1,-1,-1,-1,-1,1,-1,-1,-1,-1,-1,-1,-1,1,-1,-1,-1,-1,-1,-1,-1,-1,-1,-1,-1,-1,-1,-1,-1,-1,-1,-1,-1,-1,-1,-1,1,1,-1,-1,-1,-1,
-1,-1,-1,-1,1,-1,-1,-1,-1,-1,-1,1,1,-1,-1,-1,-1,1,1,-1,-1,-1,-1,1,-1,-1,-1,-1,-1,-1,-1,-1,-1,-1,-1,-1,0,-1,-1,-1,-1,-1,-1,-1,-1,-1,-1,-1,-1,-1,-1,-1,-1,-1,-1,1,-1,-1,-1,-1,-1,-1,-1,1,-1,-1,-1,-1,-1,-1,-1,-1,1,-1,-1,-1,-1,-1,-1,-1,-1,-1,-1,-1,-1,-1,-1,-1,-1,-1,-1,-1,-1,-1,-1,-1,-1,-1,-1,1,-1,-1,-1,
-1,-1,-1,-1,-1,-1,-1,-1,-1,-1,-1,-1,1,1,-1,-1,-1,-1,-1,-1,-1,1,-1,-1,-1,-1,1,-1,-1,-1,-1,-1,-1,-1,-1,-1,-1,0,1,1,-1,-1,-1,-1,-1,-1,-1,-1,-1,-1,-1,-1,-1,-1,-1,-1,-1,-1,-1,-1,-1,-1,-1,-1,-1,-1,-1,1,-1,1,-1,-1,-1,-1,1,-1,-1,1,1,-1,-1,-1,-1,-1,-1,-1,-1,-1,-1,-1,-1,-1,-1,-1,-1,-1,-1,-1,-1,-1,-1,-1,-1,
1,-1,-1,-1,-1,-1,-1,-1,-1,-1,-1,-1,-1,-1,-1,-1,-1,1,-1,-1,-1,-1,-1,-1,-1,-1,-1,-1,-1,1,1,1,-1,-1,1,-1,-1,1,0,1,-1,-1,-1,-1,-1,-1,-1,-1,-1,-1,-1,-1,-1,-1,-1,-1,-1,-1,-1,-1,-1,-1,-1,-1,-1,-1,-1,-1,-1,-1,-1,-1,-1,-1,-1,-1,-1,-1,1,-1,-1,-1,-1,-1,-1,-1,-1,-1,-1,-1,-1,-1,-1,-1,-1,-1,-1,-1,1,-1,-1,-1,-1,
-1,-1,1,-1,-1,-1,-1,1,-1,-1,-1,-1,-1,-1,-1,-1,-1,-1,-1,-1,-1,-1,-1,-1,-1,-1,1,-1,1,-1,-1,-1,-1,1,-1,-1,-1,1,1,0,-1,1,-1,-1,-1,-1,-1,-1,-1,-1,-1,-1,-1,-1,-1,-1,-1,-1,-1,-1,-1,-1,-1,-1,-1,-1,-1,-1,1,-1,-1,-1,-1,-1,-1,-1,-1,-1,-1,-1,-1,-1,-1,-1,-1,-1,-1,-1,1,-1,-1,-1,-1,-1,-1,-1,-1,-1,-1,-1,-1,-1,-1,
1,-1,-1,-1,-1,-1,-1,-1,-1,-1,-1,1,-1,-1,-1,-1,1,-1,-1,-1,-1,-1,-1,-1,-1,-1,-1,1,-1,-1,-1,-1,-1,-1,-1,1,-1,-1,-1,-1,0,1,-1,-1,-1,-1,-1,-1,1,-1,-1,-1,-1,-1,-1,-1,-1,-1,1,-1,-1,-1,-1,-1,-1,-1,-1,-1,-1,-1,-1,1,-1,-1,-1,1,-1,-1,-1,-1,-1,-1,-1,-1,-1,-1,-1,-1,-1,-1,-1,-1,-1,-1,-1,-1,-1,-1,-1,1,-1,-1,-1,
-1,-1,-1,-1,-1,-1,1,-1,-1,-1,1,-1,1,-1,-1,-1,-1,-1,-1,1,-1,-1,-1,1,-1,-1,-1,-1,-1,-1,-1,-1,1,-1,-1,-1,-1,-1,-1,1,1,0,-1,-1,-1,-1,-1,-1,-1,-1,-1,-1,-1,-1,-1,-1,-1,-1,-1,-1,-1,-1,-1,-1,1,-1,-1,-1,-1,-1,-1,-1,-1,-1,-1,-1,-1,-1,-1,-1,-1,-1,1,-1,-1,-1,-1,-1,-1,-1,-1,-1,-1,-1,-1,-1,-1,-1,-1,-1,-1,-1,-1,
-1,-1,-1,1,1,-1,-1,-1,1,-1,-1,-1,-1,-1,-1,-1,-1,-1,1,-1,1,-1,-1,-1,-1,-1,-1,-1,-1,-1,-1,-1,-1,-1,-1,-1,-1,-1,-1,-1,-1,-1,0,1,-1,-1,-1,-1,-1,-1,-1,-1,-1,-1,-1,-1,-1,1,-1,-1,-1,1,-1,-1,-1,-1,-1,-1,-1,-1,-1,-1,-1,-1,-1,-1,-1,-1,-1,-1,-1,-1,-1,-1,-1,-1,-1,-1,-1,-1,-1,-1,1,-1,1,-1,-1,-1,-1,-1,-1,-1,-1,
-1,-1,-1,-1,-1,-1,-1,-1,-1,-1,-1,1,-1,-1,-1,-1,-1,-1,-1,-1,-1,-1,1,-1,-1,-1,-1,-1,-1,-1,-1,1,-1,-1,-1,-1,-1,-1,-1,-1,-1,-1,1,0,-1,-1,-1,-1,-1,-1,-1,-1,-1,-1,-1,-1,-1,-1,-1,-1,-1,-1,-1,-1,-1,-1,-1,-1,-1,-1,-1,-1,-1,-1,-1,-1,-1,-1,-1,-1,-1,-1,-1,-1,-1,-1,-1,-1,-1,-1,-1,-1,-1,-1,-1,-1,-1,-1,-1,-1,-1,-1,-1,
-1,-1,-1,-1,1,-1,-1,-1,-1,-1,-1,-1,-1,-1,-1,-1,-1,1,-1,-1,-1,-1,-1,-1,-1,-1,-1,-1,-1,-1,-1,-1,-1,-1,-1,-1,-1,-1,-1,-1,-1,-1,-1,-1,0,-1,-1,-1,-1,-1,-1,-1,-1,-1,-1,-1,-1,-1,-1,-1,-1,-1,-1,-1,-1,-1,-1,-1,-1,-1,-1,-1,-1,-1,-1,-1,-1,-1,-1,-1,-1,-1,-1,-1,-1,-1,-1,-1,-1,-1,-1,-1,-1,-1,-1,-1,-1,-1,-1,-1,-1,-1,-1,
-1,-1,-1,1,-1,-1,-1,-1,-1,-1,-1,1,-1,-1,-1,-1,-1,-1,-1,-1,-1,-1,-1,-1,-1,-1,-1,-1,-1,-1,-1,-1,-1,-1,-1,-1,-1,-1,-1,-1,-1,-1,-1,-1,-1,0,-1,-1,-1,-1,-1,-1,-1,-1,-1,-1,-1,-1,-1,-1,-1,-1,-1,-1,-1,-1,-1,-1,-1,-1,-1,-1,-1,-1,-1,-1,-1,-1,-1,-1,-1,-1,-1,-1,-1,-1,-1,-1,-1,-1,-1,-1,-1,-1,-1,-1,-1,-1,-1,-1,-1,-1,-1,
-1,-1,-1,-1,-1,-1,-1,1,1,-1,-1,-1,-1,-1,-1,-1,-1,-1,-1,-1,-1,-1,-1,-1,-1,-1,-1,-1,-1,-1,-1,-1,-1,-1,-1,-1,-1,-1,-1,-1,-1,-1,-1,-1,-1,-1,0,-1,-1,-1,-1,-1,-1,-1,-1,-1,-1,-1,-1,-1,-1,-1,-1,-1,-1,-1,-1,-1,-1,-1,-1,-1,-1,-1,-1,-1,-1,-1,-1,-1,-1,-1,-1,-1,-1,-1,-1,-1,-1,-1,-1,-1,-1,-1,-1,-1,-1,-1,-1,-1,-1,-1,-1,
-1,-1,-1,-1,-1,-1,-1,-1,-1,-1,-1,-1,-1,-1,1,-1,-1,-1,-1,-1,-1,-1,-1,1,-1,1,-1,-1,-1,-1,-1,-1,-1,-1,1,-1,-1,-1,-1,-1,-1,-1,-1,-1,-1,-1,-1,0,-1,-1,-1,-1,-1,-1,-1,-1,-1,-1,-1,-1,-1,-1,-1,-1,-1,-1,-1,-1,-1,-1,-1,-1,-1,-1,-1,-1,-1,-1,-1,-1,-1,-1,-1,-1,-1,-1,-1,-1,-1,-1,-1,-1,-1,-1,-1,-1,-1,-1,-1,-1,-1,-1,-1,
-1,1,-1,-1,-1,-1,-1,-1,-1,-1,1,-1,-1,-1,-1,-1,-1,-1,-1,-1,-1,-1,-1,-1,-1,-1,-1,-1,-1,-1,1,-1,-1,-1,-1,-1,-1,-1,-1,-1,1,-1,-1,-1,-1,-1,-1,-1,0,-1,-1,-1,-1,-1,-1,-1,-1,-1,-1,-1,-1,-1,-1,-1,-1,-1,-1,-1,-1,-1,-1,-1,-1,-1,-1,-1,-1,-1,-1,-1,-1,-1,-1,-1,-1,-1,-1,-1,-1,-1,-1,-1,-1,-1,-1,-1,-1,-1,-1,-1,-1,-1,-1,
-1,-1,1,-1,-1,-1,-1,-1,-1,-1,-1,-1,1,-1,-1,-1,-1,-1,1,-1,-1,1,-1,-1,-1,-1,-1,-1,-1,-1,-1,-1,-1,-1,-1,1,-1,-1,-1,-1,-1,-1,-1,-1,-1,-1,-1,-1,-1,0,-1,-1,-1,-1,-1,-1,-1,-1,-1,-1,-1,-1,-1,-1,-1,-1,-1,-1,-1,-1,-1,-1,-1,-1,-1,-1,-1,-1,-1,-1,-1,-1,-1,-1,-1,-1,-1,-1,-1,-1,-1,-1,-1,-1,-1,-1,-1,-1,-1,-1,-1,-1,-1,
-1,-1,-1,-1,-1,-1,-1,-1,-1,-1,-1,-1,-1,-1,-1,-1,1,-1,-1,-1,-1,-1,-1,-1,-1,-1,-1,-1,-1,-1,-1,-1,-1,-1,-1,-1,-1,-1,-1,-1,-1,-1,-1,-1,-1,-1,-1,-1,-1,-1,0,-1,-1,-1,-1,-1,-1,1,-1,-1,-1,-1,-1,-1,-1,-1,-1,-1,-1,-1,-1,-1,-1,-1,-1,-1,-1,-1,-1,-1,-1,-1,-1,-1,-1,-1,-1,-1,-1,-1,-1,-1,-1,-1,-1,-1,-1,-1,-1,-1,-1,-1,-1,
-1,-1,-1,-1,-1,-1,-1,-1,-1,-1,-1,-1,-1,-1,-1,-1,-1,-1,-1,-1,1,-1,-1,-1,-1,-1,-1,-1,-1,-1,-1,-1,1,-1,-1,-1,-1,-1,-1,-1,-1,-1,-1,-1,-1,-1,-1,-1,-1,-1,-1,0,-1,-1,-1,-1,-1,-1,-1,-1,-1,-1,-1,-1,-1,-1,-1,-1,-1,-1,-1,-1,-1,-1,-1,-1,-1,-1,-1,-1,-1,-1,-1,-1,-1,-1,-1,-1,-1,-1,-1,-1,-1,-1,-1,-1,-1,-1,-1,-1,-1,-1,-1,
-1,-1,-1,1,-1,-1,-1,-1,-1,-1,-1,1,-1,-1,-1,-1,-1,1,-1,-1,1,-1,-1,-1,-1,-1,-1,-1,-1,-1,-1,-1,-1,-1,-1,-1,-1,-1,-1,-1,-1,-1,-1,-1,-1,-1,-1,-1,-1,-1,-1,-1,0,-1,-1,-1,-1,-1,-1,1,-1,-1,-1,-1,-1,-1,-1,-1,-1,-1,-1,-1,-1,-1,-1,-1,-1,-1,-1,-1,-1,-1,-1,-1,-1,-1,-1,-1,-1,-1,-1,-1,-1,-1,-1,-1,-1,-1,-1,-1,-1,-1,-1,
-1,-1,-1,-1,-1,-1,-1,-1,-1,-1,-1,-1,-1,-1,-1,-1,1,1,-1,-1,1,-1,1,-1,-1,-1,-1,1,-1,-1,-1,-1,-1,-1,-1,-1,-1,-1,-1,-1,-1,-1,-1,-1,-1,-1,-1,-1,-1,-1,-1,-1,-1,0,-1,-1,-1,-1,-1,-1,-1,-1,-1,-1,-1,-1,-1,-1,-1,-1,-1,-1,-1,-1,-1,-1,-1,-1,-1,-1,-1,-1,-1,-1,-1,-1,-1,-1,-1,-1,-1,-1,-1,-1,-1,-1,-1,-1,-1,-1,-1,-1,-1,
-1,-1,-1,-1,-1,1,-1,-1,-1,-1,-1,-1,1,1,-1,-1,-1,-1,-1,-1,-1,-1,-1,-1,-1,-1,1,-1,-1,-1,-1,-1,-1,1,-1,-1,-1,-1,-1,-1,-1,-1,-1,-1,-1,-1,-1,-1,-1,-1,-1,-1,-1,-1,0,-1,-1,-1,-1,-1,-1,-1,-1,-1,-1,-1,-1,-1,-1,-1,-1,-1,-1,-1,-1,-1,-1,-1,-1,-1,-1,-1,-1,-1,-1,-1,-1,-1,-1,-1,-1,-1,-1,-1,-1,-1,-1,-1,-1,-1,-1,-1,-1,
-1,-1,-1,-1,-1,-1,-1,-1,-1,1,-1,-1,-1,-1,-1,-1,-1,-1,1,-1,-1,-1,-1,-1,-1,-1,-1,-1,-1,-1,-1,-1,-1,-1,-1,-1,1,-1,-1,-1,-1,-1,-1,-1,-1,-1,-1,-1,-1,-1,-1,-1,-1,-1,-1,0,-1,-1,-1,-1,-1,-1,-1,-1,-1,-1,-1,-1,-1,-1,-1,-1,-1,-1,-1,-1,-1,-1,-1,-1,-1,-1,-1,-1,-1,-1,-1,-1,-1,-1,-1,-1,-1,-1,-1,-1,-1,-1,-1,-1,-1,-1,-1,
1,-1,-1,-1,-1,-1,-1,-1,-1,-1,-1,-1,-1,-1,-1,-1,-1,-1,-1,-1,-1,-1,-1,-1,1,-1,-1,-1,-1,-1,-1,-1,-1,-1,-1,-1,-1,-1,-1,-1,-1,-1,-1,-1,-1,-1,-1,-1,-1,-1,-1,-1,-1,-1,-1,-1,0,-1,-1,-1,-1,-1,-1,-1,-1,-1,-1,-1,-1,-1,-1,-1,-1,-1,-1,-1,-1,-1,-1,-1,-1,-1,-1,-1,-1,-1,-1,-1,-1,-1,-1,-1,-1,-1,-1,-1,-1,-1,-1,-1,-1,-1,-1,
-1,-1,-1,-1,-1,-1,-1,1,-1,-1,-1,-1,1,-1,-1,-1,-1,-1,-1,-1,-1,-1,-1,-1,-1,-1,-1,-1,-1,-1,-1,-1,-1,-1,-1,-1,-1,-1,-1,-1,-1,-1,1,-1,-1,-1,-1,-1,-1,-1,1,-1,-1,-1,-1,-1,-1,0,-1,-1,-1,-1,-1,-1,-1,-1,-1,-1,-1,-1,-1,-1,-1,-1,-1,-1,-1,-1,-1,-1,-1,-1,-1,-1,-1,-1,-1,-1,-1,-1,-1,-1,-1,-1,-1,-1,-1,-1,-1,-1,-1,-1,-1,
-1,1,-1,-1,-1,-1,1,-1,-1,-1,-1,-1,-1,-1,-1,-1,-1,-1,-1,-1,-1,-1,-1,-1,-1,-1,-1,-1,-1,-1,-1,-1,-1,-1,-1,-1,-1,-1,-1,-1,1,-1,-1,-1,-1,-1,-1,-1,-1,-1,-1,-1,-1,-1,-1,-1,-1,-1,0,-1,-1,-1,-1,-1,-1,-1,-1,-1,-1,-1,-1,-1,-1,-1,-1,-1,-1,-1,-1,-1,-1,-1,-1,-1,-1,-1,-1,-1,-1,-1,-1,-1,-1,-1,-1,-1,-1,-1,-1,-1,-1,-1,-1,
-1,-1,-1,-1,-1,-1,-1,-1,-1,-1,-1,-1,-1,-1,-1,-1,-1,-1,-1,-1,-1,-1,-1,1,-1,-1,-1,-1,-1,-1,-1,-1,-1,-1,-1,-1,-1,-1,-1,-1,-1,-1,-1,-1,-1,-1,-1,-1,-1,-1,-1,-1,1,-1,-1,-1,-1,-1,-1,0,-1,-1,-1,-1,-1,-1,-1,-1,-1,-1,-1,-1,-1,-1,-1,-1,-1,-1,-1,-1,-1,-1,-1,-1,-1,-1,-1,-1,-1,-1,-1,-1,-1,-1,-1,-1,-1,-1,-1,-1,-1,-1,-1,
-1,-1,-1,-1,1,-1,1,-1,-1,-1,-1,1,-1,-1,-1,-1,-1,-1,-1,-1,-1,-1,-1,-1,-1,-1,-1,-1,-1,-1,-1,-1,-1,1,-1,1,-1,-1,-1,-1,-1,-1,-1,-1,-1,-1,-1,-1,-1,-1,-1,-1,-1,-1,-1,-1,-1,-1,-1,-1,0,-1,-1,-1,-1,-1,-1,-1,-1,-1,-1,-1,-1,-1,-1,-1,-1,-1,-1,-1,-1,-1,-1,-1,-1,-1,-1,-1,1,-1,-1,-1,-1,-1,-1,-1,-1,-1,-1,-1,-1,-1,-1,
-1,-1,1,-1,-1,-1,-1,-1,-1,-1,1,-1,-1,1,-1,-1,-1,-1,-1,-1,-1,-1,-1,-1,-1,-1,-1,1,-1,-1,-1,-1,-1,-1,-1,-1,-1,-1,-1,-1,-1,-1,1,-1,-1,-1,-1,-1,-1,-1,-1,-1,-1,-1,-1,-1,-1,-1,-1,-1,-1,0,-1,-1,-1,-1,-1,-1,-1,-1,-1,-1,-1,-1,-1,-1,-1,-1,-1,-1,-1,-1,-1,-1,-1,-1,-1,-1,-1,-1,-1,-1,-1,-1,-1,-1,-1,-1,-1,-1,-1,-1,-1,
-1,-1,-1,-1,-1,-1,-1,-1,1,-1,-1,-1,-1,-1,-1,-1,-1,-1,-1,1,-1,-1,-1,-1,1,1,-1,-1,-1,-1,-1,-1,-1,-1,-1,-1,-1,-1,-1,-1,-1,-1,-1,-1,-1,-1,-1,-1,-1,-1,-1,-1,-1,-1,-1,-1,-1,-1,-1,-1,-1,-1,0,-1,-1,-1,-1,-1,-1,-1,-1,-1,-1,-1,-1,-1,-1,-1,-1,-1,-1,-1,-1,-1,-1,-1,-1,-1,-1,-1,-1,-1,-1,-1,-1,-1,-1,-1,-1,-1,-1,-1,-1,
-1,-1,-1,1,-1,-1,-1,-1,-1,-1,-1,-1,1,-1,-1,-1,-1,-1,-1,-1,-1,-1,-1,-1,-1,-1,-1,-1,-1,-1,-1,-1,1,-1,-1,-1,1,-1,-1,-1,-1,-1,-1,-1,-1,-1,-1,-1,-1,-1,-1,-1,-1,-1,-1,-1,-1,-1,-1,-1,-1,-1,-1,0,-1,-1,-1,-1,-1,-1,-1,-1,-1,-1,-1,-1,-1,-1,-1,-1,-1,-1,-1,-1,-1,-1,-1,-1,-1,-1,-1,-1,-1,-1,-1,-1,-1,-1,-1,-1,-1,-1,-1,
-1,-1,-1,-1,1,1,-1,-1,1,-1,-1,-1,-1,-1,-1,-1,-1,-1,-1,1,1,-1,-1,-1,-1,-1,-1,-1,-1,-1,1,1,-1,-1,1,-1,-1,-1,-1,-1,-1,1,-1,-1,-1,-1,-1,-1,-1,-1,-1,-1,-1,-1,-1,-1,-1,-1,-1,-1,-1,-1,-1,-1,0,-1,-1,-1,-1,-1,-1,-1,-1,-1,-1,-1,-1,-1,-1,-1,-1,-1,-1,-1,-1,-1,-1,-1,-1,-1,-1,-1,-1,-1,-1,-1,-1,-1,-1,-1,-1,-1,-1,
1,-1,-1,-1,1,-1,-1,-1,1,-1,-1,-1,-1,-1,-1,-1,-1,-1,-1,-1,-1,-1,-1,-1,-1,-1,-1,1,-1,-1,-1,-1,-1,-1,1,-1,-1,-1,-1,-1,-1,-1,-1,-1,-1,-1,-1,-1,-1,-1,-1,-1,-1,-1,-1,-1,-1,-1,-1,-1,-1,-1,-1,-1,-1,0,-1,-1,-1,-1,-1,-1,-1,-1,-1,-1,-1,-1,-1,-1,-1,-1,-1,-1,-1,-1,-1,-1,-1,-1,-1,-1,-1,-1,-1,-1,-1,-1,-1,-1,-1,-1,-1,
-1,-1,-1,-1,-1,-1,-1,-1,-1,-1,-1,-1,1,-1,-1,1,1,-1,-1,-1,-1,-1,-1,-1,-1,1,-1,-1,-1,-1,-1,-1,-1,-1,-1,1,-1,-1,-1,-1,-1,-1,-1,-1,-1,-1,-1,-1,-1,-1,-1,-1,-1,-1,-1,-1,-1,-1,-1,-1,-1,-1,-1,-1,-1,-1,0,-1,-1,-1,-1,-1,-1,-1,-1,-1,-1,-1,-1,-1,-1,-1,-1,-1,-1,-1,-1,-1,-1,-1,-1,-1,-1,-1,-1,-1,-1,-1,-1,-1,-1,-1,-1,
-1,-1,-1,-1,-1,-1,-1,-1,-1,1,-1,-1,-1,-1,1,-1,-1,-1,-1,-1,-1,-1,-1,-1,-1,-1,1,-1,-1,-1,-1,-1,1,-1,-1,-1,-1,1,-1,-1,-1,-1,-1,-1,-1,-1,-1,-1,-1,-1,-1,-1,-1,-1,-1,-1,-1,-1,-1,-1,-1,-1,-1,-1,-1,-1,-1,0,-1,-1,-1,-1,-1,-1,-1,-1,-1,-1,-1,-1,-1,-1,-1,-1,-1,-1,-1,-1,-1,-1,-1,-1,-1,-1,-1,-1,-1,-1,-1,-1,-1,-1,-1,
-1,-1,-1,-1,-1,-1,-1,-1,-1,-1,-1,-1,-1,-1,-1,-1,1,-1,-1,-1,-1,-1,-1,-1,-1,-1,-1,-1,-1,-1,-1,-1,-1,-1,-1,-1,-1,-1,-1,1,-1,-1,-1,-1,-1,-1,-1,-1,-1,-1,-1,-1,-1,-1,-1,-1,-1,-1,-1,-1,-1,-1,-1,-1,-1,-1,-1,-1,0,-1,-1,-1,-1,-1,-1,-1,-1,-1,-1,-1,-1,-1,-1,-1,-1,-1,-1,-1,-1,-1,-1,-1,-1,-1,-1,-1,-1,-1,-1,-1,-1,-1,-1,
1,-1,-1,-1,1,1,-1,-1,-1,1,-1,-1,-1,-1,-1,-1,-1,-1,-1,-1,1,-1,-1,-1,-1,-1,-1,-1,-1,-1,-1,-1,-1,-1,-1,-1,-1,1,-1,-1,-1,-1,-1,-1,-1,-1,-1,-1,-1,-1,-1,-1,-1,-1,-1,-1,-1,-1,-1,-1,-1,-1,-1,-1,-1,-1,-1,-1,-1,0,-1,-1,-1,-1,-1,-1,-1,-1,-1,-1,-1,-1,-1,-1,-1,-1,-1,-1,-1,-1,-1,-1,-1,-1,-1,-1,-1,-1,-1,-1,-1,-1,-1,
-1,-1,-1,-1,-1,-1,-1,-1,-1,-1,-1,-1,-1,-1,-1,1,-1,-1,-1,-1,-1,-1,-1,1,-1,-1,-1,-1,-1,-1,-1,1,-1,-1,-1,-1,-1,-1,-1,-1,-1,-1,-1,-1,-1,-1,-1,-1,-1,-1,-1,-1,-1,-1,-1,-1,-1,-1,-1,-1,-1,-1,-1,-1,-1,-1,-1,-1,-1,-1,0,-1,-1,-1,-1,-1,-1,-1,-1,-1,-1,-1,-1,-1,-1,-1,-1,-1,-1,-1,-1,-1,-1,-1,-1,-1,-1,-1,-1,-1,-1,-1,-1,
-1,-1,-1,-1,1,-1,-1,-1,-1,-1,1,-1,-1,-1,-1,1,-1,-1,-1,-1,-1,-1,-1,-1,1,-1,-1,-1,-1,-1,-1,-1,-1,-1,-1,-1,-1,-1,-1,-1,1,-1,-1,-1,-1,-1,-1,-1,-1,-1,-1,-1,-1,-1,-1,-1,-1,-1,-1,-1,-1,-1,-1,-1,-1,-1,-1,-1,-1,-1,-1,0,-1,-1,-1,-1,-1,-1,-1,-1,-1,-1,-1,-1,-1,-1,-1,-1,-1,-1,-1,-1,-1,-1,-1,-1,-1,-1,-1,-1,-1,-1,-1,
-1,1,-1,-1,-1,-1,-1,-1,-1,-1,-1,-1,1,-1,-1,-1,-1,-1,-1,-1,-1,1,-1,-1,-1,-1,-1,-1,-1,1,-1,-1,-1,-1,-1,-1,1,-1,-1,-1,-1,-1,-1,-1,-1,-1,-1,-1,-1,-1,-1,-1,-1,-1,-1,-1,-1,-1,-1,-1,-1,-1,-1,-1,-1,-1,-1,-1,-1,-1,-1,-1,0,-1,-1,-1,-1,-1,-1,-1,-1,-1,-1,-1,-1,-1,-1,-1,-1,-1,-1,-1,-1,-1,-1,-1,-1,-1,-1,-1,-1,-1,-1,
-1,-1,1,-1,-1,-1,-1,-1,-1,-1,-1,-1,-1,-1,-1,-1,-1,-1,-1,-1,-1,-1,-1,-1,-1,-1,-1,-1,-1,1,-1,-1,-1,-1,-1,-1,-1,-1,-1,-1,-1,-1,-1,-1,-1,-1,-1,-1,-1,-1,-1,-1,-1,-1,-1,-1,-1,-1,-1,-1,-1,-1,-1,-1,-1,-1,-1,-1,-1,-1,-1,-1,-1,0,-1,-1,-1,-1,-1,-1,-1,-1,-1,-1,-1,-1,-1,-1,-1,-1,-1,-1,-1,-1,-1,-1,-1,-1,-1,-1,-1,-1,-1,
-1,-1,-1,-1,-1,-1,-1,-1,-1,-1,-1,-1,-1,-1,-1,-1,-1,-1,-1,-1,-1,-1,-1,-1,-1,-1,-1,-1,1,-1,-1,-1,-1,-1,-1,1,-1,1,-1,-1,-1,-1,-1,-1,-1,-1,-1,-1,-1,-1,-1,-1,-1,-1,-1,-1,-1,-1,-1,-1,-1,-1,-1,-1,-1,-1,-1,-1,-1,-1,-1,-1,-1,-1,0,-1,-1,-1,-1,-1,-1,-1,-1,-1,-1,-1,-1,-1,-1,-1,-1,-1,-1,-1,-1,-1,-1,-1,-1,-1,-1,-1,-1,
-1,-1,-1,-1,-1,-1,-1,-1,-1,1,-1,-1,-1,-1,-1,-1,-1,-1,-1,-1,-1,-1,-1,-1,-1,-1,-1,-1,1,-1,-1,-1,-1,-1,-1,-1,-1,-1,-1,-1,1,-1,-1,-1,-1,-1,-1,-1,-1,-1,-1,-1,-1,-1,-1,-1,-1,-1,-1,-1,-1,-1,-1,-1,-1,-1,-1,-1,-1,-1,-1,-1,-1,-1,-1,0,-1,-1,-1,-1,-1,-1,-1,-1,-1,-1,-1,-1,-1,-1,-1,-1,-1,-1,-1,-1,-1,-1,-1,-1,-1,-1,-1,
1,1,-1,-1,-1,1,-1,-1,-1,-1,-1,-1,-1,-1,-1,-1,-1,-1,-1,-1,-1,-1,-1,-1,-1,-1,-1,-1,-1,-1,-1,-1,-1,1,-1,-1,-1,-1,-1,-1,-1,-1,-1,-1,-1,-1,-1,-1,-1,-1,-1,-1,-1,-1,-1,-1,-1,-1,-1,-1,-1,-1,-1,-1,-1,-1,-1,-1,-1,-1,-1,-1,-1,-1,-1,-1,0,-1,-1,-1,-1,-1,-1,-1,-1,-1,-1,-1,-1,-1,-1,-1,-1,-1,-1,-1,-1,-1,-1,-1,-1,-1,-1,
-1,-1,-1,-1,-1,-1,-1,-1,-1,-1,-1,-1,-1,-1,-1,-1,-1,-1,-1,-1,-1,-1,-1,-1,-1,-1,-1,-1,-1,-1,-1,-1,-1,-1,-1,-1,-1,1,-1,-1,-1,-1,-1,-1,-1,-1,-1,-1,-1,-1,-1,-1,-1,-1,-1,-1,-1,-1,-1,-1,-1,-1,-1,-1,-1,-1,-1,-1,-1,-1,-1,-1,-1,-1,-1,-1,-1,0,-1,-1,-1,-1,-1,-1,-1,-1,-1,-1,-1,-1,-1,-1,-1,-1,-1,-1,-1,1,-1,-1,-1,-1,-1,
-1,-1,1,-1,-1,-1,-1,1,-1,-1,1,-1,-1,-1,-1,-1,-1,-1,-1,-1,-1,-1,-1,-1,1,-1,-1,-1,-1,-1,-1,-1,-1,-1,-1,-1,-1,1,1,-1,-1,-1,-1,-1,-1,-1,-1,-1,-1,-1,-1,-1,-1,-1,-1,-1,-1,-1,-1,-1,-1,-1,-1,-1,-1,-1,-1,-1,-1,-1,-1,-1,-1,-1,-1,-1,-1,-1,0,-1,-1,-1,-1,-1,-1,-1,-1,-1,-1,-1,-1,-1,-1,-1,-1,-1,-1,-1,-1,-1,-1,-1,-1,
-1,-1,1,-1,1,-1,-1,-1,-1,-1,-1,-1,-1,-1,-1,-1,-1,-1,-1,-1,-1,-1,-1,-1,-1,-1,-1,-1,-1,-1,-1,-1,-1,-1,-1,-1,-1,-1,-1,-1,-1,-1,-1,-1,-1,-1,-1,-1,-1,-1,-1,-1,-1,-1,-1,-1,-1,-1,-1,-1,-1,-1,-1,-1,-1,-1,-1,-1,-1,-1,-1,-1,-1,-1,-1,-1,-1,-1,-1,0,-1,-1,-1,-1,-1,-1,-1,-1,-1,-1,-1,-1,-1,-1,-1,-1,-1,-1,-1,-1,-1,-1,-1,
-1,-1,-1,-1,-1,-1,-1,-1,-1,-1,-1,-1,-1,-1,-1,-1,1,-1,-1,1,-1,-1,-1,1,-1,-1,-1,-1,-1,-1,-1,-1,-1,-1,-1,-1,-1,-1,-1,-1,-1,-1,-1,-1,-1,-1,-1,-1,-1,-1,-1,-1,-1,-1,-1,-1,-1,-1,-1,-1,-1,-1,-1,-1,-1,-1,-1,-1,-1,-1,-1,-1,-1,-1,-1,-1,-1,-1,-1,-1,0,-1,-1,-1,-1,-1,-1,-1,-1,-1,-1,-1,-1,-1,-1,-1,-1,-1,-1,-1,-1,-1,-1,
-1,-1,-1,-1,-1,-1,-1,-1,-1,-1,-1,-1,-1,-1,-1,-1,-1,-1,-1,-1,-1,-1,1,-1,-1,-1,-1,-1,-1,-1,-1,-1,-1,1,-1,-1,-1,-1,-1,-1,-1,-1,-1,-1,-1,-1,-1,-1,-1,-1,-1,-1,-1,-1,-1,-1,-1,-1,-1,-1,-1,-1,-1,-1,-1,-1,-1,-1,-1,-1,-1,-1,-1,-1,-1,-1,-1,-1,-1,-1,-1,0,-1,-1,-1,-1,-1,-1,-1,-1,-1,-1,-1,-1,-1,-1,-1,-1,-1,-1,-1,-1,-1,
-1,-1,-1,-1,-1,-1,-1,-1,-1,-1,-1,1,-1,-1,-1,-1,-1,-1,-1,-1,-1,-1,-1,-1,-1,-1,-1,-1,-1,-1,-1,-1,-1,-1,-1,-1,-1,-1,-1,-1,-1,1,-1,-1,-1,-1,-1,-1,-1,-1,-1,-1,-1,-1,-1,-1,-1,-1,-1,-1,-1,-1,-1,-1,-1,-1,-1,-1,-1,-1,-1,-1,-1,-1,-1,-1,-1,-1,-1,-1,-1,-1,0,-1,-1,-1,-1,-1,-1,-1,-1,-1,-1,-1,-1,-1,-1,-1,-1,-1,-1,-1,-1,
-1,-1,-1,-1,-1,-1,-1,-1,-1,-1,1,-1,-1,1,-1,-1,-1,-1,-1,-1,-1,1,-1,-1,-1,-1,-1,-1,-1,-1,-1,-1,-1,-1,-1,-1,-1,-1,-1,-1,-1,-1,-1,-1,-1,-1,-1,-1,-1,-1,-1,-1,-1,-1,-1,-1,-1,-1,-1,-1,-1,-1,-1,-1,-1,-1,-1,-1,-1,-1,-1,-1,-1,-1,-1,-1,-1,-1,-1,-1,-1,-1,-1,0,-1,-1,-1,-1,-1,-1,-1,-1,-1,-1,-1,-1,-1,-1,-1,-1,-1,-1,-1,
-1,-1,-1,-1,-1,1,-1,-1,-1,-1,-1,-1,-1,-1,-1,-1,-1,-1,-1,-1,-1,1,-1,-1,-1,-1,-1,-1,-1,-1,-1,-1,-1,-1,-1,-1,-1,-1,-1,-1,-1,-1,-1,-1,-1,-1,-1,-1,-1,-1,-1,-1,-1,-1,-1,-1,-1,-1,-1,-1,-1,-1,-1,-1,-1,-1,-1,-1,-1,-1,-1,-1,-1,-1,-1,-1,-1,-1,-1,-1,-1,-1,-1,-1,0,-1,-1,-1,-1,-1,-1,-1,-1,-1,-1,-1,-1,-1,-1,-1,-1,-1,-1,
-1,-1,-1,-1,-1,-1,-1,-1,-1,-1,-1,-1,-1,-1,1,-1,-1,-1,-1,-1,-1,-1,-1,-1,-1,-1,-1,-1,-1,-1,-1,-1,1,-1,-1,-1,-1,-1,-1,-1,-1,-1,-1,-1,-1,-1,-1,-1,-1,-1,-1,-1,-1,-1,-1,-1,-1,-1,-1,-1,-1,-1,-1,-1,-1,-1,-1,-1,-1,-1,-1,-1,-1,-1,-1,-1,-1,-1,-1,-1,-1,-1,-1,-1,-1,0,-1,-1,-1,-1,-1,-1,-1,-1,-1,-1,-1,-1,-1,-1,-1,-1,-1,
-1,-1,1,-1,-1,-1,-1,-1,-1,1,-1,-1,-1,-1,-1,-1,-1,-1,-1,-1,-1,-1,-1,-1,-1,-1,-1,-1,-1,-1,-1,1,1,-1,-1,-1,-1,-1,-1,-1,-1,-1,-1,-1,-1,-1,-1,-1,-1,-1,-1,-1,-1,-1,-1,-1,-1,-1,-1,-1,-1,-1,-1,-1,-1,-1,-1,-1,-1,-1,-1,-1,-1,-1,-1,-1,-1,-1,-1,-1,-1,-1,-1,-1,-1,-1,0,-1,-1,-1,-1,-1,-1,-1,-1,-1,-1,-1,-1,-1,-1,-1,-1,
-1,1,-1,-1,-1,-1,-1,-1,1,-1,-1,-1,-1,-1,1,-1,-1,-1,-1,-1,-1,-1,-1,-1,-1,-1,-1,-1,-1,-1,-1,-1,-1,-1,-1,-1,-1,-1,-1,-1,-1,-1,-1,-1,-1,-1,-1,-1,-1,-1,-1,-1,-1,-1,-1,-1,-1,-1,-1,-1,-1,-1,-1,-1,-1,-1,-1,-1,-1,-1,-1,-1,-1,-1,-1,-1,-1,-1,-1,-1,-1,-1,-1,-1,-1,-1,-1,0,-1,-1,-1,-1,-1,-1,-1,-1,-1,-1,-1,-1,-1,-1,-1,
-1,-1,-1,-1,-1,-1,-1,-1,-1,-1,-1,-1,-1,-1,-1,-1,-1,-1,-1,-1,-1,-1,-1,-1,-1,-1,-1,-1,-1,-1,-1,-1,-1,-1,-1,-1,-1,-1,-1,1,-1,-1,-1,-1,-1,-1,-1,-1,-1,-1,-1,-1,-1,-1,-1,-1,-1,-1,-1,-1,1,-1,-1,-1,-1,-1,-1,-1,-1,-1,-1,-1,-1,-1,-1,-1,-1,-1,-1,-1,-1,-1,-1,-1,-1,-1,-1,-1,0,-1,-1,-1,-1,-1,-1,-1,-1,-1,-1,-1,-1,-1,-1,
-1,-1,-1,-1,-1,-1,-1,-1,-1,1,-1,-1,-1,-1,-1,-1,-1,-1,-1,-1,-1,-1,-1,-1,1,-1,-1,-1,1,-1,1,-1,-1,-1,-1,-1,-1,-1,-1,-1,-1,-1,-1,-1,-1,-1,-1,-1,-1,-1,-1,-1,-1,-1,-1,-1,-1,-1,-1,-1,-1,-1,-1,-1,-1,-1,-1,-1,-1,-1,-1,-1,-1,-1,-1,-1,-1,-1,-1,-1,-1,-1,-1,-1,-1,-1,-1,-1,-1,0,-1,-1,-1,-1,-1,-1,-1,-1,-1,-1,-1,-1,-1,
-1,-1,-1,-1,-1,-1,1,-1,-1,-1,-1,-1,-1,-1,-1,-1,-1,-1,-1,1,-1,-1,-1,-1,-1,-1,-1,-1,-1,-1,-1,-1,-1,-1,1,-1,-1,-1,-1,-1,-1,-1,-1,-1,-1,-1,-1,-1,-1,-1,-1,-1,-1,-1,-1,-1,-1,-1,-1,-1,-1,-1,-1,-1,-1,-1,-1,-1,-1,-1,-1,-1,-1,-1,-1,-1,-1,-1,-1,-1,-1,-1,-1,-1,-1,-1,-1,-1,-1,-1,0,-1,-1,-1,-1,-1,-1,-1,-1,-1,-1,-1,-1,
-1,-1,-1,-1,-1,-1,-1,-1,-1,-1,-1,-1,-1,-1,-1,-1,-1,-1,-1,-1,-1,-1,-1,-1,-1,-1,-1,-1,-1,1,1,-1,-1,-1,-1,-1,-1,-1,-1,-1,-1,-1,-1,-1,-1,-1,-1,-1,-1,-1,-1,-1,-1,-1,-1,-1,-1,-1,-1,-1,-1,-1,-1,-1,-1,-1,-1,-1,-1,-1,-1,-1,-1,-1,-1,-1,-1,-1,-1,-1,-1,-1,-1,-1,-1,-1,-1,-1,-1,-1,-1,0,-1,-1,-1,-1,-1,-1,-1,-1,-1,-1,-1,
-1,1,-1,-1,-1,1,-1,-1,-1,-1,-1,-1,1,-1,-1,-1,-1,-1,-1,-1,-1,-1,-1,-1,-1,-1,-1,-1,-1,-1,-1,-1,-1,-1,-1,-1,-1,-1,-1,-1,-1,-1,1,-1,-1,-1,-1,-1,-1,-1,-1,-1,-1,-1,-1,-1,-1,-1,-1,-1,-1,-1,-1,-1,-1,-1,-1,-1,-1,-1,-1,-1,-1,-1,-1,-1,-1,-1,-1,-1,-1,-1,-1,-1,-1,-1,-1,-1,-1,-1,-1,-1,0,-1,-1,-1,-1,-1,-1,-1,-1,-1,-1,
-1,-1,-1,-1,-1,-1,-1,1,-1,-1,-1,1,-1,-1,-1,-1,-1,1,-1,1,-1,-1,-1,-1,-1,-1,-1,-1,1,-1,1,-1,-1,-1,-1,-1,-1,-1,-1,-1,-1,-1,-1,-1,-1,-1,-1,-1,-1,-1,-1,-1,-1,-1,-1,-1,-1,-1,-1,-1,-1,-1,-1,-1,-1,-1,-1,-1,-1,-1,-1,-1,-1,-1,-1,-1,-1,-1,-1,-1,-1,-1,-1,-1,-1,-1,-1,-1,-1,-1,-1,-1,-1,0,-1,-1,-1,-1,-1,-1,-1,-1,-1,
-1,-1,-1,-1,-1,-1,1,-1,-1,-1,-1,-1,-1,1,-1,-1,-1,-1,-1,-1,-1,-1,-1,-1,-1,-1,-1,-1,-1,-1,-1,-1,-1,1,-1,-1,-1,-1,-1,-1,-1,-1,1,-1,-1,-1,-1,-1,-1,-1,-1,-1,-1,-1,-1,-1,-1,-1,-1,-1,-1,-1,-1,-1,-1,-1,-1,-1,-1,-1,-1,-1,-1,-1,-1,-1,-1,-1,-1,-1,-1,-1,-1,-1,-1,-1,-1,-1,-1,-1,-1,-1,-1,-1,0,-1,-1,-1,-1,-1,-1,-1,-1,
-1,-1,-1,-1,1,-1,-1,-1,-1,-1,-1,-1,-1,-1,-1,-1,-1,-1,-1,-1,1,-1,-1,-1,-1,-1,-1,-1,-1,-1,-1,-1,-1,-1,-1,-1,-1,-1,-1,-1,-1,-1,-1,-1,-1,-1,-1,-1,-1,-1,-1,-1,-1,-1,-1,-1,-1,-1,-1,-1,-1,-1,-1,-1,-1,-1,-1,-1,-1,-1,-1,-1,-1,-1,-1,-1,-1,-1,-1,-1,-1,-1,-1,-1,-1,-1,-1,-1,-1,-1,-1,-1,-1,-1,-1,0,-1,-1,-1,-1,-1,-1,-1,
-1,-1,-1,-1,-1,-1,-1,-1,-1,1,-1,-1,-1,-1,-1,-1,-1,-1,-1,-1,-1,-1,1,1,-1,-1,-1,-1,-1,1,-1,-1,-1,-1,1,-1,-1,-1,-1,-1,-1,-1,-1,-1,-1,-1,-1,-1,-1,-1,-1,-1,-1,-1,-1,-1,-1,-1,-1,-1,-1,-1,-1,-1,-1,-1,-1,-1,-1,-1,-1,-1,-1,-1,-1,-1,-1,-1,-1,-1,-1,-1,-1,-1,-1,-1,-1,-1,-1,-1,-1,-1,-1,-1,-1,-1,0,-1,-1,-1,-1,-1,-1,
-1,-1,-1,-1,-1,1,1,-1,-1,-1,-1,-1,-1,-1,-1,-1,-1,-1,-1,-1,-1,-1,-1,-1,-1,-1,-1,-1,-1,-1,-1,1,-1,-1,-1,1,-1,-1,-1,-1,-1,-1,-1,-1,-1,-1,-1,-1,-1,-1,-1,-1,-1,-1,-1,-1,-1,-1,-1,-1,-1,-1,-1,-1,-1,-1,-1,-1,-1,-1,-1,-1,-1,-1,-1,-1,-1,1,-1,-1,-1,-1,-1,-1,-1,-1,-1,-1,-1,-1,-1,-1,-1,-1,-1,-1,-1,0,-1,-1,-1,-1,-1,
-1,-1,-1,-1,-1,-1,-1,-1,-1,-1,-1,-1,-1,-1,-1,-1,-1,-1,1,-1,-1,-1,-1,-1,-1,-1,-1,-1,-1,-1,-1,-1,-1,-1,-1,1,-1,-1,1,-1,-1,-1,-1,-1,-1,-1,-1,-1,-1,-1,-1,-1,-1,-1,-1,-1,-1,-1,-1,-1,-1,-1,-1,-1,-1,-1,-1,-1,-1,-1,-1,-1,-1,-1,-1,-1,-1,-1,-1,-1,-1,-1,-1,-1,-1,-1,-1,-1,-1,-1,-1,-1,-1,-1,-1,-1,-1,-1,0,-1,-1,-1,-1,
1,-1,1,-1,-1,-1,-1,-1,-1,-1,-1,-1,-1,-1,-1,-1,-1,-1,-1,-1,-1,-1,-1,-1,-1,-1,-1,-1,-1,-1,-1,-1,-1,-1,-1,-1,1,-1,-1,-1,1,-1,-1,-1,-1,-1,-1,-1,-1,-1,-1,-1,-1,-1,-1,-1,-1,-1,-1,-1,-1,-1,-1,-1,-1,-1,-1,-1,-1,-1,-1,-1,-1,-1,-1,-1,-1,-1,-1,-1,-1,-1,-1,-1,-1,-1,-1,-1,-1,-1,-1,-1,-1,-1,-1,-1,-1,-1,-1,0,-1,-1,-1,
-1,-1,-1,1,-1,-1,-1,-1,-1,-1,-1,-1,-1,-1,-1,-1,1,-1,1,-1,-1,1,1,1,1,-1,-1,-1,-1,-1,-1,-1,-1,-1,-1,-1,-1,-1,-1,-1,-1,-1,-1,-1,-1,-1,-1,-1,-1,-1,-1,-1,-1,-1,-1,-1,-1,-1,-1,-1,-1,-1,-1,-1,-1,-1,-1,-1,-1,-1,-1,-1,-1,-1,-1,-1,-1,-1,-1,-1,-1,-1,-1,-1,-1,-1,-1,-1,-1,-1,-1,-1,-1,-1,-1,-1,-1,-1,-1,-1,0,-1,-1,
-1,-1,-1,1,-1,-1,-1,1,-1,-1,1,-1,-1,-1,-1,-1,-1,-1,-1,-1,-1,-1,-1,-1,-1,-1,-1,-1,-1,-1,-1,-1,1,-1,-1,-1,-1,-1,-1,-1,-1,-1,-1,-1,-1,-1,-1,-1,-1,-1,-1,-1,-1,-1,-1,-1,-1,-1,-1,-1,-1,-1,-1,-1,-1,-1,-1,-1,-1,-1,-1,-1,-1,-1,-1,-1,-1,-1,-1,-1,-1,-1,-1,-1,-1,-1,-1,-1,-1,-1,-1,-1,-1,-1,-1,-1,-1,-1,-1,-1,-1,0,-1,
-1,-1,1,-1,-1,-1,-1,-1,-1,-1,-1,-1,-1,-1,1,-1,1,-1,-1,-1,-1,-1,-1,1,-1,-1,-1,-1,-1,-1,-1,-1,-1,-1,-1,-1,-1,-1,-1,-1,-1,-1,-1,-1,-1,-1,-1,-1,-1,-1,-1,-1,-1,-1,-1,-1,-1,-1,-1,-1,-1,-1,-1,-1,-1,-1,-1,-1,-1,-1,-1,-1,-1,-1,-1,-1,-1,-1,-1,-1,-1,-1,-1,-1,-1,-1,-1,-1,-1,-1,-1,-1,-1,-1,-1,-1,-1,-1,-1,-1,-1,-1,0,

(42,0)
(42,1)
(40,2)
(42,3)
(42,4)
(41,5)
(42,6)
(42,7)
(42,8)
(40,9)
(40,10)
(42,11)
(40,12)
(40,13)
(42,14)
(42,15)
(41,16)
(41,17)
(41,18)
(41,19)
(97,15)
(75,11)
(66,14)
(79,4)
(56,17)
(94,15)
(65,1)
(77,18)
(58,10)
(39,6)
(54,13)
(88,18)
(46,11)
(101,4)
(92,1)
(84,10)
(76,4)
(74,3)
(88,2)
(87,4)
(54,5)
(69,12)
(56,11)
(82,15)
(60,0)
(57,14)
(98,2)
(50,5)
(91,16)
(63,3)
(85,4)
(49,7)
(70,17)
(41,1)
(51,6)
(86,15)
(47,14)
(39,16)
(85,19)
(50,7)
(46,6)
(99,8)
(44,15)
(99,15)
(86,14)
(81,16)
(89,2)
(52,13)
(46,3)
(89,1)
(45,19)
(98,11)
(93,3)
(98,3)
(80,11)
(43,1)
(65,6)
(101,1)
(76,3)
(71,13)
(95,6)
(101,6)
(95,5)
(91,13)
(93,19)
(52,0)
(97,3)
(62,17)
(94,4)
(53,2)
(101,11)
(93,13)
(95,2)
(76,10)
(51,14)
(93,17)
(99,14)
(68,19)
(47,4)
(67,14)
(89,9)
(101,2)
(69,3)
(63,18)
(93,6)
(97,17)
(53,2)
(71,11)
(83,14)
(44,7)
(75,6)
(81,1)
(64,13)
(65,4)
(53,1)
(96,6)
(97,14)
(59,1)
(47,0)
(92,5)
(74,1)
(62,1)
(83,1)
(85,10)
(51,11)
(58,14)
(52,11)
(84,2)
(93,13)
(55,2)
(86,0)
(43,14)
(44,6)
(95,15)
(48,19)
(102,0)
(85,13)
(43,12)
(52,6)
(87,4)
(96,9)
(39,12)
(64,18)
(86,1)
(61,15)
(50,6)
(70,1)
(95,7)
(98,7)
(85,4)
(75,5)
(42,16)
(74,18)
(46,7)
(90,1)
(66,0)
(68,1)
(44,6)
(73,12)
(47,2)
(70,5)
(70,3)
(97,0)
(67,9)
(56,0)
(52,17)
(93,8)
(51,0)
(92,8)
(47,9)
(57,17)
(85,3)
(55,12)
(56,4)
(56,1)
(85,1)
(92,19)
(98,14)
(79,8)
(40,2)
(41,14)
(43,4)
(76,11)
(95,8)
(74,8)
(96,0)
(100,5)
(62,11)
(80,7)
(42,13)
(81,16)
(41,7)
(83,15)
(67,2)
(75,19)
(95,4)
(93,2)
(62,0)
(86,0)
(47,7)
(80,2)
(74,9)
(58,3)
(86,12)
(48,0)
(54,4)
(45,13)
(46,12)
(46,8)
(80,0)
(95,0)
(73,5)
(53,3)
(42,16)
(61,16)
(74,0)
(54,0)
(70,19)
(39,17)
(55,13)
(96,1)
(61,1)
(56,6)
(60,6)
(70,6)
(102,8)
(94,3)
(89,11)
(88,13)
(57,7)
(51,19)
(49,1)
(97,0)
(89,8)
(69,4)
(83,8)
(81,14)
(57,0)
(40,2)
(89,9)
(87,1)
(42,1)
(51,1)
(45,0)
(75,5)
(101,1)
(77,4)
(97,5)
(96,10)
(67,1)
(99,1)
(98,0)
(68,4)
(96,0)
(87,0)
(68,4)
(75,19)
(43,11)
(93,18)
(86,6)
(45,4)
(99,15)
(41,5)
(65,6)
(90,5)
(80,1)
(67,0)
(48,2)
(80,0)
(79,10)
(43,14)
(49,0)
(82,16)
(96,14)
(44,16)
(80,18)
(61,9)
(49,8)
(40,5)
(82,0)
(60,4)
(43,18)
(72,16)
(77,3)
(41,1)
(62,4)
(56,17)
(84,12)
(78,17)
(46,0)
(81,9)
(65,4)
(97,6)
(80,0)
(81,2)
(67,19)
(86,4)
(95,1)
(56,17)
(74,2)
(54,10)
(79,7)
(75,0)
(96,11)
(84,12)
(66,3)
(65,11)
(53,10)
(78,8)
(67,0)
(101,8)
(88,3)
(49,12)
(99,3)
(85,3)
(50,9)
(85,9)
(47,15)
(49,3)
(84,0)
(72,17)
(72,2)
(58,5)
(51,2)
(85,6)
(100,15)
(64,14)
(99,14)
(51,11)
(100,0)
(91,15)
(89,3)
(43,9)
(77,9)
(102,18)
(69,3)
(41,18)
(41,10)
(45,6)
(47,1)
(81,3)
(81,11)
(70,3)
(94,0)
(52,0)
(74,1)
(54,1)
(94,2)
(75,9)
(68,4)
(63,1)
(64,14)
(101,4)
(83,10)
(77,7)
(64,0)
(96,10)
(97,10)
(63,12)
(81,14)
(78,12)
(79,0)
(95,1)
(89,18)
(66,0)
(60,10)
(72,6)
(89,1)
(42,5)
(98,14)
(88,3)
(73,4)
(46,2)
(47,10)
(72,16)
(78,16)
(44,0)
(48,0)
(95,17)
(102,16)
(64,14)
(84,11)
(88,17)
(77,1)
(58,0)
(84,2)
(60,18)
(50,13)
(41,9)
(75,9)
(54,3)
(41,2)
(91,2)
(46,13)
(95,3)
(42,6)
(91,4)
(101,7)
(102,8)
(56,18)
(56,10)
(58,7)
(52,0)
(96,15)
(101,19)
(73,16)
(61,6)
(75,19)
(90,17)
(55,7)
(84,2)
(39,1)
(68,15)
(95,17)
(40,4)
(62,7)
(64,4)
(71,1)
(41,2)
(83,11)
(50,6)
(100,9)
(41,7)
(75,14)
(77,19)
(72,0)
(67,11)
(92,9)
(76,9)
(66,12)
(49,2)
(84,18)
(74,3)
(53,2)
(83,11)
(48,6)
(57,19)
(43,4)
(48,2)
(67,10)
(93,6)
(46,7)
(40,14)
(80,3)
(90,3)
(76,15)
(43,7)
(64,18)
(99,12)
(80,5)
(42,6)
(98,6)
(86,12)
(65,1)
(65,3)
(39,11)
(63,18)
(61,12)
(58,15)
(77,0)
(100,6)
(63,13)
(61,7)
(95,2)
(88,10)
(72,6)
(77,3)
(45,6)
(50,17)
(78,18)
(101,7)
(77,11)
(85,9)
(53,9)
(45,14)
(39,2)
(70,1)
(64,14)
(60,14)
(57,17)
(70,6)
(40,17)
(65,3)
(94,2)
(97,13)
(89,6)
(52,4)
(74,16)
(55,0)
(60,1)
(49,1)
(102,4)
(92,12)
(80,6)
(102,7)
(42,7)
(84,7)
(55,10)
(43,9)
(47,14)
(78,15)
(77,2)
(71,1)
(42,17)
(67,3)
(83,19)
(46,5)
(79,11)
(47,15)
(44,8)
(49,6)
(88,6)
(70,4)
(56,2)
(102,19)
(93,6)
(61,0)
(70,9)
(46,2)
(70,3)
(67,17)
(96,13)
(66,12)
(91,17)
(46,18)
(51,11)
(87,8)
(99,6)
(73,7)
(84,2)
(85,0)
(74,19)
(63,4)
(82,7)
(69,12)
(57,19)
(96,9)
(49,17)
(64,4)
(98,2)
(80,2)
(89,12)
(52,0)
(73,1)
(63,2)
(84,0)
(80,19)
(74,3)
(72,0)
(95,8)
(73,2)
(58,7)
(73,5)
(51,3)
(50,1)
(75,12)
(81,9)
(53,3)
(39,4)
(94,0)
(63,1)
(72,12)
(101,8)
(44,11)
(81,3)
(77,6)
(92,19)
(92,12)
(101,16)
(77,0)
(100,3)
(63,1)
(71,4)
(64,3)
(43,12)
(62,11)
(71,8)
(96,11)
(64,1)
(44,7)
(44,16)
(51,8)
(85,0)
(40,7)
(79,6)
(63,13)
(55,13)
(90,16)
(100,11)
(86,1)
(42,0)
(99,3)
(40,11)
(97,5)
(86,12)
(94,11)
(69,17)
(71,0)
(65,19)
(100,13)
(82,18)
(42,4)
(58,3)
(57,14)
(51,13)
(64,5)
(94,0)
(66,6)
(92,4)
(72,10)
(44,12)
(39,0)
(79,5)
(91,0)
(91,14)
(57,1)
(42,7)
(99,13)
(61,7)
(53,14)
(40,15)
(73,19)
(43,2)
(81,16)
(94,14)
(67,15)
(81,8)
(95,4)
(57,4)
(96,16)
(67,10)
(42,5)
(70,13)
(55,0)
(99,4)
(83,2)
(52,4)
(63,2)
(77,9)
(81,8)
(56,4)
(84,18)
(45,4)
(86,12)
(89,17)
(84,2)
(77,2)
(61,10)
(100,3)
(55,0)
(101,11)
(89,7)
(73,3)
(47,13)
(49,3)
(94,16)
(89,5)
(57,1)
(56,2)
(70,14)
(77,19)
(68,1)
(83,19)
(45,16)
(66,3)
(51,9)
(65,9)
(69,19)
(88,9)
(70,4)
(99,1)
(101,7)
(95,3)
(52,16)
(82,15)
(87,10)
(96,18)
(40,4)
(55,10)
(69,8)
(55,6)
(64,5)
(56,0)
(59,0)
(94,5)
(102,1)
(58,5)
(87,5)
(78,14)
(54,17)
(54,6)
(74,17)
(65,19)
(69,4)
(48,0)
(98,9)
(63,14)
(53,1)
(94,16)
(74,5)
(97,12)
(71,5)
(99,5)
(94,9)
(66,11)
(85,8)
(97,2)
(100,9)
(81,19)
(99,15)
(85,5)
(90,1)
(57,3)
(87,3)
(71,3)
(85,0)
(94,3)
(71,10)
(60,12)
(66,6)
(39,14)
(96,7)
(44,9)
(101,10)
(84,17)
(65,2)
(84,9)
(93,0)
(64,0)
(82,18)
(50,19)
(94,8)
(76,2)
(55,2)
(67,12)
(91,0)
(61,5)
(89,12)
(54,3)
(94,5)
(80,9)
(98,7)
(102,10)
(63,19)
(96,11)
(93,4)
(40,9)
(68,0)
(48,1)
(56,11)
(96,1)
(77,16)
(93,10)
(96,3)
(79,4)
(45,17)
(95,5)
(74,1)
(62,1)
(49,2)
(58,19)
(55,3)
(40,11)
(81,10)
(91,3)
(41,0)
(86,9)
(68,0)
(100,8)
(71,17)
(55,2)
(51,5)
(101,3)
(85,1)
(78,1)
(70,3)
(45,1)
(53,2)
(51,11)
(74,3)
(77,17)
(83,4)
(65,0)
(76,9)
(73,0)
(42,4)
(88,12)
(61,16)
(50,0)
(95,5)
(62,7)
(95,6)
(70,12)
(77,3)
(101,10)
(82,19)
(85,0)
(95,0)
(75,3)
(81,5)
(47,4)
(78,2)
(71,6)
(66,7)
(56,4)
(49,13)
(78,12)
(99,12)
(62,2)
(90,17)
(94,11)
(73,11)
(85,2)
(39,1)
(73,6)
(44,10)
(77,9)
(51,1)
(57,17)
(73,5)
(59,0)
(94,10)
(60,15)
(64,7)
(96,12)
(75,10)
(41,1)
(52,7)
(55,13)
(75,7)
(89,0)
(102,0)
(96,11)
(65,1)
(39,6)
(75,3)
(59,15)
(62,5)
(55,15)
(95,2)
(87,6)
(70,15)
(45,3)
(101,13)
(41,0)
(100,0)
(54,3)
(76,9)
(102,1)
(73,12)
(91,17)
(96,1)
(98,8)
(41,1)
(52,1)
(62,3)
(84,11)
(43,4)
(46,5)
(63,13)
(68,14)
(98,13)
(84,17)
(56,17)
(60,10)
(78,17)
(102,19)
(64,14)
(47,19)
(84,3)
(66,9)
(58,13)
(71,9)
(62,15)
(81,8)
(73,16)
(46,9)
(68,2)
(46,13)
(94,4)
(79,4)
(51,9)
(47,0)
(98,9)
(50,17)
(71,1)
(90,0)
(48,7)
(41,4)
(75,11)
(95,5)
(61,7)
(69,15)
(73,17)
(48,1)
(82,0)
(69,0)
(95,8)
(65,7)
(67,16)
(79,11)
(78,13)
(52,19)
(44,2)
(75,10)
(73,14)
(56,3)
(48,8)
(74,11)
(59,8)
(77,0)
(51,0)
(100,10)
(100,11)
(96,4)
(82,18)
(102,8)
(101,11)
(45,4)
(96,9)
(46,19)
(102,0)
(61,19)
(70,10)
(48,1)
(55,5)
(66,1)
(96,1)
(86,4)
(44,10)
(74,19)
(62,4)
(63,7)
(78,8)
(40,9)
(83,0)
(65,11)
(45,5)
(71,17)
(95,8)
(43,4)
(88,0)
(39,12)
(44,1)
(100,0)
(54,2)
(86,3)
(82,19)
(95,15)
(56,8)
(46,13)
(77,18)
(76,1)
(52,10)
(72,19)
(61,11)
(43,18)
(66,8)
(45,5)
(47,0)
(88,6)
(54,17)
(58,0)
(64,12)
(67,5)
(51,10)
(56,3)
(39,14)
(98,19)
(85,8)
(56,9)
(87,18)
(85,14)
(83,9)
(84,10)
(68,19)
(57,15)
(76,15)
(88,15)
(65,17)
(80,7)
(67,9)
(94,5)
(84,4)
(88,19)
(61,19)
(77,0)
(56,10)
(92,7)
(74,6)
(45,18)
(74,16)
(86,0)
(83,15)
(82,9)
(92,18)
(66,2)
(70,2)
(78,14)
(52,14)
(87,3)
(82,14)
(57,0)
(91,10)
(90,3)
(75,13)
(56,4)
(80,4)
(76,1)
(47,15)
(40,1)
(89,15)
(92,0)
(88,9)
(55,13)
(94,2)
(73,4)
(41,16)
(56,15)
(95,14)
(57,3)
(97,10)
(42,16)
(64,1)
(79,4)
(87,0)
(66,0)
(44,12)
(87,3)
(87,0)
(63,11)
(76,5)
(52,18)
(99,12)
(41,17)
(51,12)
(99,5)
(102,1)
(60,7)
(93,0)
(67,4)
(93,0)
(59,2)
(88,8)
(55,10)
(46,13)
(92,10)
(94,5)
(61,9)
(96,0)
(79,2)
(39,5)
(98,13)
(49,3)
(73,19)
(66,11)
(67,3)
(44,4)
(68,9)
(55,15)
(96,15)
(84,8)
(49,15)
(83,1)
(81,0)
(59,1)
(99,12)
(39,12)
(99,6)
(77,13)
(70,8)
(50,9)
(91,10)
(95,0)
(87,8)
(51,8)
(96,17)
(51,13)
(47,0)
(82,10)
(97,11)
(56,12)
(68,1)
(66,6)
(47,2)
(86,16)
(74,14)
(96,19)
(75,6)
(60,14)
(73,7)
(73,19)
(54,12)
(88,1)
(94,1)
(89,15)
(48,4)
(48,11)
(73,17)
(93,17)
(92,12)
(46,10)
(93,14)
(88,2)
(82,1)
(85,6)
(83,6)
(54,17)
(85,9)
(102,0)
(41,7)
(67,5)
(85,0)
(89,19)
(95,17)
(81,6)
(92,3)
(65,3)
(96,1)
(56,9)
(90,13)
(62,5)
(77,10)
(70,5)
(94,8)
(95,4)
(64,8)
(57,10)
(49,9)
(51,16)
(74,10)
(43,17)
(52,5)
(56,9)
(84,2)
(58,2)
(72,0)
(92,11)
(73,13)
(96,0)
(62,0)
(47,2)
(50,16)
(50,1)
(72,7)
(57,1)
(81,1)
(76,0)
(43,2)
(52,12)
(64,9)
(54,9)
(41,1)
(101,5)
(81,14)
(47,18)
(48,2)
(87,1)
(84,15)
(82,14)
(51,2)
(62,17)
(97,7)
(88,3)
(84,16)
(56,7)
(70,8)
(64,17)
(76,15)
(102,4)
(88,2)
(76,17)
(90,5)
(54,2)
(97,1)
(94,16)
(67,2)
(90,13)
(91,15)
(99,14)
(87,15)
(70,4)
(85,13)
(69,6)
(97,10)
(42,16)
(91,12)
(50,3)
(63,1)
(52,7)
(69,7)
(41,4)
(56,16)
(45,16)
(41,9)
(76,7)
(90,3)
(79,8)
(92,3)
(77,0)
(100,7)
(67,17)
(90,17)
(83,1)
(83,10)
(73,5)
(47,0)
(67,12)
(75,12)
(59,4)
(66,17)
(56,3)
(55,3)
(83,6)
(58,17)
(74,12)
(61,5)
(76,16)
(62,0)
(78,12)
(50,3)
(58,2)
(99,6)
(54,18)
(77,0)
(68,16)
(97,3)
(39,15)
(74,14)
(75,6)
(46,16)
(54,17)
(55,4)
(53,14)
(60,16)
(48,15)
(54,8)
(68,19)
(102,11)
(92,19)
(66,6)
(45,7)
(39,3)
(45,18)
(74,13)
(94,2)
(56,4)
(65,2)
(96,7)
(92,6)
(44,10)
(39,17)
(73,15)
(71,10)
(102,1)
(100,12)
(84,4)
(52,14)
(40,1)
(81,18)
(49,7)
(60,6)
(102,3)
(59,4)
(64,10)
(40,14)
(88,10)
(42,10)
(60,0)
(82,13)
(49,11)
(102,1)
(82,19)
(66,1)
(80,16)
(88,9)
(78,8)
(48,3)
(84,2)
(45,1)
(70,8)
(101,14)
(39,6)
(80,0)
(92,4)
(45,6)
(47,1)
(72,5)
(60,8)
(50,8)
(100,4)
(39,3)
(50,3)
(49,6)
(66,4)
(56,0)
(49,9)
(61,6)
(95,16)
(69,10)
(58,15)
(70,19)
(52,19)
(54,3)
(51,1)
(49,19)
(79,9)
(63,16)
(59,1)
(67,10)
(76,6)
(94,2)
(84,7)
(78,4)
(71,5)
(96,5)
(40,1)
(99,4)
(46,12)
(39,16)
(65,3)
(77,14)
(88,1)
(92,8)
(80,10)
(69,3)
(84,12)
(87,13)
(46,14)
(95,16)
(100,6)
(97,15)
(102,3)
(49,1)
(88,1)
(75,4)
(44,10)
(69,19)
(70,2)
(68,4)
(93,10)
(72,11)
(75,19)
(42,7)
(79,0)
(96,0)
(45,8)
(81,16)
(55,5)
(71,6)
(68,4)
(77,5)
(49,9)
(59,7)
(53,13)
(99,0)
(86,11)
(89,2)
(90,0)
(56,16)
(90,0)
(41,19)
(65,0)
(44,17)
(83,1)
(73,14)
(101,18)
(91,10)
(51,18)
(73,2)
(79,4)
(83,8)
(83,1)
(99,2)
(90,17)
(40,5)
(96,18)
(55,12)
(45,4)
(69,11)
(58,12)
(69,9)
(80,7)
(87,3)
(90,8)
(69,14)
(90,0)
(47,17)
(45,8)
(102,5)
(58,10)
(80,2)
(90,15)
(58,16)
(64,5)
(58,2)
(47,8)
(92,8)
(73,5)
(46,3)
(61,6)
(50,16)
(89,15)
(50,19)
(93,3)
(94,3)
(87,5)
(86,15)
(41,5)
(47,11)
(41,10)
(45,13)
(64,17)
(51,11)
(61,18)
(88,17)
(82,14)
(49,6)
(43,3)
(76,7)
(74,2)
(83,9)
(72,9)
(85,10)
(96,1)
(87,6)
(74,8)
(92,14)
(84,6)
(90,17)
(77,5)
(63,10)
(70,14)
(44,7)
(101,6)
(96,0)
(84,1)
(75,15)
(54,3)
(94,14)
(83,0)
(92,13)
(91,4)
(67,19)
(89,16)
(82,16)
(82,0)
(92,7)
(68,6)
(54,18)
(77,3)
(92,4)
(41,2)
(79,1)
(85,0)
(94,6)
(40,0)
(99,1)
(102,0)
(68,8)
(80,8)
(46,12)
(90,10)
(77,19)
(48,1)
(50,18)
(86,14)
(67,16)
(101,18)
(78,2)
(40,8)
(53,15)
(98,5)
(53,9)
(76,3)
(102,14)
(55,1)
(39,9)
(59,10)
(78,2)
(69,4)
(93,19)
(51,4)
(62,17)
(84,4)
(41,2)
(62,13)
(80,2)
(80,18)
(49,14)
(49,15)
(46,6)
(97,10)
(80,0)
(72,11)
(83,3)
(48,16)
(70,11)
(44,3)
(40,11)
(51,6)
(71,2)
(100,0)
(49,15)
(56,15)
(62,12)
(99,16)
(67,6)
(72,4)
(89,11)
(41,11)
(46,6)
(102,3)
(64,1)
(71,9)
(73,16)
(61,0)
(82,1)
(64,9)
(94,5)
(96,10)
(64,15)
(80,16)
(92,7)
(46,2)
(45,4)
(61,5)
(93,1)
(96,16)
(68,9)
(49,7)
(49,2)
(93,8)
(74,13)
(91,1)
(101,7)
(90,8)
(41,6)
(64,13)
(50,16)
(63,7)
(70,5)
(61,4)
(99,6)
(40,12)
(66,6)
(55,5)
(95,14)
(59,8)
(52,1)
(75,3)
(47,15)
(77,3)
(42,7)
(75,6)
(41,9)
(76,8)
(96,12)
(46,0)
(55,0)
(72,17)
(88,6)
(54,15)
(78,12)
(82,17)
(60,1)
(50,2)
(46,8)
(45,5)
(56,0)
(101,12)
(61,2)
(100,5)
(57,2)
(76,8)
(97,0)
(78,13)
(40,12)
(55,2)
(70,13)
(64,19)
(44,4)
(41,6)
(53,19)
(46,6)
(66,1)
(87,0)
(57,3)
(42,17)
(62,3)
(59,11)
(64,18)
(84,10)
(63,2)
(43,2)
(98,12)
(57,11)
(78,0)
(69,2)
(68,9)
(62,2)
(50,3)
(83,5)
(60,6)
(64,19)
(89,6)
(53,14)
(78,17)
(79,17)
(73,13)
(65,2)
(93,17)
(102,10)
(41,19)
(48,2)
(48,9)
(46,6)
(79,4)
(54,3)
(70,0)
(44,4)
(68,7)
(81,17)
(87,1)
(68,2)
(67,2)
(44,7)
(78,15)
(87,15)
(46,0)
(97,10)
(47,10)
(53,18)
(61,11)
(44,11)
(79,0)
(40,8)
(42,19)
(97,0)
(47,19)
(73,2)
(82,13)
(97,10)
(65,2)
(73,8)
(45,0)
(98,11)
(42,5)
(100,3)
(67,10)
(81,6)
(91,14)
(61,17)
(70,2)
(93,3)
(43,8)
(39,4)
(80,16)
(79,7)
(50,8)
(72,0)
(64,2)
(40,17)
(50,4)
(100,2)
(50,17)
(90,3)
(90,1)
(44,1)
(74,16)
(100,0)
(58,7)
(41,13)
(48,1)
(102,3)
(72,0)
(90,14)
(61,0)
(40,9)
(62,10)
(78,19)
(67,2)
(98,10)
(66,0)
(55,11)
(50,0)
(64,5)
(93,6)
(57,8)
(77,18)
(49,19)
(95,3)
(40,1)
(45,12)
(91,6)
(57,6)
(96,3)
(58,13)
(100,13)
(84,8)
(53,17)
(62,2)
(58,15)
(72,13)
(55,1)
(63,2)
(98,2)
(52,4)
(86,1)
(61,1)
(73,0)
(94,0)
(88,8)
(71,0)
(71,13)
(92,5)
(78,6)
(68,13)
(77,10)
(95,6)
(57,0)
(92,7)
(100,11)
(59,3)
(44,1)
(57,5)
(92,18)
(49,7)
(55,3)
(66,13)
(67,5)
(81,15)
(55,0)
(66,17)
(86,14)
(69,5)
(47,5)
(61,1)
(50,18)
(58,2)
(40,6)
(48,5)
(76,0)
(87,6)
(65,9)
(41,3)
(99,0)
(45,1)
(47,2)
(75,1)
(94,2)
(84,1)
(86,12)
(61,5)
(60,7)
(64,8)
(85,0)
(53,2)
(99,19)
(100,1)
(100,10)
(77,5)
(52,16)
(48,4)
(59,14)
(65,1)
(67,1)
(46,7)
(88,2)
(49,14)
(74,13)
(72,0)
(95,7)
(97,9)
(93,1)
(55,17)
(70,5)
(96,17)
(65,9)
(47,5)
(83,19)
(89,2)
(82,2)
(96,2)
(84,1)
(91,15)
(64,11)
(53,2)
(89,0)
(86,19)
(50,7)
(48,9)
(99,19)
(89,8)
(97,10)
(50,17)
(92,0)
(56,15)
(45,9)
(58,2)
(43,9)
(45,0)
(52,5)
(45,8)
(66,4)
(63,12)
(61,13)
(79,11)
(97,15)
(102,5)
(42,19)
(48,16)
(44,14)
(69,12)
(90,3)
(75,17)
(39,18)
(52,10)
(92,4)
(52,1)
(76,17)
(98,11)
(73,2)
(82,0)
(89,17)
(90,11)
(68,0)
(83,6)
(88,4)
(86,18)
(39,3)
(91,4)
(46,11)
(76,2)
(59,2)
(78,9)
(55,7)
(42,5)
(43,11)
(96,7)
(85,3)
(55,11)
(81,5)
(77,4)
(60,19)
(98,5)
(95,13)
(53,0)
(87,6)
(74,19)
(91,9)
(51,14)
(53,9)
(84,0)
(68,1)
(100,12)
(64,3)
(91,5)
(46,0)
(45,18)
(63,3)
(45,3)
(59,1)
(88,4)
(66,16)
(100,12)
(91,10)
(47,18)
(68,8)
(53,11)
(92,15)
(49,8)
(82,13)
(67,6)
(81,1)
(97,17)
(77,0)
(82,19)
(85,7)
(55,3)
(77,13)
(91,1)
(68,7)
(60,13)
(40,0)
(66,0)
(92,3)
(51,13)
(71,19)
(71,3)
(85,0)
(72,3)
(95,5)
(65,6)
(96,17)
(47,3)
(60,15)
(62,19)
(45,7)
(93,6)
(96,17)
(91,9)
(45,9)
(52,2)
(74,16)
(77,0)
(39,2)
(61,0)
(48,15)
(68,5)
(54,4)
(99,4)
(44,2)
(79,3)
(70,15)
(62,4)
(59,1)
(71,19)
(97,2)
(51,0)
(89,8)
(50,1)
(93,2)
(86,15)
(81,6)
(57,0)
(86,10)
(39,2)
(61,0)
(63,2)
(62,11)
(46,16)
(60,2)
(63,14)
(45,15)
(56,17)
(71,4)
(66,12)
(83,7)
(89,2)
(54,4)
(73,6)
(94,3)
(66,9)
(99,15)
(53,18)
(47,13)
(41,16)
(61,5)
(98,16)
(77,6)
(49,7)
(75,0)
(100,1)
(90,5)
(91,3)
(56,0)
(94,1)
(53,4)
(74,5)
(52,3)
(64,19)
(65,14)
(68,15)
(94,9)
(41,16)
(70,8)
(58,3)
(95,2)
(66,13)
(78,12)
(59,2)
(44,4)
(61,6)
(56,19)
(98,5)
(87,14)
(60,17)
(58,3)
(40,18)
(43,13)
(94,6)
(70,11)
(80,16)
(71,10)
(77,0)
(60,0)
(40,6)
(76,4)
(57,1)
(47,7)
(73,0)
(52,13)
(40,0)
(45,15)
(92,4)
(75,1)
(96,13)
(68,2)
(47,14)
(56,4)
(81,6)
(43,9)
(49,19)
(61,1)
(67,14)
(75,1)
(58,12)
(59,5)
(77,7)
(82,2)
(73,4)
(45,6)
(78,5)
(70,1)
(98,1)
(100,1)
(64,4)
(56,5)
(69,2)
(74,19)
(85,13)
(90,7)
(52,8)
(89,2)
(40,15)
(43,9)
(83,8)
(42,4)
(43,6)
(69,1)
(80,2)
(39,12)
(61,3)
(60,8)
(42,9)
(57,15)
(57,2)
(96,7)
(90,0)
(78,1)
(67,17)
(54,0)
(98,3)
(72,8)
(87,4)
(50,2)
(97,19)
(64,2)
(84,6)
(44,13)
(72,7)
(58,9)
(67,2)
(55,18)
(96,3)
(71,7)
(81,19)
(91,3)
(40,3)
(66,0)
(52,3)
(46,11)
(55,3)
(64,1)
(40,9)
(57,7)
(101,17)
(80,4)
(42,5)
(46,19)
(87,2)
(99,9)
(89,9)
(72,6)
(58,13)
(70,1)
(81,6)
(54,3)
(54,0)
(96,4)
(55,9)
(84,7)
(96,4)
(95,0)
(85,16)
(95,0)
(45,13)
(45,15)
(58,2)
(52,0)
(70,1)
(66,0)
(102,11)
(96,9)
(47,4)
(67,5)
(46,9)
(81,14)
(66,15)
(41,5)
(41,8)
(43,10)
(43,5)
(63,15)
(89,19)
(86,1)
(91,6)
(90,2)
(67,10)
(57,6)
(71,0)
(42,11)
(89,6)
(41,1)
(62,7)
(65,7)
(48,0)
(65,9)
(56,1)
(45,4)
(41,6)
(94,16)
(57,10)
(61,3)
(60,2)
(85,10)
(39,19)
(45,16)
(58,2)
(39,1)
(100,4)
(80,3)
(62,4)
(56,1)
(57,16)
(98,9)
(60,14)
(88,15)
(58,14)
(85,19)
(57,4)
(83,8)
(64,9)
(71,15)
(78,11)
(44,4)
(56,1)
(97,14)
(101,9)
(84,0)
(71,6)
(91,13)
(64,11)
(67,10)
(44,13)
(75,2)
(85,2)
(97,3)
(102,14)
(53,14)
(88,2)
(39,11)
(42,2)
(72,5)
(65,14)
(62,1)
(87,1)
(41,16)
(75,8)
(94,1)
(74,8)
(99,19)
(51,6)
(72,7)
(98,10)
(97,6)
(73,2)
(77,2)
(87,7)
(89,19)
(51,1)
(82,2)
(92,0)
(65,9)
(41,12)
(92,0)
(74,4)
(98,3)
(41,7)
(47,15)
(46,6)
(65,17)
(99,0)
(100,2)
(51,1)
(48,0)
(81,7)
(98,15)
(42,1)
(96,3)
(99,3)
(57,7)
(83,0)
(90,6)
(90,16)
(51,5)
(51,7)
(60,15)
(75,0)
(96,14)
(58,2)
(63,1)
(89,9)
(83,10)
(90,4)
(96,6)
(62,15)
(79,4)
(101,3)
(100,19)
(41,19)
(72,4)
(96,6)
(57,19)
(85,10)
(48,17)
(44,13)
(76,10)
(99,10)
(91,1)
(48,8)
(69,9)
(55,7)
(90,0)
(66,1)
(70,9)
(83,11)
(56,1)
(92,1)
(91,12)
(97,2)
(49,1)
(87,17)
(90,2)
(41,3)
(61,8)
(55,4)
(55,13)
(73,13)

(42,0)
(42,1)
(40,2)
(42,3)
(42,4)
(41,5)
(42,6)
(42,7)
(42,8)
(40,9)
(40,10)
(42,11)
(40,12)
(40,13)
(42,14)
(42,15)
(41,16)
(41,17)
(41,18)
(41,19)
(97,15)
(75,11)
(66,14)
(79,4)
(56,17)
(94,15)
(65,1)
(77,18)
(58,10)
(39,6)
(54,13)
(88,18)
(46,11)
(101,4)
(92,1)
(84,10)
(76,4)
(74,3)
(88,2)
(87,4)
(54,5)
(69,12)
(56,11)
(82,15)
(60,0)
(57,14)
(98,2)
(50,5)
(91,16)
(63,3)
(85,4)
(49,7)
(70,17)
(41,1)
(51,6)
(86,15)
(47,14)
(39,16)
(85,19)
(50,7)
(46,6)
(99,8)
(44,15)
(99,15)
(86,14)
(81,16)
(89,2)
(52,13)
(46,3)
(89,1)
(45,19)
(98,11)
(93,3)
(98,3)
(80,11)
(43,1)
(65,6)
(101,1)
(76,3)
(71,13)
(95,6)
(101,6)
(95,5)
(91,13)
(93,19)
(52,0)
(97,3)
(62,17)
(94,4)
(53,2)
(101,11)
(93,13)
(95,2)
(76,10)
(51,14)
(93,17)
(99,14)
(68,19)
(47,4)
(67,14)
(89,9)
(101,2)
(69,3)
(63,18)
(93,6)
(97,17)
(53,2)
(71,11)
(83,14)
(44,7)
(75,6)
(81,1)
(64,13)
(65,4)
(53,1)
(96,6)
(97,14)
(59,1)
(47,0)
(92,5)
(74,1)
(62,1)
(83,1)
(85,10)
(51,11)
(58,14)
(52,11)
(84,2)
(93,13)
(55,2)
(86,0)
(43,14)
(44,6)
(95,15)
(48,19)
(102,0)
(85,13)
(43,12)
(52,6)
(87,4)
(96,9)
(39,12)
(64,18)
(86,1)
(61,15)
(50,6)
(70,1)
(95,7)
(98,7)
(85,4)
(75,5)
(42,16)
(74,18)
(46,7)
(90,1)
(66,0)
(68,1)
(44,6)
(73,12)
(47,2)
(70,5)
(70,3)
(97,0)
(67,9)
(56,0)
(52,17)
(93,8)
(51,0)
(92,8)
(47,9)
(57,17)
(85,3)
(55,12)
(56,4)
(56,1)
(85,1)
(92,19)
(98,14)
(79,8)
(40,2)
(41,14)
(43,4)
(76,11)
(95,8)
(74,8)
(96,0)
(100,5)
(62,11)
(80,7)
(42,13)
(81,16)
(41,7)
(83,15)
(67,2)
(75,19)
(95,4)
(93,2)
(62,0)
(86,0)
(47,7)
(80,2)
(74,9)
(58,3)
(86,12)
(48,0)
(54,4)
(45,13)
(46,12)
(46,8)
(80,0)
(95,0)
(73,5)
(53,3)
(42,16)
(61,16)
(74,0)
(54,0)
(70,19)
(39,17)
(55,13)
(96,1)
(61,1)
(56,6)
(60,6)
(70,6)
(102,8)
(94,3)
(89,11)
(88,13)
(57,7)
(51,19)
(49,1)
(97,0)
(89,8)
(69,4)
(83,8)
(81,14)
(57,0)
(40,2)
(89,9)
(87,1)
(42,1)
(51,1)
(45,0)
(75,5)
(101,1)
(77,4)
(97,5)
(96,10)
(67,1)
(99,1)
(98,0)
(68,4)
(96,0)
(87,0)
(68,4)
(75,19)
(43,11)
(93,18)
(86,6)
(45,4)
(99,15)
(41,5)
(65,6)
(90,5)
(80,1)
(67,0)
(48,2)
(80,0)
(79,10)
(43,14)
(49,0)
(82,16)
(96,14)
(44,16)
(80,18)
(61,9)
(49,8)
(40,5)
(82,0)
(60,4)
(43,18)
(72,16)
(77,3)
(41,1)
(62,4)
(56,17)
(84,12)
(78,17)
(46,0)
(81,9)
(65,4)
(97,6)
(80,0)
(81,2)
(67,19)
(86,4)
(95,1)
(56,17)
(74,2)
(54,10)
(79,7)
(75,0)
(96,11)
(84,12)
(66,3)
(65,11)
(53,10)
(78,8)
(67,0)
(101,8)
(88,3)
(49,12)
(99,3)
(85,3)
(50,9)
(85,9)
(47,15)
(49,3)
(84,0)
(72,17)
(72,2)
(58,5)
(51,2)
(85,6)
(100,15)
(64,14)
(99,14)
(51,11)
(100,0)
(91,15)
(89,3)
(43,9)
(77,9)
(102,18)
(69,3)
(41,18)
(41,10)
(45,6)
(47,1)
(81,3)
(81,11)
(70,3)
(94,0)
(52,0)
(74,1)
(54,1)
(94,2)
(75,9)
(68,4)
(63,1)
(64,14)
(101,4)
(83,10)
(77,7)
(64,0)
(96,10)
(97,10)
(63,12)
(81,14)
(78,12)
(79,0)
(95,1)
(89,18)
(66,0)
(60,10)
(72,6)
(89,1)
(42,5)
(98,14)
(88,3)
(73,4)
(46,2)
(47,10)
(72,16)
(78,16)
(44,0)
(48,0)
(95,17)
(102,16)
(64,14)
(84,11)
(88,17)
(77,1)
(58,0)
(84,2)
(60,18)
(50,13)
(41,9)
(75,9)
(54,3)
(41,2)
(91,2)
(46,13)
(95,3)
(42,6)
(91,4)
(101,7)
(102,8)
(56,18)
(56,10)
(58,7)
(52,0)
(96,15)
(101,19)
(73,16)
(61,6)
(75,19)
(90,17)
(55,7)
(84,2)
(39,1)
(68,15)
(95,17)
(40,4)
(62,7)
(64,4)
(71,1)
(41,2)
(83,11)
(50,6)
(100,9)
(41,7)
(75,14)
(77,19)
(72,0)
(67,11)
(92,9)
(76,9)
(66,12)
(49,2)
(84,18)
(74,3)
(53,2)
(83,11)
(48,6)
(57,19)
(43,4)
(48,2)
(67,10)
(93,6)
(46,7)
(40,14)
(80,3)
(90,3)
(76,15)
(43,7)
(64,18)
(99,12)
(80,5)
(42,6)
(98,6)
(86,12)
(65,1)
(65,3)
(39,11)
(63,18)
(61,12)
(58,15)
(77,0)
(100,6)
(63,13)
(61,7)
(95,2)
(88,10)
(72,6)
(77,3)
(45,6)
(50,17)
(78,18)
(101,7)
(77,11)
(85,9)
(53,9)
(45,14)
(39,2)
(70,1)
(64,14)
(60,14)
(57,17)
(70,6)
(40,17)
(65,3)
(94,2)
(97,13)
(89,6)
(52,4)
(74,16)
(55,0)
(60,1)
(49,1)
(102,4)
(92,12)
(80,6)
(102,7)
(42,7)
(84,7)
(55,10)
(43,9)
(47,14)
(78,15)
(77,2)
(71,1)
(42,17)
(67,3)
(83,19)
(46,5)
(79,11)
(47,15)
(44,8)
(49,6)
(88,6)
(70,4)
(56,2)
(102,19)
(93,6)
(61,0)
(70,9)
(46,2)
(70,3)
(67,17)
(96,13)
(66,12)
(91,17)
(46,18)
(51,11)
(87,8)
(99,6)
(73,7)
(84,2)
(85,0)
(74,19)
(63,4)
(82,7)
(69,12)
(57,19)
(96,9)
(49,17)
(64,4)
(98,2)
(80,2)
(89,12)
(52,0)
(73,1)
(63,2)
(84,0)
(80,19)
(74,3)
(72,0)
(95,8)
(73,2)
(58,7)
(73,5)
(51,3)
(50,1)
(75,12)
(81,9)
(53,3)
(39,4)
(94,0)
(63,1)
(72,12)
(101,8)
(44,11)
(81,3)
(77,6)
(92,19)
(92,12)
(101,16)
(77,0)
(100,3)
(63,1)
(71,4)
(64,3)
(43,12)
(62,11)
(71,8)
(96,11)
(64,1)
(44,7)
(44,16)
(51,8)
(85,0)
(40,7)
(79,6)
(63,13)
(55,13)
(90,16)
(100,11)
(86,1)
(42,0)
(99,3)
(40,11)
(97,5)
(86,12)
(94,11)
(69,17)
(71,0)
(65,19)
(100,13)
(82,18)
(42,4)
(58,3)
(57,14)
(51,13)
(64,5)
(94,0)
(66,6)
(92,4)
(72,10)
(44,12)
(39,0)
(79,5)
(91,0)
(91,14)
(57,1)
(42,7)
(99,13)
(61,7)
(53,14)
(40,15)
(73,19)
(43,2)
(81,16)
(94,14)
(67,15)
(81,8)
(95,4)
(57,4)
(96,16)
(67,10)
(42,5)
(70,13)
(55,0)
(99,4)
(83,2)
(52,4)
(63,2)
(77,9)
(81,8)
(56,4)
(84,18)
(45,4)
(86,12)
(89,17)
(84,2)
(77,2)
(61,10)
(100,3)
(55,0)
(101,11)
(89,7)
(73,3)
(47,13)
(49,3)
(94,16)
(89,5)
(57,1)
(56,2)
(70,14)
(77,19)
(68,1)
(83,19)
(45,16)
(66,3)
(51,9)
(65,9)
(69,19)
(88,9)
(70,4)
(99,1)
(101,7)
(95,3)
(52,16)
(82,15)
(87,10)
(96,18)
(40,4)
(55,10)
(69,8)
(55,6)
(64,5)
(56,0)
(59,0)
(94,5)
(102,1)
(58,5)
(87,5)
(78,14)
(54,17)
(54,6)
(74,17)
(65,19)
(69,4)
(48,0)
(98,9)
(63,14)
(53,1)
(94,16)
(74,5)
(97,12)
(71,5)
(99,5)
(94,9)
(66,11)
(85,8)
(97,2)
(100,9)
(81,19)
(99,15)
(85,5)
(90,1)
(57,3)
(87,3)
(71,3)
(85,0)
(94,3)
(71,10)
(60,12)
(66,6)
(39,14)
(96,7)
(44,9)
(101,10)
(84,17)
(65,2)
(84,9)
(93,0)
(64,0)
(82,18)
(50,19)
(94,8)
(76,2)
(55,2)
(67,12)
(91,0)
(61,5)
(89,12)
(54,3)
(94,5)
(80,9)
(98,7)
(102,10)
(63,19)
(96,11)
(93,4)
(40,9)
(68,0)
(48,1)
(56,11)
(96,1)
(77,16)
(93,10)
(96,3)
(79,4)
(45,17)
(95,5)
(74,1)
(62,1)
(49,2)
(58,19)
(55,3)
(40,11)
(81,10)
(91,3)
(41,0)
(86,9)
(68,0)
(100,8)
(71,17)
(55,2)
(51,5)
(101,3)
(85,1)
(78,1)
(70,3)
(45,1)
(53,2)
(51,11)
(74,3)
(77,17)
(83,4)
(65,0)
(76,9)
(73,0)
(42,4)
(88,12)
(61,16)
(50,0)
(95,5)
(62,7)
(95,6)
(70,12)
(77,3)
(101,10)
(82,19)
(85,0)
(95,0)
(75,3)
(81,5)
(47,4)
(78,2)
(71,6)
(66,7)
(56,4)
(49,13)
(78,12)
(99,12)
(62,2)
(90,17)
(94,11)
(73,11)
(85,2)
(39,1)
(73,6)
(44,10)
(77,9)
(51,1)
(57,17)
(73,5)
(59,0)
(94,10)
(60,15)
(64,7)
(96,12)
(75,10)
(41,1)
(52,7)
(55,13)
(75,7)
(89,0)
(102,0)
(96,11)
(65,1)
(39,6)
(75,3)
(59,15)
(62,5)
(55,15)
(95,2)
(87,6)
(70,15)
(45,3)
(101,13)
(41,0)
(100,0)
(54,3)
(76,9)
(102,1)
(73,12)
(91,17)
(96,1)
(98,8)
(41,1)
(52,1)
(62,3)
(84,11)
(43,4)
(46,5)
(63,13)
(68,14)
(98,13)
(84,17)
(56,17)
(60,10)
(78,17)
(102,19)
(64,14)
(47,19)
(84,3)
(66,9)
(58,13)
(71,9)
(62,15)
(81,8)
(73,16)
(46,9)
(68,2)
(46,13)
(94,4)
(79,4)
(51,9)
(47,0)
(98,9)
(50,17)
(71,1)
(90,0)
(48,7)
(41,4)
(75,11)
(95,5)
(61,7)
(69,15)
(73,17)
(48,1)
(82,0)
(69,0)
(95,8)
(65,7)
(67,16)
(79,11)
(78,13)
(52,19)
(44,2)
(75,10)
(73,14)
(56,3)
(48,8)
(74,11)
(59,8)
(77,0)
(51,0)
(100,10)
(100,11)
(96,4)
(82,18)
(102,8)
(101,11)
(45,4)
(96,9)
(46,19)
(102,0)
(61,19)
(70,10)
(48,1)
(55,5)
(66,1)
(96,1)
(86,4)
(44,10)
(74,19)
(62,4)
(63,7)
(78,8)
(40,9)
(83,0)
(65,11)
(45,5)
(71,17)
(95,8)
(43,4)
(88,0)
(39,12)
(44,1)
(100,0)
(54,2)
(86,3)
(82,19)
(95,15)
(56,8)
(46,13)
(77,18)
(76,1)
(52,10)
(72,19)
(61,11)
(43,18)
(66,8)
(45,5)
(47,0)
(88,6)
(54,17)
(58,0)
(64,12)
(67,5)
(51,10)
(56,3)
(39,14)
(98,19)
(85,8)
(56,9)
(87,18)
(85,14)
(83,9)
(84,10)
(68,19)
(57,15)
(76,15)
(88,15)
(65,17)
(80,7)
(67,9)
(94,5)
(84,4)
(88,19)
(61,19)
(77,0)
(56,10)
(92,7)
(74,6)
(45,18)
(74,16)
(86,0)
(83,15)
(82,9)
(92,18)
(66,2)
(70,2)
(78,14)
(52,14)
(87,3)
(82,14)
(57,0)
(91,10)
(90,3)
(75,13)
(56,4)
(80,4)
(76,1)
(47,15)
(40,1)
(89,15)
(92,0)
(88,9)
(55,13)
(94,2)
(73,4)
(41,16)
(56,15)
(95,14)
(57,3)
(97,10)
(42,16)
(64,1)
(79,4)
(87,0)
(66,0)
(44,12)
(87,3)
(87,0)
(63,11)
(76,5)
(52,18)
(99,12)
(41,17)
(51,12)
(99,5)
(102,1)
(60,7)
(93,0)
(67,4)
(93,0)
(59,2)
(88,8)
(55,10)
(46,13)
(92,10)
(94,5)
(61,9)
(96,0)
(79,2)
(39,5)
(98,13)
(49,3)
(73,19)
(66,11)
(67,3)
(44,4)
(68,9)
(55,15)
(96,15)
(84,8)
(49,15)
(83,1)
(81,0)
(59,1)
(99,12)
(39,12)
(99,6)
(77,13)
(70,8)
(50,9)
(91,10)
(95,0)
(87,8)
(51,8)
(96,17)
(51,13)
(47,0)
(82,10)
(97,11)
(56,12)
(68,1)
(66,6)
(47,2)
(86,16)
(74,14)
(96,19)
(75,6)
(60,14)
(73,7)
(73,19)
(54,12)
(88,1)
(94,1)
(89,15)
(48,4)
(48,11)
(73,17)
(93,17)
(92,12)
(46,10)
(93,14)
(88,2)
(82,1)
(85,6)
(83,6)
(54,17)
(85,9)
(102,0)
(41,7)
(67,5)
(85,0)
(89,19)
(95,17)
(81,6)
(92,3)
(65,3)
(96,1)
(56,9)
(90,13)
(62,5)
(77,10)
(70,5)
(94,8)
(95,4)
(64,8)
(57,10)
(49,9)
(51,16)
(74,10)
(43,17)
(52,5)
(56,9)
(84,2)
(58,2)
(72,0)
(92,11)
(73,13)
(96,0)
(62,0)
(47,2)
(50,16)
(50,1)
(72,7)
(57,1)
(81,1)
(76,0)
(43,2)
(52,12)
(64,9)
(54,9)
(41,1)
(101,5)
(81,14)
(47,18)
(48,2)
(87,1)
(84,15)
(82,14)
(51,2)
(62,17)
(97,7)
(88,3)
(84,16)
(56,7)
(70,8)
(64,17)
(76,15)
(102,4)
(88,2)
(76,17)
(90,5)
(54,2)
(97,1)
(94,16)
(67,2)
(90,13)
(91,15)
(99,14)
(87,15)
(70,4)
(85,13)
(69,6)
(97,10)
(42,16)
(91,12)
(50,3)
(63,1)
(52,7)
(69,7)
(41,4)
(56,16)
(45,16)
(41,9)
(76,7)
(90,3)
(79,8)
(92,3)
(77,0)
(100,7)
(67,17)
(90,17)
(83,1)
(83,10)
(73,5)
(47,0)
(67,12)
(75,12)
(59,4)
(66,17)
(56,3)
(55,3)
(83,6)
(58,17)
(74,12)
(61,5)
(76,16)
(62,0)
(78,12)
(50,3)
(58,2)
(99,6)
(54,18)
(77,0)
(68,16)
(97,3)
(39,15)
(74,14)
(75,6)
(46,16)
(54,17)
(55,4)
(53,14)
(60,16)
(48,15)
(54,8)
(68,19)
(102,11)
(92,19)
(66,6)
(45,7)
(39,3)
(45,18)
(74,13)
(94,2)
(56,4)
(65,2)
(96,7)
(92,6)
(44,10)
(39,17)
(73,15)
(71,10)
(102,1)
(100,12)
(84,4)
(52,14)
(40,1)
(81,18)
(49,7)
(60,6)
(102,3)
(59,4)
(64,10)
(40,14)
(88,10)
(42,10)
(60,0)
(82,13)
(49,11)
(102,1)
(82,19)
(66,1)
(80,16)
(88,9)
(78,8)
(48,3)
(84,2)
(45,1)
(70,8)
(101,14)
(39,6)
(80,0)
(92,4)
(45,6)
(47,1)
(72,5)
(60,8)
(50,8)
(100,4)
(39,3)
(50,3)
(49,6)
(66,4)
(56,0)
(49,9)
(61,6)
(95,16)
(69,10)
(58,15)
(70,19)
(52,19)
(54,3)
(51,1)
(49,19)
(79,9)
(63,16)
(59,1)
(67,10)
(76,6)
(94,2)
(84,7)
(78,4)
(71,5)
(96,5)
(40,1)
(99,4)
(46,12)
(39,16)
(65,3)
(77,14)
(88,1)
(92,8)
(80,10)
(69,3)
(84,12)
(87,13)
(46,14)
(95,16)
(100,6)
(97,15)
(102,3)
(49,1)
(88,1)
(75,4)
(44,10)
(69,19)
(70,2)
(68,4)
(93,10)
(72,11)
(75,19)
(42,7)
(79,0)
(96,0)
(45,8)
(81,16)
(55,5)
(71,6)
(68,4)
(77,5)
(49,9)
(59,7)
(53,13)
(99,0)
(86,11)
(89,2)
(90,0)
(56,16)
(90,0)
(41,19)
(65,0)
(44,17)
(83,1)
(73,14)
(101,18)
(91,10)
(51,18)
(73,2)
(79,4)
(83,8)
(83,1)
(99,2)
(90,17)
(40,5)
(96,18)
(55,12)
(45,4)
(69,11)
(58,12)
(69,9)
(80,7)
(87,3)
(90,8)
(69,14)
(90,0)
(47,17)
(45,8)
(102,5)
(58,10)
(80,2)
(90,15)
(58,16)
(64,5)
(58,2)
(47,8)
(92,8)
(73,5)
(46,3)
(61,6)
(50,16)
(89,15)
(50,19)
(93,3)
(94,3)
(87,5)
(86,15)
(41,5)
(47,11)
(41,10)
(45,13)
(64,17)
(51,11)
(61,18)
(88,17)
(82,14)
(49,6)
(43,3)
(76,7)
(74,2)
(83,9)
(72,9)
(85,10)
(96,1)
(87,6)
(74,8)
(92,14)
(84,6)
(90,17)
(77,5)
(63,10)
(70,14)
(44,7)
(101,6)
(96,0)
(84,1)
(75,15)
(54,3)
(94,14)
(83,0)
(92,13)
(91,4)
(67,19)
(89,16)
(82,16)
(82,0)
(92,7)
(68,6)
(54,18)
(77,3)
(92,4)
(41,2)
(79,1)
(85,0)
(94,6)
(40,0)
(99,1)
(102,0)
(68,8)
(80,8)
(46,12)
(90,10)
(77,19)
(48,1)
(50,18)
(86,14)
(67,16)
(101,18)
(78,2)
(40,8)
(53,15)
(98,5)
(53,9)
(76,3)
(102,14)
(55,1)
(39,9)
(59,10)
(78,2)
(69,4)
(93,19)
(51,4)
(62,17)
(84,4)
(41,2)
(62,13)
(80,2)
(80,18)
(49,14)
(49,15)
(46,6)
(97,10)
(80,0)
(72,11)
(83,3)
(48,16)
(70,11)
(44,3)
(40,11)
(51,6)
(71,2)
(100,0)
(49,15)
(56,15)
(62,12)
(99,16)
(67,6)
(72,4)
(89,11)
(41,11)
(46,6)
(102,3)
(64,1)
(71,9)
(73,16)
(61,0)
(82,1)
(64,9)
(94,5)
(96,10)
(64,15)
(80,16)
(92,7)
(46,2)
(45,4)
(61,5)
(93,1)
(96,16)
(68,9)
(49,7)
(49,2)
(93,8)
(74,13)
(91,1)
(101,7)
(90,8)
(41,6)
(64,13)
(50,16)
(63,7)
(70,5)
(61,4)
(99,6)
(40,12)
(66,6)
(55,5)
(95,14)
(59,8)
(52,1)
(75,3)
(47,15)
(77,3)
(42,7)
(75,6)
(41,9)
(76,8)
(96,12)
(46,0)
(55,0)
(72,17)
(88,6)
(54,15)
(78,12)
(82,17)
(60,1)
(50,2)
(46,8)
(45,5)
(56,0)
(101,12)
(61,2)
(100,5)
(57,2)
(76,8)
(97,0)
(78,13)
(40,12)
(55,2)
(70,13)
(64,19)
(44,4)
(41,6)
(53,19)
(46,6)
(66,1)
(87,0)
(57,3)
(42,17)
(62,3)
(59,11)
(64,18)
(84,10)
(63,2)
(43,2)
(98,12)
(57,11)
(78,0)
(69,2)
(68,9)
(62,2)
(50,3)
(83,5)
(60,6)
(64,19)
(89,6)
(53,14)
(78,17)
(79,17)
(73,13)
(65,2)
(93,17)
(102,10)
(41,19)
(48,2)
(48,9)
(46,6)
(79,4)
(54,3)
(70,0)
(44,4)
(68,7)
(81,17)
(87,1)
(68,2)
(67,2)
(44,7)
(78,15)
(87,15)
(46,0)
(97,10)
(47,10)
(53,18)
(61,11)
(44,11)
(79,0)
(40,8)
(42,19)
(97,0)
(47,19)
(73,2)
(82,13)
(97,10)
(65,2)
(73,8)
(45,0)
(98,11)
(42,5)
(100,3)
(67,10)
(81,6)
(91,14)
(61,17)
(70,2)
(93,3)
(43,8)
(39,4)
(80,16)
(79,7)
(50,8)
(72,0)
(64,2)
(40,17)
(50,4)
(100,2)
(50,17)
(90,3)
(90,1)
(44,1)
(74,16)
(100,0)
(58,7)
(41,13)
(48,1)
(102,3)
(72,0)
(90,14)
(61,0)
(40,9)
(62,10)
(78,19)
(67,2)
(98,10)
(66,0)
(55,11)
(50,0)
(64,5)
(93,6)
(57,8)
(77,18)
(49,19)
(95,3)
(40,1)
(45,12)
(91,6)
(57,6)
(96,3)
(58,13)
(100,13)
(84,8)
(53,17)
(62,2)
(58,15)
(72,13)
(55,1)
(63,2)
(98,2)
(52,4)
(86,1)
(61,1)
(73,0)
(94,0)
(88,8)
(71,0)
(71,13)
(92,5)
(78,6)
(68,13)
(77,10)
(95,6)
(57,0)
(92,7)
(100,11)
(59,3)
(44,1)
(57,5)
(92,18)
(49,7)
(55,3)
(66,13)
(67,5)
(81,15)
(55,0)
(66,17)
(86,14)
(69,5)
(47,5)
(61,1)
(50,18)
(58,2)
(40,6)
(48,5)
(76,0)
(87,6)
(65,9)
(41,3)
(99,0)
(45,1)
(47,2)
(75,1)
(94,2)
(84,1)
(86,12)
(61,5)
(60,7)
(64,8)
(85,0)
(53,2)
(99,19)
(100,1)
(100,10)
(77,5)
(52,16)
(48,4)
(59,14)
(65,1)
(67,1)
(46,7)
(88,2)
(49,14)
(74,13)
(72,0)
(95,7)
(97,9)
(93,1)
(55,17)
(70,5)
(96,17)
(65,9)
(47,5)
(83,19)
(89,2)
(82,2)
(96,2)
(84,1)
(91,15)
(64,11)
(53,2)
(89,0)
(86,19)
(50,7)
(48,9)
(99,19)
(89,8)
(97,10)
(50,17)
(92,0)
(56,15)
(45,9)
(58,2)
(43,9)
(45,0)
(52,5)
(45,8)
(66,4)
(63,12)
(61,13)
(79,11)
(97,15)
(102,5)
(42,19)
(48,16)
(44,14)
(69,12)
(90,3)
(75,17)
(39,18)
(52,10)
(92,4)
(52,1)
(76,17)
(98,11)
(73,2)
(82,0)
(89,17)
(90,11)
(68,0)
(83,6)
(88,4)
(86,18)
(39,3)
(91,4)
(46,11)
(76,2)
(59,2)
(78,9)
(55,7)
(42,5)
(43,11)
(96,7)
(85,3)
(55,11)
(81,5)
(77,4)
(60,19)
(98,5)
(95,13)
(53,0)
(87,6)
(74,19)
(91,9)
(51,14)
(53,9)
(84,0)
(68,1)
(100,12)
(64,3)
(91,5)
(46,0)
(45,18)
(63,3)
(45,3)
(59,1)
(88,4)
(66,16)
(100,12)
(91,10)
(47,18)
(68,8)
(53,11)
(92,15)
(49,8)
(82,13)
(67,6)
(81,1)
(97,17)
(77,0)
(82,19)
(85,7)
(55,3)
(77,13)
(91,1)
(68,7)
(60,13)
(40,0)
(66,0)
(92,3)
(51,13)
(71,19)
(71,3)
(85,0)
(72,3)
(95,5)
(65,6)
(96,17)
(47,3)
(60,15)
(62,19)
(45,7)
(93,6)
(96,17)
(91,9)
(45,9)
(52,2)
(74,16)
(77,0)
(39,2)
(61,0)
(48,15)
(68,5)
(54,4)
(99,4)
(44,2)
(79,3)
(70,15)
(62,4)
(59,1)
(71,19)
(97,2)
(51,0)
(89,8)
(50,1)
(93,2)
(86,15)
(81,6)
(57,0)
(86,10)
(39,2)
(61,0)
(63,2)
(62,11)
(46,16)
(60,2)
(63,14)
(45,15)
(56,17)
(71,4)
(66,12)
(83,7)
(89,2)
(54,4)
(73,6)
(94,3)
(66,9)
(99,15)
(53,18)
(47,13)
(41,16)
(61,5)
(98,16)
(77,6)
(49,7)
(75,0)
(100,1)
(90,5)
(91,3)
(56,0)
(94,1)
(53,4)
(74,5)
(52,3)
(64,19)
(65,14)
(68,15)
(94,9)
(41,16)
(70,8)
(58,3)
(95,2)
(66,13)
(78,12)
(59,2)
(44,4)
(61,6)
(56,19)
(98,5)
(87,14)
(60,17)
(58,3)
(40,18)
(43,13)
(94,6)
(70,11)
(80,16)
(71,10)
(77,0)
(60,0)
(40,6)
(76,4)
(57,1)
(47,7)
(73,0)
(52,13)
(40,0)
(45,15)
(92,4)
(75,1)
(96,13)
(68,2)
(47,14)
(56,4)
(81,6)
(43,9)
(49,19)
(61,1)
(67,14)
(75,1)
(58,12)
(59,5)
(77,7)
(82,2)
(73,4)
(45,6)
(78,5)
(70,1)
(98,1)
(100,1)
(64,4)
(56,5)
(69,2)
(74,19)
(85,13)
(90,7)
(52,8)
(89,2)
(40,15)
(43,9)
(83,8)
(42,4)
(43,6)
(69,1)
(80,2)
(39,12)
(61,3)
(60,8)
(42,9)
(57,15)
(57,2)
(96,7)
(90,0)
(78,1)
(67,17)
(54,0)
(98,3)
(72,8)
(87,4)
(50,2)
(97,19)
(64,2)
(84,6)
(44,13)
(72,7)
(58,9)
(67,2)
(55,18)
(96,3)
(71,7)
(81,19)
(91,3)
(40,3)
(66,0)
(52,3)
(46,11)
(55,3)
(64,1)
(40,9)
(57,7)
(101,17)
(80,4)
(42,5)
(46,19)
(87,2)
(99,9)
(89,9)
(72,6)
(58,13)
(70,1)
(81,6)
(54,3)
(54,0)
(96,4)
(55,9)
(84,7)
(96,4)
(95,0)
(85,16)
(95,0)
(45,13)
(45,15)
(58,2)
(52,0)
(70,1)
(66,0)
(102,11)
(96,9)
(47,4)
(67,5)
(46,9)
(81,14)
(66,15)
(41,5)
(41,8)
(43,10)
(43,5)
(63,15)
(89,19)
(86,1)
(91,6)
(90,2)
(67,10)
(57,6)
(71,0)
(42,11)
(89,6)
(41,1)
(62,7)
(65,7)
(48,0)
(65,9)
(56,1)
(45,4)
(41,6)
(94,16)
(57,10)
(61,3)
(60,2)
(85,10)
(39,19)
(45,16)
(58,2)
(39,1)
(100,4)
(80,3)
(62,4)
(56,1)
(57,16)
(98,9)
(60,14)
(88,15)
(58,14)
(85,19)
(57,4)
(83,8)
(64,9)
(71,15)
(78,11)
(44,4)
(56,1)
(97,14)
(101,9)
(84,0)
(71,6)
(91,13)
(64,11)
(67,10)
(44,13)
(75,2)
(85,2)
(97,3)
(102,14)
(53,14)
(88,2)
(39,11)
(42,2)
(72,5)
(65,14)
(62,1)
(87,1)
(41,16)
(75,8)
(94,1)
(74,8)
(99,19)
(51,6)
(72,7)
(98,10)
(97,6)
(73,2)
(77,2)
(87,7)
(89,19)
(51,1)
(82,2)
(92,0)
(65,9)
(41,12)
(92,0)
(74,4)
(98,3)
(41,7)
(47,15)
(46,6)
(65,17)
(99,0)
(100,2)
(51,1)
(48,0)
(81,7)
(98,15)
(42,1)
(96,3)
(99,3)
(57,7)
(83,0)
(90,6)
(90,16)
(51,5)
(51,7)
(60,15)
(75,0)
(96,14)
(58,2)
(63,1)
(89,9)
(83,10)
(90,4)
(96,6)
(62,15)
(79,4)
(101,3)
(100,19)
(41,19)
(72,4)
(96,6)
(57,19)
(85,10)
(48,17)
(44,13)
(76,10)
(99,10)
(91,1)
(48,8)
(69,9)
(55,7)
(90,0)
(66,1)
(70,9)
(83,11)
(56,1)
(92,1)
(91,12)
(97,2)
(49,1)
(87,17)
(90,2)
(41,3)
(61,8)
(55,4)
(55,13)
(73,13)
0.popular= 0.089778
1.popular= 0.081333
2.popular= 0.074667
3.popular= 0.068000
4.popular= 0.062222
5.popular= 0.049778
6.popular= 0.057778
7.popular= 0.047111
8.popular= 0.041333
9.popular= 0.048444
10.popular= 0.043556
11.popular= 0.040000
12.popular= 0.035111
13.popular= 0.037778
14.popular= 0.040000
15.popular= 0.039556
16.popular= 0.035111
17.popular= 0.041778
18.popular= 0.024000
19.popular= 0.042667

peer 0 neighbors is: 56, 38, 76, 24, 30, 32, 69, 65, 99, 40, 28, 
peer 1 neighbors is: 33, 14, 87, 76, 32, 18, 92, 72, 48, 58, 4, 13, 
peer 2 neighbors is: 15, 73, 61, 102, 99, 86, 3, 49, 78, 79, 4, 24, 26, 27, 39, 
peer 3 neighbors is: 2, 33, 100, 101, 14, 45, 63, 42, 52, 32, 
peer 4 neighbors is: 69, 71, 44, 65, 95, 79, 64, 2, 1, 60, 16, 36, 42, 
peer 5 neighbors is: 97, 34, 29, 92, 26, 10, 54, 69, 76, 64, 19, 28, 31, 84, 
peer 6 neighbors is: 8, 97, 58, 60, 13, 90, 21, 41, 26, 94, 10, 19, 22, 35, 
peer 7 neighbors is: 57, 46, 78, 93, 39, 101, 25, 14, 15, 21, 13, 
peer 8 neighbors is: 6, 87, 42, 65, 64, 21, 46, 62, 13, 33, 24, 30, 
peer 9 neighbors is: 35, 14, 69, 96, 75, 67, 55, 86, 33, 89, 
peer 10 neighbors is: 5, 61, 48, 14, 6, 71, 83, 101, 41, 78, 18, 22, 
peer 11 neighbors is: 93, 40, 82, 16, 43, 36, 45, 60, 27, 52, 20, 34, 
peer 12 neighbors is: 49, 17, 36, 37, 57, 66, 92, 72, 54, 63, 41, 
peer 13 neighbors is: 6, 8, 22, 94, 54, 26, 1, 83, 61, 7, 15, 34, 37, 
peer 14 neighbors is: 1, 3, 7, 9, 10, 67, 102, 87, 85, 47, 26, 
peer 15 neighbors is: 2, 7, 71, 32, 13, 31, 70, 25, 20, 66, 
peer 16 neighbors is: 11, 80, 27, 100, 66, 4, 53, 50, 102, 68, 17, 22, 40, 
peer 17 neighbors is: 12, 25, 36, 27, 24, 16, 93, 52, 53, 38, 44, 
peer 18 neighbors is: 1, 55, 28, 25, 42, 27, 98, 49, 100, 10, 19, 34, 36, 
peer 19 neighbors is: 6, 62, 64, 41, 93, 18, 80, 5, 29, 90, 
peer 20 neighbors is: 15, 64, 21, 30, 52, 53, 51, 11, 95, 69, 25, 42, 
peer 21 neighbors is: 6, 7, 8, 20, 72, 37, 83, 49, 84, 100, 30, 31, 
peer 22 neighbors is: 13, 10, 43, 6, 53, 100, 81, 30, 16, 96, 23, 25, 
peer 23 neighbors is: 34, 102, 36, 47, 22, 70, 100, 80, 59, 96, 41, 
peer 24 neighbors is: 0, 17, 62, 8, 2, 89, 100, 78, 71, 56, 28, 
peer 25 neighbors is: 7, 15, 17, 18, 47, 62, 29, 66, 22, 20, 27, 31, 
peer 26 neighbors is: 5, 6, 13, 67, 35, 14, 2, 54, 31, 39, 37, 
peer 27 neighbors is: 11, 16, 17, 18, 25, 53, 2, 61, 65, 40, 29, 
peer 28 neighbors is: 18, 75, 24, 39, 29, 0, 74, 89, 5, 93, 
peer 29 neighbors is: 5, 19, 25, 28, 38, 73, 27, 72, 96, 91, 
peer 30 neighbors is: 0, 20, 22, 48, 93, 89, 8, 91, 64, 21, 38, 
peer 31 neighbors is: 15, 26, 25, 43, 86, 64, 5, 70, 97, 21, 38, 
peer 32 neighbors is: 0, 1, 3, 15, 51, 67, 86, 63, 101, 85, 41, 
peer 33 neighbors is: 1, 3, 8, 9, 60, 76, 94, 81, 54, 39, 
peer 34 neighbors is: 5, 23, 11, 13, 18, 65, 96, 90, 64, 47, 38, 
peer 35 neighbors is: 9, 26, 49, 74, 97, 40, 98, 66, 6, 60, 
peer 36 neighbors is: 11, 12, 17, 23, 72, 55, 18, 4, 63, 99, 
peer 37 neighbors is: 12, 21, 74, 69, 39, 38, 67, 13, 78, 26, 77, 
peer 38 neighbors is: 0, 17, 29, 37, 39, 78, 31, 34, 98, 30, 
peer 39 neighbors is: 7, 26, 28, 33, 37, 38, 41, 68, 88, 2, 
peer 40 neighbors is: 0, 11, 27, 35, 75, 58, 99, 48, 71, 16, 41, 
peer 41 neighbors is: 6, 10, 19, 39, 23, 32, 12, 64, 82, 40, 
peer 42 neighbors is: 3, 8, 18, 61, 57, 92, 43, 20, 4, 94, 
peer 43 neighbors is: 11, 22, 31, 42, 
peer 44 neighbors is: 4, 17, 
peer 45 neighbors is: 3, 11, 
peer 46 neighbors is: 7, 8, 
peer 47 neighbors is: 14, 23, 25, 34, 
peer 48 neighbors is: 1, 10, 30, 40, 
peer 49 neighbors is: 2, 12, 18, 21, 35, 
peer 50 neighbors is: 16, 57, 
peer 51 neighbors is: 20, 32, 
peer 52 neighbors is: 3, 11, 17, 20, 59, 
peer 53 neighbors is: 16, 17, 20, 22, 27, 
peer 54 neighbors is: 5, 12, 13, 26, 33, 
peer 55 neighbors is: 9, 18, 36, 
peer 56 neighbors is: 0, 24, 
peer 57 neighbors is: 7, 12, 42, 50, 
peer 58 neighbors is: 1, 6, 40, 
peer 59 neighbors is: 23, 52, 
peer 60 neighbors is: 4, 6, 11, 33, 35, 88, 
peer 61 neighbors is: 2, 10, 13, 27, 42, 
peer 62 neighbors is: 8, 19, 24, 25, 
peer 63 neighbors is: 3, 12, 32, 36, 
peer 64 neighbors is: 4, 5, 8, 19, 20, 30, 31, 34, 41, 
peer 65 neighbors is: 0, 4, 8, 27, 34, 
peer 66 neighbors is: 12, 15, 16, 25, 35, 
peer 67 neighbors is: 9, 14, 26, 32, 37, 
peer 68 neighbors is: 16, 39, 
peer 69 neighbors is: 0, 4, 5, 9, 20, 37, 
peer 70 neighbors is: 15, 23, 31, 
peer 71 neighbors is: 4, 10, 15, 24, 40, 
peer 72 neighbors is: 1, 12, 21, 29, 36, 
peer 73 neighbors is: 2, 29, 
peer 74 neighbors is: 28, 35, 37, 
peer 75 neighbors is: 9, 28, 40, 
peer 76 neighbors is: 0, 1, 5, 33, 
peer 77 neighbors is: 97, 37, 
peer 78 neighbors is: 2, 7, 10, 24, 37, 38, 
peer 79 neighbors is: 2, 4, 
peer 80 neighbors is: 16, 19, 23, 
peer 81 neighbors is: 22, 33, 
peer 82 neighbors is: 11, 41, 
peer 83 neighbors is: 10, 13, 21, 
peer 84 neighbors is: 21, 5, 
peer 85 neighbors is: 14, 32, 
peer 86 neighbors is: 2, 9, 31, 32, 
peer 87 neighbors is: 1, 8, 14, 
peer 88 neighbors is: 39, 60, 
peer 89 neighbors is: 9, 24, 28, 30, 
peer 90 neighbors is: 6, 19, 34, 
peer 91 neighbors is: 29, 30, 
peer 92 neighbors is: 1, 5, 12, 42, 
peer 93 neighbors is: 7, 11, 17, 19, 28, 30, 
peer 94 neighbors is: 6, 13, 33, 42, 
peer 95 neighbors is: 4, 20, 
peer 96 neighbors is: 9, 22, 23, 29, 34, 
peer 97 neighbors is: 5, 6, 31, 35, 77, 
peer 98 neighbors is: 18, 35, 38, 
peer 99 neighbors is: 0, 2, 36, 40, 
peer 100 neighbors is: 3, 16, 18, 21, 22, 23, 24, 
peer 101 neighbors is: 3, 7, 10, 32, 
peer 102 neighbors is: 2, 14, 16, 23, 

