103 Users
20 Files
1500 Transactions
7 Maximum Connections
1 Cycle Length per Upload-Download
750 Warm-up Transactions
0.400000 Zipf constant
3 Pre-Trusted Users
63 Well-Behaved (Good) Users
25 Purely Malicious Users
0 Feedback Skewing Users
0 Malignant Providing Users
15 Disguised Malicous Users
0 Sybil Attack Users
true Intelligent Trans. Generation
1474142842799 Trace Generation Seed

(0.000000,0.000000,1,false)
(0.000000,0.000000,1,false)
(0.000000,0.000000,1,false)
(0.000000,0.000000,1,false)
(0.000000,0.000000,1,false)
(0.000000,0.000000,1,false)
(0.000000,0.000000,1,false)
(0.000000,0.000000,1,false)
(0.000000,0.000000,1,false)
(0.000000,0.000000,1,false)
(0.000000,0.000000,1,false)
(0.000000,0.000000,1,false)
(0.000000,0.000000,1,false)
(0.000000,0.000000,1,false)
(0.000000,0.000000,1,false)
(0.000000,0.000000,1,false)
(0.000000,0.000000,1,false)
(0.000000,0.000000,1,false)
(0.000000,0.000000,1,false)
(0.000000,0.000000,1,false)
(0.000000,0.000000,1,false)
(0.000000,0.000000,1,false)
(0.000000,0.000000,1,false)
(0.000000,0.000000,1,false)
(0.000000,0.000000,1,false)
(1.000000,0.000000,4,false)
(1.000000,0.000000,4,false)
(1.000000,0.000000,4,false)
(1.000000,0.000000,4,false)
(1.000000,0.000000,4,false)
(1.000000,0.000000,4,false)
(1.000000,0.000000,4,false)
(1.000000,0.000000,4,false)
(1.000000,0.000000,4,false)
(1.000000,0.000000,4,false)
(1.000000,0.000000,4,false)
(1.000000,0.000000,4,false)
(1.000000,0.000000,4,false)
(1.000000,0.000000,4,false)
(1.000000,0.000000,4,false)
(1.000000,1.000000,0,true)
(1.000000,1.000000,0,true)
(1.000000,1.000000,0,true)
(1.000000,1.000000,0,false)
(1.000000,1.000000,0,false)
(1.000000,1.000000,0,false)
(1.000000,1.000000,0,false)
(1.000000,1.000000,0,false)
(1.000000,1.000000,0,false)
(1.000000,1.000000,0,false)
(1.000000,1.000000,0,false)
(1.000000,1.000000,0,false)
(1.000000,1.000000,0,false)
(1.000000,1.000000,0,false)
(1.000000,1.000000,0,false)
(1.000000,1.000000,0,false)
(1.000000,1.000000,0,false)
(1.000000,1.000000,0,false)
(1.000000,1.000000,0,false)
(1.000000,1.000000,0,false)
(1.000000,1.000000,0,false)
(1.000000,1.000000,0,false)
(1.000000,1.000000,0,false)
(1.000000,1.000000,0,false)
(1.000000,1.000000,0,false)
(1.000000,1.000000,0,false)
(1.000000,1.000000,0,false)
(1.000000,1.000000,0,false)
(1.000000,1.000000,0,false)
(1.000000,1.000000,0,false)
(1.000000,1.000000,0,false)
(1.000000,1.000000,0,false)
(1.000000,1.000000,0,false)
(1.000000,1.000000,0,false)
(1.000000,1.000000,0,false)
(1.000000,1.000000,0,false)
(1.000000,1.000000,0,false)
(1.000000,1.000000,0,false)
(1.000000,1.000000,0,false)
(1.000000,1.000000,0,false)
(1.000000,1.000000,0,false)
(1.000000,1.000000,0,false)
(1.000000,1.000000,0,false)
(1.000000,1.000000,0,false)
(1.000000,1.000000,0,false)
(1.000000,1.000000,0,false)
(1.000000,1.000000,0,false)
(1.000000,1.000000,0,false)
(1.000000,1.000000,0,false)
(1.000000,1.000000,0,false)
(1.000000,1.000000,0,false)
(1.000000,1.000000,0,false)
(1.000000,1.000000,0,false)
(1.000000,1.000000,0,false)
(1.000000,1.000000,0,false)
(1.000000,1.000000,0,false)
(1.000000,1.000000,0,false)
(1.000000,1.000000,0,false)
(1.000000,1.000000,0,false)
(1.000000,1.000000,0,false)
(1.000000,1.000000,0,false)
(1.000000,1.000000,0,false)
(1.000000,1.000000,0,false)

(25,0,true)
(26,0,true)
(27,0,true)
(28,0,true)
(29,0,true)
(30,0,true)
(31,0,true)
(32,0,true)
(33,0,true)
(34,0,true)
(35,0,true)
(36,0,true)
(37,0,true)
(38,0,true)
(39,0,true)
(0,0,false)
(1,0,false)
(2,0,false)
(3,0,false)
(4,0,false)
(5,0,false)
(6,0,false)
(7,0,false)
(8,0,false)
(9,0,false)
(10,0,false)
(11,0,false)
(12,0,false)
(13,0,false)
(14,0,false)
(15,0,false)
(16,0,false)
(17,0,false)
(18,0,false)
(19,0,false)
(20,0,false)
(21,0,false)
(22,0,false)
(23,0,false)
(24,0,false)
(40,0,true)
(97,0,true)
(46,0,true)
(47,0,true)
(48,0,true)
(49,0,true)
(50,0,true)
(51,0,true)
(54,0,true)
(55,0,true)
(56,0,true)
(57,0,true)
(58,0,true)
(60,0,true)
(63,0,true)
(65,0,true)
(66,0,true)
(67,0,true)
(70,0,true)
(72,0,true)
(74,0,true)
(77,0,true)
(78,0,true)
(79,0,true)
(81,0,true)
(82,0,true)
(83,0,true)
(84,0,true)
(85,0,true)
(86,0,true)
(88,0,true)
(89,0,true)
(90,0,true)
(91,0,true)
(93,0,true)
(94,0,true)
(96,0,true)
(98,0,true)
(101,0,true)
(102,0,true)
(25,1,true)
(26,1,true)
(27,1,true)
(28,1,true)
(29,1,true)
(30,1,true)
(31,1,true)
(32,1,true)
(33,1,true)
(34,1,true)
(35,1,true)
(36,1,true)
(37,1,true)
(38,1,true)
(39,1,true)
(0,1,false)
(1,1,false)
(2,1,false)
(3,1,false)
(4,1,false)
(5,1,false)
(6,1,false)
(7,1,false)
(8,1,false)
(9,1,false)
(10,1,false)
(11,1,false)
(12,1,false)
(13,1,false)
(14,1,false)
(15,1,false)
(16,1,false)
(17,1,false)
(18,1,false)
(19,1,false)
(20,1,false)
(21,1,false)
(22,1,false)
(23,1,false)
(24,1,false)
(41,1,true)
(92,1,true)
(43,1,true)
(61,1,true)
(62,1,true)
(65,1,true)
(66,1,true)
(68,1,true)
(69,1,true)
(70,1,true)
(71,1,true)
(73,1,true)
(75,1,true)
(76,1,true)
(78,1,true)
(79,1,true)
(80,1,true)
(81,1,true)
(83,1,true)
(84,1,true)
(85,1,true)
(86,1,true)
(87,1,true)
(88,1,true)
(91,1,true)
(94,1,true)
(95,1,true)
(96,1,true)
(97,1,true)
(98,1,true)
(25,2,true)
(26,2,true)
(27,2,true)
(28,2,true)
(29,2,true)
(30,2,true)
(31,2,true)
(32,2,true)
(33,2,true)
(34,2,true)
(35,2,true)
(36,2,true)
(37,2,true)
(38,2,true)
(39,2,true)
(0,2,false)
(1,2,false)
(2,2,false)
(3,2,false)
(4,2,false)
(5,2,false)
(6,2,false)
(7,2,false)
(8,2,false)
(9,2,false)
(10,2,false)
(11,2,false)
(12,2,false)
(13,2,false)
(14,2,false)
(15,2,false)
(16,2,false)
(17,2,false)
(18,2,false)
(19,2,false)
(20,2,false)
(21,2,false)
(22,2,false)
(23,2,false)
(24,2,false)
(42,2,true)
(57,2,true)
(45,2,true)
(61,2,true)
(62,2,true)
(64,2,true)
(73,2,true)
(74,2,true)
(80,2,true)
(93,2,true)
(95,2,true)
(25,3,true)
(26,3,true)
(27,3,true)
(28,3,true)
(29,3,true)
(30,3,true)
(31,3,true)
(32,3,true)
(33,3,true)
(34,3,true)
(35,3,true)
(36,3,true)
(37,3,true)
(38,3,true)
(39,3,true)
(0,3,false)
(1,3,false)
(2,3,false)
(3,3,false)
(4,3,false)
(5,3,false)
(6,3,false)
(7,3,false)
(8,3,false)
(9,3,false)
(10,3,false)
(11,3,false)
(12,3,false)
(13,3,false)
(14,3,false)
(15,3,false)
(16,3,false)
(17,3,false)
(18,3,false)
(19,3,false)
(20,3,false)
(21,3,false)
(22,3,false)
(23,3,false)
(24,3,false)
(43,3,true)
(92,3,true)
(53,3,true)
(67,3,true)
(75,3,true)
(87,3,true)
(101,3,true)
(25,4,true)
(26,4,true)
(27,4,true)
(28,4,true)
(29,4,true)
(30,4,true)
(31,4,true)
(32,4,true)
(33,4,true)
(34,4,true)
(35,4,true)
(36,4,true)
(37,4,true)
(38,4,true)
(39,4,true)
(0,4,false)
(1,4,false)
(2,4,false)
(3,4,false)
(4,4,false)
(5,4,false)
(6,4,false)
(7,4,false)
(8,4,false)
(9,4,false)
(10,4,false)
(11,4,false)
(12,4,false)
(13,4,false)
(14,4,false)
(15,4,false)
(16,4,false)
(17,4,false)
(18,4,false)
(19,4,false)
(20,4,false)
(21,4,false)
(22,4,false)
(23,4,false)
(24,4,false)
(44,4,true)
(77,4,true)
(63,4,true)
(76,4,true)
(99,4,true)
(100,4,true)
(25,5,true)
(26,5,true)
(27,5,true)
(28,5,true)
(29,5,true)
(30,5,true)
(31,5,true)
(32,5,true)
(33,5,true)
(34,5,true)
(35,5,true)
(36,5,true)
(37,5,true)
(38,5,true)
(39,5,true)
(0,5,false)
(1,5,false)
(2,5,false)
(3,5,false)
(4,5,false)
(5,5,false)
(6,5,false)
(7,5,false)
(8,5,false)
(9,5,false)
(10,5,false)
(11,5,false)
(12,5,false)
(13,5,false)
(14,5,false)
(15,5,false)
(16,5,false)
(17,5,false)
(18,5,false)
(19,5,false)
(20,5,false)
(21,5,false)
(22,5,false)
(23,5,false)
(24,5,false)
(45,5,true)
(40,5,true)
(68,5,true)
(69,5,true)
(99,5,true)
(25,6,true)
(26,6,true)
(27,6,true)
(28,6,true)
(29,6,true)
(30,6,true)
(31,6,true)
(32,6,true)
(33,6,true)
(34,6,true)
(35,6,true)
(36,6,true)
(37,6,true)
(38,6,true)
(39,6,true)
(0,6,false)
(1,6,false)
(2,6,false)
(3,6,false)
(4,6,false)
(5,6,false)
(6,6,false)
(7,6,false)
(8,6,false)
(9,6,false)
(10,6,false)
(11,6,false)
(12,6,false)
(13,6,false)
(14,6,false)
(15,6,false)
(16,6,false)
(17,6,false)
(18,6,false)
(19,6,false)
(20,6,false)
(21,6,false)
(22,6,false)
(23,6,false)
(24,6,false)
(46,6,true)
(59,6,true)
(25,7,true)
(26,7,true)
(27,7,true)
(28,7,true)
(29,7,true)
(30,7,true)
(31,7,true)
(32,7,true)
(33,7,true)
(34,7,true)
(35,7,true)
(36,7,true)
(37,7,true)
(38,7,true)
(39,7,true)
(0,7,false)
(1,7,false)
(2,7,false)
(3,7,false)
(4,7,false)
(5,7,false)
(6,7,false)
(7,7,false)
(8,7,false)
(9,7,false)
(10,7,false)
(11,7,false)
(12,7,false)
(13,7,false)
(14,7,false)
(15,7,false)
(16,7,false)
(17,7,false)
(18,7,false)
(19,7,false)
(20,7,false)
(21,7,false)
(22,7,false)
(23,7,false)
(24,7,false)
(47,7,true)
(64,7,true)
(25,8,true)
(26,8,true)
(27,8,true)
(28,8,true)
(29,8,true)
(30,8,true)
(31,8,true)
(32,8,true)
(33,8,true)
(34,8,true)
(35,8,true)
(36,8,true)
(37,8,true)
(38,8,true)
(39,8,true)
(0,8,false)
(1,8,false)
(2,8,false)
(3,8,false)
(4,8,false)
(5,8,false)
(6,8,false)
(7,8,false)
(8,8,false)
(9,8,false)
(10,8,false)
(11,8,false)
(12,8,false)
(13,8,false)
(14,8,false)
(15,8,false)
(16,8,false)
(17,8,false)
(18,8,false)
(19,8,false)
(20,8,false)
(21,8,false)
(22,8,false)
(23,8,false)
(24,8,false)
(48,8,true)
(52,8,true)
(25,9,true)
(26,9,true)
(27,9,true)
(28,9,true)
(29,9,true)
(30,9,true)
(31,9,true)
(32,9,true)
(33,9,true)
(34,9,true)
(35,9,true)
(36,9,true)
(37,9,true)
(38,9,true)
(39,9,true)
(0,9,false)
(1,9,false)
(2,9,false)
(3,9,false)
(4,9,false)
(5,9,false)
(6,9,false)
(7,9,false)
(8,9,false)
(9,9,false)
(10,9,false)
(11,9,false)
(12,9,false)
(13,9,false)
(14,9,false)
(15,9,false)
(16,9,false)
(17,9,false)
(18,9,false)
(19,9,false)
(20,9,false)
(21,9,false)
(22,9,false)
(23,9,false)
(24,9,false)
(49,9,true)
(100,9,true)
(25,10,true)
(26,10,true)
(27,10,true)
(28,10,true)
(29,10,true)
(30,10,true)
(31,10,true)
(32,10,true)
(33,10,true)
(34,10,true)
(35,10,true)
(36,10,true)
(37,10,true)
(38,10,true)
(39,10,true)
(0,10,false)
(1,10,false)
(2,10,false)
(3,10,false)
(4,10,false)
(5,10,false)
(6,10,false)
(7,10,false)
(8,10,false)
(9,10,false)
(10,10,false)
(11,10,false)
(12,10,false)
(13,10,false)
(14,10,false)
(15,10,false)
(16,10,false)
(17,10,false)
(18,10,false)
(19,10,false)
(20,10,false)
(21,10,false)
(22,10,false)
(23,10,false)
(24,10,false)
(50,10,true)
(40,10,true)
(25,11,true)
(26,11,true)
(27,11,true)
(28,11,true)
(29,11,true)
(30,11,true)
(31,11,true)
(32,11,true)
(33,11,true)
(34,11,true)
(35,11,true)
(36,11,true)
(37,11,true)
(38,11,true)
(39,11,true)
(0,11,false)
(1,11,false)
(2,11,false)
(3,11,false)
(4,11,false)
(5,11,false)
(6,11,false)
(7,11,false)
(8,11,false)
(9,11,false)
(10,11,false)
(11,11,false)
(12,11,false)
(13,11,false)
(14,11,false)
(15,11,false)
(16,11,false)
(17,11,false)
(18,11,false)
(19,11,false)
(20,11,false)
(21,11,false)
(22,11,false)
(23,11,false)
(24,11,false)
(51,11,true)
(102,11,true)
(25,12,true)
(26,12,true)
(27,12,true)
(28,12,true)
(29,12,true)
(30,12,true)
(31,12,true)
(32,12,true)
(33,12,true)
(34,12,true)
(35,12,true)
(36,12,true)
(37,12,true)
(38,12,true)
(39,12,true)
(0,12,false)
(1,12,false)
(2,12,false)
(3,12,false)
(4,12,false)
(5,12,false)
(6,12,false)
(7,12,false)
(8,12,false)
(9,12,false)
(10,12,false)
(11,12,false)
(12,12,false)
(13,12,false)
(14,12,false)
(15,12,false)
(16,12,false)
(17,12,false)
(18,12,false)
(19,12,false)
(20,12,false)
(21,12,false)
(22,12,false)
(23,12,false)
(24,12,false)
(52,12,true)
(71,12,true)
(25,13,true)
(26,13,true)
(27,13,true)
(28,13,true)
(29,13,true)
(30,13,true)
(31,13,true)
(32,13,true)
(33,13,true)
(34,13,true)
(35,13,true)
(36,13,true)
(37,13,true)
(38,13,true)
(39,13,true)
(0,13,false)
(1,13,false)
(2,13,false)
(3,13,false)
(4,13,false)
(5,13,false)
(6,13,false)
(7,13,false)
(8,13,false)
(9,13,false)
(10,13,false)
(11,13,false)
(12,13,false)
(13,13,false)
(14,13,false)
(15,13,false)
(16,13,false)
(17,13,false)
(18,13,false)
(19,13,false)
(20,13,false)
(21,13,false)
(22,13,false)
(23,13,false)
(24,13,false)
(53,13,true)
(41,13,true)
(25,14,true)
(26,14,true)
(27,14,true)
(28,14,true)
(29,14,true)
(30,14,true)
(31,14,true)
(32,14,true)
(33,14,true)
(34,14,true)
(35,14,true)
(36,14,true)
(37,14,true)
(38,14,true)
(39,14,true)
(0,14,false)
(1,14,false)
(2,14,false)
(3,14,false)
(4,14,false)
(5,14,false)
(6,14,false)
(7,14,false)
(8,14,false)
(9,14,false)
(10,14,false)
(11,14,false)
(12,14,false)
(13,14,false)
(14,14,false)
(15,14,false)
(16,14,false)
(17,14,false)
(18,14,false)
(19,14,false)
(20,14,false)
(21,14,false)
(22,14,false)
(23,14,false)
(24,14,false)
(54,14,true)
(72,14,true)
(25,15,true)
(26,15,true)
(27,15,true)
(28,15,true)
(29,15,true)
(30,15,true)
(31,15,true)
(32,15,true)
(33,15,true)
(34,15,true)
(35,15,true)
(36,15,true)
(37,15,true)
(38,15,true)
(39,15,true)
(0,15,false)
(1,15,false)
(2,15,false)
(3,15,false)
(4,15,false)
(5,15,false)
(6,15,false)
(7,15,false)
(8,15,false)
(9,15,false)
(10,15,false)
(11,15,false)
(12,15,false)
(13,15,false)
(14,15,false)
(15,15,false)
(16,15,false)
(17,15,false)
(18,15,false)
(19,15,false)
(20,15,false)
(21,15,false)
(22,15,false)
(23,15,false)
(24,15,false)
(55,15,true)
(42,15,true)
(25,16,true)
(26,16,true)
(27,16,true)
(28,16,true)
(29,16,true)
(30,16,true)
(31,16,true)
(32,16,true)
(33,16,true)
(34,16,true)
(35,16,true)
(36,16,true)
(37,16,true)
(38,16,true)
(39,16,true)
(0,16,false)
(1,16,false)
(2,16,false)
(3,16,false)
(4,16,false)
(5,16,false)
(6,16,false)
(7,16,false)
(8,16,false)
(9,16,false)
(10,16,false)
(11,16,false)
(12,16,false)
(13,16,false)
(14,16,false)
(15,16,false)
(16,16,false)
(17,16,false)
(18,16,false)
(19,16,false)
(20,16,false)
(21,16,false)
(22,16,false)
(23,16,false)
(24,16,false)
(56,16,true)
(44,16,true)
(25,17,true)
(26,17,true)
(27,17,true)
(28,17,true)
(29,17,true)
(30,17,true)
(31,17,true)
(32,17,true)
(33,17,true)
(34,17,true)
(35,17,true)
(36,17,true)
(37,17,true)
(38,17,true)
(39,17,true)
(0,17,false)
(1,17,false)
(2,17,false)
(3,17,false)
(4,17,false)
(5,17,false)
(6,17,false)
(7,17,false)
(8,17,false)
(9,17,false)
(10,17,false)
(11,17,false)
(12,17,false)
(13,17,false)
(14,17,false)
(15,17,false)
(16,17,false)
(17,17,false)
(18,17,false)
(19,17,false)
(20,17,false)
(21,17,false)
(22,17,false)
(23,17,false)
(24,17,false)
(58,17,true)
(82,17,true)
(25,18,true)
(26,18,true)
(27,18,true)
(28,18,true)
(29,18,true)
(30,18,true)
(31,18,true)
(32,18,true)
(33,18,true)
(34,18,true)
(35,18,true)
(36,18,true)
(37,18,true)
(38,18,true)
(39,18,true)
(0,18,false)
(1,18,false)
(2,18,false)
(3,18,false)
(4,18,false)
(5,18,false)
(6,18,false)
(7,18,false)
(8,18,false)
(9,18,false)
(10,18,false)
(11,18,false)
(12,18,false)
(13,18,false)
(14,18,false)
(15,18,false)
(16,18,false)
(17,18,false)
(18,18,false)
(19,18,false)
(20,18,false)
(21,18,false)
(22,18,false)
(23,18,false)
(24,18,false)
(59,18,true)
(89,18,true)
(25,19,true)
(26,19,true)
(27,19,true)
(28,19,true)
(29,19,true)
(30,19,true)
(31,19,true)
(32,19,true)
(33,19,true)
(34,19,true)
(35,19,true)
(36,19,true)
(37,19,true)
(38,19,true)
(39,19,true)
(0,19,false)
(1,19,false)
(2,19,false)
(3,19,false)
(4,19,false)
(5,19,false)
(6,19,false)
(7,19,false)
(8,19,false)
(9,19,false)
(10,19,false)
(11,19,false)
(12,19,false)
(13,19,false)
(14,19,false)
(15,19,false)
(16,19,false)
(17,19,false)
(18,19,false)
(19,19,false)
(20,19,false)
(21,19,false)
(22,19,false)
(23,19,false)
(24,19,false)
(60,19,true)
(90,19,true)

0,-1,-1,-1,-1,1,-1,-1,-1,-1,1,-1,-1,1,-1,-1,-1,-1,-1,-1,-1,-1,-1,1,-1,-1,-1,-1,-1,1,-1,-1,-1,-1,-1,-1,-1,-1,-1,-1,-1,1,1,-1,-1,-1,-1,-1,-1,1,-1,-1,-1,-1,-1,-1,-1,-1,-1,-1,-1,-1,-1,-1,-1,-1,-1,-1,-1,-1,-1,-1,-1,-1,-1,1,-1,-1,-1,-1,-1,-1,-1,-1,1,1,1,-1,-1,-1,-1,-1,-1,1,-1,1,-1,-1,-1,-1,-1,-1,-1,
-1,0,-1,-1,-1,-1,-1,-1,1,-1,-1,-1,-1,1,-1,1,-1,-1,1,-1,-1,-1,-1,-1,1,1,-1,-1,-1,1,-1,-1,-1,-1,1,1,-1,-1,-1,1,-1,-1,-1,-1,1,-1,-1,-1,-1,-1,-1,-1,-1,-1,-1,-1,-1,-1,-1,-1,-1,-1,1,-1,-1,-1,1,-1,-1,-1,-1,-1,-1,-1,-1,-1,-1,-1,1,-1,-1,-1,-1,-1,-1,-1,-1,-1,-1,-1,-1,-1,-1,-1,-1,-1,-1,-1,-1,-1,-1,-1,-1,
-1,-1,0,1,1,-1,-1,-1,-1,-1,-1,-1,-1,1,-1,-1,-1,1,-1,-1,-1,-1,-1,-1,-1,-1,-1,-1,-1,-1,-1,-1,-1,-1,-1,-1,-1,-1,-1,-1,-1,-1,-1,-1,-1,-1,-1,1,-1,-1,-1,-1,-1,-1,-1,-1,-1,-1,-1,-1,-1,1,1,-1,-1,-1,-1,-1,-1,-1,-1,-1,-1,-1,-1,-1,1,-1,-1,-1,-1,-1,-1,1,-1,1,-1,-1,-1,-1,-1,-1,-1,-1,-1,-1,-1,1,1,-1,-1,-1,-1,
-1,-1,1,0,-1,1,-1,-1,-1,1,-1,-1,-1,-1,1,-1,-1,1,-1,-1,-1,1,-1,-1,-1,1,-1,-1,-1,-1,-1,-1,-1,-1,-1,-1,-1,-1,-1,-1,-1,-1,-1,1,-1,-1,-1,-1,-1,-1,-1,-1,-1,-1,-1,-1,-1,-1,-1,1,-1,-1,-1,-1,-1,1,-1,-1,-1,-1,-1,-1,-1,-1,-1,-1,-1,-1,-1,-1,1,-1,-1,1,-1,-1,-1,-1,-1,-1,-1,-1,-1,-1,-1,-1,-1,-1,-1,-1,1,-1,-1,
-1,-1,1,-1,0,-1,-1,-1,-1,-1,-1,-1,1,-1,-1,-1,-1,-1,-1,-1,-1,-1,-1,-1,1,-1,-1,-1,-1,1,-1,1,-1,-1,-1,-1,-1,-1,1,-1,-1,-1,-1,-1,-1,-1,-1,-1,-1,-1,-1,-1,-1,-1,-1,-1,-1,-1,1,1,-1,-1,-1,-1,-1,-1,-1,-1,-1,-1,-1,1,-1,-1,-1,1,-1,-1,-1,-1,-1,-1,-1,-1,-1,-1,-1,1,1,-1,-1,-1,-1,-1,-1,-1,-1,-1,-1,-1,-1,-1,-1,
1,-1,-1,1,-1,0,-1,-1,-1,-1,-1,-1,-1,-1,-1,-1,-1,-1,-1,-1,-1,-1,-1,-1,-1,-1,1,-1,-1,-1,-1,-1,1,1,-1,1,-1,-1,-1,-1,-1,-1,-1,-1,-1,-1,1,-1,-1,-1,-1,-1,-1,-1,-1,-1,-1,-1,-1,-1,-1,-1,-1,1,-1,-1,-1,-1,-1,1,-1,-1,-1,1,-1,-1,-1,-1,-1,-1,-1,-1,-1,-1,-1,-1,-1,-1,1,-1,-1,-1,-1,-1,1,1,-1,-1,-1,-1,-1,-1,-1,
-1,-1,-1,-1,-1,-1,0,-1,-1,-1,1,-1,1,1,-1,-1,1,1,-1,1,-1,1,-1,-1,-1,-1,-1,-1,-1,-1,-1,-1,-1,-1,-1,-1,-1,-1,-1,-1,-1,-1,-1,1,-1,1,-1,-1,-1,-1,-1,-1,-1,-1,-1,-1,-1,-1,-1,-1,-1,-1,-1,-1,-1,1,-1,-1,-1,-1,-1,-1,1,-1,1,-1,-1,-1,-1,-1,-1,-1,-1,-1,-1,-1,-1,-1,-1,-1,-1,-1,-1,-1,-1,-1,-1,-1,-1,-1,-1,1,1,
-1,-1,-1,-1,-1,-1,-1,0,-1,-1,1,-1,-1,-1,1,-1,-1,-1,-1,-1,1,-1,-1,1,-1,-1,-1,-1,1,-1,-1,-1,-1,-1,1,-1,-1,-1,-1,-1,-1,-1,-1,-1,-1,-1,-1,-1,-1,-1,-1,-1,1,-1,-1,1,-1,-1,-1,-1,-1,1,-1,-1,-1,-1,-1,1,-1,1,-1,-1,-1,-1,-1,-1,-1,1,-1,-1,-1,-1,-1,-1,-1,-1,-1,1,-1,-1,-1,-1,-1,-1,-1,-1,-1,-1,-1,-1,-1,-1,-1,
-1,1,-1,-1,-1,-1,-1,-1,0,1,-1,-1,1,-1,1,-1,-1,-1,-1,-1,1,1,-1,-1,-1,-1,-1,-1,-1,-1,-1,-1,-1,-1,-1,-1,-1,-1,-1,-1,1,-1,1,-1,-1,-1,-1,-1,-1,-1,-1,1,-1,-1,-1,-1,-1,-1,-1,-1,1,-1,-1,-1,-1,-1,-1,-1,-1,-1,-1,-1,-1,-1,-1,1,-1,-1,-1,-1,-1,-1,-1,-1,-1,-1,-1,-1,-1,-1,1,-1,-1,-1,1,-1,-1,-1,-1,-1,1,-1,-1,
-1,-1,-1,1,-1,-1,-1,-1,1,0,-1,-1,-1,1,-1,-1,-1,-1,1,-1,1,-1,-1,-1,-1,1,1,-1,1,-1,-1,-1,-1,1,1,-1,1,-1,-1,1,1,-1,1,-1,-1,-1,-1,-1,-1,-1,-1,-1,-1,-1,-1,-1,-1,-1,-1,-1,-1,-1,-1,-1,-1,-1,-1,-1,-1,-1,-1,-1,-1,-1,-1,-1,-1,-1,-1,-1,-1,-1,1,-1,-1,-1,-1,-1,1,-1,-1,-1,-1,-1,-1,-1,-1,-1,-1,-1,-1,1,-1,
1,-1,-1,-1,-1,-1,1,1,-1,-1,0,1,-1,-1,-1,-1,-1,-1,-1,1,-1,-1,-1,-1,-1,-1,1,1,-1,-1,-1,-1,-1,-1,-1,1,1,-1,-1,-1,-1,-1,-1,-1,-1,-1,-1,-1,-1,-1,-1,-1,-1,-1,-1,-1,-1,-1,-1,-1,-1,-1,-1,-1,-1,-1,-1,-1,-1,-1,-1,-1,-1,-1,-1,-1,-1,-1,-1,-1,-1,-1,-1,-1,-1,-1,1,-1,1,-1,-1,-1,-1,-1,-1,-1,-1,-1,1,-1,-1,-1,-1,
-1,-1,-1,-1,-1,-1,-1,-1,-1,-1,1,0,1,-1,-1,1,-1,-1,-1,-1,-1,-1,1,1,-1,-1,-1,1,-1,-1,-1,-1,-1,-1,-1,-1,-1,-1,-1,1,-1,1,-1,-1,-1,-1,-1,-1,-1,-1,-1,-1,-1,-1,-1,-1,-1,1,-1,-1,-1,1,-1,-1,-1,-1,-1,-1,-1,-1,-1,-1,-1,-1,-1,1,-1,-1,-1,-1,-1,-1,-1,-1,-1,-1,-1,-1,-1,-1,-1,-1,-1,-1,1,-1,-1,1,-1,-1,-1,-1,-1,
-1,-1,-1,-1,1,-1,1,-1,1,-1,-1,1,0,-1,-1,-1,-1,-1,1,-1,-1,-1,-1,-1,1,1,1,-1,-1,-1,-1,-1,-1,-1,-1,-1,-1,-1,-1,-1,-1,-1,-1,-1,-1,-1,-1,-1,-1,-1,-1,-1,-1,-1,-1,-1,-1,-1,-1,-1,-1,-1,-1,-1,1,-1,-1,-1,-1,-1,-1,-1,1,-1,-1,-1,-1,-1,-1,-1,-1,-1,-1,-1,-1,-1,-1,-1,-1,-1,-1,-1,-1,-1,1,-1,-1,-1,-1,-1,-1,-1,-1,
1,1,1,-1,-1,-1,1,-1,-1,1,-1,-1,-1,0,-1,-1,1,-1,-1,-1,1,-1,-1,-1,-1,-1,-1,-1,-1,-1,1,1,-1,1,-1,-1,1,-1,-1,1,-1,-1,-1,-1,-1,-1,-1,-1,-1,-1,-1,-1,-1,-1,-1,-1,-1,-1,-1,-1,1,-1,-1,-1,-1,-1,-1,-1,-1,-1,-1,-1,-1,-1,-1,-1,-1,-1,-1,-1,-1,-1,-1,-1,-1,-1,-1,-1,-1,1,-1,-1,-1,-1,-1,-1,-1,-1,-1,-1,-1,-1,-1,
-1,-1,-1,1,-1,-1,-1,1,1,-1,-1,-1,-1,-1,0,1,-1,-1,-1,-1,-1,1,1,-1,-1,-1,-1,-1,-1,-1,-1,-1,1,-1,-1,-1,-1,-1,-1,-1,-1,-1,-1,-1,-1,-1,-1,-1,-1,-1,-1,-1,-1,-1,-1,-1,-1,-1,-1,-1,-1,-1,1,-1,-1,-1,-1,1,-1,-1,-1,-1,-1,-1,-1,-1,-1,-1,-1,-1,-1,-1,1,1,-1,-1,-1,-1,-1,-1,-1,1,-1,-1,-1,-1,-1,-1,-1,-1,-1,-1,-1,
-1,1,-1,-1,-1,-1,-1,-1,-1,-1,-1,1,-1,-1,1,0,-1,-1,1,-1,-1,-1,-1,-1,-1,-1,-1,-1,-1,-1,-1,-1,-1,-1,-1,-1,1,-1,1,-1,-1,-1,-1,-1,1,-1,-1,-1,-1,1,-1,-1,-1,-1,-1,-1,-1,-1,-1,-1,-1,-1,-1,-1,-1,-1,-1,-1,-1,-1,-1,-1,-1,-1,-1,-1,1,-1,-1,-1,-1,-1,-1,-1,1,-1,-1,-1,-1,-1,-1,-1,-1,-1,1,-1,-1,-1,-1,-1,-1,-1,-1,
-1,-1,-1,-1,-1,-1,1,-1,-1,-1,-1,-1,-1,1,-1,-1,0,-1,-1,1,-1,-1,-1,-1,-1,1,-1,1,-1,-1,-1,1,-1,-1,-1,-1,-1,-1,1,-1,-1,1,-1,-1,-1,-1,-1,-1,-1,-1,-1,-1,-1,-1,1,-1,-1,1,-1,-1,-1,1,-1,1,-1,-1,-1,-1,-1,-1,-1,-1,-1,-1,-1,-1,-1,-1,-1,-1,-1,-1,-1,-1,-1,-1,-1,-1,-1,-1,-1,-1,-1,-1,-1,-1,-1,-1,-1,-1,-1,-1,-1,
-1,-1,1,1,-1,-1,1,-1,-1,-1,-1,-1,-1,-1,-1,-1,-1,0,-1,-1,-1,-1,-1,1,-1,-1,-1,-1,-1,-1,-1,-1,-1,1,1,-1,-1,-1,-1,-1,-1,-1,-1,-1,-1,-1,-1,-1,-1,-1,-1,-1,-1,-1,-1,-1,-1,-1,1,-1,-1,-1,-1,-1,-1,1,-1,1,-1,-1,-1,-1,-1,-1,-1,-1,-1,-1,-1,-1,-1,-1,-1,-1,-1,-1,-1,-1,-1,-1,-1,1,-1,-1,-1,1,-1,-1,-1,-1,-1,-1,-1,
-1,1,-1,-1,-1,-1,-1,-1,-1,1,-1,-1,1,-1,-1,1,-1,-1,0,1,-1,-1,-1,-1,1,-1,-1,-1,-1,-1,-1,-1,-1,-1,-1,-1,-1,1,-1,-1,-1,-1,-1,-1,-1,-1,-1,-1,-1,-1,1,-1,1,-1,-1,-1,-1,1,-1,-1,-1,-1,-1,-1,-1,-1,-1,-1,-1,-1,-1,-1,-1,-1,-1,-1,-1,-1,-1,-1,-1,-1,-1,1,-1,-1,-1,1,-1,-1,-1,-1,-1,-1,-1,-1,-1,-1,-1,-1,-1,-1,-1,
-1,-1,-1,-1,-1,-1,1,-1,-1,-1,1,-1,-1,-1,-1,-1,1,-1,1,0,-1,-1,-1,-1,-1,-1,-1,-1,-1,-1,1,-1,1,-1,-1,-1,-1,1,-1,-1,-1,-1,-1,-1,-1,-1,-1,-1,-1,-1,-1,-1,-1,1,-1,-1,-1,-1,-1,-1,-1,-1,-1,-1,-1,-1,-1,-1,-1,-1,-1,-1,1,-1,1,-1,1,-1,-1,-1,-1,-1,-1,-1,-1,-1,-1,-1,-1,-1,-1,-1,-1,-1,-1,-1,-1,-1,-1,-1,-1,-1,-1,
-1,-1,-1,-1,-1,-1,-1,1,1,1,-1,-1,-1,1,-1,-1,-1,-1,-1,-1,0,-1,-1,-1,-1,-1,-1,1,-1,-1,-1,-1,-1,-1,1,-1,1,-1,-1,1,-1,-1,1,-1,-1,-1,-1,-1,-1,-1,-1,-1,-1,-1,-1,-1,-1,-1,-1,-1,-1,-1,-1,-1,-1,-1,-1,-1,-1,-1,-1,-1,-1,-1,-1,-1,-1,-1,-1,-1,-1,-1,-1,-1,-1,-1,1,1,-1,-1,1,-1,-1,-1,-1,-1,-1,-1,-1,-1,-1,-1,-1,
-1,-1,-1,1,-1,-1,1,-1,1,-1,-1,-1,-1,-1,1,-1,-1,-1,-1,-1,-1,0,-1,-1,1,1,-1,-1,-1,-1,-1,-1,-1,-1,-1,-1,-1,-1,-1,-1,-1,-1,-1,-1,-1,-1,-1,1,-1,-1,-1,-1,-1,-1,-1,-1,-1,-1,-1,-1,-1,-1,-1,-1,-1,1,-1,-1,-1,-1,-1,-1,-1,1,-1,-1,-1,-1,-1,-1,-1,-1,-1,-1,-1,-1,-1,-1,-1,-1,-1,-1,-1,-1,-1,1,-1,-1,-1,-1,-1,-1,-1,
-1,-1,-1,-1,-1,-1,-1,-1,-1,-1,-1,1,-1,-1,1,-1,-1,-1,-1,-1,-1,-1,0,-1,-1,-1,-1,-1,-1,-1,-1,-1,-1,1,-1,-1,-1,-1,-1,-1,1,-1,-1,1,-1,-1,-1,-1,-1,-1,-1,-1,-1,-1,-1,1,-1,-1,-1,-1,-1,-1,-1,-1,-1,-1,-1,1,-1,-1,-1,1,-1,-1,-1,-1,1,-1,-1,-1,-1,-1,-1,-1,-1,-1,-1,-1,-1,-1,-1,-1,-1,-1,-1,-1,1,-1,-1,-1,-1,-1,-1,
1,-1,-1,-1,-1,-1,-1,1,-1,-1,-1,1,-1,-1,-1,-1,-1,1,-1,-1,-1,-1,-1,0,-1,-1,-1,-1,-1,1,-1,-1,-1,-1,-1,1,-1,-1,-1,-1,-1,-1,1,-1,-1,-1,-1,-1,-1,1,-1,-1,-1,-1,1,-1,-1,-1,-1,-1,-1,-1,-1,-1,-1,-1,1,1,-1,-1,-1,-1,-1,-1,-1,1,-1,-1,-1,-1,-1,-1,-1,-1,-1,-1,-1,-1,-1,-1,-1,-1,-1,1,-1,-1,-1,-1,-1,-1,-1,-1,-1,
-1,1,-1,-1,1,-1,-1,-1,-1,-1,-1,-1,1,-1,-1,-1,-1,-1,1,-1,-1,1,-1,-1,0,-1,-1,-1,-1,-1,-1,-1,-1,-1,-1,-1,1,-1,-1,1,-1,-1,-1,-1,-1,-1,-1,-1,-1,-1,-1,1,-1,-1,-1,-1,-1,-1,-1,-1,-1,-1,1,-1,-1,-1,-1,-1,-1,-1,-1,-1,-1,-1,-1,-1,-1,-1,1,-1,-1,-1,-1,-1,-1,-1,-1,-1,-1,-1,-1,-1,-1,-1,1,-1,-1,-1,-1,-1,-1,-1,-1,
-1,1,-1,1,-1,-1,-1,-1,-1,1,-1,-1,1,-1,-1,-1,1,-1,-1,-1,-1,1,-1,-1,-1,0,-1,-1,-1,-1,-1,-1,-1,-1,-1,-1,-1,-1,-1,-1,-1,-1,-1,-1,1,-1,-1,-1,-1,-1,-1,-1,-1,-1,-1,-1,-1,-1,-1,-1,-1,-1,-1,-1,-1,-1,-1,-1,-1,-1,-1,-1,-1,-1,-1,-1,1,-1,-1,-1,-1,-1,-1,-1,-1,-1,-1,-1,-1,1,-1,-1,-1,-1,-1,-1,-1,-1,-1,-1,1,-1,-1,
-1,-1,-1,-1,-1,1,-1,-1,-1,1,1,-1,1,-1,-1,-1,-1,-1,-1,-1,-1,-1,-1,-1,-1,-1,0,-1,-1,-1,-1,-1,-1,-1,-1,-1,-1,-1,-1,-1,-1,-1,-1,-1,-1,-1,-1,-1,-1,-1,1,-1,-1,-1,-1,-1,1,-1,-1,-1,-1,-1,-1,-1,-1,-1,-1,-1,-1,-1,-1,-1,-1,-1,-1,-1,-1,-1,-1,-1,-1,-1,-1,1,-1,-1,1,-1,-1,-1,-1,1,-1,-1,-1,-1,-1,-1,-1,-1,-1,1,-1,
-1,-1,-1,-1,-1,-1,-1,-1,-1,-1,1,1,-1,-1,-1,-1,1,-1,-1,-1,1,-1,-1,-1,-1,-1,-1,0,-1,-1,-1,-1,-1,1,-1,-1,-1,-1,-1,-1,-1,1,-1,-1,-1,-1,-1,-1,-1,-1,-1,-1,-1,-1,-1,-1,-1,-1,-1,-1,-1,-1,-1,-1,-1,-1,1,1,-1,-1,-1,-1,-1,-1,-1,-1,-1,-1,-1,-1,-1,-1,-1,-1,-1,-1,1,1,1,-1,-1,-1,-1,-1,-1,-1,-1,-1,1,-1,-1,-1,-1,
-1,-1,-1,-1,-1,-1,-1,1,-1,1,-1,-1,-1,-1,-1,-1,-1,-1,-1,-1,-1,-1,-1,-1,-1,-1,-1,-1,0,1,-1,-1,-1,1,-1,-1,-1,-1,-1,-1,-1,-1,-1,-1,-1,-1,-1,-1,-1,-1,-1,-1,-1,1,-1,-1,-1,-1,1,-1,-1,-1,-1,-1,-1,-1,1,-1,-1,-1,1,-1,-1,-1,-1,-1,1,-1,-1,-1,-1,-1,-1,-1,-1,-1,-1,-1,-1,-1,-1,-1,-1,-1,-1,-1,-1,1,-1,-1,-1,-1,-1,
1,1,-1,-1,1,-1,-1,-1,-1,-1,-1,-1,-1,-1,-1,-1,-1,-1,-1,-1,-1,-1,-1,1,-1,-1,-1,-1,1,0,-1,-1,-1,-1,-1,-1,-1,-1,-1,-1,-1,1,-1,-1,-1,-1,-1,-1,-1,-1,-1,-1,-1,-1,-1,-1,-1,-1,-1,-1,-1,-1,-1,-1,-1,-1,-1,-1,-1,-1,1,-1,-1,-1,-1,-1,-1,-1,-1,-1,-1,-1,-1,-1,-1,-1,1,-1,-1,-1,-1,-1,-1,-1,-1,-1,-1,-1,-1,-1,1,-1,1,
-1,-1,-1,-1,-1,-1,-1,-1,-1,-1,-1,-1,-1,1,-1,-1,-1,-1,-1,1,-1,-1,-1,-1,-1,-1,-1,-1,-1,-1,0,-1,-1,-1,-1,-1,-1,-1,-1,-1,-1,-1,-1,-1,-1,1,-1,1,1,1,-1,-1,-1,-1,-1,-1,-1,-1,-1,-1,-1,-1,-1,1,-1,-1,-1,-1,-1,-1,-1,-1,1,1,-1,-1,-1,-1,-1,-1,-1,-1,-1,-1,-1,-1,1,-1,-1,-1,-1,-1,-1,-1,-1,-1,-1,-1,-1,-1,-1,-1,-1,
-1,-1,-1,-1,1,-1,-1,-1,-1,-1,-1,-1,-1,1,-1,-1,1,-1,-1,-1,-1,-1,-1,-1,-1,-1,-1,-1,-1,-1,-1,0,1,-1,-1,-1,-1,-1,1,-1,-1,-1,1,-1,-1,-1,-1,-1,1,-1,-1,-1,-1,-1,-1,-1,-1,-1,-1,1,-1,-1,1,-1,-1,-1,-1,-1,-1,-1,-1,-1,-1,-1,-1,-1,-1,-1,-1,-1,-1,1,-1,-1,-1,-1,-1,-1,-1,-1,-1,-1,-1,-1,-1,-1,-1,-1,-1,-1,-1,-1,-1,
-1,-1,-1,-1,-1,1,-1,-1,-1,-1,-1,-1,-1,-1,1,-1,-1,-1,-1,1,-1,-1,-1,-1,-1,-1,-1,-1,-1,-1,-1,1,0,-1,-1,-1,-1,-1,-1,-1,-1,-1,-1,-1,1,1,-1,-1,1,-1,-1,-1,-1,-1,-1,-1,-1,-1,-1,-1,-1,1,-1,-1,-1,-1,-1,-1,-1,-1,-1,-1,-1,-1,1,-1,-1,-1,-1,-1,-1,-1,-1,-1,-1,-1,-1,-1,-1,-1,-1,-1,-1,1,-1,-1,-1,-1,-1,-1,-1,-1,-1,
-1,-1,-1,-1,-1,1,-1,-1,-1,1,-1,-1,-1,1,-1,-1,-1,1,-1,-1,-1,-1,1,-1,-1,-1,-1,1,1,-1,-1,-1,-1,0,-1,-1,-1,1,-1,-1,1,1,-1,-1,1,-1,-1,-1,-1,-1,-1,-1,-1,-1,-1,-1,-1,-1,-1,-1,-1,-1,-1,-1,-1,-1,-1,1,-1,-1,-1,-1,-1,-1,-1,-1,-1,-1,-1,-1,-1,-1,-1,-1,-1,-1,-1,-1,-1,-1,-1,-1,-1,-1,-1,-1,-1,-1,-1,-1,-1,-1,-1,
-1,1,-1,-1,-1,-1,-1,1,-1,1,-1,-1,-1,-1,-1,-1,-1,1,-1,-1,1,-1,-1,-1,-1,-1,-1,-1,-1,-1,-1,-1,-1,-1,0,-1,-1,-1,-1,-1,-1,-1,-1,-1,-1,-1,-1,-1,-1,-1,-1,-1,-1,-1,-1,-1,-1,-1,1,-1,-1,-1,-1,-1,-1,-1,-1,-1,1,-1,-1,-1,-1,-1,-1,-1,-1,1,-1,-1,-1,-1,-1,-1,-1,-1,-1,-1,-1,-1,-1,-1,1,1,-1,-1,-1,-1,-1,-1,-1,-1,1,
-1,1,-1,-1,-1,1,-1,-1,-1,-1,1,-1,-1,-1,-1,-1,-1,-1,-1,-1,-1,-1,-1,1,-1,-1,-1,-1,-1,-1,-1,-1,-1,-1,-1,0,-1,-1,-1,-1,-1,1,-1,-1,-1,-1,-1,-1,-1,-1,1,-1,-1,-1,-1,-1,-1,-1,-1,1,-1,-1,-1,-1,-1,-1,-1,-1,1,-1,-1,-1,-1,-1,-1,-1,-1,-1,-1,-1,-1,-1,-1,-1,-1,-1,1,-1,-1,-1,-1,-1,-1,1,-1,-1,-1,-1,-1,-1,-1,-1,-1,
-1,-1,-1,-1,-1,-1,-1,-1,-1,1,1,-1,-1,1,-1,1,-1,-1,-1,-1,1,-1,-1,-1,1,-1,-1,-1,-1,-1,-1,-1,-1,-1,-1,-1,0,-1,1,-1,-1,1,-1,-1,-1,-1,-1,-1,-1,-1,-1,-1,1,1,-1,-1,-1,-1,-1,-1,-1,-1,-1,-1,-1,-1,-1,-1,-1,-1,-1,-1,-1,-1,-1,-1,-1,-1,-1,-1,-1,-1,-1,-1,-1,-1,-1,-1,-1,-1,-1,-1,-1,-1,-1,-1,-1,-1,-1,-1,-1,-1,-1,
-1,-1,-1,-1,-1,-1,-1,-1,-1,-1,-1,-1,-1,-1,-1,-1,-1,-1,1,1,-1,-1,-1,-1,-1,-1,-1,-1,-1,-1,-1,-1,-1,1,-1,-1,-1,0,-1,-1,1,-1,-1,-1,-1,-1,1,-1,-1,-1,-1,-1,-1,-1,-1,1,-1,-1,-1,-1,-1,-1,1,-1,-1,-1,-1,-1,-1,1,1,-1,-1,-1,-1,-1,-1,-1,-1,-1,-1,-1,-1,-1,-1,-1,-1,-1,-1,-1,-1,-1,-1,-1,-1,-1,-1,-1,-1,-1,-1,1,-1,
-1,-1,-1,-1,1,-1,-1,-1,-1,-1,-1,-1,-1,-1,-1,1,1,-1,-1,-1,-1,-1,-1,-1,-1,-1,-1,-1,-1,-1,-1,1,-1,-1,-1,-1,1,-1,0,-1,-1,-1,-1,-1,-1,-1,-1,-1,-1,-1,-1,-1,-1,-1,-1,-1,1,-1,1,1,-1,-1,-1,-1,-1,-1,-1,-1,-1,-1,-1,-1,-1,-1,-1,-1,-1,-1,-1,-1,-1,-1,-1,-1,-1,-1,-1,-1,-1,-1,-1,-1,1,-1,-1,-1,1,-1,-1,-1,-1,-1,-1,
-1,1,-1,-1,-1,-1,-1,-1,-1,1,-1,1,-1,1,-1,-1,-1,-1,-1,-1,1,-1,-1,-1,1,-1,-1,-1,-1,-1,-1,-1,-1,-1,-1,-1,-1,-1,-1,0,1,-1,-1,-1,-1,-1,-1,-1,-1,-1,-1,-1,-1,-1,-1,-1,-1,-1,-1,-1,-1,-1,-1,-1,1,-1,-1,-1,-1,-1,-1,-1,-1,1,-1,-1,-1,-1,-1,-1,-1,-1,-1,-1,-1,-1,-1,-1,-1,-1,-1,-1,-1,-1,-1,-1,-1,-1,-1,1,-1,-1,-1,
-1,-1,-1,-1,-1,-1,-1,-1,1,1,-1,-1,-1,-1,-1,-1,-1,-1,-1,-1,-1,-1,1,-1,-1,-1,-1,-1,-1,-1,-1,-1,-1,1,-1,-1,-1,1,-1,1,0,1,-1,-1,-1,1,-1,-1,-1,-1,-1,-1,-1,-1,-1,-1,-1,-1,-1,-1,-1,-1,-1,-1,-1,-1,-1,-1,-1,-1,-1,-1,1,-1,-1,-1,-1,-1,-1,-1,1,-1,-1,-1,-1,-1,-1,-1,-1,-1,-1,-1,-1,-1,-1,-1,-1,-1,-1,-1,-1,-1,-1,
1,-1,-1,-1,-1,-1,-1,-1,-1,-1,-1,1,-1,-1,-1,-1,1,-1,-1,-1,-1,-1,-1,-1,-1,-1,-1,1,-1,1,-1,-1,-1,1,-1,1,1,-1,-1,-1,1,0,-1,-1,-1,-1,-1,-1,-1,-1,-1,-1,-1,-1,-1,-1,-1,-1,-1,-1,-1,-1,-1,-1,-1,-1,-1,-1,-1,-1,-1,-1,-1,-1,-1,-1,-1,-1,-1,1,-1,-1,-1,-1,-1,-1,-1,-1,-1,-1,-1,-1,-1,-1,-1,-1,-1,-1,-1,-1,-1,-1,-1,
1,-1,-1,-1,-1,-1,-1,-1,1,1,-1,-1,-1,-1,-1,-1,-1,-1,-1,-1,1,-1,-1,1,-1,-1,-1,-1,-1,-1,-1,1,-1,-1,-1,-1,-1,-1,-1,-1,-1,-1,0,1,-1,-1,-1,-1,-1,-1,-1,1,-1,-1,-1,-1,-1,1,-1,-1,-1,-1,-1,-1,-1,-1,-1,-1,-1,-1,-1,-1,-1,-1,-1,-1,-1,-1,-1,-1,-1,-1,-1,-1,-1,-1,-1,-1,-1,-1,-1,-1,-1,-1,-1,1,-1,-1,-1,-1,-1,-1,-1,
-1,-1,-1,1,-1,-1,1,-1,-1,-1,-1,-1,-1,-1,-1,-1,-1,-1,-1,-1,-1,-1,1,-1,-1,-1,-1,-1,-1,-1,-1,-1,-1,-1,-1,-1,-1,-1,-1,-1,-1,-1,1,0,-1,-1,-1,-1,-1,-1,-1,-1,-1,-1,-1,-1,-1,-1,-1,-1,-1,-1,-1,-1,-1,-1,-1,-1,-1,-1,-1,-1,-1,-1,-1,-1,-1,-1,-1,-1,-1,-1,-1,-1,-1,-1,-1,-1,-1,-1,-1,-1,-1,-1,-1,-1,-1,-1,-1,-1,-1,-1,-1,
-1,1,-1,-1,-1,-1,-1,-1,-1,-1,-1,-1,-1,-1,-1,1,-1,-1,-1,-1,-1,-1,-1,-1,-1,1,-1,-1,-1,-1,-1,-1,1,1,-1,-1,-1,-1,-1,-1,-1,-1,-1,-1,0,-1,-1,-1,-1,-1,-1,-1,-1,-1,-1,-1,-1,-1,-1,-1,-1,-1,-1,-1,-1,-1,-1,-1,-1,-1,-1,-1,-1,-1,-1,-1,-1,-1,-1,-1,-1,-1,-1,-1,-1,-1,-1,-1,-1,-1,-1,-1,-1,-1,-1,-1,-1,-1,-1,-1,-1,-1,-1,
-1,-1,-1,-1,-1,-1,1,-1,-1,-1,-1,-1,-1,-1,-1,-1,-1,-1,-1,-1,-1,-1,-1,-1,-1,-1,-1,-1,-1,-1,1,-1,1,-1,-1,-1,-1,-1,-1,-1,1,-1,-1,-1,-1,0,-1,-1,-1,-1,-1,-1,-1,-1,-1,-1,-1,-1,-1,-1,-1,-1,-1,-1,-1,-1,-1,-1,-1,-1,-1,-1,-1,-1,-1,-1,-1,-1,-1,-1,-1,-1,-1,-1,-1,-1,-1,-1,-1,-1,-1,-1,-1,-1,-1,-1,-1,-1,-1,-1,-1,-1,-1,
-1,-1,-1,-1,-1,1,-1,-1,-1,-1,-1,-1,-1,-1,-1,-1,-1,-1,-1,-1,-1,-1,-1,-1,-1,-1,-1,-1,-1,-1,-1,-1,-1,-1,-1,-1,-1,1,-1,-1,-1,-1,-1,-1,-1,-1,0,-1,-1,-1,-1,-1,-1,-1,-1,-1,-1,-1,-1,-1,-1,-1,-1,-1,-1,-1,-1,-1,-1,-1,-1,-1,-1,-1,-1,-1,-1,-1,-1,-1,-1,-1,-1,-1,-1,-1,-1,-1,-1,-1,-1,-1,-1,-1,-1,-1,-1,-1,-1,-1,-1,-1,-1,
-1,-1,1,-1,-1,-1,-1,-1,-1,-1,-1,-1,-1,-1,-1,-1,-1,-1,-1,-1,-1,1,-1,-1,-1,-1,-1,-1,-1,-1,1,-1,-1,-1,-1,-1,-1,-1,-1,-1,-1,-1,-1,-1,-1,-1,-1,0,-1,-1,-1,-1,-1,-1,-1,-1,-1,-1,-1,-1,-1,-1,-1,-1,-1,-1,-1,-1,-1,-1,-1,-1,-1,-1,-1,-1,-1,-1,-1,-1,-1,-1,-1,-1,-1,-1,-1,-1,-1,-1,-1,-1,-1,-1,-1,-1,-1,-1,-1,-1,-1,-1,-1,
-1,-1,-1,-1,-1,-1,-1,-1,-1,-1,-1,-1,-1,-1,-1,-1,-1,-1,-1,-1,-1,-1,-1,-1,-1,-1,-1,-1,-1,-1,1,1,1,-1,-1,-1,-1,-1,-1,-1,-1,-1,-1,-1,-1,-1,-1,-1,0,-1,-1,-1,-1,-1,-1,-1,-1,-1,-1,-1,-1,-1,-1,-1,-1,-1,-1,-1,-1,-1,-1,-1,-1,-1,-1,-1,-1,-1,-1,-1,-1,-1,-1,-1,-1,-1,-1,-1,-1,-1,-1,-1,-1,-1,-1,-1,-1,-1,-1,-1,-1,-1,-1,
1,-1,-1,-1,-1,-1,-1,-1,-1,-1,-1,-1,-1,-1,-1,1,-1,-1,-1,-1,-1,-1,-1,1,-1,-1,-1,-1,-1,-1,1,-1,-1,-1,-1,-1,-1,-1,-1,-1,-1,-1,-1,-1,-1,-1,-1,-1,-1,0,-1,-1,-1,-1,-1,-1,-1,-1,-1,-1,-1,-1,-1,-1,-1,-1,-1,-1,-1,-1,-1,-1,-1,-1,-1,-1,-1,-1,-1,-1,-1,-1,-1,-1,-1,-1,-1,-1,-1,-1,-1,-1,-1,-1,-1,-1,-1,-1,-1,-1,-1,-1,-1,
-1,-1,-1,-1,-1,-1,-1,-1,-1,-1,-1,-1,-1,-1,-1,-1,-1,-1,1,-1,-1,-1,-1,-1,-1,-1,1,-1,-1,-1,-1,-1,-1,-1,-1,1,-1,-1,-1,-1,-1,-1,-1,-1,-1,-1,-1,-1,-1,-1,0,-1,-1,-1,-1,-1,-1,-1,-1,-1,-1,-1,-1,-1,-1,-1,-1,-1,-1,-1,-1,-1,-1,-1,-1,-1,-1,-1,-1,-1,-1,-1,-1,-1,-1,-1,-1,-1,-1,-1,-1,-1,-1,-1,-1,-1,-1,-1,-1,-1,-1,-1,-1,
-1,-1,-1,-1,-1,-1,-1,-1,1,-1,-1,-1,-1,-1,-1,-1,-1,-1,-1,-1,-1,-1,-1,-1,1,-1,-1,-1,-1,-1,-1,-1,-1,-1,-1,-1,-1,-1,-1,-1,-1,-1,1,-1,-1,-1,-1,-1,-1,-1,-1,0,-1,-1,-1,-1,-1,-1,-1,-1,-1,-1,-1,-1,-1,-1,-1,-1,-1,-1,-1,-1,-1,-1,-1,-1,-1,-1,-1,-1,-1,-1,-1,-1,-1,-1,-1,-1,-1,-1,-1,-1,-1,-1,-1,-1,-1,-1,-1,-1,-1,-1,-1,
-1,-1,-1,-1,-1,-1,-1,1,-1,-1,-1,-1,-1,-1,-1,-1,-1,-1,1,-1,-1,-1,-1,-1,-1,-1,-1,-1,-1,-1,-1,-1,-1,-1,-1,-1,1,-1,-1,-1,-1,-1,-1,-1,-1,-1,-1,-1,-1,-1,-1,-1,0,-1,-1,-1,-1,-1,-1,-1,-1,-1,-1,-1,-1,-1,-1,-1,-1,-1,-1,-1,-1,-1,-1,-1,-1,-1,-1,-1,-1,-1,-1,-1,-1,-1,-1,-1,-1,-1,-1,-1,-1,-1,-1,-1,-1,-1,-1,-1,-1,-1,-1,
-1,-1,-1,-1,-1,-1,-1,-1,-1,-1,-1,-1,-1,-1,-1,-1,-1,-1,-1,1,-1,-1,-1,-1,-1,-1,-1,-1,1,-1,-1,-1,-1,-1,-1,-1,1,-1,-1,-1,-1,-1,-1,-1,-1,-1,-1,-1,-1,-1,-1,-1,-1,0,-1,-1,-1,-1,-1,-1,-1,-1,-1,-1,-1,-1,-1,-1,-1,-1,-1,-1,-1,-1,-1,-1,-1,-1,-1,-1,-1,-1,-1,-1,-1,-1,-1,-1,-1,-1,-1,-1,-1,-1,-1,-1,-1,-1,-1,-1,-1,-1,-1,
-1,-1,-1,-1,-1,-1,-1,-1,-1,-1,-1,-1,-1,-1,-1,-1,1,-1,-1,-1,-1,-1,-1,1,-1,-1,-1,-1,-1,-1,-1,-1,-1,-1,-1,-1,-1,-1,-1,-1,-1,-1,-1,-1,-1,-1,-1,-1,-1,-1,-1,-1,-1,-1,0,-1,-1,-1,-1,-1,-1,-1,-1,-1,-1,-1,-1,-1,-1,-1,-1,-1,-1,-1,-1,-1,-1,-1,-1,-1,-1,-1,-1,-1,-1,-1,-1,-1,-1,-1,-1,-1,-1,-1,-1,-1,-1,-1,-1,-1,-1,-1,-1,
-1,-1,-1,-1,-1,-1,-1,1,-1,-1,-1,-1,-1,-1,-1,-1,-1,-1,-1,-1,-1,-1,1,-1,-1,-1,-1,-1,-1,-1,-1,-1,-1,-1,-1,-1,-1,1,-1,-1,-1,-1,-1,-1,-1,-1,-1,-1,-1,-1,-1,-1,-1,-1,-1,0,-1,-1,-1,-1,-1,-1,-1,-1,-1,-1,-1,-1,-1,-1,-1,-1,-1,-1,-1,-1,-1,-1,-1,-1,-1,-1,-1,-1,-1,-1,-1,-1,-1,-1,-1,-1,-1,-1,-1,-1,-1,-1,-1,1,-1,-1,-1,
-1,-1,-1,-1,-1,-1,-1,-1,-1,-1,-1,-1,-1,-1,-1,-1,-1,-1,-1,-1,-1,-1,-1,-1,-1,-1,1,-1,-1,-1,-1,-1,-1,-1,-1,-1,-1,-1,1,-1,-1,-1,-1,-1,-1,-1,-1,-1,-1,-1,-1,-1,-1,-1,-1,-1,0,-1,-1,-1,-1,-1,-1,-1,-1,-1,-1,-1,-1,-1,-1,-1,-1,-1,-1,-1,-1,-1,-1,-1,-1,-1,-1,-1,-1,-1,-1,-1,-1,-1,-1,-1,-1,-1,-1,-1,-1,-1,-1,-1,-1,-1,-1,
-1,-1,-1,-1,-1,-1,-1,-1,-1,-1,-1,1,-1,-1,-1,-1,1,-1,1,-1,-1,-1,-1,-1,-1,-1,-1,-1,-1,-1,-1,-1,-1,-1,-1,-1,-1,-1,-1,-1,-1,-1,1,-1,-1,-1,-1,-1,-1,-1,-1,-1,-1,-1,-1,-1,-1,0,-1,-1,-1,-1,-1,-1,-1,-1,-1,-1,-1,-1,-1,-1,-1,-1,-1,-1,-1,-1,-1,-1,-1,-1,-1,-1,-1,-1,-1,-1,-1,-1,-1,-1,-1,-1,-1,-1,-1,-1,-1,-1,-1,-1,-1,
-1,-1,-1,-1,1,-1,-1,-1,-1,-1,-1,-1,-1,-1,-1,-1,-1,1,-1,-1,-1,-1,-1,-1,-1,-1,-1,-1,1,-1,-1,-1,-1,-1,1,-1,-1,-1,1,-1,-1,-1,-1,-1,-1,-1,-1,-1,-1,-1,-1,-1,-1,-1,-1,-1,-1,-1,0,-1,-1,-1,-1,-1,-1,-1,-1,-1,-1,-1,-1,-1,-1,-1,-1,-1,-1,-1,-1,-1,-1,-1,-1,-1,-1,-1,-1,-1,-1,-1,-1,-1,-1,-1,-1,-1,-1,-1,-1,-1,-1,-1,-1,
-1,-1,-1,1,1,-1,-1,-1,-1,-1,-1,-1,-1,-1,-1,-1,-1,-1,-1,-1,-1,-1,-1,-1,-1,-1,-1,-1,-1,-1,-1,1,-1,-1,-1,1,-1,-1,1,-1,-1,-1,-1,-1,-1,-1,-1,-1,-1,-1,-1,-1,-1,-1,-1,-1,-1,-1,-1,0,-1,-1,-1,-1,-1,-1,-1,-1,-1,-1,-1,-1,-1,-1,-1,-1,-1,-1,-1,-1,-1,-1,-1,-1,-1,-1,-1,-1,-1,-1,-1,-1,-1,-1,-1,-1,-1,-1,-1,-1,-1,-1,-1,
-1,-1,-1,-1,-1,-1,-1,-1,1,-1,-1,-1,-1,1,-1,-1,-1,-1,-1,-1,-1,-1,-1,-1,-1,-1,-1,-1,-1,-1,-1,-1,-1,-1,-1,-1,-1,-1,-1,-1,-1,-1,-1,-1,-1,-1,-1,-1,-1,-1,-1,-1,-1,-1,-1,-1,-1,-1,-1,-1,0,-1,-1,-1,-1,-1,-1,-1,-1,-1,-1,-1,-1,-1,-1,-1,-1,-1,-1,-1,-1,-1,-1,-1,-1,-1,-1,-1,-1,-1,-1,-1,-1,-1,-1,-1,-1,-1,-1,-1,-1,-1,-1,
-1,-1,1,-1,-1,-1,-1,1,-1,-1,-1,1,-1,-1,-1,-1,1,-1,-1,-1,-1,-1,-1,-1,-1,-1,-1,-1,-1,-1,-1,-1,1,-1,-1,-1,-1,-1,-1,-1,-1,-1,-1,-1,-1,-1,-1,-1,-1,-1,-1,-1,-1,-1,-1,-1,-1,-1,-1,-1,-1,0,-1,-1,-1,-1,-1,-1,-1,-1,-1,-1,-1,-1,-1,-1,-1,-1,-1,-1,-1,-1,-1,-1,-1,-1,-1,-1,-1,-1,-1,-1,-1,-1,-1,-1,-1,-1,-1,-1,-1,-1,-1,
-1,1,1,-1,-1,-1,-1,-1,-1,-1,-1,-1,-1,-1,1,-1,-1,-1,-1,-1,-1,-1,-1,-1,1,-1,-1,-1,-1,-1,-1,1,-1,-1,-1,-1,-1,1,-1,-1,-1,-1,-1,-1,-1,-1,-1,-1,-1,-1,-1,-1,-1,-1,-1,-1,-1,-1,-1,-1,-1,-1,0,-1,-1,-1,-1,-1,-1,-1,-1,-1,-1,-1,-1,-1,-1,-1,-1,-1,-1,-1,-1,-1,-1,-1,-1,-1,-1,-1,-1,-1,-1,-1,-1,-1,-1,-1,-1,-1,-1,-1,-1,
-1,-1,-1,-1,-1,1,-1,-1,-1,-1,-1,-1,-1,-1,-1,-1,1,-1,-1,-1,-1,-1,-1,-1,-1,-1,-1,-1,-1,-1,1,-1,-1,-1,-1,-1,-1,-1,-1,-1,-1,-1,-1,-1,-1,-1,-1,-1,-1,-1,-1,-1,-1,-1,-1,-1,-1,-1,-1,-1,-1,-1,-1,0,-1,-1,-1,-1,-1,-1,-1,-1,-1,-1,-1,-1,-1,-1,-1,-1,-1,-1,-1,-1,-1,-1,-1,-1,-1,-1,-1,-1,-1,-1,-1,-1,-1,-1,-1,-1,-1,-1,-1,
-1,-1,-1,-1,-1,-1,-1,-1,-1,-1,-1,-1,1,-1,-1,-1,-1,-1,-1,-1,-1,-1,-1,-1,-1,-1,-1,-1,-1,-1,-1,-1,-1,-1,-1,-1,-1,-1,-1,1,-1,-1,-1,-1,-1,-1,-1,-1,-1,-1,-1,-1,-1,-1,-1,-1,-1,-1,-1,-1,-1,-1,-1,-1,0,-1,-1,-1,-1,-1,-1,-1,-1,-1,-1,-1,-1,-1,-1,-1,-1,-1,-1,-1,-1,-1,-1,-1,-1,-1,-1,-1,-1,-1,-1,-1,-1,-1,-1,-1,-1,-1,-1,
-1,-1,-1,1,-1,-1,1,-1,-1,-1,-1,-1,-1,-1,-1,-1,-1,1,-1,-1,-1,1,-1,-1,-1,-1,-1,-1,-1,-1,-1,-1,-1,-1,-1,-1,-1,-1,-1,-1,-1,-1,-1,-1,-1,-1,-1,-1,-1,-1,-1,-1,-1,-1,-1,-1,-1,-1,-1,-1,-1,-1,-1,-1,-1,0,-1,-1,-1,-1,-1,-1,-1,-1,-1,-1,-1,-1,-1,-1,-1,-1,-1,-1,-1,-1,-1,-1,-1,-1,-1,-1,-1,-1,-1,-1,-1,-1,-1,-1,-1,-1,-1,
-1,1,-1,-1,-1,-1,-1,-1,-1,-1,-1,-1,-1,-1,-1,-1,-1,-1,-1,-1,-1,-1,-1,1,-1,-1,-1,1,1,-1,-1,-1,-1,-1,-1,-1,-1,-1,-1,-1,-1,-1,-1,-1,-1,-1,-1,-1,-1,-1,-1,-1,-1,-1,-1,-1,-1,-1,-1,-1,-1,-1,-1,-1,-1,-1,0,-1,-1,-1,-1,-1,-1,-1,-1,-1,-1,-1,-1,-1,-1,-1,-1,-1,-1,-1,-1,-1,-1,-1,-1,-1,-1,-1,-1,-1,-1,-1,-1,-1,-1,-1,-1,
-1,-1,-1,-1,-1,-1,-1,1,-1,-1,-1,-1,-1,-1,1,-1,-1,1,-1,-1,-1,-1,1,1,-1,-1,-1,1,-1,-1,-1,-1,-1,1,-1,-1,-1,-1,-1,-1,-1,-1,-1,-1,-1,-1,-1,-1,-1,-1,-1,-1,-1,-1,-1,-1,-1,-1,-1,-1,-1,-1,-1,-1,-1,-1,-1,0,-1,-1,-1,-1,-1,-1,-1,-1,-1,-1,-1,-1,-1,-1,-1,-1,-1,-1,-1,-1,-1,-1,-1,-1,-1,-1,-1,-1,-1,-1,-1,-1,-1,-1,-1,
-1,-1,-1,-1,-1,-1,-1,-1,-1,-1,-1,-1,-1,-1,-1,-1,-1,-1,-1,-1,-1,-1,-1,-1,-1,-1,-1,-1,-1,-1,-1,-1,-1,-1,1,1,-1,-1,-1,-1,-1,-1,-1,-1,-1,-1,-1,-1,-1,-1,-1,-1,-1,-1,-1,-1,-1,-1,-1,-1,-1,-1,-1,-1,-1,-1,-1,-1,0,-1,-1,-1,-1,-1,-1,-1,-1,-1,-1,-1,-1,-1,-1,-1,-1,-1,-1,-1,-1,-1,-1,-1,-1,-1,-1,-1,-1,-1,-1,-1,-1,-1,-1,
-1,-1,-1,-1,-1,1,-1,1,-1,-1,-1,-1,-1,-1,-1,-1,-1,-1,-1,-1,-1,-1,-1,-1,-1,-1,-1,-1,-1,-1,-1,-1,-1,-1,-1,-1,-1,1,-1,-1,-1,-1,-1,-1,-1,-1,-1,-1,-1,-1,-1,-1,-1,-1,-1,-1,-1,-1,-1,-1,-1,-1,-1,-1,-1,-1,-1,-1,-1,0,-1,-1,-1,-1,-1,-1,-1,-1,-1,-1,-1,-1,-1,-1,-1,-1,-1,-1,-1,-1,-1,-1,-1,-1,-1,-1,-1,-1,-1,-1,-1,-1,-1,
-1,-1,-1,-1,-1,-1,-1,-1,-1,-1,-1,-1,-1,-1,-1,-1,-1,-1,-1,-1,-1,-1,-1,-1,-1,-1,-1,-1,1,1,-1,-1,-1,-1,-1,-1,-1,1,-1,-1,-1,-1,-1,-1,-1,-1,-1,-1,-1,-1,-1,-1,-1,-1,-1,-1,-1,-1,-1,-1,-1,-1,-1,-1,-1,-1,-1,-1,-1,-1,0,-1,-1,-1,-1,-1,-1,-1,-1,-1,-1,-1,-1,-1,-1,-1,-1,-1,-1,-1,-1,-1,-1,-1,-1,-1,-1,-1,-1,-1,-1,-1,-1,
-1,-1,-1,-1,1,-1,-1,-1,-1,-1,-1,-1,-1,-1,-1,-1,-1,-1,-1,-1,-1,-1,1,-1,-1,-1,-1,-1,-1,-1,-1,-1,-1,-1,-1,-1,-1,-1,-1,-1,-1,-1,-1,-1,-1,-1,-1,-1,-1,-1,-1,-1,-1,-1,-1,-1,-1,-1,-1,-1,-1,-1,-1,-1,-1,-1,-1,-1,-1,-1,-1,0,-1,-1,-1,-1,-1,-1,-1,-1,-1,-1,-1,-1,-1,-1,-1,-1,-1,-1,-1,-1,-1,-1,-1,-1,-1,-1,-1,-1,-1,-1,-1,
-1,-1,-1,-1,-1,-1,1,-1,-1,-1,-1,-1,1,-1,-1,-1,-1,-1,-1,1,-1,-1,-1,-1,-1,-1,-1,-1,-1,-1,1,-1,-1,-1,-1,-1,-1,-1,-1,-1,1,-1,-1,-1,-1,-1,-1,-1,-1,-1,-1,-1,-1,-1,-1,-1,-1,-1,-1,-1,-1,-1,-1,-1,-1,-1,-1,-1,-1,-1,-1,-1,0,-1,-1,-1,-1,-1,-1,-1,-1,-1,-1,-1,-1,-1,-1,-1,-1,-1,-1,-1,-1,-1,-1,-1,-1,-1,-1,-1,-1,-1,-1,
-1,-1,-1,-1,-1,1,-1,-1,-1,-1,-1,-1,-1,-1,-1,-1,-1,-1,-1,-1,-1,1,-1,-1,-1,-1,-1,-1,-1,-1,1,-1,-1,-1,-1,-1,-1,-1,-1,1,-1,-1,-1,-1,-1,-1,-1,-1,-1,-1,-1,-1,-1,-1,-1,-1,-1,-1,-1,-1,-1,-1,-1,-1,-1,-1,-1,-1,-1,-1,-1,-1,-1,0,-1,-1,-1,-1,-1,-1,-1,-1,-1,-1,-1,-1,-1,-1,-1,-1,-1,-1,-1,-1,-1,-1,-1,-1,-1,-1,-1,-1,-1,
-1,-1,-1,-1,-1,-1,1,-1,-1,-1,-1,-1,-1,-1,-1,-1,-1,-1,-1,1,-1,-1,-1,-1,-1,-1,-1,-1,-1,-1,-1,-1,1,-1,-1,-1,-1,-1,-1,-1,-1,-1,-1,-1,-1,-1,-1,-1,-1,-1,-1,-1,-1,-1,-1,-1,-1,-1,-1,-1,-1,-1,-1,-1,-1,-1,-1,-1,-1,-1,-1,-1,-1,-1,0,-1,-1,-1,-1,1,-1,-1,-1,-1,-1,-1,-1,-1,-1,-1,-1,-1,-1,-1,-1,-1,-1,-1,-1,-1,-1,-1,-1,
1,-1,-1,-1,1,-1,-1,-1,1,-1,-1,1,-1,-1,-1,-1,-1,-1,-1,-1,-1,-1,-1,1,-1,-1,-1,-1,-1,-1,-1,-1,-1,-1,-1,-1,-1,-1,-1,-1,-1,-1,-1,-1,-1,-1,-1,-1,-1,-1,-1,-1,-1,-1,-1,-1,-1,-1,-1,-1,-1,-1,-1,-1,-1,-1,-1,-1,-1,-1,-1,-1,-1,-1,-1,0,-1,-1,-1,-1,-1,-1,-1,-1,-1,-1,-1,-1,-1,-1,-1,-1,-1,-1,-1,-1,-1,-1,-1,-1,-1,-1,-1,
-1,-1,1,-1,-1,-1,-1,-1,-1,-1,-1,-1,-1,-1,-1,1,-1,-1,-1,1,-1,-1,1,-1,-1,1,-1,-1,1,-1,-1,-1,-1,-1,-1,-1,-1,-1,-1,-1,-1,-1,-1,-1,-1,-1,-1,-1,-1,-1,-1,-1,-1,-1,-1,-1,-1,-1,-1,-1,-1,-1,-1,-1,-1,-1,-1,-1,-1,-1,-1,-1,-1,-1,-1,-1,0,-1,-1,-1,-1,-1,-1,-1,-1,-1,-1,-1,-1,-1,-1,-1,-1,-1,-1,-1,-1,-1,-1,-1,-1,-1,-1,
-1,-1,-1,-1,-1,-1,-1,1,-1,-1,-1,-1,-1,-1,-1,-1,-1,-1,-1,-1,-1,-1,-1,-1,-1,-1,-1,-1,-1,-1,-1,-1,-1,-1,1,-1,-1,-1,-1,-1,-1,-1,-1,-1,-1,-1,-1,-1,-1,-1,-1,-1,-1,-1,-1,-1,-1,-1,-1,-1,-1,-1,-1,-1,-1,-1,-1,-1,-1,-1,-1,-1,-1,-1,-1,-1,-1,0,-1,-1,-1,-1,-1,-1,-1,-1,-1,-1,-1,-1,-1,-1,-1,-1,-1,-1,-1,-1,-1,-1,-1,-1,-1,
-1,1,-1,-1,-1,-1,-1,-1,-1,-1,-1,-1,-1,-1,-1,-1,-1,-1,-1,-1,-1,-1,-1,-1,1,-1,-1,-1,-1,-1,-1,-1,-1,-1,-1,-1,-1,-1,-1,-1,-1,-1,-1,-1,-1,-1,-1,-1,-1,-1,-1,-1,-1,-1,-1,-1,-1,-1,-1,-1,-1,-1,-1,-1,-1,-1,-1,-1,-1,-1,-1,-1,-1,-1,-1,-1,-1,-1,0,-1,-1,-1,-1,-1,-1,-1,-1,-1,-1,-1,-1,-1,-1,-1,-1,-1,-1,-1,-1,-1,-1,-1,-1,
-1,-1,-1,-1,-1,-1,-1,-1,-1,-1,-1,-1,-1,-1,-1,-1,-1,-1,-1,-1,-1,-1,-1,-1,-1,-1,-1,-1,-1,-1,-1,-1,-1,-1,-1,-1,-1,-1,-1,-1,-1,1,-1,-1,-1,-1,-1,-1,-1,-1,-1,-1,-1,-1,-1,-1,-1,-1,-1,-1,-1,-1,-1,-1,-1,-1,-1,-1,-1,-1,-1,-1,-1,-1,1,-1,-1,-1,-1,0,-1,-1,-1,-1,-1,-1,-1,-1,-1,-1,-1,-1,-1,-1,-1,-1,-1,-1,-1,-1,-1,-1,-1,
-1,-1,-1,1,-1,-1,-1,-1,-1,-1,-1,-1,-1,-1,-1,-1,-1,-1,-1,-1,-1,-1,-1,-1,-1,-1,-1,-1,-1,-1,-1,-1,-1,-1,-1,-1,-1,-1,-1,-1,1,-1,-1,-1,-1,-1,-1,-1,-1,-1,-1,-1,-1,-1,-1,-1,-1,-1,-1,-1,-1,-1,-1,-1,-1,-1,-1,-1,-1,-1,-1,-1,-1,-1,-1,-1,-1,-1,-1,-1,0,-1,-1,-1,-1,-1,-1,-1,-1,-1,-1,-1,-1,-1,-1,-1,-1,-1,-1,-1,-1,-1,-1,
-1,-1,-1,-1,-1,-1,-1,-1,-1,-1,-1,-1,-1,-1,-1,-1,-1,-1,-1,-1,-1,-1,-1,-1,-1,-1,-1,-1,-1,-1,-1,1,-1,-1,-1,-1,-1,-1,-1,-1,-1,-1,-1,-1,-1,-1,-1,-1,-1,-1,-1,-1,-1,-1,-1,-1,-1,-1,-1,-1,-1,-1,-1,-1,-1,-1,-1,-1,-1,-1,-1,-1,-1,-1,-1,-1,-1,-1,-1,-1,-1,0,-1,-1,-1,-1,-1,-1,-1,-1,-1,-1,-1,-1,-1,-1,-1,1,-1,-1,-1,-1,-1,
-1,-1,-1,-1,-1,-1,-1,-1,-1,1,-1,-1,-1,-1,1,-1,-1,-1,-1,-1,-1,-1,-1,-1,-1,-1,-1,-1,-1,-1,-1,-1,-1,-1,-1,-1,-1,-1,-1,-1,-1,-1,-1,-1,-1,-1,-1,-1,-1,-1,-1,-1,-1,-1,-1,-1,-1,-1,-1,-1,-1,-1,-1,-1,-1,-1,-1,-1,-1,-1,-1,-1,-1,-1,-1,-1,-1,-1,-1,-1,-1,-1,0,-1,-1,-1,-1,-1,-1,-1,-1,-1,-1,-1,-1,-1,-1,-1,-1,-1,-1,-1,-1,
-1,-1,1,1,-1,-1,-1,-1,-1,-1,-1,-1,-1,-1,1,-1,-1,-1,1,-1,-1,-1,-1,-1,-1,-1,1,-1,-1,-1,-1,-1,-1,-1,-1,-1,-1,-1,-1,-1,-1,-1,-1,-1,-1,-1,-1,-1,-1,-1,-1,-1,-1,-1,-1,-1,-1,-1,-1,-1,-1,-1,-1,-1,-1,-1,-1,-1,-1,-1,-1,-1,-1,-1,-1,-1,-1,-1,-1,-1,-1,-1,-1,0,-1,-1,-1,-1,-1,-1,-1,-1,-1,-1,-1,-1,-1,-1,-1,-1,-1,-1,-1,
1,-1,-1,-1,-1,-1,-1,-1,-1,-1,-1,-1,-1,-1,-1,1,-1,-1,-1,-1,-1,-1,-1,-1,-1,-1,-1,-1,-1,-1,-1,-1,-1,-1,-1,-1,-1,-1,-1,-1,-1,-1,-1,-1,-1,-1,-1,-1,-1,-1,-1,-1,-1,-1,-1,-1,-1,-1,-1,-1,-1,-1,-1,-1,-1,-1,-1,-1,-1,-1,-1,-1,-1,-1,-1,-1,-1,-1,-1,-1,-1,-1,-1,-1,0,-1,-1,-1,-1,-1,-1,-1,-1,-1,-1,-1,-1,-1,-1,-1,-1,-1,-1,
1,-1,1,-1,-1,-1,-1,-1,-1,-1,-1,-1,-1,-1,-1,-1,-1,-1,-1,-1,-1,-1,-1,-1,-1,-1,-1,-1,-1,-1,-1,-1,-1,-1,-1,-1,-1,-1,-1,-1,-1,-1,-1,-1,-1,-1,-1,-1,-1,-1,-1,-1,-1,-1,-1,-1,-1,-1,-1,-1,-1,-1,-1,-1,-1,-1,-1,-1,-1,-1,-1,-1,-1,-1,-1,-1,-1,-1,-1,-1,-1,-1,-1,-1,-1,0,-1,-1,-1,-1,-1,-1,-1,-1,-1,-1,-1,-1,-1,-1,-1,-1,-1,
1,-1,-1,-1,-1,-1,-1,-1,-1,-1,1,-1,-1,-1,-1,-1,-1,-1,-1,-1,1,-1,-1,-1,-1,-1,1,1,-1,1,1,-1,-1,-1,-1,1,-1,-1,-1,-1,-1,-1,-1,-1,-1,-1,-1,-1,-1,-1,-1,-1,-1,-1,-1,-1,-1,-1,-1,-1,-1,-1,-1,-1,-1,-1,-1,-1,-1,-1,-1,-1,-1,-1,-1,-1,-1,-1,-1,-1,-1,-1,-1,-1,-1,-1,0,-1,-1,-1,-1,-1,-1,-1,-1,-1,-1,-1,-1,-1,-1,-1,-1,
-1,-1,-1,-1,1,-1,-1,1,-1,-1,-1,-1,-1,-1,-1,-1,-1,-1,1,-1,1,-1,-1,-1,-1,-1,-1,1,-1,-1,-1,-1,-1,-1,-1,-1,-1,-1,-1,-1,-1,-1,-1,-1,-1,-1,-1,-1,-1,-1,-1,-1,-1,-1,-1,-1,-1,-1,-1,-1,-1,-1,-1,-1,-1,-1,-1,-1,-1,-1,-1,-1,-1,-1,-1,-1,-1,-1,-1,-1,-1,-1,-1,-1,-1,-1,-1,0,-1,-1,-1,-1,-1,-1,-1,-1,-1,-1,-1,-1,-1,-1,-1,
-1,-1,-1,-1,1,1,-1,-1,-1,1,1,-1,-1,-1,-1,-1,-1,-1,-1,-1,-1,-1,-1,-1,-1,-1,-1,1,-1,-1,-1,-1,-1,-1,-1,-1,-1,-1,-1,-1,-1,-1,-1,-1,-1,-1,-1,-1,-1,-1,-1,-1,-1,-1,-1,-1,-1,-1,-1,-1,-1,-1,-1,-1,-1,-1,-1,-1,-1,-1,-1,-1,-1,-1,-1,-1,-1,-1,-1,-1,-1,-1,-1,-1,-1,-1,-1,-1,0,-1,-1,-1,-1,-1,-1,-1,-1,-1,-1,-1,-1,-1,-1,
-1,-1,-1,-1,-1,-1,-1,-1,-1,-1,-1,-1,-1,1,-1,-1,-1,-1,-1,-1,-1,-1,-1,-1,-1,1,-1,-1,-1,-1,-1,-1,-1,-1,-1,-1,-1,-1,-1,-1,-1,-1,-1,-1,-1,-1,-1,-1,-1,-1,-1,-1,-1,-1,-1,-1,-1,-1,-1,-1,-1,-1,-1,-1,-1,-1,-1,-1,-1,-1,-1,-1,-1,-1,-1,-1,-1,-1,-1,-1,-1,-1,-1,-1,-1,-1,-1,-1,-1,0,-1,-1,-1,-1,-1,-1,-1,-1,-1,-1,-1,-1,-1,
-1,-1,-1,-1,-1,-1,-1,-1,1,-1,-1,-1,-1,-1,-1,-1,-1,-1,-1,-1,1,-1,-1,-1,-1,-1,-1,-1,-1,-1,-1,-1,-1,-1,-1,-1,-1,-1,-1,-1,-1,-1,-1,-1,-1,-1,-1,-1,-1,-1,-1,-1,-1,-1,-1,-1,-1,-1,-1,-1,-1,-1,-1,-1,-1,-1,-1,-1,-1,-1,-1,-1,-1,-1,-1,-1,-1,-1,-1,-1,-1,-1,-1,-1,-1,-1,-1,-1,-1,-1,0,-1,-1,-1,-1,-1,-1,-1,-1,-1,-1,-1,-1,
-1,-1,-1,-1,-1,-1,-1,-1,-1,-1,-1,-1,-1,-1,1,-1,-1,1,-1,-1,-1,-1,-1,-1,-1,-1,1,-1,-1,-1,-1,-1,-1,-1,-1,-1,-1,-1,-1,-1,-1,-1,-1,-1,-1,-1,-1,-1,-1,-1,-1,-1,-1,-1,-1,-1,-1,-1,-1,-1,-1,-1,-1,-1,-1,-1,-1,-1,-1,-1,-1,-1,-1,-1,-1,-1,-1,-1,-1,-1,-1,-1,-1,-1,-1,-1,-1,-1,-1,-1,-1,0,-1,-1,-1,-1,-1,-1,-1,-1,-1,-1,-1,
-1,-1,-1,-1,-1,-1,-1,-1,-1,-1,-1,-1,-1,-1,-1,-1,-1,-1,-1,-1,-1,-1,-1,-1,-1,-1,-1,-1,-1,-1,-1,-1,-1,-1,1,-1,-1,-1,1,-1,-1,-1,-1,-1,-1,-1,-1,-1,-1,-1,-1,-1,-1,-1,-1,-1,-1,-1,-1,-1,-1,-1,-1,-1,-1,-1,-1,-1,-1,-1,-1,-1,-1,-1,-1,-1,-1,-1,-1,-1,-1,-1,-1,-1,-1,-1,-1,-1,-1,-1,-1,-1,0,-1,-1,-1,-1,-1,-1,-1,-1,-1,-1,
1,-1,-1,-1,-1,-1,-1,-1,-1,-1,-1,-1,-1,-1,-1,-1,-1,-1,-1,-1,-1,-1,-1,1,-1,-1,-1,-1,-1,-1,-1,-1,1,-1,1,1,-1,-1,-1,-1,-1,-1,-1,-1,-1,-1,-1,-1,-1,-1,-1,-1,-1,-1,-1,-1,-1,-1,-1,-1,-1,-1,-1,-1,-1,-1,-1,-1,-1,-1,-1,-1,-1,-1,-1,-1,-1,-1,-1,-1,-1,-1,-1,-1,-1,-1,-1,-1,-1,-1,-1,-1,-1,0,-1,-1,-1,-1,-1,-1,-1,-1,-1,
-1,-1,-1,-1,-1,1,-1,-1,1,-1,-1,1,1,-1,-1,1,-1,-1,-1,-1,-1,-1,-1,-1,1,-1,-1,-1,-1,-1,-1,-1,-1,-1,-1,-1,-1,-1,-1,-1,-1,-1,-1,-1,-1,-1,-1,-1,-1,-1,-1,-1,-1,-1,-1,-1,-1,-1,-1,-1,-1,-1,-1,-1,-1,-1,-1,-1,-1,-1,-1,-1,-1,-1,-1,-1,-1,-1,-1,-1,-1,-1,-1,-1,-1,-1,-1,-1,-1,-1,-1,-1,-1,-1,0,-1,-1,-1,-1,-1,-1,-1,-1,
1,-1,-1,-1,-1,1,-1,-1,-1,-1,-1,-1,-1,-1,-1,-1,-1,1,-1,-1,-1,1,-1,-1,-1,-1,-1,-1,-1,-1,-1,-1,-1,-1,-1,-1,-1,-1,-1,-1,-1,-1,1,-1,-1,-1,-1,-1,-1,-1,-1,-1,-1,-1,-1,-1,-1,-1,-1,-1,-1,-1,-1,-1,-1,-1,-1,-1,-1,-1,-1,-1,-1,-1,-1,-1,-1,-1,-1,-1,-1,-1,-1,-1,-1,-1,-1,-1,-1,-1,-1,-1,-1,-1,-1,0,-1,-1,-1,-1,-1,-1,-1,
-1,-1,-1,-1,-1,-1,-1,-1,-1,-1,-1,-1,-1,-1,-1,-1,-1,-1,-1,-1,-1,-1,1,-1,-1,-1,-1,-1,-1,-1,-1,-1,-1,-1,-1,-1,-1,-1,1,-1,-1,-1,-1,-1,-1,-1,-1,-1,-1,-1,-1,-1,-1,-1,-1,-1,-1,-1,-1,-1,-1,-1,-1,-1,-1,-1,-1,-1,-1,-1,-1,-1,-1,-1,-1,-1,-1,-1,-1,-1,-1,-1,-1,-1,-1,-1,-1,-1,-1,-1,-1,-1,-1,-1,-1,-1,0,-1,-1,-1,-1,-1,-1,
-1,-1,1,-1,-1,-1,-1,-1,-1,-1,-1,1,-1,-1,-1,-1,-1,-1,-1,-1,-1,-1,-1,-1,-1,-1,-1,-1,1,-1,-1,-1,-1,-1,-1,-1,-1,-1,-1,-1,-1,-1,-1,-1,-1,-1,-1,-1,-1,-1,-1,-1,-1,-1,-1,-1,-1,-1,-1,-1,-1,-1,-1,-1,-1,-1,-1,-1,-1,-1,-1,-1,-1,-1,-1,-1,-1,-1,-1,-1,-1,1,-1,-1,-1,-1,-1,-1,-1,-1,-1,-1,-1,-1,-1,-1,-1,0,-1,-1,-1,-1,-1,
-1,-1,1,-1,-1,-1,-1,-1,-1,-1,1,-1,-1,-1,-1,-1,-1,-1,-1,-1,-1,-1,-1,-1,-1,-1,-1,1,-1,-1,-1,-1,-1,-1,-1,-1,-1,-1,-1,-1,-1,-1,-1,-1,-1,-1,-1,-1,-1,-1,-1,-1,-1,-1,-1,-1,-1,-1,-1,-1,-1,-1,-1,-1,-1,-1,-1,-1,-1,-1,-1,-1,-1,-1,-1,-1,-1,-1,-1,-1,-1,-1,-1,-1,-1,-1,-1,-1,-1,-1,-1,-1,-1,-1,-1,-1,-1,-1,0,-1,-1,-1,-1,
-1,-1,-1,-1,-1,-1,-1,-1,-1,-1,-1,-1,-1,-1,-1,-1,-1,-1,-1,-1,-1,-1,-1,-1,-1,-1,-1,-1,-1,-1,-1,-1,-1,-1,-1,-1,-1,-1,-1,1,-1,-1,-1,-1,-1,-1,-1,-1,-1,-1,-1,-1,-1,-1,-1,1,-1,-1,-1,-1,-1,-1,-1,-1,-1,-1,-1,-1,-1,-1,-1,-1,-1,-1,-1,-1,-1,-1,-1,-1,-1,-1,-1,-1,-1,-1,-1,-1,-1,-1,-1,-1,-1,-1,-1,-1,-1,-1,-1,0,-1,-1,-1,
-1,-1,-1,1,-1,-1,-1,-1,1,-1,-1,-1,-1,-1,-1,-1,-1,-1,-1,-1,-1,-1,-1,-1,-1,1,-1,-1,-1,1,-1,-1,-1,-1,-1,-1,-1,-1,-1,-1,-1,-1,-1,-1,-1,-1,-1,-1,-1,-1,-1,-1,-1,-1,-1,-1,-1,-1,-1,-1,-1,-1,-1,-1,-1,-1,-1,-1,-1,-1,-1,-1,-1,-1,-1,-1,-1,-1,-1,-1,-1,-1,-1,-1,-1,-1,-1,-1,-1,-1,-1,-1,-1,-1,-1,-1,-1,-1,-1,-1,0,-1,-1,
-1,-1,-1,-1,-1,-1,1,-1,-1,1,-1,-1,-1,-1,-1,-1,-1,-1,-1,-1,-1,-1,-1,-1,-1,-1,1,-1,-1,-1,-1,-1,-1,-1,-1,-1,-1,1,-1,-1,-1,-1,-1,-1,-1,-1,-1,-1,-1,-1,-1,-1,-1,-1,-1,-1,-1,-1,-1,-1,-1,-1,-1,-1,-1,-1,-1,-1,-1,-1,-1,-1,-1,-1,-1,-1,-1,-1,-1,-1,-1,-1,-1,-1,-1,-1,-1,-1,-1,-1,-1,-1,-1,-1,-1,-1,-1,-1,-1,-1,-1,0,-1,
-1,-1,-1,-1,-1,-1,1,-1,-1,-1,-1,-1,-1,-1,-1,-1,-1,-1,-1,-1,-1,-1,-1,-1,-1,-1,-1,-1,-1,1,-1,-1,-1,-1,1,-1,-1,-1,-1,-1,-1,-1,-1,-1,-1,-1,-1,-1,-1,-1,-1,-1,-1,-1,-1,-1,-1,-1,-1,-1,-1,-1,-1,-1,-1,-1,-1,-1,-1,-1,-1,-1,-1,-1,-1,-1,-1,-1,-1,-1,-1,-1,-1,-1,-1,-1,-1,-1,-1,-1,-1,-1,-1,-1,-1,-1,-1,-1,-1,-1,-1,-1,0,

(41,0)
(40,1)
(42,2)
(42,3)
(42,4)
(40,5)
(40,6)
(40,7)
(41,8)
(42,9)
(40,10)
(42,11)
(40,12)
(40,13)
(42,14)
(42,15)
(41,16)
(42,17)
(40,18)
(42,19)
(65,14)
(52,19)
(86,18)
(98,15)
(34,2)
(65,3)
(38,9)
(69,1)
(96,16)
(82,6)
(87,0)
(90,13)
(31,9)
(81,3)
(29,6)
(68,9)
(91,0)
(66,15)
(73,9)
(30,17)
(101,10)
(78,15)
(37,18)
(80,9)
(94,1)
(45,14)
(85,15)
(48,7)
(55,7)
(42,2)
(81,15)
(88,9)
(46,10)
(72,6)
(43,12)
(102,15)
(64,13)
(42,5)
(100,13)
(98,4)
(57,19)
(55,8)
(86,0)
(70,5)
(60,16)
(25,0)
(51,9)
(71,6)
(91,3)
(56,0)
(85,10)
(92,18)
(102,10)
(47,0)
(61,0)
(53,16)
(80,2)
(51,11)
(28,7)
(31,4)
(76,1)
(40,6)
(80,10)
(33,17)
(40,14)
(73,14)
(65,8)
(50,10)
(99,5)
(72,17)
(54,3)
(37,13)
(84,4)
(46,0)
(54,0)
(85,4)
(47,8)
(65,0)
(67,2)
(74,10)
(54,6)
(57,10)
(77,13)
(74,12)
(27,1)
(69,6)
(92,19)
(34,6)
(55,5)
(52,16)
(82,13)
(68,8)
(47,19)
(55,2)
(54,19)
(30,3)
(31,16)
(101,4)
(71,0)
(30,0)
(52,14)
(37,0)
(27,6)
(43,1)
(77,2)
(79,14)
(95,16)
(39,10)
(74,1)
(67,0)
(81,0)
(90,6)
(55,2)
(57,11)
(41,13)
(101,6)
(33,12)
(73,6)
(25,0)
(48,2)
(66,7)
(79,3)
(93,1)
(99,12)
(57,7)
(26,0)
(76,0)
(31,0)
(48,1)
(102,8)
(77,11)
(95,13)
(44,17)
(31,15)
(29,3)
(58,9)
(48,10)
(91,19)
(97,17)
(47,17)
(73,14)
(67,1)
(94,0)
(27,6)
(91,3)
(73,2)
(75,18)
(40,10)
(40,0)
(53,8)
(30,2)
(95,1)
(57,7)
(99,0)
(47,0)
(53,2)
(80,0)
(76,11)
(74,2)
(86,17)
(61,19)
(102,16)
(94,11)
(101,0)
(80,5)
(93,5)
(67,7)
(97,3)
(70,0)
(25,8)
(90,7)
(28,19)
(65,15)
(94,8)
(67,8)
(76,7)
(89,15)
(48,15)
(51,11)
(72,6)
(42,13)
(74,0)
(41,0)
(55,19)
(89,0)
(61,15)
(43,1)
(40,14)
(61,2)
(65,14)
(47,10)
(26,6)
(86,12)
(54,18)
(96,13)
(96,16)
(30,5)
(54,13)
(44,11)
(42,1)
(74,4)
(95,9)
(79,0)
(93,9)
(33,0)
(95,5)
(66,5)
(67,7)
(75,8)
(67,0)
(79,1)
(99,2)
(62,3)
(80,5)
(30,1)
(61,5)
(99,5)
(75,7)
(66,16)
(57,6)
(34,0)
(100,12)
(40,5)
(50,6)
(42,4)
(102,0)
(41,0)
(63,11)
(52,4)
(74,10)
(90,1)
(43,2)
(57,15)
(44,10)
(53,5)
(42,5)
(97,4)
(53,1)
(29,14)
(86,13)
(68,4)
(33,2)
(42,5)
(49,9)
(50,17)
(70,12)
(91,15)
(102,18)
(101,5)
(66,3)
(30,9)
(25,7)
(27,7)
(28,1)
(65,16)
(69,5)
(66,19)
(100,2)
(33,19)
(86,6)
(37,1)
(63,13)
(30,1)
(88,6)
(54,18)
(69,6)
(66,16)
(61,2)
(40,3)
(48,12)
(49,3)
(53,17)
(81,7)
(96,5)
(91,3)
(75,15)
(35,4)
(37,10)
(25,7)
(45,14)
(101,1)
(59,12)
(54,11)
(39,19)
(39,15)
(79,5)
(45,15)
(32,8)
(43,7)
(29,3)
(38,1)
(94,8)
(38,10)
(41,11)
(68,4)
(62,2)
(44,15)
(27,9)
(41,0)
(79,0)
(36,6)
(68,4)
(41,13)
(59,10)
(28,13)
(35,10)
(31,1)
(91,16)
(101,8)
(64,11)
(48,6)
(81,1)
(58,4)
(81,7)
(73,1)
(58,4)
(68,1)
(74,7)
(29,3)
(61,4)
(26,7)
(42,18)
(70,2)
(27,1)
(93,4)
(80,12)
(25,0)
(64,13)
(51,1)
(86,6)
(73,1)
(59,11)
(37,13)
(80,18)
(63,16)
(87,6)
(71,18)
(86,2)
(47,2)
(49,17)
(55,15)
(27,14)
(34,18)
(91,10)
(50,9)
(87,1)
(101,7)
(84,3)
(85,9)
(40,8)
(43,18)
(45,6)
(86,2)
(67,18)
(71,5)
(87,14)
(54,18)
(62,0)
(73,1)
(73,5)
(97,10)
(76,5)
(43,8)
(72,3)
(55,2)
(50,3)
(98,4)
(50,8)
(36,17)
(41,11)
(97,15)
(91,15)
(71,15)
(55,10)
(56,19)
(51,4)
(89,17)
(87,12)
(81,12)
(61,3)
(95,2)
(89,10)
(92,11)
(85,9)
(102,13)
(57,1)
(43,2)
(70,18)
(84,11)
(57,3)
(43,17)
(77,6)
(93,13)
(45,3)
(88,2)
(77,11)
(75,17)
(65,7)
(68,6)
(40,2)
(42,7)
(89,19)
(51,3)
(63,13)
(48,11)
(94,3)
(72,7)
(57,7)
(62,2)
(36,9)
(58,2)
(84,4)
(78,1)
(36,19)
(61,15)
(97,10)
(61,11)
(43,2)
(42,18)
(58,5)
(60,0)
(68,4)
(52,0)
(58,2)
(96,13)
(86,7)
(45,3)
(54,0)
(46,19)
(45,3)
(90,15)
(65,6)
(68,15)
(40,2)
(33,13)
(86,14)
(91,18)
(89,13)
(33,7)
(30,3)
(95,3)
(95,11)
(27,6)
(25,14)
(36,11)
(30,0)
(86,8)
(28,12)
(41,5)
(91,2)
(31,13)
(63,9)
(58,6)
(75,9)
(33,17)
(27,15)
(38,5)
(95,9)
(43,4)
(89,3)
(47,2)
(69,17)
(52,11)
(40,6)
(49,10)
(41,0)
(98,14)
(77,2)
(40,5)
(50,1)
(69,13)
(36,17)
(49,1)
(56,4)
(55,15)
(40,1)
(78,18)
(53,16)
(83,5)
(39,7)
(59,14)
(44,10)
(51,3)
(68,18)
(88,3)
(32,19)
(28,7)
(52,16)
(87,15)
(91,17)
(52,4)
(80,2)
(77,2)
(47,8)
(94,13)
(60,11)
(33,12)
(67,3)
(37,3)
(39,18)
(78,0)
(32,7)
(92,12)
(39,8)
(34,7)
(83,7)
(38,17)
(85,5)
(75,3)
(67,2)
(49,8)
(43,9)
(45,14)
(70,7)
(61,19)
(97,10)
(48,0)
(86,3)
(30,10)
(101,1)
(26,2)
(85,0)
(25,2)
(42,2)
(65,13)
(88,5)
(52,0)
(99,2)
(88,1)
(56,0)
(81,15)
(49,16)
(59,0)
(36,13)
(78,0)
(92,7)
(58,2)
(65,14)
(101,3)
(87,1)
(30,3)
(39,14)
(69,1)
(99,4)
(97,17)
(98,14)
(63,19)
(33,0)
(49,2)
(71,6)
(85,14)
(59,10)
(95,7)
(74,13)
(26,16)
(39,12)
(74,8)
(26,4)
(32,18)
(43,0)
(45,15)
(79,7)
(44,1)
(59,12)
(69,2)
(91,14)
(64,4)
(26,12)
(57,8)
(42,18)
(32,4)
(29,15)
(65,6)
(76,18)
(99,10)
(45,11)
(38,0)
(83,8)
(72,4)
(42,1)
(100,17)
(101,16)
(94,1)
(43,2)
(53,16)
(57,1)
(70,4)
(26,12)
(47,2)
(25,1)
(85,18)
(83,3)
(96,8)
(37,1)
(70,12)
(42,13)
(34,1)
(73,8)
(65,8)
(59,12)
(26,11)
(53,3)
(46,10)
(34,8)
(96,12)
(100,12)
(95,0)
(51,1)
(30,14)
(75,14)
(41,0)
(55,19)
(64,0)
(75,3)
(80,2)
(67,1)
(97,3)
(55,6)
(60,4)
(88,10)
(62,5)
(37,16)
(83,1)
(89,0)
(32,10)
(28,11)
(91,14)
(80,7)
(102,15)
(93,15)
(74,6)
(47,18)
(76,3)
(70,15)
(54,11)
(68,18)
(44,3)
(99,11)
(87,2)
(57,1)
(97,2)
(76,1)
(60,12)
(77,2)
(75,17)
(47,11)
(87,15)
(58,8)
(31,12)
(89,5)
(56,8)
(83,0)
(61,9)
(52,9)
(56,18)
(91,6)
(61,18)
(34,18)
(71,0)
(64,9)
(54,0)
(29,0)
(40,19)
(92,9)
(80,6)
(100,0)
(80,9)
(31,6)
(39,19)
(59,1)
(25,11)
(51,5)
(80,16)
(57,0)
(55,4)
(58,17)
(90,4)
(85,17)
(101,1)
(48,3)
(97,2)
(75,4)
(58,5)
(31,18)
(45,18)
(57,7)
(50,5)
(62,1)
(29,6)
(51,4)
(38,9)
(25,15)
(52,19)
(85,18)
(26,0)
(45,6)
(77,6)
(94,15)
(54,1)
(32,5)
(92,5)
(56,2)
(69,1)
(75,4)
(30,7)
(74,19)
(98,2)
(71,0)
(48,16)
(35,4)
(30,15)
(97,18)
(96,15)
(88,5)
(29,0)
(65,11)
(91,9)
(98,6)
(64,0)
(32,0)
(69,1)
(26,19)
(77,5)
(93,2)
(28,4)
(28,2)
(100,0)
(60,8)
(49,12)
(32,16)
(33,5)
(34,6)
(60,6)
(50,4)
(34,7)
(80,9)
(26,0)
(37,7)
(78,2)
(43,15)
(63,1)
(76,7)
(84,2)
(87,11)
(45,15)
(76,3)
(90,15)
(83,1)
(27,11)
(99,0)
(84,2)
(45,12)
(25,3)
(48,10)
(27,13)
(50,8)
(59,0)
(61,6)
(43,2)
(79,3)
(92,7)
(43,4)
(64,5)
(77,0)
(51,0)
(37,16)
(59,8)
(72,10)
(100,18)
(27,1)
(37,9)
(40,17)
(48,2)
(98,3)
(67,17)
(102,8)
(32,13)
(34,9)
(49,8)
(79,0)
(96,9)
(88,3)
(72,18)
(60,13)
(101,9)
(61,4)
(62,1)
(101,7)
(99,0)
(37,1)
(69,0)
(97,11)
(88,19)
(100,5)
(54,12)
(95,2)
(58,16)
(79,6)
(46,10)
(66,5)
(29,6)
(94,18)
(90,8)
(70,3)
(71,19)
(65,18)
(79,1)
(84,11)
(63,7)
(87,10)
(35,10)
(35,19)
(64,17)
(46,9)
(95,3)
(40,5)
(42,10)
(32,11)
(42,4)
(71,15)
(41,6)
(61,2)
(27,4)
(32,8)
(99,2)
(40,6)
(48,4)
(95,16)
(55,19)
(55,18)
(82,5)
(48,3)
(66,8)
(46,16)
(80,5)
(41,10)
(35,16)
(28,10)
(85,6)
(77,9)
(68,18)
(101,4)
(51,2)
(77,14)
(85,2)
(80,13)
(59,3)
(77,14)
(76,16)
(25,5)
(58,1)
(86,14)
(37,19)
(96,5)
(59,9)
(29,11)
(53,11)
(52,6)
(45,3)
(56,13)
(87,2)
(90,1)
(33,3)
(36,0)
(26,0)
(57,19)
(61,18)
(45,7)
(81,0)
(48,8)
(27,6)
(86,15)
(84,5)
(46,1)
(58,11)
(97,11)
(89,12)
(95,5)
(85,2)
(98,17)
(45,1)
(61,5)
(26,1)
(75,14)
(61,13)
(48,0)
(89,10)
(46,3)
(48,12)
(61,8)
(42,0)
(74,3)
(82,13)
(40,0)
(90,6)
(50,0)
(57,8)
(71,9)
(97,12)
(96,5)
(45,2)
(88,19)
(74,3)
(46,11)
(35,13)
(62,6)
(40,18)
(67,12)
(100,15)
(42,13)
(94,14)
(29,16)
(70,18)
(46,0)
(57,14)
(68,16)
(49,9)
(34,1)
(70,13)
(97,8)
(25,17)
(74,5)
(61,19)
(87,12)
(77,19)
(43,1)
(69,7)
(83,12)
(30,7)
(90,13)
(30,14)
(39,19)
(54,2)
(36,8)
(74,0)
(38,2)
(71,1)
(50,1)
(81,1)
(25,13)
(71,14)
(78,13)
(88,6)
(99,18)
(41,19)
(70,8)
(43,0)
(30,8)
(59,15)
(74,19)
(57,8)
(98,5)
(82,19)
(79,0)
(63,6)
(91,9)
(66,5)
(32,13)
(79,15)
(31,8)
(100,0)
(46,9)
(29,0)
(80,10)
(54,7)
(62,1)
(93,0)
(74,0)
(92,17)
(60,4)
(35,10)
(102,10)
(78,2)
(87,3)
(70,0)
(31,6)
(29,14)
(48,18)
(37,2)
(94,0)
(93,5)
(78,4)
(89,13)
(77,17)
(34,17)
(52,7)
(90,9)
(91,0)
(34,2)
(79,2)
(90,2)
(83,9)
(97,4)
(64,13)
(58,6)
(44,6)
(89,4)
(56,13)
(99,15)
(30,16)
(79,18)
(79,13)
(75,16)
(33,0)
(46,0)
(57,19)
(81,2)
(48,2)
(96,9)
(69,3)
(91,11)
(77,8)
(81,18)
(47,4)
(59,4)
(67,0)
(35,6)
(59,0)
(73,6)
(101,6)
(74,1)
(76,5)
(66,9)
(25,18)
(47,14)
(47,6)
(84,8)
(40,5)
(71,6)
(78,3)
(38,13)
(41,16)
(49,0)
(67,5)
(89,6)
(28,12)
(25,15)
(60,11)
(30,0)
(63,1)
(83,19)
(88,3)
(97,0)
(32,5)
(96,14)
(77,8)
(76,5)
(30,17)
(87,15)
(91,17)
(81,1)
(97,4)
(33,1)
(93,6)
(91,15)
(59,8)
(81,7)
(43,14)
(68,5)
(63,16)
(30,3)
(80,3)
(75,2)
(80,11)
(73,7)
(69,17)
(51,8)
(44,8)
(44,6)
(52,1)
(67,17)
(52,9)
(35,18)
(83,16)
(71,4)
(30,8)
(50,19)
(91,6)
(92,6)
(52,8)
(95,1)
(82,18)
(96,0)
(97,19)
(44,10)
(26,17)
(36,19)
(86,3)
(83,4)
(65,4)
(32,9)
(55,19)
(52,16)
(80,5)
(50,1)
(31,15)
(49,0)
(101,6)
(45,5)
(37,10)
(33,12)
(27,7)
(79,16)
(72,16)
(89,2)
(50,9)
(36,1)
(66,17)
(54,4)
(92,16)
(67,6)
(102,13)
(102,6)
(31,16)
(74,19)
(95,10)
(76,10)
(28,9)
(79,2)
(58,17)
(76,7)
(29,6)
(99,4)
(94,8)
(101,19)
(52,18)
(49,12)
(101,11)
(52,5)
(82,10)
(76,0)
(98,6)
(75,8)
(101,11)
(66,19)
(38,1)
(85,1)
(79,0)
(44,3)
(28,7)
(68,0)
(100,5)
(47,8)
(101,18)
(47,15)
(94,4)
(91,13)
(62,11)
(28,7)
(67,3)
(38,7)
(93,4)
(69,0)
(61,17)
(94,0)
(53,0)
(60,11)
(49,16)
(83,14)
(57,9)
(44,7)
(45,8)
(84,7)
(94,7)
(46,3)
(75,5)
(29,2)
(82,11)
(75,17)
(32,8)
(58,15)
(65,6)
(26,10)
(89,0)
(60,9)
(46,9)
(36,6)
(83,11)
(62,3)
(50,12)
(52,19)
(61,12)
(59,11)
(100,8)
(61,12)
(88,1)
(96,10)
(68,7)
(88,3)
(58,14)
(100,4)
(58,7)
(87,11)
(34,11)
(32,7)
(94,3)
(82,15)
(69,14)
(45,3)
(64,7)
(87,6)
(28,8)
(63,8)
(91,3)
(95,6)
(71,17)
(28,9)
(61,0)
(65,10)
(32,3)
(47,2)
(95,13)
(61,2)
(32,7)
(92,2)
(25,9)
(25,3)
(46,1)
(75,6)
(41,16)
(100,11)
(41,17)
(59,17)
(84,9)
(82,15)
(42,15)
(32,7)
(102,4)
(98,18)
(75,5)
(37,15)
(39,0)
(91,2)
(90,0)
(101,0)
(90,2)
(87,10)
(32,5)
(58,15)
(92,2)
(96,3)
(66,6)
(60,3)
(96,9)
(65,4)
(57,11)
(50,11)
(89,10)
(35,0)
(38,0)
(47,4)
(26,11)
(27,0)
(33,9)
(62,19)
(55,0)
(84,19)
(49,15)
(45,14)
(30,0)
(52,14)
(45,9)
(50,18)
(81,8)
(51,0)
(90,1)
(46,5)
(25,5)
(78,19)
(53,19)
(30,10)
(63,4)
(92,3)
(50,9)
(91,16)
(48,6)
(33,8)
(71,17)
(49,3)
(42,0)
(40,13)
(33,7)
(58,6)
(78,9)
(60,5)
(54,12)
(102,18)
(35,2)
(38,5)
(90,15)
(76,6)
(56,1)
(37,19)
(71,0)
(49,15)
(70,5)
(95,14)
(100,0)
(46,0)
(43,1)
(64,0)
(70,7)
(82,3)
(58,14)
(29,1)
(71,0)
(81,9)
(27,4)
(55,12)
(33,4)
(62,1)
(30,1)
(36,11)
(77,5)
(51,8)
(34,1)
(38,10)
(35,9)
(38,7)
(85,0)
(32,6)
(77,0)
(88,9)
(43,4)
(74,5)
(60,2)
(43,16)
(66,1)
(69,9)
(34,19)
(98,12)
(26,4)
(54,4)
(45,12)
(38,18)
(52,11)
(28,8)
(79,7)
(90,10)
(33,4)
(84,4)
(72,4)
(60,19)
(76,4)
(69,16)
(27,0)
(73,0)
(42,5)
(86,11)
(76,2)
(74,0)
(71,19)
(69,18)
(48,9)
(92,4)
(60,2)
(32,14)
(40,17)
(84,3)
(87,14)
(53,17)
(53,7)
(96,2)
(55,2)
(92,6)
(72,1)
(31,10)
(74,11)
(38,11)
(63,1)
(74,13)
(79,17)
(69,15)
(36,0)
(33,9)
(56,16)
(40,2)
(92,2)
(30,8)
(101,7)
(90,3)
(85,4)
(45,14)
(66,6)
(86,1)
(91,1)
(95,9)
(44,4)
(36,17)
(32,1)
(70,0)
(26,9)
(87,12)
(36,9)
(58,18)
(79,17)
(97,11)
(45,4)
(29,6)
(49,7)
(59,2)
(81,15)
(31,19)
(94,9)
(93,2)
(55,12)
(64,3)
(93,6)
(32,10)
(75,13)
(43,10)
(57,0)
(65,9)
(76,6)
(58,16)
(93,0)
(28,1)
(31,0)
(37,13)
(43,2)
(55,1)
(82,0)
(32,9)
(55,0)
(39,10)
(72,9)
(73,15)
(37,1)
(48,12)
(95,11)
(42,13)
(46,8)
(44,9)
(48,9)
(53,10)
(88,2)
(83,3)
(88,3)
(57,2)
(45,0)
(29,8)
(31,0)
(71,1)
(86,16)
(66,17)
(45,10)
(58,12)
(73,13)
(75,14)
(63,3)
(87,17)
(65,6)
(91,2)
(87,10)
(27,3)
(56,16)
(50,5)
(45,16)
(72,0)
(65,9)
(51,0)
(54,3)
(92,0)
(81,2)
(95,12)
(96,15)
(81,2)
(68,9)
(43,6)
(53,10)
(66,2)
(28,1)
(85,1)
(97,3)
(75,13)
(98,11)
(100,6)
(29,19)
(67,16)
(55,8)
(46,0)
(37,7)
(50,12)
(93,0)
(86,17)
(30,18)
(94,6)
(67,3)
(46,2)
(33,7)
(37,12)
(59,3)
(48,6)
(48,7)
(37,8)
(41,14)
(69,3)
(50,6)
(39,0)
(53,1)
(32,4)
(88,1)
(96,18)
(37,15)
(48,5)
(92,5)
(56,0)
(52,0)
(67,0)
(34,12)
(26,16)
(76,9)
(87,2)
(81,7)
(29,6)
(97,14)
(81,6)
(71,18)
(43,4)
(99,11)
(82,19)
(36,4)
(53,9)
(95,0)
(94,6)
(92,7)
(68,9)
(76,11)
(101,4)
(46,13)
(76,0)
(102,5)
(78,14)
(41,18)
(95,0)
(34,15)
(33,8)
(65,2)
(78,0)
(42,1)
(25,0)
(53,4)
(72,17)
(48,12)
(94,4)
(102,14)
(69,6)
(52,6)
(38,7)
(65,17)
(76,15)
(41,3)
(36,18)
(29,0)
(39,3)
(31,10)
(92,12)
(31,5)
(29,16)
(69,6)
(56,9)
(80,5)
(77,3)
(69,7)
(84,1)
(87,7)
(84,18)
(65,18)
(58,6)
(100,13)
(33,2)
(53,19)
(53,0)
(29,2)
(62,6)
(40,11)
(30,4)
(64,1)
(57,10)
(61,11)
(87,12)
(52,4)
(101,10)
(78,6)
(80,17)
(101,16)
(72,0)
(42,2)
(79,8)
(99,0)
(29,2)
(60,12)
(25,18)
(28,12)
(95,1)
(55,16)
(68,10)
(58,19)
(88,12)
(46,14)
(34,3)
(75,15)
(27,0)
(33,6)
(44,3)
(80,4)
(53,1)
(67,12)
(62,8)
(55,10)
(39,17)
(29,19)
(49,14)
(42,2)
(27,12)
(78,4)
(42,0)
(83,5)
(34,7)
(88,1)
(73,12)
(78,5)
(83,4)
(63,0)
(78,6)
(69,4)
(59,9)
(31,5)
(91,13)
(87,19)
(60,11)
(28,8)
(64,18)
(64,4)
(29,18)
(65,19)
(85,7)
(67,10)
(93,10)
(58,2)
(79,19)
(73,17)
(51,16)
(40,3)
(64,2)
(33,4)
(83,19)
(64,9)
(57,5)
(72,0)
(83,3)
(31,12)
(67,10)
(67,6)
(28,3)
(46,14)
(89,3)
(77,3)
(78,1)
(102,9)
(71,6)
(71,0)
(60,14)
(71,1)
(94,9)
(37,0)
(91,1)
(46,7)
(79,1)
(64,11)
(66,15)
(29,2)
(50,1)
(40,16)
(64,16)
(97,4)
(59,10)
(70,16)
(41,18)
(82,9)
(31,19)
(30,7)
(98,0)
(55,3)
(87,17)
(37,17)
(96,0)
(52,3)
(82,8)
(36,6)
(51,7)
(38,10)
(63,3)
(61,3)
(77,0)
(59,1)
(47,1)
(97,19)
(79,4)
(75,11)
(89,9)
(65,19)
(47,0)
(80,16)
(25,18)
(70,18)
(40,17)
(33,8)
(102,6)
(44,0)
(34,11)
(80,12)
(66,16)
(96,12)
(60,2)
(51,7)
(39,16)
(54,6)
(33,3)
(96,14)
(25,9)
(69,0)
(29,3)
(54,0)
(77,14)
(29,6)
(77,5)
(48,1)
(40,12)
(27,16)
(57,3)
(30,13)
(65,16)
(96,3)
(50,15)
(41,6)
(42,16)
(97,2)
(36,14)
(88,13)
(25,17)
(45,8)
(64,7)
(62,0)
(66,6)
(46,16)
(91,0)
(68,19)
(30,1)
(73,2)
(70,12)
(88,17)
(67,11)
(87,1)
(51,2)
(36,10)
(56,5)
(76,5)
(41,5)
(75,8)
(43,17)
(27,9)
(61,14)
(66,9)
(52,0)
(91,13)
(67,7)
(99,0)
(79,1)
(57,2)
(76,4)
(62,0)
(63,16)
(71,0)
(51,1)
(59,18)
(33,19)
(25,9)
(88,19)
(44,1)
(91,0)
(88,2)
(67,8)
(88,2)
(69,9)
(78,2)
(101,5)
(73,17)
(25,12)
(54,0)
(43,5)
(44,3)
(62,9)
(68,4)
(76,8)
(43,1)
(26,2)
(34,16)
(34,19)
(60,8)
(70,4)
(89,3)
(82,0)
(81,0)
(63,3)
(101,3)
(76,10)
(37,10)
(50,1)
(64,8)
(41,0)
(54,2)
(89,19)
(61,5)
(76,16)
(60,15)
(71,16)
(86,11)
(68,0)
(59,0)
(40,3)
(42,3)
(36,13)
(60,0)
(45,0)
(44,0)
(55,19)
(45,14)
(91,7)
(58,12)
(55,9)
(82,17)
(35,15)
(86,1)
(50,8)
(38,8)
(35,19)
(47,1)
(39,5)
(26,14)
(43,7)
(44,17)
(38,15)
(65,0)
(59,1)
(61,19)
(66,10)
(62,0)
(53,10)
(81,13)
(53,6)
(68,4)
(41,3)
(46,7)
(39,0)
(37,3)
(39,17)
(79,0)
(63,9)
(55,4)
(51,12)
(60,8)
(53,12)
(90,12)
(38,2)
(78,17)
(82,3)
(52,8)
(33,19)
(45,0)
(90,6)
(87,19)
(25,14)
(67,17)
(55,1)
(33,12)
(83,10)
(98,11)
(77,3)
(46,6)
(34,4)
(78,3)
(59,3)
(53,12)
(81,4)
(51,7)
(72,6)
(63,0)
(64,7)
(51,3)
(50,11)
(100,1)
(99,13)
(27,2)
(60,2)
(98,3)
(41,9)
(38,7)
(86,10)
(85,9)
(28,11)
(93,14)
(71,12)
(88,12)
(50,8)
(71,2)
(37,12)
(83,3)
(50,9)
(32,3)
(36,4)
(53,3)
(60,6)
(100,3)
(29,3)
(84,9)
(27,18)
(69,11)
(84,6)
(90,16)
(79,5)
(59,2)
(35,1)
(83,2)
(87,7)
(63,0)
(55,4)
(73,10)
(34,3)
(40,15)
(44,11)
(93,1)
(94,18)
(59,0)
(86,0)
(75,19)
(53,9)
(73,6)
(27,2)
(72,0)
(85,0)
(75,17)
(32,17)
(69,0)
(54,3)
(43,11)
(34,10)
(53,13)
(54,10)
(68,12)
(93,7)
(28,5)
(37,0)
(64,4)
(46,0)
(43,12)
(68,12)
(81,3)
(53,17)
(52,5)
(45,10)
(33,5)
(33,6)
(51,5)
(30,1)
(84,14)
(53,18)
(46,0)
(82,9)
(52,18)
(66,10)
(32,11)
(61,1)
(37,1)
(94,4)
(27,6)
(52,5)
(79,6)
(83,17)
(62,7)
(100,10)
(36,14)
(81,8)
(86,8)
(60,0)
(97,14)
(67,2)
(44,0)
(63,3)
(89,0)
(74,1)
(91,14)
(30,8)
(98,17)
(27,15)
(61,11)
(94,15)
(39,16)
(48,6)
(45,4)
(46,6)
(44,1)
(79,7)
(100,7)
(55,13)
(96,5)
(37,6)
(33,7)
(35,5)
(34,11)
(59,4)
(78,7)
(93,18)
(91,16)
(38,9)
(96,15)
(44,13)
(86,3)
(36,0)
(88,8)
(81,9)
(37,8)
(49,4)
(30,19)
(64,17)
(86,3)
(95,7)
(97,19)
(66,0)
(84,8)
(38,14)
(44,16)
(68,12)
(87,2)
(31,9)
(69,1)
(58,18)
(75,3)
(35,19)
(88,6)
(67,16)
(74,14)
(90,16)
(52,4)
(33,2)
(78,6)
(78,17)
(69,15)
(101,13)
(48,1)
(41,6)
(90,7)
(68,0)
(42,8)
(84,2)
(34,19)
(45,4)
(58,19)
(58,17)
(66,19)
(85,15)
(72,0)
(79,0)
(32,7)
(46,7)
(81,7)
(98,8)
(42,14)
(77,5)
(100,9)
(61,0)
(99,4)
(88,16)
(50,3)
(79,10)
(73,12)
(74,0)
(51,2)
(67,0)
(97,5)
(58,7)
(63,11)
(86,12)
(88,2)
(71,9)
(74,14)
(52,10)
(70,1)
(66,10)
(98,1)
(28,19)
(98,4)
(36,18)
(63,3)
(34,14)
(74,3)
(37,4)
(54,2)
(37,15)
(77,15)
(41,15)
(63,3)
(37,13)
(53,15)
(96,3)
(46,12)
(81,3)
(56,11)
(43,0)
(51,16)
(73,11)
(100,18)
(76,4)
(47,7)
(67,3)
(65,2)
(74,9)
(65,6)
(80,10)
(50,13)
(69,18)
(70,10)
(44,16)
(47,4)
(46,17)
(73,1)
(41,13)
(86,3)
(25,0)
(95,16)
(53,9)
(30,2)
(63,2)
(30,10)
(102,1)
(56,8)
(63,12)
(72,8)
(50,18)
(70,8)
(59,11)
(25,1)
(31,3)
(37,4)
(54,6)
(41,4)
(95,5)
(48,18)
(68,2)
(44,18)
(43,14)
(96,18)
(100,9)
(71,8)
(43,8)
(93,3)
(82,19)
(75,2)
(77,3)
(28,8)
(55,2)
(97,0)
(43,12)
(83,9)
(31,18)
(67,7)
(102,3)
(43,17)
(46,6)
(60,2)
(44,5)
(97,6)
(73,1)
(102,0)
(74,1)
(78,17)
(32,2)
(70,11)
(47,15)
(53,6)
(82,17)
(69,0)
(47,2)
(85,5)
(87,3)
(33,18)
(64,11)
(91,8)
(55,13)
(71,6)
(90,7)
(79,7)
(27,19)
(68,1)
(88,3)
(65,0)
(84,8)
(51,3)
(33,9)
(97,0)
(53,15)
(91,19)
(78,0)
(33,1)
(38,16)
(33,4)
(52,10)
(31,5)
(79,16)
(87,14)
(98,3)
(73,11)
(48,0)
(30,2)
(74,7)
(65,17)
(94,5)
(66,10)
(53,1)
(77,9)
(91,16)
(90,7)
(37,10)
(77,0)
(72,19)
(34,10)
(28,0)
(101,1)
(63,11)
(36,5)

(41,0)
(40,1)
(42,2)
(42,3)
(42,4)
(40,5)
(40,6)
(40,7)
(41,8)
(42,9)
(40,10)
(42,11)
(40,12)
(40,13)
(42,14)
(42,15)
(41,16)
(42,17)
(40,18)
(42,19)
(65,14)
(52,19)
(86,18)
(98,15)
(34,2)
(65,3)
(38,9)
(69,1)
(96,16)
(82,6)
(87,0)
(90,13)
(31,9)
(81,3)
(29,6)
(68,9)
(91,0)
(66,15)
(73,9)
(30,17)
(101,10)
(78,15)
(37,18)
(80,9)
(94,1)
(45,14)
(85,15)
(48,7)
(55,7)
(42,2)
(81,15)
(88,9)
(46,10)
(72,6)
(43,12)
(102,15)
(64,13)
(42,5)
(100,13)
(98,4)
(57,19)
(55,8)
(86,0)
(70,5)
(60,16)
(25,0)
(51,9)
(71,6)
(91,3)
(56,0)
(85,10)
(92,18)
(102,10)
(47,0)
(61,0)
(53,16)
(80,2)
(51,11)
(28,7)
(31,4)
(76,1)
(40,6)
(80,10)
(33,17)
(40,14)
(73,14)
(65,8)
(50,10)
(99,5)
(72,17)
(54,3)
(37,13)
(84,4)
(46,0)
(54,0)
(85,4)
(47,8)
(65,0)
(67,2)
(74,10)
(54,6)
(57,10)
(77,13)
(74,12)
(27,1)
(69,6)
(92,19)
(34,6)
(55,5)
(52,16)
(82,13)
(68,8)
(47,19)
(55,2)
(54,19)
(30,3)
(31,16)
(101,4)
(71,0)
(30,0)
(52,14)
(37,0)
(27,6)
(43,1)
(77,2)
(79,14)
(95,16)
(39,10)
(74,1)
(67,0)
(81,0)
(90,6)
(55,2)
(57,11)
(41,13)
(101,6)
(33,12)
(73,6)
(25,0)
(48,2)
(66,7)
(79,3)
(93,1)
(99,12)
(57,7)
(26,0)
(76,0)
(31,0)
(48,1)
(102,8)
(77,11)
(95,13)
(44,17)
(31,15)
(29,3)
(58,9)
(48,10)
(91,19)
(97,17)
(47,17)
(73,14)
(67,1)
(94,0)
(27,6)
(91,3)
(73,2)
(75,18)
(40,10)
(40,0)
(53,8)
(30,2)
(95,1)
(57,7)
(99,0)
(47,0)
(53,2)
(80,0)
(76,11)
(74,2)
(86,17)
(61,19)
(102,16)
(94,11)
(101,0)
(80,5)
(93,5)
(67,7)
(97,3)
(70,0)
(25,8)
(90,7)
(28,19)
(65,15)
(94,8)
(67,8)
(76,7)
(89,15)
(48,15)
(51,11)
(72,6)
(42,13)
(74,0)
(41,0)
(55,19)
(89,0)
(61,15)
(43,1)
(40,14)
(61,2)
(65,14)
(47,10)
(26,6)
(86,12)
(54,18)
(96,13)
(96,16)
(30,5)
(54,13)
(44,11)
(42,1)
(74,4)
(95,9)
(79,0)
(93,9)
(33,0)
(95,5)
(66,5)
(67,7)
(75,8)
(67,0)
(79,1)
(99,2)
(62,3)
(80,5)
(30,1)
(61,5)
(99,5)
(75,7)
(66,16)
(57,6)
(34,0)
(100,12)
(40,5)
(50,6)
(42,4)
(102,0)
(41,0)
(63,11)
(52,4)
(74,10)
(90,1)
(43,2)
(57,15)
(44,10)
(53,5)
(42,5)
(97,4)
(53,1)
(29,14)
(86,13)
(68,4)
(33,2)
(42,5)
(49,9)
(50,17)
(70,12)
(91,15)
(102,18)
(101,5)
(66,3)
(30,9)
(25,7)
(27,7)
(28,1)
(65,16)
(69,5)
(66,19)
(100,2)
(33,19)
(86,6)
(37,1)
(63,13)
(30,1)
(88,6)
(54,18)
(69,6)
(66,16)
(61,2)
(40,3)
(48,12)
(49,3)
(53,17)
(81,7)
(96,5)
(91,3)
(75,15)
(35,4)
(37,10)
(25,7)
(45,14)
(101,1)
(59,12)
(54,11)
(39,19)
(39,15)
(79,5)
(45,15)
(32,8)
(43,7)
(29,3)
(38,1)
(94,8)
(38,10)
(41,11)
(68,4)
(62,2)
(44,15)
(27,9)
(41,0)
(79,0)
(36,6)
(68,4)
(41,13)
(59,10)
(28,13)
(35,10)
(31,1)
(91,16)
(101,8)
(64,11)
(48,6)
(81,1)
(58,4)
(81,7)
(73,1)
(58,4)
(68,1)
(74,7)
(29,3)
(61,4)
(26,7)
(42,18)
(70,2)
(27,1)
(93,4)
(80,12)
(25,0)
(64,13)
(51,1)
(86,6)
(73,1)
(59,11)
(37,13)
(80,18)
(63,16)
(87,6)
(71,18)
(86,2)
(47,2)
(49,17)
(55,15)
(27,14)
(34,18)
(91,10)
(50,9)
(87,1)
(101,7)
(84,3)
(85,9)
(40,8)
(43,18)
(45,6)
(86,2)
(67,18)
(71,5)
(87,14)
(54,18)
(62,0)
(73,1)
(73,5)
(97,10)
(76,5)
(43,8)
(72,3)
(55,2)
(50,3)
(98,4)
(50,8)
(36,17)
(41,11)
(97,15)
(91,15)
(71,15)
(55,10)
(56,19)
(51,4)
(89,17)
(87,12)
(81,12)
(61,3)
(95,2)
(89,10)
(92,11)
(85,9)
(102,13)
(57,1)
(43,2)
(70,18)
(84,11)
(57,3)
(43,17)
(77,6)
(93,13)
(45,3)
(88,2)
(77,11)
(75,17)
(65,7)
(68,6)
(40,2)
(42,7)
(89,19)
(51,3)
(63,13)
(48,11)
(94,3)
(72,7)
(57,7)
(62,2)
(36,9)
(58,2)
(84,4)
(78,1)
(36,19)
(61,15)
(97,10)
(61,11)
(43,2)
(42,18)
(58,5)
(60,0)
(68,4)
(52,0)
(58,2)
(96,13)
(86,7)
(45,3)
(54,0)
(46,19)
(45,3)
(90,15)
(65,6)
(68,15)
(40,2)
(33,13)
(86,14)
(91,18)
(89,13)
(33,7)
(30,3)
(95,3)
(95,11)
(27,6)
(25,14)
(36,11)
(30,0)
(86,8)
(28,12)
(41,5)
(91,2)
(31,13)
(63,9)
(58,6)
(75,9)
(33,17)
(27,15)
(38,5)
(95,9)
(43,4)
(89,3)
(47,2)
(69,17)
(52,11)
(40,6)
(49,10)
(41,0)
(98,14)
(77,2)
(40,5)
(50,1)
(69,13)
(36,17)
(49,1)
(56,4)
(55,15)
(40,1)
(78,18)
(53,16)
(83,5)
(39,7)
(59,14)
(44,10)
(51,3)
(68,18)
(88,3)
(32,19)
(28,7)
(52,16)
(87,15)
(91,17)
(52,4)
(80,2)
(77,2)
(47,8)
(94,13)
(60,11)
(33,12)
(67,3)
(37,3)
(39,18)
(78,0)
(32,7)
(92,12)
(39,8)
(34,7)
(83,7)
(38,17)
(85,5)
(75,3)
(67,2)
(49,8)
(43,9)
(45,14)
(70,7)
(61,19)
(97,10)
(48,0)
(86,3)
(30,10)
(101,1)
(26,2)
(85,0)
(25,2)
(42,2)
(65,13)
(88,5)
(52,0)
(99,2)
(88,1)
(56,0)
(81,15)
(49,16)
(59,0)
(36,13)
(78,0)
(92,7)
(58,2)
(65,14)
(101,3)
(87,1)
(30,3)
(39,14)
(69,1)
(99,4)
(97,17)
(98,14)
(63,19)
(33,0)
(49,2)
(71,6)
(85,14)
(59,10)
(95,7)
(74,13)
(26,16)
(39,12)
(74,8)
(26,4)
(32,18)
(43,0)
(45,15)
(79,7)
(44,1)
(59,12)
(69,2)
(91,14)
(64,4)
(26,12)
(57,8)
(42,18)
(32,4)
(29,15)
(65,6)
(76,18)
(99,10)
(45,11)
(38,0)
(83,8)
(72,4)
(42,1)
(100,17)
(101,16)
(94,1)
(43,2)
(53,16)
(57,1)
(70,4)
(26,12)
(47,2)
(25,1)
(85,18)
(83,3)
(96,8)
(37,1)
(70,12)
(42,13)
(34,1)
(73,8)
(65,8)
(59,12)
(26,11)
(53,3)
(46,10)
(34,8)
(96,12)
(100,12)
(95,0)
(51,1)
(30,14)
(75,14)
(41,0)
(55,19)
(64,0)
(75,3)
(80,2)
(67,1)
(97,3)
(55,6)
(60,4)
(88,10)
(62,5)
(37,16)
(83,1)
(89,0)
(32,10)
(28,11)
(91,14)
(80,7)
(102,15)
(93,15)
(74,6)
(47,18)
(76,3)
(70,15)
(54,11)
(68,18)
(44,3)
(99,11)
(87,2)
(57,1)
(97,2)
(76,1)
(60,12)
(77,2)
(75,17)
(47,11)
(87,15)
(58,8)
(31,12)
(89,5)
(56,8)
(83,0)
(61,9)
(52,9)
(56,18)
(91,6)
(61,18)
(34,18)
(71,0)
(64,9)
(54,0)
(29,0)
(40,19)
(92,9)
(80,6)
(100,0)
(80,9)
(31,6)
(39,19)
(59,1)
(25,11)
(51,5)
(80,16)
(57,0)
(55,4)
(58,17)
(90,4)
(85,17)
(101,1)
(48,3)
(97,2)
(75,4)
(58,5)
(31,18)
(45,18)
(57,7)
(50,5)
(62,1)
(29,6)
(51,4)
(38,9)
(25,15)
(52,19)
(85,18)
(26,0)
(45,6)
(77,6)
(94,15)
(54,1)
(32,5)
(92,5)
(56,2)
(69,1)
(75,4)
(30,7)
(74,19)
(98,2)
(71,0)
(48,16)
(35,4)
(30,15)
(97,18)
(96,15)
(88,5)
(29,0)
(65,11)
(91,9)
(98,6)
(64,0)
(32,0)
(69,1)
(26,19)
(77,5)
(93,2)
(28,4)
(28,2)
(100,0)
(60,8)
(49,12)
(32,16)
(33,5)
(34,6)
(60,6)
(50,4)
(34,7)
(80,9)
(26,0)
(37,7)
(78,2)
(43,15)
(63,1)
(76,7)
(84,2)
(87,11)
(45,15)
(76,3)
(90,15)
(83,1)
(27,11)
(99,0)
(84,2)
(45,12)
(25,3)
(48,10)
(27,13)
(50,8)
(59,0)
(61,6)
(43,2)
(79,3)
(92,7)
(43,4)
(64,5)
(77,0)
(51,0)
(37,16)
(59,8)
(72,10)
(100,18)
(27,1)
(37,9)
(40,17)
(48,2)
(98,3)
(67,17)
(102,8)
(32,13)
(34,9)
(49,8)
(79,0)
(96,9)
(88,3)
(72,18)
(60,13)
(101,9)
(61,4)
(62,1)
(101,7)
(99,0)
(37,1)
(69,0)
(97,11)
(88,19)
(100,5)
(54,12)
(95,2)
(58,16)
(79,6)
(46,10)
(66,5)
(29,6)
(94,18)
(90,8)
(70,3)
(71,19)
(65,18)
(79,1)
(84,11)
(63,7)
(87,10)
(35,10)
(35,19)
(64,17)
(46,9)
(95,3)
(40,5)
(42,10)
(32,11)
(42,4)
(71,15)
(41,6)
(61,2)
(27,4)
(32,8)
(99,2)
(40,6)
(48,4)
(95,16)
(55,19)
(55,18)
(82,5)
(48,3)
(66,8)
(46,16)
(80,5)
(41,10)
(35,16)
(28,10)
(85,6)
(77,9)
(68,18)
(101,4)
(51,2)
(77,14)
(85,2)
(80,13)
(59,3)
(77,14)
(76,16)
(25,5)
(58,1)
(86,14)
(37,19)
(96,5)
(59,9)
(29,11)
(53,11)
(52,6)
(45,3)
(56,13)
(87,2)
(90,1)
(33,3)
(36,0)
(26,0)
(57,19)
(61,18)
(45,7)
(81,0)
(48,8)
(27,6)
(86,15)
(84,5)
(46,1)
(58,11)
(97,11)
(89,12)
(95,5)
(85,2)
(98,17)
(45,1)
(61,5)
(26,1)
(75,14)
(61,13)
(48,0)
(89,10)
(46,3)
(48,12)
(61,8)
(42,0)
(74,3)
(82,13)
(40,0)
(90,6)
(50,0)
(57,8)
(71,9)
(97,12)
(96,5)
(45,2)
(88,19)
(74,3)
(46,11)
(35,13)
(62,6)
(40,18)
(67,12)
(100,15)
(42,13)
(94,14)
(29,16)
(70,18)
(46,0)
(57,14)
(68,16)
(49,9)
(34,1)
(70,13)
(97,8)
(25,17)
(74,5)
(61,19)
(87,12)
(77,19)
(43,1)
(69,7)
(83,12)
(30,7)
(90,13)
(30,14)
(39,19)
(54,2)
(36,8)
(74,0)
(38,2)
(71,1)
(50,1)
(81,1)
(25,13)
(71,14)
(78,13)
(88,6)
(99,18)
(41,19)
(70,8)
(43,0)
(30,8)
(59,15)
(74,19)
(57,8)
(98,5)
(82,19)
(79,0)
(63,6)
(91,9)
(66,5)
(32,13)
(79,15)
(31,8)
(100,0)
(46,9)
(29,0)
(80,10)
(54,7)
(62,1)
(93,0)
(74,0)
(92,17)
(60,4)
(35,10)
(102,10)
(78,2)
(87,3)
(70,0)
(31,6)
(29,14)
(48,18)
(37,2)
(94,0)
(93,5)
(78,4)
(89,13)
(77,17)
(34,17)
(52,7)
(90,9)
(91,0)
(34,2)
(79,2)
(90,2)
(83,9)
(97,4)
(64,13)
(58,6)
(44,6)
(89,4)
(56,13)
(99,15)
(30,16)
(79,18)
(79,13)
(75,16)
(33,0)
(46,0)
(57,19)
(81,2)
(48,2)
(96,9)
(69,3)
(91,11)
(77,8)
(81,18)
(47,4)
(59,4)
(67,0)
(35,6)
(59,0)
(73,6)
(101,6)
(74,1)
(76,5)
(66,9)
(25,18)
(47,14)
(47,6)
(84,8)
(40,5)
(71,6)
(78,3)
(38,13)
(41,16)
(49,0)
(67,5)
(89,6)
(28,12)
(25,15)
(60,11)
(30,0)
(63,1)
(83,19)
(88,3)
(97,0)
(32,5)
(96,14)
(77,8)
(76,5)
(30,17)
(87,15)
(91,17)
(81,1)
(97,4)
(33,1)
(93,6)
(91,15)
(59,8)
(81,7)
(43,14)
(68,5)
(63,16)
(30,3)
(80,3)
(75,2)
(80,11)
(73,7)
(69,17)
(51,8)
(44,8)
(44,6)
(52,1)
(67,17)
(52,9)
(35,18)
(83,16)
(71,4)
(30,8)
(50,19)
(91,6)
(92,6)
(52,8)
(95,1)
(82,18)
(96,0)
(97,19)
(44,10)
(26,17)
(36,19)
(86,3)
(83,4)
(65,4)
(32,9)
(55,19)
(52,16)
(80,5)
(50,1)
(31,15)
(49,0)
(101,6)
(45,5)
(37,10)
(33,12)
(27,7)
(79,16)
(72,16)
(89,2)
(50,9)
(36,1)
(66,17)
(54,4)
(92,16)
(67,6)
(102,13)
(102,6)
(31,16)
(74,19)
(95,10)
(76,10)
(28,9)
(79,2)
(58,17)
(76,7)
(29,6)
(99,4)
(94,8)
(101,19)
(52,18)
(49,12)
(101,11)
(52,5)
(82,10)
(76,0)
(98,6)
(75,8)
(101,11)
(66,19)
(38,1)
(85,1)
(79,0)
(44,3)
(28,7)
(68,0)
(100,5)
(47,8)
(101,18)
(47,15)
(94,4)
(91,13)
(62,11)
(28,7)
(67,3)
(38,7)
(93,4)
(69,0)
(61,17)
(94,0)
(53,0)
(60,11)
(49,16)
(83,14)
(57,9)
(44,7)
(45,8)
(84,7)
(94,7)
(46,3)
(75,5)
(29,2)
(82,11)
(75,17)
(32,8)
(58,15)
(65,6)
(26,10)
(89,0)
(60,9)
(46,9)
(36,6)
(83,11)
(62,3)
(50,12)
(52,19)
(61,12)
(59,11)
(100,8)
(61,12)
(88,1)
(96,10)
(68,7)
(88,3)
(58,14)
(100,4)
(58,7)
(87,11)
(34,11)
(32,7)
(94,3)
(82,15)
(69,14)
(45,3)
(64,7)
(87,6)
(28,8)
(63,8)
(91,3)
(95,6)
(71,17)
(28,9)
(61,0)
(65,10)
(32,3)
(47,2)
(95,13)
(61,2)
(32,7)
(92,2)
(25,9)
(25,3)
(46,1)
(75,6)
(41,16)
(100,11)
(41,17)
(59,17)
(84,9)
(82,15)
(42,15)
(32,7)
(102,4)
(98,18)
(75,5)
(37,15)
(39,0)
(91,2)
(90,0)
(101,0)
(90,2)
(87,10)
(32,5)
(58,15)
(92,2)
(96,3)
(66,6)
(60,3)
(96,9)
(65,4)
(57,11)
(50,11)
(89,10)
(35,0)
(38,0)
(47,4)
(26,11)
(27,0)
(33,9)
(62,19)
(55,0)
(84,19)
(49,15)
(45,14)
(30,0)
(52,14)
(45,9)
(50,18)
(81,8)
(51,0)
(90,1)
(46,5)
(25,5)
(78,19)
(53,19)
(30,10)
(63,4)
(92,3)
(50,9)
(91,16)
(48,6)
(33,8)
(71,17)
(49,3)
(42,0)
(40,13)
(33,7)
(58,6)
(78,9)
(60,5)
(54,12)
(102,18)
(35,2)
(38,5)
(90,15)
(76,6)
(56,1)
(37,19)
(71,0)
(49,15)
(70,5)
(95,14)
(100,0)
(46,0)
(43,1)
(64,0)
(70,7)
(82,3)
(58,14)
(29,1)
(71,0)
(81,9)
(27,4)
(55,12)
(33,4)
(62,1)
(30,1)
(36,11)
(77,5)
(51,8)
(34,1)
(38,10)
(35,9)
(38,7)
(85,0)
(32,6)
(77,0)
(88,9)
(43,4)
(74,5)
(60,2)
(43,16)
(66,1)
(69,9)
(34,19)
(98,12)
(26,4)
(54,4)
(45,12)
(38,18)
(52,11)
(28,8)
(79,7)
(90,10)
(33,4)
(84,4)
(72,4)
(60,19)
(76,4)
(69,16)
(27,0)
(73,0)
(42,5)
(86,11)
(76,2)
(74,0)
(71,19)
(69,18)
(48,9)
(92,4)
(60,2)
(32,14)
(40,17)
(84,3)
(87,14)
(53,17)
(53,7)
(96,2)
(55,2)
(92,6)
(72,1)
(31,10)
(74,11)
(38,11)
(63,1)
(74,13)
(79,17)
(69,15)
(36,0)
(33,9)
(56,16)
(40,2)
(92,2)
(30,8)
(101,7)
(90,3)
(85,4)
(45,14)
(66,6)
(86,1)
(91,1)
(95,9)
(44,4)
(36,17)
(32,1)
(70,0)
(26,9)
(87,12)
(36,9)
(58,18)
(79,17)
(97,11)
(45,4)
(29,6)
(49,7)
(59,2)
(81,15)
(31,19)
(94,9)
(93,2)
(55,12)
(64,3)
(93,6)
(32,10)
(75,13)
(43,10)
(57,0)
(65,9)
(76,6)
(58,16)
(93,0)
(28,1)
(31,0)
(37,13)
(43,2)
(55,1)
(82,0)
(32,9)
(55,0)
(39,10)
(72,9)
(73,15)
(37,1)
(48,12)
(95,11)
(42,13)
(46,8)
(44,9)
(48,9)
(53,10)
(88,2)
(83,3)
(88,3)
(57,2)
(45,0)
(29,8)
(31,0)
(71,1)
(86,16)
(66,17)
(45,10)
(58,12)
(73,13)
(75,14)
(63,3)
(87,17)
(65,6)
(91,2)
(87,10)
(27,3)
(56,16)
(50,5)
(45,16)
(72,0)
(65,9)
(51,0)
(54,3)
(92,0)
(81,2)
(95,12)
(96,15)
(81,2)
(68,9)
(43,6)
(53,10)
(66,2)
(28,1)
(85,1)
(97,3)
(75,13)
(98,11)
(100,6)
(29,19)
(67,16)
(55,8)
(46,0)
(37,7)
(50,12)
(93,0)
(86,17)
(30,18)
(94,6)
(67,3)
(46,2)
(33,7)
(37,12)
(59,3)
(48,6)
(48,7)
(37,8)
(41,14)
(69,3)
(50,6)
(39,0)
(53,1)
(32,4)
(88,1)
(96,18)
(37,15)
(48,5)
(92,5)
(56,0)
(52,0)
(67,0)
(34,12)
(26,16)
(76,9)
(87,2)
(81,7)
(29,6)
(97,14)
(81,6)
(71,18)
(43,4)
(99,11)
(82,19)
(36,4)
(53,9)
(95,0)
(94,6)
(92,7)
(68,9)
(76,11)
(101,4)
(46,13)
(76,0)
(102,5)
(78,14)
(41,18)
(95,0)
(34,15)
(33,8)
(65,2)
(78,0)
(42,1)
(25,0)
(53,4)
(72,17)
(48,12)
(94,4)
(102,14)
(69,6)
(52,6)
(38,7)
(65,17)
(76,15)
(41,3)
(36,18)
(29,0)
(39,3)
(31,10)
(92,12)
(31,5)
(29,16)
(69,6)
(56,9)
(80,5)
(77,3)
(69,7)
(84,1)
(87,7)
(84,18)
(65,18)
(58,6)
(100,13)
(33,2)
(53,19)
(53,0)
(29,2)
(62,6)
(40,11)
(30,4)
(64,1)
(57,10)
(61,11)
(87,12)
(52,4)
(101,10)
(78,6)
(80,17)
(101,16)
(72,0)
(42,2)
(79,8)
(99,0)
(29,2)
(60,12)
(25,18)
(28,12)
(95,1)
(55,16)
(68,10)
(58,19)
(88,12)
(46,14)
(34,3)
(75,15)
(27,0)
(33,6)
(44,3)
(80,4)
(53,1)
(67,12)
(62,8)
(55,10)
(39,17)
(29,19)
(49,14)
(42,2)
(27,12)
(78,4)
(42,0)
(83,5)
(34,7)
(88,1)
(73,12)
(78,5)
(83,4)
(63,0)
(78,6)
(69,4)
(59,9)
(31,5)
(91,13)
(87,19)
(60,11)
(28,8)
(64,18)
(64,4)
(29,18)
(65,19)
(85,7)
(67,10)
(93,10)
(58,2)
(79,19)
(73,17)
(51,16)
(40,3)
(64,2)
(33,4)
(83,19)
(64,9)
(57,5)
(72,0)
(83,3)
(31,12)
(67,10)
(67,6)
(28,3)
(46,14)
(89,3)
(77,3)
(78,1)
(102,9)
(71,6)
(71,0)
(60,14)
(71,1)
(94,9)
(37,0)
(91,1)
(46,7)
(79,1)
(64,11)
(66,15)
(29,2)
(50,1)
(40,16)
(64,16)
(97,4)
(59,10)
(70,16)
(41,18)
(82,9)
(31,19)
(30,7)
(98,0)
(55,3)
(87,17)
(37,17)
(96,0)
(52,3)
(82,8)
(36,6)
(51,7)
(38,10)
(63,3)
(61,3)
(77,0)
(59,1)
(47,1)
(97,19)
(79,4)
(75,11)
(89,9)
(65,19)
(47,0)
(80,16)
(25,18)
(70,18)
(40,17)
(33,8)
(102,6)
(44,0)
(34,11)
(80,12)
(66,16)
(96,12)
(60,2)
(51,7)
(39,16)
(54,6)
(33,3)
(96,14)
(25,9)
(69,0)
(29,3)
(54,0)
(77,14)
(29,6)
(77,5)
(48,1)
(40,12)
(27,16)
(57,3)
(30,13)
(65,16)
(96,3)
(50,15)
(41,6)
(42,16)
(97,2)
(36,14)
(88,13)
(25,17)
(45,8)
(64,7)
(62,0)
(66,6)
(46,16)
(91,0)
(68,19)
(30,1)
(73,2)
(70,12)
(88,17)
(67,11)
(87,1)
(51,2)
(36,10)
(56,5)
(76,5)
(41,5)
(75,8)
(43,17)
(27,9)
(61,14)
(66,9)
(52,0)
(91,13)
(67,7)
(99,0)
(79,1)
(57,2)
(76,4)
(62,0)
(63,16)
(71,0)
(51,1)
(59,18)
(33,19)
(25,9)
(88,19)
(44,1)
(91,0)
(88,2)
(67,8)
(88,2)
(69,9)
(78,2)
(101,5)
(73,17)
(25,12)
(54,0)
(43,5)
(44,3)
(62,9)
(68,4)
(76,8)
(43,1)
(26,2)
(34,16)
(34,19)
(60,8)
(70,4)
(89,3)
(82,0)
(81,0)
(63,3)
(101,3)
(76,10)
(37,10)
(50,1)
(64,8)
(41,0)
(54,2)
(89,19)
(61,5)
(76,16)
(60,15)
(71,16)
(86,11)
(68,0)
(59,0)
(40,3)
(42,3)
(36,13)
(60,0)
(45,0)
(44,0)
(55,19)
(45,14)
(91,7)
(58,12)
(55,9)
(82,17)
(35,15)
(86,1)
(50,8)
(38,8)
(35,19)
(47,1)
(39,5)
(26,14)
(43,7)
(44,17)
(38,15)
(65,0)
(59,1)
(61,19)
(66,10)
(62,0)
(53,10)
(81,13)
(53,6)
(68,4)
(41,3)
(46,7)
(39,0)
(37,3)
(39,17)
(79,0)
(63,9)
(55,4)
(51,12)
(60,8)
(53,12)
(90,12)
(38,2)
(78,17)
(82,3)
(52,8)
(33,19)
(45,0)
(90,6)
(87,19)
(25,14)
(67,17)
(55,1)
(33,12)
(83,10)
(98,11)
(77,3)
(46,6)
(34,4)
(78,3)
(59,3)
(53,12)
(81,4)
(51,7)
(72,6)
(63,0)
(64,7)
(51,3)
(50,11)
(100,1)
(99,13)
(27,2)
(60,2)
(98,3)
(41,9)
(38,7)
(86,10)
(85,9)
(28,11)
(93,14)
(71,12)
(88,12)
(50,8)
(71,2)
(37,12)
(83,3)
(50,9)
(32,3)
(36,4)
(53,3)
(60,6)
(100,3)
(29,3)
(84,9)
(27,18)
(69,11)
(84,6)
(90,16)
(79,5)
(59,2)
(35,1)
(83,2)
(87,7)
(63,0)
(55,4)
(73,10)
(34,3)
(40,15)
(44,11)
(93,1)
(94,18)
(59,0)
(86,0)
(75,19)
(53,9)
(73,6)
(27,2)
(72,0)
(85,0)
(75,17)
(32,17)
(69,0)
(54,3)
(43,11)
(34,10)
(53,13)
(54,10)
(68,12)
(93,7)
(28,5)
(37,0)
(64,4)
(46,0)
(43,12)
(68,12)
(81,3)
(53,17)
(52,5)
(45,10)
(33,5)
(33,6)
(51,5)
(30,1)
(84,14)
(53,18)
(46,0)
(82,9)
(52,18)
(66,10)
(32,11)
(61,1)
(37,1)
(94,4)
(27,6)
(52,5)
(79,6)
(83,17)
(62,7)
(100,10)
(36,14)
(81,8)
(86,8)
(60,0)
(97,14)
(67,2)
(44,0)
(63,3)
(89,0)
(74,1)
(91,14)
(30,8)
(98,17)
(27,15)
(61,11)
(94,15)
(39,16)
(48,6)
(45,4)
(46,6)
(44,1)
(79,7)
(100,7)
(55,13)
(96,5)
(37,6)
(33,7)
(35,5)
(34,11)
(59,4)
(78,7)
(93,18)
(91,16)
(38,9)
(96,15)
(44,13)
(86,3)
(36,0)
(88,8)
(81,9)
(37,8)
(49,4)
(30,19)
(64,17)
(86,3)
(95,7)
(97,19)
(66,0)
(84,8)
(38,14)
(44,16)
(68,12)
(87,2)
(31,9)
(69,1)
(58,18)
(75,3)
(35,19)
(88,6)
(67,16)
(74,14)
(90,16)
(52,4)
(33,2)
(78,6)
(78,17)
(69,15)
(101,13)
(48,1)
(41,6)
(90,7)
(68,0)
(42,8)
(84,2)
(34,19)
(45,4)
(58,19)
(58,17)
(66,19)
(85,15)
(72,0)
(79,0)
(32,7)
(46,7)
(81,7)
(98,8)
(42,14)
(77,5)
(100,9)
(61,0)
(99,4)
(88,16)
(50,3)
(79,10)
(73,12)
(74,0)
(51,2)
(67,0)
(97,5)
(58,7)
(63,11)
(86,12)
(88,2)
(71,9)
(74,14)
(52,10)
(70,1)
(66,10)
(98,1)
(28,19)
(98,4)
(36,18)
(63,3)
(34,14)
(74,3)
(37,4)
(54,2)
(37,15)
(77,15)
(41,15)
(63,3)
(37,13)
(53,15)
(96,3)
(46,12)
(81,3)
(56,11)
(43,0)
(51,16)
(73,11)
(100,18)
(76,4)
(47,7)
(67,3)
(65,2)
(74,9)
(65,6)
(80,10)
(50,13)
(69,18)
(70,10)
(44,16)
(47,4)
(46,17)
(73,1)
(41,13)
(86,3)
(25,0)
(95,16)
(53,9)
(30,2)
(63,2)
(30,10)
(102,1)
(56,8)
(63,12)
(72,8)
(50,18)
(70,8)
(59,11)
(25,1)
(31,3)
(37,4)
(54,6)
(41,4)
(95,5)
(48,18)
(68,2)
(44,18)
(43,14)
(96,18)
(100,9)
(71,8)
(43,8)
(93,3)
(82,19)
(75,2)
(77,3)
(28,8)
(55,2)
(97,0)
(43,12)
(83,9)
(31,18)
(67,7)
(102,3)
(43,17)
(46,6)
(60,2)
(44,5)
(97,6)
(73,1)
(102,0)
(74,1)
(78,17)
(32,2)
(70,11)
(47,15)
(53,6)
(82,17)
(69,0)
(47,2)
(85,5)
(87,3)
(33,18)
(64,11)
(91,8)
(55,13)
(71,6)
(90,7)
(79,7)
(27,19)
(68,1)
(88,3)
(65,0)
(84,8)
(51,3)
(33,9)
(97,0)
(53,15)
(91,19)
(78,0)
(33,1)
(38,16)
(33,4)
(52,10)
(31,5)
(79,16)
(87,14)
(98,3)
(73,11)
(48,0)
(30,2)
(74,7)
(65,17)
(94,5)
(66,10)
(53,1)
(77,9)
(91,16)
(90,7)
(37,10)
(77,0)
(72,19)
(34,10)
(28,0)
(101,1)
(63,11)
(36,5)
0.popular= 0.100889
1.popular= 0.068444
2.popular= 0.067556
3.popular= 0.068000
4.popular= 0.052444
5.popular= 0.049778
6.popular= 0.060889
7.popular= 0.050667
8.popular= 0.046667
9.popular= 0.049778
10.popular= 0.044000
11.popular= 0.040889
12.popular= 0.038222
13.popular= 0.034222
14.popular= 0.034222
15.popular= 0.038667
16.popular= 0.037778
17.popular= 0.037333
18.popular= 0.038667
19.popular= 0.040889

peer 0 neighbors is: 86, 85, 75, 93, 23, 10, 84, 13, 49, 95, 5, 29, 41, 42, 
peer 1 neighbors is: 66, 25, 44, 62, 78, 34, 29, 24, 13, 8, 15, 18, 35, 39, 
peer 2 neighbors is: 62, 17, 97, 4, 76, 98, 61, 47, 85, 83, 3, 13, 
peer 3 neighbors is: 100, 21, 43, 83, 2, 25, 9, 17, 65, 59, 5, 14, 80, 
peer 4 neighbors is: 2, 59, 87, 29, 58, 38, 75, 88, 71, 12, 24, 31, 
peer 5 neighbors is: 63, 0, 46, 95, 73, 3, 69, 88, 33, 94, 26, 32, 35, 
peer 6 neighbors is: 101, 19, 16, 13, 43, 65, 74, 45, 102, 72, 10, 12, 17, 21, 
peer 7 neighbors is: 14, 67, 55, 61, 77, 69, 87, 23, 52, 10, 20, 28, 34, 
peer 8 neighbors is: 1, 100, 51, 60, 94, 90, 75, 40, 42, 9, 12, 14, 20, 21, 
peer 9 neighbors is: 3, 8, 34, 88, 40, 13, 18, 33, 101, 82, 20, 25, 26, 28, 36, 39, 42, 
peer 10 neighbors is: 0, 7, 26, 88, 11, 98, 6, 35, 27, 86, 19, 36, 
peer 11 neighbors is: 10, 97, 61, 94, 57, 39, 75, 22, 27, 23, 12, 15, 41, 
peer 12 neighbors is: 4, 94, 64, 72, 6, 24, 11, 25, 8, 26, 18, 
peer 13 neighbors is: 0, 1, 6, 9, 20, 2, 39, 60, 89, 36, 16, 30, 31, 33, 
peer 14 neighbors is: 7, 3, 8, 32, 82, 67, 91, 83, 21, 62, 15, 22, 
peer 15 neighbors is: 11, 94, 38, 36, 44, 14, 76, 1, 49, 84, 18, 
peer 16 neighbors is: 6, 38, 61, 41, 31, 13, 57, 27, 54, 63, 19, 25, 
peer 17 neighbors is: 2, 3, 65, 67, 95, 91, 58, 34, 33, 6, 23, 
peer 18 neighbors is: 9, 50, 12, 87, 52, 37, 57, 15, 1, 83, 19, 24, 
peer 19 neighbors is: 6, 16, 30, 53, 74, 10, 72, 18, 76, 37, 32, 
peer 20 neighbors is: 13, 36, 86, 87, 7, 27, 8, 9, 90, 42, 34, 39, 
peer 21 neighbors is: 3, 14, 95, 73, 6, 65, 24, 47, 25, 8, 
peer 22 neighbors is: 11, 76, 43, 71, 33, 40, 96, 67, 14, 55, 
peer 23 neighbors is: 0, 7, 11, 49, 67, 66, 93, 17, 75, 42, 29, 35, 54, 
peer 24 neighbors is: 1, 12, 21, 62, 36, 4, 94, 51, 18, 78, 39, 
peer 25 neighbors is: 1, 3, 12, 21, 100, 76, 16, 9, 44, 89, 
peer 26 neighbors is: 10, 12, 9, 101, 91, 83, 56, 86, 50, 5, 
peer 27 neighbors is: 10, 11, 16, 20, 86, 67, 87, 98, 88, 66, 33, 41, 
peer 28 neighbors is: 9, 29, 7, 76, 66, 33, 53, 58, 70, 97, 
peer 29 neighbors is: 1, 4, 28, 100, 0, 102, 41, 86, 70, 23, 
peer 30 neighbors is: 19, 45, 13, 72, 47, 49, 73, 48, 63, 86, 
peer 31 neighbors is: 16, 13, 42, 81, 62, 59, 32, 38, 48, 4, 
peer 32 neighbors is: 14, 31, 44, 19, 5, 48, 45, 61, 74, 93, 
peer 33 neighbors is: 5, 9, 17, 22, 28, 27, 44, 67, 13, 41, 37, 40, 
peer 34 neighbors is: 1, 9, 17, 20, 93, 7, 58, 68, 77, 102, 92, 
peer 35 neighbors is: 10, 1, 68, 23, 93, 50, 41, 59, 5, 86, 
peer 36 neighbors is: 13, 15, 20, 24, 10, 52, 38, 9, 41, 53, 
peer 37 neighbors is: 18, 19, 62, 55, 46, 101, 70, 33, 69, 40, 
peer 38 neighbors is: 4, 15, 16, 31, 36, 58, 96, 92, 56, 59, 
peer 39 neighbors is: 11, 13, 20, 40, 1, 64, 24, 9, 73, 99, 
peer 40 neighbors is: 8, 9, 22, 37, 39, 41, 80, 33, 45, 72, 
peer 41 neighbors is: 16, 29, 33, 35, 36, 40, 79, 11, 27, 0, 
peer 42 neighbors is: 8, 20, 23, 31, 9, 0, 43, 95, 57, 51, 
peer 43 neighbors is: 3, 6, 22, 42, 
peer 44 neighbors is: 1, 15, 25, 32, 33, 
peer 45 neighbors is: 6, 30, 32, 40, 
peer 46 neighbors is: 5, 37, 
peer 47 neighbors is: 2, 21, 30, 
peer 48 neighbors is: 30, 31, 32, 
peer 49 neighbors is: 0, 15, 23, 30, 
peer 50 neighbors is: 18, 26, 35, 
peer 51 neighbors is: 8, 24, 42, 
peer 52 neighbors is: 7, 18, 36, 
peer 53 neighbors is: 19, 28, 36, 
peer 54 neighbors is: 16, 23, 
peer 55 neighbors is: 7, 22, 37, 99, 
peer 56 neighbors is: 26, 38, 
peer 57 neighbors is: 11, 16, 18, 42, 
peer 58 neighbors is: 4, 17, 28, 34, 38, 
peer 59 neighbors is: 3, 4, 31, 35, 38, 
peer 60 neighbors is: 8, 13, 
peer 61 neighbors is: 2, 7, 11, 16, 32, 
peer 62 neighbors is: 1, 2, 14, 24, 31, 37, 
peer 63 neighbors is: 5, 16, 30, 
peer 64 neighbors is: 12, 39, 
peer 65 neighbors is: 3, 6, 17, 21, 
peer 66 neighbors is: 1, 23, 27, 28, 
peer 67 neighbors is: 7, 14, 17, 22, 23, 27, 33, 
peer 68 neighbors is: 34, 35, 
peer 69 neighbors is: 5, 7, 37, 
peer 70 neighbors is: 28, 29, 37, 
peer 71 neighbors is: 4, 22, 
peer 72 neighbors is: 6, 12, 19, 30, 40, 
peer 73 neighbors is: 5, 21, 30, 39, 
peer 74 neighbors is: 6, 19, 32, 79, 
peer 75 neighbors is: 0, 4, 8, 11, 23, 
peer 76 neighbors is: 2, 15, 19, 22, 25, 28, 
peer 77 neighbors is: 7, 34, 
peer 78 neighbors is: 1, 24, 
peer 79 neighbors is: 41, 74, 
peer 80 neighbors is: 40, 3, 
peer 81 neighbors is: 31, 97, 
peer 82 neighbors is: 9, 14, 
peer 83 neighbors is: 2, 3, 14, 18, 26, 
peer 84 neighbors is: 0, 15, 
peer 85 neighbors is: 0, 2, 
peer 86 neighbors is: 0, 10, 20, 26, 27, 29, 30, 35, 
peer 87 neighbors is: 4, 7, 18, 20, 27, 
peer 88 neighbors is: 4, 5, 9, 10, 27, 
peer 89 neighbors is: 13, 25, 
peer 90 neighbors is: 8, 20, 
peer 91 neighbors is: 14, 17, 26, 
peer 92 neighbors is: 38, 34, 
peer 93 neighbors is: 0, 23, 32, 34, 35, 
peer 94 neighbors is: 5, 8, 11, 12, 15, 24, 
peer 95 neighbors is: 0, 5, 17, 21, 42, 
peer 96 neighbors is: 22, 38, 
peer 97 neighbors is: 2, 11, 28, 81, 
peer 98 neighbors is: 2, 10, 27, 
peer 99 neighbors is: 39, 55, 
peer 100 neighbors is: 3, 8, 25, 29, 
peer 101 neighbors is: 6, 9, 26, 37, 
peer 102 neighbors is: 6, 29, 34, 

