103 Users
20 Files
1500 Transactions
7 Maximum Connections
1 Cycle Length per Upload-Download
750 Warm-up Transactions
0.400000 Zipf constant
3 Pre-Trusted Users
63 Well-Behaved (Good) Users
40 Purely Malicious Users
0 Feedback Skewing Users
0 Malignant Providing Users
0 Disguised Malicous Users
0 Sybil Attack Users
true Intelligent Trans. Generation
1474142797161 Trace Generation Seed

(0.000000,0.000000,1,false)
(0.000000,0.000000,1,false)
(0.000000,0.000000,1,false)
(0.000000,0.000000,1,false)
(0.000000,0.000000,1,false)
(0.000000,0.000000,1,false)
(0.000000,0.000000,1,false)
(0.000000,0.000000,1,false)
(0.000000,0.000000,1,false)
(0.000000,0.000000,1,false)
(0.000000,0.000000,1,false)
(0.000000,0.000000,1,false)
(0.000000,0.000000,1,false)
(0.000000,0.000000,1,false)
(0.000000,0.000000,1,false)
(0.000000,0.000000,1,false)
(0.000000,0.000000,1,false)
(0.000000,0.000000,1,false)
(0.000000,0.000000,1,false)
(0.000000,0.000000,1,false)
(0.000000,0.000000,1,false)
(0.000000,0.000000,1,false)
(0.000000,0.000000,1,false)
(0.000000,0.000000,1,false)
(0.000000,0.000000,1,false)
(0.000000,0.000000,1,false)
(0.000000,0.000000,1,false)
(0.000000,0.000000,1,false)
(0.000000,0.000000,1,false)
(0.000000,0.000000,1,false)
(0.000000,0.000000,1,false)
(0.000000,0.000000,1,false)
(0.000000,0.000000,1,false)
(0.000000,0.000000,1,false)
(0.000000,0.000000,1,false)
(0.000000,0.000000,1,false)
(0.000000,0.000000,1,false)
(0.000000,0.000000,1,false)
(0.000000,0.000000,1,false)
(0.000000,0.000000,1,false)
(1.000000,1.000000,0,true)
(1.000000,1.000000,0,true)
(1.000000,1.000000,0,true)
(1.000000,1.000000,0,false)
(1.000000,1.000000,0,false)
(1.000000,1.000000,0,false)
(1.000000,1.000000,0,false)
(1.000000,1.000000,0,false)
(1.000000,1.000000,0,false)
(1.000000,1.000000,0,false)
(1.000000,1.000000,0,false)
(1.000000,1.000000,0,false)
(1.000000,1.000000,0,false)
(1.000000,1.000000,0,false)
(1.000000,1.000000,0,false)
(1.000000,1.000000,0,false)
(1.000000,1.000000,0,false)
(1.000000,1.000000,0,false)
(1.000000,1.000000,0,false)
(1.000000,1.000000,0,false)
(1.000000,1.000000,0,false)
(1.000000,1.000000,0,false)
(1.000000,1.000000,0,false)
(1.000000,1.000000,0,false)
(1.000000,1.000000,0,false)
(1.000000,1.000000,0,false)
(1.000000,1.000000,0,false)
(1.000000,1.000000,0,false)
(1.000000,1.000000,0,false)
(1.000000,1.000000,0,false)
(1.000000,1.000000,0,false)
(1.000000,1.000000,0,false)
(1.000000,1.000000,0,false)
(1.000000,1.000000,0,false)
(1.000000,1.000000,0,false)
(1.000000,1.000000,0,false)
(1.000000,1.000000,0,false)
(1.000000,1.000000,0,false)
(1.000000,1.000000,0,false)
(1.000000,1.000000,0,false)
(1.000000,1.000000,0,false)
(1.000000,1.000000,0,false)
(1.000000,1.000000,0,false)
(1.000000,1.000000,0,false)
(1.000000,1.000000,0,false)
(1.000000,1.000000,0,false)
(1.000000,1.000000,0,false)
(1.000000,1.000000,0,false)
(1.000000,1.000000,0,false)
(1.000000,1.000000,0,false)
(1.000000,1.000000,0,false)
(1.000000,1.000000,0,false)
(1.000000,1.000000,0,false)
(1.000000,1.000000,0,false)
(1.000000,1.000000,0,false)
(1.000000,1.000000,0,false)
(1.000000,1.000000,0,false)
(1.000000,1.000000,0,false)
(1.000000,1.000000,0,false)
(1.000000,1.000000,0,false)
(1.000000,1.000000,0,false)
(1.000000,1.000000,0,false)
(1.000000,1.000000,0,false)

(0,0,false)
(1,0,false)
(2,0,false)
(3,0,false)
(4,0,false)
(5,0,false)
(6,0,false)
(7,0,false)
(8,0,false)
(9,0,false)
(10,0,false)
(11,0,false)
(12,0,false)
(13,0,false)
(14,0,false)
(15,0,false)
(16,0,false)
(17,0,false)
(18,0,false)
(19,0,false)
(20,0,false)
(21,0,false)
(22,0,false)
(23,0,false)
(24,0,false)
(25,0,false)
(26,0,false)
(27,0,false)
(28,0,false)
(29,0,false)
(30,0,false)
(31,0,false)
(32,0,false)
(33,0,false)
(34,0,false)
(35,0,false)
(36,0,false)
(37,0,false)
(38,0,false)
(39,0,false)
(40,0,true)
(75,0,true)
(41,0,true)
(43,0,true)
(44,0,true)
(47,0,true)
(48,0,true)
(49,0,true)
(51,0,true)
(52,0,true)
(53,0,true)
(55,0,true)
(57,0,true)
(58,0,true)
(59,0,true)
(60,0,true)
(62,0,true)
(63,0,true)
(66,0,true)
(67,0,true)
(68,0,true)
(70,0,true)
(71,0,true)
(72,0,true)
(73,0,true)
(77,0,true)
(78,0,true)
(81,0,true)
(83,0,true)
(84,0,true)
(85,0,true)
(86,0,true)
(89,0,true)
(92,0,true)
(96,0,true)
(97,0,true)
(99,0,true)
(100,0,true)
(101,0,true)
(102,0,true)
(0,1,false)
(1,1,false)
(2,1,false)
(3,1,false)
(4,1,false)
(5,1,false)
(6,1,false)
(7,1,false)
(8,1,false)
(9,1,false)
(10,1,false)
(11,1,false)
(12,1,false)
(13,1,false)
(14,1,false)
(15,1,false)
(16,1,false)
(17,1,false)
(18,1,false)
(19,1,false)
(20,1,false)
(21,1,false)
(22,1,false)
(23,1,false)
(24,1,false)
(25,1,false)
(26,1,false)
(27,1,false)
(28,1,false)
(29,1,false)
(30,1,false)
(31,1,false)
(32,1,false)
(33,1,false)
(34,1,false)
(35,1,false)
(36,1,false)
(37,1,false)
(38,1,false)
(39,1,false)
(41,1,true)
(65,1,true)
(40,1,true)
(42,1,true)
(60,1,true)
(61,1,true)
(62,1,true)
(63,1,true)
(67,1,true)
(68,1,true)
(70,1,true)
(72,1,true)
(73,1,true)
(74,1,true)
(75,1,true)
(77,1,true)
(79,1,true)
(81,1,true)
(82,1,true)
(84,1,true)
(86,1,true)
(87,1,true)
(88,1,true)
(90,1,true)
(94,1,true)
(96,1,true)
(97,1,true)
(100,1,true)
(101,1,true)
(0,2,false)
(1,2,false)
(2,2,false)
(3,2,false)
(4,2,false)
(5,2,false)
(6,2,false)
(7,2,false)
(8,2,false)
(9,2,false)
(10,2,false)
(11,2,false)
(12,2,false)
(13,2,false)
(14,2,false)
(15,2,false)
(16,2,false)
(17,2,false)
(18,2,false)
(19,2,false)
(20,2,false)
(21,2,false)
(22,2,false)
(23,2,false)
(24,2,false)
(25,2,false)
(26,2,false)
(27,2,false)
(28,2,false)
(29,2,false)
(30,2,false)
(31,2,false)
(32,2,false)
(33,2,false)
(34,2,false)
(35,2,false)
(36,2,false)
(37,2,false)
(38,2,false)
(39,2,false)
(42,2,true)
(69,2,true)
(61,2,true)
(64,2,true)
(80,2,true)
(85,2,true)
(89,2,true)
(90,2,true)
(91,2,true)
(94,2,true)
(99,2,true)
(0,3,false)
(1,3,false)
(2,3,false)
(3,3,false)
(4,3,false)
(5,3,false)
(6,3,false)
(7,3,false)
(8,3,false)
(9,3,false)
(10,3,false)
(11,3,false)
(12,3,false)
(13,3,false)
(14,3,false)
(15,3,false)
(16,3,false)
(17,3,false)
(18,3,false)
(19,3,false)
(20,3,false)
(21,3,false)
(22,3,false)
(23,3,false)
(24,3,false)
(25,3,false)
(26,3,false)
(27,3,false)
(28,3,false)
(29,3,false)
(30,3,false)
(31,3,false)
(32,3,false)
(33,3,false)
(34,3,false)
(35,3,false)
(36,3,false)
(37,3,false)
(38,3,false)
(39,3,false)
(43,3,true)
(98,3,true)
(64,3,true)
(78,3,true)
(82,3,true)
(87,3,true)
(92,3,true)
(95,3,true)
(0,4,false)
(1,4,false)
(2,4,false)
(3,4,false)
(4,4,false)
(5,4,false)
(6,4,false)
(7,4,false)
(8,4,false)
(9,4,false)
(10,4,false)
(11,4,false)
(12,4,false)
(13,4,false)
(14,4,false)
(15,4,false)
(16,4,false)
(17,4,false)
(18,4,false)
(19,4,false)
(20,4,false)
(21,4,false)
(22,4,false)
(23,4,false)
(24,4,false)
(25,4,false)
(26,4,false)
(27,4,false)
(28,4,false)
(29,4,false)
(30,4,false)
(31,4,false)
(32,4,false)
(33,4,false)
(34,4,false)
(35,4,false)
(36,4,false)
(37,4,false)
(38,4,false)
(39,4,false)
(44,4,true)
(80,4,true)
(50,4,true)
(76,4,true)
(95,4,true)
(98,4,true)
(0,5,false)
(1,5,false)
(2,5,false)
(3,5,false)
(4,5,false)
(5,5,false)
(6,5,false)
(7,5,false)
(8,5,false)
(9,5,false)
(10,5,false)
(11,5,false)
(12,5,false)
(13,5,false)
(14,5,false)
(15,5,false)
(16,5,false)
(17,5,false)
(18,5,false)
(19,5,false)
(20,5,false)
(21,5,false)
(22,5,false)
(23,5,false)
(24,5,false)
(25,5,false)
(26,5,false)
(27,5,false)
(28,5,false)
(29,5,false)
(30,5,false)
(31,5,false)
(32,5,false)
(33,5,false)
(34,5,false)
(35,5,false)
(36,5,false)
(37,5,false)
(38,5,false)
(39,5,false)
(45,5,true)
(69,5,true)
(71,5,true)
(91,5,true)
(0,6,false)
(1,6,false)
(2,6,false)
(3,6,false)
(4,6,false)
(5,6,false)
(6,6,false)
(7,6,false)
(8,6,false)
(9,6,false)
(10,6,false)
(11,6,false)
(12,6,false)
(13,6,false)
(14,6,false)
(15,6,false)
(16,6,false)
(17,6,false)
(18,6,false)
(19,6,false)
(20,6,false)
(21,6,false)
(22,6,false)
(23,6,false)
(24,6,false)
(25,6,false)
(26,6,false)
(27,6,false)
(28,6,false)
(29,6,false)
(30,6,false)
(31,6,false)
(32,6,false)
(33,6,false)
(34,6,false)
(35,6,false)
(36,6,false)
(37,6,false)
(38,6,false)
(39,6,false)
(46,6,true)
(79,6,true)
(0,7,false)
(1,7,false)
(2,7,false)
(3,7,false)
(4,7,false)
(5,7,false)
(6,7,false)
(7,7,false)
(8,7,false)
(9,7,false)
(10,7,false)
(11,7,false)
(12,7,false)
(13,7,false)
(14,7,false)
(15,7,false)
(16,7,false)
(17,7,false)
(18,7,false)
(19,7,false)
(20,7,false)
(21,7,false)
(22,7,false)
(23,7,false)
(24,7,false)
(25,7,false)
(26,7,false)
(27,7,false)
(28,7,false)
(29,7,false)
(30,7,false)
(31,7,false)
(32,7,false)
(33,7,false)
(34,7,false)
(35,7,false)
(36,7,false)
(37,7,false)
(38,7,false)
(39,7,false)
(47,7,true)
(54,7,true)
(76,7,true)
(0,8,false)
(1,8,false)
(2,8,false)
(3,8,false)
(4,8,false)
(5,8,false)
(6,8,false)
(7,8,false)
(8,8,false)
(9,8,false)
(10,8,false)
(11,8,false)
(12,8,false)
(13,8,false)
(14,8,false)
(15,8,false)
(16,8,false)
(17,8,false)
(18,8,false)
(19,8,false)
(20,8,false)
(21,8,false)
(22,8,false)
(23,8,false)
(24,8,false)
(25,8,false)
(26,8,false)
(27,8,false)
(28,8,false)
(29,8,false)
(30,8,false)
(31,8,false)
(32,8,false)
(33,8,false)
(34,8,false)
(35,8,false)
(36,8,false)
(37,8,false)
(38,8,false)
(39,8,false)
(48,8,true)
(46,8,true)
(0,9,false)
(1,9,false)
(2,9,false)
(3,9,false)
(4,9,false)
(5,9,false)
(6,9,false)
(7,9,false)
(8,9,false)
(9,9,false)
(10,9,false)
(11,9,false)
(12,9,false)
(13,9,false)
(14,9,false)
(15,9,false)
(16,9,false)
(17,9,false)
(18,9,false)
(19,9,false)
(20,9,false)
(21,9,false)
(22,9,false)
(23,9,false)
(24,9,false)
(25,9,false)
(26,9,false)
(27,9,false)
(28,9,false)
(29,9,false)
(30,9,false)
(31,9,false)
(32,9,false)
(33,9,false)
(34,9,false)
(35,9,false)
(36,9,false)
(37,9,false)
(38,9,false)
(39,9,false)
(49,9,true)
(83,9,true)
(0,10,false)
(1,10,false)
(2,10,false)
(3,10,false)
(4,10,false)
(5,10,false)
(6,10,false)
(7,10,false)
(8,10,false)
(9,10,false)
(10,10,false)
(11,10,false)
(12,10,false)
(13,10,false)
(14,10,false)
(15,10,false)
(16,10,false)
(17,10,false)
(18,10,false)
(19,10,false)
(20,10,false)
(21,10,false)
(22,10,false)
(23,10,false)
(24,10,false)
(25,10,false)
(26,10,false)
(27,10,false)
(28,10,false)
(29,10,false)
(30,10,false)
(31,10,false)
(32,10,false)
(33,10,false)
(34,10,false)
(35,10,false)
(36,10,false)
(37,10,false)
(38,10,false)
(39,10,false)
(50,10,true)
(74,10,true)
(0,11,false)
(1,11,false)
(2,11,false)
(3,11,false)
(4,11,false)
(5,11,false)
(6,11,false)
(7,11,false)
(8,11,false)
(9,11,false)
(10,11,false)
(11,11,false)
(12,11,false)
(13,11,false)
(14,11,false)
(15,11,false)
(16,11,false)
(17,11,false)
(18,11,false)
(19,11,false)
(20,11,false)
(21,11,false)
(22,11,false)
(23,11,false)
(24,11,false)
(25,11,false)
(26,11,false)
(27,11,false)
(28,11,false)
(29,11,false)
(30,11,false)
(31,11,false)
(32,11,false)
(33,11,false)
(34,11,false)
(35,11,false)
(36,11,false)
(37,11,false)
(38,11,false)
(39,11,false)
(51,11,true)
(45,11,true)
(0,12,false)
(1,12,false)
(2,12,false)
(3,12,false)
(4,12,false)
(5,12,false)
(6,12,false)
(7,12,false)
(8,12,false)
(9,12,false)
(10,12,false)
(11,12,false)
(12,12,false)
(13,12,false)
(14,12,false)
(15,12,false)
(16,12,false)
(17,12,false)
(18,12,false)
(19,12,false)
(20,12,false)
(21,12,false)
(22,12,false)
(23,12,false)
(24,12,false)
(25,12,false)
(26,12,false)
(27,12,false)
(28,12,false)
(29,12,false)
(30,12,false)
(31,12,false)
(32,12,false)
(33,12,false)
(34,12,false)
(35,12,false)
(36,12,false)
(37,12,false)
(38,12,false)
(39,12,false)
(52,12,true)
(93,12,true)
(0,13,false)
(1,13,false)
(2,13,false)
(3,13,false)
(4,13,false)
(5,13,false)
(6,13,false)
(7,13,false)
(8,13,false)
(9,13,false)
(10,13,false)
(11,13,false)
(12,13,false)
(13,13,false)
(14,13,false)
(15,13,false)
(16,13,false)
(17,13,false)
(18,13,false)
(19,13,false)
(20,13,false)
(21,13,false)
(22,13,false)
(23,13,false)
(24,13,false)
(25,13,false)
(26,13,false)
(27,13,false)
(28,13,false)
(29,13,false)
(30,13,false)
(31,13,false)
(32,13,false)
(33,13,false)
(34,13,false)
(35,13,false)
(36,13,false)
(37,13,false)
(38,13,false)
(39,13,false)
(53,13,true)
(88,13,true)
(0,14,false)
(1,14,false)
(2,14,false)
(3,14,false)
(4,14,false)
(5,14,false)
(6,14,false)
(7,14,false)
(8,14,false)
(9,14,false)
(10,14,false)
(11,14,false)
(12,14,false)
(13,14,false)
(14,14,false)
(15,14,false)
(16,14,false)
(17,14,false)
(18,14,false)
(19,14,false)
(20,14,false)
(21,14,false)
(22,14,false)
(23,14,false)
(24,14,false)
(25,14,false)
(26,14,false)
(27,14,false)
(28,14,false)
(29,14,false)
(30,14,false)
(31,14,false)
(32,14,false)
(33,14,false)
(34,14,false)
(35,14,false)
(36,14,false)
(37,14,false)
(38,14,false)
(39,14,false)
(54,14,true)
(102,14,true)
(0,15,false)
(1,15,false)
(2,15,false)
(3,15,false)
(4,15,false)
(5,15,false)
(6,15,false)
(7,15,false)
(8,15,false)
(9,15,false)
(10,15,false)
(11,15,false)
(12,15,false)
(13,15,false)
(14,15,false)
(15,15,false)
(16,15,false)
(17,15,false)
(18,15,false)
(19,15,false)
(20,15,false)
(21,15,false)
(22,15,false)
(23,15,false)
(24,15,false)
(25,15,false)
(26,15,false)
(27,15,false)
(28,15,false)
(29,15,false)
(30,15,false)
(31,15,false)
(32,15,false)
(33,15,false)
(34,15,false)
(35,15,false)
(36,15,false)
(37,15,false)
(38,15,false)
(39,15,false)
(55,15,true)
(66,15,true)
(0,16,false)
(1,16,false)
(2,16,false)
(3,16,false)
(4,16,false)
(5,16,false)
(6,16,false)
(7,16,false)
(8,16,false)
(9,16,false)
(10,16,false)
(11,16,false)
(12,16,false)
(13,16,false)
(14,16,false)
(15,16,false)
(16,16,false)
(17,16,false)
(18,16,false)
(19,16,false)
(20,16,false)
(21,16,false)
(22,16,false)
(23,16,false)
(24,16,false)
(25,16,false)
(26,16,false)
(27,16,false)
(28,16,false)
(29,16,false)
(30,16,false)
(31,16,false)
(32,16,false)
(33,16,false)
(34,16,false)
(35,16,false)
(36,16,false)
(37,16,false)
(38,16,false)
(39,16,false)
(56,16,true)
(65,16,true)
(0,17,false)
(1,17,false)
(2,17,false)
(3,17,false)
(4,17,false)
(5,17,false)
(6,17,false)
(7,17,false)
(8,17,false)
(9,17,false)
(10,17,false)
(11,17,false)
(12,17,false)
(13,17,false)
(14,17,false)
(15,17,false)
(16,17,false)
(17,17,false)
(18,17,false)
(19,17,false)
(20,17,false)
(21,17,false)
(22,17,false)
(23,17,false)
(24,17,false)
(25,17,false)
(26,17,false)
(27,17,false)
(28,17,false)
(29,17,false)
(30,17,false)
(31,17,false)
(32,17,false)
(33,17,false)
(34,17,false)
(35,17,false)
(36,17,false)
(37,17,false)
(38,17,false)
(39,17,false)
(57,17,true)
(56,17,true)
(0,18,false)
(1,18,false)
(2,18,false)
(3,18,false)
(4,18,false)
(5,18,false)
(6,18,false)
(7,18,false)
(8,18,false)
(9,18,false)
(10,18,false)
(11,18,false)
(12,18,false)
(13,18,false)
(14,18,false)
(15,18,false)
(16,18,false)
(17,18,false)
(18,18,false)
(19,18,false)
(20,18,false)
(21,18,false)
(22,18,false)
(23,18,false)
(24,18,false)
(25,18,false)
(26,18,false)
(27,18,false)
(28,18,false)
(29,18,false)
(30,18,false)
(31,18,false)
(32,18,false)
(33,18,false)
(34,18,false)
(35,18,false)
(36,18,false)
(37,18,false)
(38,18,false)
(39,18,false)
(58,18,true)
(93,18,true)
(0,19,false)
(1,19,false)
(2,19,false)
(3,19,false)
(4,19,false)
(5,19,false)
(6,19,false)
(7,19,false)
(8,19,false)
(9,19,false)
(10,19,false)
(11,19,false)
(12,19,false)
(13,19,false)
(14,19,false)
(15,19,false)
(16,19,false)
(17,19,false)
(18,19,false)
(19,19,false)
(20,19,false)
(21,19,false)
(22,19,false)
(23,19,false)
(24,19,false)
(25,19,false)
(26,19,false)
(27,19,false)
(28,19,false)
(29,19,false)
(30,19,false)
(31,19,false)
(32,19,false)
(33,19,false)
(34,19,false)
(35,19,false)
(36,19,false)
(37,19,false)
(38,19,false)
(39,19,false)
(59,19,true)
(65,19,true)

0,-1,1,-1,-1,-1,-1,-1,-1,1,-1,-1,-1,1,1,-1,-1,-1,1,-1,-1,-1,-1,-1,1,-1,-1,-1,-1,-1,-1,1,-1,-1,-1,-1,-1,-1,1,-1,-1,-1,-1,-1,-1,1,-1,-1,-1,-1,1,-1,-1,-1,-1,-1,-1,-1,-1,-1,-1,-1,-1,-1,-1,-1,-1,-1,-1,-1,-1,-1,-1,-1,-1,-1,-1,-1,-1,-1,-1,-1,-1,-1,1,-1,-1,-1,-1,-1,1,-1,-1,-1,-1,-1,-1,-1,-1,-1,-1,-1,-1,
-1,0,-1,-1,1,-1,-1,-1,-1,1,-1,-1,1,-1,1,-1,1,1,-1,-1,-1,-1,1,-1,1,1,-1,-1,1,1,-1,-1,-1,1,1,-1,-1,-1,-1,-1,-1,-1,-1,1,-1,-1,-1,1,-1,-1,-1,-1,-1,-1,-1,-1,-1,-1,-1,-1,-1,-1,-1,-1,-1,-1,-1,-1,-1,-1,-1,-1,-1,-1,-1,-1,-1,-1,-1,-1,-1,-1,1,-1,-1,-1,-1,-1,-1,-1,-1,-1,-1,-1,-1,-1,1,-1,-1,-1,-1,-1,-1,
1,-1,0,1,-1,-1,-1,-1,-1,-1,-1,-1,-1,-1,-1,-1,-1,-1,-1,1,-1,-1,1,1,1,-1,-1,-1,-1,-1,-1,1,-1,-1,-1,-1,-1,1,-1,1,1,-1,-1,-1,-1,-1,-1,-1,1,1,-1,-1,-1,-1,-1,-1,-1,-1,1,-1,-1,-1,-1,-1,-1,-1,-1,-1,-1,-1,-1,-1,-1,-1,-1,-1,-1,-1,-1,-1,-1,1,-1,-1,-1,-1,-1,-1,-1,-1,-1,-1,-1,-1,-1,-1,-1,-1,-1,-1,-1,-1,-1,
-1,-1,1,0,-1,-1,-1,1,-1,-1,-1,-1,-1,-1,-1,-1,1,-1,-1,-1,-1,-1,-1,1,-1,-1,-1,-1,-1,-1,1,-1,-1,-1,1,-1,-1,-1,-1,-1,-1,-1,1,-1,-1,-1,-1,-1,-1,-1,1,-1,-1,-1,-1,-1,-1,-1,-1,-1,-1,-1,-1,-1,-1,-1,-1,-1,-1,-1,-1,-1,-1,-1,-1,-1,-1,1,1,-1,-1,-1,-1,-1,-1,-1,-1,-1,-1,-1,-1,-1,-1,-1,-1,-1,-1,-1,-1,-1,-1,1,-1,
-1,1,-1,-1,0,-1,-1,-1,-1,1,-1,-1,1,-1,-1,-1,-1,-1,-1,-1,-1,-1,-1,-1,-1,-1,-1,-1,-1,-1,-1,-1,-1,1,-1,-1,1,-1,-1,1,-1,-1,1,-1,-1,-1,-1,-1,-1,-1,-1,-1,1,-1,-1,-1,-1,-1,-1,-1,-1,-1,-1,-1,-1,-1,1,-1,1,1,-1,-1,-1,-1,-1,-1,-1,-1,-1,-1,-1,-1,-1,1,-1,-1,-1,-1,-1,-1,1,-1,-1,-1,-1,-1,-1,-1,-1,-1,-1,1,-1,
-1,-1,-1,-1,-1,0,-1,-1,1,-1,-1,-1,-1,1,-1,-1,-1,1,-1,1,-1,-1,-1,-1,-1,-1,1,-1,-1,1,-1,-1,-1,-1,-1,-1,-1,1,1,-1,-1,1,-1,-1,-1,-1,-1,-1,-1,-1,-1,-1,-1,-1,-1,-1,-1,-1,-1,-1,-1,-1,-1,-1,-1,-1,-1,-1,-1,-1,-1,-1,-1,-1,-1,1,-1,-1,-1,-1,-1,-1,-1,-1,-1,-1,-1,-1,-1,1,-1,1,-1,-1,-1,1,-1,-1,-1,-1,-1,-1,-1,
-1,-1,-1,-1,-1,-1,0,1,-1,-1,-1,-1,-1,-1,1,-1,-1,-1,-1,-1,-1,-1,1,-1,1,-1,-1,-1,1,-1,-1,-1,-1,-1,-1,-1,-1,-1,1,-1,1,-1,-1,-1,-1,-1,1,-1,-1,-1,-1,-1,-1,-1,-1,-1,-1,-1,-1,-1,-1,-1,-1,-1,-1,-1,-1,-1,-1,-1,-1,-1,-1,-1,-1,1,1,-1,-1,-1,-1,1,-1,-1,-1,-1,-1,-1,-1,-1,-1,-1,-1,-1,-1,-1,-1,-1,-1,-1,-1,-1,-1,
-1,-1,-1,1,-1,-1,1,0,-1,-1,1,-1,-1,-1,-1,-1,-1,-1,1,-1,-1,1,-1,1,-1,-1,-1,-1,-1,-1,-1,1,-1,-1,-1,-1,-1,-1,-1,-1,-1,-1,-1,-1,-1,-1,-1,-1,-1,-1,-1,1,1,-1,-1,-1,-1,-1,-1,1,-1,-1,-1,-1,-1,-1,-1,-1,-1,-1,-1,-1,-1,-1,-1,-1,-1,-1,-1,-1,-1,-1,-1,-1,1,-1,-1,-1,-1,-1,-1,-1,-1,1,-1,-1,-1,-1,-1,-1,-1,-1,-1,
-1,-1,-1,-1,-1,1,-1,-1,0,-1,-1,-1,-1,-1,1,-1,-1,-1,-1,-1,-1,-1,1,-1,-1,1,-1,-1,-1,-1,-1,-1,1,1,-1,1,1,-1,-1,1,-1,-1,-1,-1,1,-1,-1,-1,-1,1,-1,-1,-1,-1,-1,-1,-1,-1,-1,-1,-1,1,-1,-1,-1,-1,-1,-1,-1,-1,-1,-1,-1,-1,-1,-1,1,-1,-1,-1,-1,-1,-1,-1,-1,-1,-1,-1,-1,-1,1,-1,-1,-1,-1,-1,1,-1,-1,-1,-1,-1,-1,
1,1,-1,-1,1,-1,-1,-1,-1,0,-1,-1,-1,-1,-1,-1,-1,-1,-1,-1,-1,-1,-1,-1,-1,-1,-1,-1,1,1,-1,-1,-1,-1,1,-1,-1,-1,-1,-1,-1,-1,1,1,-1,-1,1,-1,-1,1,-1,-1,-1,-1,-1,-1,-1,-1,-1,-1,-1,-1,-1,-1,-1,-1,-1,-1,-1,-1,-1,-1,-1,-1,-1,-1,-1,-1,-1,-1,-1,-1,-1,-1,-1,-1,1,-1,-1,-1,-1,-1,-1,-1,-1,-1,-1,-1,-1,-1,-1,-1,-1,
-1,-1,-1,-1,-1,-1,-1,1,-1,-1,0,-1,1,1,1,-1,-1,-1,-1,-1,-1,1,-1,-1,-1,1,-1,-1,-1,-1,-1,-1,-1,-1,-1,-1,1,-1,-1,-1,-1,-1,-1,-1,-1,-1,-1,-1,-1,-1,-1,-1,-1,-1,-1,-1,-1,-1,-1,-1,-1,-1,-1,-1,-1,-1,-1,-1,-1,-1,-1,-1,-1,-1,-1,-1,-1,1,-1,-1,-1,-1,-1,1,-1,-1,-1,1,-1,-1,-1,-1,-1,-1,1,-1,1,-1,-1,-1,-1,-1,1,
-1,-1,-1,-1,-1,-1,-1,-1,-1,-1,-1,0,-1,1,-1,1,-1,-1,-1,-1,-1,-1,-1,-1,-1,-1,1,-1,-1,-1,1,1,-1,-1,-1,-1,-1,-1,-1,-1,1,-1,-1,-1,-1,-1,-1,-1,-1,-1,-1,-1,-1,-1,-1,1,-1,-1,1,-1,-1,-1,-1,-1,-1,-1,1,-1,-1,-1,-1,-1,-1,-1,-1,-1,-1,-1,-1,-1,-1,-1,1,-1,-1,1,-1,-1,-1,1,-1,-1,-1,1,-1,-1,-1,-1,-1,-1,-1,-1,-1,
-1,1,-1,-1,1,-1,-1,-1,-1,-1,1,-1,0,1,-1,1,-1,-1,-1,-1,-1,1,-1,-1,-1,-1,1,-1,-1,-1,-1,1,-1,-1,-1,-1,-1,-1,-1,-1,-1,-1,-1,-1,-1,1,-1,-1,-1,-1,-1,-1,-1,-1,-1,-1,-1,-1,-1,-1,-1,-1,-1,-1,-1,-1,-1,-1,-1,-1,1,-1,-1,-1,1,-1,-1,-1,-1,-1,-1,-1,1,-1,-1,-1,-1,-1,-1,-1,-1,-1,-1,-1,-1,-1,-1,-1,-1,-1,-1,-1,-1,
1,-1,-1,-1,-1,1,-1,-1,-1,-1,1,1,1,0,-1,-1,-1,-1,-1,-1,-1,-1,1,1,-1,-1,-1,-1,-1,-1,-1,-1,1,-1,-1,1,-1,-1,-1,-1,-1,-1,1,-1,-1,-1,-1,-1,-1,-1,-1,-1,-1,-1,-1,-1,-1,-1,-1,-1,-1,-1,-1,-1,-1,-1,-1,-1,-1,-1,-1,-1,-1,-1,-1,-1,-1,-1,-1,-1,-1,-1,-1,-1,-1,-1,-1,-1,1,-1,1,-1,-1,-1,1,-1,-1,1,-1,-1,-1,-1,-1,
1,1,-1,-1,-1,-1,1,-1,1,-1,1,-1,-1,-1,0,-1,-1,-1,-1,1,-1,-1,-1,-1,-1,-1,-1,-1,-1,-1,-1,-1,-1,-1,-1,-1,-1,-1,1,-1,-1,-1,1,-1,-1,1,-1,1,-1,-1,-1,-1,-1,-1,-1,-1,-1,-1,-1,-1,-1,-1,1,-1,-1,-1,1,-1,-1,-1,-1,-1,-1,-1,-1,-1,-1,-1,-1,-1,-1,-1,-1,-1,-1,-1,-1,-1,-1,-1,-1,-1,-1,-1,-1,-1,-1,-1,-1,-1,-1,-1,-1,
-1,-1,-1,-1,-1,-1,-1,-1,-1,-1,-1,1,1,-1,-1,0,-1,-1,1,-1,-1,-1,-1,-1,-1,-1,-1,-1,-1,1,-1,-1,-1,-1,1,-1,-1,-1,-1,-1,-1,-1,-1,-1,-1,-1,-1,-1,-1,-1,-1,-1,-1,-1,1,-1,-1,-1,-1,-1,-1,-1,-1,-1,-1,-1,-1,-1,-1,1,-1,-1,-1,-1,-1,-1,-1,-1,-1,-1,1,-1,-1,1,-1,-1,-1,-1,-1,-1,-1,1,-1,-1,-1,-1,-1,-1,-1,-1,-1,-1,-1,
-1,1,-1,1,-1,-1,-1,-1,-1,-1,-1,-1,-1,-1,-1,-1,0,-1,1,-1,-1,-1,-1,-1,-1,-1,-1,1,-1,-1,1,-1,-1,-1,-1,-1,-1,1,-1,-1,1,-1,-1,-1,-1,-1,-1,-1,-1,-1,-1,-1,-1,-1,-1,-1,-1,-1,-1,-1,-1,-1,1,-1,-1,-1,-1,-1,-1,-1,-1,-1,-1,1,-1,1,-1,-1,-1,-1,-1,-1,-1,-1,-1,-1,-1,-1,-1,-1,-1,-1,-1,-1,-1,-1,1,-1,-1,-1,-1,-1,-1,
-1,1,-1,-1,-1,1,-1,-1,-1,-1,-1,-1,-1,-1,-1,-1,-1,0,-1,-1,-1,-1,-1,-1,-1,-1,1,-1,-1,-1,-1,-1,-1,-1,-1,-1,-1,-1,-1,-1,-1,-1,-1,-1,-1,1,-1,-1,-1,-1,-1,-1,-1,-1,-1,-1,-1,-1,-1,1,-1,-1,-1,-1,-1,1,-1,-1,-1,-1,1,-1,-1,-1,-1,-1,-1,-1,1,-1,-1,-1,-1,-1,-1,1,-1,1,-1,-1,-1,-1,-1,-1,-1,-1,-1,1,-1,-1,-1,-1,-1,
1,-1,-1,-1,-1,-1,-1,1,-1,-1,-1,-1,-1,-1,-1,1,1,-1,0,-1,-1,-1,-1,-1,1,1,-1,-1,-1,-1,-1,-1,-1,-1,-1,-1,1,-1,1,-1,-1,-1,-1,-1,-1,-1,-1,-1,1,-1,-1,1,-1,-1,-1,-1,-1,-1,-1,-1,-1,-1,-1,-1,-1,-1,-1,-1,-1,-1,-1,-1,-1,-1,-1,-1,-1,-1,-1,-1,-1,-1,-1,-1,-1,-1,-1,-1,-1,-1,-1,-1,-1,1,-1,-1,-1,-1,-1,-1,-1,-1,-1,
-1,-1,1,-1,-1,1,-1,-1,-1,-1,-1,-1,-1,-1,1,-1,-1,-1,-1,0,-1,-1,-1,-1,-1,-1,1,-1,-1,-1,1,-1,-1,1,-1,-1,-1,-1,-1,-1,-1,-1,-1,1,-1,-1,-1,-1,-1,-1,-1,-1,-1,-1,-1,-1,-1,-1,-1,-1,-1,-1,-1,-1,-1,-1,-1,-1,-1,-1,-1,-1,-1,-1,-1,-1,-1,-1,-1,-1,-1,1,-1,-1,-1,-1,1,-1,-1,-1,-1,-1,-1,-1,-1,-1,1,-1,-1,-1,-1,-1,1,
-1,-1,-1,-1,-1,-1,-1,-1,-1,-1,-1,-1,-1,-1,-1,-1,-1,-1,-1,-1,0,1,-1,-1,-1,-1,-1,1,1,-1,-1,-1,1,1,1,-1,-1,-1,-1,-1,-1,-1,-1,-1,-1,-1,-1,-1,1,-1,-1,-1,-1,-1,-1,-1,-1,-1,-1,-1,1,-1,1,-1,-1,-1,-1,-1,-1,-1,1,-1,-1,-1,1,-1,-1,-1,-1,-1,-1,-1,-1,-1,1,-1,-1,-1,-1,-1,-1,-1,-1,-1,1,-1,-1,-1,-1,-1,-1,-1,-1,
-1,-1,-1,-1,-1,-1,-1,1,-1,-1,1,-1,1,-1,-1,-1,-1,-1,-1,-1,1,0,-1,-1,-1,-1,-1,-1,1,-1,-1,-1,-1,1,-1,-1,-1,-1,-1,-1,-1,-1,-1,-1,-1,-1,-1,-1,-1,-1,-1,-1,-1,-1,-1,-1,-1,-1,-1,-1,1,-1,-1,-1,-1,-1,-1,-1,-1,1,-1,-1,-1,-1,-1,-1,-1,-1,-1,-1,-1,-1,1,-1,-1,-1,-1,-1,-1,-1,1,-1,-1,-1,-1,-1,-1,-1,-1,1,-1,-1,1,
-1,1,1,-1,-1,-1,1,-1,1,-1,-1,-1,-1,1,-1,-1,-1,-1,-1,-1,-1,-1,0,-1,-1,-1,-1,-1,-1,-1,-1,-1,-1,-1,-1,-1,-1,1,-1,-1,-1,-1,-1,-1,-1,-1,-1,-1,-1,-1,1,-1,-1,1,-1,-1,1,1,-1,-1,-1,-1,-1,-1,-1,-1,-1,-1,-1,-1,-1,-1,-1,-1,-1,-1,-1,-1,-1,-1,-1,-1,-1,-1,-1,-1,-1,-1,-1,-1,-1,-1,-1,1,-1,-1,-1,-1,-1,-1,-1,-1,-1,
-1,-1,1,1,-1,-1,-1,1,-1,-1,-1,-1,-1,1,-1,-1,-1,-1,-1,-1,-1,-1,-1,0,-1,-1,-1,-1,-1,-1,-1,-1,-1,-1,-1,1,-1,-1,-1,-1,-1,1,-1,-1,1,-1,-1,-1,-1,-1,-1,-1,-1,-1,-1,-1,-1,-1,-1,1,-1,-1,1,-1,-1,-1,1,-1,-1,-1,-1,-1,-1,-1,-1,-1,-1,-1,-1,1,-1,-1,-1,-1,-1,-1,-1,-1,-1,-1,-1,-1,-1,-1,-1,-1,-1,-1,-1,-1,-1,-1,-1,
1,1,1,-1,-1,-1,1,-1,-1,-1,-1,-1,-1,-1,-1,-1,-1,-1,1,-1,-1,-1,-1,-1,0,1,-1,-1,-1,-1,-1,-1,-1,-1,-1,-1,-1,1,1,-1,-1,-1,-1,-1,-1,-1,-1,-1,-1,-1,-1,-1,-1,-1,-1,-1,-1,-1,-1,-1,-1,-1,-1,-1,-1,-1,-1,-1,-1,-1,1,-1,-1,-1,-1,-1,-1,-1,-1,-1,-1,-1,1,-1,-1,-1,-1,-1,-1,-1,-1,-1,-1,-1,1,-1,1,-1,-1,-1,-1,-1,-1,
-1,1,-1,-1,-1,-1,-1,-1,1,-1,1,-1,-1,-1,-1,-1,-1,-1,1,-1,-1,-1,-1,-1,1,0,-1,-1,1,-1,-1,-1,-1,-1,-1,-1,1,-1,-1,-1,-1,-1,-1,-1,-1,-1,-1,-1,-1,-1,-1,-1,-1,-1,1,-1,-1,-1,-1,-1,-1,-1,-1,-1,-1,-1,1,-1,1,-1,-1,-1,1,-1,-1,-1,-1,-1,-1,-1,-1,-1,-1,-1,-1,-1,-1,-1,-1,-1,-1,-1,-1,-1,-1,-1,-1,-1,-1,-1,-1,-1,-1,
-1,-1,-1,-1,-1,1,-1,-1,-1,-1,-1,1,1,-1,-1,-1,-1,1,-1,1,-1,-1,-1,-1,-1,-1,0,-1,-1,1,-1,-1,-1,-1,-1,-1,1,-1,-1,-1,-1,-1,-1,-1,-1,-1,-1,-1,-1,-1,-1,-1,-1,-1,-1,-1,-1,-1,-1,-1,-1,-1,-1,-1,-1,-1,-1,-1,-1,-1,-1,-1,1,-1,-1,-1,-1,-1,-1,-1,-1,-1,1,-1,1,-1,-1,-1,-1,-1,-1,-1,-1,-1,-1,-1,-1,-1,-1,-1,-1,1,-1,
-1,-1,-1,-1,-1,-1,-1,-1,-1,-1,-1,-1,-1,-1,-1,-1,1,-1,-1,-1,1,-1,-1,-1,-1,-1,-1,0,-1,-1,1,-1,-1,-1,-1,-1,-1,-1,-1,-1,-1,-1,-1,-1,-1,1,-1,-1,-1,-1,-1,-1,-1,-1,-1,-1,-1,-1,1,1,-1,-1,-1,-1,-1,1,-1,1,-1,-1,-1,-1,-1,-1,-1,-1,-1,-1,-1,-1,-1,-1,-1,-1,-1,-1,-1,-1,1,-1,1,-1,1,-1,-1,-1,-1,-1,-1,-1,-1,-1,-1,
-1,1,-1,-1,-1,-1,1,-1,-1,1,-1,-1,-1,-1,-1,-1,-1,-1,-1,-1,1,1,-1,-1,-1,1,-1,-1,0,-1,-1,-1,-1,-1,-1,-1,-1,-1,-1,-1,-1,-1,-1,-1,-1,-1,-1,-1,-1,-1,-1,-1,-1,-1,-1,1,-1,-1,-1,-1,-1,-1,-1,-1,-1,1,-1,-1,-1,-1,-1,1,-1,-1,-1,-1,-1,-1,-1,-1,-1,-1,-1,-1,-1,-1,-1,-1,-1,-1,-1,-1,1,-1,-1,-1,-1,-1,-1,-1,-1,-1,-1,
-1,1,-1,-1,-1,1,-1,-1,-1,1,-1,-1,-1,-1,-1,1,-1,-1,-1,-1,-1,-1,-1,-1,-1,-1,1,-1,-1,0,1,-1,-1,-1,-1,-1,-1,-1,-1,-1,-1,1,-1,-1,-1,-1,-1,-1,-1,-1,-1,-1,1,-1,-1,-1,-1,-1,-1,-1,-1,-1,-1,-1,1,-1,-1,-1,-1,-1,-1,1,-1,-1,-1,-1,-1,-1,-1,-1,-1,-1,-1,-1,-1,-1,-1,-1,-1,-1,-1,1,1,-1,-1,-1,-1,-1,-1,-1,-1,-1,-1,
-1,-1,-1,1,-1,-1,-1,-1,-1,-1,-1,1,-1,-1,-1,-1,1,-1,-1,1,-1,-1,-1,-1,-1,-1,-1,1,-1,1,0,-1,-1,-1,-1,-1,-1,-1,-1,-1,-1,-1,-1,-1,-1,-1,-1,-1,-1,-1,-1,-1,-1,-1,-1,-1,-1,-1,-1,-1,-1,-1,-1,-1,-1,-1,-1,-1,-1,-1,-1,-1,-1,-1,-1,-1,1,-1,-1,-1,-1,-1,-1,1,-1,-1,-1,-1,-1,1,-1,-1,-1,-1,-1,-1,-1,-1,-1,-1,-1,-1,1,
1,-1,1,-1,-1,-1,-1,1,-1,-1,-1,1,1,-1,-1,-1,-1,-1,-1,-1,-1,-1,-1,-1,-1,-1,-1,-1,-1,-1,-1,0,-1,-1,1,-1,-1,-1,-1,-1,-1,-1,-1,-1,-1,1,-1,-1,-1,-1,-1,-1,-1,-1,-1,-1,1,-1,-1,-1,-1,-1,-1,-1,-1,-1,-1,-1,-1,-1,-1,-1,-1,-1,-1,-1,-1,-1,-1,-1,-1,-1,1,-1,-1,-1,-1,1,-1,-1,-1,-1,-1,-1,-1,-1,-1,-1,-1,-1,-1,-1,-1,
-1,-1,-1,-1,-1,-1,-1,-1,1,-1,-1,-1,-1,1,-1,-1,-1,-1,-1,-1,1,-1,-1,-1,-1,-1,-1,-1,-1,-1,-1,-1,0,1,-1,-1,-1,-1,-1,1,-1,-1,-1,-1,-1,-1,-1,-1,-1,-1,-1,-1,-1,-1,-1,-1,-1,-1,-1,-1,-1,-1,-1,-1,-1,-1,-1,-1,-1,1,-1,-1,-1,1,-1,-1,-1,-1,-1,-1,-1,-1,1,1,1,-1,-1,-1,-1,-1,-1,-1,-1,-1,-1,-1,-1,-1,1,-1,-1,-1,-1,
-1,1,-1,-1,1,-1,-1,-1,1,-1,-1,-1,-1,-1,-1,-1,-1,-1,-1,1,1,1,-1,-1,-1,-1,-1,-1,-1,-1,-1,-1,1,0,-1,-1,-1,-1,-1,-1,-1,1,-1,-1,1,-1,-1,-1,-1,-1,-1,-1,-1,-1,-1,-1,-1,-1,1,-1,-1,-1,-1,-1,-1,-1,-1,-1,-1,-1,-1,-1,-1,-1,-1,-1,-1,-1,-1,-1,-1,1,-1,-1,-1,-1,-1,-1,-1,-1,-1,-1,-1,-1,-1,-1,-1,-1,-1,-1,-1,-1,-1,
-1,1,-1,1,-1,-1,-1,-1,-1,1,-1,-1,-1,-1,-1,1,-1,-1,-1,-1,1,-1,-1,-1,-1,-1,-1,-1,-1,-1,-1,1,-1,-1,0,-1,-1,-1,-1,-1,1,-1,-1,-1,-1,-1,-1,-1,-1,-1,-1,-1,-1,-1,-1,-1,-1,-1,-1,-1,-1,-1,-1,-1,-1,-1,-1,-1,-1,-1,-1,-1,-1,1,-1,-1,-1,-1,1,-1,-1,-1,-1,-1,1,-1,-1,-1,-1,-1,-1,-1,-1,-1,1,-1,-1,-1,-1,-1,-1,-1,-1,
-1,-1,-1,-1,-1,-1,-1,-1,1,-1,-1,-1,-1,1,-1,-1,-1,-1,-1,-1,-1,-1,-1,1,-1,-1,-1,-1,-1,-1,-1,-1,-1,-1,-1,0,-1,-1,-1,-1,-1,-1,-1,-1,-1,-1,-1,-1,-1,-1,-1,-1,-1,-1,-1,-1,-1,-1,1,-1,1,-1,-1,-1,-1,-1,-1,-1,-1,-1,-1,-1,-1,-1,-1,1,-1,-1,-1,-1,-1,-1,-1,-1,-1,-1,-1,-1,-1,1,-1,-1,1,-1,1,-1,-1,-1,-1,1,-1,-1,-1,
-1,-1,-1,-1,1,-1,-1,-1,1,-1,1,-1,-1,-1,-1,-1,-1,-1,1,-1,-1,-1,-1,-1,-1,1,1,-1,-1,-1,-1,-1,-1,-1,-1,-1,0,1,-1,-1,1,-1,-1,-1,-1,-1,-1,-1,-1,-1,-1,-1,-1,-1,-1,-1,-1,-1,-1,1,-1,-1,-1,-1,-1,-1,-1,-1,1,-1,-1,-1,-1,-1,-1,-1,-1,-1,-1,-1,-1,-1,-1,-1,-1,-1,-1,-1,-1,-1,-1,-1,-1,-1,-1,-1,-1,-1,-1,-1,1,-1,-1,
-1,-1,1,-1,-1,1,-1,-1,-1,-1,-1,-1,-1,-1,-1,-1,1,-1,-1,-1,-1,-1,1,-1,1,-1,-1,-1,-1,-1,-1,-1,-1,-1,-1,-1,1,0,-1,-1,-1,-1,-1,-1,-1,-1,-1,-1,-1,-1,-1,-1,-1,1,-1,-1,-1,-1,-1,-1,-1,-1,-1,-1,-1,-1,-1,-1,-1,-1,-1,-1,-1,-1,-1,-1,1,-1,-1,-1,-1,-1,-1,-1,-1,-1,1,-1,-1,-1,-1,-1,-1,-1,-1,-1,-1,-1,-1,-1,-1,-1,1,
1,-1,-1,-1,-1,1,1,-1,-1,-1,-1,-1,-1,-1,1,-1,-1,-1,1,-1,-1,-1,-1,-1,1,-1,-1,-1,-1,-1,-1,-1,-1,-1,-1,-1,-1,-1,0,-1,-1,1,-1,-1,-1,-1,-1,-1,-1,1,-1,-1,1,-1,-1,-1,-1,-1,-1,-1,-1,-1,-1,1,-1,-1,-1,-1,-1,-1,-1,-1,-1,-1,-1,-1,-1,-1,-1,-1,-1,-1,-1,-1,-1,-1,-1,-1,-1,-1,-1,-1,-1,-1,-1,-1,-1,1,-1,-1,-1,-1,-1,
-1,-1,1,-1,1,-1,-1,-1,1,-1,-1,-1,-1,-1,-1,-1,-1,-1,-1,-1,-1,-1,-1,-1,-1,-1,-1,-1,-1,-1,-1,-1,1,-1,-1,-1,-1,-1,-1,0,-1,-1,-1,-1,-1,-1,-1,-1,1,1,-1,-1,-1,-1,-1,-1,-1,-1,-1,-1,-1,1,-1,-1,-1,-1,-1,-1,-1,-1,-1,-1,1,-1,-1,-1,-1,-1,-1,-1,1,-1,1,-1,-1,-1,-1,-1,-1,-1,-1,-1,-1,-1,-1,-1,-1,-1,-1,-1,-1,-1,-1,
-1,-1,1,-1,-1,-1,1,-1,-1,-1,-1,1,-1,-1,-1,-1,1,-1,-1,-1,-1,-1,-1,-1,-1,-1,-1,-1,-1,-1,-1,-1,-1,-1,1,-1,1,-1,-1,-1,0,-1,-1,-1,-1,-1,-1,-1,-1,-1,-1,-1,-1,1,-1,-1,-1,-1,-1,-1,-1,-1,-1,-1,-1,-1,1,-1,-1,-1,-1,-1,1,-1,-1,-1,1,-1,-1,-1,-1,-1,-1,-1,-1,-1,-1,-1,-1,-1,-1,-1,-1,-1,-1,-1,-1,-1,-1,-1,-1,-1,-1,
-1,-1,-1,-1,-1,1,-1,-1,-1,-1,-1,-1,-1,-1,-1,-1,-1,-1,-1,-1,-1,-1,-1,1,-1,-1,-1,-1,-1,1,-1,-1,-1,1,-1,-1,-1,-1,1,-1,-1,0,-1,-1,-1,-1,-1,-1,-1,-1,-1,-1,-1,-1,1,1,-1,-1,-1,-1,-1,-1,1,-1,-1,-1,-1,-1,-1,-1,-1,1,-1,-1,-1,-1,-1,-1,1,-1,-1,-1,-1,-1,-1,-1,-1,-1,-1,-1,-1,-1,-1,-1,-1,-1,-1,-1,-1,-1,-1,-1,-1,
-1,-1,-1,1,1,-1,-1,-1,-1,1,-1,-1,-1,1,1,-1,-1,-1,-1,-1,-1,-1,-1,-1,-1,-1,-1,-1,-1,-1,-1,-1,-1,-1,-1,-1,-1,-1,-1,-1,-1,-1,0,1,-1,-1,-1,-1,1,-1,-1,-1,-1,-1,-1,-1,-1,-1,-1,1,-1,-1,-1,-1,-1,-1,1,-1,-1,-1,-1,-1,-1,-1,-1,-1,-1,-1,-1,-1,-1,-1,-1,-1,-1,-1,-1,-1,-1,1,-1,-1,-1,-1,-1,-1,-1,-1,-1,-1,-1,-1,-1,
-1,1,-1,-1,-1,-1,-1,-1,-1,1,-1,-1,-1,-1,-1,-1,-1,-1,-1,1,-1,-1,-1,-1,-1,-1,-1,-1,-1,-1,-1,-1,-1,-1,-1,-1,-1,-1,-1,-1,-1,-1,1,0,-1,-1,-1,-1,-1,-1,-1,-1,-1,-1,-1,-1,-1,-1,-1,-1,-1,-1,-1,-1,-1,-1,-1,-1,-1,-1,-1,-1,-1,-1,-1,-1,-1,-1,-1,-1,-1,-1,-1,-1,-1,-1,-1,-1,-1,-1,-1,-1,-1,-1,-1,-1,-1,-1,-1,-1,-1,-1,-1,
-1,-1,-1,-1,-1,-1,-1,-1,1,-1,-1,-1,-1,-1,-1,-1,-1,-1,-1,-1,-1,-1,-1,1,-1,-1,-1,-1,-1,-1,-1,-1,-1,1,-1,-1,-1,-1,-1,-1,-1,-1,-1,-1,0,-1,-1,-1,-1,-1,-1,-1,-1,-1,-1,-1,-1,-1,-1,-1,-1,-1,-1,-1,-1,-1,-1,-1,-1,-1,-1,-1,-1,-1,-1,-1,-1,-1,-1,-1,-1,-1,-1,-1,-1,-1,-1,-1,-1,-1,-1,-1,-1,-1,-1,-1,-1,-1,-1,-1,-1,-1,-1,
1,-1,-1,-1,-1,-1,-1,-1,-1,-1,-1,-1,1,-1,1,-1,-1,1,-1,-1,-1,-1,-1,-1,-1,-1,-1,1,-1,-1,-1,1,-1,-1,-1,-1,-1,-1,-1,-1,-1,-1,-1,-1,-1,0,-1,-1,-1,-1,-1,-1,-1,-1,-1,-1,-1,-1,-1,-1,-1,-1,-1,-1,-1,-1,-1,1,-1,-1,-1,-1,-1,-1,-1,-1,-1,-1,-1,-1,-1,-1,-1,-1,-1,-1,-1,-1,-1,-1,-1,-1,-1,-1,-1,-1,-1,-1,-1,-1,-1,-1,-1,
-1,-1,-1,-1,-1,-1,1,-1,-1,1,-1,-1,-1,-1,-1,-1,-1,-1,-1,-1,-1,-1,-1,-1,-1,-1,-1,-1,-1,-1,-1,-1,-1,-1,-1,-1,-1,-1,-1,-1,-1,-1,-1,-1,-1,-1,0,-1,-1,-1,-1,-1,-1,-1,-1,-1,-1,-1,-1,-1,-1,-1,-1,-1,-1,-1,-1,-1,-1,-1,-1,-1,-1,-1,-1,-1,-1,-1,-1,-1,-1,-1,-1,-1,-1,-1,-1,-1,-1,-1,-1,-1,-1,-1,-1,-1,-1,-1,-1,-1,-1,-1,-1,
-1,1,-1,-1,-1,-1,-1,-1,-1,-1,-1,-1,-1,-1,1,-1,-1,-1,-1,-1,-1,-1,-1,-1,-1,-1,-1,-1,-1,-1,-1,-1,-1,-1,-1,-1,-1,-1,-1,-1,-1,-1,-1,-1,-1,-1,-1,0,-1,-1,-1,-1,-1,-1,-1,-1,-1,-1,-1,-1,-1,-1,-1,-1,-1,-1,-1,-1,-1,-1,-1,-1,-1,-1,-1,-1,-1,-1,-1,-1,-1,-1,-1,-1,-1,-1,-1,-1,-1,-1,-1,-1,-1,-1,-1,-1,-1,-1,-1,-1,-1,-1,-1,
-1,-1,1,-1,-1,-1,-1,-1,-1,-1,-1,-1,-1,-1,-1,-1,-1,-1,1,-1,1,-1,-1,-1,-1,-1,-1,-1,-1,-1,-1,-1,-1,-1,-1,-1,-1,-1,-1,1,-1,-1,1,-1,-1,-1,-1,-1,0,-1,-1,-1,-1,-1,-1,-1,-1,-1,-1,-1,-1,-1,-1,-1,-1,-1,-1,-1,-1,-1,-1,-1,-1,-1,-1,-1,-1,-1,-1,-1,-1,-1,-1,-1,-1,-1,-1,-1,-1,-1,-1,-1,-1,-1,-1,-1,-1,-1,-1,-1,-1,-1,-1,
-1,-1,1,-1,-1,-1,-1,-1,1,1,-1,-1,-1,-1,-1,-1,-1,-1,-1,-1,-1,-1,-1,-1,-1,-1,-1,-1,-1,-1,-1,-1,-1,-1,-1,-1,-1,-1,1,1,-1,-1,-1,-1,-1,-1,-1,-1,-1,0,-1,-1,-1,-1,-1,-1,-1,-1,-1,-1,-1,-1,-1,-1,-1,-1,-1,-1,-1,-1,-1,-1,-1,-1,-1,-1,-1,-1,-1,-1,-1,-1,-1,-1,-1,-1,-1,-1,-1,-1,-1,-1,-1,-1,-1,-1,-1,-1,-1,-1,-1,-1,-1,
1,-1,-1,1,-1,-1,-1,-1,-1,-1,-1,-1,-1,-1,-1,-1,-1,-1,-1,-1,-1,-1,1,-1,-1,-1,-1,-1,-1,-1,-1,-1,-1,-1,-1,-1,-1,-1,-1,-1,-1,-1,-1,-1,-1,-1,-1,-1,-1,-1,0,-1,-1,-1,-1,-1,-1,-1,-1,-1,-1,-1,-1,-1,-1,-1,-1,-1,-1,-1,-1,-1,-1,-1,-1,-1,-1,-1,-1,-1,-1,-1,-1,-1,-1,-1,-1,-1,-1,-1,-1,-1,-1,-1,-1,1,-1,-1,-1,-1,-1,-1,-1,
-1,-1,-1,-1,-1,-1,-1,1,-1,-1,-1,-1,-1,-1,-1,-1,-1,-1,1,-1,-1,-1,-1,-1,-1,-1,-1,-1,-1,-1,-1,-1,-1,-1,-1,-1,-1,-1,-1,-1,-1,-1,-1,-1,-1,-1,-1,-1,-1,-1,-1,0,-1,-1,-1,-1,-1,-1,-1,-1,-1,-1,-1,-1,-1,-1,-1,-1,-1,-1,-1,-1,-1,-1,-1,-1,-1,-1,-1,-1,-1,-1,-1,-1,-1,-1,-1,-1,-1,-1,-1,-1,-1,-1,-1,-1,-1,-1,-1,-1,-1,-1,-1,
-1,-1,-1,-1,1,-1,-1,1,-1,-1,-1,-1,-1,-1,-1,-1,-1,-1,-1,-1,-1,-1,-1,-1,-1,-1,-1,-1,-1,1,-1,-1,-1,-1,-1,-1,-1,-1,1,-1,-1,-1,-1,-1,-1,-1,-1,-1,-1,-1,-1,-1,0,-1,-1,-1,-1,-1,-1,-1,-1,-1,-1,-1,-1,-1,-1,-1,-1,-1,-1,-1,-1,-1,-1,-1,-1,-1,-1,-1,-1,-1,-1,-1,-1,-1,-1,-1,-1,-1,-1,-1,-1,-1,-1,-1,-1,-1,-1,-1,-1,-1,-1,
-1,-1,-1,-1,-1,-1,-1,-1,-1,-1,-1,-1,-1,-1,-1,-1,-1,-1,-1,-1,-1,-1,1,-1,-1,-1,-1,-1,-1,-1,-1,-1,-1,-1,-1,-1,-1,1,-1,-1,1,-1,-1,-1,-1,-1,-1,-1,-1,-1,-1,-1,-1,0,-1,-1,-1,-1,-1,-1,-1,-1,-1,-1,-1,-1,-1,-1,-1,-1,-1,-1,-1,-1,-1,-1,-1,-1,-1,-1,-1,-1,-1,-1,-1,-1,-1,-1,-1,-1,-1,-1,-1,-1,-1,-1,-1,-1,-1,-1,-1,-1,-1,
-1,-1,-1,-1,-1,-1,-1,-1,-1,-1,-1,-1,-1,-1,-1,1,-1,-1,-1,-1,-1,-1,-1,-1,-1,1,-1,-1,-1,-1,-1,-1,-1,-1,-1,-1,-1,-1,-1,-1,-1,1,-1,-1,-1,-1,-1,-1,-1,-1,-1,-1,-1,-1,0,-1,-1,-1,-1,-1,-1,-1,-1,-1,-1,-1,-1,-1,-1,-1,-1,-1,-1,-1,-1,-1,-1,-1,-1,-1,-1,-1,-1,-1,-1,-1,-1,-1,-1,-1,-1,-1,-1,-1,-1,-1,-1,-1,-1,-1,-1,-1,-1,
-1,-1,-1,-1,-1,-1,-1,-1,-1,-1,-1,1,-1,-1,-1,-1,-1,-1,-1,-1,-1,-1,-1,-1,-1,-1,-1,-1,1,-1,-1,-1,-1,-1,-1,-1,-1,-1,-1,-1,-1,1,-1,-1,-1,-1,-1,-1,-1,-1,-1,-1,-1,-1,-1,0,-1,-1,-1,-1,-1,-1,-1,-1,-1,-1,-1,-1,-1,-1,-1,-1,-1,-1,-1,-1,-1,-1,-1,-1,-1,-1,-1,-1,-1,-1,-1,-1,-1,-1,-1,-1,-1,-1,-1,-1,-1,-1,-1,-1,-1,-1,-1,
-1,-1,-1,-1,-1,-1,-1,-1,-1,-1,-1,-1,-1,-1,-1,-1,-1,-1,-1,-1,-1,-1,1,-1,-1,-1,-1,-1,-1,-1,-1,1,-1,-1,-1,-1,-1,-1,-1,-1,-1,-1,-1,-1,-1,-1,-1,-1,-1,-1,-1,-1,-1,-1,-1,-1,0,-1,-1,-1,-1,-1,-1,-1,-1,-1,-1,-1,-1,-1,-1,-1,-1,-1,-1,-1,-1,-1,-1,-1,-1,-1,-1,-1,-1,-1,-1,-1,-1,-1,-1,-1,-1,-1,-1,-1,-1,-1,-1,-1,-1,-1,-1,
-1,-1,-1,-1,-1,-1,-1,-1,-1,-1,-1,-1,-1,-1,-1,-1,-1,-1,-1,-1,-1,-1,1,-1,-1,-1,-1,-1,-1,-1,-1,-1,-1,-1,-1,-1,-1,-1,-1,-1,-1,-1,-1,-1,-1,-1,-1,-1,-1,-1,-1,-1,-1,-1,-1,-1,-1,0,-1,-1,-1,-1,-1,-1,-1,-1,-1,-1,-1,-1,-1,1,-1,-1,-1,-1,-1,-1,-1,-1,-1,-1,-1,-1,-1,-1,-1,-1,-1,-1,-1,-1,-1,-1,-1,-1,-1,-1,1,-1,-1,-1,-1,
-1,-1,1,-1,-1,-1,-1,-1,-1,-1,-1,1,-1,-1,-1,-1,-1,-1,-1,-1,-1,-1,-1,-1,-1,-1,-1,1,-1,-1,-1,-1,-1,1,-1,1,-1,-1,-1,-1,-1,-1,-1,-1,-1,-1,-1,-1,-1,-1,-1,-1,-1,-1,-1,-1,-1,-1,0,-1,-1,-1,-1,-1,-1,-1,-1,-1,-1,-1,-1,-1,-1,-1,-1,-1,-1,-1,-1,-1,-1,-1,-1,-1,-1,-1,-1,-1,-1,-1,-1,-1,-1,-1,-1,-1,-1,-1,-1,-1,1,-1,-1,
-1,-1,-1,-1,-1,-1,-1,1,-1,-1,-1,-1,-1,-1,-1,-1,-1,1,-1,-1,-1,-1,-1,1,-1,-1,-1,1,-1,-1,-1,-1,-1,-1,-1,-1,1,-1,-1,-1,-1,-1,1,-1,-1,-1,-1,-1,-1,-1,-1,-1,-1,-1,-1,-1,-1,-1,-1,0,-1,-1,-1,-1,-1,-1,-1,-1,-1,-1,-1,-1,-1,-1,-1,-1,-1,-1,-1,-1,-1,-1,-1,-1,-1,-1,-1,-1,-1,-1,-1,-1,-1,-1,-1,-1,-1,-1,-1,-1,-1,-1,-1,
-1,-1,-1,-1,-1,-1,-1,-1,-1,-1,-1,-1,-1,-1,-1,-1,-1,-1,-1,-1,1,1,-1,-1,-1,-1,-1,-1,-1,-1,-1,-1,-1,-1,-1,1,-1,-1,-1,-1,-1,-1,-1,-1,-1,-1,-1,-1,-1,-1,-1,-1,-1,-1,-1,-1,-1,-1,-1,-1,0,-1,-1,-1,-1,-1,-1,-1,-1,-1,-1,-1,-1,-1,-1,-1,-1,-1,-1,-1,-1,-1,-1,-1,-1,-1,-1,-1,-1,-1,-1,-1,-1,-1,-1,-1,-1,-1,-1,-1,-1,-1,-1,
-1,-1,-1,-1,-1,-1,-1,-1,1,-1,-1,-1,-1,-1,-1,-1,-1,-1,-1,-1,-1,-1,-1,-1,-1,-1,-1,-1,-1,-1,-1,-1,-1,-1,-1,-1,-1,-1,-1,1,-1,-1,-1,-1,-1,-1,-1,-1,-1,-1,-1,-1,-1,-1,-1,-1,-1,-1,-1,-1,-1,0,-1,-1,-1,-1,-1,-1,-1,-1,-1,-1,-1,-1,-1,-1,-1,-1,-1,-1,-1,-1,-1,-1,-1,-1,-1,-1,-1,-1,-1,-1,-1,-1,-1,-1,-1,-1,-1,-1,-1,-1,-1,
-1,-1,-1,-1,-1,-1,-1,-1,-1,-1,-1,-1,-1,-1,1,-1,1,-1,-1,-1,1,-1,-1,1,-1,-1,-1,-1,-1,-1,-1,-1,-1,-1,-1,-1,-1,-1,-1,-1,-1,1,-1,-1,-1,-1,-1,-1,-1,-1,-1,-1,-1,-1,-1,-1,-1,-1,-1,-1,-1,-1,0,-1,-1,-1,-1,-1,-1,-1,-1,-1,-1,-1,-1,-1,-1,-1,-1,-1,-1,-1,-1,-1,-1,-1,-1,-1,-1,-1,-1,-1,-1,-1,-1,-1,-1,-1,-1,-1,-1,-1,-1,
-1,-1,-1,-1,-1,-1,-1,-1,-1,-1,-1,-1,-1,-1,-1,-1,-1,-1,-1,-1,-1,-1,-1,-1,-1,-1,-1,-1,-1,-1,-1,-1,-1,-1,-1,-1,-1,-1,1,-1,-1,-1,-1,-1,-1,-1,-1,-1,-1,-1,-1,-1,-1,-1,-1,-1,-1,-1,-1,-1,-1,-1,-1,0,-1,-1,-1,-1,-1,-1,-1,-1,-1,-1,-1,-1,-1,-1,-1,-1,-1,-1,-1,-1,-1,-1,1,-1,-1,-1,-1,-1,-1,-1,-1,-1,-1,-1,-1,-1,-1,-1,-1,
-1,-1,-1,-1,-1,-1,-1,-1,-1,-1,-1,-1,-1,-1,-1,-1,-1,-1,-1,-1,-1,-1,-1,-1,-1,-1,-1,-1,-1,1,-1,-1,-1,-1,-1,-1,-1,-1,-1,-1,-1,-1,-1,-1,-1,-1,-1,-1,-1,-1,-1,-1,-1,-1,-1,-1,-1,-1,-1,-1,-1,-1,-1,-1,0,-1,-1,-1,-1,-1,-1,-1,-1,-1,-1,-1,-1,-1,-1,-1,-1,-1,1,-1,-1,-1,-1,-1,-1,-1,-1,-1,-1,-1,-1,-1,-1,-1,-1,-1,-1,-1,-1,
-1,-1,-1,-1,-1,-1,-1,-1,-1,-1,-1,-1,-1,-1,-1,-1,-1,1,-1,-1,-1,-1,-1,-1,-1,-1,-1,1,1,-1,-1,-1,-1,-1,-1,-1,-1,-1,-1,-1,-1,-1,-1,-1,-1,-1,-1,-1,-1,-1,-1,-1,-1,-1,-1,-1,-1,-1,-1,-1,-1,-1,-1,-1,-1,0,-1,-1,-1,-1,-1,-1,-1,-1,-1,-1,-1,-1,-1,-1,-1,-1,-1,-1,-1,-1,-1,-1,-1,-1,-1,-1,-1,-1,-1,-1,-1,-1,-1,-1,-1,-1,-1,
-1,-1,-1,-1,1,-1,-1,-1,-1,-1,-1,1,-1,-1,1,-1,-1,-1,-1,-1,-1,-1,-1,1,-1,1,-1,-1,-1,-1,-1,-1,-1,-1,-1,-1,-1,-1,-1,-1,1,-1,1,-1,-1,-1,-1,-1,-1,-1,-1,-1,-1,-1,-1,-1,-1,-1,-1,-1,-1,-1,-1,-1,-1,-1,0,-1,-1,-1,-1,-1,-1,-1,-1,-1,-1,-1,-1,-1,-1,-1,-1,-1,-1,-1,-1,-1,-1,-1,-1,-1,-1,-1,-1,-1,-1,-1,-1,-1,-1,-1,-1,
-1,-1,-1,-1,-1,-1,-1,-1,-1,-1,-1,-1,-1,-1,-1,-1,-1,-1,-1,-1,-1,-1,-1,-1,-1,-1,-1,1,-1,-1,-1,-1,-1,-1,-1,-1,-1,-1,-1,-1,-1,-1,-1,-1,-1,1,-1,-1,-1,-1,-1,-1,-1,-1,-1,-1,-1,-1,-1,-1,-1,-1,-1,-1,-1,-1,-1,0,-1,-1,-1,-1,-1,-1,-1,-1,-1,-1,-1,-1,-1,-1,-1,-1,-1,-1,-1,-1,-1,-1,-1,-1,-1,-1,-1,-1,-1,-1,-1,-1,-1,-1,-1,
-1,-1,-1,-1,1,-1,-1,-1,-1,-1,-1,-1,-1,-1,-1,-1,-1,-1,-1,-1,-1,-1,-1,-1,-1,1,-1,-1,-1,-1,-1,-1,-1,-1,-1,-1,1,-1,-1,-1,-1,-1,-1,-1,-1,-1,-1,-1,-1,-1,-1,-1,-1,-1,-1,-1,-1,-1,-1,-1,-1,-1,-1,-1,-1,-1,-1,-1,0,-1,-1,-1,-1,-1,-1,-1,-1,-1,-1,-1,-1,-1,-1,-1,-1,-1,-1,-1,-1,-1,-1,-1,-1,-1,-1,-1,-1,-1,-1,-1,-1,-1,-1,
-1,-1,-1,-1,1,-1,-1,-1,-1,-1,-1,-1,-1,-1,-1,1,-1,-1,-1,-1,-1,1,-1,-1,-1,-1,-1,-1,-1,-1,-1,-1,1,-1,-1,-1,-1,-1,-1,-1,-1,-1,-1,-1,-1,-1,-1,-1,-1,-1,-1,-1,-1,-1,-1,-1,-1,-1,-1,-1,-1,-1,-1,-1,-1,-1,-1,-1,-1,0,-1,-1,-1,-1,-1,-1,-1,-1,-1,-1,-1,-1,-1,-1,-1,-1,-1,-1,-1,-1,-1,-1,-1,-1,-1,-1,-1,-1,-1,-1,-1,-1,-1,
-1,-1,-1,-1,-1,-1,-1,-1,-1,-1,-1,-1,1,-1,-1,-1,-1,1,-1,-1,1,-1,-1,-1,1,-1,-1,-1,-1,-1,-1,-1,-1,-1,-1,-1,-1,-1,-1,-1,-1,-1,-1,-1,-1,-1,-1,-1,-1,-1,-1,-1,-1,-1,-1,-1,-1,-1,-1,-1,-1,-1,-1,-1,-1,-1,-1,-1,-1,-1,0,-1,-1,-1,-1,-1,-1,-1,-1,-1,-1,-1,-1,-1,-1,-1,-1,-1,-1,-1,-1,-1,-1,-1,-1,-1,-1,-1,-1,-1,-1,-1,-1,
-1,-1,-1,-1,-1,-1,-1,-1,-1,-1,-1,-1,-1,-1,-1,-1,-1,-1,-1,-1,-1,-1,-1,-1,-1,-1,-1,-1,1,1,-1,-1,-1,-1,-1,-1,-1,-1,-1,-1,-1,1,-1,-1,-1,-1,-1,-1,-1,-1,-1,-1,-1,-1,-1,-1,-1,1,-1,-1,-1,-1,-1,-1,-1,-1,-1,-1,-1,-1,-1,0,-1,-1,-1,-1,-1,-1,-1,-1,-1,-1,-1,-1,-1,-1,-1,-1,-1,-1,-1,-1,-1,-1,-1,-1,-1,-1,-1,-1,-1,-1,-1,
-1,-1,-1,-1,-1,-1,-1,-1,-1,-1,-1,-1,-1,-1,-1,-1,-1,-1,-1,-1,-1,-1,-1,-1,-1,1,1,-1,-1,-1,-1,-1,-1,-1,-1,-1,-1,-1,-1,1,1,-1,-1,-1,-1,-1,-1,-1,-1,-1,-1,-1,-1,-1,-1,-1,-1,-1,-1,-1,-1,-1,-1,-1,-1,-1,-1,-1,-1,-1,-1,-1,0,-1,-1,-1,-1,-1,-1,-1,-1,-1,-1,-1,-1,-1,-1,-1,-1,-1,-1,-1,-1,-1,-1,-1,-1,-1,-1,-1,-1,-1,-1,
-1,-1,-1,-1,-1,-1,-1,-1,-1,-1,-1,-1,-1,-1,-1,-1,1,-1,-1,-1,-1,-1,-1,-1,-1,-1,-1,-1,-1,-1,-1,-1,1,-1,1,-1,-1,-1,-1,-1,-1,-1,-1,-1,-1,-1,-1,-1,-1,-1,-1,-1,-1,-1,-1,-1,-1,-1,-1,-1,-1,-1,-1,-1,-1,-1,-1,-1,-1,-1,-1,-1,-1,0,-1,-1,-1,-1,-1,-1,-1,-1,-1,-1,-1,-1,-1,-1,-1,-1,-1,-1,-1,-1,-1,-1,-1,-1,-1,-1,-1,-1,-1,
-1,-1,-1,-1,-1,-1,-1,-1,-1,-1,-1,-1,1,-1,-1,-1,-1,-1,-1,-1,1,-1,-1,-1,-1,-1,-1,-1,-1,-1,-1,-1,-1,-1,-1,-1,-1,-1,-1,-1,-1,-1,-1,-1,-1,-1,-1,-1,-1,-1,-1,-1,-1,-1,-1,-1,-1,-1,-1,-1,-1,-1,-1,-1,-1,-1,-1,-1,-1,-1,-1,-1,-1,-1,0,-1,-1,-1,-1,-1,-1,-1,-1,-1,-1,-1,-1,-1,-1,-1,-1,-1,-1,-1,-1,-1,-1,-1,-1,-1,-1,-1,-1,
-1,-1,-1,-1,-1,1,1,-1,-1,-1,-1,-1,-1,-1,-1,-1,1,-1,-1,-1,-1,-1,-1,-1,-1,-1,-1,-1,-1,-1,-1,-1,-1,-1,-1,1,-1,-1,-1,-1,-1,-1,-1,-1,-1,-1,-1,-1,-1,-1,-1,-1,-1,-1,-1,-1,-1,-1,-1,-1,-1,-1,-1,-1,-1,-1,-1,-1,-1,-1,-1,-1,-1,-1,-1,0,-1,-1,-1,1,-1,-1,-1,-1,-1,-1,-1,-1,-1,-1,-1,-1,-1,-1,-1,-1,-1,-1,-1,-1,-1,-1,-1,
-1,-1,-1,-1,-1,-1,1,-1,1,-1,-1,-1,-1,-1,-1,-1,-1,-1,-1,-1,-1,-1,-1,-1,-1,-1,-1,-1,-1,-1,1,-1,-1,-1,-1,-1,-1,1,-1,-1,1,-1,-1,-1,-1,-1,-1,-1,-1,-1,-1,-1,-1,-1,-1,-1,-1,-1,-1,-1,-1,-1,-1,-1,-1,-1,-1,-1,-1,-1,-1,-1,-1,-1,-1,-1,0,-1,-1,-1,-1,-1,-1,-1,-1,-1,-1,-1,-1,-1,-1,-1,-1,-1,-1,-1,-1,-1,-1,-1,-1,-1,-1,
-1,-1,-1,1,-1,-1,-1,-1,-1,-1,1,-1,-1,-1,-1,-1,-1,-1,-1,-1,-1,-1,-1,-1,-1,-1,-1,-1,-1,-1,-1,-1,-1,-1,-1,-1,-1,-1,-1,-1,-1,-1,-1,-1,-1,-1,-1,-1,-1,-1,-1,-1,-1,-1,-1,-1,-1,-1,-1,-1,-1,-1,-1,-1,-1,-1,-1,-1,-1,-1,-1,-1,-1,-1,-1,-1,-1,0,-1,-1,-1,-1,-1,-1,-1,-1,-1,-1,-1,-1,-1,-1,-1,-1,-1,-1,-1,-1,-1,-1,-1,-1,-1,
-1,-1,-1,1,-1,-1,-1,-1,-1,-1,-1,-1,-1,-1,-1,-1,-1,1,-1,-1,-1,-1,-1,-1,-1,-1,-1,-1,-1,-1,-1,-1,-1,-1,1,-1,-1,-1,-1,-1,-1,1,-1,-1,-1,-1,-1,-1,-1,-1,-1,-1,-1,-1,-1,-1,-1,-1,-1,-1,-1,-1,-1,-1,-1,-1,-1,-1,-1,-1,-1,-1,-1,-1,-1,-1,-1,-1,0,-1,-1,-1,-1,-1,-1,-1,-1,-1,-1,-1,-1,-1,-1,-1,-1,-1,-1,-1,-1,-1,-1,-1,-1,
-1,-1,-1,-1,-1,-1,-1,-1,-1,-1,-1,-1,-1,-1,-1,-1,-1,-1,-1,-1,-1,-1,-1,1,-1,-1,-1,-1,-1,-1,-1,-1,-1,-1,-1,-1,-1,-1,-1,-1,-1,-1,-1,-1,-1,-1,-1,-1,-1,-1,-1,-1,-1,-1,-1,-1,-1,-1,-1,-1,-1,-1,-1,-1,-1,-1,-1,-1,-1,-1,-1,-1,-1,-1,-1,1,-1,-1,-1,0,-1,-1,-1,-1,-1,-1,-1,-1,-1,-1,-1,-1,-1,-1,-1,-1,-1,-1,-1,-1,-1,-1,-1,
-1,-1,-1,-1,-1,-1,-1,-1,-1,-1,-1,-1,-1,-1,-1,1,-1,-1,-1,-1,-1,-1,-1,-1,-1,-1,-1,-1,-1,-1,-1,-1,-1,-1,-1,-1,-1,-1,-1,1,-1,-1,-1,-1,-1,-1,-1,-1,-1,-1,-1,-1,-1,-1,-1,-1,-1,-1,-1,-1,-1,-1,-1,-1,-1,-1,-1,-1,-1,-1,-1,-1,-1,-1,-1,-1,-1,-1,-1,-1,0,-1,-1,-1,-1,-1,-1,-1,-1,-1,-1,-1,-1,-1,-1,-1,-1,-1,-1,-1,-1,-1,-1,
-1,-1,1,-1,-1,-1,1,-1,-1,-1,-1,-1,-1,-1,-1,-1,-1,-1,-1,1,-1,-1,-1,-1,-1,-1,-1,-1,-1,-1,-1,-1,-1,1,-1,-1,-1,-1,-1,-1,-1,-1,-1,-1,-1,-1,-1,-1,-1,-1,-1,-1,-1,-1,-1,-1,-1,-1,-1,-1,-1,-1,-1,-1,-1,-1,-1,-1,-1,-1,-1,-1,-1,-1,-1,-1,-1,-1,-1,-1,-1,0,-1,-1,-1,-1,-1,-1,-1,-1,-1,-1,-1,-1,-1,-1,-1,-1,-1,-1,-1,-1,-1,
-1,1,-1,-1,-1,-1,-1,-1,-1,-1,-1,1,1,-1,-1,-1,-1,-1,-1,-1,-1,1,-1,-1,1,-1,1,-1,-1,-1,-1,1,1,-1,-1,-1,-1,-1,-1,1,-1,-1,-1,-1,-1,-1,-1,-1,-1,-1,-1,-1,-1,-1,-1,-1,-1,-1,-1,-1,-1,-1,-1,-1,1,-1,-1,-1,-1,-1,-1,-1,-1,-1,-1,-1,-1,-1,-1,-1,-1,-1,0,-1,-1,-1,-1,-1,-1,-1,-1,-1,-1,-1,-1,-1,-1,-1,-1,-1,-1,-1,-1,
-1,-1,-1,-1,1,-1,-1,-1,-1,-1,1,-1,-1,-1,-1,1,-1,-1,-1,-1,-1,-1,-1,-1,-1,-1,-1,-1,-1,-1,1,-1,1,-1,-1,-1,-1,-1,-1,-1,-1,-1,-1,-1,-1,-1,-1,-1,-1,-1,-1,-1,-1,-1,-1,-1,-1,-1,-1,-1,-1,-1,-1,-1,-1,-1,-1,-1,-1,-1,-1,-1,-1,-1,-1,-1,-1,-1,-1,-1,-1,-1,-1,0,-1,-1,-1,-1,-1,-1,-1,-1,-1,-1,-1,-1,-1,-1,-1,-1,-1,-1,-1,
1,-1,-1,-1,-1,-1,-1,1,-1,-1,-1,-1,-1,-1,-1,-1,-1,-1,-1,-1,1,-1,-1,-1,-1,-1,1,-1,-1,-1,-1,-1,1,-1,1,-1,-1,-1,-1,-1,-1,-1,-1,-1,-1,-1,-1,-1,-1,-1,-1,-1,-1,-1,-1,-1,-1,-1,-1,-1,-1,-1,-1,-1,-1,-1,-1,-1,-1,-1,-1,-1,-1,-1,-1,-1,-1,-1,-1,-1,-1,-1,-1,-1,0,-1,-1,-1,-1,-1,-1,-1,-1,-1,-1,-1,-1,-1,-1,-1,-1,-1,-1,
-1,-1,-1,-1,-1,-1,-1,-1,-1,-1,-1,1,-1,-1,-1,-1,-1,1,-1,-1,-1,-1,-1,-1,-1,-1,-1,-1,-1,-1,-1,-1,-1,-1,-1,-1,-1,-1,-1,-1,-1,-1,-1,-1,-1,-1,-1,-1,-1,-1,-1,-1,-1,-1,-1,-1,-1,-1,-1,-1,-1,-1,-1,-1,-1,-1,-1,-1,-1,-1,-1,-1,-1,-1,-1,-1,-1,-1,-1,-1,-1,-1,-1,-1,-1,0,-1,-1,-1,-1,-1,-1,-1,-1,-1,-1,-1,-1,-1,-1,-1,-1,-1,
-1,-1,-1,-1,-1,-1,-1,-1,-1,1,-1,-1,-1,-1,-1,-1,-1,-1,-1,1,-1,-1,-1,-1,-1,-1,-1,-1,-1,-1,-1,-1,-1,-1,-1,-1,-1,1,-1,-1,-1,-1,-1,-1,-1,-1,-1,-1,-1,-1,-1,-1,-1,-1,-1,-1,-1,-1,-1,-1,-1,-1,-1,1,-1,-1,-1,-1,-1,-1,-1,-1,-1,-1,-1,-1,-1,-1,-1,-1,-1,-1,-1,-1,-1,-1,0,-1,-1,-1,-1,-1,-1,-1,-1,-1,-1,-1,-1,-1,-1,-1,-1,
-1,-1,-1,-1,-1,-1,-1,-1,-1,-1,1,-1,-1,-1,-1,-1,-1,1,-1,-1,-1,-1,-1,-1,-1,-1,-1,-1,-1,-1,-1,1,-1,-1,-1,-1,-1,-1,-1,-1,-1,-1,-1,-1,-1,-1,-1,-1,-1,-1,-1,-1,-1,-1,-1,-1,-1,-1,-1,-1,-1,-1,-1,-1,-1,-1,-1,-1,-1,-1,-1,-1,-1,-1,-1,-1,-1,-1,-1,-1,-1,-1,-1,-1,-1,-1,-1,0,-1,-1,-1,-1,-1,-1,-1,-1,-1,-1,-1,-1,-1,-1,-1,
-1,-1,-1,-1,-1,-1,-1,-1,-1,-1,-1,-1,-1,1,-1,-1,-1,-1,-1,-1,-1,-1,-1,-1,-1,-1,-1,1,-1,-1,-1,-1,-1,-1,-1,-1,-1,-1,-1,-1,-1,-1,-1,-1,-1,-1,-1,-1,-1,-1,-1,-1,-1,-1,-1,-1,-1,-1,-1,-1,-1,-1,-1,-1,-1,-1,-1,-1,-1,-1,-1,-1,-1,-1,-1,-1,-1,-1,-1,-1,-1,-1,-1,-1,-1,-1,-1,-1,0,-1,-1,-1,-1,-1,-1,-1,-1,-1,-1,-1,-1,-1,-1,
-1,-1,-1,-1,-1,1,-1,-1,-1,-1,-1,1,-1,-1,-1,-1,-1,-1,-1,-1,-1,-1,-1,-1,-1,-1,-1,-1,-1,-1,1,-1,-1,-1,-1,1,-1,-1,-1,-1,-1,-1,1,-1,-1,-1,-1,-1,-1,-1,-1,-1,-1,-1,-1,-1,-1,-1,-1,-1,-1,-1,-1,-1,-1,-1,-1,-1,-1,-1,-1,-1,-1,-1,-1,-1,-1,-1,-1,-1,-1,-1,-1,-1,-1,-1,-1,-1,-1,0,-1,-1,-1,-1,-1,-1,-1,-1,-1,-1,-1,-1,-1,
1,-1,-1,-1,1,-1,-1,-1,1,-1,-1,-1,-1,1,-1,-1,-1,-1,-1,-1,-1,1,-1,-1,-1,-1,-1,1,-1,-1,-1,-1,-1,-1,-1,-1,-1,-1,-1,-1,-1,-1,-1,-1,-1,-1,-1,-1,-1,-1,-1,-1,-1,-1,-1,-1,-1,-1,-1,-1,-1,-1,-1,-1,-1,-1,-1,-1,-1,-1,-1,-1,-1,-1,-1,-1,-1,-1,-1,-1,-1,-1,-1,-1,-1,-1,-1,-1,-1,-1,0,-1,-1,-1,-1,-1,-1,-1,-1,-1,-1,-1,-1,
-1,-1,-1,-1,-1,1,-1,-1,-1,-1,-1,-1,-1,-1,-1,1,-1,-1,-1,-1,-1,-1,-1,-1,-1,-1,-1,-1,-1,1,-1,-1,-1,-1,-1,-1,-1,-1,-1,-1,-1,-1,-1,-1,-1,-1,-1,-1,-1,-1,-1,-1,-1,-1,-1,-1,-1,-1,-1,-1,-1,-1,-1,-1,-1,-1,-1,-1,-1,-1,-1,-1,-1,-1,-1,-1,-1,-1,-1,-1,-1,-1,-1,-1,-1,-1,-1,-1,-1,-1,-1,0,-1,-1,-1,-1,-1,-1,-1,-1,-1,-1,-1,
-1,-1,-1,-1,-1,-1,-1,-1,-1,-1,-1,-1,-1,-1,-1,-1,-1,-1,-1,-1,-1,-1,-1,-1,-1,-1,-1,1,1,1,-1,-1,-1,-1,-1,1,-1,-1,-1,-1,-1,-1,-1,-1,-1,-1,-1,-1,-1,-1,-1,-1,-1,-1,-1,-1,-1,-1,-1,-1,-1,-1,-1,-1,-1,-1,-1,-1,-1,-1,-1,-1,-1,-1,-1,-1,-1,-1,-1,-1,-1,-1,-1,-1,-1,-1,-1,-1,-1,-1,-1,-1,0,-1,-1,-1,-1,-1,-1,-1,-1,-1,-1,
-1,-1,-1,-1,-1,-1,-1,1,-1,-1,-1,1,-1,-1,-1,-1,-1,-1,1,-1,-1,-1,1,-1,-1,-1,-1,-1,-1,-1,-1,-1,-1,-1,-1,-1,-1,-1,-1,-1,-1,-1,-1,-1,-1,-1,-1,-1,-1,-1,-1,-1,-1,-1,-1,-1,-1,-1,-1,-1,-1,-1,-1,-1,-1,-1,-1,-1,-1,-1,-1,-1,-1,-1,-1,-1,-1,-1,-1,-1,-1,-1,-1,-1,-1,-1,-1,-1,-1,-1,-1,-1,-1,0,-1,-1,-1,-1,-1,-1,-1,-1,-1,
-1,-1,-1,-1,-1,-1,-1,-1,-1,-1,1,-1,-1,1,-1,-1,-1,-1,-1,-1,1,-1,-1,-1,1,-1,-1,-1,-1,-1,-1,-1,-1,-1,1,1,-1,-1,-1,-1,-1,-1,-1,-1,-1,-1,-1,-1,-1,-1,-1,-1,-1,-1,-1,-1,-1,-1,-1,-1,-1,-1,-1,-1,-1,-1,-1,-1,-1,-1,-1,-1,-1,-1,-1,-1,-1,-1,-1,-1,-1,-1,-1,-1,-1,-1,-1,-1,-1,-1,-1,-1,-1,-1,0,-1,-1,-1,-1,-1,-1,-1,-1,
-1,-1,-1,-1,-1,1,-1,-1,-1,-1,-1,-1,-1,-1,-1,-1,-1,-1,-1,-1,-1,-1,-1,-1,-1,-1,-1,-1,-1,-1,-1,-1,-1,-1,-1,-1,-1,-1,-1,-1,-1,-1,-1,-1,-1,-1,-1,-1,-1,-1,1,-1,-1,-1,-1,-1,-1,-1,-1,-1,-1,-1,-1,-1,-1,-1,-1,-1,-1,-1,-1,-1,-1,-1,-1,-1,-1,-1,-1,-1,-1,-1,-1,-1,-1,-1,-1,-1,-1,-1,-1,-1,-1,-1,-1,0,-1,-1,-1,-1,-1,-1,-1,
-1,1,-1,-1,-1,-1,-1,-1,1,-1,1,-1,-1,-1,-1,-1,1,-1,-1,1,-1,-1,-1,-1,1,-1,-1,-1,-1,-1,-1,-1,-1,-1,-1,-1,-1,-1,-1,-1,-1,-1,-1,-1,-1,-1,-1,-1,-1,-1,-1,-1,-1,-1,-1,-1,-1,-1,-1,-1,-1,-1,-1,-1,-1,-1,-1,-1,-1,-1,-1,-1,-1,-1,-1,-1,-1,-1,-1,-1,-1,-1,-1,-1,-1,-1,-1,-1,-1,-1,-1,-1,-1,-1,-1,-1,0,-1,-1,-1,-1,-1,-1,
-1,-1,-1,-1,-1,-1,-1,-1,-1,-1,-1,-1,-1,1,-1,-1,-1,1,-1,-1,-1,-1,-1,-1,-1,-1,-1,-1,-1,-1,-1,-1,-1,-1,-1,-1,-1,-1,1,-1,-1,-1,-1,-1,-1,-1,-1,-1,-1,-1,-1,-1,-1,-1,-1,-1,-1,-1,-1,-1,-1,-1,-1,-1,-1,-1,-1,-1,-1,-1,-1,-1,-1,-1,-1,-1,-1,-1,-1,-1,-1,-1,-1,-1,-1,-1,-1,-1,-1,-1,-1,-1,-1,-1,-1,-1,-1,0,-1,-1,-1,-1,-1,
-1,-1,-1,-1,-1,-1,-1,-1,-1,-1,-1,-1,-1,-1,-1,-1,-1,-1,-1,-1,-1,-1,-1,-1,-1,-1,-1,-1,-1,-1,-1,-1,1,-1,-1,-1,-1,-1,-1,-1,-1,-1,-1,-1,-1,-1,-1,-1,-1,-1,-1,-1,-1,-1,-1,-1,-1,1,-1,-1,-1,-1,-1,-1,-1,-1,-1,-1,-1,-1,-1,-1,-1,-1,-1,-1,-1,-1,-1,-1,-1,-1,-1,-1,-1,-1,-1,-1,-1,-1,-1,-1,-1,-1,-1,-1,-1,-1,0,-1,-1,-1,-1,
-1,-1,-1,-1,-1,-1,-1,-1,-1,-1,-1,-1,-1,-1,-1,-1,-1,-1,-1,-1,-1,1,-1,-1,-1,-1,-1,-1,-1,-1,-1,-1,-1,-1,-1,1,-1,-1,-1,-1,-1,-1,-1,-1,-1,-1,-1,-1,-1,-1,-1,-1,-1,-1,-1,-1,-1,-1,-1,-1,-1,-1,-1,-1,-1,-1,-1,-1,-1,-1,-1,-1,-1,-1,-1,-1,-1,-1,-1,-1,-1,-1,-1,-1,-1,-1,-1,-1,-1,-1,-1,-1,-1,-1,-1,-1,-1,-1,-1,0,-1,-1,-1,
-1,-1,-1,-1,-1,-1,-1,-1,-1,-1,-1,-1,-1,-1,-1,-1,-1,-1,-1,-1,-1,-1,-1,-1,-1,-1,-1,-1,-1,-1,-1,-1,-1,-1,-1,-1,1,-1,-1,-1,-1,-1,-1,-1,-1,-1,-1,-1,-1,-1,-1,-1,-1,-1,-1,-1,-1,-1,1,-1,-1,-1,-1,-1,-1,-1,-1,-1,-1,-1,-1,-1,-1,-1,-1,-1,-1,-1,-1,-1,-1,-1,-1,-1,-1,-1,-1,-1,-1,-1,-1,-1,-1,-1,-1,-1,-1,-1,-1,-1,0,-1,-1,
-1,-1,-1,1,1,-1,-1,-1,-1,-1,-1,-1,-1,-1,-1,-1,-1,-1,-1,-1,-1,-1,-1,-1,-1,-1,1,-1,-1,-1,-1,-1,-1,-1,-1,-1,-1,-1,-1,-1,-1,-1,-1,-1,-1,-1,-1,-1,-1,-1,-1,-1,-1,-1,-1,-1,-1,-1,-1,-1,-1,-1,-1,-1,-1,-1,-1,-1,-1,-1,-1,-1,-1,-1,-1,-1,-1,-1,-1,-1,-1,-1,-1,-1,-1,-1,-1,-1,-1,-1,-1,-1,-1,-1,-1,-1,-1,-1,-1,-1,-1,0,-1,
-1,-1,-1,-1,-1,-1,-1,-1,-1,-1,1,-1,-1,-1,-1,-1,-1,-1,-1,1,-1,1,-1,-1,-1,-1,-1,-1,-1,-1,1,-1,-1,-1,-1,-1,-1,1,-1,-1,-1,-1,-1,-1,-1,-1,-1,-1,-1,-1,-1,-1,-1,-1,-1,-1,-1,-1,-1,-1,-1,-1,-1,-1,-1,-1,-1,-1,-1,-1,-1,-1,-1,-1,-1,-1,-1,-1,-1,-1,-1,-1,-1,-1,-1,-1,-1,-1,-1,-1,-1,-1,-1,-1,-1,-1,-1,-1,-1,-1,-1,-1,0,

(42,0)
(41,1)
(40,2)
(40,3)
(41,4)
(41,5)
(41,6)
(41,7)
(41,8)
(42,9)
(40,10)
(41,11)
(42,12)
(40,13)
(40,14)
(40,15)
(42,16)
(42,17)
(41,18)
(40,19)
(99,14)
(83,15)
(68,4)
(61,1)
(63,3)
(57,17)
(55,9)
(101,16)
(88,12)
(64,5)
(68,15)
(52,0)
(71,1)
(79,0)
(78,3)
(64,1)
(62,10)
(88,12)
(67,2)
(56,7)
(90,5)
(43,7)
(67,3)
(45,3)
(68,17)
(48,11)
(71,6)
(56,10)
(51,11)
(42,2)
(102,1)
(91,10)
(77,0)
(41,13)
(79,8)
(99,0)
(78,12)
(83,6)
(56,5)
(70,5)
(72,12)
(66,3)
(85,9)
(82,5)
(90,8)
(81,7)
(97,3)
(78,19)
(80,8)
(102,1)
(67,17)
(70,16)
(81,15)
(58,18)
(43,1)
(100,12)
(42,8)
(51,13)
(94,10)
(101,3)
(68,8)
(65,14)
(51,11)
(79,2)
(86,3)
(70,16)
(43,5)
(88,1)
(41,2)
(71,14)
(75,0)
(46,1)
(78,4)
(97,13)
(41,13)
(100,13)
(69,2)
(88,1)
(50,13)
(44,6)
(93,3)
(74,10)
(83,1)
(84,13)
(45,5)
(49,15)
(76,7)
(61,7)
(49,10)
(88,13)
(54,5)
(41,18)
(53,2)
(102,12)
(84,14)
(81,10)
(92,0)
(58,1)
(93,9)
(80,7)
(42,3)
(50,7)
(80,5)
(53,7)
(100,9)
(91,9)
(80,10)
(100,6)
(85,17)
(93,15)
(87,1)
(100,11)
(61,10)
(40,16)
(92,9)
(68,11)
(95,19)
(78,0)
(75,0)
(59,15)
(65,11)
(98,4)
(57,17)
(68,15)
(81,14)
(60,12)
(60,9)
(80,1)
(92,6)
(92,16)
(52,17)
(59,10)
(49,8)
(55,7)
(93,19)
(59,3)
(77,19)
(78,13)
(60,14)
(67,1)
(95,12)
(82,5)
(76,4)
(81,12)
(43,7)
(60,17)
(43,1)
(50,11)
(50,5)
(82,2)
(60,15)
(79,0)
(73,8)
(40,6)
(54,3)
(94,10)
(77,8)
(50,1)
(78,5)
(44,15)
(84,6)
(65,0)
(76,2)
(47,11)
(51,0)
(48,6)
(66,8)
(68,12)
(94,8)
(86,11)
(43,2)
(75,19)
(81,12)
(67,2)
(51,1)
(87,17)
(61,14)
(73,0)
(81,8)
(67,9)
(54,4)
(102,1)
(60,0)
(81,17)
(73,15)
(61,9)
(88,10)
(48,12)
(99,1)
(89,16)
(55,7)
(50,11)
(86,9)
(62,6)
(44,15)
(87,11)
(102,13)
(68,16)
(72,8)
(70,0)
(70,0)
(41,10)
(40,10)
(87,5)
(90,6)
(57,18)
(93,16)
(50,14)
(41,18)
(60,11)
(71,1)
(89,6)
(65,9)
(61,1)
(55,16)
(65,0)
(56,3)
(52,7)
(54,5)
(42,10)
(45,19)
(80,12)
(87,16)
(93,0)
(101,14)
(42,4)
(76,19)
(80,9)
(77,0)
(70,7)
(71,10)
(82,3)
(75,1)
(46,2)
(51,4)
(44,3)
(67,14)
(79,4)
(91,7)
(68,4)
(46,3)
(46,14)
(69,3)
(98,15)
(86,6)
(69,9)
(89,17)
(74,1)
(96,2)
(75,1)
(73,1)
(40,19)
(47,10)
(89,2)
(83,9)
(96,18)
(51,5)
(99,6)
(48,14)
(83,1)
(84,16)
(64,5)
(47,6)
(98,8)
(64,18)
(81,15)
(54,4)
(98,14)
(58,2)
(73,16)
(72,1)
(53,0)
(96,13)
(88,5)
(100,7)
(82,17)
(91,4)
(84,19)
(46,4)
(100,18)
(89,1)
(45,7)
(44,0)
(72,19)
(76,16)
(48,9)
(62,15)
(75,1)
(72,18)
(79,11)
(89,18)
(87,4)
(98,2)
(99,10)
(44,1)
(46,11)
(81,8)
(74,13)
(58,9)
(49,7)
(99,3)
(90,11)
(68,6)
(92,6)
(100,10)
(97,1)
(56,16)
(44,0)
(71,6)
(47,0)
(73,8)
(57,8)
(73,3)
(81,19)
(65,0)
(72,17)
(76,11)
(93,12)
(73,12)
(51,19)
(71,9)
(53,3)
(58,1)
(48,3)
(66,1)
(77,17)
(71,1)
(90,14)
(91,1)
(93,17)
(88,7)
(57,9)
(58,8)
(48,4)
(53,8)
(54,2)
(74,4)
(95,11)
(78,1)
(96,19)
(101,1)
(61,1)
(55,3)
(54,12)
(86,5)
(98,4)
(100,5)
(84,0)
(87,3)
(51,18)
(79,16)
(100,1)
(51,11)
(89,1)
(74,8)
(60,5)
(57,2)
(50,8)
(54,4)
(55,16)
(96,3)
(56,8)
(85,9)
(84,15)
(88,9)
(52,15)
(44,11)
(80,10)
(73,8)
(54,8)
(54,0)
(59,3)
(92,0)
(75,10)
(76,4)
(68,3)
(48,3)
(96,2)
(68,1)
(47,1)
(83,19)
(48,19)
(90,11)
(95,15)
(55,16)
(81,7)
(93,15)
(63,0)
(94,5)
(58,4)
(66,5)
(69,8)
(49,0)
(78,4)
(65,14)
(92,10)
(95,0)
(80,6)
(81,3)
(76,0)
(100,14)
(83,3)
(52,17)
(84,15)
(63,0)
(47,14)
(65,5)
(102,2)
(70,2)
(99,4)
(56,1)
(58,12)
(101,2)
(53,11)
(98,6)
(63,15)
(71,5)
(46,1)
(89,19)
(41,8)
(44,15)
(48,5)
(59,12)
(70,19)
(78,8)
(95,1)
(91,8)
(67,8)
(75,10)
(72,1)
(72,18)
(58,1)
(81,19)
(74,12)
(98,0)
(51,1)
(76,6)
(85,18)
(56,2)
(78,2)
(100,6)
(70,9)
(91,11)
(97,3)
(100,15)
(59,5)
(56,8)
(67,0)
(80,16)
(84,2)
(79,2)
(68,0)
(91,13)
(68,1)
(78,14)
(91,11)
(47,2)
(43,1)
(77,7)
(52,5)
(96,16)
(50,4)
(67,0)
(55,0)
(46,19)
(62,17)
(76,17)
(94,2)
(89,14)
(45,9)
(94,8)
(81,18)
(93,7)
(85,5)
(73,18)
(85,10)
(85,9)
(53,0)
(48,18)
(41,1)
(84,1)
(74,6)
(55,3)
(52,13)
(43,9)
(101,2)
(55,6)
(72,6)
(62,15)
(59,12)
(44,11)
(76,11)
(41,18)
(61,18)
(81,1)
(73,8)
(57,11)
(63,1)
(53,15)
(59,2)
(90,4)
(68,6)
(100,3)
(96,8)
(75,3)
(86,6)
(91,6)
(55,0)
(40,0)
(78,4)
(92,2)
(41,5)
(95,12)
(49,5)
(55,6)
(51,3)
(98,14)
(83,9)
(90,12)
(89,16)
(41,6)
(40,5)
(50,6)
(59,18)
(101,0)
(102,1)
(79,1)
(72,3)
(46,13)
(83,5)
(46,4)
(93,0)
(96,13)
(98,17)
(82,4)
(69,13)
(96,13)
(75,2)
(71,19)
(40,8)
(65,0)
(40,9)
(100,13)
(47,11)
(42,6)
(74,6)
(100,9)
(101,4)
(42,1)
(87,4)
(100,12)
(81,0)
(72,3)
(65,4)
(95,2)
(58,6)
(44,5)
(52,11)
(92,9)
(98,13)
(58,1)
(51,2)
(46,2)
(69,14)
(47,5)
(100,17)
(44,11)
(60,3)
(92,8)
(60,3)
(46,6)
(45,19)
(57,0)
(83,8)
(87,2)
(76,1)
(67,19)
(94,5)
(96,1)
(49,0)
(67,19)
(81,14)
(48,14)
(77,4)
(89,15)
(99,6)
(90,16)
(77,15)
(94,4)
(93,8)
(42,13)
(84,0)
(84,4)
(40,19)
(48,5)
(56,15)
(70,0)
(40,4)
(50,17)
(71,12)
(90,17)
(62,3)
(83,19)
(99,1)
(76,13)
(97,9)
(48,19)
(98,9)
(55,6)
(62,6)
(48,7)
(102,6)
(48,18)
(40,19)
(49,12)
(61,2)
(49,4)
(96,0)
(57,13)
(88,0)
(92,8)
(84,17)
(86,9)
(74,15)
(51,4)
(65,0)
(56,13)
(63,2)
(78,2)
(80,0)
(78,3)
(62,5)
(74,10)
(72,5)
(54,8)
(81,7)
(91,11)
(92,16)
(46,1)
(88,1)
(92,16)
(51,16)
(82,1)
(51,9)
(75,14)
(68,4)
(80,15)
(47,2)
(88,1)
(43,2)
(80,0)
(85,11)
(92,13)
(59,12)
(89,11)
(102,2)
(69,1)
(42,0)
(68,7)
(88,8)
(48,2)
(89,6)
(83,10)
(77,4)
(67,2)
(91,6)
(59,8)
(96,17)
(101,16)
(56,3)
(72,3)
(85,8)
(46,10)
(48,8)
(40,2)
(94,4)
(55,11)
(47,11)
(72,18)
(73,0)
(84,2)
(60,9)
(100,1)
(99,12)
(92,0)
(40,2)
(81,15)
(52,1)
(81,0)
(101,10)
(44,13)
(74,16)
(82,1)
(97,0)
(49,1)
(85,2)
(50,8)
(98,0)
(100,6)
(80,9)
(82,1)
(85,19)
(48,8)
(89,1)
(83,19)
(53,0)
(54,2)
(97,7)
(56,0)
(87,18)
(53,8)
(80,10)
(74,15)
(57,14)
(90,9)
(62,13)
(76,18)
(70,3)
(84,9)
(51,11)
(49,3)
(57,6)
(66,12)
(85,11)
(94,13)
(40,5)
(81,18)
(94,11)
(45,1)
(42,16)
(41,19)
(78,17)
(94,9)
(68,3)
(72,1)
(81,6)
(70,5)
(80,17)
(55,5)
(92,12)
(58,13)
(98,1)
(40,14)
(99,2)
(61,6)
(98,6)
(74,8)
(89,5)
(52,19)
(88,5)
(45,2)
(87,18)
(73,13)
(54,6)
(55,1)
(43,16)
(44,6)
(100,13)
(83,2)
(46,1)
(102,2)
(72,18)
(87,5)
(76,0)
(98,3)
(48,15)
(48,2)
(82,9)
(61,18)
(55,1)
(56,10)
(85,9)
(91,1)
(48,11)
(85,6)
(68,7)
(83,0)
(71,0)
(62,1)
(77,3)
(75,5)
(48,7)
(42,4)
(51,7)
(98,5)
(90,1)
(68,9)
(68,15)
(43,11)
(75,0)
(89,10)
(85,18)
(83,1)
(59,12)
(40,5)
(59,17)
(48,12)
(51,5)
(74,8)
(75,5)
(43,16)
(42,3)
(83,12)
(45,18)
(48,16)
(94,10)
(83,13)
(67,9)
(45,1)
(70,14)
(51,1)
(99,4)
(61,0)
(49,18)
(42,1)
(63,10)
(50,4)
(72,15)
(53,8)
(62,12)
(64,6)
(44,16)
(77,7)
(43,9)
(95,0)
(90,2)
(69,15)
(50,6)
(90,3)
(88,16)
(100,17)
(70,7)
(86,8)
(71,6)
(40,1)
(96,11)
(86,1)
(62,5)
(102,8)
(96,8)
(65,16)
(47,3)
(63,15)
(98,3)
(64,8)
(102,0)
(46,2)
(65,8)
(102,1)
(71,9)
(64,6)
(92,15)
(53,12)
(70,2)
(45,19)
(64,5)
(82,18)
(60,12)
(90,6)
(77,6)
(67,8)
(71,4)
(51,17)
(61,17)
(80,19)
(53,7)
(51,4)
(80,7)
(64,15)
(69,4)
(99,2)
(68,11)
(72,1)
(74,0)
(73,16)
(91,10)
(72,6)
(45,19)
(82,6)
(72,1)
(94,18)
(42,1)
(75,1)
(59,1)
(81,6)
(78,7)
(60,5)
(71,14)
(83,8)
(71,17)
(97,2)
(61,2)
(73,1)
(88,3)
(40,7)
(57,9)
(102,1)
(53,9)
(98,3)
(92,1)
(98,11)
(94,5)
(55,10)
(93,14)
(74,5)
(74,1)
(66,11)
(54,1)
(101,12)
(55,13)
(79,11)
(67,0)
(60,2)
(80,2)
(80,5)
(75,9)
(97,7)
(40,0)
(83,12)
(40,8)
(56,19)
(69,13)
(64,1)
(101,14)
(88,11)
(71,2)
(91,15)
(74,6)
(52,16)
(74,0)
(68,10)
(64,16)
(101,3)
(62,18)
(44,1)
(61,2)
(50,3)
(80,1)
(54,3)
(71,6)
(66,12)
(82,7)
(96,17)
(88,2)
(48,13)
(42,3)
(64,5)
(78,11)
(85,2)
(59,7)
(92,1)
(42,18)
(100,15)
(65,12)
(48,18)
(86,5)
(62,3)
(98,2)
(85,13)
(44,1)
(77,17)
(85,15)
(70,0)
(78,19)
(43,5)
(40,17)
(40,17)
(100,8)
(61,1)
(47,2)
(62,6)
(96,5)
(75,2)
(92,2)
(53,14)
(91,17)
(55,0)
(56,10)
(41,6)
(83,12)
(69,9)
(58,5)
(64,0)
(100,12)
(92,12)
(91,7)
(76,13)
(86,15)
(68,8)
(101,4)
(102,13)
(57,6)
(48,12)
(96,2)
(49,15)
(85,19)
(89,1)
(75,5)
(82,4)
(48,1)
(47,8)
(50,5)
(65,0)
(41,7)
(57,17)
(90,3)
(65,0)
(49,3)
(76,8)
(85,6)
(65,8)
(86,2)
(75,1)
(82,9)
(65,19)
(51,1)
(101,4)
(68,14)
(98,3)
(67,14)
(97,5)
(75,6)
(90,19)
(66,6)
(70,1)
(96,7)
(79,16)
(90,18)
(91,17)
(49,15)
(66,19)
(79,1)
(49,16)
(49,1)
(102,4)
(89,4)
(80,5)
(71,15)
(68,0)
(70,11)
(100,14)
(52,0)
(102,0)
(43,16)
(87,5)
(73,2)
(95,0)
(69,2)
(71,18)
(99,1)
(99,13)
(74,10)
(61,9)
(64,18)
(52,1)
(41,15)
(62,11)
(40,1)
(53,0)
(86,10)
(67,8)
(64,19)
(51,6)
(90,17)
(88,0)
(96,16)
(91,17)
(94,2)
(44,13)
(61,0)
(93,1)
(66,1)
(49,2)
(82,7)
(78,2)
(59,16)
(72,12)
(78,14)
(74,0)
(87,7)
(43,18)
(95,13)
(72,0)
(46,0)
(101,7)
(92,16)
(79,2)
(49,10)
(66,6)
(86,15)
(92,11)
(41,4)
(42,0)
(95,11)
(50,19)
(58,14)
(46,13)
(77,11)
(82,7)
(65,6)
(85,4)
(41,16)
(40,1)
(68,4)
(74,1)
(53,4)
(55,2)
(48,17)
(98,18)
(68,18)
(50,7)
(94,2)
(53,10)
(69,0)
(56,1)
(73,14)
(76,8)
(53,9)
(84,16)
(86,4)
(41,17)
(61,12)
(76,9)
(65,5)
(96,5)
(74,1)
(55,5)
(79,0)
(58,14)
(62,0)
(43,3)
(77,1)
(71,5)
(85,16)
(75,10)
(91,5)
(90,1)
(45,0)
(75,10)
(72,15)
(70,9)
(64,15)
(94,3)
(86,0)
(78,7)
(76,11)
(82,6)
(94,1)
(75,8)
(56,0)
(89,2)
(85,1)
(49,16)
(80,19)
(65,7)
(76,2)
(77,19)
(42,0)
(52,7)
(94,0)
(63,17)
(91,8)
(78,9)
(60,9)
(41,6)
(68,1)
(59,0)
(82,17)
(56,2)
(63,17)
(94,16)
(64,17)
(49,7)
(51,2)
(68,19)
(44,7)
(56,16)
(79,3)
(40,2)
(101,18)
(95,7)
(95,13)
(61,0)
(68,1)
(51,5)
(85,8)
(59,0)
(52,14)
(84,1)
(69,1)
(100,15)
(84,8)
(101,1)
(48,13)
(54,16)
(78,12)
(57,4)
(61,14)
(60,7)
(78,19)
(90,14)
(42,9)
(57,1)
(56,10)
(98,3)
(47,3)
(76,6)
(79,15)
(67,3)
(63,2)
(82,12)
(40,1)
(40,13)
(68,0)
(69,17)
(100,11)
(85,1)
(70,0)
(85,11)
(98,1)
(93,5)
(95,10)
(81,17)
(54,8)
(84,10)
(61,12)
(95,6)
(67,6)
(97,18)
(58,3)
(78,12)
(45,3)
(86,13)
(59,8)
(58,0)
(52,2)
(79,12)
(47,4)
(78,9)
(86,8)
(81,17)
(99,1)
(99,1)
(41,0)
(64,1)
(59,2)
(49,7)
(69,14)
(43,2)
(57,11)
(81,14)
(40,6)
(42,5)
(61,10)
(64,18)
(74,19)
(74,15)
(71,15)
(81,8)
(69,19)
(81,17)
(87,2)
(85,15)
(91,10)
(97,1)
(51,18)
(57,10)
(62,6)
(73,4)
(59,14)
(94,7)
(83,16)
(62,5)
(85,10)
(51,17)
(65,6)
(79,8)
(47,9)
(78,7)
(91,10)
(79,0)
(76,9)
(43,11)
(78,14)
(94,10)
(65,0)
(93,4)
(66,13)
(100,4)
(43,0)
(89,0)
(62,1)
(90,14)
(95,5)
(67,0)
(69,16)
(44,10)
(95,17)
(91,14)
(46,15)
(41,2)
(88,6)
(55,13)
(58,11)
(63,6)
(88,2)
(62,0)
(52,0)
(71,2)
(42,8)
(41,17)
(57,0)
(78,6)
(75,19)
(66,18)
(66,13)
(86,1)
(85,3)
(101,19)
(78,1)
(47,10)
(51,5)
(83,19)
(82,1)
(65,19)
(94,7)
(76,16)
(41,6)
(90,2)
(91,2)
(80,0)
(70,0)
(80,6)
(72,12)
(99,19)
(67,17)
(82,5)
(84,11)
(76,0)
(69,5)
(83,11)
(94,3)
(46,12)
(96,5)
(97,3)
(52,5)
(100,14)
(87,4)
(64,3)
(94,13)
(76,13)
(58,15)
(83,0)
(76,14)
(98,1)
(97,7)
(47,1)
(45,6)
(42,5)
(90,11)
(53,7)
(85,0)
(72,11)
(51,17)
(96,17)
(67,7)
(80,12)
(71,0)
(58,4)
(41,0)
(70,6)
(52,15)
(45,1)
(87,7)
(93,8)
(58,7)
(56,18)
(87,6)
(86,17)
(89,2)
(65,5)
(40,15)
(89,1)
(58,15)
(60,9)
(86,18)
(55,0)
(93,19)
(60,11)
(88,1)
(79,0)
(78,9)
(101,9)
(82,17)
(67,1)
(50,18)
(55,9)
(80,8)
(47,0)
(83,8)
(89,7)
(43,12)
(57,5)
(43,10)
(52,5)
(44,12)
(67,9)
(51,17)
(92,17)
(68,1)
(65,18)
(90,18)
(84,11)
(77,2)
(91,13)
(79,2)
(67,11)
(59,5)
(94,12)
(54,18)
(76,3)
(51,0)
(47,9)
(101,1)
(75,1)
(102,2)
(69,8)
(76,6)
(73,12)
(79,8)
(65,15)
(87,15)
(60,0)
(99,0)
(45,12)
(74,2)
(62,4)
(75,8)
(50,19)
(89,7)
(74,4)
(76,3)
(61,18)
(68,1)
(92,13)
(67,10)
(70,11)
(48,5)
(93,18)
(73,4)
(74,4)
(81,1)
(55,9)
(72,0)
(48,1)
(73,16)
(41,9)
(52,10)
(48,7)
(40,3)
(88,0)
(52,9)
(49,17)
(48,0)
(86,10)
(41,17)
(83,7)
(42,16)
(100,1)
(88,4)
(42,4)
(81,15)
(87,13)
(46,16)
(48,5)
(75,1)
(40,8)
(98,11)
(54,19)
(86,10)
(40,9)
(99,13)
(81,18)
(73,5)
(89,1)
(83,11)
(53,9)
(95,2)
(89,13)
(42,10)
(100,1)
(92,11)
(61,4)
(90,5)
(68,4)
(43,16)
(97,10)
(90,0)
(63,9)
(62,3)
(50,13)
(51,1)
(46,16)
(47,18)
(55,0)
(66,2)
(62,15)
(55,6)
(40,8)
(63,1)
(69,0)
(50,1)
(75,0)
(75,7)
(63,7)
(62,13)
(65,17)
(75,5)
(47,2)
(46,6)
(82,10)
(50,1)
(67,10)
(51,7)
(55,3)
(64,7)
(47,17)
(58,10)
(40,5)
(75,0)
(55,8)
(71,18)
(50,19)
(41,8)
(99,4)
(85,17)
(97,5)
(57,11)
(44,10)
(53,0)
(58,0)
(90,16)
(84,0)
(83,16)
(97,7)
(59,16)
(57,18)
(85,7)
(89,2)
(82,5)
(42,12)
(79,0)
(63,8)
(99,1)
(84,12)
(98,11)
(67,15)
(50,11)
(54,13)
(59,13)
(58,19)
(76,7)
(62,18)
(91,11)
(83,17)
(60,2)
(63,0)
(86,14)
(59,11)
(85,18)
(53,3)
(88,8)
(90,18)
(41,8)
(71,11)
(58,4)
(42,2)
(68,2)
(57,14)
(41,0)
(58,2)
(76,4)
(40,2)
(99,7)
(68,13)
(91,18)
(97,6)
(43,7)
(82,15)
(79,5)
(77,11)
(90,1)
(82,17)
(67,3)
(69,1)
(84,1)
(68,0)
(85,1)
(53,0)
(98,14)
(97,0)
(87,0)
(51,1)
(64,8)
(75,4)
(51,2)
(101,8)
(72,10)
(94,7)
(68,2)
(58,18)
(102,11)
(96,1)
(49,11)
(47,12)
(54,8)
(98,4)
(40,4)
(95,7)
(59,12)
(75,10)
(97,5)
(46,5)
(66,6)
(88,1)
(92,3)
(44,3)
(67,4)
(66,13)
(66,9)
(100,1)
(63,12)
(91,0)
(73,15)
(97,10)
(89,5)
(68,15)
(85,5)
(88,6)
(64,0)
(95,10)
(82,4)
(81,4)
(57,19)
(68,10)
(92,18)
(53,11)
(40,18)
(57,14)
(61,5)
(64,19)
(94,8)
(99,11)
(84,14)
(70,15)
(75,10)
(47,13)
(94,7)
(95,11)
(60,6)
(75,13)
(86,7)
(53,1)
(86,19)
(59,6)
(46,4)
(89,6)
(79,12)
(84,13)
(46,12)
(61,19)
(88,1)
(49,4)
(41,5)
(85,12)
(40,13)
(86,1)
(82,19)
(91,4)
(54,15)
(44,0)
(48,18)
(47,3)
(75,18)
(102,11)
(82,1)
(51,15)
(66,6)
(58,10)
(87,11)
(57,17)
(89,9)
(89,3)
(55,2)
(98,18)
(64,12)
(45,10)
(73,11)
(84,0)
(48,10)
(89,15)
(65,5)
(91,14)
(79,9)
(74,6)
(60,16)
(41,3)
(52,6)
(58,9)
(86,16)
(101,6)
(100,5)
(76,8)
(46,12)
(49,12)
(53,15)
(77,0)
(67,19)
(94,16)
(54,13)
(47,8)
(78,0)
(92,1)
(64,0)
(75,19)
(52,18)
(94,0)
(82,8)
(97,1)
(88,16)
(87,2)
(97,0)
(62,15)
(100,2)
(58,1)
(64,11)
(92,10)
(68,10)
(73,7)
(78,7)
(60,10)
(75,0)
(51,8)
(89,8)
(96,0)
(89,3)
(86,6)
(81,13)
(49,8)
(86,17)
(41,9)
(86,2)
(63,4)
(91,7)
(63,10)
(81,16)
(95,9)
(87,6)
(43,1)
(75,19)
(65,16)
(99,4)
(51,5)
(42,1)
(45,5)
(46,4)
(74,3)
(60,4)
(78,6)
(58,13)
(73,4)
(95,0)
(91,7)
(59,1)
(85,13)
(62,0)
(57,9)
(92,11)
(41,12)
(77,17)
(42,14)
(70,2)
(97,2)
(83,2)
(52,10)
(72,11)
(89,6)
(43,19)
(65,14)
(95,4)
(85,0)
(73,16)
(64,18)
(97,10)
(73,13)
(66,14)
(72,0)
(69,13)
(77,2)
(53,0)
(40,16)
(41,3)
(72,8)
(88,5)
(48,14)
(68,10)
(77,13)
(83,17)
(40,4)
(57,19)
(73,14)
(101,6)
(56,0)
(93,19)
(71,0)
(86,4)
(99,8)
(89,0)
(63,9)
(64,7)
(100,2)
(64,14)
(53,8)
(77,7)
(65,2)
(60,8)
(52,5)
(65,13)
(82,0)
(54,3)
(55,11)
(98,11)
(86,3)
(44,1)
(91,11)
(58,2)
(102,0)
(74,9)
(92,4)
(87,10)
(84,10)
(69,8)
(85,3)
(72,4)
(78,10)
(53,0)
(83,13)
(102,2)
(102,14)
(89,18)
(85,2)
(93,9)
(64,18)
(93,15)
(96,0)
(84,18)
(89,15)
(80,7)
(81,11)
(78,13)
(51,4)
(70,3)
(74,0)
(53,10)
(78,18)
(44,15)
(85,2)
(53,15)
(77,4)
(67,1)
(95,13)
(64,12)
(48,10)
(102,15)
(53,0)
(56,8)
(69,1)
(45,4)
(92,0)
(79,0)
(77,6)
(101,14)
(71,17)
(51,6)
(47,19)
(83,16)
(83,3)
(87,13)
(55,1)
(83,18)
(54,15)
(101,14)
(98,11)
(102,0)
(40,12)
(42,10)
(60,13)
(93,14)
(53,11)
(47,8)
(87,13)
(92,5)
(81,15)
(85,6)
(56,12)
(62,3)
(42,1)
(84,13)
(54,19)
(93,10)
(50,1)
(69,6)
(81,7)
(65,2)
(83,3)
(40,11)
(89,5)
(88,6)
(62,19)
(76,11)
(54,1)
(65,16)
(60,19)
(95,11)
(62,3)
(85,12)
(53,0)
(59,5)
(94,17)
(84,14)
(73,1)
(97,2)
(49,14)
(91,0)
(65,13)
(64,7)
(48,6)
(40,0)
(60,13)
(71,2)
(72,1)
(96,1)
(62,4)
(73,12)
(101,15)
(61,4)
(95,13)
(53,10)
(69,1)
(95,7)
(67,5)
(81,5)
(49,18)
(70,5)
(56,2)
(69,7)
(97,6)
(89,14)
(102,0)
(47,15)
(84,1)
(52,10)
(66,5)
(87,5)
(54,0)
(77,3)
(40,8)
(62,12)
(58,12)
(73,9)
(69,10)
(101,4)
(84,14)
(80,3)
(44,18)
(76,16)
(71,10)
(66,13)
(41,11)
(49,1)
(53,7)
(47,16)
(88,19)
(89,10)
(53,11)
(63,13)
(64,2)
(94,11)
(82,17)
(73,7)
(72,15)
(66,3)
(52,14)
(54,9)
(94,14)
(54,3)
(77,5)
(49,0)
(65,17)
(68,19)
(84,17)
(68,1)
(90,16)
(48,19)
(80,10)
(88,6)
(95,17)
(56,5)
(99,16)
(45,0)
(99,0)
(84,3)
(87,2)
(76,16)
(50,2)
(51,4)
(49,7)
(53,19)
(55,6)
(100,5)
(100,2)
(44,13)
(60,0)
(71,9)
(86,7)
(72,2)
(74,2)
(83,4)
(71,4)
(47,3)
(63,15)
(51,10)
(62,14)
(80,7)
(65,3)
(49,18)
(83,14)
(62,14)
(79,4)
(88,1)
(78,9)
(43,14)
(87,11)
(59,13)
(57,13)
(98,6)
(73,0)
(40,4)
(80,19)
(100,7)
(96,9)
(75,0)
(51,10)
(64,16)
(62,14)
(60,15)
(91,5)
(54,0)
(40,13)
(76,9)
(90,12)
(81,4)
(81,16)
(69,0)
(77,0)
(62,13)
(41,4)
(53,15)
(51,8)
(50,0)
(90,3)
(71,15)
(66,1)
(90,7)
(50,19)
(97,17)
(62,10)
(86,7)
(76,5)
(98,8)
(49,4)
(70,17)
(72,2)
(88,19)
(64,0)
(91,19)
(44,0)
(66,3)
(55,0)
(49,7)
(68,3)
(85,4)
(100,10)
(71,13)
(96,4)
(54,5)
(53,10)
(102,0)
(76,11)
(61,17)
(88,15)
(92,3)
(46,7)
(91,1)
(82,10)
(54,3)
(53,18)
(60,2)
(102,16)
(97,0)
(45,10)
(73,11)
(54,4)
(85,12)
(47,19)
(54,2)
(97,2)
(95,19)
(67,0)
(59,9)
(101,19)
(72,6)
(98,8)
(97,4)
(102,15)
(63,12)
(97,14)
(63,3)
(71,7)
(86,1)
(100,5)
(54,4)
(99,9)
(46,18)
(80,12)
(49,11)
(95,2)
(44,0)
(78,3)
(60,16)
(62,5)
(58,12)
(50,13)
(63,0)
(51,7)
(91,0)
(52,17)
(98,14)
(61,7)
(99,4)
(47,6)
(101,1)
(79,2)
(55,8)
(41,11)
(91,9)
(45,6)
(70,6)
(45,3)
(78,1)
(97,1)
(51,4)
(81,16)
(57,8)
(91,12)
(51,3)
(80,7)
(62,12)
(82,12)
(74,6)
(75,12)
(51,0)
(80,12)
(60,1)
(45,0)
(80,2)
(72,16)
(49,0)
(59,14)
(67,13)
(88,10)
(51,17)
(81,19)
(53,5)
(61,12)
(41,7)
(98,0)
(87,10)
(80,18)
(52,15)
(83,3)
(84,0)
(42,8)
(43,13)
(63,7)
(53,15)
(63,3)
(102,0)
(64,0)
(67,7)
(74,17)
(69,16)
(67,2)
(57,4)
(51,3)
(80,8)
(59,19)
(79,15)
(65,9)
(78,3)
(52,4)
(90,15)
(63,3)
(47,6)
(70,6)
(40,14)
(94,7)
(52,1)
(92,15)
(76,9)
(88,15)
(76,8)
(57,12)
(59,6)
(58,6)
(40,7)
(78,18)
(55,9)
(93,16)
(41,4)

(42,0)
(41,1)
(40,2)
(40,3)
(41,4)
(41,5)
(41,6)
(41,7)
(41,8)
(42,9)
(40,10)
(41,11)
(42,12)
(40,13)
(40,14)
(40,15)
(42,16)
(42,17)
(41,18)
(40,19)
(99,14)
(83,15)
(68,4)
(61,1)
(63,3)
(57,17)
(55,9)
(101,16)
(88,12)
(64,5)
(68,15)
(52,0)
(71,1)
(79,0)
(78,3)
(64,1)
(62,10)
(88,12)
(67,2)
(56,7)
(90,5)
(43,7)
(67,3)
(45,3)
(68,17)
(48,11)
(71,6)
(56,10)
(51,11)
(42,2)
(102,1)
(91,10)
(77,0)
(41,13)
(79,8)
(99,0)
(78,12)
(83,6)
(56,5)
(70,5)
(72,12)
(66,3)
(85,9)
(82,5)
(90,8)
(81,7)
(97,3)
(78,19)
(80,8)
(102,1)
(67,17)
(70,16)
(81,15)
(58,18)
(43,1)
(100,12)
(42,8)
(51,13)
(94,10)
(101,3)
(68,8)
(65,14)
(51,11)
(79,2)
(86,3)
(70,16)
(43,5)
(88,1)
(41,2)
(71,14)
(75,0)
(46,1)
(78,4)
(97,13)
(41,13)
(100,13)
(69,2)
(88,1)
(50,13)
(44,6)
(93,3)
(74,10)
(83,1)
(84,13)
(45,5)
(49,15)
(76,7)
(61,7)
(49,10)
(88,13)
(54,5)
(41,18)
(53,2)
(102,12)
(84,14)
(81,10)
(92,0)
(58,1)
(93,9)
(80,7)
(42,3)
(50,7)
(80,5)
(53,7)
(100,9)
(91,9)
(80,10)
(100,6)
(85,17)
(93,15)
(87,1)
(100,11)
(61,10)
(40,16)
(92,9)
(68,11)
(95,19)
(78,0)
(75,0)
(59,15)
(65,11)
(98,4)
(57,17)
(68,15)
(81,14)
(60,12)
(60,9)
(80,1)
(92,6)
(92,16)
(52,17)
(59,10)
(49,8)
(55,7)
(93,19)
(59,3)
(77,19)
(78,13)
(60,14)
(67,1)
(95,12)
(82,5)
(76,4)
(81,12)
(43,7)
(60,17)
(43,1)
(50,11)
(50,5)
(82,2)
(60,15)
(79,0)
(73,8)
(40,6)
(54,3)
(94,10)
(77,8)
(50,1)
(78,5)
(44,15)
(84,6)
(65,0)
(76,2)
(47,11)
(51,0)
(48,6)
(66,8)
(68,12)
(94,8)
(86,11)
(43,2)
(75,19)
(81,12)
(67,2)
(51,1)
(87,17)
(61,14)
(73,0)
(81,8)
(67,9)
(54,4)
(102,1)
(60,0)
(81,17)
(73,15)
(61,9)
(88,10)
(48,12)
(99,1)
(89,16)
(55,7)
(50,11)
(86,9)
(62,6)
(44,15)
(87,11)
(102,13)
(68,16)
(72,8)
(70,0)
(70,0)
(41,10)
(40,10)
(87,5)
(90,6)
(57,18)
(93,16)
(50,14)
(41,18)
(60,11)
(71,1)
(89,6)
(65,9)
(61,1)
(55,16)
(65,0)
(56,3)
(52,7)
(54,5)
(42,10)
(45,19)
(80,12)
(87,16)
(93,0)
(101,14)
(42,4)
(76,19)
(80,9)
(77,0)
(70,7)
(71,10)
(82,3)
(75,1)
(46,2)
(51,4)
(44,3)
(67,14)
(79,4)
(91,7)
(68,4)
(46,3)
(46,14)
(69,3)
(98,15)
(86,6)
(69,9)
(89,17)
(74,1)
(96,2)
(75,1)
(73,1)
(40,19)
(47,10)
(89,2)
(83,9)
(96,18)
(51,5)
(99,6)
(48,14)
(83,1)
(84,16)
(64,5)
(47,6)
(98,8)
(64,18)
(81,15)
(54,4)
(98,14)
(58,2)
(73,16)
(72,1)
(53,0)
(96,13)
(88,5)
(100,7)
(82,17)
(91,4)
(84,19)
(46,4)
(100,18)
(89,1)
(45,7)
(44,0)
(72,19)
(76,16)
(48,9)
(62,15)
(75,1)
(72,18)
(79,11)
(89,18)
(87,4)
(98,2)
(99,10)
(44,1)
(46,11)
(81,8)
(74,13)
(58,9)
(49,7)
(99,3)
(90,11)
(68,6)
(92,6)
(100,10)
(97,1)
(56,16)
(44,0)
(71,6)
(47,0)
(73,8)
(57,8)
(73,3)
(81,19)
(65,0)
(72,17)
(76,11)
(93,12)
(73,12)
(51,19)
(71,9)
(53,3)
(58,1)
(48,3)
(66,1)
(77,17)
(71,1)
(90,14)
(91,1)
(93,17)
(88,7)
(57,9)
(58,8)
(48,4)
(53,8)
(54,2)
(74,4)
(95,11)
(78,1)
(96,19)
(101,1)
(61,1)
(55,3)
(54,12)
(86,5)
(98,4)
(100,5)
(84,0)
(87,3)
(51,18)
(79,16)
(100,1)
(51,11)
(89,1)
(74,8)
(60,5)
(57,2)
(50,8)
(54,4)
(55,16)
(96,3)
(56,8)
(85,9)
(84,15)
(88,9)
(52,15)
(44,11)
(80,10)
(73,8)
(54,8)
(54,0)
(59,3)
(92,0)
(75,10)
(76,4)
(68,3)
(48,3)
(96,2)
(68,1)
(47,1)
(83,19)
(48,19)
(90,11)
(95,15)
(55,16)
(81,7)
(93,15)
(63,0)
(94,5)
(58,4)
(66,5)
(69,8)
(49,0)
(78,4)
(65,14)
(92,10)
(95,0)
(80,6)
(81,3)
(76,0)
(100,14)
(83,3)
(52,17)
(84,15)
(63,0)
(47,14)
(65,5)
(102,2)
(70,2)
(99,4)
(56,1)
(58,12)
(101,2)
(53,11)
(98,6)
(63,15)
(71,5)
(46,1)
(89,19)
(41,8)
(44,15)
(48,5)
(59,12)
(70,19)
(78,8)
(95,1)
(91,8)
(67,8)
(75,10)
(72,1)
(72,18)
(58,1)
(81,19)
(74,12)
(98,0)
(51,1)
(76,6)
(85,18)
(56,2)
(78,2)
(100,6)
(70,9)
(91,11)
(97,3)
(100,15)
(59,5)
(56,8)
(67,0)
(80,16)
(84,2)
(79,2)
(68,0)
(91,13)
(68,1)
(78,14)
(91,11)
(47,2)
(43,1)
(77,7)
(52,5)
(96,16)
(50,4)
(67,0)
(55,0)
(46,19)
(62,17)
(76,17)
(94,2)
(89,14)
(45,9)
(94,8)
(81,18)
(93,7)
(85,5)
(73,18)
(85,10)
(85,9)
(53,0)
(48,18)
(41,1)
(84,1)
(74,6)
(55,3)
(52,13)
(43,9)
(101,2)
(55,6)
(72,6)
(62,15)
(59,12)
(44,11)
(76,11)
(41,18)
(61,18)
(81,1)
(73,8)
(57,11)
(63,1)
(53,15)
(59,2)
(90,4)
(68,6)
(100,3)
(96,8)
(75,3)
(86,6)
(91,6)
(55,0)
(40,0)
(78,4)
(92,2)
(41,5)
(95,12)
(49,5)
(55,6)
(51,3)
(98,14)
(83,9)
(90,12)
(89,16)
(41,6)
(40,5)
(50,6)
(59,18)
(101,0)
(102,1)
(79,1)
(72,3)
(46,13)
(83,5)
(46,4)
(93,0)
(96,13)
(98,17)
(82,4)
(69,13)
(96,13)
(75,2)
(71,19)
(40,8)
(65,0)
(40,9)
(100,13)
(47,11)
(42,6)
(74,6)
(100,9)
(101,4)
(42,1)
(87,4)
(100,12)
(81,0)
(72,3)
(65,4)
(95,2)
(58,6)
(44,5)
(52,11)
(92,9)
(98,13)
(58,1)
(51,2)
(46,2)
(69,14)
(47,5)
(100,17)
(44,11)
(60,3)
(92,8)
(60,3)
(46,6)
(45,19)
(57,0)
(83,8)
(87,2)
(76,1)
(67,19)
(94,5)
(96,1)
(49,0)
(67,19)
(81,14)
(48,14)
(77,4)
(89,15)
(99,6)
(90,16)
(77,15)
(94,4)
(93,8)
(42,13)
(84,0)
(84,4)
(40,19)
(48,5)
(56,15)
(70,0)
(40,4)
(50,17)
(71,12)
(90,17)
(62,3)
(83,19)
(99,1)
(76,13)
(97,9)
(48,19)
(98,9)
(55,6)
(62,6)
(48,7)
(102,6)
(48,18)
(40,19)
(49,12)
(61,2)
(49,4)
(96,0)
(57,13)
(88,0)
(92,8)
(84,17)
(86,9)
(74,15)
(51,4)
(65,0)
(56,13)
(63,2)
(78,2)
(80,0)
(78,3)
(62,5)
(74,10)
(72,5)
(54,8)
(81,7)
(91,11)
(92,16)
(46,1)
(88,1)
(92,16)
(51,16)
(82,1)
(51,9)
(75,14)
(68,4)
(80,15)
(47,2)
(88,1)
(43,2)
(80,0)
(85,11)
(92,13)
(59,12)
(89,11)
(102,2)
(69,1)
(42,0)
(68,7)
(88,8)
(48,2)
(89,6)
(83,10)
(77,4)
(67,2)
(91,6)
(59,8)
(96,17)
(101,16)
(56,3)
(72,3)
(85,8)
(46,10)
(48,8)
(40,2)
(94,4)
(55,11)
(47,11)
(72,18)
(73,0)
(84,2)
(60,9)
(100,1)
(99,12)
(92,0)
(40,2)
(81,15)
(52,1)
(81,0)
(101,10)
(44,13)
(74,16)
(82,1)
(97,0)
(49,1)
(85,2)
(50,8)
(98,0)
(100,6)
(80,9)
(82,1)
(85,19)
(48,8)
(89,1)
(83,19)
(53,0)
(54,2)
(97,7)
(56,0)
(87,18)
(53,8)
(80,10)
(74,15)
(57,14)
(90,9)
(62,13)
(76,18)
(70,3)
(84,9)
(51,11)
(49,3)
(57,6)
(66,12)
(85,11)
(94,13)
(40,5)
(81,18)
(94,11)
(45,1)
(42,16)
(41,19)
(78,17)
(94,9)
(68,3)
(72,1)
(81,6)
(70,5)
(80,17)
(55,5)
(92,12)
(58,13)
(98,1)
(40,14)
(99,2)
(61,6)
(98,6)
(74,8)
(89,5)
(52,19)
(88,5)
(45,2)
(87,18)
(73,13)
(54,6)
(55,1)
(43,16)
(44,6)
(100,13)
(83,2)
(46,1)
(102,2)
(72,18)
(87,5)
(76,0)
(98,3)
(48,15)
(48,2)
(82,9)
(61,18)
(55,1)
(56,10)
(85,9)
(91,1)
(48,11)
(85,6)
(68,7)
(83,0)
(71,0)
(62,1)
(77,3)
(75,5)
(48,7)
(42,4)
(51,7)
(98,5)
(90,1)
(68,9)
(68,15)
(43,11)
(75,0)
(89,10)
(85,18)
(83,1)
(59,12)
(40,5)
(59,17)
(48,12)
(51,5)
(74,8)
(75,5)
(43,16)
(42,3)
(83,12)
(45,18)
(48,16)
(94,10)
(83,13)
(67,9)
(45,1)
(70,14)
(51,1)
(99,4)
(61,0)
(49,18)
(42,1)
(63,10)
(50,4)
(72,15)
(53,8)
(62,12)
(64,6)
(44,16)
(77,7)
(43,9)
(95,0)
(90,2)
(69,15)
(50,6)
(90,3)
(88,16)
(100,17)
(70,7)
(86,8)
(71,6)
(40,1)
(96,11)
(86,1)
(62,5)
(102,8)
(96,8)
(65,16)
(47,3)
(63,15)
(98,3)
(64,8)
(102,0)
(46,2)
(65,8)
(102,1)
(71,9)
(64,6)
(92,15)
(53,12)
(70,2)
(45,19)
(64,5)
(82,18)
(60,12)
(90,6)
(77,6)
(67,8)
(71,4)
(51,17)
(61,17)
(80,19)
(53,7)
(51,4)
(80,7)
(64,15)
(69,4)
(99,2)
(68,11)
(72,1)
(74,0)
(73,16)
(91,10)
(72,6)
(45,19)
(82,6)
(72,1)
(94,18)
(42,1)
(75,1)
(59,1)
(81,6)
(78,7)
(60,5)
(71,14)
(83,8)
(71,17)
(97,2)
(61,2)
(73,1)
(88,3)
(40,7)
(57,9)
(102,1)
(53,9)
(98,3)
(92,1)
(98,11)
(94,5)
(55,10)
(93,14)
(74,5)
(74,1)
(66,11)
(54,1)
(101,12)
(55,13)
(79,11)
(67,0)
(60,2)
(80,2)
(80,5)
(75,9)
(97,7)
(40,0)
(83,12)
(40,8)
(56,19)
(69,13)
(64,1)
(101,14)
(88,11)
(71,2)
(91,15)
(74,6)
(52,16)
(74,0)
(68,10)
(64,16)
(101,3)
(62,18)
(44,1)
(61,2)
(50,3)
(80,1)
(54,3)
(71,6)
(66,12)
(82,7)
(96,17)
(88,2)
(48,13)
(42,3)
(64,5)
(78,11)
(85,2)
(59,7)
(92,1)
(42,18)
(100,15)
(65,12)
(48,18)
(86,5)
(62,3)
(98,2)
(85,13)
(44,1)
(77,17)
(85,15)
(70,0)
(78,19)
(43,5)
(40,17)
(40,17)
(100,8)
(61,1)
(47,2)
(62,6)
(96,5)
(75,2)
(92,2)
(53,14)
(91,17)
(55,0)
(56,10)
(41,6)
(83,12)
(69,9)
(58,5)
(64,0)
(100,12)
(92,12)
(91,7)
(76,13)
(86,15)
(68,8)
(101,4)
(102,13)
(57,6)
(48,12)
(96,2)
(49,15)
(85,19)
(89,1)
(75,5)
(82,4)
(48,1)
(47,8)
(50,5)
(65,0)
(41,7)
(57,17)
(90,3)
(65,0)
(49,3)
(76,8)
(85,6)
(65,8)
(86,2)
(75,1)
(82,9)
(65,19)
(51,1)
(101,4)
(68,14)
(98,3)
(67,14)
(97,5)
(75,6)
(90,19)
(66,6)
(70,1)
(96,7)
(79,16)
(90,18)
(91,17)
(49,15)
(66,19)
(79,1)
(49,16)
(49,1)
(102,4)
(89,4)
(80,5)
(71,15)
(68,0)
(70,11)
(100,14)
(52,0)
(102,0)
(43,16)
(87,5)
(73,2)
(95,0)
(69,2)
(71,18)
(99,1)
(99,13)
(74,10)
(61,9)
(64,18)
(52,1)
(41,15)
(62,11)
(40,1)
(53,0)
(86,10)
(67,8)
(64,19)
(51,6)
(90,17)
(88,0)
(96,16)
(91,17)
(94,2)
(44,13)
(61,0)
(93,1)
(66,1)
(49,2)
(82,7)
(78,2)
(59,16)
(72,12)
(78,14)
(74,0)
(87,7)
(43,18)
(95,13)
(72,0)
(46,0)
(101,7)
(92,16)
(79,2)
(49,10)
(66,6)
(86,15)
(92,11)
(41,4)
(42,0)
(95,11)
(50,19)
(58,14)
(46,13)
(77,11)
(82,7)
(65,6)
(85,4)
(41,16)
(40,1)
(68,4)
(74,1)
(53,4)
(55,2)
(48,17)
(98,18)
(68,18)
(50,7)
(94,2)
(53,10)
(69,0)
(56,1)
(73,14)
(76,8)
(53,9)
(84,16)
(86,4)
(41,17)
(61,12)
(76,9)
(65,5)
(96,5)
(74,1)
(55,5)
(79,0)
(58,14)
(62,0)
(43,3)
(77,1)
(71,5)
(85,16)
(75,10)
(91,5)
(90,1)
(45,0)
(75,10)
(72,15)
(70,9)
(64,15)
(94,3)
(86,0)
(78,7)
(76,11)
(82,6)
(94,1)
(75,8)
(56,0)
(89,2)
(85,1)
(49,16)
(80,19)
(65,7)
(76,2)
(77,19)
(42,0)
(52,7)
(94,0)
(63,17)
(91,8)
(78,9)
(60,9)
(41,6)
(68,1)
(59,0)
(82,17)
(56,2)
(63,17)
(94,16)
(64,17)
(49,7)
(51,2)
(68,19)
(44,7)
(56,16)
(79,3)
(40,2)
(101,18)
(95,7)
(95,13)
(61,0)
(68,1)
(51,5)
(85,8)
(59,0)
(52,14)
(84,1)
(69,1)
(100,15)
(84,8)
(101,1)
(48,13)
(54,16)
(78,12)
(57,4)
(61,14)
(60,7)
(78,19)
(90,14)
(42,9)
(57,1)
(56,10)
(98,3)
(47,3)
(76,6)
(79,15)
(67,3)
(63,2)
(82,12)
(40,1)
(40,13)
(68,0)
(69,17)
(100,11)
(85,1)
(70,0)
(85,11)
(98,1)
(93,5)
(95,10)
(81,17)
(54,8)
(84,10)
(61,12)
(95,6)
(67,6)
(97,18)
(58,3)
(78,12)
(45,3)
(86,13)
(59,8)
(58,0)
(52,2)
(79,12)
(47,4)
(78,9)
(86,8)
(81,17)
(99,1)
(99,1)
(41,0)
(64,1)
(59,2)
(49,7)
(69,14)
(43,2)
(57,11)
(81,14)
(40,6)
(42,5)
(61,10)
(64,18)
(74,19)
(74,15)
(71,15)
(81,8)
(69,19)
(81,17)
(87,2)
(85,15)
(91,10)
(97,1)
(51,18)
(57,10)
(62,6)
(73,4)
(59,14)
(94,7)
(83,16)
(62,5)
(85,10)
(51,17)
(65,6)
(79,8)
(47,9)
(78,7)
(91,10)
(79,0)
(76,9)
(43,11)
(78,14)
(94,10)
(65,0)
(93,4)
(66,13)
(100,4)
(43,0)
(89,0)
(62,1)
(90,14)
(95,5)
(67,0)
(69,16)
(44,10)
(95,17)
(91,14)
(46,15)
(41,2)
(88,6)
(55,13)
(58,11)
(63,6)
(88,2)
(62,0)
(52,0)
(71,2)
(42,8)
(41,17)
(57,0)
(78,6)
(75,19)
(66,18)
(66,13)
(86,1)
(85,3)
(101,19)
(78,1)
(47,10)
(51,5)
(83,19)
(82,1)
(65,19)
(94,7)
(76,16)
(41,6)
(90,2)
(91,2)
(80,0)
(70,0)
(80,6)
(72,12)
(99,19)
(67,17)
(82,5)
(84,11)
(76,0)
(69,5)
(83,11)
(94,3)
(46,12)
(96,5)
(97,3)
(52,5)
(100,14)
(87,4)
(64,3)
(94,13)
(76,13)
(58,15)
(83,0)
(76,14)
(98,1)
(97,7)
(47,1)
(45,6)
(42,5)
(90,11)
(53,7)
(85,0)
(72,11)
(51,17)
(96,17)
(67,7)
(80,12)
(71,0)
(58,4)
(41,0)
(70,6)
(52,15)
(45,1)
(87,7)
(93,8)
(58,7)
(56,18)
(87,6)
(86,17)
(89,2)
(65,5)
(40,15)
(89,1)
(58,15)
(60,9)
(86,18)
(55,0)
(93,19)
(60,11)
(88,1)
(79,0)
(78,9)
(101,9)
(82,17)
(67,1)
(50,18)
(55,9)
(80,8)
(47,0)
(83,8)
(89,7)
(43,12)
(57,5)
(43,10)
(52,5)
(44,12)
(67,9)
(51,17)
(92,17)
(68,1)
(65,18)
(90,18)
(84,11)
(77,2)
(91,13)
(79,2)
(67,11)
(59,5)
(94,12)
(54,18)
(76,3)
(51,0)
(47,9)
(101,1)
(75,1)
(102,2)
(69,8)
(76,6)
(73,12)
(79,8)
(65,15)
(87,15)
(60,0)
(99,0)
(45,12)
(74,2)
(62,4)
(75,8)
(50,19)
(89,7)
(74,4)
(76,3)
(61,18)
(68,1)
(92,13)
(67,10)
(70,11)
(48,5)
(93,18)
(73,4)
(74,4)
(81,1)
(55,9)
(72,0)
(48,1)
(73,16)
(41,9)
(52,10)
(48,7)
(40,3)
(88,0)
(52,9)
(49,17)
(48,0)
(86,10)
(41,17)
(83,7)
(42,16)
(100,1)
(88,4)
(42,4)
(81,15)
(87,13)
(46,16)
(48,5)
(75,1)
(40,8)
(98,11)
(54,19)
(86,10)
(40,9)
(99,13)
(81,18)
(73,5)
(89,1)
(83,11)
(53,9)
(95,2)
(89,13)
(42,10)
(100,1)
(92,11)
(61,4)
(90,5)
(68,4)
(43,16)
(97,10)
(90,0)
(63,9)
(62,3)
(50,13)
(51,1)
(46,16)
(47,18)
(55,0)
(66,2)
(62,15)
(55,6)
(40,8)
(63,1)
(69,0)
(50,1)
(75,0)
(75,7)
(63,7)
(62,13)
(65,17)
(75,5)
(47,2)
(46,6)
(82,10)
(50,1)
(67,10)
(51,7)
(55,3)
(64,7)
(47,17)
(58,10)
(40,5)
(75,0)
(55,8)
(71,18)
(50,19)
(41,8)
(99,4)
(85,17)
(97,5)
(57,11)
(44,10)
(53,0)
(58,0)
(90,16)
(84,0)
(83,16)
(97,7)
(59,16)
(57,18)
(85,7)
(89,2)
(82,5)
(42,12)
(79,0)
(63,8)
(99,1)
(84,12)
(98,11)
(67,15)
(50,11)
(54,13)
(59,13)
(58,19)
(76,7)
(62,18)
(91,11)
(83,17)
(60,2)
(63,0)
(86,14)
(59,11)
(85,18)
(53,3)
(88,8)
(90,18)
(41,8)
(71,11)
(58,4)
(42,2)
(68,2)
(57,14)
(41,0)
(58,2)
(76,4)
(40,2)
(99,7)
(68,13)
(91,18)
(97,6)
(43,7)
(82,15)
(79,5)
(77,11)
(90,1)
(82,17)
(67,3)
(69,1)
(84,1)
(68,0)
(85,1)
(53,0)
(98,14)
(97,0)
(87,0)
(51,1)
(64,8)
(75,4)
(51,2)
(101,8)
(72,10)
(94,7)
(68,2)
(58,18)
(102,11)
(96,1)
(49,11)
(47,12)
(54,8)
(98,4)
(40,4)
(95,7)
(59,12)
(75,10)
(97,5)
(46,5)
(66,6)
(88,1)
(92,3)
(44,3)
(67,4)
(66,13)
(66,9)
(100,1)
(63,12)
(91,0)
(73,15)
(97,10)
(89,5)
(68,15)
(85,5)
(88,6)
(64,0)
(95,10)
(82,4)
(81,4)
(57,19)
(68,10)
(92,18)
(53,11)
(40,18)
(57,14)
(61,5)
(64,19)
(94,8)
(99,11)
(84,14)
(70,15)
(75,10)
(47,13)
(94,7)
(95,11)
(60,6)
(75,13)
(86,7)
(53,1)
(86,19)
(59,6)
(46,4)
(89,6)
(79,12)
(84,13)
(46,12)
(61,19)
(88,1)
(49,4)
(41,5)
(85,12)
(40,13)
(86,1)
(82,19)
(91,4)
(54,15)
(44,0)
(48,18)
(47,3)
(75,18)
(102,11)
(82,1)
(51,15)
(66,6)
(58,10)
(87,11)
(57,17)
(89,9)
(89,3)
(55,2)
(98,18)
(64,12)
(45,10)
(73,11)
(84,0)
(48,10)
(89,15)
(65,5)
(91,14)
(79,9)
(74,6)
(60,16)
(41,3)
(52,6)
(58,9)
(86,16)
(101,6)
(100,5)
(76,8)
(46,12)
(49,12)
(53,15)
(77,0)
(67,19)
(94,16)
(54,13)
(47,8)
(78,0)
(92,1)
(64,0)
(75,19)
(52,18)
(94,0)
(82,8)
(97,1)
(88,16)
(87,2)
(97,0)
(62,15)
(100,2)
(58,1)
(64,11)
(92,10)
(68,10)
(73,7)
(78,7)
(60,10)
(75,0)
(51,8)
(89,8)
(96,0)
(89,3)
(86,6)
(81,13)
(49,8)
(86,17)
(41,9)
(86,2)
(63,4)
(91,7)
(63,10)
(81,16)
(95,9)
(87,6)
(43,1)
(75,19)
(65,16)
(99,4)
(51,5)
(42,1)
(45,5)
(46,4)
(74,3)
(60,4)
(78,6)
(58,13)
(73,4)
(95,0)
(91,7)
(59,1)
(85,13)
(62,0)
(57,9)
(92,11)
(41,12)
(77,17)
(42,14)
(70,2)
(97,2)
(83,2)
(52,10)
(72,11)
(89,6)
(43,19)
(65,14)
(95,4)
(85,0)
(73,16)
(64,18)
(97,10)
(73,13)
(66,14)
(72,0)
(69,13)
(77,2)
(53,0)
(40,16)
(41,3)
(72,8)
(88,5)
(48,14)
(68,10)
(77,13)
(83,17)
(40,4)
(57,19)
(73,14)
(101,6)
(56,0)
(93,19)
(71,0)
(86,4)
(99,8)
(89,0)
(63,9)
(64,7)
(100,2)
(64,14)
(53,8)
(77,7)
(65,2)
(60,8)
(52,5)
(65,13)
(82,0)
(54,3)
(55,11)
(98,11)
(86,3)
(44,1)
(91,11)
(58,2)
(102,0)
(74,9)
(92,4)
(87,10)
(84,10)
(69,8)
(85,3)
(72,4)
(78,10)
(53,0)
(83,13)
(102,2)
(102,14)
(89,18)
(85,2)
(93,9)
(64,18)
(93,15)
(96,0)
(84,18)
(89,15)
(80,7)
(81,11)
(78,13)
(51,4)
(70,3)
(74,0)
(53,10)
(78,18)
(44,15)
(85,2)
(53,15)
(77,4)
(67,1)
(95,13)
(64,12)
(48,10)
(102,15)
(53,0)
(56,8)
(69,1)
(45,4)
(92,0)
(79,0)
(77,6)
(101,14)
(71,17)
(51,6)
(47,19)
(83,16)
(83,3)
(87,13)
(55,1)
(83,18)
(54,15)
(101,14)
(98,11)
(102,0)
(40,12)
(42,10)
(60,13)
(93,14)
(53,11)
(47,8)
(87,13)
(92,5)
(81,15)
(85,6)
(56,12)
(62,3)
(42,1)
(84,13)
(54,19)
(93,10)
(50,1)
(69,6)
(81,7)
(65,2)
(83,3)
(40,11)
(89,5)
(88,6)
(62,19)
(76,11)
(54,1)
(65,16)
(60,19)
(95,11)
(62,3)
(85,12)
(53,0)
(59,5)
(94,17)
(84,14)
(73,1)
(97,2)
(49,14)
(91,0)
(65,13)
(64,7)
(48,6)
(40,0)
(60,13)
(71,2)
(72,1)
(96,1)
(62,4)
(73,12)
(101,15)
(61,4)
(95,13)
(53,10)
(69,1)
(95,7)
(67,5)
(81,5)
(49,18)
(70,5)
(56,2)
(69,7)
(97,6)
(89,14)
(102,0)
(47,15)
(84,1)
(52,10)
(66,5)
(87,5)
(54,0)
(77,3)
(40,8)
(62,12)
(58,12)
(73,9)
(69,10)
(101,4)
(84,14)
(80,3)
(44,18)
(76,16)
(71,10)
(66,13)
(41,11)
(49,1)
(53,7)
(47,16)
(88,19)
(89,10)
(53,11)
(63,13)
(64,2)
(94,11)
(82,17)
(73,7)
(72,15)
(66,3)
(52,14)
(54,9)
(94,14)
(54,3)
(77,5)
(49,0)
(65,17)
(68,19)
(84,17)
(68,1)
(90,16)
(48,19)
(80,10)
(88,6)
(95,17)
(56,5)
(99,16)
(45,0)
(99,0)
(84,3)
(87,2)
(76,16)
(50,2)
(51,4)
(49,7)
(53,19)
(55,6)
(100,5)
(100,2)
(44,13)
(60,0)
(71,9)
(86,7)
(72,2)
(74,2)
(83,4)
(71,4)
(47,3)
(63,15)
(51,10)
(62,14)
(80,7)
(65,3)
(49,18)
(83,14)
(62,14)
(79,4)
(88,1)
(78,9)
(43,14)
(87,11)
(59,13)
(57,13)
(98,6)
(73,0)
(40,4)
(80,19)
(100,7)
(96,9)
(75,0)
(51,10)
(64,16)
(62,14)
(60,15)
(91,5)
(54,0)
(40,13)
(76,9)
(90,12)
(81,4)
(81,16)
(69,0)
(77,0)
(62,13)
(41,4)
(53,15)
(51,8)
(50,0)
(90,3)
(71,15)
(66,1)
(90,7)
(50,19)
(97,17)
(62,10)
(86,7)
(76,5)
(98,8)
(49,4)
(70,17)
(72,2)
(88,19)
(64,0)
(91,19)
(44,0)
(66,3)
(55,0)
(49,7)
(68,3)
(85,4)
(100,10)
(71,13)
(96,4)
(54,5)
(53,10)
(102,0)
(76,11)
(61,17)
(88,15)
(92,3)
(46,7)
(91,1)
(82,10)
(54,3)
(53,18)
(60,2)
(102,16)
(97,0)
(45,10)
(73,11)
(54,4)
(85,12)
(47,19)
(54,2)
(97,2)
(95,19)
(67,0)
(59,9)
(101,19)
(72,6)
(98,8)
(97,4)
(102,15)
(63,12)
(97,14)
(63,3)
(71,7)
(86,1)
(100,5)
(54,4)
(99,9)
(46,18)
(80,12)
(49,11)
(95,2)
(44,0)
(78,3)
(60,16)
(62,5)
(58,12)
(50,13)
(63,0)
(51,7)
(91,0)
(52,17)
(98,14)
(61,7)
(99,4)
(47,6)
(101,1)
(79,2)
(55,8)
(41,11)
(91,9)
(45,6)
(70,6)
(45,3)
(78,1)
(97,1)
(51,4)
(81,16)
(57,8)
(91,12)
(51,3)
(80,7)
(62,12)
(82,12)
(74,6)
(75,12)
(51,0)
(80,12)
(60,1)
(45,0)
(80,2)
(72,16)
(49,0)
(59,14)
(67,13)
(88,10)
(51,17)
(81,19)
(53,5)
(61,12)
(41,7)
(98,0)
(87,10)
(80,18)
(52,15)
(83,3)
(84,0)
(42,8)
(43,13)
(63,7)
(53,15)
(63,3)
(102,0)
(64,0)
(67,7)
(74,17)
(69,16)
(67,2)
(57,4)
(51,3)
(80,8)
(59,19)
(79,15)
(65,9)
(78,3)
(52,4)
(90,15)
(63,3)
(47,6)
(70,6)
(40,14)
(94,7)
(52,1)
(92,15)
(76,9)
(88,15)
(76,8)
(57,12)
(59,6)
(58,6)
(40,7)
(78,18)
(55,9)
(93,16)
(41,4)
0.popular= 0.089333
1.popular= 0.090667
2.popular= 0.063556
3.popular= 0.052444
4.popular= 0.051556
5.popular= 0.055111
6.popular= 0.054222
7.popular= 0.048444
8.popular= 0.050222
9.popular= 0.041333
10.popular= 0.046222
11.popular= 0.046222
12.popular= 0.040000
13.popular= 0.042667
14.popular= 0.036000
15.popular= 0.042667
16.popular= 0.037333
17.popular= 0.036889
18.popular= 0.036444
19.popular= 0.038667

peer 0 neighbors is: 24, 45, 38, 14, 31, 2, 84, 9, 50, 90, 13, 18, 
peer 1 neighbors is: 12, 96, 34, 16, 33, 82, 28, 25, 43, 47, 4, 9, 14, 17, 22, 24, 29, 
peer 2 neighbors is: 0, 24, 58, 48, 81, 37, 19, 49, 31, 40, 3, 22, 23, 39, 
peer 3 neighbors is: 34, 101, 2, 23, 30, 16, 50, 7, 77, 78, 42, 
peer 4 neighbors is: 36, 52, 83, 68, 69, 101, 66, 12, 90, 1, 9, 33, 39, 42, 
peer 5 neighbors is: 37, 13, 95, 75, 26, 91, 29, 89, 41, 38, 8, 17, 19, 
peer 6 neighbors is: 28, 40, 38, 76, 22, 81, 7, 75, 24, 46, 14, 
peer 7 neighbors is: 3, 6, 93, 23, 21, 84, 51, 59, 52, 31, 10, 18, 
peer 8 neighbors is: 61, 44, 90, 33, 96, 49, 76, 5, 14, 25, 22, 32, 35, 36, 39, 
peer 9 neighbors is: 0, 46, 4, 42, 43, 1, 49, 86, 34, 28, 29, 
peer 10 neighbors is: 102, 96, 94, 87, 36, 77, 7, 83, 13, 12, 14, 21, 25, 
peer 11 neighbors is: 85, 15, 55, 66, 31, 58, 40, 82, 93, 89, 13, 26, 30, 
peer 12 neighbors is: 1, 4, 10, 31, 15, 45, 74, 70, 26, 82, 13, 21, 
peer 13 neighbors is: 5, 10, 11, 90, 97, 94, 12, 0, 35, 42, 22, 23, 32, 88, 
peer 14 neighbors is: 0, 8, 47, 62, 42, 6, 1, 66, 45, 10, 19, 38, 
peer 15 neighbors is: 11, 12, 83, 54, 29, 69, 91, 80, 34, 18, 
peer 16 neighbors is: 1, 3, 73, 37, 18, 75, 96, 27, 40, 62, 30, 
peer 17 neighbors is: 87, 65, 97, 1, 59, 5, 45, 78, 85, 70, 26, 
peer 18 neighbors is: 15, 16, 93, 0, 38, 7, 25, 36, 51, 48, 24, 
peer 19 neighbors is: 2, 30, 26, 5, 14, 102, 43, 96, 86, 81, 33, 
peer 20 neighbors is: 74, 94, 60, 70, 84, 21, 33, 62, 48, 32, 27, 28, 34, 
peer 21 neighbors is: 7, 20, 69, 99, 82, 12, 90, 102, 10, 60, 28, 33, 
peer 22 neighbors is: 6, 2, 57, 13, 53, 50, 8, 93, 56, 1, 37, 
peer 23 neighbors is: 3, 7, 62, 41, 66, 59, 2, 13, 79, 44, 35, 
peer 24 neighbors is: 0, 2, 6, 96, 1, 70, 25, 94, 18, 82, 37, 38, 
peer 25 neighbors is: 1, 8, 18, 24, 10, 66, 54, 68, 72, 36, 28, 
peer 26 neighbors is: 5, 12, 19, 72, 84, 82, 11, 17, 101, 36, 29, 
peer 27 neighbors is: 16, 58, 20, 92, 65, 59, 90, 45, 67, 88, 30, 
peer 28 neighbors is: 1, 6, 9, 20, 25, 21, 55, 92, 71, 65, 
peer 29 neighbors is: 5, 15, 92, 71, 64, 52, 9, 91, 26, 1, 30, 41, 
peer 30 neighbors is: 3, 19, 16, 102, 11, 76, 29, 89, 27, 83, 
peer 31 neighbors is: 0, 2, 7, 11, 12, 87, 56, 82, 45, 34, 
peer 32 neighbors is: 20, 8, 82, 13, 98, 73, 33, 83, 69, 84, 39, 
peer 33 neighbors is: 1, 8, 20, 32, 19, 58, 4, 44, 81, 21, 41, 
peer 34 neighbors is: 1, 3, 9, 15, 31, 73, 78, 84, 94, 20, 40, 
peer 35 neighbors is: 13, 58, 75, 89, 23, 8, 92, 99, 94, 60, 
peer 36 neighbors is: 4, 10, 18, 25, 26, 68, 59, 100, 8, 37, 40, 
peer 37 neighbors is: 2, 5, 16, 36, 22, 24, 53, 86, 76, 102, 
peer 38 neighbors is: 0, 5, 6, 18, 24, 63, 14, 49, 52, 97, 41, 
peer 39 neighbors is: 2, 49, 61, 82, 32, 48, 4, 72, 8, 80, 
peer 40 neighbors is: 2, 6, 11, 16, 36, 53, 72, 76, 66, 34, 
peer 41 neighbors is: 5, 23, 71, 38, 29, 33, 55, 54, 62, 78, 
peer 42 neighbors is: 9, 13, 14, 3, 43, 4, 48, 66, 59, 89, 
peer 43 neighbors is: 1, 9, 19, 42, 
peer 44 neighbors is: 8, 23, 33, 
peer 45 neighbors is: 0, 12, 14, 17, 27, 31, 67, 
peer 46 neighbors is: 6, 9, 
peer 47 neighbors is: 1, 14, 
peer 48 neighbors is: 2, 18, 20, 39, 42, 
peer 49 neighbors is: 2, 8, 9, 38, 39, 
peer 50 neighbors is: 0, 3, 22, 95, 
peer 51 neighbors is: 7, 18, 
peer 52 neighbors is: 4, 7, 29, 38, 
peer 53 neighbors is: 22, 37, 40, 
peer 54 neighbors is: 15, 25, 41, 
peer 55 neighbors is: 11, 28, 41, 
peer 56 neighbors is: 22, 31, 
peer 57 neighbors is: 22, 71, 98, 
peer 58 neighbors is: 2, 11, 27, 33, 35, 100, 
peer 59 neighbors is: 7, 17, 23, 27, 36, 42, 
peer 60 neighbors is: 20, 21, 35, 
peer 61 neighbors is: 8, 39, 
peer 62 neighbors is: 14, 16, 20, 23, 41, 
peer 63 neighbors is: 38, 86, 
peer 64 neighbors is: 29, 82, 
peer 65 neighbors is: 17, 27, 28, 
peer 66 neighbors is: 4, 11, 14, 23, 25, 40, 42, 
peer 67 neighbors is: 27, 45, 
peer 68 neighbors is: 4, 25, 36, 
peer 69 neighbors is: 4, 15, 21, 32, 
peer 70 neighbors is: 12, 17, 20, 24, 
peer 71 neighbors is: 28, 29, 41, 57, 
peer 72 neighbors is: 25, 26, 39, 40, 
peer 73 neighbors is: 16, 32, 34, 
peer 74 neighbors is: 12, 20, 
peer 75 neighbors is: 5, 6, 16, 35, 79, 
peer 76 neighbors is: 6, 8, 30, 37, 40, 
peer 77 neighbors is: 3, 10, 
peer 78 neighbors is: 3, 17, 34, 41, 
peer 79 neighbors is: 23, 75, 
peer 80 neighbors is: 15, 39, 
peer 81 neighbors is: 2, 6, 19, 33, 
peer 82 neighbors is: 1, 11, 12, 21, 24, 26, 31, 32, 39, 64, 
peer 83 neighbors is: 4, 10, 15, 30, 32, 
peer 84 neighbors is: 0, 7, 20, 26, 32, 34, 
peer 85 neighbors is: 11, 17, 
peer 86 neighbors is: 9, 19, 37, 63, 
peer 87 neighbors is: 10, 17, 31, 
peer 88 neighbors is: 27, 13, 
peer 89 neighbors is: 5, 11, 30, 35, 42, 
peer 90 neighbors is: 0, 4, 8, 13, 21, 27, 
peer 91 neighbors is: 5, 15, 29, 
peer 92 neighbors is: 27, 28, 29, 35, 
peer 93 neighbors is: 7, 11, 18, 22, 
peer 94 neighbors is: 10, 13, 20, 24, 34, 35, 
peer 95 neighbors is: 5, 50, 
peer 96 neighbors is: 1, 8, 10, 16, 19, 24, 
peer 97 neighbors is: 13, 17, 38, 
peer 98 neighbors is: 32, 57, 
peer 99 neighbors is: 21, 35, 
peer 100 neighbors is: 36, 58, 
peer 101 neighbors is: 3, 4, 26, 
peer 102 neighbors is: 10, 19, 21, 30, 37, 

