73 Users
20 Files
1500 Transactions
7 Maximum Connections
1 Cycle Length per Upload-Download
750 Warm-up Transactions
0.400000 Zipf constant
3 Pre-Trusted Users
53 Well-Behaved (Good) Users
0 Purely Malicious Users
0 Feedback Skewing Users
0 Malignant Providing Users
20 Disguised Malicous Users
0 Sybil Attack Users
true Intelligent Trans. Generation
1474142707778 Trace Generation Seed
0.0 F_PERC

(1.000000,0.000000,4,false)
(1.000000,0.000000,4,false)
(1.000000,0.000000,4,false)
(1.000000,0.000000,4,false)
(1.000000,0.000000,4,false)
(1.000000,0.000000,4,false)
(1.000000,0.000000,4,false)
(1.000000,0.000000,4,false)
(1.000000,0.000000,4,false)
(1.000000,0.000000,4,false)
(1.000000,0.000000,4,false)
(1.000000,0.000000,4,false)
(1.000000,0.000000,4,false)
(1.000000,0.000000,4,false)
(1.000000,0.000000,4,false)
(1.000000,0.000000,4,false)
(1.000000,0.000000,4,false)
(1.000000,0.000000,4,false)
(1.000000,0.000000,4,false)
(1.000000,0.000000,4,false)
(1.000000,1.000000,0,true)
(1.000000,1.000000,0,true)
(1.000000,1.000000,0,true)
(1.000000,1.000000,0,false)
(1.000000,1.000000,0,false)
(1.000000,1.000000,0,false)
(1.000000,1.000000,0,false)
(1.000000,1.000000,0,false)
(1.000000,1.000000,0,false)
(1.000000,1.000000,0,false)
(1.000000,1.000000,0,false)
(1.000000,1.000000,0,false)
(1.000000,1.000000,0,false)
(1.000000,1.000000,0,false)
(1.000000,1.000000,0,false)
(1.000000,1.000000,0,false)
(1.000000,1.000000,0,false)
(1.000000,1.000000,0,false)
(1.000000,1.000000,0,false)
(1.000000,1.000000,0,false)
(1.000000,1.000000,0,false)
(1.000000,1.000000,0,false)
(1.000000,1.000000,0,false)
(1.000000,1.000000,0,false)
(1.000000,1.000000,0,false)
(1.000000,1.000000,0,false)
(1.000000,1.000000,0,false)
(1.000000,1.000000,0,false)
(1.000000,1.000000,0,false)
(1.000000,1.000000,0,false)
(1.000000,1.000000,0,false)
(1.000000,1.000000,0,false)
(1.000000,1.000000,0,false)
(1.000000,1.000000,0,false)
(1.000000,1.000000,0,false)
(1.000000,1.000000,0,false)
(1.000000,1.000000,0,false)
(1.000000,1.000000,0,false)
(1.000000,1.000000,0,false)
(1.000000,1.000000,0,false)
(1.000000,1.000000,0,false)
(1.000000,1.000000,0,false)
(1.000000,1.000000,0,false)
(1.000000,1.000000,0,false)
(1.000000,1.000000,0,false)
(1.000000,1.000000,0,false)
(1.000000,1.000000,0,false)
(1.000000,1.000000,0,false)
(1.000000,1.000000,0,false)
(1.000000,1.000000,0,false)
(1.000000,1.000000,0,false)
(1.000000,1.000000,0,false)
(1.000000,1.000000,0,false)

(0,0,true)
(1,0,true)
(2,0,true)
(3,0,true)
(4,0,true)
(5,0,true)
(6,0,true)
(7,0,true)
(8,0,true)
(9,0,true)
(10,0,true)
(11,0,true)
(12,0,true)
(13,0,true)
(14,0,true)
(15,0,true)
(16,0,true)
(17,0,true)
(18,0,true)
(19,0,true)
(20,0,true)
(30,0,true)
(21,0,true)
(26,0,true)
(29,0,true)
(33,0,true)
(34,0,true)
(35,0,true)
(37,0,true)
(38,0,true)
(43,0,true)
(44,0,true)
(46,0,true)
(47,0,true)
(49,0,true)
(50,0,true)
(51,0,true)
(52,0,true)
(53,0,true)
(55,0,true)
(57,0,true)
(58,0,true)
(61,0,true)
(62,0,true)
(64,0,true)
(65,0,true)
(66,0,true)
(67,0,true)
(68,0,true)
(69,0,true)
(71,0,true)
(72,0,true)
(0,1,true)
(1,1,true)
(2,1,true)
(3,1,true)
(4,1,true)
(5,1,true)
(6,1,true)
(7,1,true)
(8,1,true)
(9,1,true)
(10,1,true)
(11,1,true)
(12,1,true)
(13,1,true)
(14,1,true)
(15,1,true)
(16,1,true)
(17,1,true)
(18,1,true)
(19,1,true)
(21,1,true)
(28,1,true)
(25,1,true)
(27,1,true)
(30,1,true)
(40,1,true)
(43,1,true)
(44,1,true)
(45,1,true)
(46,1,true)
(48,1,true)
(54,1,true)
(55,1,true)
(57,1,true)
(58,1,true)
(60,1,true)
(62,1,true)
(64,1,true)
(65,1,true)
(66,1,true)
(69,1,true)
(70,1,true)
(71,1,true)
(0,2,true)
(1,2,true)
(2,2,true)
(3,2,true)
(4,2,true)
(5,2,true)
(6,2,true)
(7,2,true)
(8,2,true)
(9,2,true)
(10,2,true)
(11,2,true)
(12,2,true)
(13,2,true)
(14,2,true)
(15,2,true)
(16,2,true)
(17,2,true)
(18,2,true)
(19,2,true)
(22,2,true)
(33,2,true)
(20,2,true)
(28,2,true)
(45,2,true)
(47,2,true)
(49,2,true)
(52,2,true)
(54,2,true)
(59,2,true)
(67,2,true)
(70,2,true)
(0,3,true)
(1,3,true)
(2,3,true)
(3,3,true)
(4,3,true)
(5,3,true)
(6,3,true)
(7,3,true)
(8,3,true)
(9,3,true)
(10,3,true)
(11,3,true)
(12,3,true)
(13,3,true)
(14,3,true)
(15,3,true)
(16,3,true)
(17,3,true)
(18,3,true)
(19,3,true)
(23,3,true)
(68,3,true)
(22,3,true)
(24,3,true)
(56,3,true)
(0,4,true)
(1,4,true)
(2,4,true)
(3,4,true)
(4,4,true)
(5,4,true)
(6,4,true)
(7,4,true)
(8,4,true)
(9,4,true)
(10,4,true)
(11,4,true)
(12,4,true)
(13,4,true)
(14,4,true)
(15,4,true)
(16,4,true)
(17,4,true)
(18,4,true)
(19,4,true)
(24,4,true)
(61,4,true)
(50,4,true)
(0,5,true)
(1,5,true)
(2,5,true)
(3,5,true)
(4,5,true)
(5,5,true)
(6,5,true)
(7,5,true)
(8,5,true)
(9,5,true)
(10,5,true)
(11,5,true)
(12,5,true)
(13,5,true)
(14,5,true)
(15,5,true)
(16,5,true)
(17,5,true)
(18,5,true)
(19,5,true)
(25,5,true)
(53,5,true)
(0,6,true)
(1,6,true)
(2,6,true)
(3,6,true)
(4,6,true)
(5,6,true)
(6,6,true)
(7,6,true)
(8,6,true)
(9,6,true)
(10,6,true)
(11,6,true)
(12,6,true)
(13,6,true)
(14,6,true)
(15,6,true)
(16,6,true)
(17,6,true)
(18,6,true)
(19,6,true)
(26,6,true)
(32,6,true)
(23,6,true)
(0,7,true)
(1,7,true)
(2,7,true)
(3,7,true)
(4,7,true)
(5,7,true)
(6,7,true)
(7,7,true)
(8,7,true)
(9,7,true)
(10,7,true)
(11,7,true)
(12,7,true)
(13,7,true)
(14,7,true)
(15,7,true)
(16,7,true)
(17,7,true)
(18,7,true)
(19,7,true)
(27,7,true)
(60,7,true)
(0,8,true)
(1,8,true)
(2,8,true)
(3,8,true)
(4,8,true)
(5,8,true)
(6,8,true)
(7,8,true)
(8,8,true)
(9,8,true)
(10,8,true)
(11,8,true)
(12,8,true)
(13,8,true)
(14,8,true)
(15,8,true)
(16,8,true)
(17,8,true)
(18,8,true)
(19,8,true)
(29,8,true)
(56,8,true)
(0,9,true)
(1,9,true)
(2,9,true)
(3,9,true)
(4,9,true)
(5,9,true)
(6,9,true)
(7,9,true)
(8,9,true)
(9,9,true)
(10,9,true)
(11,9,true)
(12,9,true)
(13,9,true)
(14,9,true)
(15,9,true)
(16,9,true)
(17,9,true)
(18,9,true)
(19,9,true)
(31,9,true)
(72,9,true)
(0,10,true)
(1,10,true)
(2,10,true)
(3,10,true)
(4,10,true)
(5,10,true)
(6,10,true)
(7,10,true)
(8,10,true)
(9,10,true)
(10,10,true)
(11,10,true)
(12,10,true)
(13,10,true)
(14,10,true)
(15,10,true)
(16,10,true)
(17,10,true)
(18,10,true)
(19,10,true)
(32,10,true)
(31,10,true)
(34,11,true)
(63,11,true)
(35,12,true)
(41,12,true)
(36,13,true)
(51,13,true)
(37,14,true)
(63,14,true)
(38,15,true)
(42,15,true)
(39,16,true)
(48,16,true)
(40,17,true)
(41,17,true)
(41,18,true)
(39,18,true)
(42,19,true)
(36,19,true)
(59,19,true)

0,-1,1,-1,1,1,-1,-1,1,-1,-1,1,-1,-1,-1,1,-1,-1,1,-1,-1,-1,1,-1,-1,-1,-1,-1,-1,-1,-1,-1,-1,-1,-1,-1,-1,-1,-1,-1,-1,-1,-1,-1,1,-1,-1,1,-1,-1,1,-1,-1,-1,-1,-1,-1,-1,-1,-1,-1,-1,-1,1,-1,-1,1,-1,-1,-1,-1,-1,-1,
-1,0,-1,-1,-1,-1,-1,1,-1,-1,1,-1,-1,-1,-1,1,-1,-1,-1,-1,-1,-1,-1,-1,1,-1,-1,-1,-1,1,-1,-1,-1,-1,-1,1,-1,-1,1,1,-1,-1,-1,-1,-1,-1,-1,-1,-1,-1,-1,1,1,1,-1,1,1,-1,-1,-1,-1,-1,1,-1,-1,-1,-1,-1,-1,-1,-1,-1,-1,
1,-1,0,-1,-1,-1,-1,-1,-1,-1,-1,-1,-1,-1,1,-1,-1,-1,1,-1,-1,1,1,-1,-1,-1,1,-1,1,-1,-1,1,-1,-1,-1,-1,-1,-1,-1,1,-1,-1,-1,-1,-1,1,-1,-1,-1,-1,-1,-1,-1,-1,-1,-1,-1,-1,-1,-1,-1,-1,-1,-1,-1,-1,-1,-1,-1,-1,1,-1,-1,
-1,-1,-1,0,-1,-1,1,1,-1,-1,-1,-1,-1,-1,1,-1,-1,1,-1,-1,1,-1,-1,-1,1,-1,-1,-1,-1,-1,-1,-1,-1,-1,-1,-1,-1,1,-1,-1,-1,-1,-1,-1,1,-1,-1,1,1,-1,-1,-1,-1,1,-1,-1,-1,-1,-1,-1,-1,1,-1,-1,-1,-1,-1,-1,-1,-1,-1,-1,-1,
1,-1,-1,-1,0,1,-1,-1,-1,-1,1,-1,1,1,-1,-1,-1,-1,-1,-1,-1,-1,-1,-1,-1,-1,1,-1,-1,-1,-1,-1,-1,-1,-1,-1,-1,-1,1,-1,1,-1,-1,1,-1,-1,-1,-1,-1,-1,-1,-1,1,-1,-1,-1,-1,-1,-1,-1,-1,-1,-1,-1,1,-1,-1,-1,-1,-1,1,1,-1,
1,-1,-1,-1,1,0,-1,1,-1,-1,-1,-1,-1,-1,-1,1,-1,-1,-1,-1,-1,1,-1,-1,-1,1,-1,-1,-1,1,-1,1,-1,-1,-1,-1,-1,-1,-1,-1,-1,-1,-1,-1,-1,-1,-1,-1,-1,-1,1,-1,-1,-1,-1,-1,-1,-1,-1,1,-1,-1,-1,1,-1,-1,-1,-1,-1,-1,-1,-1,-1,
-1,-1,-1,1,-1,-1,0,-1,-1,1,-1,-1,-1,-1,-1,-1,-1,-1,-1,-1,-1,-1,1,-1,1,-1,-1,1,-1,-1,-1,-1,-1,-1,-1,1,1,-1,-1,-1,-1,1,-1,-1,1,-1,-1,-1,-1,-1,-1,-1,-1,-1,-1,-1,-1,-1,-1,1,-1,-1,-1,-1,-1,-1,-1,-1,-1,-1,-1,-1,-1,
-1,1,-1,1,-1,1,-1,0,-1,1,-1,-1,1,-1,-1,-1,-1,-1,-1,-1,-1,-1,-1,-1,-1,-1,-1,-1,-1,-1,-1,-1,-1,-1,-1,-1,1,-1,-1,-1,-1,-1,-1,-1,-1,-1,-1,-1,1,-1,-1,-1,-1,-1,-1,1,-1,-1,-1,1,-1,-1,-1,-1,-1,-1,1,-1,1,-1,-1,-1,-1,
1,-1,-1,-1,-1,-1,-1,-1,0,1,-1,-1,-1,1,-1,-1,-1,-1,-1,-1,-1,1,-1,-1,1,-1,-1,1,-1,1,-1,-1,1,-1,-1,1,-1,-1,-1,-1,-1,-1,1,-1,-1,-1,1,-1,-1,-1,-1,-1,-1,-1,-1,-1,-1,-1,-1,-1,-1,-1,-1,-1,-1,-1,-1,-1,-1,-1,-1,-1,-1,
-1,-1,-1,-1,-1,-1,1,1,1,0,-1,-1,-1,-1,1,-1,-1,-1,-1,-1,-1,-1,-1,-1,-1,-1,-1,-1,-1,-1,-1,1,-1,-1,-1,-1,-1,-1,1,-1,-1,-1,-1,-1,-1,-1,-1,-1,-1,-1,-1,-1,1,-1,1,-1,-1,-1,-1,1,-1,-1,-1,-1,1,1,-1,-1,-1,-1,-1,-1,-1,
-1,1,-1,-1,1,-1,-1,-1,-1,-1,0,-1,-1,-1,-1,-1,-1,-1,1,1,1,1,1,-1,-1,-1,-1,-1,-1,-1,-1,-1,-1,-1,-1,-1,1,-1,-1,-1,-1,-1,-1,-1,-1,-1,1,-1,1,-1,-1,-1,-1,-1,-1,-1,-1,-1,-1,-1,-1,1,-1,1,-1,-1,-1,-1,-1,-1,-1,-1,-1,
1,-1,-1,-1,-1,-1,-1,-1,-1,-1,-1,0,1,1,-1,-1,1,1,1,-1,-1,1,-1,-1,-1,-1,-1,-1,-1,-1,-1,-1,-1,-1,1,-1,-1,-1,1,-1,-1,-1,-1,-1,-1,1,-1,-1,1,-1,-1,-1,-1,-1,-1,-1,-1,-1,-1,-1,-1,-1,-1,-1,-1,-1,-1,-1,-1,-1,1,-1,-1,
-1,-1,-1,-1,1,-1,-1,1,-1,-1,-1,1,0,-1,1,-1,1,-1,-1,-1,-1,-1,-1,-1,-1,-1,-1,1,-1,-1,-1,-1,-1,-1,-1,-1,-1,-1,1,-1,-1,-1,-1,-1,-1,-1,1,-1,-1,1,-1,-1,-1,-1,-1,-1,-1,-1,-1,1,-1,-1,-1,-1,-1,-1,-1,-1,-1,-1,-1,-1,-1,
-1,-1,-1,-1,1,-1,-1,-1,1,-1,-1,1,-1,0,1,-1,1,-1,-1,-1,-1,-1,-1,-1,-1,1,-1,-1,1,-1,-1,-1,-1,-1,-1,-1,1,-1,-1,-1,-1,-1,-1,1,-1,-1,-1,-1,-1,1,-1,1,-1,-1,-1,-1,-1,-1,-1,-1,-1,-1,-1,-1,-1,-1,-1,-1,-1,-1,-1,-1,-1,
-1,-1,1,1,-1,-1,-1,-1,-1,1,-1,-1,1,1,0,-1,-1,1,-1,1,-1,-1,1,-1,-1,-1,-1,1,-1,1,-1,-1,-1,-1,1,-1,-1,-1,-1,-1,-1,-1,-1,-1,-1,-1,-1,-1,-1,-1,-1,-1,-1,-1,1,-1,-1,-1,-1,-1,-1,-1,-1,-1,-1,-1,-1,-1,-1,-1,-1,-1,-1,
1,1,-1,-1,-1,1,-1,-1,-1,-1,-1,-1,-1,-1,-1,0,-1,-1,1,-1,1,-1,-1,-1,-1,-1,-1,1,1,-1,-1,-1,-1,-1,1,-1,-1,1,-1,-1,-1,-1,-1,-1,-1,-1,-1,-1,-1,-1,-1,-1,-1,-1,-1,-1,-1,-1,1,-1,-1,-1,-1,-1,-1,1,1,-1,-1,-1,-1,-1,-1,
-1,-1,-1,-1,-1,-1,-1,-1,-1,-1,-1,1,1,1,-1,-1,0,-1,1,-1,-1,-1,-1,-1,-1,-1,-1,-1,-1,-1,1,-1,-1,-1,-1,-1,1,-1,-1,-1,-1,-1,-1,1,-1,-1,-1,-1,1,-1,-1,-1,-1,-1,-1,-1,-1,-1,-1,-1,-1,-1,-1,1,-1,-1,-1,-1,1,-1,-1,-1,-1,
-1,-1,-1,1,-1,-1,-1,-1,-1,-1,-1,1,-1,-1,1,-1,-1,0,-1,-1,-1,1,-1,1,-1,-1,-1,-1,-1,-1,-1,1,-1,-1,-1,-1,-1,-1,-1,-1,-1,-1,-1,-1,-1,1,1,-1,-1,-1,-1,-1,-1,-1,-1,-1,-1,-1,-1,-1,1,1,-1,-1,-1,-1,-1,1,-1,-1,-1,-1,-1,
1,-1,1,-1,-1,-1,-1,-1,-1,-1,1,1,-1,-1,-1,1,1,-1,0,-1,-1,-1,-1,-1,-1,-1,-1,-1,-1,-1,-1,-1,-1,-1,1,-1,-1,-1,-1,-1,-1,-1,-1,-1,1,-1,1,-1,-1,1,-1,-1,-1,-1,-1,-1,-1,-1,-1,-1,-1,-1,-1,-1,-1,-1,-1,-1,-1,-1,-1,-1,-1,
-1,-1,-1,-1,-1,-1,-1,-1,-1,-1,1,-1,-1,-1,1,-1,-1,-1,-1,0,1,-1,-1,-1,-1,-1,-1,-1,-1,-1,-1,-1,-1,-1,-1,-1,-1,-1,1,-1,-1,-1,-1,-1,-1,-1,-1,-1,1,-1,1,-1,-1,-1,-1,-1,-1,-1,-1,-1,-1,1,-1,-1,1,-1,-1,1,-1,1,-1,1,-1,
-1,-1,-1,1,-1,-1,-1,-1,-1,-1,1,-1,-1,-1,-1,1,-1,-1,-1,1,0,-1,-1,-1,-1,-1,-1,-1,-1,-1,-1,-1,1,1,-1,1,-1,-1,-1,-1,-1,-1,-1,-1,-1,-1,-1,-1,-1,-1,-1,1,-1,-1,-1,1,-1,-1,-1,-1,-1,-1,-1,-1,-1,-1,-1,-1,-1,-1,-1,1,-1,
-1,-1,1,-1,-1,1,-1,-1,1,-1,1,1,-1,-1,-1,-1,-1,1,-1,-1,-1,0,1,-1,-1,-1,-1,-1,-1,1,-1,-1,-1,-1,1,-1,-1,-1,-1,-1,-1,-1,-1,-1,-1,-1,-1,-1,-1,-1,-1,-1,-1,-1,1,-1,-1,1,-1,-1,-1,-1,-1,-1,-1,-1,1,-1,-1,-1,-1,-1,-1,
1,-1,1,-1,-1,-1,1,-1,-1,-1,1,-1,-1,-1,1,-1,-1,-1,-1,-1,-1,1,0,-1,-1,-1,-1,-1,-1,-1,-1,-1,-1,-1,-1,-1,-1,-1,-1,-1,-1,-1,-1,-1,-1,-1,-1,-1,1,-1,-1,-1,-1,-1,-1,-1,1,-1,-1,-1,-1,-1,-1,1,-1,1,-1,-1,-1,-1,-1,-1,-1,
-1,-1,-1,-1,-1,-1,-1,-1,-1,-1,-1,-1,-1,-1,-1,-1,-1,1,-1,-1,-1,-1,-1,0,-1,-1,-1,-1,-1,-1,-1,-1,-1,-1,-1,-1,-1,-1,-1,-1,-1,-1,-1,-1,-1,-1,-1,-1,-1,-1,-1,-1,-1,-1,-1,-1,-1,-1,-1,-1,-1,-1,1,-1,-1,-1,-1,-1,-1,-1,-1,-1,-1,
-1,1,-1,1,-1,-1,1,-1,1,-1,-1,-1,-1,-1,-1,-1,-1,-1,-1,-1,-1,-1,-1,-1,0,-1,-1,-1,-1,-1,1,-1,-1,-1,-1,-1,-1,-1,-1,-1,-1,-1,-1,-1,-1,-1,-1,-1,-1,-1,-1,-1,-1,-1,-1,-1,-1,-1,-1,-1,-1,-1,-1,-1,-1,-1,-1,-1,-1,-1,-1,-1,-1,
-1,-1,-1,-1,-1,1,-1,-1,-1,-1,-1,-1,-1,1,-1,-1,-1,-1,-1,-1,-1,-1,-1,-1,-1,0,-1,-1,-1,-1,-1,-1,-1,-1,-1,-1,-1,-1,-1,-1,-1,-1,-1,-1,-1,-1,-1,-1,-1,-1,-1,-1,-1,-1,-1,-1,-1,-1,-1,-1,-1,-1,-1,-1,-1,-1,-1,-1,-1,-1,-1,-1,-1,
-1,-1,1,-1,1,-1,-1,-1,-1,-1,-1,-1,-1,-1,-1,-1,-1,-1,-1,-1,-1,-1,-1,-1,-1,-1,0,-1,-1,-1,-1,-1,-1,-1,-1,-1,-1,-1,-1,-1,-1,-1,-1,-1,-1,-1,-1,-1,-1,-1,-1,-1,-1,-1,-1,-1,-1,-1,-1,-1,-1,-1,-1,-1,-1,-1,-1,-1,-1,-1,-1,-1,-1,
-1,-1,-1,-1,-1,-1,1,-1,1,-1,-1,-1,1,-1,1,1,-1,-1,-1,-1,-1,-1,-1,-1,-1,-1,-1,0,-1,-1,-1,-1,-1,-1,-1,-1,-1,-1,-1,-1,-1,-1,-1,-1,-1,-1,-1,-1,-1,-1,-1,-1,-1,-1,-1,-1,-1,-1,-1,-1,-1,-1,-1,-1,-1,-1,-1,-1,-1,-1,-1,-1,-1,
-1,-1,1,-1,-1,-1,-1,-1,-1,-1,-1,-1,-1,1,-1,1,-1,-1,-1,-1,-1,-1,-1,-1,-1,-1,-1,-1,0,-1,-1,-1,-1,-1,-1,-1,-1,-1,-1,-1,-1,-1,-1,-1,-1,-1,-1,-1,-1,-1,-1,-1,-1,-1,-1,-1,-1,-1,-1,-1,-1,-1,-1,-1,-1,-1,-1,-1,-1,-1,-1,-1,-1,
-1,1,-1,-1,-1,1,-1,-1,1,-1,-1,-1,-1,-1,1,-1,-1,-1,-1,-1,-1,1,-1,-1,-1,-1,-1,-1,-1,0,-1,-1,-1,-1,-1,-1,-1,-1,-1,-1,-1,-1,-1,-1,-1,-1,-1,-1,-1,-1,-1,-1,-1,-1,-1,-1,-1,-1,-1,-1,-1,-1,-1,-1,-1,-1,-1,-1,-1,-1,-1,-1,-1,
-1,-1,-1,-1,-1,-1,-1,-1,-1,-1,-1,-1,-1,-1,-1,-1,1,-1,-1,-1,-1,-1,-1,-1,1,-1,-1,-1,-1,-1,0,-1,-1,-1,-1,-1,-1,-1,-1,-1,-1,-1,-1,-1,-1,-1,-1,-1,-1,-1,-1,-1,-1,-1,-1,-1,-1,-1,-1,-1,-1,-1,-1,-1,-1,-1,-1,-1,-1,-1,-1,-1,-1,
-1,-1,1,-1,-1,1,-1,-1,-1,1,-1,-1,-1,-1,-1,-1,-1,1,-1,-1,-1,-1,-1,-1,-1,-1,-1,-1,-1,-1,-1,0,-1,-1,-1,-1,-1,-1,-1,-1,-1,-1,-1,-1,-1,-1,-1,-1,-1,-1,-1,-1,-1,-1,-1,-1,-1,-1,-1,-1,-1,-1,-1,-1,-1,-1,-1,-1,-1,-1,-1,-1,-1,
-1,-1,-1,-1,-1,-1,-1,-1,1,-1,-1,-1,-1,-1,-1,-1,-1,-1,-1,-1,1,-1,-1,-1,-1,-1,-1,-1,-1,-1,-1,-1,0,-1,-1,-1,-1,-1,-1,-1,-1,-1,-1,-1,-1,-1,-1,-1,-1,-1,-1,-1,-1,-1,-1,-1,-1,-1,-1,-1,-1,-1,-1,-1,-1,-1,-1,-1,-1,-1,-1,-1,-1,
-1,-1,-1,-1,-1,-1,-1,-1,-1,-1,-1,-1,-1,-1,-1,-1,-1,-1,-1,-1,1,-1,-1,-1,-1,-1,-1,-1,-1,-1,-1,-1,-1,0,-1,-1,-1,-1,-1,-1,-1,-1,1,-1,-1,-1,-1,-1,-1,-1,-1,-1,-1,-1,-1,-1,-1,-1,-1,-1,-1,-1,-1,-1,-1,-1,-1,-1,-1,-1,-1,1,-1,
-1,-1,-1,-1,-1,-1,-1,-1,-1,-1,-1,1,-1,-1,1,1,-1,-1,1,-1,-1,1,-1,-1,-1,-1,-1,-1,-1,-1,-1,-1,-1,-1,0,-1,-1,-1,-1,-1,-1,-1,-1,-1,-1,-1,-1,-1,-1,-1,-1,-1,-1,-1,-1,-1,-1,-1,-1,-1,-1,-1,-1,-1,-1,-1,-1,-1,-1,-1,-1,-1,-1,
-1,1,-1,-1,-1,-1,1,-1,1,-1,-1,-1,-1,-1,-1,-1,-1,-1,-1,-1,1,-1,-1,-1,-1,-1,-1,-1,-1,-1,-1,-1,-1,-1,-1,0,-1,-1,-1,-1,-1,-1,-1,-1,-1,-1,-1,-1,-1,-1,-1,-1,-1,-1,-1,-1,-1,-1,-1,-1,-1,-1,-1,-1,-1,-1,-1,-1,-1,-1,-1,-1,-1,
-1,-1,-1,-1,-1,-1,1,1,-1,-1,1,-1,-1,1,-1,-1,1,-1,-1,-1,-1,-1,-1,-1,-1,-1,-1,-1,-1,-1,-1,-1,-1,-1,-1,-1,0,-1,-1,-1,-1,-1,-1,-1,-1,-1,-1,-1,-1,-1,-1,-1,-1,-1,-1,-1,-1,-1,-1,-1,-1,-1,-1,-1,-1,-1,-1,-1,-1,-1,-1,-1,-1,
-1,-1,-1,1,-1,-1,-1,-1,-1,-1,-1,-1,-1,-1,-1,1,-1,-1,-1,-1,-1,-1,-1,-1,-1,-1,-1,-1,-1,-1,-1,-1,-1,-1,-1,-1,-1,0,-1,-1,-1,-1,-1,-1,-1,-1,-1,-1,-1,-1,-1,-1,-1,-1,-1,-1,-1,-1,-1,-1,-1,-1,-1,-1,-1,-1,-1,-1,-1,-1,-1,-1,-1,
-1,1,-1,-1,1,-1,-1,-1,-1,1,-1,1,1,-1,-1,-1,-1,-1,-1,1,-1,-1,-1,-1,-1,-1,-1,-1,-1,-1,-1,-1,-1,-1,-1,-1,-1,-1,0,-1,-1,-1,-1,-1,-1,-1,-1,-1,-1,-1,-1,-1,-1,-1,-1,-1,-1,-1,-1,-1,-1,-1,-1,-1,-1,-1,-1,-1,-1,-1,-1,-1,-1,
-1,1,1,-1,-1,-1,-1,-1,-1,-1,-1,-1,-1,-1,-1,-1,-1,-1,-1,-1,-1,-1,-1,-1,-1,-1,-1,-1,-1,-1,-1,-1,-1,-1,-1,-1,-1,-1,-1,0,-1,-1,-1,-1,-1,-1,-1,-1,-1,-1,-1,-1,-1,-1,-1,-1,-1,-1,-1,-1,-1,-1,-1,-1,-1,-1,-1,-1,-1,-1,-1,-1,1,
-1,-1,-1,-1,1,-1,-1,-1,-1,-1,-1,-1,-1,-1,-1,-1,-1,-1,-1,-1,-1,-1,-1,-1,-1,-1,-1,-1,-1,-1,-1,-1,-1,-1,-1,-1,-1,-1,-1,-1,0,-1,-1,-1,-1,-1,-1,-1,-1,-1,-1,-1,-1,-1,-1,-1,-1,-1,-1,-1,-1,-1,-1,-1,-1,-1,-1,-1,-1,-1,-1,-1,1,
-1,-1,-1,-1,-1,-1,1,-1,-1,-1,-1,-1,-1,-1,-1,-1,-1,-1,-1,-1,-1,-1,-1,-1,-1,-1,-1,-1,-1,-1,-1,-1,-1,-1,-1,-1,-1,-1,-1,-1,-1,0,-1,-1,-1,-1,-1,-1,-1,-1,-1,-1,-1,-1,-1,-1,-1,-1,1,-1,-1,-1,-1,-1,-1,-1,-1,-1,-1,-1,-1,-1,-1,
-1,-1,-1,-1,-1,-1,-1,-1,1,-1,-1,-1,-1,-1,-1,-1,-1,-1,-1,-1,-1,-1,-1,-1,-1,-1,-1,-1,-1,-1,-1,-1,-1,1,-1,-1,-1,-1,-1,-1,-1,-1,0,-1,-1,-1,-1,-1,-1,-1,-1,-1,-1,-1,-1,-1,-1,-1,-1,-1,-1,-1,-1,-1,-1,-1,-1,-1,-1,-1,-1,-1,-1,
-1,-1,-1,-1,1,-1,-1,-1,-1,-1,-1,-1,-1,1,-1,-1,1,-1,-1,-1,-1,-1,-1,-1,-1,-1,-1,-1,-1,-1,-1,-1,-1,-1,-1,-1,-1,-1,-1,-1,-1,-1,-1,0,-1,-1,-1,-1,-1,-1,-1,-1,-1,-1,-1,-1,-1,-1,-1,-1,-1,-1,-1,-1,-1,-1,-1,-1,-1,-1,-1,-1,-1,
1,-1,-1,1,-1,-1,1,-1,-1,-1,-1,-1,-1,-1,-1,-1,-1,-1,1,-1,-1,-1,-1,-1,-1,-1,-1,-1,-1,-1,-1,-1,-1,-1,-1,-1,-1,-1,-1,-1,-1,-1,-1,-1,0,-1,-1,-1,-1,-1,-1,-1,-1,-1,-1,-1,-1,-1,-1,-1,-1,-1,-1,-1,-1,-1,-1,-1,-1,-1,-1,-1,-1,
-1,-1,1,-1,-1,-1,-1,-1,-1,-1,-1,1,-1,-1,-1,-1,-1,1,-1,-1,-1,-1,-1,-1,-1,-1,-1,-1,-1,-1,-1,-1,-1,-1,-1,-1,-1,-1,-1,-1,-1,-1,-1,-1,-1,0,-1,-1,-1,-1,-1,-1,-1,-1,-1,-1,-1,-1,-1,-1,-1,-1,-1,-1,-1,-1,-1,-1,-1,-1,-1,-1,-1,
-1,-1,-1,-1,-1,-1,-1,-1,1,-1,1,-1,1,-1,-1,-1,-1,1,1,-1,-1,-1,-1,-1,-1,-1,-1,-1,-1,-1,-1,-1,-1,-1,-1,-1,-1,-1,-1,-1,-1,-1,-1,-1,-1,-1,0,-1,-1,-1,-1,-1,-1,-1,-1,-1,-1,-1,-1,-1,-1,-1,-1,-1,-1,-1,-1,-1,-1,-1,-1,-1,-1,
1,-1,-1,1,-1,-1,-1,-1,-1,-1,-1,-1,-1,-1,-1,-1,-1,-1,-1,-1,-1,-1,-1,-1,-1,-1,-1,-1,-1,-1,-1,-1,-1,-1,-1,-1,-1,-1,-1,-1,-1,-1,-1,-1,-1,-1,-1,0,-1,-1,-1,-1,-1,-1,-1,-1,-1,-1,-1,-1,-1,-1,-1,-1,-1,-1,-1,-1,-1,-1,-1,-1,-1,
-1,-1,-1,1,-1,-1,-1,1,-1,-1,1,1,-1,-1,-1,-1,1,-1,-1,1,-1,-1,1,-1,-1,-1,-1,-1,-1,-1,-1,-1,-1,-1,-1,-1,-1,-1,-1,-1,-1,-1,-1,-1,-1,-1,-1,-1,0,-1,-1,-1,-1,-1,-1,-1,-1,-1,-1,-1,-1,-1,-1,-1,-1,-1,-1,-1,-1,-1,-1,-1,-1,
-1,-1,-1,-1,-1,-1,-1,-1,-1,-1,-1,-1,1,1,-1,-1,-1,-1,1,-1,-1,-1,-1,-1,-1,-1,-1,-1,-1,-1,-1,-1,-1,-1,-1,-1,-1,-1,-1,-1,-1,-1,-1,-1,-1,-1,-1,-1,-1,0,-1,-1,-1,-1,-1,-1,-1,-1,-1,-1,-1,-1,-1,-1,-1,-1,-1,-1,-1,-1,-1,-1,-1,
1,-1,-1,-1,-1,1,-1,-1,-1,-1,-1,-1,-1,-1,-1,-1,-1,-1,-1,1,-1,-1,-1,-1,-1,-1,-1,-1,-1,-1,-1,-1,-1,-1,-1,-1,-1,-1,-1,-1,-1,-1,-1,-1,-1,-1,-1,-1,-1,-1,0,-1,-1,-1,-1,-1,-1,-1,-1,-1,-1,-1,-1,-1,-1,-1,-1,-1,-1,-1,-1,-1,-1,
-1,1,-1,-1,-1,-1,-1,-1,-1,-1,-1,-1,-1,1,-1,-1,-1,-1,-1,-1,1,-1,-1,-1,-1,-1,-1,-1,-1,-1,-1,-1,-1,-1,-1,-1,-1,-1,-1,-1,-1,-1,-1,-1,-1,-1,-1,-1,-1,-1,-1,0,-1,-1,-1,-1,-1,-1,-1,-1,-1,-1,-1,-1,-1,-1,-1,-1,-1,-1,-1,-1,-1,
-1,1,-1,-1,1,-1,-1,-1,-1,1,-1,-1,-1,-1,-1,-1,-1,-1,-1,-1,-1,-1,-1,-1,-1,-1,-1,-1,-1,-1,-1,-1,-1,-1,-1,-1,-1,-1,-1,-1,-1,-1,-1,-1,-1,-1,-1,-1,-1,-1,-1,-1,0,-1,-1,-1,-1,-1,-1,-1,-1,-1,-1,-1,-1,-1,-1,-1,-1,-1,-1,-1,-1,
-1,1,-1,1,-1,-1,-1,-1,-1,-1,-1,-1,-1,-1,-1,-1,-1,-1,-1,-1,-1,-1,-1,-1,-1,-1,-1,-1,-1,-1,-1,-1,-1,-1,-1,-1,-1,-1,-1,-1,-1,-1,-1,-1,-1,-1,-1,-1,-1,-1,-1,-1,-1,0,-1,-1,-1,-1,-1,-1,1,-1,-1,-1,-1,-1,-1,-1,-1,-1,-1,-1,-1,
-1,-1,-1,-1,-1,-1,-1,-1,-1,1,-1,-1,-1,-1,1,-1,-1,-1,-1,-1,-1,1,-1,-1,-1,-1,-1,-1,-1,-1,-1,-1,-1,-1,-1,-1,-1,-1,-1,-1,-1,-1,-1,-1,-1,-1,-1,-1,-1,-1,-1,-1,-1,-1,0,-1,-1,-1,-1,-1,-1,-1,-1,-1,-1,-1,-1,-1,-1,-1,-1,-1,-1,
-1,1,-1,-1,-1,-1,-1,1,-1,-1,-1,-1,-1,-1,-1,-1,-1,-1,-1,-1,1,-1,-1,-1,-1,-1,-1,-1,-1,-1,-1,-1,-1,-1,-1,-1,-1,-1,-1,-1,-1,-1,-1,-1,-1,-1,-1,-1,-1,-1,-1,-1,-1,-1,-1,0,-1,-1,-1,-1,-1,-1,-1,-1,-1,-1,-1,-1,-1,-1,-1,-1,-1,
-1,1,-1,-1,-1,-1,-1,-1,-1,-1,-1,-1,-1,-1,-1,-1,-1,-1,-1,-1,-1,-1,1,-1,-1,-1,-1,-1,-1,-1,-1,-1,-1,-1,-1,-1,-1,-1,-1,-1,-1,-1,-1,-1,-1,-1,-1,-1,-1,-1,-1,-1,-1,-1,-1,-1,0,-1,-1,-1,-1,-1,-1,-1,-1,-1,-1,-1,-1,-1,-1,-1,-1,
-1,-1,-1,-1,-1,-1,-1,-1,-1,-1,-1,-1,-1,-1,-1,-1,-1,-1,-1,-1,-1,1,-1,-1,-1,-1,-1,-1,-1,-1,-1,-1,-1,-1,-1,-1,-1,-1,-1,-1,-1,-1,-1,-1,-1,-1,-1,-1,-1,-1,-1,-1,-1,-1,-1,-1,-1,0,-1,-1,-1,-1,-1,-1,-1,-1,-1,-1,-1,1,-1,-1,-1,
-1,-1,-1,-1,-1,-1,-1,-1,-1,-1,-1,-1,-1,-1,-1,1,-1,-1,-1,-1,-1,-1,-1,-1,-1,-1,-1,-1,-1,-1,-1,-1,-1,-1,-1,-1,-1,-1,-1,-1,-1,1,-1,-1,-1,-1,-1,-1,-1,-1,-1,-1,-1,-1,-1,-1,-1,-1,0,-1,-1,-1,-1,-1,-1,-1,-1,-1,-1,-1,-1,-1,-1,
-1,-1,-1,-1,-1,1,1,1,-1,1,-1,-1,1,-1,-1,-1,-1,-1,-1,-1,-1,-1,-1,-1,-1,-1,-1,-1,-1,-1,-1,-1,-1,-1,-1,-1,-1,-1,-1,-1,-1,-1,-1,-1,-1,-1,-1,-1,-1,-1,-1,-1,-1,-1,-1,-1,-1,-1,-1,0,-1,-1,-1,-1,-1,-1,-1,-1,-1,-1,-1,-1,-1,
-1,-1,-1,-1,-1,-1,-1,-1,-1,-1,-1,-1,-1,-1,-1,-1,-1,1,-1,-1,-1,-1,-1,-1,-1,-1,-1,-1,-1,-1,-1,-1,-1,-1,-1,-1,-1,-1,-1,-1,-1,-1,-1,-1,-1,-1,-1,-1,-1,-1,-1,-1,-1,1,-1,-1,-1,-1,-1,-1,0,-1,-1,-1,-1,-1,-1,-1,-1,-1,-1,-1,-1,
-1,-1,-1,1,-1,-1,-1,-1,-1,-1,1,-1,-1,-1,-1,-1,-1,1,-1,1,-1,-1,-1,-1,-1,-1,-1,-1,-1,-1,-1,-1,-1,-1,-1,-1,-1,-1,-1,-1,-1,-1,-1,-1,-1,-1,-1,-1,-1,-1,-1,-1,-1,-1,-1,-1,-1,-1,-1,-1,-1,0,-1,-1,-1,-1,-1,-1,-1,-1,-1,-1,-1,
-1,1,-1,-1,-1,-1,-1,-1,-1,-1,-1,-1,-1,-1,-1,-1,-1,-1,-1,-1,-1,-1,-1,1,-1,-1,-1,-1,-1,-1,-1,-1,-1,-1,-1,-1,-1,-1,-1,-1,-1,-1,-1,-1,-1,-1,-1,-1,-1,-1,-1,-1,-1,-1,-1,-1,-1,-1,-1,-1,-1,-1,0,-1,-1,-1,-1,-1,-1,-1,-1,-1,-1,
1,-1,-1,-1,-1,1,-1,-1,-1,-1,1,-1,-1,-1,-1,-1,1,-1,-1,-1,-1,-1,1,-1,-1,-1,-1,-1,-1,-1,-1,-1,-1,-1,-1,-1,-1,-1,-1,-1,-1,-1,-1,-1,-1,-1,-1,-1,-1,-1,-1,-1,-1,-1,-1,-1,-1,-1,-1,-1,-1,-1,-1,0,-1,-1,-1,-1,-1,-1,-1,-1,-1,
-1,-1,-1,-1,1,-1,-1,-1,-1,1,-1,-1,-1,-1,-1,-1,-1,-1,-1,1,-1,-1,-1,-1,-1,-1,-1,-1,-1,-1,-1,-1,-1,-1,-1,-1,-1,-1,-1,-1,-1,-1,-1,-1,-1,-1,-1,-1,-1,-1,-1,-1,-1,-1,-1,-1,-1,-1,-1,-1,-1,-1,-1,-1,0,-1,-1,-1,-1,-1,-1,-1,-1,
-1,-1,-1,-1,-1,-1,-1,-1,-1,1,-1,-1,-1,-1,-1,1,-1,-1,-1,-1,-1,-1,1,-1,-1,-1,-1,-1,-1,-1,-1,-1,-1,-1,-1,-1,-1,-1,-1,-1,-1,-1,-1,-1,-1,-1,-1,-1,-1,-1,-1,-1,-1,-1,-1,-1,-1,-1,-1,-1,-1,-1,-1,-1,-1,0,-1,-1,-1,-1,-1,-1,-1,
1,-1,-1,-1,-1,-1,-1,1,-1,-1,-1,-1,-1,-1,-1,1,-1,-1,-1,-1,-1,1,-1,-1,-1,-1,-1,-1,-1,-1,-1,-1,-1,-1,-1,-1,-1,-1,-1,-1,-1,-1,-1,-1,-1,-1,-1,-1,-1,-1,-1,-1,-1,-1,-1,-1,-1,-1,-1,-1,-1,-1,-1,-1,-1,-1,0,-1,-1,-1,-1,-1,-1,
-1,-1,-1,-1,-1,-1,-1,-1,-1,-1,-1,-1,-1,-1,-1,-1,-1,1,-1,1,-1,-1,-1,-1,-1,-1,-1,-1,-1,-1,-1,-1,-1,-1,-1,-1,-1,-1,-1,-1,-1,-1,-1,-1,-1,-1,-1,-1,-1,-1,-1,-1,-1,-1,-1,-1,-1,-1,-1,-1,-1,-1,-1,-1,-1,-1,-1,0,-1,-1,-1,-1,-1,
-1,-1,-1,-1,-1,-1,-1,1,-1,-1,-1,-1,-1,-1,-1,-1,1,-1,-1,-1,-1,-1,-1,-1,-1,-1,-1,-1,-1,-1,-1,-1,-1,-1,-1,-1,-1,-1,-1,-1,-1,-1,-1,-1,-1,-1,-1,-1,-1,-1,-1,-1,-1,-1,-1,-1,-1,-1,-1,-1,-1,-1,-1,-1,-1,-1,-1,-1,0,-1,-1,-1,-1,
-1,-1,-1,-1,-1,-1,-1,-1,-1,-1,-1,-1,-1,-1,-1,-1,-1,-1,-1,1,-1,-1,-1,-1,-1,-1,-1,-1,-1,-1,-1,-1,-1,-1,-1,-1,-1,-1,-1,-1,-1,-1,-1,-1,-1,-1,-1,-1,-1,-1,-1,-1,-1,-1,-1,-1,-1,1,-1,-1,-1,-1,-1,-1,-1,-1,-1,-1,-1,0,-1,-1,-1,
-1,-1,1,-1,1,-1,-1,-1,-1,-1,-1,1,-1,-1,-1,-1,-1,-1,-1,-1,-1,-1,-1,-1,-1,-1,-1,-1,-1,-1,-1,-1,-1,-1,-1,-1,-1,-1,-1,-1,-1,-1,-1,-1,-1,-1,-1,-1,-1,-1,-1,-1,-1,-1,-1,-1,-1,-1,-1,-1,-1,-1,-1,-1,-1,-1,-1,-1,-1,-1,0,-1,-1,
-1,-1,-1,-1,1,-1,-1,-1,-1,-1,-1,-1,-1,-1,-1,-1,-1,-1,-1,1,1,-1,-1,-1,-1,-1,-1,-1,-1,-1,-1,-1,-1,1,-1,-1,-1,-1,-1,-1,-1,-1,-1,-1,-1,-1,-1,-1,-1,-1,-1,-1,-1,-1,-1,-1,-1,-1,-1,-1,-1,-1,-1,-1,-1,-1,-1,-1,-1,-1,-1,0,-1,
-1,-1,-1,-1,-1,-1,-1,-1,-1,-1,-1,-1,-1,-1,-1,-1,-1,-1,-1,-1,-1,-1,-1,-1,-1,-1,-1,-1,-1,-1,-1,-1,-1,-1,-1,-1,-1,-1,-1,1,1,-1,-1,-1,-1,-1,-1,-1,-1,-1,-1,-1,-1,-1,-1,-1,-1,-1,-1,-1,-1,-1,-1,-1,-1,-1,-1,-1,-1,-1,-1,-1,0,

(22,0)
(21,1)
(20,2)
(21,3)
(20,4)
(20,5)
(22,6)
(21,7)
(22,8)
(20,9)
(20,10)
(22,11)
(22,12)
(21,13)
(21,14)
(20,15)
(21,16)
(22,17)
(21,18)
(21,19)
(4,6)
(37,8)
(68,14)
(62,13)
(4,13)
(42,13)
(16,16)
(43,0)
(20,1)
(15,1)
(45,9)
(3,0)
(72,0)
(1,11)
(59,1)
(49,3)
(40,2)
(6,7)
(32,14)
(31,9)
(39,5)
(14,3)
(10,0)
(25,11)
(19,9)
(43,2)
(17,17)
(29,0)
(7,10)
(23,16)
(12,5)
(31,12)
(34,1)
(10,3)
(21,3)
(4,15)
(15,11)
(25,10)
(7,6)
(35,0)
(8,9)
(22,3)
(50,2)
(31,0)
(21,3)
(29,17)
(24,18)
(29,8)
(35,14)
(63,3)
(1,18)
(25,4)
(4,13)
(43,10)
(5,3)
(39,4)
(26,2)
(23,14)
(67,0)
(9,1)
(16,1)
(35,1)
(20,17)
(60,2)
(68,3)
(5,12)
(69,3)
(50,16)
(47,10)
(24,6)
(52,9)
(23,12)
(68,15)
(68,4)
(28,7)
(13,8)
(57,6)
(58,3)
(0,7)
(47,10)
(70,11)
(47,1)
(29,14)
(69,1)
(2,4)
(38,7)
(42,2)
(34,1)
(44,1)
(55,4)
(34,13)
(59,8)
(19,13)
(5,7)
(30,13)
(63,14)
(58,7)
(12,0)
(0,17)
(22,15)
(49,6)
(52,14)
(63,2)
(30,16)
(50,11)
(30,10)
(53,6)
(66,3)
(46,0)
(20,14)
(14,14)
(35,4)
(46,0)
(34,0)
(12,4)
(13,17)
(51,13)
(36,3)
(10,5)
(52,11)
(30,10)
(64,1)
(70,1)
(5,12)
(23,2)
(69,0)
(72,15)
(7,12)
(44,1)
(38,11)
(12,11)
(35,1)
(14,1)
(4,10)
(49,2)
(19,16)
(35,2)
(8,2)
(9,15)
(22,0)
(26,7)
(38,10)
(53,0)
(66,14)
(14,13)
(16,11)
(22,13)
(21,9)
(49,1)
(18,1)
(8,17)
(31,2)
(66,4)
(38,0)
(15,12)
(40,14)
(18,2)
(48,1)
(67,11)
(20,17)
(33,2)
(14,17)
(52,4)
(2,0)
(72,11)
(26,19)
(6,2)
(70,13)
(26,9)
(39,6)
(70,6)
(66,13)
(23,12)
(63,8)
(62,7)
(36,1)
(48,5)
(71,1)
(32,5)
(5,12)
(41,14)
(52,12)
(60,4)
(5,14)
(54,2)
(25,0)
(58,3)
(27,10)
(47,6)
(12,4)
(62,16)
(71,6)
(37,11)
(67,0)
(47,7)
(24,1)
(46,10)
(29,10)
(17,14)
(26,17)
(15,7)
(71,6)
(17,2)
(13,18)
(3,7)
(40,0)
(20,10)
(71,5)
(17,2)
(13,2)
(66,1)
(67,0)
(2,0)
(51,6)
(70,16)
(47,7)
(41,4)
(47,1)
(36,5)
(40,12)
(4,3)
(37,8)
(64,16)
(71,12)
(69,14)
(31,11)
(36,17)
(10,10)
(6,16)
(5,15)
(72,3)
(25,12)
(0,5)
(21,0)
(17,2)
(0,2)
(27,4)
(38,3)
(56,9)
(52,7)
(63,0)
(56,15)
(67,19)
(27,2)
(10,6)
(0,10)
(17,4)
(11,0)
(53,1)
(18,0)
(4,7)
(54,1)
(65,0)
(56,8)
(54,7)
(13,3)
(26,19)
(53,0)
(72,16)
(43,0)
(65,9)
(59,5)
(29,6)
(31,6)
(33,11)
(34,9)
(15,12)
(63,0)
(51,18)
(50,1)
(28,17)
(2,18)
(28,13)
(60,0)
(18,7)
(33,15)
(20,3)
(47,19)
(56,0)
(72,6)
(24,3)
(22,0)
(21,6)
(11,16)
(25,15)
(19,3)
(62,14)
(51,1)
(9,18)
(66,14)
(0,17)
(70,0)
(20,2)
(52,1)
(46,4)
(2,7)
(2,17)
(16,7)
(8,16)
(68,4)
(42,18)
(8,14)
(22,12)
(20,13)
(63,17)
(6,11)
(23,2)
(11,10)
(49,16)
(46,8)
(33,10)
(55,1)
(47,0)
(26,2)
(41,19)
(55,14)
(72,7)
(10,2)
(53,0)
(53,7)
(18,5)
(63,17)
(26,17)
(19,2)
(46,5)
(51,3)
(19,9)
(30,16)
(24,19)
(11,10)
(17,2)
(69,1)
(67,12)
(36,3)
(13,5)
(63,11)
(57,4)
(41,19)
(42,2)
(54,10)
(52,1)
(31,12)
(19,6)
(25,1)
(34,13)
(18,15)
(23,13)
(64,18)
(12,0)
(62,18)
(56,3)
(72,1)
(19,2)
(65,1)
(13,5)
(7,1)
(30,12)
(64,12)
(11,2)
(36,18)
(62,10)
(42,8)
(56,10)
(19,4)
(70,7)
(72,14)
(19,9)
(6,10)
(59,8)
(19,19)
(71,19)
(10,6)
(1,9)
(61,16)
(4,13)
(67,1)
(33,13)
(45,9)
(49,8)
(22,10)
(65,14)
(50,19)
(29,13)
(53,0)
(27,1)
(7,3)
(63,9)
(67,1)
(22,3)
(7,19)
(58,3)
(27,17)
(67,7)
(60,11)
(8,9)
(65,1)
(18,17)
(60,18)
(13,1)
(48,8)
(53,1)
(72,3)
(36,16)
(57,10)
(46,7)
(3,3)
(22,15)
(36,5)
(14,4)
(71,12)
(45,4)
(50,2)
(32,11)
(69,19)
(66,5)
(36,16)
(19,3)
(61,7)
(61,2)
(65,14)
(54,17)
(8,3)
(3,16)
(50,10)
(57,3)
(56,5)
(3,3)
(60,13)
(16,1)
(10,19)
(35,7)
(11,5)
(59,6)
(17,14)
(53,19)
(29,7)
(49,6)
(20,8)
(12,19)
(51,10)
(20,2)
(15,9)
(68,11)
(30,3)
(69,10)
(60,0)
(29,15)
(36,12)
(1,1)
(17,17)
(63,0)
(17,15)
(28,5)
(25,10)
(4,14)
(41,7)
(57,4)
(14,9)
(4,0)
(16,6)
(69,5)
(46,0)
(50,0)
(69,3)
(9,0)
(66,17)
(63,16)
(64,1)
(57,10)
(14,12)
(65,12)
(70,13)
(15,10)
(21,14)
(37,5)
(23,6)
(57,18)
(55,11)
(29,1)
(25,7)
(22,7)
(67,12)
(19,8)
(3,16)
(63,14)
(4,15)
(57,0)
(7,1)
(63,7)
(48,9)
(4,10)
(71,18)
(31,14)
(52,12)
(10,3)
(35,11)
(58,0)
(70,3)
(5,10)
(50,0)
(68,6)
(64,2)
(12,10)
(46,17)
(29,15)
(55,17)
(20,8)
(24,0)
(11,5)
(21,16)
(32,12)
(55,13)
(30,16)
(36,1)
(63,13)
(9,8)
(52,12)
(35,8)
(43,13)
(67,3)
(66,3)
(59,11)
(30,5)
(3,8)
(60,2)
(1,4)
(40,11)
(35,14)
(53,14)
(25,19)
(30,8)
(67,8)
(48,0)
(1,2)
(48,8)
(14,18)
(58,18)
(15,13)
(22,8)
(29,8)
(61,2)
(24,6)
(71,3)
(37,4)
(64,0)
(44,13)
(57,12)
(25,8)
(38,16)
(13,18)
(52,9)
(2,4)
(68,13)
(45,17)
(16,8)
(48,4)
(65,1)
(43,0)
(45,0)
(39,5)
(26,11)
(50,9)
(71,8)
(1,14)
(5,6)
(50,9)
(38,16)
(12,6)
(49,11)
(7,10)
(35,2)
(65,1)
(66,15)
(39,14)
(29,6)
(50,11)
(32,17)
(34,4)
(44,6)
(39,13)
(71,3)
(6,9)
(33,8)
(32,12)
(0,2)
(44,14)
(63,13)
(66,8)
(61,15)
(71,4)
(19,9)
(47,4)
(27,6)
(54,6)
(52,5)
(60,1)
(71,2)
(66,11)
(32,15)
(57,12)
(38,14)
(71,12)
(69,1)
(53,9)
(33,16)
(26,14)
(39,17)
(22,1)
(18,7)
(33,5)
(48,7)
(58,17)
(29,0)
(27,4)
(70,6)
(32,3)
(66,11)
(7,7)
(7,7)
(10,3)
(59,9)
(14,1)
(48,2)
(55,14)
(68,3)
(6,10)
(5,0)
(40,12)
(14,12)
(20,11)
(71,15)
(37,17)
(21,12)
(21,1)
(21,15)
(8,2)
(54,7)
(3,10)
(7,5)
(26,12)
(42,13)
(16,1)
(55,18)
(53,8)
(30,13)
(33,3)
(50,2)
(47,0)
(61,2)
(46,14)
(23,6)
(31,18)
(64,16)
(17,1)
(44,6)
(19,10)
(32,3)
(18,12)
(17,8)
(38,2)
(66,3)
(25,5)
(1,4)
(62,10)
(36,10)
(67,6)
(17,5)
(43,2)
(12,1)
(13,6)
(29,5)
(7,15)
(14,10)
(45,14)
(70,4)
(0,10)
(51,5)
(45,16)
(32,7)
(21,8)
(55,13)
(6,11)
(48,5)
(46,14)
(70,13)
(60,3)
(35,5)
(23,9)
(68,14)
(59,1)
(52,18)
(1,11)
(37,2)
(1,14)
(30,7)
(25,3)
(36,9)
(23,17)
(8,10)
(0,0)
(27,6)
(1,9)
(7,9)
(18,12)
(47,1)
(4,9)
(65,7)
(52,12)
(4,0)
(5,1)
(65,4)
(52,9)
(7,16)
(31,10)
(67,3)
(36,0)
(27,18)
(30,6)
(42,19)
(9,0)
(57,16)
(68,17)
(17,4)
(56,11)
(44,11)
(20,12)
(18,9)
(45,17)
(2,7)
(1,1)
(64,9)
(8,8)
(49,2)
(69,0)
(56,0)
(12,3)
(68,6)
(26,9)
(4,7)
(52,12)
(29,0)
(2,18)
(17,10)
(14,0)
(29,11)
(48,2)
(35,9)
(0,4)
(14,4)
(40,14)
(26,0)
(70,8)
(23,19)
(41,17)
(57,0)
(67,1)
(35,7)
(49,17)
(5,4)
(54,2)
(58,1)
(50,18)
(10,3)
(27,0)
(49,5)
(66,5)
(0,12)
(65,4)
(28,16)
(30,5)
(58,13)
(30,2)
(20,10)
(43,19)
(72,19)
(71,1)
(8,19)
(17,16)
(52,15)
(52,10)
(61,2)
(58,8)
(71,3)
(14,1)
(21,19)
(46,7)
(25,8)
(34,9)
(28,15)
(27,5)
(38,8)
(72,13)
(57,18)
(5,0)
(37,3)
(50,2)
(41,8)
(0,2)
(28,13)
(71,1)
(16,3)
(51,12)
(21,15)
(36,14)
(42,3)
(5,0)
(36,1)
(43,11)
(26,9)
(45,11)
(37,7)
(48,16)
(46,17)
(57,8)
(10,0)
(19,8)
(7,17)
(41,15)
(33,3)
(48,10)
(50,8)
(19,11)
(15,13)
(56,11)
(61,2)
(6,2)
(54,16)
(30,2)
(25,4)
(11,4)
(18,12)
(47,3)
(40,1)
(53,10)
(68,3)
(0,0)
(31,8)
(13,1)
(18,0)
(4,15)
(33,13)
(16,11)
(58,11)
(13,13)
(68,7)
(46,3)
(22,19)
(41,18)
(31,1)
(32,4)
(26,3)
(25,13)
(59,11)
(58,2)
(69,3)
(9,10)
(16,5)
(61,2)
(0,16)
(46,2)
(11,4)
(44,17)
(8,2)
(9,11)
(20,0)
(68,0)
(60,8)
(7,10)
(63,0)
(57,6)
(48,6)
(70,5)
(15,15)
(8,14)
(51,1)
(72,3)
(5,4)
(28,6)
(64,4)
(65,2)
(39,9)
(70,6)
(16,12)
(61,2)
(16,19)
(26,7)
(15,8)
(53,1)
(38,4)
(11,8)
(6,2)
(52,3)
(61,12)
(15,1)
(31,18)
(19,3)
(13,2)
(43,8)
(16,16)
(7,4)
(28,10)
(68,14)
(25,15)
(49,18)
(24,10)
(12,5)
(5,9)
(30,0)
(24,15)
(18,6)
(68,11)
(11,14)
(17,17)
(16,12)
(23,2)
(15,9)
(22,0)
(56,0)
(18,8)
(59,0)
(22,1)
(44,4)
(72,6)
(35,11)
(26,6)
(52,4)
(50,0)
(35,6)
(49,8)
(15,2)
(65,1)
(67,0)
(56,12)
(67,10)
(47,1)
(50,19)
(2,15)
(52,2)
(71,4)
(21,7)
(15,19)
(55,9)
(52,0)
(10,11)
(0,9)
(21,12)
(67,10)
(43,1)
(15,8)
(34,9)
(19,1)
(50,7)
(60,15)
(23,8)
(70,13)
(15,8)
(27,5)
(1,4)
(62,7)
(67,17)
(13,5)
(10,0)
(36,3)
(61,4)
(17,4)
(17,5)
(28,15)
(18,0)
(7,8)
(7,16)
(50,14)
(40,13)
(10,7)
(8,1)
(11,10)
(9,13)
(13,0)
(46,13)
(18,8)
(0,17)
(57,2)
(45,10)
(56,4)
(65,17)
(63,6)
(26,5)
(47,12)
(25,1)
(27,15)
(43,9)
(70,19)
(72,19)
(33,6)
(34,16)
(12,11)
(63,17)
(60,9)
(64,8)
(64,8)
(38,6)
(63,12)
(19,13)
(48,5)
(37,19)
(30,15)
(29,6)
(52,19)
(36,4)
(65,11)
(67,19)
(71,13)
(26,4)
(62,0)
(34,17)
(57,7)
(65,18)
(11,14)
(42,0)
(3,6)
(20,9)
(32,1)
(58,12)
(31,14)
(42,3)
(66,11)
(56,3)
(64,3)
(70,3)
(22,10)
(37,17)
(45,5)
(4,10)
(54,17)
(49,5)
(34,1)
(25,6)
(53,3)
(1,15)
(7,14)
(66,18)
(35,4)
(61,5)
(34,5)
(40,15)
(13,13)
(4,9)
(8,10)
(18,1)
(16,17)
(35,12)
(55,1)
(7,0)
(3,0)
(20,9)
(21,6)
(35,16)
(10,6)
(11,2)
(32,0)
(28,12)
(14,2)
(12,1)
(40,3)
(35,10)
(8,2)
(0,11)
(25,3)
(3,14)
(36,0)
(27,7)
(32,1)
(21,10)
(2,8)
(60,0)
(55,0)
(28,8)
(8,0)
(69,8)
(59,17)
(47,2)
(50,11)
(23,5)
(32,15)
(43,0)
(54,2)
(10,13)
(51,1)
(56,11)
(65,17)
(45,6)
(11,0)
(50,4)
(6,15)
(53,15)
(72,2)
(51,8)
(32,1)
(40,2)
(13,1)
(2,0)
(3,4)
(5,3)
(44,5)
(57,6)
(34,4)
(29,4)
(8,15)
(12,12)
(64,4)
(29,14)
(3,8)
(24,4)
(41,0)
(8,4)
(46,0)
(66,0)
(2,13)
(43,3)
(6,11)
(13,1)
(10,0)
(16,9)
(72,1)
(46,0)
(17,18)
(30,18)
(71,2)
(29,4)
(66,14)
(32,4)
(69,5)
(49,10)
(18,19)
(8,13)
(12,1)
(65,7)
(32,3)
(14,8)
(24,19)
(32,11)
(23,0)
(59,15)
(40,9)
(51,3)
(16,0)
(27,3)
(49,10)
(47,18)
(31,3)
(57,10)
(50,12)
(66,6)
(40,4)
(8,13)
(4,1)
(32,14)
(30,8)
(14,4)
(35,19)
(66,2)
(6,3)
(60,0)
(36,17)
(21,14)
(14,0)
(59,3)
(30,14)
(55,17)
(62,7)
(18,0)
(58,4)
(69,10)
(48,1)
(2,3)
(52,17)
(40,15)
(36,5)
(31,9)
(70,2)
(8,1)
(72,16)
(11,0)
(23,0)
(60,2)
(2,2)
(19,11)
(38,2)
(52,13)
(66,6)
(1,18)
(55,0)
(19,8)
(61,19)
(25,10)
(53,17)
(3,7)
(56,18)
(5,9)
(15,4)
(62,9)
(4,0)
(69,19)
(5,1)
(21,12)
(11,7)
(31,9)
(4,12)
(42,6)
(36,10)
(72,6)
(66,4)
(54,11)
(35,1)
(23,8)
(1,9)
(34,11)
(23,13)
(49,2)
(54,16)
(15,10)
(51,5)
(7,11)
(70,6)
(54,2)
(64,7)
(20,3)
(0,17)
(41,18)
(3,0)
(32,19)
(17,0)
(21,3)
(52,14)
(61,18)
(67,12)
(0,18)
(67,0)
(24,15)
(22,6)
(7,15)
(2,0)
(54,12)
(22,6)
(15,8)
(54,14)
(55,9)
(65,10)
(61,18)
(44,7)
(40,8)
(60,15)
(42,4)
(12,5)
(44,10)
(8,3)
(53,7)
(30,19)
(43,0)
(9,9)
(32,9)
(16,18)
(64,6)
(46,3)
(45,9)
(63,5)
(9,7)
(31,4)
(34,17)
(30,2)
(69,0)
(15,7)
(51,4)
(1,17)
(53,7)
(26,9)
(55,0)
(50,7)
(21,11)
(57,3)
(6,1)
(32,16)
(21,3)
(5,2)
(49,4)
(31,1)
(22,16)
(20,17)
(43,13)
(18,0)
(1,12)
(49,1)
(25,14)
(11,1)
(31,11)
(39,7)
(9,7)
(52,15)
(9,15)
(40,0)
(17,17)
(45,5)
(41,8)
(56,9)
(46,2)
(16,11)
(26,12)
(68,1)
(45,1)
(22,10)
(57,11)
(34,9)
(24,3)
(4,19)
(49,9)
(54,8)
(39,19)
(65,12)
(52,6)
(72,8)
(37,0)
(45,0)
(52,10)
(0,1)
(24,15)
(62,13)
(30,18)
(45,5)
(27,3)
(44,18)
(45,0)
(61,1)
(63,9)
(28,1)
(11,4)
(17,13)
(51,11)
(23,3)
(28,18)
(19,14)
(53,1)
(67,13)
(49,19)
(14,13)
(52,11)
(3,0)
(46,15)
(66,4)
(23,8)
(40,16)
(11,2)
(62,6)
(28,17)
(21,1)
(31,4)
(4,4)
(63,1)
(52,9)
(0,16)
(62,11)
(43,14)
(66,7)
(44,18)
(40,17)
(11,1)
(57,7)
(35,1)
(55,16)
(71,2)
(26,8)
(27,7)
(51,19)
(64,1)
(2,1)
(67,19)
(11,17)
(71,17)
(60,11)
(50,0)
(60,6)
(34,15)
(33,4)
(61,11)
(54,12)
(9,4)
(8,6)
(21,2)
(27,5)
(28,19)
(55,3)
(13,6)
(60,3)
(53,6)
(31,8)
(46,11)
(45,17)
(46,19)
(40,3)
(35,8)
(55,2)
(48,15)
(65,0)
(62,6)
(30,18)
(27,18)
(39,18)
(72,10)
(44,5)
(13,6)
(30,16)
(23,0)
(31,12)
(6,16)
(53,14)
(37,3)
(37,4)
(39,11)
(5,0)
(22,0)
(45,19)
(19,13)
(29,5)
(57,16)
(22,2)
(27,5)
(26,2)
(49,13)
(17,16)
(52,14)
(27,19)
(25,3)
(35,17)
(0,3)
(40,5)
(17,1)
(39,1)
(30,17)
(50,14)
(67,11)
(52,9)
(39,19)
(49,5)
(64,0)
(45,4)
(41,10)
(35,0)
(22,17)
(67,7)
(23,13)
(42,13)
(37,0)
(5,0)
(29,6)
(23,18)
(5,17)
(32,7)
(5,0)
(51,12)
(67,8)
(45,14)
(51,5)
(2,15)
(68,5)
(46,2)
(54,13)
(24,14)
(20,5)
(22,0)
(46,0)
(52,12)
(27,8)
(70,2)
(53,17)
(50,2)
(2,4)
(29,12)
(44,1)
(20,12)
(72,10)
(12,19)
(27,18)
(64,3)
(59,10)
(57,1)
(19,13)
(29,14)
(34,5)
(1,17)
(36,13)
(60,16)
(31,18)
(46,10)
(7,12)
(21,11)
(5,0)
(1,16)
(4,12)
(35,12)
(11,8)
(17,11)
(37,18)
(51,16)
(60,0)
(60,19)
(30,18)
(67,4)
(45,0)
(16,7)
(50,18)
(37,8)
(28,13)
(46,3)
(64,0)
(25,7)
(27,1)
(16,2)
(46,10)
(24,17)
(44,2)
(19,3)
(45,8)
(41,17)
(30,4)
(1,7)
(40,2)
(59,16)
(40,0)
(72,12)
(15,16)
(61,6)
(49,0)
(68,8)
(66,11)
(48,12)
(34,12)
(26,7)
(64,0)
(11,16)
(36,12)
(3,4)
(49,12)
(18,7)
(50,11)
(14,4)
(39,0)
(62,6)
(31,16)
(7,5)
(58,6)
(17,0)
(22,18)
(7,8)
(27,11)
(59,16)
(30,19)
(66,17)
(48,1)
(6,16)
(53,3)
(67,0)
(31,17)
(22,4)
(38,19)
(27,1)
(38,0)
(30,8)
(54,14)
(50,12)
(65,16)
(48,9)
(58,0)
(10,6)
(33,0)
(70,13)
(12,19)
(65,19)
(31,19)
(48,11)
(54,8)
(0,16)
(55,14)
(54,12)
(64,8)
(2,16)
(45,19)
(32,13)
(31,0)
(69,17)
(13,16)
(71,4)
(71,4)
(44,14)
(35,16)
(30,7)
(15,6)
(12,8)
(63,19)
(7,7)
(41,14)
(43,4)
(25,1)
(63,7)
(51,13)
(40,11)
(6,9)
(16,5)
(6,0)
(28,12)
(34,19)
(13,8)
(43,2)
(6,9)
(12,13)
(71,6)
(28,2)
(42,9)
(44,0)
(12,0)
(11,19)
(54,9)
(1,4)
(56,18)
(13,13)
(27,14)
(21,4)
(47,6)
(40,16)
(12,1)
(1,18)
(55,6)
(31,17)
(12,12)
(5,15)
(11,18)
(51,17)
(12,12)
(16,10)
(36,14)
(56,14)
(14,12)
(12,13)
(49,19)
(12,9)
(10,3)
(15,7)
(60,17)
(0,17)
(63,9)
(64,1)
(22,5)
(5,0)
(11,0)
(61,10)
(6,9)
(45,4)
(57,7)
(22,1)
(35,19)
(35,2)
(60,15)
(55,2)
(20,6)
(66,16)
(49,9)
(29,12)
(64,1)
(38,0)
(60,17)
(52,2)
(45,7)
(21,18)
(49,2)
(28,6)
(53,12)
(22,18)
(53,18)
(16,10)
(47,3)
(20,17)
(17,0)
(47,2)
(54,6)
(59,17)
(53,11)
(51,18)
(56,8)
(33,7)
(70,5)
(60,18)
(56,7)
(42,10)
(20,18)
(26,14)
(70,7)
(37,14)
(44,0)
(41,17)
(12,1)
(68,13)
(50,10)
(21,8)
(66,11)
(56,7)
(70,19)
(72,6)
(28,0)
(39,12)
(27,8)
(0,0)
(11,18)
(39,18)
(48,7)
(27,11)
(39,3)
(57,2)
(7,1)
(1,1)
(13,18)
(24,11)
(53,2)
(64,10)
(23,14)
(31,8)
(70,3)
(5,13)
(10,3)
(1,5)
(67,14)
(19,6)
(29,15)
(29,16)
(72,1)
(33,5)
(24,0)
(8,3)
(20,12)
(19,8)
(58,11)
(36,9)
(20,16)
(9,16)
(1,8)
(40,14)
(67,3)
(22,3)
(19,2)
(39,17)
(9,5)
(0,8)
(72,2)
(62,19)
(65,6)
(41,6)
(67,2)
(72,14)
(28,8)
(12,3)
(23,17)
(55,5)
(2,15)
(35,5)
(35,12)
(20,1)
(66,4)
(45,14)
(25,11)
(47,8)
(2,9)
(23,3)
(72,4)
(2,8)
(39,8)
(43,8)
(58,7)
(37,6)
(22,3)
(2,13)
(1,0)
(65,9)
(40,1)
(63,0)
(31,3)
(48,3)
(56,0)
(0,11)
(37,17)
(9,0)
(30,1)
(28,10)
(28,19)
(70,10)
(32,14)
(47,15)
(35,4)
(56,3)
(10,4)
(44,12)
(21,1)
(11,6)
(34,0)
(36,7)
(30,1)
(30,10)
(9,13)
(36,1)
(65,13)
(48,11)
(67,17)
(56,17)
(36,6)
(23,13)
(22,11)
(30,3)
(50,1)
(18,6)
(52,15)
(60,9)
(28,6)
(28,6)
(29,12)
(69,8)
(39,14)
(46,8)
(35,12)
(61,2)
(44,19)
(24,6)
(18,9)
(30,14)
(20,7)
(26,10)
(29,0)
(54,15)
(4,8)
(18,0)
(44,15)
(24,10)
(36,7)
(71,8)
(58,6)
(33,1)
(70,0)
(34,11)
(29,12)
(25,2)
(9,1)
(60,5)
(12,0)
(21,4)
(36,7)
(13,12)
(10,3)
(63,0)
(0,8)
(42,0)
(4,1)
(28,8)
(9,9)
(2,11)
(58,6)
(33,14)
(7,0)
(29,1)
(18,17)
(24,2)
(56,3)
(18,1)
(28,0)
(57,6)
(68,6)
(64,3)
(2,4)
(52,11)
(25,10)
(1,10)
(7,0)
(28,2)
(24,11)
(15,13)
(33,7)
(27,17)
(7,0)
(15,9)
(0,9)
(37,6)
(0,7)
(55,0)
(53,12)
(5,2)
(11,13)
(57,1)
(34,18)
(19,12)
(67,2)
(62,11)
(21,3)
(43,2)
(0,3)
(54,1)
(14,12)
(56,12)
(38,9)
(0,11)
(0,2)
(67,11)
(5,1)
(20,17)
(8,1)
(41,4)
(29,15)
(45,7)
(46,3)
(47,12)
(56,9)
(54,15)
(29,8)
(52,9)
(40,4)
(61,11)
(55,10)
(39,14)
(48,18)
(9,2)
(49,17)
(52,4)
(25,13)
(31,9)
(8,8)
(27,0)
(49,16)
(37,1)
(64,8)
(56,11)
(47,4)
(2,2)
(11,2)
(32,11)
(66,1)
(37,4)
(50,12)
(4,15)
(9,0)
(68,12)
(3,0)
(22,17)
(45,8)
(11,18)
(70,4)
(34,0)
(32,14)
(16,11)
(39,4)
(36,1)
(68,16)
(22,8)
(13,1)
(56,18)
(18,4)
(56,18)
(41,13)
(0,0)
(11,2)
(46,11)
(31,9)
(58,2)
(40,7)
(19,0)
(8,0)
(7,9)
(10,8)
(40,0)
(27,2)
(69,11)
(54,4)
(63,1)
(6,8)
(53,13)
(71,8)
(66,3)
(4,5)
(31,3)
(9,3)
(18,17)
(49,13)
(35,7)
(9,6)
(42,7)
(14,2)
(48,17)
(70,0)
(67,10)
(47,15)
(39,10)
(41,6)
(33,3)
(11,3)
(36,19)
(17,1)
(25,10)
(8,13)
(25,10)
(65,0)
(36,11)
(54,13)
(60,4)
(34,13)
(48,15)
(66,11)
(28,10)
(45,6)
(38,2)
(6,0)
(63,10)
(25,9)
(31,5)
(23,5)
(69,0)
(35,7)
(0,2)
(37,9)
(9,11)
(11,7)
(10,3)
(42,2)
(54,4)
(11,6)
(66,4)
(2,18)
(28,16)
(48,17)
(9,0)
(68,2)
(43,18)
(32,14)
(61,8)
(4,18)
(55,0)
(12,11)
(22,2)
(72,5)
(52,10)
(71,0)
(56,12)
(38,5)
(2,19)
(22,19)
(45,9)
(71,7)
(72,19)
(62,1)
(34,3)
(52,1)
(52,1)
(32,9)
(9,7)
(59,7)
(56,19)
(41,2)
(62,3)
(10,17)
(54,7)
(58,4)
(47,2)
(29,6)
(39,5)
(14,2)
(47,0)
(40,15)
(51,11)
(20,4)
(41,0)
(38,2)
(11,0)
(70,2)
(60,3)
(10,8)
(17,9)
(67,18)
(29,2)
(10,19)
(25,17)
(33,13)
(39,11)
(5,0)
(69,5)
(9,18)
(20,0)
(28,13)
(65,6)
(38,16)
(10,5)
(72,11)
(72,2)
(26,12)
(10,10)
(35,14)
(42,5)
(48,9)
(6,14)
(38,11)
(7,7)
(12,19)
(65,12)
(71,17)
(53,14)
(7,10)
(12,0)
(57,19)
(18,9)
(58,14)
(6,4)
(66,2)
(48,5)
(16,7)
(18,2)
(38,0)
(67,0)
(31,11)
(7,13)
(55,8)
(63,5)
(19,16)
(37,8)
(48,16)
(58,3)
(25,3)
(41,2)
(52,12)
(10,0)
(27,7)
(34,4)
(8,9)
(2,13)
(50,8)
(31,12)
(69,2)
(33,4)
(66,10)
(28,9)
(69,5)
(41,9)
(16,3)
(37,17)
(49,17)
(58,16)
(35,0)
(25,8)
(27,0)
(14,18)
(9,0)
(9,14)
(7,18)
(32,14)
(22,16)
(31,6)
(6,18)
(42,16)
(66,1)
(42,18)
(35,0)
(36,10)
(46,8)
(65,7)
(35,2)
(25,18)
(15,0)
(70,16)
(45,4)
(42,5)
(62,8)
(39,9)
(51,1)
(55,2)
(13,14)
(63,11)
(69,1)
(11,8)
(42,14)
(29,2)
(43,0)
(10,1)
(20,17)
(4,17)
(40,9)
(11,10)
(69,9)
(14,19)
(68,10)
(7,0)
(17,0)
(69,8)
(60,17)
(11,17)
(59,15)
(64,0)
(27,2)
(6,1)
(38,18)
(68,15)
(12,6)
(26,0)
(71,7)
(19,0)
(67,8)
(72,15)
(71,16)
(9,12)
(19,13)
(30,13)
(26,3)
(56,2)
(60,3)
(72,17)
(43,8)
(22,12)
(59,4)
(22,2)
(63,9)
(52,11)
(22,13)
(41,8)
(58,6)
(16,3)
(72,8)
(71,12)
(31,9)
(66,6)
(50,1)
(33,11)
(66,9)
(33,11)

(22,0)
(21,1)
(20,2)
(21,3)
(20,4)
(20,5)
(22,6)
(21,7)
(22,8)
(20,9)
(20,10)
(22,11)
(22,12)
(21,13)
(21,14)
(20,15)
(21,16)
(22,17)
(21,18)
(21,19)
(4,6)
(37,8)
(68,14)
(62,13)
(4,13)
(42,13)
(16,16)
(43,0)
(20,1)
(15,1)
(45,9)
(3,0)
(72,0)
(1,11)
(59,1)
(49,3)
(40,2)
(6,7)
(32,14)
(31,9)
(39,5)
(14,3)
(10,0)
(25,11)
(19,9)
(43,2)
(17,17)
(29,0)
(7,10)
(23,16)
(12,5)
(31,12)
(34,1)
(10,3)
(21,3)
(4,15)
(15,11)
(25,10)
(7,6)
(35,0)
(8,9)
(22,3)
(50,2)
(31,0)
(21,3)
(29,17)
(24,18)
(29,8)
(35,14)
(63,3)
(1,18)
(25,4)
(4,13)
(43,10)
(5,3)
(39,4)
(26,2)
(23,14)
(67,0)
(9,1)
(16,1)
(35,1)
(20,17)
(60,2)
(68,3)
(5,12)
(69,3)
(50,16)
(47,10)
(24,6)
(52,9)
(23,12)
(68,15)
(68,4)
(28,7)
(13,8)
(57,6)
(58,3)
(0,7)
(47,10)
(70,11)
(47,1)
(29,14)
(69,1)
(2,4)
(38,7)
(42,2)
(34,1)
(44,1)
(55,4)
(34,13)
(59,8)
(19,13)
(5,7)
(30,13)
(63,14)
(58,7)
(12,0)
(0,17)
(22,15)
(49,6)
(52,14)
(63,2)
(30,16)
(50,11)
(30,10)
(53,6)
(66,3)
(46,0)
(20,14)
(14,14)
(35,4)
(46,0)
(34,0)
(12,4)
(13,17)
(51,13)
(36,3)
(10,5)
(52,11)
(30,10)
(64,1)
(70,1)
(5,12)
(23,2)
(69,0)
(72,15)
(7,12)
(44,1)
(38,11)
(12,11)
(35,1)
(14,1)
(4,10)
(49,2)
(19,16)
(35,2)
(8,2)
(9,15)
(22,0)
(26,7)
(38,10)
(53,0)
(66,14)
(14,13)
(16,11)
(22,13)
(21,9)
(49,1)
(18,1)
(8,17)
(31,2)
(66,4)
(38,0)
(15,12)
(40,14)
(18,2)
(48,1)
(67,11)
(20,17)
(33,2)
(14,17)
(52,4)
(2,0)
(72,11)
(26,19)
(6,2)
(70,13)
(26,9)
(39,6)
(70,6)
(66,13)
(23,12)
(63,8)
(62,7)
(36,1)
(48,5)
(71,1)
(32,5)
(5,12)
(41,14)
(52,12)
(60,4)
(5,14)
(54,2)
(25,0)
(58,3)
(27,10)
(47,6)
(12,4)
(62,16)
(71,6)
(37,11)
(67,0)
(47,7)
(24,1)
(46,10)
(29,10)
(17,14)
(26,17)
(15,7)
(71,6)
(17,2)
(13,18)
(3,7)
(40,0)
(20,10)
(71,5)
(17,2)
(13,2)
(66,1)
(67,0)
(2,0)
(51,6)
(70,16)
(47,7)
(41,4)
(47,1)
(36,5)
(40,12)
(4,3)
(37,8)
(64,16)
(71,12)
(69,14)
(31,11)
(36,17)
(10,10)
(6,16)
(5,15)
(72,3)
(25,12)
(0,5)
(21,0)
(17,2)
(0,2)
(27,4)
(38,3)
(56,9)
(52,7)
(63,0)
(56,15)
(67,19)
(27,2)
(10,6)
(0,10)
(17,4)
(11,0)
(53,1)
(18,0)
(4,7)
(54,1)
(65,0)
(56,8)
(54,7)
(13,3)
(26,19)
(53,0)
(72,16)
(43,0)
(65,9)
(59,5)
(29,6)
(31,6)
(33,11)
(34,9)
(15,12)
(63,0)
(51,18)
(50,1)
(28,17)
(2,18)
(28,13)
(60,0)
(18,7)
(33,15)
(20,3)
(47,19)
(56,0)
(72,6)
(24,3)
(22,0)
(21,6)
(11,16)
(25,15)
(19,3)
(62,14)
(51,1)
(9,18)
(66,14)
(0,17)
(70,0)
(20,2)
(52,1)
(46,4)
(2,7)
(2,17)
(16,7)
(8,16)
(68,4)
(42,18)
(8,14)
(22,12)
(20,13)
(63,17)
(6,11)
(23,2)
(11,10)
(49,16)
(46,8)
(33,10)
(55,1)
(47,0)
(26,2)
(41,19)
(55,14)
(72,7)
(10,2)
(53,0)
(53,7)
(18,5)
(63,17)
(26,17)
(19,2)
(46,5)
(51,3)
(19,9)
(30,16)
(24,19)
(11,10)
(17,2)
(69,1)
(67,12)
(36,3)
(13,5)
(63,11)
(57,4)
(41,19)
(42,2)
(54,10)
(52,1)
(31,12)
(19,6)
(25,1)
(34,13)
(18,15)
(23,13)
(64,18)
(12,0)
(62,18)
(56,3)
(72,1)
(19,2)
(65,1)
(13,5)
(7,1)
(30,12)
(64,12)
(11,2)
(36,18)
(62,10)
(42,8)
(56,10)
(19,4)
(70,7)
(72,14)
(19,9)
(6,10)
(59,8)
(19,19)
(71,19)
(10,6)
(1,9)
(61,16)
(4,13)
(67,1)
(33,13)
(45,9)
(49,8)
(22,10)
(65,14)
(50,19)
(29,13)
(53,0)
(27,1)
(7,3)
(63,9)
(67,1)
(22,3)
(7,19)
(58,3)
(27,17)
(67,7)
(60,11)
(8,9)
(65,1)
(18,17)
(60,18)
(13,1)
(48,8)
(53,1)
(72,3)
(36,16)
(57,10)
(46,7)
(3,3)
(22,15)
(36,5)
(14,4)
(71,12)
(45,4)
(50,2)
(32,11)
(69,19)
(66,5)
(36,16)
(19,3)
(61,7)
(61,2)
(65,14)
(54,17)
(8,3)
(3,16)
(50,10)
(57,3)
(56,5)
(3,3)
(60,13)
(16,1)
(10,19)
(35,7)
(11,5)
(59,6)
(17,14)
(53,19)
(29,7)
(49,6)
(20,8)
(12,19)
(51,10)
(20,2)
(15,9)
(68,11)
(30,3)
(69,10)
(60,0)
(29,15)
(36,12)
(1,1)
(17,17)
(63,0)
(17,15)
(28,5)
(25,10)
(4,14)
(41,7)
(57,4)
(14,9)
(4,0)
(16,6)
(69,5)
(46,0)
(50,0)
(69,3)
(9,0)
(66,17)
(63,16)
(64,1)
(57,10)
(14,12)
(65,12)
(70,13)
(15,10)
(21,14)
(37,5)
(23,6)
(57,18)
(55,11)
(29,1)
(25,7)
(22,7)
(67,12)
(19,8)
(3,16)
(63,14)
(4,15)
(57,0)
(7,1)
(63,7)
(48,9)
(4,10)
(71,18)
(31,14)
(52,12)
(10,3)
(35,11)
(58,0)
(70,3)
(5,10)
(50,0)
(68,6)
(64,2)
(12,10)
(46,17)
(29,15)
(55,17)
(20,8)
(24,0)
(11,5)
(21,16)
(32,12)
(55,13)
(30,16)
(36,1)
(63,13)
(9,8)
(52,12)
(35,8)
(43,13)
(67,3)
(66,3)
(59,11)
(30,5)
(3,8)
(60,2)
(1,4)
(40,11)
(35,14)
(53,14)
(25,19)
(30,8)
(67,8)
(48,0)
(1,2)
(48,8)
(14,18)
(58,18)
(15,13)
(22,8)
(29,8)
(61,2)
(24,6)
(71,3)
(37,4)
(64,0)
(44,13)
(57,12)
(25,8)
(38,16)
(13,18)
(52,9)
(2,4)
(68,13)
(45,17)
(16,8)
(48,4)
(65,1)
(43,0)
(45,0)
(39,5)
(26,11)
(50,9)
(71,8)
(1,14)
(5,6)
(50,9)
(38,16)
(12,6)
(49,11)
(7,10)
(35,2)
(65,1)
(66,15)
(39,14)
(29,6)
(50,11)
(32,17)
(34,4)
(44,6)
(39,13)
(71,3)
(6,9)
(33,8)
(32,12)
(0,2)
(44,14)
(63,13)
(66,8)
(61,15)
(71,4)
(19,9)
(47,4)
(27,6)
(54,6)
(52,5)
(60,1)
(71,2)
(66,11)
(32,15)
(57,12)
(38,14)
(71,12)
(69,1)
(53,9)
(33,16)
(26,14)
(39,17)
(22,1)
(18,7)
(33,5)
(48,7)
(58,17)
(29,0)
(27,4)
(70,6)
(32,3)
(66,11)
(7,7)
(7,7)
(10,3)
(59,9)
(14,1)
(48,2)
(55,14)
(68,3)
(6,10)
(5,0)
(40,12)
(14,12)
(20,11)
(71,15)
(37,17)
(21,12)
(21,1)
(21,15)
(8,2)
(54,7)
(3,10)
(7,5)
(26,12)
(42,13)
(16,1)
(55,18)
(53,8)
(30,13)
(33,3)
(50,2)
(47,0)
(61,2)
(46,14)
(23,6)
(31,18)
(64,16)
(17,1)
(44,6)
(19,10)
(32,3)
(18,12)
(17,8)
(38,2)
(66,3)
(25,5)
(1,4)
(62,10)
(36,10)
(67,6)
(17,5)
(43,2)
(12,1)
(13,6)
(29,5)
(7,15)
(14,10)
(45,14)
(70,4)
(0,10)
(51,5)
(45,16)
(32,7)
(21,8)
(55,13)
(6,11)
(48,5)
(46,14)
(70,13)
(60,3)
(35,5)
(23,9)
(68,14)
(59,1)
(52,18)
(1,11)
(37,2)
(1,14)
(30,7)
(25,3)
(36,9)
(23,17)
(8,10)
(0,0)
(27,6)
(1,9)
(7,9)
(18,12)
(47,1)
(4,9)
(65,7)
(52,12)
(4,0)
(5,1)
(65,4)
(52,9)
(7,16)
(31,10)
(67,3)
(36,0)
(27,18)
(30,6)
(42,19)
(9,0)
(57,16)
(68,17)
(17,4)
(56,11)
(44,11)
(20,12)
(18,9)
(45,17)
(2,7)
(1,1)
(64,9)
(8,8)
(49,2)
(69,0)
(56,0)
(12,3)
(68,6)
(26,9)
(4,7)
(52,12)
(29,0)
(2,18)
(17,10)
(14,0)
(29,11)
(48,2)
(35,9)
(0,4)
(14,4)
(40,14)
(26,0)
(70,8)
(23,19)
(41,17)
(57,0)
(67,1)
(35,7)
(49,17)
(5,4)
(54,2)
(58,1)
(50,18)
(10,3)
(27,0)
(49,5)
(66,5)
(0,12)
(65,4)
(28,16)
(30,5)
(58,13)
(30,2)
(20,10)
(43,19)
(72,19)
(71,1)
(8,19)
(17,16)
(52,15)
(52,10)
(61,2)
(58,8)
(71,3)
(14,1)
(21,19)
(46,7)
(25,8)
(34,9)
(28,15)
(27,5)
(38,8)
(72,13)
(57,18)
(5,0)
(37,3)
(50,2)
(41,8)
(0,2)
(28,13)
(71,1)
(16,3)
(51,12)
(21,15)
(36,14)
(42,3)
(5,0)
(36,1)
(43,11)
(26,9)
(45,11)
(37,7)
(48,16)
(46,17)
(57,8)
(10,0)
(19,8)
(7,17)
(41,15)
(33,3)
(48,10)
(50,8)
(19,11)
(15,13)
(56,11)
(61,2)
(6,2)
(54,16)
(30,2)
(25,4)
(11,4)
(18,12)
(47,3)
(40,1)
(53,10)
(68,3)
(0,0)
(31,8)
(13,1)
(18,0)
(4,15)
(33,13)
(16,11)
(58,11)
(13,13)
(68,7)
(46,3)
(22,19)
(41,18)
(31,1)
(32,4)
(26,3)
(25,13)
(59,11)
(58,2)
(69,3)
(9,10)
(16,5)
(61,2)
(0,16)
(46,2)
(11,4)
(44,17)
(8,2)
(9,11)
(20,0)
(68,0)
(60,8)
(7,10)
(63,0)
(57,6)
(48,6)
(70,5)
(15,15)
(8,14)
(51,1)
(72,3)
(5,4)
(28,6)
(64,4)
(65,2)
(39,9)
(70,6)
(16,12)
(61,2)
(16,19)
(26,7)
(15,8)
(53,1)
(38,4)
(11,8)
(6,2)
(52,3)
(61,12)
(15,1)
(31,18)
(19,3)
(13,2)
(43,8)
(16,16)
(7,4)
(28,10)
(68,14)
(25,15)
(49,18)
(24,10)
(12,5)
(5,9)
(30,0)
(24,15)
(18,6)
(68,11)
(11,14)
(17,17)
(16,12)
(23,2)
(15,9)
(22,0)
(56,0)
(18,8)
(59,0)
(22,1)
(44,4)
(72,6)
(35,11)
(26,6)
(52,4)
(50,0)
(35,6)
(49,8)
(15,2)
(65,1)
(67,0)
(56,12)
(67,10)
(47,1)
(50,19)
(2,15)
(52,2)
(71,4)
(21,7)
(15,19)
(55,9)
(52,0)
(10,11)
(0,9)
(21,12)
(67,10)
(43,1)
(15,8)
(34,9)
(19,1)
(50,7)
(60,15)
(23,8)
(70,13)
(15,8)
(27,5)
(1,4)
(62,7)
(67,17)
(13,5)
(10,0)
(36,3)
(61,4)
(17,4)
(17,5)
(28,15)
(18,0)
(7,8)
(7,16)
(50,14)
(40,13)
(10,7)
(8,1)
(11,10)
(9,13)
(13,0)
(46,13)
(18,8)
(0,17)
(57,2)
(45,10)
(56,4)
(65,17)
(63,6)
(26,5)
(47,12)
(25,1)
(27,15)
(43,9)
(70,19)
(72,19)
(33,6)
(34,16)
(12,11)
(63,17)
(60,9)
(64,8)
(64,8)
(38,6)
(63,12)
(19,13)
(48,5)
(37,19)
(30,15)
(29,6)
(52,19)
(36,4)
(65,11)
(67,19)
(71,13)
(26,4)
(62,0)
(34,17)
(57,7)
(65,18)
(11,14)
(42,0)
(3,6)
(20,9)
(32,1)
(58,12)
(31,14)
(42,3)
(66,11)
(56,3)
(64,3)
(70,3)
(22,10)
(37,17)
(45,5)
(4,10)
(54,17)
(49,5)
(34,1)
(25,6)
(53,3)
(1,15)
(7,14)
(66,18)
(35,4)
(61,5)
(34,5)
(40,15)
(13,13)
(4,9)
(8,10)
(18,1)
(16,17)
(35,12)
(55,1)
(7,0)
(3,0)
(20,9)
(21,6)
(35,16)
(10,6)
(11,2)
(32,0)
(28,12)
(14,2)
(12,1)
(40,3)
(35,10)
(8,2)
(0,11)
(25,3)
(3,14)
(36,0)
(27,7)
(32,1)
(21,10)
(2,8)
(60,0)
(55,0)
(28,8)
(8,0)
(69,8)
(59,17)
(47,2)
(50,11)
(23,5)
(32,15)
(43,0)
(54,2)
(10,13)
(51,1)
(56,11)
(65,17)
(45,6)
(11,0)
(50,4)
(6,15)
(53,15)
(72,2)
(51,8)
(32,1)
(40,2)
(13,1)
(2,0)
(3,4)
(5,3)
(44,5)
(57,6)
(34,4)
(29,4)
(8,15)
(12,12)
(64,4)
(29,14)
(3,8)
(24,4)
(41,0)
(8,4)
(46,0)
(66,0)
(2,13)
(43,3)
(6,11)
(13,1)
(10,0)
(16,9)
(72,1)
(46,0)
(17,18)
(30,18)
(71,2)
(29,4)
(66,14)
(32,4)
(69,5)
(49,10)
(18,19)
(8,13)
(12,1)
(65,7)
(32,3)
(14,8)
(24,19)
(32,11)
(23,0)
(59,15)
(40,9)
(51,3)
(16,0)
(27,3)
(49,10)
(47,18)
(31,3)
(57,10)
(50,12)
(66,6)
(40,4)
(8,13)
(4,1)
(32,14)
(30,8)
(14,4)
(35,19)
(66,2)
(6,3)
(60,0)
(36,17)
(21,14)
(14,0)
(59,3)
(30,14)
(55,17)
(62,7)
(18,0)
(58,4)
(69,10)
(48,1)
(2,3)
(52,17)
(40,15)
(36,5)
(31,9)
(70,2)
(8,1)
(72,16)
(11,0)
(23,0)
(60,2)
(2,2)
(19,11)
(38,2)
(52,13)
(66,6)
(1,18)
(55,0)
(19,8)
(61,19)
(25,10)
(53,17)
(3,7)
(56,18)
(5,9)
(15,4)
(62,9)
(4,0)
(69,19)
(5,1)
(21,12)
(11,7)
(31,9)
(4,12)
(42,6)
(36,10)
(72,6)
(66,4)
(54,11)
(35,1)
(23,8)
(1,9)
(34,11)
(23,13)
(49,2)
(54,16)
(15,10)
(51,5)
(7,11)
(70,6)
(54,2)
(64,7)
(20,3)
(0,17)
(41,18)
(3,0)
(32,19)
(17,0)
(21,3)
(52,14)
(61,18)
(67,12)
(0,18)
(67,0)
(24,15)
(22,6)
(7,15)
(2,0)
(54,12)
(22,6)
(15,8)
(54,14)
(55,9)
(65,10)
(61,18)
(44,7)
(40,8)
(60,15)
(42,4)
(12,5)
(44,10)
(8,3)
(53,7)
(30,19)
(43,0)
(9,9)
(32,9)
(16,18)
(64,6)
(46,3)
(45,9)
(63,5)
(9,7)
(31,4)
(34,17)
(30,2)
(69,0)
(15,7)
(51,4)
(1,17)
(53,7)
(26,9)
(55,0)
(50,7)
(21,11)
(57,3)
(6,1)
(32,16)
(21,3)
(5,2)
(49,4)
(31,1)
(22,16)
(20,17)
(43,13)
(18,0)
(1,12)
(49,1)
(25,14)
(11,1)
(31,11)
(39,7)
(9,7)
(52,15)
(9,15)
(40,0)
(17,17)
(45,5)
(41,8)
(56,9)
(46,2)
(16,11)
(26,12)
(68,1)
(45,1)
(22,10)
(57,11)
(34,9)
(24,3)
(4,19)
(49,9)
(54,8)
(39,19)
(65,12)
(52,6)
(72,8)
(37,0)
(45,0)
(52,10)
(0,1)
(24,15)
(62,13)
(30,18)
(45,5)
(27,3)
(44,18)
(45,0)
(61,1)
(63,9)
(28,1)
(11,4)
(17,13)
(51,11)
(23,3)
(28,18)
(19,14)
(53,1)
(67,13)
(49,19)
(14,13)
(52,11)
(3,0)
(46,15)
(66,4)
(23,8)
(40,16)
(11,2)
(62,6)
(28,17)
(21,1)
(31,4)
(4,4)
(63,1)
(52,9)
(0,16)
(62,11)
(43,14)
(66,7)
(44,18)
(40,17)
(11,1)
(57,7)
(35,1)
(55,16)
(71,2)
(26,8)
(27,7)
(51,19)
(64,1)
(2,1)
(67,19)
(11,17)
(71,17)
(60,11)
(50,0)
(60,6)
(34,15)
(33,4)
(61,11)
(54,12)
(9,4)
(8,6)
(21,2)
(27,5)
(28,19)
(55,3)
(13,6)
(60,3)
(53,6)
(31,8)
(46,11)
(45,17)
(46,19)
(40,3)
(35,8)
(55,2)
(48,15)
(65,0)
(62,6)
(30,18)
(27,18)
(39,18)
(72,10)
(44,5)
(13,6)
(30,16)
(23,0)
(31,12)
(6,16)
(53,14)
(37,3)
(37,4)
(39,11)
(5,0)
(22,0)
(45,19)
(19,13)
(29,5)
(57,16)
(22,2)
(27,5)
(26,2)
(49,13)
(17,16)
(52,14)
(27,19)
(25,3)
(35,17)
(0,3)
(40,5)
(17,1)
(39,1)
(30,17)
(50,14)
(67,11)
(52,9)
(39,19)
(49,5)
(64,0)
(45,4)
(41,10)
(35,0)
(22,17)
(67,7)
(23,13)
(42,13)
(37,0)
(5,0)
(29,6)
(23,18)
(5,17)
(32,7)
(5,0)
(51,12)
(67,8)
(45,14)
(51,5)
(2,15)
(68,5)
(46,2)
(54,13)
(24,14)
(20,5)
(22,0)
(46,0)
(52,12)
(27,8)
(70,2)
(53,17)
(50,2)
(2,4)
(29,12)
(44,1)
(20,12)
(72,10)
(12,19)
(27,18)
(64,3)
(59,10)
(57,1)
(19,13)
(29,14)
(34,5)
(1,17)
(36,13)
(60,16)
(31,18)
(46,10)
(7,12)
(21,11)
(5,0)
(1,16)
(4,12)
(35,12)
(11,8)
(17,11)
(37,18)
(51,16)
(60,0)
(60,19)
(30,18)
(67,4)
(45,0)
(16,7)
(50,18)
(37,8)
(28,13)
(46,3)
(64,0)
(25,7)
(27,1)
(16,2)
(46,10)
(24,17)
(44,2)
(19,3)
(45,8)
(41,17)
(30,4)
(1,7)
(40,2)
(59,16)
(40,0)
(72,12)
(15,16)
(61,6)
(49,0)
(68,8)
(66,11)
(48,12)
(34,12)
(26,7)
(64,0)
(11,16)
(36,12)
(3,4)
(49,12)
(18,7)
(50,11)
(14,4)
(39,0)
(62,6)
(31,16)
(7,5)
(58,6)
(17,0)
(22,18)
(7,8)
(27,11)
(59,16)
(30,19)
(66,17)
(48,1)
(6,16)
(53,3)
(67,0)
(31,17)
(22,4)
(38,19)
(27,1)
(38,0)
(30,8)
(54,14)
(50,12)
(65,16)
(48,9)
(58,0)
(10,6)
(33,0)
(70,13)
(12,19)
(65,19)
(31,19)
(48,11)
(54,8)
(0,16)
(55,14)
(54,12)
(64,8)
(2,16)
(45,19)
(32,13)
(31,0)
(69,17)
(13,16)
(71,4)
(71,4)
(44,14)
(35,16)
(30,7)
(15,6)
(12,8)
(63,19)
(7,7)
(41,14)
(43,4)
(25,1)
(63,7)
(51,13)
(40,11)
(6,9)
(16,5)
(6,0)
(28,12)
(34,19)
(13,8)
(43,2)
(6,9)
(12,13)
(71,6)
(28,2)
(42,9)
(44,0)
(12,0)
(11,19)
(54,9)
(1,4)
(56,18)
(13,13)
(27,14)
(21,4)
(47,6)
(40,16)
(12,1)
(1,18)
(55,6)
(31,17)
(12,12)
(5,15)
(11,18)
(51,17)
(12,12)
(16,10)
(36,14)
(56,14)
(14,12)
(12,13)
(49,19)
(12,9)
(10,3)
(15,7)
(60,17)
(0,17)
(63,9)
(64,1)
(22,5)
(5,0)
(11,0)
(61,10)
(6,9)
(45,4)
(57,7)
(22,1)
(35,19)
(35,2)
(60,15)
(55,2)
(20,6)
(66,16)
(49,9)
(29,12)
(64,1)
(38,0)
(60,17)
(52,2)
(45,7)
(21,18)
(49,2)
(28,6)
(53,12)
(22,18)
(53,18)
(16,10)
(47,3)
(20,17)
(17,0)
(47,2)
(54,6)
(59,17)
(53,11)
(51,18)
(56,8)
(33,7)
(70,5)
(60,18)
(56,7)
(42,10)
(20,18)
(26,14)
(70,7)
(37,14)
(44,0)
(41,17)
(12,1)
(68,13)
(50,10)
(21,8)
(66,11)
(56,7)
(70,19)
(72,6)
(28,0)
(39,12)
(27,8)
(0,0)
(11,18)
(39,18)
(48,7)
(27,11)
(39,3)
(57,2)
(7,1)
(1,1)
(13,18)
(24,11)
(53,2)
(64,10)
(23,14)
(31,8)
(70,3)
(5,13)
(10,3)
(1,5)
(67,14)
(19,6)
(29,15)
(29,16)
(72,1)
(33,5)
(24,0)
(8,3)
(20,12)
(19,8)
(58,11)
(36,9)
(20,16)
(9,16)
(1,8)
(40,14)
(67,3)
(22,3)
(19,2)
(39,17)
(9,5)
(0,8)
(72,2)
(62,19)
(65,6)
(41,6)
(67,2)
(72,14)
(28,8)
(12,3)
(23,17)
(55,5)
(2,15)
(35,5)
(35,12)
(20,1)
(66,4)
(45,14)
(25,11)
(47,8)
(2,9)
(23,3)
(72,4)
(2,8)
(39,8)
(43,8)
(58,7)
(37,6)
(22,3)
(2,13)
(1,0)
(65,9)
(40,1)
(63,0)
(31,3)
(48,3)
(56,0)
(0,11)
(37,17)
(9,0)
(30,1)
(28,10)
(28,19)
(70,10)
(32,14)
(47,15)
(35,4)
(56,3)
(10,4)
(44,12)
(21,1)
(11,6)
(34,0)
(36,7)
(30,1)
(30,10)
(9,13)
(36,1)
(65,13)
(48,11)
(67,17)
(56,17)
(36,6)
(23,13)
(22,11)
(30,3)
(50,1)
(18,6)
(52,15)
(60,9)
(28,6)
(28,6)
(29,12)
(69,8)
(39,14)
(46,8)
(35,12)
(61,2)
(44,19)
(24,6)
(18,9)
(30,14)
(20,7)
(26,10)
(29,0)
(54,15)
(4,8)
(18,0)
(44,15)
(24,10)
(36,7)
(71,8)
(58,6)
(33,1)
(70,0)
(34,11)
(29,12)
(25,2)
(9,1)
(60,5)
(12,0)
(21,4)
(36,7)
(13,12)
(10,3)
(63,0)
(0,8)
(42,0)
(4,1)
(28,8)
(9,9)
(2,11)
(58,6)
(33,14)
(7,0)
(29,1)
(18,17)
(24,2)
(56,3)
(18,1)
(28,0)
(57,6)
(68,6)
(64,3)
(2,4)
(52,11)
(25,10)
(1,10)
(7,0)
(28,2)
(24,11)
(15,13)
(33,7)
(27,17)
(7,0)
(15,9)
(0,9)
(37,6)
(0,7)
(55,0)
(53,12)
(5,2)
(11,13)
(57,1)
(34,18)
(19,12)
(67,2)
(62,11)
(21,3)
(43,2)
(0,3)
(54,1)
(14,12)
(56,12)
(38,9)
(0,11)
(0,2)
(67,11)
(5,1)
(20,17)
(8,1)
(41,4)
(29,15)
(45,7)
(46,3)
(47,12)
(56,9)
(54,15)
(29,8)
(52,9)
(40,4)
(61,11)
(55,10)
(39,14)
(48,18)
(9,2)
(49,17)
(52,4)
(25,13)
(31,9)
(8,8)
(27,0)
(49,16)
(37,1)
(64,8)
(56,11)
(47,4)
(2,2)
(11,2)
(32,11)
(66,1)
(37,4)
(50,12)
(4,15)
(9,0)
(68,12)
(3,0)
(22,17)
(45,8)
(11,18)
(70,4)
(34,0)
(32,14)
(16,11)
(39,4)
(36,1)
(68,16)
(22,8)
(13,1)
(56,18)
(18,4)
(56,18)
(41,13)
(0,0)
(11,2)
(46,11)
(31,9)
(58,2)
(40,7)
(19,0)
(8,0)
(7,9)
(10,8)
(40,0)
(27,2)
(69,11)
(54,4)
(63,1)
(6,8)
(53,13)
(71,8)
(66,3)
(4,5)
(31,3)
(9,3)
(18,17)
(49,13)
(35,7)
(9,6)
(42,7)
(14,2)
(48,17)
(70,0)
(67,10)
(47,15)
(39,10)
(41,6)
(33,3)
(11,3)
(36,19)
(17,1)
(25,10)
(8,13)
(25,10)
(65,0)
(36,11)
(54,13)
(60,4)
(34,13)
(48,15)
(66,11)
(28,10)
(45,6)
(38,2)
(6,0)
(63,10)
(25,9)
(31,5)
(23,5)
(69,0)
(35,7)
(0,2)
(37,9)
(9,11)
(11,7)
(10,3)
(42,2)
(54,4)
(11,6)
(66,4)
(2,18)
(28,16)
(48,17)
(9,0)
(68,2)
(43,18)
(32,14)
(61,8)
(4,18)
(55,0)
(12,11)
(22,2)
(72,5)
(52,10)
(71,0)
(56,12)
(38,5)
(2,19)
(22,19)
(45,9)
(71,7)
(72,19)
(62,1)
(34,3)
(52,1)
(52,1)
(32,9)
(9,7)
(59,7)
(56,19)
(41,2)
(62,3)
(10,17)
(54,7)
(58,4)
(47,2)
(29,6)
(39,5)
(14,2)
(47,0)
(40,15)
(51,11)
(20,4)
(41,0)
(38,2)
(11,0)
(70,2)
(60,3)
(10,8)
(17,9)
(67,18)
(29,2)
(10,19)
(25,17)
(33,13)
(39,11)
(5,0)
(69,5)
(9,18)
(20,0)
(28,13)
(65,6)
(38,16)
(10,5)
(72,11)
(72,2)
(26,12)
(10,10)
(35,14)
(42,5)
(48,9)
(6,14)
(38,11)
(7,7)
(12,19)
(65,12)
(71,17)
(53,14)
(7,10)
(12,0)
(57,19)
(18,9)
(58,14)
(6,4)
(66,2)
(48,5)
(16,7)
(18,2)
(38,0)
(67,0)
(31,11)
(7,13)
(55,8)
(63,5)
(19,16)
(37,8)
(48,16)
(58,3)
(25,3)
(41,2)
(52,12)
(10,0)
(27,7)
(34,4)
(8,9)
(2,13)
(50,8)
(31,12)
(69,2)
(33,4)
(66,10)
(28,9)
(69,5)
(41,9)
(16,3)
(37,17)
(49,17)
(58,16)
(35,0)
(25,8)
(27,0)
(14,18)
(9,0)
(9,14)
(7,18)
(32,14)
(22,16)
(31,6)
(6,18)
(42,16)
(66,1)
(42,18)
(35,0)
(36,10)
(46,8)
(65,7)
(35,2)
(25,18)
(15,0)
(70,16)
(45,4)
(42,5)
(62,8)
(39,9)
(51,1)
(55,2)
(13,14)
(63,11)
(69,1)
(11,8)
(42,14)
(29,2)
(43,0)
(10,1)
(20,17)
(4,17)
(40,9)
(11,10)
(69,9)
(14,19)
(68,10)
(7,0)
(17,0)
(69,8)
(60,17)
(11,17)
(59,15)
(64,0)
(27,2)
(6,1)
(38,18)
(68,15)
(12,6)
(26,0)
(71,7)
(19,0)
(67,8)
(72,15)
(71,16)
(9,12)
(19,13)
(30,13)
(26,3)
(56,2)
(60,3)
(72,17)
(43,8)
(22,12)
(59,4)
(22,2)
(63,9)
(52,11)
(22,13)
(41,8)
(58,6)
(16,3)
(72,8)
(71,12)
(31,9)
(66,6)
(50,1)
(33,11)
(66,9)
(33,11)
0.popular= 0.094222
1.popular= 0.072000
2.popular= 0.066667
3.popular= 0.061333
4.popular= 0.052889
5.popular= 0.040444
6.popular= 0.049778
7.popular= 0.048000
8.popular= 0.055556
9.popular= 0.047556
10.popular= 0.047111
11.popular= 0.049778
12.popular= 0.047556
13.popular= 0.042222
14.popular= 0.042667
15.popular= 0.031111
16.popular= 0.035556
17.popular= 0.046222
18.popular= 0.036000
19.popular= 0.033333

peer 0 neighbors is: 50, 2, 15, 4, 66, 63, 22, 44, 18, 47, 5, 8, 11, 
peer 1 neighbors is: 35, 29, 51, 52, 39, 55, 38, 56, 24, 53, 7, 10, 15, 62, 
peer 2 neighbors is: 0, 22, 31, 45, 26, 28, 14, 70, 18, 39, 21, 
peer 3 neighbors is: 6, 7, 53, 48, 37, 24, 17, 44, 61, 47, 14, 20, 
peer 4 neighbors is: 0, 71, 70, 38, 13, 64, 43, 40, 52, 26, 5, 10, 12, 
peer 5 neighbors is: 21, 0, 29, 59, 63, 7, 25, 31, 50, 4, 15, 
peer 6 neighbors is: 3, 44, 9, 22, 35, 36, 59, 27, 41, 24, 
peer 7 neighbors is: 3, 5, 59, 55, 68, 1, 66, 36, 48, 9, 12, 
peer 8 neighbors is: 27, 24, 21, 46, 29, 13, 35, 42, 0, 9, 32, 
peer 9 neighbors is: 6, 7, 8, 59, 65, 64, 31, 38, 52, 54, 14, 
peer 10 neighbors is: 19, 61, 36, 63, 21, 1, 22, 48, 4, 46, 18, 20, 
peer 11 neighbors is: 13, 70, 38, 18, 16, 0, 48, 45, 21, 34, 12, 17, 
peer 12 neighbors is: 59, 7, 38, 46, 11, 14, 16, 49, 27, 4, 
peer 13 neighbors is: 4, 8, 11, 28, 43, 14, 36, 51, 49, 25, 16, 
peer 14 neighbors is: 2, 12, 13, 27, 54, 19, 3, 34, 29, 9, 17, 22, 
peer 15 neighbors is: 0, 28, 65, 37, 66, 27, 58, 5, 1, 34, 18, 20, 
peer 16 neighbors is: 11, 12, 48, 63, 43, 13, 68, 18, 30, 36, 
peer 17 neighbors is: 3, 31, 67, 21, 14, 46, 23, 61, 45, 11, 60, 
peer 18 neighbors is: 0, 2, 11, 16, 34, 15, 46, 49, 10, 44, 
peer 19 neighbors is: 10, 14, 50, 67, 69, 38, 48, 71, 64, 61, 20, 
peer 20 neighbors is: 3, 10, 51, 15, 35, 55, 19, 71, 33, 32, 
peer 21 neighbors is: 5, 8, 10, 11, 17, 2, 34, 29, 66, 54, 22, 57, 
peer 22 neighbors is: 0, 2, 6, 10, 65, 63, 48, 56, 21, 14, 
peer 23 neighbors is: 17, 62, 
peer 24 neighbors is: 1, 3, 6, 8, 30, 
peer 25 neighbors is: 5, 13, 
peer 26 neighbors is: 2, 4, 
peer 27 neighbors is: 6, 8, 12, 14, 15, 
peer 28 neighbors is: 2, 13, 15, 
peer 29 neighbors is: 1, 5, 8, 14, 21, 
peer 30 neighbors is: 16, 24, 
peer 31 neighbors is: 2, 5, 9, 17, 
peer 32 neighbors is: 20, 8, 
peer 33 neighbors is: 20, 71, 42, 
peer 34 neighbors is: 11, 14, 15, 18, 21, 
peer 35 neighbors is: 1, 6, 8, 20, 
peer 36 neighbors is: 6, 7, 10, 13, 16, 
peer 37 neighbors is: 3, 15, 
peer 38 neighbors is: 1, 4, 9, 11, 12, 19, 
peer 39 neighbors is: 1, 2, 72, 
peer 40 neighbors is: 4, 72, 
peer 41 neighbors is: 6, 58, 
peer 42 neighbors is: 8, 33, 
peer 43 neighbors is: 4, 13, 16, 
peer 44 neighbors is: 0, 3, 6, 18, 
peer 45 neighbors is: 2, 11, 17, 
peer 46 neighbors is: 8, 10, 12, 17, 18, 
peer 47 neighbors is: 0, 3, 
peer 48 neighbors is: 3, 7, 10, 11, 16, 19, 22, 
peer 49 neighbors is: 12, 13, 18, 
peer 50 neighbors is: 0, 5, 19, 
peer 51 neighbors is: 1, 13, 20, 
peer 52 neighbors is: 1, 4, 9, 
peer 53 neighbors is: 1, 3, 60, 
peer 54 neighbors is: 9, 14, 21, 
peer 55 neighbors is: 1, 7, 20, 
peer 56 neighbors is: 1, 22, 
peer 57 neighbors is: 21, 69, 
peer 58 neighbors is: 15, 41, 
peer 59 neighbors is: 5, 6, 7, 9, 12, 
peer 60 neighbors is: 17, 53, 
peer 61 neighbors is: 3, 10, 17, 19, 
peer 62 neighbors is: 23, 1, 
peer 63 neighbors is: 0, 5, 10, 16, 22, 
peer 64 neighbors is: 4, 9, 19, 
peer 65 neighbors is: 9, 15, 22, 
peer 66 neighbors is: 0, 7, 15, 21, 
peer 67 neighbors is: 17, 19, 
peer 68 neighbors is: 7, 16, 
peer 69 neighbors is: 19, 57, 
peer 70 neighbors is: 2, 4, 11, 
peer 71 neighbors is: 4, 19, 20, 33, 
peer 72 neighbors is: 40, 39, 

